1.3889 	WARNING 	We strongly recommend you activate the PTB sound engine in PsychoPy prefs as the preferred audio engine. Its timing is vastly superior. Your prefs are currently set to use ['sounddevice', 'PTB', 'pyo', 'pygame'] (in that order).
8.5735 	EXP 	Created window1 = Window(allowGUI=False, allowStencil=False, args=UNKNOWN, autoLog=True, bitsMode=UNKNOWN, blendMode='avg', bpc=(8, 8, 8), color=array([0., 0., 0.]), colorSpace='rgb', depthBits=8, fullscr=<method-wrapper '__getattribute__' of attributeSetter object at 0x0000019EE1DFE4E0>, gamma=None, gammaErrorPolicy='raise', kwargs=UNKNOWN, lms=UNKNOWN, monitor=<psychopy.monitors.calibTools.Monitor object at 0x0000019EE1D17518>, multiSample=False, name='window1', numSamples=2, pos=[0.0, 0.0], screen=0, size=array([1920, 1080]), stencilBits=0, stereo=False, units='height', useFBO=True, useRetina=False, viewOri=0.0, viewPos=None, viewScale=None, waitBlanking=True, winType='pyglet')
8.5738 	EXP 	window1: mouseVisible = True
8.5738 	EXP 	window1: recordFrameIntervals = False
8.7394 	EXP 	window1: recordFrameIntervals = True
8.9226 	EXP 	window1: recordFrameIntervals = False
9.1760 	EXP 	Created Welcome = TextStim(__class__=<class 'psychopy.visual.text.TextStim'>, alignHoriz=method-wrapper(...), alignText='center', alignVert=method-wrapper(...), anchorHoriz='center', anchorVert='center', antialias=True, autoLog=True, bold=False, color='white', colorSpace='named', contrast=1.0, depth=0.0, flipHoriz=False, flipVert=False, font='Arial', fontFiles=[], height=0.04, italic=False, languageStyle='LTR', name='Welcome', opacity=1.0, ori=0, pos=array([0., 0.]), rgb=array([255., 255., 255.]), text=str(...), units='height', win=Window(...), wrapWidth=1)
9.1761 	EXP 	window1: mouseVisible = True
9.1838 	EXP 	Created text = TextStim(__class__=<class 'psychopy.visual.text.TextStim'>, alignHoriz=method-wrapper(...), alignText='center', alignVert=method-wrapper(...), anchorHoriz='center', anchorVert='center', antialias=True, autoLog=True, bold=False, color='white', colorSpace='named', contrast=1.0, depth=0.0, flipHoriz=False, flipVert=False, font='Arial', fontFiles=[], height=0.04, italic=False, languageStyle='LTR', name='text', opacity=1.0, ori=0, pos=array([0., 0.]), rgb=array([255., 255., 255.]), text=str(...), units='height', win=Window(...), wrapWidth=1)
9.1839 	EXP 	window1: mouseVisible = True
9.1894 	EXP 	Created demo_enclosing_1 = Polygon(__class__=<class 'psychopy.visual.polygon.Polygon'>, autoDraw=False, autoLog=True, closeShape=True, color=method-wrapper(...), colorSpace=None, contrast=1.0, depth=-1.0, fillColor=array([0., 0., 0.]), fillColorSpace='rgb', fillRGB=array([0., 0., 0.]), interpolate=True, lineColor=array([-1., -1., -1.]), lineColorSpace='rgb', lineRGB=array([-1., -1., -1.]), lineWidth=1, name='demo_enclosing_1', opacity=1.0, ori=array(0.), pos=array([0., 0.]), size=array([0.9, 0.9]), units='height', vertices=ndarray(...), win=Window(...))
9.1928 	EXP 	Created demo_enclosing = Polygon(__class__=<class 'psychopy.visual.polygon.Polygon'>, autoDraw=False, autoLog=True, closeShape=True, color=method-wrapper(...), colorSpace=None, contrast=1.0, depth=-2.0, fillColor=array([0., 0., 0.]), fillColorSpace='rgb', fillRGB=array([0., 0., 0.]), interpolate=True, lineColor=array([-1., -1., -1.]), lineColorSpace='rgb', lineRGB=array([-1., -1., -1.]), lineWidth=1, name='demo_enclosing', opacity=1.0, ori=array(0.), pos=array([0., 0.]), size=array([0.8, 0.8]), units='height', vertices=ndarray(...), win=Window(...))
9.1941 	EXP 	Created demo_target = ShapeStim(__class__=<class 'psychopy.visual.shape.ShapeStim'>, autoDraw=False, autoLog=True, closeShape=True, contrast=1.0, depth=-3.0, fillColor=array([1., 1., 1.]), fillColorSpace='rgb', interpolate=True, lineColor=array([1., 1., 1.]), lineColorSpace='rgb', lineWidth=1, name='demo_target', opacity=1.0, ori=array(45.), pos=array([0., 0.]), size=array([0.05, 0.05]), units='height', vertices=ndarray(...), win=Window(...), windingRule=None)
9.1959 	EXP 	Created demo_fixation = Polygon(__class__=<class 'psychopy.visual.polygon.Polygon'>, autoDraw=False, autoLog=True, closeShape=True, color=method-wrapper(...), colorSpace=None, contrast=1.0, depth=-4.0, fillColor=array([1., 0., 0.]), fillColorSpace='rgb', fillRGB=array([1., 0., 0.]), interpolate=True, lineColor=array([1., 0., 0.]), lineColorSpace='rgb', lineRGB=array([1., 0., 0.]), lineWidth=1, name='demo_fixation', opacity=1.0, ori=array(0.), pos=array([0., 0.]), size=array([0.025, 0.025]), units='height', vertices=ndarray(...), win=Window(...))
9.1960 	EXP 	window1: mouseVisible = True
9.2002 	EXP 	Created demo_enclosing_feedback_1 = Polygon(__class__=<class 'psychopy.visual.polygon.Polygon'>, autoDraw=False, autoLog=True, closeShape=True, color=method-wrapper(...), colorSpace=None, contrast=1.0, depth=0.0, fillColor=array([0., 0., 0.]), fillColorSpace='rgb', fillRGB=array([0., 0., 0.]), interpolate=True, lineColor=array([-1., -1., -1.]), lineColorSpace='rgb', lineRGB=array([-1., -1., -1.]), lineWidth=1, name='demo_enclosing_feedback_1', opacity=1.0, ori=array(0.), pos=array([0., 0.]), size=array([0.9, 0.9]), units='height', vertices=ndarray(...), win=Window(...))
9.2032 	EXP 	Created demo_enclosing_feedback = Polygon(__class__=<class 'psychopy.visual.polygon.Polygon'>, autoDraw=False, autoLog=True, closeShape=True, color=method-wrapper(...), colorSpace=None, contrast=1.0, depth=-1.0, fillColor=array([0., 0., 0.]), fillColorSpace='rgb', fillRGB=array([0., 0., 0.]), interpolate=True, lineColor=array([-1., -1., -1.]), lineColorSpace='rgb', lineRGB=array([-1., -1., -1.]), lineWidth=1, name='demo_enclosing_feedback', opacity=1.0, ori=array(0.), pos=array([0., 0.]), size=array([0.8, 0.8]), units='height', vertices=ndarray(...), win=Window(...))
9.2045 	EXP 	Created demo_target_feedback = ShapeStim(__class__=<class 'psychopy.visual.shape.ShapeStim'>, autoDraw=False, autoLog=True, closeShape=True, contrast=1.0, depth=-2.0, fillColor=array([1., 1., 1.]), fillColorSpace='rgb', interpolate=True, lineColor=array([1., 1., 1.]), lineColorSpace='rgb', lineWidth=1, name='demo_target_feedback', opacity=1.0, ori=array(45.), pos=array([0., 0.]), size=array([0.05, 0.05]), units='height', vertices=ndarray(...), win=Window(...), windingRule=None)
9.2062 	EXP 	Created demo_fixation_feedback = Polygon(__class__=<class 'psychopy.visual.polygon.Polygon'>, autoDraw=False, autoLog=True, closeShape=True, color=method-wrapper(...), colorSpace=None, contrast=1.0, depth=-3.0, fillColor=array([1., 0., 0.]), fillColorSpace='rgb', fillRGB=array([1., 0., 0.]), interpolate=True, lineColor=array([1., 0., 0.]), lineColorSpace='rgb', lineRGB=array([1., 0., 0.]), lineWidth=1, name='demo_fixation_feedback', opacity=1.0, ori=array(0.), pos=array([0., 0.]), size=array([0.025, 0.025]), units='height', vertices=ndarray(...), win=Window(...))
9.2097 	EXP 	Created demo_score_text = TextStim(__class__=<class 'psychopy.visual.text.TextStim'>, alignHoriz=method-wrapper(...), alignText='center', alignVert=method-wrapper(...), anchorHoriz='center', anchorVert='center', antialias=True, autoLog=True, bold=False, color='green', colorSpace='named', contrast=1.0, depth=-5.0, flipHoriz=False, flipVert=False, font='Arial', fontFiles=[], height=0.04, italic=False, languageStyle='LTR', name='demo_score_text', opacity=1.0, ori=0, pos=array([0., 0.]), rgb=array([  0., 128.,   0.]), text='default text', units='height', win=Window(...), wrapWidth=1)
9.2237 	EXP 	Created text_3 = TextStim(__class__=<class 'psychopy.visual.text.TextStim'>, alignHoriz=method-wrapper(...), alignText='center', alignVert=method-wrapper(...), anchorHoriz='center', anchorVert='center', antialias=True, autoLog=True, bold=False, color='white', colorSpace='named', contrast=1.0, depth=0.0, flipHoriz=False, flipVert=False, font='Arial', fontFiles=[], height=0.04, italic=False, languageStyle='LTR', name='text_3', opacity=1.0, ori=0, pos=array([0., 0.]), rgb=array([255., 255., 255.]), text=str(...), units='height', win=Window(...), wrapWidth=1)
9.2238 	EXP 	window1: mouseVisible = True
9.2286 	EXP 	Created baseline_enclosing_1 = Polygon(__class__=<class 'psychopy.visual.polygon.Polygon'>, autoDraw=False, autoLog=True, closeShape=True, color=method-wrapper(...), colorSpace=None, contrast=1.0, depth=0.0, fillColor=array([0., 0., 0.]), fillColorSpace='rgb', fillRGB=array([0., 0., 0.]), interpolate=True, lineColor=array([-1., -1., -1.]), lineColorSpace='rgb', lineRGB=array([-1., -1., -1.]), lineWidth=1, name='baseline_enclosing_1', opacity=1.0, ori=array(0.), pos=array([0., 0.]), size=array([0.9, 0.9]), units='height', vertices=ndarray(...), win=Window(...))
9.2329 	EXP 	Created baseline_enclosing = Polygon(__class__=<class 'psychopy.visual.polygon.Polygon'>, autoDraw=False, autoLog=True, closeShape=True, color=method-wrapper(...), colorSpace=None, contrast=1.0, depth=-1.0, fillColor=array([0., 0., 0.]), fillColorSpace='rgb', fillRGB=array([0., 0., 0.]), interpolate=True, lineColor=array([-1., -1., -1.]), lineColorSpace='rgb', lineRGB=array([-1., -1., -1.]), lineWidth=1, name='baseline_enclosing', opacity=1.0, ori=array(0.), pos=array([0., 0.]), size=array([0.8, 0.8]), units='height', vertices=ndarray(...), win=Window(...))
9.2344 	EXP 	Created baseline_target = ShapeStim(__class__=<class 'psychopy.visual.shape.ShapeStim'>, autoDraw=False, autoLog=True, closeShape=True, contrast=1.0, depth=-2.0, fillColor=array([1., 1., 1.]), fillColorSpace='rgb', interpolate=True, lineColor=array([1., 1., 1.]), lineColorSpace='rgb', lineWidth=1, name='baseline_target', opacity=1.0, ori=array(45.), pos=array([0., 0.]), size=array([0.05, 0.05]), units='height', vertices=ndarray(...), win=Window(...), windingRule=None)
9.2364 	EXP 	Created baseline_fixation = Polygon(__class__=<class 'psychopy.visual.polygon.Polygon'>, autoDraw=False, autoLog=True, closeShape=True, color=method-wrapper(...), colorSpace=None, contrast=1.0, depth=-3.0, fillColor=array([1., 0., 0.]), fillColorSpace='rgb', fillRGB=array([1., 0., 0.]), interpolate=True, lineColor=array([1., 0., 0.]), lineColorSpace='rgb', lineRGB=array([1., 0., 0.]), lineWidth=1, name='baseline_fixation', opacity=1.0, ori=array(0.), pos=array([0., 0.]), size=array([0.025, 0.025]), units='height', vertices=ndarray(...), win=Window(...))
9.2365 	EXP 	window1: mouseVisible = True
9.2407 	EXP 	Created baseline_enclosing_feedback_1 = Polygon(__class__=<class 'psychopy.visual.polygon.Polygon'>, autoDraw=False, autoLog=True, closeShape=True, color=method-wrapper(...), colorSpace=None, contrast=1.0, depth=0.0, fillColor=array([0., 0., 0.]), fillColorSpace='rgb', fillRGB=array([0., 0., 0.]), interpolate=True, lineColor=array([-1., -1., -1.]), lineColorSpace='rgb', lineRGB=array([-1., -1., -1.]), lineWidth=1, name='baseline_enclosing_feedback_1', opacity=1.0, ori=array(0.), pos=array([0., 0.]), size=array([0.9, 0.9]), units='height', vertices=ndarray(...), win=Window(...))
9.2454 	EXP 	Created baseline_enclosing_feedback = Polygon(__class__=<class 'psychopy.visual.polygon.Polygon'>, autoDraw=False, autoLog=True, closeShape=True, color=method-wrapper(...), colorSpace=None, contrast=1.0, depth=-1.0, fillColor=array([0., 0., 0.]), fillColorSpace='rgb', fillRGB=array([0., 0., 0.]), interpolate=True, lineColor=array([-1., -1., -1.]), lineColorSpace='rgb', lineRGB=array([-1., -1., -1.]), lineWidth=1, name='baseline_enclosing_feedback', opacity=1.0, ori=array(0.), pos=array([0., 0.]), size=array([0.8, 0.8]), units='height', vertices=ndarray(...), win=Window(...))
9.2468 	EXP 	Created baseline_target_feedback = ShapeStim(__class__=<class 'psychopy.visual.shape.ShapeStim'>, autoDraw=False, autoLog=True, closeShape=True, contrast=1.0, depth=-2.0, fillColor=array([1., 1., 1.]), fillColorSpace='rgb', interpolate=True, lineColor=array([1., 1., 1.]), lineColorSpace='rgb', lineWidth=1, name='baseline_target_feedback', opacity=1.0, ori=array(45.), pos=array([0., 0.]), size=array([0.05, 0.05]), units='height', vertices=ndarray(...), win=Window(...), windingRule=None)
9.2504 	EXP 	Created baseline_fixation_feedback = Polygon(__class__=<class 'psychopy.visual.polygon.Polygon'>, autoDraw=False, autoLog=True, closeShape=True, color=method-wrapper(...), colorSpace=None, contrast=1.0, depth=-3.0, fillColor=array([1., 0., 0.]), fillColorSpace='rgb', fillRGB=array([1., 0., 0.]), interpolate=True, lineColor=array([1., 0., 0.]), lineColorSpace='rgb', lineRGB=array([1., 0., 0.]), lineWidth=1, name='baseline_fixation_feedback', opacity=1.0, ori=array(0.), pos=array([0., 0.]), size=array([0.025, 0.025]), units='height', vertices=ndarray(...), win=Window(...))
9.2549 	EXP 	Created baseline_score_text = TextStim(__class__=<class 'psychopy.visual.text.TextStim'>, alignHoriz=method-wrapper(...), alignText='center', alignVert=method-wrapper(...), anchorHoriz='center', anchorVert='center', antialias=True, autoLog=True, bold=False, color='green', colorSpace='named', contrast=1.0, depth=-5.0, flipHoriz=False, flipVert=False, font='Arial', fontFiles=[], height=0.04, italic=False, languageStyle='LTR', name='baseline_score_text', opacity=1.0, ori=0, pos=array([0., 0.]), rgb=array([  0., 128.,   0.]), text='default text', units='height', win=Window(...), wrapWidth=1)
9.2677 	EXP 	Created text_2 = TextStim(__class__=<class 'psychopy.visual.text.TextStim'>, alignHoriz=method-wrapper(...), alignText='center', alignVert=method-wrapper(...), anchorHoriz='center', anchorVert='center', antialias=True, autoLog=True, bold=False, color='white', colorSpace='named', contrast=1.0, depth=0.0, flipHoriz=False, flipVert=False, font='Arial', fontFiles=[], height=0.04, italic=False, languageStyle='LTR', name='text_2', opacity=1.0, ori=0, pos=array([0., 0.]), rgb=array([255., 255., 255.]), text=str(...), units='height', win=Window(...), wrapWidth=1)
9.2678 	EXP 	window1: mouseVisible = True
9.2727 	EXP 	Created rotated_enclosing_1 = Polygon(__class__=<class 'psychopy.visual.polygon.Polygon'>, autoDraw=False, autoLog=True, closeShape=True, color=method-wrapper(...), colorSpace=None, contrast=1.0, depth=0.0, fillColor=array([0., 0., 0.]), fillColorSpace='rgb', fillRGB=array([0., 0., 0.]), interpolate=True, lineColor=array([-1., -1., -1.]), lineColorSpace='rgb', lineRGB=array([-1., -1., -1.]), lineWidth=1, name='rotated_enclosing_1', opacity=1.0, ori=array(0.), pos=array([0., 0.]), size=array([0.9, 0.9]), units='height', vertices=ndarray(...), win=Window(...))
9.2768 	EXP 	Created rotated_enclosing = Polygon(__class__=<class 'psychopy.visual.polygon.Polygon'>, autoDraw=False, autoLog=True, closeShape=True, color=method-wrapper(...), colorSpace=None, contrast=1.0, depth=-1.0, fillColor=array([0., 0., 0.]), fillColorSpace='rgb', fillRGB=array([0., 0., 0.]), interpolate=True, lineColor=array([-1., -1., -1.]), lineColorSpace='rgb', lineRGB=array([-1., -1., -1.]), lineWidth=1, name='rotated_enclosing', opacity=1.0, ori=array(0.), pos=array([0., 0.]), size=array([0.8, 0.8]), units='height', vertices=ndarray(...), win=Window(...))
9.2781 	EXP 	Created rotated_target = ShapeStim(__class__=<class 'psychopy.visual.shape.ShapeStim'>, autoDraw=False, autoLog=True, closeShape=True, contrast=1.0, depth=-2.0, fillColor=array([1., 1., 1.]), fillColorSpace='rgb', interpolate=True, lineColor=array([1., 1., 1.]), lineColorSpace='rgb', lineWidth=1, name='rotated_target', opacity=1.0, ori=array(45.), pos=array([0., 0.]), size=array([0.05, 0.05]), units='height', vertices=ndarray(...), win=Window(...), windingRule=None)
9.2799 	EXP 	Created rotated_fixation = Polygon(__class__=<class 'psychopy.visual.polygon.Polygon'>, autoDraw=False, autoLog=True, closeShape=True, color=method-wrapper(...), colorSpace=None, contrast=1.0, depth=-3.0, fillColor=array([1., 0., 0.]), fillColorSpace='rgb', fillRGB=array([1., 0., 0.]), interpolate=True, lineColor=array([1., 0., 0.]), lineColorSpace='rgb', lineRGB=array([1., 0., 0.]), lineWidth=1, name='rotated_fixation', opacity=1.0, ori=array(0.), pos=array([0., 0.]), size=array([0.025, 0.025]), units='height', vertices=ndarray(...), win=Window(...))
9.2799 	EXP 	window1: mouseVisible = True
9.2841 	EXP 	Created rotated_enclosing_feedback_1 = Polygon(__class__=<class 'psychopy.visual.polygon.Polygon'>, autoDraw=False, autoLog=True, closeShape=True, color=method-wrapper(...), colorSpace=None, contrast=1.0, depth=0.0, fillColor=array([0., 0., 0.]), fillColorSpace='rgb', fillRGB=array([0., 0., 0.]), interpolate=True, lineColor=array([-1., -1., -1.]), lineColorSpace='rgb', lineRGB=array([-1., -1., -1.]), lineWidth=1, name='rotated_enclosing_feedback_1', opacity=1.0, ori=array(0.), pos=array([0., 0.]), size=array([0.9, 0.9]), units='height', vertices=ndarray(...), win=Window(...))
9.2882 	EXP 	Created rotated_enclosing_feedback = Polygon(__class__=<class 'psychopy.visual.polygon.Polygon'>, autoDraw=False, autoLog=True, closeShape=True, color=method-wrapper(...), colorSpace=None, contrast=1.0, depth=-1.0, fillColor=array([0., 0., 0.]), fillColorSpace='rgb', fillRGB=array([0., 0., 0.]), interpolate=True, lineColor=array([-1., -1., -1.]), lineColorSpace='rgb', lineRGB=array([-1., -1., -1.]), lineWidth=1, name='rotated_enclosing_feedback', opacity=1.0, ori=array(0.), pos=array([0., 0.]), size=array([0.8, 0.8]), units='height', vertices=ndarray(...), win=Window(...))
9.2898 	EXP 	Created rotated_target_feedback = ShapeStim(__class__=<class 'psychopy.visual.shape.ShapeStim'>, autoDraw=False, autoLog=True, closeShape=True, contrast=1.0, depth=-2.0, fillColor=array([1., 1., 1.]), fillColorSpace='rgb', interpolate=True, lineColor=array([1., 1., 1.]), lineColorSpace='rgb', lineWidth=1, name='rotated_target_feedback', opacity=1.0, ori=array(45.), pos=array([0., 0.]), size=array([0.05, 0.05]), units='height', vertices=ndarray(...), win=Window(...), windingRule=None)
9.2918 	EXP 	Created rotated_fixation_feedback = Polygon(__class__=<class 'psychopy.visual.polygon.Polygon'>, autoDraw=False, autoLog=True, closeShape=True, color=method-wrapper(...), colorSpace=None, contrast=1.0, depth=-3.0, fillColor=array([1., 0., 0.]), fillColorSpace='rgb', fillRGB=array([1., 0., 0.]), interpolate=True, lineColor=array([1., 0., 0.]), lineColorSpace='rgb', lineRGB=array([1., 0., 0.]), lineWidth=1, name='rotated_fixation_feedback', opacity=1.0, ori=array(0.), pos=array([0., 0.]), size=array([0.025, 0.025]), units='height', vertices=ndarray(...), win=Window(...))
9.2946 	EXP 	Created rotated_score_text = TextStim(__class__=<class 'psychopy.visual.text.TextStim'>, alignHoriz=method-wrapper(...), alignText='center', alignVert=method-wrapper(...), anchorHoriz='center', anchorVert='center', antialias=True, autoLog=True, bold=False, color='green', colorSpace='named', contrast=1.0, depth=-5.0, flipHoriz=False, flipVert=False, font='Arial', fontFiles=[], height=0.04, italic=False, languageStyle='LTR', name='rotated_score_text', opacity=1.0, ori=0, pos=array([0., 0.]), rgb=array([  0., 128.,   0.]), text='default text', units='height', win=Window(...), wrapWidth=1)
9.3087 	EXP 	Created rotated_breaks = TextStim(__class__=<class 'psychopy.visual.text.TextStim'>, alignHoriz=method-wrapper(...), alignText='center', alignVert=method-wrapper(...), anchorHoriz='center', anchorVert='center', antialias=True, autoLog=True, bold=False, color='white', colorSpace='named', contrast=1.0, depth=0.0, flipHoriz=False, flipVert=False, font='Arial', fontFiles=[], height=0.04, italic=False, languageStyle='LTR', name='rotated_breaks', opacity=1.0, ori=0, pos=array([0., 0.]), rgb=array([255., 255., 255.]), text=str(...), units='height', win=Window(...), wrapWidth=1)
9.3088 	EXP 	window1: mouseVisible = True
9.3148 	EXP 	Created transfer_enclosing_1 = Polygon(__class__=<class 'psychopy.visual.polygon.Polygon'>, autoDraw=False, autoLog=True, closeShape=True, color=method-wrapper(...), colorSpace=None, contrast=1.0, depth=-1.0, fillColor=array([0., 0., 0.]), fillColorSpace='rgb', fillRGB=array([0., 0., 0.]), interpolate=True, lineColor=array([-1., -1., -1.]), lineColorSpace='rgb', lineRGB=array([-1., -1., -1.]), lineWidth=1, name='transfer_enclosing_1', opacity=1.0, ori=array(0.), pos=array([0., 0.]), size=array([0.9, 0.9]), units='height', vertices=ndarray(...), win=Window(...))
9.3203 	EXP 	Created transfer_enclosing = Polygon(__class__=<class 'psychopy.visual.polygon.Polygon'>, autoDraw=False, autoLog=True, closeShape=True, color=method-wrapper(...), colorSpace=None, contrast=1.0, depth=-2.0, fillColor=array([0., 0., 0.]), fillColorSpace='rgb', fillRGB=array([0., 0., 0.]), interpolate=True, lineColor=array([-1., -1., -1.]), lineColorSpace='rgb', lineRGB=array([-1., -1., -1.]), lineWidth=1, name='transfer_enclosing', opacity=1.0, ori=array(0.), pos=array([0., 0.]), size=array([0.8, 0.8]), units='height', vertices=ndarray(...), win=Window(...))
9.3219 	EXP 	Created transfer_target = ShapeStim(__class__=<class 'psychopy.visual.shape.ShapeStim'>, autoDraw=False, autoLog=True, closeShape=True, contrast=1.0, depth=-3.0, fillColor=array([1., 1., 1.]), fillColorSpace='rgb', interpolate=True, lineColor=array([1., 1., 1.]), lineColorSpace='rgb', lineWidth=1, name='transfer_target', opacity=1.0, ori=array(45.), pos=array([0., 0.]), size=array([0.05, 0.05]), units='height', vertices=ndarray(...), win=Window(...), windingRule=None)
9.3244 	EXP 	Created transfer_fixation = Polygon(__class__=<class 'psychopy.visual.polygon.Polygon'>, autoDraw=False, autoLog=True, closeShape=True, color=method-wrapper(...), colorSpace=None, contrast=1.0, depth=-4.0, fillColor=array([1., 0., 0.]), fillColorSpace='rgb', fillRGB=array([1., 0., 0.]), interpolate=True, lineColor=array([1., 0., 0.]), lineColorSpace='rgb', lineRGB=array([1., 0., 0.]), lineWidth=1, name='transfer_fixation', opacity=1.0, ori=array(0.), pos=array([0., 0.]), size=array([0.025, 0.025]), units='height', vertices=ndarray(...), win=Window(...))
9.3245 	EXP 	window1: mouseVisible = True
9.3300 	EXP 	Created transfer_enclosing_feedback_1 = Polygon(__class__=<class 'psychopy.visual.polygon.Polygon'>, autoDraw=False, autoLog=True, closeShape=True, color=method-wrapper(...), colorSpace=None, contrast=1.0, depth=0.0, fillColor=array([0., 0., 0.]), fillColorSpace='rgb', fillRGB=array([0., 0., 0.]), interpolate=True, lineColor=array([-1., -1., -1.]), lineColorSpace='rgb', lineRGB=array([-1., -1., -1.]), lineWidth=1, name='transfer_enclosing_feedback_1', opacity=1.0, ori=array(0.), pos=array([0., 0.]), size=array([0.9, 0.9]), units='height', vertices=ndarray(...), win=Window(...))
9.3375 	EXP 	Created transfer_enclosing_feedback = Polygon(__class__=<class 'psychopy.visual.polygon.Polygon'>, autoDraw=False, autoLog=True, closeShape=True, color=method-wrapper(...), colorSpace=None, contrast=1.0, depth=-1.0, fillColor=array([0., 0., 0.]), fillColorSpace='rgb', fillRGB=array([0., 0., 0.]), interpolate=True, lineColor=array([-1., -1., -1.]), lineColorSpace='rgb', lineRGB=array([-1., -1., -1.]), lineWidth=1, name='transfer_enclosing_feedback', opacity=1.0, ori=array(0.), pos=array([0., 0.]), size=array([0.8, 0.8]), units='height', vertices=ndarray(...), win=Window(...))
9.3389 	EXP 	Created transfer_target_feedback = ShapeStim(__class__=<class 'psychopy.visual.shape.ShapeStim'>, autoDraw=False, autoLog=True, closeShape=True, contrast=1.0, depth=-2.0, fillColor=array([1., 1., 1.]), fillColorSpace='rgb', interpolate=True, lineColor=array([1., 1., 1.]), lineColorSpace='rgb', lineWidth=1, name='transfer_target_feedback', opacity=1.0, ori=array(45.), pos=array([0., 0.]), size=array([0.05, 0.05]), units='height', vertices=ndarray(...), win=Window(...), windingRule=None)
9.3411 	EXP 	Created transfer_fixation_feedback = Polygon(__class__=<class 'psychopy.visual.polygon.Polygon'>, autoDraw=False, autoLog=True, closeShape=True, color=method-wrapper(...), colorSpace=None, contrast=1.0, depth=-3.0, fillColor=array([1., 0., 0.]), fillColorSpace='rgb', fillRGB=array([1., 0., 0.]), interpolate=True, lineColor=array([1., 0., 0.]), lineColorSpace='rgb', lineRGB=array([1., 0., 0.]), lineWidth=1, name='transfer_fixation_feedback', opacity=1.0, ori=array(0.), pos=array([0., 0.]), size=array([0.025, 0.025]), units='height', vertices=ndarray(...), win=Window(...))
9.3441 	EXP 	Created text_4 = TextStim(__class__=<class 'psychopy.visual.text.TextStim'>, alignHoriz=method-wrapper(...), alignText='center', alignVert=method-wrapper(...), anchorHoriz='center', anchorVert='center', antialias=True, autoLog=True, bold=False, color='green', colorSpace='named', contrast=1.0, depth=-5.0, flipHoriz=False, flipVert=False, font='Arial', fontFiles=[], height=0.04, italic=False, languageStyle='LTR', name='text_4', opacity=1.0, ori=0, pos=array([0., 0.]), rgb=array([  0., 128.,   0.]), text='default text', units='height', win=Window(...), wrapWidth=1)
9.3510 	EXP 	Created done_text = TextStim(__class__=<class 'psychopy.visual.text.TextStim'>, alignHoriz=method-wrapper(...), alignText='center', alignVert=method-wrapper(...), anchorHoriz='center', anchorVert='center', antialias=True, autoLog=True, bold=False, color='white', colorSpace='named', contrast=1.0, depth=0.0, flipHoriz=False, flipVert=False, font='Arial', fontFiles=[], height=0.04, italic=False, languageStyle='LTR', name='done_text', opacity=1.0, ori=0, pos=array([0., 0.]), rgb=array([255., 255., 255.]), text=str(...), units='height', win=Window(...), wrapWidth=1)
9.3512 	EXP 	window1: mouseVisible = True
9.3808 	EXP 	Welcome: autoDraw = True
9.9233 	DATA 	Mouse: Left button down, pos=(819,625)
9.9257 	EXP 	Created sequence: random, trialTypes=1, nReps=2, seed=None
9.9261 	EXP 	New trial (rep=0, index=0): None
9.9380 	EXP 	Welcome: autoDraw = False
9.9380 	EXP 	text: autoDraw = True
10.0590 	DATA 	Mouse:  Left button up, pos=(819,625)
10.4554 	DATA 	Mouse: Left button down, pos=(819,625)
10.4886 	EXP 	Imported conditions_demo.xlsx as conditions, 4 conditions, 3 params
10.4888 	EXP 	Created sequence: random, trialTypes=4, nReps=1, seed=None
10.4891 	EXP 	New trial (rep=0, index=0): OrderedDict([('target_x', 0.3), ('target_y', -0.3), ('rotation', 0)])
10.4896 	EXP 	window1: mouseVisible = False
10.4987 	EXP 	text: autoDraw = False
10.4987 	EXP 	demo_fixation: opacity = 1
10.4987 	EXP 	demo_fixation: pos = [0, 0]
10.4987 	EXP 	demo_target: pos = array([ 0.3, -0.3])
10.4987 	EXP 	demo_fixation: pos = array([0., 0.])
10.4987 	EXP 	demo_fixation: opacity = 0
10.4987 	EXP 	demo_enclosing_1: autoDraw = True
10.4987 	EXP 	demo_enclosing: autoDraw = True
10.4987 	EXP 	demo_fixation: autoDraw = True
10.4989 	EXP 	window1: mouseVisible = False
10.5186 	EXP 	demo_fixation: opacity = 0
10.5187 	EXP 	window1: mouseVisible = False
10.5374 	EXP 	demo_fixation: opacity = 0
10.5376 	EXP 	window1: mouseVisible = False
10.5384 	DATA 	Mouse:  Left button up, pos=(819,625)
10.5541 	EXP 	demo_fixation: opacity = 1
10.5541 	EXP 	demo_fixation: pos = [0, 0]
10.5543 	EXP 	window1: mouseVisible = False
10.5706 	EXP 	demo_fixation: opacity = 1
10.5706 	EXP 	demo_fixation: pos = [0, 0]
10.5708 	EXP 	window1: mouseVisible = False
10.5888 	EXP 	demo_fixation: opacity = 1
10.5888 	EXP 	demo_fixation: pos = [0, 0]
10.5889 	EXP 	window1: mouseVisible = False
10.6047 	EXP 	demo_fixation: opacity = 1
10.6047 	EXP 	demo_fixation: pos = [0, 0]
10.6048 	EXP 	window1: mouseVisible = False
10.6213 	EXP 	demo_fixation: opacity = 1
10.6213 	EXP 	demo_fixation: pos = [0, 0]
10.6215 	EXP 	window1: mouseVisible = False
10.6374 	EXP 	demo_fixation: opacity = 1
10.6374 	EXP 	demo_fixation: pos = [0, 0]
10.6376 	EXP 	window1: mouseVisible = False
10.6544 	EXP 	demo_fixation: opacity = 1
10.6544 	EXP 	demo_fixation: pos = [0, 0]
10.6545 	EXP 	window1: mouseVisible = False
10.6711 	EXP 	demo_fixation: opacity = 1
10.6711 	EXP 	demo_fixation: pos = [0, 0]
10.6712 	EXP 	window1: mouseVisible = False
10.6875 	EXP 	demo_fixation: opacity = 1
10.6875 	EXP 	demo_fixation: pos = [0, 0]
10.6876 	EXP 	window1: mouseVisible = False
10.7048 	EXP 	demo_fixation: opacity = 1
10.7048 	EXP 	demo_fixation: pos = [0, 0]
10.7050 	EXP 	window1: mouseVisible = False
10.7204 	EXP 	demo_fixation: opacity = 1
10.7204 	EXP 	demo_fixation: pos = [0, 0]
10.7205 	EXP 	window1: mouseVisible = False
10.7371 	EXP 	demo_fixation: opacity = 1
10.7371 	EXP 	demo_fixation: pos = [0, 0]
10.7372 	EXP 	window1: mouseVisible = False
10.7541 	EXP 	demo_fixation: opacity = 1
10.7541 	EXP 	demo_fixation: pos = [0, 0]
10.7542 	EXP 	window1: mouseVisible = False
10.7706 	EXP 	demo_fixation: opacity = 1
10.7706 	EXP 	demo_fixation: pos = [0, 0]
10.7707 	EXP 	window1: mouseVisible = False
10.7870 	EXP 	demo_fixation: opacity = 1
10.7870 	EXP 	demo_fixation: pos = [0, 0]
10.7872 	EXP 	window1: mouseVisible = False
10.8039 	EXP 	demo_fixation: opacity = 1
10.8039 	EXP 	demo_fixation: pos = [0, 0]
10.8041 	EXP 	window1: mouseVisible = False
10.8213 	EXP 	demo_fixation: opacity = 1
10.8213 	EXP 	demo_fixation: pos = [0, 0]
10.8214 	EXP 	window1: mouseVisible = False
10.8380 	EXP 	demo_fixation: opacity = 1
10.8380 	EXP 	demo_fixation: pos = [0, 0]
10.8382 	EXP 	window1: mouseVisible = False
10.8539 	EXP 	demo_fixation: opacity = 1
10.8539 	EXP 	demo_fixation: pos = [0, 0]
10.8541 	EXP 	window1: mouseVisible = False
10.8718 	EXP 	demo_fixation: opacity = 1
10.8718 	EXP 	demo_fixation: pos = [0, 0]
10.8720 	EXP 	window1: mouseVisible = False
10.8869 	EXP 	demo_fixation: opacity = 1
10.8869 	EXP 	demo_fixation: pos = [0, 0]
10.8870 	EXP 	window1: mouseVisible = False
10.9056 	EXP 	demo_fixation: opacity = 1
10.9056 	EXP 	demo_fixation: pos = [0, 0]
10.9057 	EXP 	window1: mouseVisible = False
10.9207 	EXP 	demo_fixation: opacity = 1
10.9207 	EXP 	demo_fixation: pos = [0, 0]
10.9208 	EXP 	window1: mouseVisible = False
10.9379 	EXP 	demo_fixation: opacity = 1
10.9379 	EXP 	demo_fixation: pos = [0, 0]
10.9380 	EXP 	window1: mouseVisible = False
10.9540 	EXP 	demo_fixation: opacity = 1
10.9540 	EXP 	demo_fixation: pos = [0, 0]
10.9541 	EXP 	window1: mouseVisible = False
10.9706 	EXP 	demo_fixation: opacity = 1
10.9706 	EXP 	demo_fixation: pos = [0, 0]
10.9707 	EXP 	window1: mouseVisible = False
10.9870 	EXP 	demo_fixation: opacity = 1
10.9870 	EXP 	demo_fixation: pos = [0, 0]
10.9871 	EXP 	window1: mouseVisible = False
11.0040 	EXP 	demo_fixation: opacity = 1
11.0040 	EXP 	demo_fixation: pos = [0, 0]
11.0041 	EXP 	window1: mouseVisible = False
11.0207 	EXP 	demo_fixation: opacity = 1
11.0207 	EXP 	demo_fixation: pos = [0, 0]
11.0209 	EXP 	window1: mouseVisible = False
11.0367 	EXP 	demo_fixation: opacity = 1
11.0367 	EXP 	demo_fixation: pos = [0, 0]
11.0368 	EXP 	window1: mouseVisible = False
11.0533 	EXP 	demo_fixation: opacity = 1
11.0533 	EXP 	demo_fixation: pos = [0, 0]
11.0534 	EXP 	window1: mouseVisible = False
11.0705 	EXP 	demo_fixation: opacity = 1
11.0705 	EXP 	demo_fixation: pos = [0, 0]
11.0706 	EXP 	window1: mouseVisible = False
11.0872 	EXP 	demo_fixation: opacity = 1
11.0872 	EXP 	demo_fixation: pos = [0, 0]
11.0873 	EXP 	window1: mouseVisible = False
11.1042 	EXP 	demo_fixation: opacity = 1
11.1042 	EXP 	demo_fixation: pos = [0, 0]
11.1043 	EXP 	window1: mouseVisible = False
11.1207 	EXP 	demo_fixation: opacity = 1
11.1207 	EXP 	demo_fixation: pos = [0, 0]
11.1210 	EXP 	window1: mouseVisible = False
11.1373 	EXP 	demo_fixation: opacity = 1
11.1373 	EXP 	demo_fixation: pos = [0, 0]
11.1375 	EXP 	window1: mouseVisible = False
11.1535 	EXP 	demo_fixation: opacity = 1
11.1535 	EXP 	demo_fixation: pos = [0, 0]
11.1537 	EXP 	window1: mouseVisible = False
11.1703 	EXP 	demo_fixation: opacity = 1
11.1703 	EXP 	demo_fixation: pos = [0, 0]
11.1705 	EXP 	window1: mouseVisible = False
11.1865 	EXP 	demo_fixation: opacity = 1
11.1865 	EXP 	demo_fixation: pos = [0, 0]
11.1867 	EXP 	window1: mouseVisible = False
11.2037 	EXP 	demo_fixation: opacity = 1
11.2037 	EXP 	demo_fixation: pos = [0, 0]
11.2039 	EXP 	window1: mouseVisible = False
11.2205 	EXP 	demo_fixation: opacity = 1
11.2205 	EXP 	demo_fixation: pos = [0, 0]
11.2207 	EXP 	window1: mouseVisible = False
11.2394 	EXP 	demo_fixation: opacity = 1
11.2394 	EXP 	demo_fixation: pos = [0, 0]
11.2397 	EXP 	window1: mouseVisible = False
11.2543 	EXP 	demo_fixation: opacity = 1
11.2543 	EXP 	demo_fixation: pos = [0, 0]
11.2545 	EXP 	window1: mouseVisible = False
11.2720 	EXP 	demo_fixation: opacity = 1
11.2720 	EXP 	demo_fixation: pos = [0, 0]
11.2724 	EXP 	window1: mouseVisible = False
11.2871 	EXP 	demo_fixation: opacity = 1
11.2871 	EXP 	demo_fixation: pos = [0, 0]
11.2873 	EXP 	window1: mouseVisible = False
11.3054 	EXP 	demo_fixation: opacity = 1
11.3054 	EXP 	demo_fixation: pos = [0, 0]
11.3057 	EXP 	window1: mouseVisible = False
11.3201 	EXP 	demo_fixation: opacity = 1
11.3201 	EXP 	demo_fixation: pos = [0, 0]
11.3202 	EXP 	window1: mouseVisible = False
11.3379 	EXP 	demo_fixation: opacity = 1
11.3379 	EXP 	demo_fixation: pos = [0, 0]
11.3380 	EXP 	window1: mouseVisible = False
11.3537 	EXP 	demo_fixation: opacity = 1
11.3537 	EXP 	demo_fixation: pos = [0, 0]
11.3539 	EXP 	window1: mouseVisible = False
11.3697 	EXP 	demo_fixation: opacity = 1
11.3697 	EXP 	demo_fixation: pos = [0, 0]
11.3699 	EXP 	window1: mouseVisible = False
11.3866 	EXP 	demo_fixation: opacity = 1
11.3866 	EXP 	demo_fixation: pos = [0, 0]
11.3868 	EXP 	window1: mouseVisible = False
11.4035 	EXP 	demo_fixation: opacity = 1
11.4035 	EXP 	demo_fixation: pos = [0, 0]
11.4036 	EXP 	window1: mouseVisible = False
11.4204 	EXP 	demo_fixation: opacity = 1
11.4204 	EXP 	demo_fixation: pos = [0, 0]
11.4206 	EXP 	window1: mouseVisible = False
11.4371 	EXP 	demo_fixation: opacity = 1
11.4371 	EXP 	demo_fixation: pos = [0, 0]
11.4373 	EXP 	window1: mouseVisible = False
11.4535 	EXP 	demo_fixation: opacity = 1
11.4535 	EXP 	demo_fixation: pos = [0, 0]
11.4536 	EXP 	window1: mouseVisible = False
11.4707 	EXP 	demo_fixation: opacity = 1
11.4707 	EXP 	demo_fixation: pos = [0, 0]
11.4710 	EXP 	window1: mouseVisible = False
11.4871 	EXP 	demo_fixation: opacity = 1
11.4871 	EXP 	demo_fixation: pos = [0, 0]
11.4872 	EXP 	window1: mouseVisible = False
11.5035 	EXP 	demo_fixation: opacity = 1
11.5035 	EXP 	demo_fixation: pos = [0, 0]
11.5036 	EXP 	window1: mouseVisible = False
11.5198 	EXP 	demo_fixation: opacity = 1
11.5198 	EXP 	demo_fixation: pos = [0, 0]
11.5200 	EXP 	window1: mouseVisible = False
11.5367 	EXP 	demo_fixation: opacity = 1
11.5367 	EXP 	demo_fixation: pos = [0, 0]
11.5367 	EXP 	demo_target: autoDraw = True
11.5369 	EXP 	window1: mouseVisible = False
11.5535 	EXP 	demo_fixation: opacity = 1
11.5535 	EXP 	demo_fixation: pos = [0, 0]
11.5537 	EXP 	window1: mouseVisible = False
11.5703 	EXP 	demo_fixation: opacity = 1
11.5703 	EXP 	demo_fixation: pos = [0, 0]
11.5704 	EXP 	window1: mouseVisible = False
11.5864 	EXP 	demo_fixation: opacity = 1
11.5864 	EXP 	demo_fixation: pos = [0, 0]
11.5866 	EXP 	window1: mouseVisible = False
11.6029 	EXP 	demo_fixation: opacity = 1
11.6029 	EXP 	demo_fixation: pos = [0, 0]
11.6030 	EXP 	window1: mouseVisible = False
11.6199 	EXP 	demo_fixation: opacity = 1
11.6199 	EXP 	demo_fixation: pos = [0, 0]
11.6200 	EXP 	window1: mouseVisible = False
11.6364 	EXP 	demo_fixation: opacity = 1
11.6364 	EXP 	demo_fixation: pos = [0, 0]
11.6365 	EXP 	window1: mouseVisible = False
11.6536 	EXP 	demo_fixation: opacity = 1
11.6536 	EXP 	demo_fixation: pos = [0, 0]
11.6539 	EXP 	window1: mouseVisible = False
11.6700 	EXP 	demo_fixation: opacity = 1
11.6700 	EXP 	demo_fixation: pos = [0, 0]
11.6701 	EXP 	window1: mouseVisible = False
11.6876 	EXP 	demo_fixation: opacity = 1
11.6876 	EXP 	demo_fixation: pos = [0, 0]
11.6881 	EXP 	window1: mouseVisible = False
11.7029 	EXP 	demo_fixation: opacity = 1
11.7029 	EXP 	demo_fixation: pos = [0, 0]
11.7030 	EXP 	window1: mouseVisible = False
11.7209 	EXP 	demo_fixation: opacity = 1
11.7209 	EXP 	demo_fixation: pos = [0, 0]
11.7211 	EXP 	window1: mouseVisible = False
11.7366 	EXP 	demo_fixation: opacity = 1
11.7366 	EXP 	demo_fixation: pos = [0, 0]
11.7368 	EXP 	window1: mouseVisible = False
11.7538 	EXP 	demo_fixation: opacity = 1
11.7538 	EXP 	demo_fixation: pos = [0, 0]
11.7539 	EXP 	window1: mouseVisible = False
11.7697 	EXP 	demo_fixation: opacity = 1
11.7697 	EXP 	demo_fixation: pos = [0, 0]
11.7698 	EXP 	window1: mouseVisible = False
11.7872 	EXP 	demo_fixation: opacity = 1
11.7872 	EXP 	demo_fixation: pos = [0, 0]
11.7873 	EXP 	window1: mouseVisible = False
11.8035 	EXP 	demo_fixation: opacity = 1
11.8035 	EXP 	demo_fixation: pos = [0, 0]
11.8036 	EXP 	window1: mouseVisible = False
11.8196 	EXP 	demo_fixation: opacity = 1
11.8196 	EXP 	demo_fixation: pos = [0, 0]
11.8198 	EXP 	window1: mouseVisible = False
11.8361 	EXP 	demo_fixation: opacity = 1
11.8361 	EXP 	demo_fixation: pos = [0, 0]
11.8363 	EXP 	window1: mouseVisible = False
11.8526 	EXP 	demo_fixation: opacity = 1
11.8526 	EXP 	demo_fixation: pos = [0, 0]
11.8528 	EXP 	window1: mouseVisible = False
11.8695 	EXP 	demo_fixation: opacity = 1
11.8695 	EXP 	demo_fixation: pos = [0, 0]
11.8696 	EXP 	window1: mouseVisible = False
11.8859 	EXP 	demo_fixation: opacity = 1
11.8859 	EXP 	demo_fixation: pos = [0, 0]
11.8860 	EXP 	window1: mouseVisible = False
11.9027 	EXP 	demo_fixation: opacity = 1
11.9027 	EXP 	demo_fixation: pos = [0, 0]
11.9028 	EXP 	window1: mouseVisible = False
11.9197 	EXP 	demo_fixation: opacity = 1
11.9197 	EXP 	demo_fixation: pos = [0, 0]
11.9199 	EXP 	window1: mouseVisible = False
11.9364 	EXP 	demo_fixation: opacity = 1
11.9364 	EXP 	demo_fixation: pos = [0, 0]
11.9365 	EXP 	window1: mouseVisible = False
11.9526 	EXP 	demo_fixation: opacity = 1
11.9526 	EXP 	demo_fixation: pos = [0, 0]
11.9527 	EXP 	window1: mouseVisible = False
11.9694 	EXP 	demo_fixation: opacity = 1
11.9694 	EXP 	demo_fixation: pos = [0, 0]
11.9695 	EXP 	window1: mouseVisible = False
11.9864 	EXP 	demo_fixation: opacity = 1
11.9864 	EXP 	demo_fixation: pos = [0, 0]
11.9866 	EXP 	window1: mouseVisible = False
12.0027 	EXP 	demo_fixation: opacity = 1
12.0027 	EXP 	demo_fixation: pos = [0, 0]
12.0029 	EXP 	window1: mouseVisible = False
12.0037 	DATA 	Mouse: Left button down, pos=(960,540)
12.0197 	EXP 	demo_fixation: opacity = 0
12.0199 	EXP 	window1: mouseVisible = False
12.0365 	EXP 	demo_fixation: opacity = 0
12.0366 	EXP 	window1: mouseVisible = False
12.0536 	EXP 	demo_fixation: opacity = 0
12.0539 	EXP 	window1: mouseVisible = False
12.0697 	EXP 	demo_fixation: opacity = 0
12.0698 	EXP 	window1: mouseVisible = False
12.0880 	EXP 	demo_fixation: opacity = 0
12.0882 	EXP 	window1: mouseVisible = False
12.1029 	EXP 	demo_fixation: opacity = 0
12.1032 	EXP 	window1: mouseVisible = False
12.1206 	EXP 	demo_fixation: opacity = 0
12.1207 	EXP 	window1: mouseVisible = False
12.1366 	EXP 	demo_fixation: opacity = 0
12.1368 	EXP 	window1: mouseVisible = False
12.1539 	EXP 	demo_fixation: opacity = 0
12.1540 	EXP 	window1: mouseVisible = False
12.1697 	EXP 	demo_fixation: opacity = 0
12.1698 	EXP 	window1: mouseVisible = False
12.1858 	EXP 	demo_fixation: opacity = 0
12.1859 	EXP 	window1: mouseVisible = False
12.2026 	EXP 	demo_fixation: opacity = 0
12.2028 	EXP 	window1: mouseVisible = False
12.2195 	EXP 	demo_fixation: opacity = 0
12.2200 	EXP 	window1: mouseVisible = False
12.2362 	EXP 	demo_fixation: opacity = 0
12.2363 	EXP 	window1: mouseVisible = False
12.2527 	EXP 	demo_fixation: opacity = 0
12.2529 	EXP 	window1: mouseVisible = False
12.2691 	EXP 	demo_fixation: opacity = 0
12.2692 	EXP 	window1: mouseVisible = False
12.2863 	EXP 	demo_fixation: opacity = 0
12.2865 	EXP 	window1: mouseVisible = False
12.3028 	EXP 	demo_fixation: opacity = 0
12.3029 	EXP 	window1: mouseVisible = False
12.3193 	EXP 	demo_fixation: opacity = 0
12.3195 	EXP 	window1: mouseVisible = False
12.3654 	EXP 	window1: mouseVisible = True
