2.0167 	WARNING 	We strongly recommend you activate the PTB sound engine in PsychoPy prefs as the preferred audio engine. Its timing is vastly superior. Your prefs are currently set to use ['sounddevice', 'PTB', 'pyo', 'pygame'] (in that order).
16.2401 	EXP 	Created window1 = Window(allowGUI=False, allowStencil=False, args=UNKNOWN, autoLog=True, bitsMode=UNKNOWN, blendMode='avg', bpc=(8, 8, 8), color=array([0., 0., 0.]), colorSpace='rgb', depthBits=8, fullscr=<method-wrapper '__getattribute__' of attributeSetter object at 0x00000247842F74E0>, gamma=None, gammaErrorPolicy='raise', kwargs=UNKNOWN, lms=UNKNOWN, monitor=<psychopy.monitors.calibTools.Monitor object at 0x0000024784187518>, multiSample=False, name='window1', numSamples=2, pos=[0.0, 0.0], screen=0, size=array([1920, 1080]), stencilBits=0, stereo=False, units='height', useFBO=True, useRetina=False, viewOri=0.0, viewPos=None, viewScale=None, waitBlanking=True, winType='pyglet')
16.2408 	EXP 	window1: mouseVisible = True
16.2410 	EXP 	window1: recordFrameIntervals = False
16.4047 	EXP 	window1: recordFrameIntervals = True
16.5882 	EXP 	window1: recordFrameIntervals = False
17.2228 	EXP 	Created Welcome = TextStim(__class__=<class 'psychopy.visual.text.TextStim'>, alignHoriz=method-wrapper(...), alignText='center', alignVert=method-wrapper(...), anchorHoriz='center', anchorVert='center', antialias=True, autoLog=True, bold=False, color='white', colorSpace='named', contrast=1.0, depth=0.0, flipHoriz=False, flipVert=False, font='Arial', fontFiles=[], height=0.04, italic=False, languageStyle='LTR', name='Welcome', opacity=1.0, ori=0, pos=array([0., 0.]), rgb=array([255., 255., 255.]), text=str(...), units='height', win=Window(...), wrapWidth=1)
17.2231 	EXP 	window1: mouseVisible = True
17.2530 	EXP 	Created text = TextStim(__class__=<class 'psychopy.visual.text.TextStim'>, alignHoriz=method-wrapper(...), alignText='center', alignVert=method-wrapper(...), anchorHoriz='center', anchorVert='center', antialias=True, autoLog=True, bold=False, color='white', colorSpace='named', contrast=1.0, depth=0.0, flipHoriz=False, flipVert=False, font='Arial', fontFiles=[], height=0.04, italic=False, languageStyle='LTR', name='text', opacity=1.0, ori=0, pos=array([0., 0.]), rgb=array([255., 255., 255.]), text=str(...), units='height', win=Window(...), wrapWidth=1)
17.2533 	EXP 	window1: mouseVisible = True
17.2729 	EXP 	Created demo_enclosing_1 = Polygon(__class__=<class 'psychopy.visual.polygon.Polygon'>, autoDraw=False, autoLog=True, closeShape=True, color=method-wrapper(...), colorSpace=None, contrast=1.0, depth=-1.0, fillColor=array([0., 0., 0.]), fillColorSpace='rgb', fillRGB=array([0., 0., 0.]), interpolate=True, lineColor=array([-1., -1., -1.]), lineColorSpace='rgb', lineRGB=array([-1., -1., -1.]), lineWidth=1, name='demo_enclosing_1', opacity=1.0, ori=array(0.), pos=array([0., 0.]), size=array([0.9, 0.9]), units='height', vertices=ndarray(...), win=Window(...))
17.2857 	EXP 	Created demo_enclosing = Polygon(__class__=<class 'psychopy.visual.polygon.Polygon'>, autoDraw=False, autoLog=True, closeShape=True, color=method-wrapper(...), colorSpace=None, contrast=1.0, depth=-2.0, fillColor=array([0., 0., 0.]), fillColorSpace='rgb', fillRGB=array([0., 0., 0.]), interpolate=True, lineColor=array([-1., -1., -1.]), lineColorSpace='rgb', lineRGB=array([-1., -1., -1.]), lineWidth=1, name='demo_enclosing', opacity=1.0, ori=array(0.), pos=array([0., 0.]), size=array([0.8, 0.8]), units='height', vertices=ndarray(...), win=Window(...))
17.2924 	EXP 	Created demo_target = ShapeStim(__class__=<class 'psychopy.visual.shape.ShapeStim'>, autoDraw=False, autoLog=True, closeShape=True, contrast=1.0, depth=-3.0, fillColor=array([1., 1., 1.]), fillColorSpace='rgb', interpolate=True, lineColor=array([1., 1., 1.]), lineColorSpace='rgb', lineWidth=1, name='demo_target', opacity=1.0, ori=array(45.), pos=array([0., 0.]), size=array([0.05, 0.05]), units='height', vertices=ndarray(...), win=Window(...), windingRule=None)
17.3017 	EXP 	Created demo_fixation = Polygon(__class__=<class 'psychopy.visual.polygon.Polygon'>, autoDraw=False, autoLog=True, closeShape=True, color=method-wrapper(...), colorSpace=None, contrast=1.0, depth=-4.0, fillColor=array([1., 0., 0.]), fillColorSpace='rgb', fillRGB=array([1., 0., 0.]), interpolate=True, lineColor=array([1., 0., 0.]), lineColorSpace='rgb', lineRGB=array([1., 0., 0.]), lineWidth=1, name='demo_fixation', opacity=1.0, ori=array(0.), pos=array([0., 0.]), size=array([0.025, 0.025]), units='height', vertices=ndarray(...), win=Window(...))
17.3019 	EXP 	window1: mouseVisible = True
17.3225 	EXP 	Created demo_enclosing_feedback_1 = Polygon(__class__=<class 'psychopy.visual.polygon.Polygon'>, autoDraw=False, autoLog=True, closeShape=True, color=method-wrapper(...), colorSpace=None, contrast=1.0, depth=0.0, fillColor=array([0., 0., 0.]), fillColorSpace='rgb', fillRGB=array([0., 0., 0.]), interpolate=True, lineColor=array([-1., -1., -1.]), lineColorSpace='rgb', lineRGB=array([-1., -1., -1.]), lineWidth=1, name='demo_enclosing_feedback_1', opacity=1.0, ori=array(0.), pos=array([0., 0.]), size=array([0.9, 0.9]), units='height', vertices=ndarray(...), win=Window(...))
17.3349 	EXP 	Created demo_enclosing_feedback = Polygon(__class__=<class 'psychopy.visual.polygon.Polygon'>, autoDraw=False, autoLog=True, closeShape=True, color=method-wrapper(...), colorSpace=None, contrast=1.0, depth=-1.0, fillColor=array([0., 0., 0.]), fillColorSpace='rgb', fillRGB=array([0., 0., 0.]), interpolate=True, lineColor=array([-1., -1., -1.]), lineColorSpace='rgb', lineRGB=array([-1., -1., -1.]), lineWidth=1, name='demo_enclosing_feedback', opacity=1.0, ori=array(0.), pos=array([0., 0.]), size=array([0.8, 0.8]), units='height', vertices=ndarray(...), win=Window(...))
17.3408 	EXP 	Created demo_target_feedback = ShapeStim(__class__=<class 'psychopy.visual.shape.ShapeStim'>, autoDraw=False, autoLog=True, closeShape=True, contrast=1.0, depth=-2.0, fillColor=array([1., 1., 1.]), fillColorSpace='rgb', interpolate=True, lineColor=array([1., 1., 1.]), lineColorSpace='rgb', lineWidth=1, name='demo_target_feedback', opacity=1.0, ori=array(45.), pos=array([0., 0.]), size=array([0.05, 0.05]), units='height', vertices=ndarray(...), win=Window(...), windingRule=None)
17.3498 	EXP 	Created demo_fixation_feedback = Polygon(__class__=<class 'psychopy.visual.polygon.Polygon'>, autoDraw=False, autoLog=True, closeShape=True, color=method-wrapper(...), colorSpace=None, contrast=1.0, depth=-3.0, fillColor=array([1., 0., 0.]), fillColorSpace='rgb', fillRGB=array([1., 0., 0.]), interpolate=True, lineColor=array([1., 0., 0.]), lineColorSpace='rgb', lineRGB=array([1., 0., 0.]), lineWidth=1, name='demo_fixation_feedback', opacity=1.0, ori=array(0.), pos=array([0., 0.]), size=array([0.025, 0.025]), units='height', vertices=ndarray(...), win=Window(...))
17.3578 	EXP 	Created demo_score_text = TextStim(__class__=<class 'psychopy.visual.text.TextStim'>, alignHoriz=method-wrapper(...), alignText='center', alignVert=method-wrapper(...), anchorHoriz='center', anchorVert='center', antialias=True, autoLog=True, bold=False, color='green', colorSpace='named', contrast=1.0, depth=-5.0, flipHoriz=False, flipVert=False, font='Arial', fontFiles=[], height=0.04, italic=False, languageStyle='LTR', name='demo_score_text', opacity=1.0, ori=0, pos=array([0., 0.]), rgb=array([  0., 128.,   0.]), text='default text', units='height', win=Window(...), wrapWidth=1)
17.3797 	EXP 	Created text_3 = TextStim(__class__=<class 'psychopy.visual.text.TextStim'>, alignHoriz=method-wrapper(...), alignText='center', alignVert=method-wrapper(...), anchorHoriz='center', anchorVert='center', antialias=True, autoLog=True, bold=False, color='white', colorSpace='named', contrast=1.0, depth=0.0, flipHoriz=False, flipVert=False, font='Arial', fontFiles=[], height=0.04, italic=False, languageStyle='LTR', name='text_3', opacity=1.0, ori=0, pos=array([0., 0.]), rgb=array([255., 255., 255.]), text=str(...), units='height', win=Window(...), wrapWidth=1)
17.3799 	EXP 	window1: mouseVisible = True
17.3901 	EXP 	Created baseline_enclosing_1 = Polygon(__class__=<class 'psychopy.visual.polygon.Polygon'>, autoDraw=False, autoLog=True, closeShape=True, color=method-wrapper(...), colorSpace=None, contrast=1.0, depth=0.0, fillColor=array([0., 0., 0.]), fillColorSpace='rgb', fillRGB=array([0., 0., 0.]), interpolate=True, lineColor=array([-1., -1., -1.]), lineColorSpace='rgb', lineRGB=array([-1., -1., -1.]), lineWidth=1, name='baseline_enclosing_1', opacity=1.0, ori=array(0.), pos=array([0., 0.]), size=array([0.9, 0.9]), units='height', vertices=ndarray(...), win=Window(...))
17.4002 	EXP 	Created baseline_enclosing = Polygon(__class__=<class 'psychopy.visual.polygon.Polygon'>, autoDraw=False, autoLog=True, closeShape=True, color=method-wrapper(...), colorSpace=None, contrast=1.0, depth=-1.0, fillColor=array([0., 0., 0.]), fillColorSpace='rgb', fillRGB=array([0., 0., 0.]), interpolate=True, lineColor=array([-1., -1., -1.]), lineColorSpace='rgb', lineRGB=array([-1., -1., -1.]), lineWidth=1, name='baseline_enclosing', opacity=1.0, ori=array(0.), pos=array([0., 0.]), size=array([0.8, 0.8]), units='height', vertices=ndarray(...), win=Window(...))
17.4034 	EXP 	Created baseline_target = ShapeStim(__class__=<class 'psychopy.visual.shape.ShapeStim'>, autoDraw=False, autoLog=True, closeShape=True, contrast=1.0, depth=-2.0, fillColor=array([1., 1., 1.]), fillColorSpace='rgb', interpolate=True, lineColor=array([1., 1., 1.]), lineColorSpace='rgb', lineWidth=1, name='baseline_target', opacity=1.0, ori=array(45.), pos=array([0., 0.]), size=array([0.05, 0.05]), units='height', vertices=ndarray(...), win=Window(...), windingRule=None)
17.4080 	EXP 	Created baseline_fixation = Polygon(__class__=<class 'psychopy.visual.polygon.Polygon'>, autoDraw=False, autoLog=True, closeShape=True, color=method-wrapper(...), colorSpace=None, contrast=1.0, depth=-3.0, fillColor=array([1., 0., 0.]), fillColorSpace='rgb', fillRGB=array([1., 0., 0.]), interpolate=True, lineColor=array([1., 0., 0.]), lineColorSpace='rgb', lineRGB=array([1., 0., 0.]), lineWidth=1, name='baseline_fixation', opacity=1.0, ori=array(0.), pos=array([0., 0.]), size=array([0.025, 0.025]), units='height', vertices=ndarray(...), win=Window(...))
17.4081 	EXP 	window1: mouseVisible = True
17.4181 	EXP 	Created baseline_enclosing_feedback_1 = Polygon(__class__=<class 'psychopy.visual.polygon.Polygon'>, autoDraw=False, autoLog=True, closeShape=True, color=method-wrapper(...), colorSpace=None, contrast=1.0, depth=0.0, fillColor=array([0., 0., 0.]), fillColorSpace='rgb', fillRGB=array([0., 0., 0.]), interpolate=True, lineColor=array([-1., -1., -1.]), lineColorSpace='rgb', lineRGB=array([-1., -1., -1.]), lineWidth=1, name='baseline_enclosing_feedback_1', opacity=1.0, ori=array(0.), pos=array([0., 0.]), size=array([0.9, 0.9]), units='height', vertices=ndarray(...), win=Window(...))
17.4281 	EXP 	Created baseline_enclosing_feedback = Polygon(__class__=<class 'psychopy.visual.polygon.Polygon'>, autoDraw=False, autoLog=True, closeShape=True, color=method-wrapper(...), colorSpace=None, contrast=1.0, depth=-1.0, fillColor=array([0., 0., 0.]), fillColorSpace='rgb', fillRGB=array([0., 0., 0.]), interpolate=True, lineColor=array([-1., -1., -1.]), lineColorSpace='rgb', lineRGB=array([-1., -1., -1.]), lineWidth=1, name='baseline_enclosing_feedback', opacity=1.0, ori=array(0.), pos=array([0., 0.]), size=array([0.8, 0.8]), units='height', vertices=ndarray(...), win=Window(...))
17.4312 	EXP 	Created baseline_target_feedback = ShapeStim(__class__=<class 'psychopy.visual.shape.ShapeStim'>, autoDraw=False, autoLog=True, closeShape=True, contrast=1.0, depth=-2.0, fillColor=array([1., 1., 1.]), fillColorSpace='rgb', interpolate=True, lineColor=array([1., 1., 1.]), lineColorSpace='rgb', lineWidth=1, name='baseline_target_feedback', opacity=1.0, ori=array(45.), pos=array([0., 0.]), size=array([0.05, 0.05]), units='height', vertices=ndarray(...), win=Window(...), windingRule=None)
17.4357 	EXP 	Created baseline_fixation_feedback = Polygon(__class__=<class 'psychopy.visual.polygon.Polygon'>, autoDraw=False, autoLog=True, closeShape=True, color=method-wrapper(...), colorSpace=None, contrast=1.0, depth=-3.0, fillColor=array([1., 0., 0.]), fillColorSpace='rgb', fillRGB=array([1., 0., 0.]), interpolate=True, lineColor=array([1., 0., 0.]), lineColorSpace='rgb', lineRGB=array([1., 0., 0.]), lineWidth=1, name='baseline_fixation_feedback', opacity=1.0, ori=array(0.), pos=array([0., 0.]), size=array([0.025, 0.025]), units='height', vertices=ndarray(...), win=Window(...))
17.4412 	EXP 	Created baseline_score_text = TextStim(__class__=<class 'psychopy.visual.text.TextStim'>, alignHoriz=method-wrapper(...), alignText='center', alignVert=method-wrapper(...), anchorHoriz='center', anchorVert='center', antialias=True, autoLog=True, bold=False, color='green', colorSpace='named', contrast=1.0, depth=-5.0, flipHoriz=False, flipVert=False, font='Arial', fontFiles=[], height=0.04, italic=False, languageStyle='LTR', name='baseline_score_text', opacity=1.0, ori=0, pos=array([0., 0.]), rgb=array([  0., 128.,   0.]), text='default text', units='height', win=Window(...), wrapWidth=1)
17.4597 	EXP 	Created text_2 = TextStim(__class__=<class 'psychopy.visual.text.TextStim'>, alignHoriz=method-wrapper(...), alignText='center', alignVert=method-wrapper(...), anchorHoriz='center', anchorVert='center', antialias=True, autoLog=True, bold=False, color='white', colorSpace='named', contrast=1.0, depth=0.0, flipHoriz=False, flipVert=False, font='Arial', fontFiles=[], height=0.04, italic=False, languageStyle='LTR', name='text_2', opacity=1.0, ori=0, pos=array([0., 0.]), rgb=array([255., 255., 255.]), text=str(...), units='height', win=Window(...), wrapWidth=1)
17.4599 	EXP 	window1: mouseVisible = True
17.4696 	EXP 	Created rotated_enclosing_1 = Polygon(__class__=<class 'psychopy.visual.polygon.Polygon'>, autoDraw=False, autoLog=True, closeShape=True, color=method-wrapper(...), colorSpace=None, contrast=1.0, depth=0.0, fillColor=array([0., 0., 0.]), fillColorSpace='rgb', fillRGB=array([0., 0., 0.]), interpolate=True, lineColor=array([-1., -1., -1.]), lineColorSpace='rgb', lineRGB=array([-1., -1., -1.]), lineWidth=1, name='rotated_enclosing_1', opacity=1.0, ori=array(0.), pos=array([0., 0.]), size=array([0.9, 0.9]), units='height', vertices=ndarray(...), win=Window(...))
17.4785 	EXP 	Created rotated_enclosing = Polygon(__class__=<class 'psychopy.visual.polygon.Polygon'>, autoDraw=False, autoLog=True, closeShape=True, color=method-wrapper(...), colorSpace=None, contrast=1.0, depth=-1.0, fillColor=array([0., 0., 0.]), fillColorSpace='rgb', fillRGB=array([0., 0., 0.]), interpolate=True, lineColor=array([-1., -1., -1.]), lineColorSpace='rgb', lineRGB=array([-1., -1., -1.]), lineWidth=1, name='rotated_enclosing', opacity=1.0, ori=array(0.), pos=array([0., 0.]), size=array([0.8, 0.8]), units='height', vertices=ndarray(...), win=Window(...))
17.4809 	EXP 	Created rotated_target = ShapeStim(__class__=<class 'psychopy.visual.shape.ShapeStim'>, autoDraw=False, autoLog=True, closeShape=True, contrast=1.0, depth=-2.0, fillColor=array([1., 1., 1.]), fillColorSpace='rgb', interpolate=True, lineColor=array([1., 1., 1.]), lineColorSpace='rgb', lineWidth=1, name='rotated_target', opacity=1.0, ori=array(45.), pos=array([0., 0.]), size=array([0.05, 0.05]), units='height', vertices=ndarray(...), win=Window(...), windingRule=None)
17.4842 	EXP 	Created rotated_fixation = Polygon(__class__=<class 'psychopy.visual.polygon.Polygon'>, autoDraw=False, autoLog=True, closeShape=True, color=method-wrapper(...), colorSpace=None, contrast=1.0, depth=-3.0, fillColor=array([1., 0., 0.]), fillColorSpace='rgb', fillRGB=array([1., 0., 0.]), interpolate=True, lineColor=array([1., 0., 0.]), lineColorSpace='rgb', lineRGB=array([1., 0., 0.]), lineWidth=1, name='rotated_fixation', opacity=1.0, ori=array(0.), pos=array([0., 0.]), size=array([0.025, 0.025]), units='height', vertices=ndarray(...), win=Window(...))
17.4843 	EXP 	window1: mouseVisible = True
17.4908 	EXP 	Created rotated_enclosing_feedback_1 = Polygon(__class__=<class 'psychopy.visual.polygon.Polygon'>, autoDraw=False, autoLog=True, closeShape=True, color=method-wrapper(...), colorSpace=None, contrast=1.0, depth=0.0, fillColor=array([0., 0., 0.]), fillColorSpace='rgb', fillRGB=array([0., 0., 0.]), interpolate=True, lineColor=array([-1., -1., -1.]), lineColorSpace='rgb', lineRGB=array([-1., -1., -1.]), lineWidth=1, name='rotated_enclosing_feedback_1', opacity=1.0, ori=array(0.), pos=array([0., 0.]), size=array([0.9, 0.9]), units='height', vertices=ndarray(...), win=Window(...))
17.4972 	EXP 	Created rotated_enclosing_feedback = Polygon(__class__=<class 'psychopy.visual.polygon.Polygon'>, autoDraw=False, autoLog=True, closeShape=True, color=method-wrapper(...), colorSpace=None, contrast=1.0, depth=-1.0, fillColor=array([0., 0., 0.]), fillColorSpace='rgb', fillRGB=array([0., 0., 0.]), interpolate=True, lineColor=array([-1., -1., -1.]), lineColorSpace='rgb', lineRGB=array([-1., -1., -1.]), lineWidth=1, name='rotated_enclosing_feedback', opacity=1.0, ori=array(0.), pos=array([0., 0.]), size=array([0.8, 0.8]), units='height', vertices=ndarray(...), win=Window(...))
17.4993 	EXP 	Created rotated_target_feedback = ShapeStim(__class__=<class 'psychopy.visual.shape.ShapeStim'>, autoDraw=False, autoLog=True, closeShape=True, contrast=1.0, depth=-2.0, fillColor=array([1., 1., 1.]), fillColorSpace='rgb', interpolate=True, lineColor=array([1., 1., 1.]), lineColorSpace='rgb', lineWidth=1, name='rotated_target_feedback', opacity=1.0, ori=array(45.), pos=array([0., 0.]), size=array([0.05, 0.05]), units='height', vertices=ndarray(...), win=Window(...), windingRule=None)
17.5022 	EXP 	Created rotated_fixation_feedback = Polygon(__class__=<class 'psychopy.visual.polygon.Polygon'>, autoDraw=False, autoLog=True, closeShape=True, color=method-wrapper(...), colorSpace=None, contrast=1.0, depth=-3.0, fillColor=array([1., 0., 0.]), fillColorSpace='rgb', fillRGB=array([1., 0., 0.]), interpolate=True, lineColor=array([1., 0., 0.]), lineColorSpace='rgb', lineRGB=array([1., 0., 0.]), lineWidth=1, name='rotated_fixation_feedback', opacity=1.0, ori=array(0.), pos=array([0., 0.]), size=array([0.025, 0.025]), units='height', vertices=ndarray(...), win=Window(...))
17.5060 	EXP 	Created rotated_score_text = TextStim(__class__=<class 'psychopy.visual.text.TextStim'>, alignHoriz=method-wrapper(...), alignText='center', alignVert=method-wrapper(...), anchorHoriz='center', anchorVert='center', antialias=True, autoLog=True, bold=False, color='green', colorSpace='named', contrast=1.0, depth=-5.0, flipHoriz=False, flipVert=False, font='Arial', fontFiles=[], height=0.04, italic=False, languageStyle='LTR', name='rotated_score_text', opacity=1.0, ori=0, pos=array([0., 0.]), rgb=array([  0., 128.,   0.]), text='default text', units='height', win=Window(...), wrapWidth=1)
17.5178 	EXP 	Created rotated_breaks = TextStim(__class__=<class 'psychopy.visual.text.TextStim'>, alignHoriz=method-wrapper(...), alignText='center', alignVert=method-wrapper(...), anchorHoriz='center', anchorVert='center', antialias=True, autoLog=True, bold=False, color='white', colorSpace='named', contrast=1.0, depth=0.0, flipHoriz=False, flipVert=False, font='Arial', fontFiles=[], height=0.04, italic=False, languageStyle='LTR', name='rotated_breaks', opacity=1.0, ori=0, pos=array([0., 0.]), rgb=array([255., 255., 255.]), text=str(...), units='height', win=Window(...), wrapWidth=1)
17.5179 	EXP 	window1: mouseVisible = True
17.5259 	EXP 	Created transfer_enclosing_1 = Polygon(__class__=<class 'psychopy.visual.polygon.Polygon'>, autoDraw=False, autoLog=True, closeShape=True, color=method-wrapper(...), colorSpace=None, contrast=1.0, depth=-1.0, fillColor=array([0., 0., 0.]), fillColorSpace='rgb', fillRGB=array([0., 0., 0.]), interpolate=True, lineColor=array([-1., -1., -1.]), lineColorSpace='rgb', lineRGB=array([-1., -1., -1.]), lineWidth=1, name='transfer_enclosing_1', opacity=1.0, ori=array(0.), pos=array([0., 0.]), size=array([0.9, 0.9]), units='height', vertices=ndarray(...), win=Window(...))
17.5324 	EXP 	Created transfer_enclosing = Polygon(__class__=<class 'psychopy.visual.polygon.Polygon'>, autoDraw=False, autoLog=True, closeShape=True, color=method-wrapper(...), colorSpace=None, contrast=1.0, depth=-2.0, fillColor=array([0., 0., 0.]), fillColorSpace='rgb', fillRGB=array([0., 0., 0.]), interpolate=True, lineColor=array([-1., -1., -1.]), lineColorSpace='rgb', lineRGB=array([-1., -1., -1.]), lineWidth=1, name='transfer_enclosing', opacity=1.0, ori=array(0.), pos=array([0., 0.]), size=array([0.8, 0.8]), units='height', vertices=ndarray(...), win=Window(...))
17.5344 	EXP 	Created transfer_target = ShapeStim(__class__=<class 'psychopy.visual.shape.ShapeStim'>, autoDraw=False, autoLog=True, closeShape=True, contrast=1.0, depth=-3.0, fillColor=array([1., 1., 1.]), fillColorSpace='rgb', interpolate=True, lineColor=array([1., 1., 1.]), lineColorSpace='rgb', lineWidth=1, name='transfer_target', opacity=1.0, ori=array(45.), pos=array([0., 0.]), size=array([0.05, 0.05]), units='height', vertices=ndarray(...), win=Window(...), windingRule=None)
17.5373 	EXP 	Created transfer_fixation = Polygon(__class__=<class 'psychopy.visual.polygon.Polygon'>, autoDraw=False, autoLog=True, closeShape=True, color=method-wrapper(...), colorSpace=None, contrast=1.0, depth=-4.0, fillColor=array([1., 0., 0.]), fillColorSpace='rgb', fillRGB=array([1., 0., 0.]), interpolate=True, lineColor=array([1., 0., 0.]), lineColorSpace='rgb', lineRGB=array([1., 0., 0.]), lineWidth=1, name='transfer_fixation', opacity=1.0, ori=array(0.), pos=array([0., 0.]), size=array([0.025, 0.025]), units='height', vertices=ndarray(...), win=Window(...))
17.5374 	EXP 	window1: mouseVisible = True
17.5440 	EXP 	Created transfer_enclosing_feedback_1 = Polygon(__class__=<class 'psychopy.visual.polygon.Polygon'>, autoDraw=False, autoLog=True, closeShape=True, color=method-wrapper(...), colorSpace=None, contrast=1.0, depth=0.0, fillColor=array([0., 0., 0.]), fillColorSpace='rgb', fillRGB=array([0., 0., 0.]), interpolate=True, lineColor=array([-1., -1., -1.]), lineColorSpace='rgb', lineRGB=array([-1., -1., -1.]), lineWidth=1, name='transfer_enclosing_feedback_1', opacity=1.0, ori=array(0.), pos=array([0., 0.]), size=array([0.9, 0.9]), units='height', vertices=ndarray(...), win=Window(...))
17.5504 	EXP 	Created transfer_enclosing_feedback = Polygon(__class__=<class 'psychopy.visual.polygon.Polygon'>, autoDraw=False, autoLog=True, closeShape=True, color=method-wrapper(...), colorSpace=None, contrast=1.0, depth=-1.0, fillColor=array([0., 0., 0.]), fillColorSpace='rgb', fillRGB=array([0., 0., 0.]), interpolate=True, lineColor=array([-1., -1., -1.]), lineColorSpace='rgb', lineRGB=array([-1., -1., -1.]), lineWidth=1, name='transfer_enclosing_feedback', opacity=1.0, ori=array(0.), pos=array([0., 0.]), size=array([0.8, 0.8]), units='height', vertices=ndarray(...), win=Window(...))
17.5524 	EXP 	Created transfer_target_feedback = ShapeStim(__class__=<class 'psychopy.visual.shape.ShapeStim'>, autoDraw=False, autoLog=True, closeShape=True, contrast=1.0, depth=-2.0, fillColor=array([1., 1., 1.]), fillColorSpace='rgb', interpolate=True, lineColor=array([1., 1., 1.]), lineColorSpace='rgb', lineWidth=1, name='transfer_target_feedback', opacity=1.0, ori=array(45.), pos=array([0., 0.]), size=array([0.05, 0.05]), units='height', vertices=ndarray(...), win=Window(...), windingRule=None)
17.5553 	EXP 	Created transfer_fixation_feedback = Polygon(__class__=<class 'psychopy.visual.polygon.Polygon'>, autoDraw=False, autoLog=True, closeShape=True, color=method-wrapper(...), colorSpace=None, contrast=1.0, depth=-3.0, fillColor=array([1., 0., 0.]), fillColorSpace='rgb', fillRGB=array([1., 0., 0.]), interpolate=True, lineColor=array([1., 0., 0.]), lineColorSpace='rgb', lineRGB=array([1., 0., 0.]), lineWidth=1, name='transfer_fixation_feedback', opacity=1.0, ori=array(0.), pos=array([0., 0.]), size=array([0.025, 0.025]), units='height', vertices=ndarray(...), win=Window(...))
17.5589 	EXP 	Created text_4 = TextStim(__class__=<class 'psychopy.visual.text.TextStim'>, alignHoriz=method-wrapper(...), alignText='center', alignVert=method-wrapper(...), anchorHoriz='center', anchorVert='center', antialias=True, autoLog=True, bold=False, color='green', colorSpace='named', contrast=1.0, depth=-5.0, flipHoriz=False, flipVert=False, font='Arial', fontFiles=[], height=0.04, italic=False, languageStyle='LTR', name='text_4', opacity=1.0, ori=0, pos=array([0., 0.]), rgb=array([  0., 128.,   0.]), text='default text', units='height', win=Window(...), wrapWidth=1)
17.5704 	EXP 	Created done_text = TextStim(__class__=<class 'psychopy.visual.text.TextStim'>, alignHoriz=method-wrapper(...), alignText='center', alignVert=method-wrapper(...), anchorHoriz='center', anchorVert='center', antialias=True, autoLog=True, bold=False, color='white', colorSpace='named', contrast=1.0, depth=0.0, flipHoriz=False, flipVert=False, font='Arial', fontFiles=[], height=0.04, italic=False, languageStyle='LTR', name='done_text', opacity=1.0, ori=0, pos=array([0., 0.]), rgb=array([255., 255., 255.]), text=str(...), units='height', win=Window(...), wrapWidth=1)
17.5705 	EXP 	window1: mouseVisible = True
17.6190 	EXP 	Welcome: autoDraw = True
18.7900 	DATA 	Mouse: Left button down, pos=(818,701)
18.8047 	EXP 	Created sequence: random, trialTypes=1, nReps=2, seed=None
18.8054 	EXP 	New trial (rep=0, index=0): None
18.8188 	EXP 	Welcome: autoDraw = False
18.8188 	EXP 	text: autoDraw = True
18.8906 	DATA 	Mouse:  Left button up, pos=(818,701)
19.6204 	DATA 	Mouse: Left button down, pos=(886,669)
19.7606 	EXP 	Imported conditions_demo.xlsx as conditions, 4 conditions, 3 params
19.7616 	EXP 	Created sequence: random, trialTypes=4, nReps=1, seed=None
19.7627 	EXP 	New trial (rep=0, index=0): OrderedDict([('target_x', 0.3), ('target_y', -0.3), ('rotation', 0)])
19.7652 	EXP 	window1: mouseVisible = False
19.7665 	DATA 	Mouse:  Left button up, pos=(886,669)
19.7809 	EXP 	text: autoDraw = False
19.7809 	EXP 	demo_fixation: opacity = 1
19.7809 	EXP 	demo_fixation: pos = [0, 0]
19.7809 	EXP 	demo_target: pos = array([ 0.3, -0.3])
19.7809 	EXP 	demo_fixation: pos = array([0., 0.])
19.7809 	EXP 	demo_fixation: opacity = 1
19.7809 	EXP 	demo_fixation: pos = [0, 0]
19.7809 	EXP 	demo_enclosing_1: autoDraw = True
19.7809 	EXP 	demo_enclosing: autoDraw = True
19.7809 	EXP 	demo_fixation: autoDraw = True
19.7813 	EXP 	window1: mouseVisible = False
19.8012 	EXP 	demo_fixation: opacity = 1
19.8012 	EXP 	demo_fixation: pos = [0, 0]
19.8016 	EXP 	window1: mouseVisible = False
19.8172 	EXP 	demo_fixation: opacity = 1
19.8172 	EXP 	demo_fixation: pos = [0, 0]
19.8176 	EXP 	window1: mouseVisible = False
19.8339 	EXP 	demo_fixation: opacity = 1
19.8339 	EXP 	demo_fixation: pos = [0, 0]
19.8342 	EXP 	window1: mouseVisible = False
19.8505 	EXP 	demo_fixation: opacity = 1
19.8505 	EXP 	demo_fixation: pos = [0, 0]
19.8508 	EXP 	window1: mouseVisible = False
19.8678 	EXP 	demo_fixation: opacity = 1
19.8678 	EXP 	demo_fixation: pos = [0, 0]
19.8682 	EXP 	window1: mouseVisible = False
19.8838 	EXP 	demo_fixation: opacity = 1
19.8838 	EXP 	demo_fixation: pos = [0, 0]
19.8841 	EXP 	window1: mouseVisible = False
19.9011 	EXP 	demo_fixation: opacity = 1
19.9011 	EXP 	demo_fixation: pos = [0, 0]
19.9014 	EXP 	window1: mouseVisible = False
19.9172 	EXP 	demo_fixation: opacity = 1
19.9172 	EXP 	demo_fixation: pos = [0, 0]
19.9176 	EXP 	window1: mouseVisible = False
19.9338 	EXP 	demo_fixation: opacity = 1
19.9338 	EXP 	demo_fixation: pos = [0, 0]
19.9342 	EXP 	window1: mouseVisible = False
19.9505 	EXP 	demo_fixation: opacity = 1
19.9505 	EXP 	demo_fixation: pos = [0, 0]
19.9508 	EXP 	window1: mouseVisible = False
19.9677 	EXP 	demo_fixation: opacity = 1
19.9677 	EXP 	demo_fixation: pos = [0, 0]
19.9681 	EXP 	window1: mouseVisible = False
19.9842 	EXP 	demo_fixation: opacity = 1
19.9842 	EXP 	demo_fixation: pos = [0, 0]
19.9846 	EXP 	window1: mouseVisible = False
20.0010 	EXP 	demo_fixation: opacity = 1
20.0010 	EXP 	demo_fixation: pos = [0, 0]
20.0014 	EXP 	window1: mouseVisible = False
20.0177 	EXP 	demo_fixation: opacity = 1
20.0177 	EXP 	demo_fixation: pos = [0, 0]
20.0180 	EXP 	window1: mouseVisible = False
20.0335 	EXP 	demo_fixation: opacity = 1
20.0335 	EXP 	demo_fixation: pos = [0, 0]
20.0339 	EXP 	window1: mouseVisible = False
20.0503 	EXP 	demo_fixation: opacity = 1
20.0503 	EXP 	demo_fixation: pos = [0, 0]
20.0506 	EXP 	window1: mouseVisible = False
20.0670 	EXP 	demo_fixation: opacity = 1
20.0670 	EXP 	demo_fixation: pos = [0, 0]
20.0674 	EXP 	window1: mouseVisible = False
20.0835 	EXP 	demo_fixation: opacity = 1
20.0835 	EXP 	demo_fixation: pos = [0, 0]
20.0839 	EXP 	window1: mouseVisible = False
20.1009 	EXP 	demo_fixation: opacity = 1
20.1009 	EXP 	demo_fixation: pos = [0, 0]
20.1013 	EXP 	window1: mouseVisible = False
20.1170 	EXP 	demo_fixation: opacity = 1
20.1170 	EXP 	demo_fixation: pos = [0, 0]
20.1174 	EXP 	window1: mouseVisible = False
20.1336 	EXP 	demo_fixation: opacity = 1
20.1336 	EXP 	demo_fixation: pos = [0, 0]
20.1340 	EXP 	window1: mouseVisible = False
20.1501 	EXP 	demo_fixation: opacity = 1
20.1501 	EXP 	demo_fixation: pos = [0, 0]
20.1504 	EXP 	window1: mouseVisible = False
20.1667 	EXP 	demo_fixation: opacity = 1
20.1667 	EXP 	demo_fixation: pos = [0, 0]
20.1672 	EXP 	window1: mouseVisible = False
20.1845 	EXP 	demo_fixation: opacity = 1
20.1845 	EXP 	demo_fixation: pos = [0, 0]
20.1850 	EXP 	window1: mouseVisible = False
20.2008 	EXP 	demo_fixation: opacity = 1
20.2008 	EXP 	demo_fixation: pos = [0, 0]
20.2012 	EXP 	window1: mouseVisible = False
20.2177 	EXP 	demo_fixation: opacity = 1
20.2177 	EXP 	demo_fixation: pos = [0, 0]
20.2180 	EXP 	window1: mouseVisible = False
20.2336 	EXP 	demo_fixation: opacity = 1
20.2336 	EXP 	demo_fixation: pos = [0, 0]
20.2340 	EXP 	window1: mouseVisible = False
20.2503 	EXP 	demo_fixation: opacity = 1
20.2503 	EXP 	demo_fixation: pos = [0, 0]
20.2508 	EXP 	window1: mouseVisible = False
20.2668 	EXP 	demo_fixation: opacity = 1
20.2668 	EXP 	demo_fixation: pos = [0, 0]
20.2672 	EXP 	window1: mouseVisible = False
20.2836 	EXP 	demo_fixation: opacity = 1
20.2836 	EXP 	demo_fixation: pos = [0, 0]
20.2839 	EXP 	window1: mouseVisible = False
20.3003 	EXP 	demo_fixation: opacity = 1
20.3003 	EXP 	demo_fixation: pos = [0, 0]
20.3007 	EXP 	window1: mouseVisible = False
20.3166 	EXP 	demo_fixation: opacity = 1
20.3166 	EXP 	demo_fixation: pos = [0, 0]
20.3170 	EXP 	window1: mouseVisible = False
20.3335 	EXP 	demo_fixation: opacity = 1
20.3335 	EXP 	demo_fixation: pos = [0, 0]
20.3339 	EXP 	window1: mouseVisible = False
20.3502 	EXP 	demo_fixation: opacity = 1
20.3502 	EXP 	demo_fixation: pos = [0, 0]
20.3506 	EXP 	window1: mouseVisible = False
20.3668 	EXP 	demo_fixation: opacity = 1
20.3668 	EXP 	demo_fixation: pos = [0, 0]
20.3671 	EXP 	window1: mouseVisible = False
20.3834 	EXP 	demo_fixation: opacity = 1
20.3834 	EXP 	demo_fixation: pos = [0, 0]
20.3838 	EXP 	window1: mouseVisible = False
20.4007 	EXP 	demo_fixation: opacity = 1
20.4007 	EXP 	demo_fixation: pos = [0, 0]
20.4011 	EXP 	window1: mouseVisible = False
20.4175 	EXP 	demo_fixation: opacity = 1
20.4175 	EXP 	demo_fixation: pos = [0, 0]
20.4178 	EXP 	window1: mouseVisible = False
20.4341 	EXP 	demo_fixation: opacity = 1
20.4341 	EXP 	demo_fixation: pos = [0, 0]
20.4346 	EXP 	window1: mouseVisible = False
20.4499 	EXP 	demo_fixation: opacity = 1
20.4499 	EXP 	demo_fixation: pos = [0, 0]
20.4502 	EXP 	window1: mouseVisible = False
20.4668 	EXP 	demo_fixation: opacity = 1
20.4668 	EXP 	demo_fixation: pos = [0, 0]
20.4672 	EXP 	window1: mouseVisible = False
20.4844 	EXP 	demo_fixation: opacity = 1
20.4844 	EXP 	demo_fixation: pos = [0, 0]
20.4848 	EXP 	window1: mouseVisible = False
20.5009 	EXP 	demo_fixation: opacity = 1
20.5009 	EXP 	demo_fixation: pos = [0, 0]
20.5013 	EXP 	window1: mouseVisible = False
20.5169 	EXP 	demo_fixation: opacity = 1
20.5169 	EXP 	demo_fixation: pos = [0, 0]
20.5172 	EXP 	window1: mouseVisible = False
20.5331 	EXP 	demo_fixation: opacity = 1
20.5331 	EXP 	demo_fixation: pos = [0, 0]
20.5334 	EXP 	window1: mouseVisible = False
20.5499 	EXP 	demo_fixation: opacity = 1
20.5499 	EXP 	demo_fixation: pos = [0, 0]
20.5502 	EXP 	window1: mouseVisible = False
20.5665 	EXP 	demo_fixation: opacity = 1
20.5665 	EXP 	demo_fixation: pos = [0, 0]
20.5669 	EXP 	window1: mouseVisible = False
20.5832 	EXP 	demo_fixation: opacity = 1
20.5832 	EXP 	demo_fixation: pos = [0, 0]
20.5836 	EXP 	window1: mouseVisible = False
20.5998 	EXP 	demo_fixation: opacity = 1
20.5998 	EXP 	demo_fixation: pos = [0, 0]
20.6001 	EXP 	window1: mouseVisible = False
20.6165 	EXP 	demo_fixation: opacity = 1
20.6165 	EXP 	demo_fixation: pos = [0, 0]
20.6168 	EXP 	window1: mouseVisible = False
20.6338 	EXP 	demo_fixation: opacity = 1
20.6338 	EXP 	demo_fixation: pos = [0, 0]
20.6342 	EXP 	window1: mouseVisible = False
20.6498 	EXP 	demo_fixation: opacity = 1
20.6498 	EXP 	demo_fixation: pos = [0, 0]
20.6502 	EXP 	window1: mouseVisible = False
20.6665 	EXP 	demo_fixation: opacity = 1
20.6665 	EXP 	demo_fixation: pos = [0, 0]
20.6668 	EXP 	window1: mouseVisible = False
20.6838 	EXP 	demo_fixation: opacity = 1
20.6838 	EXP 	demo_fixation: pos = [0, 0]
20.6841 	EXP 	window1: mouseVisible = False
20.6999 	EXP 	demo_fixation: opacity = 1
20.6999 	EXP 	demo_fixation: pos = [0, 0]
20.7002 	EXP 	window1: mouseVisible = False
20.7166 	EXP 	demo_fixation: opacity = 1
20.7166 	EXP 	demo_fixation: pos = [0, 0]
20.7170 	EXP 	window1: mouseVisible = False
20.7332 	EXP 	demo_fixation: opacity = 1
20.7332 	EXP 	demo_fixation: pos = [0, 0]
20.7336 	EXP 	window1: mouseVisible = False
20.7497 	EXP 	demo_fixation: opacity = 1
20.7497 	EXP 	demo_fixation: pos = [0, 0]
20.7500 	EXP 	window1: mouseVisible = False
20.7662 	EXP 	demo_fixation: opacity = 1
20.7662 	EXP 	demo_fixation: pos = [0, 0]
20.7665 	EXP 	window1: mouseVisible = False
20.7828 	EXP 	demo_fixation: opacity = 1
20.7828 	EXP 	demo_fixation: pos = [0, 0]
20.7832 	EXP 	window1: mouseVisible = False
20.7998 	EXP 	demo_fixation: opacity = 1
20.7998 	EXP 	demo_fixation: pos = [0, 0]
20.8001 	EXP 	window1: mouseVisible = False
20.8162 	EXP 	demo_fixation: opacity = 1
20.8162 	EXP 	demo_fixation: pos = [0, 0]
20.8166 	EXP 	window1: mouseVisible = False
20.8330 	EXP 	demo_fixation: opacity = 1
20.8330 	EXP 	demo_fixation: pos = [0, 0]
20.8333 	EXP 	window1: mouseVisible = False
20.8496 	EXP 	demo_fixation: opacity = 1
20.8496 	EXP 	demo_fixation: pos = [0, 0]
20.8496 	EXP 	demo_target: autoDraw = True
20.8499 	EXP 	window1: mouseVisible = False
20.8666 	EXP 	demo_fixation: opacity = 1
20.8666 	EXP 	demo_fixation: pos = [0, 0]
20.8670 	EXP 	window1: mouseVisible = False
20.8830 	EXP 	demo_fixation: opacity = 1
20.8830 	EXP 	demo_fixation: pos = [0, 0]
20.8834 	EXP 	window1: mouseVisible = False
20.8994 	EXP 	demo_fixation: opacity = 1
20.8994 	EXP 	demo_fixation: pos = [0, 0]
20.8998 	EXP 	window1: mouseVisible = False
20.9172 	EXP 	demo_fixation: opacity = 1
20.9172 	EXP 	demo_fixation: pos = [0, 0]
20.9176 	EXP 	window1: mouseVisible = False
20.9337 	EXP 	demo_fixation: opacity = 1
20.9337 	EXP 	demo_fixation: pos = [0, 0]
20.9341 	EXP 	window1: mouseVisible = False
20.9494 	EXP 	demo_fixation: opacity = 1
20.9494 	EXP 	demo_fixation: pos = [0, 0]
20.9498 	EXP 	window1: mouseVisible = False
20.9665 	EXP 	demo_fixation: opacity = 1
20.9665 	EXP 	demo_fixation: pos = [0, 0]
20.9669 	EXP 	window1: mouseVisible = False
20.9831 	EXP 	demo_fixation: opacity = 1
20.9831 	EXP 	demo_fixation: pos = [0, 0]
20.9834 	EXP 	window1: mouseVisible = False
20.9996 	EXP 	demo_fixation: opacity = 1
20.9996 	EXP 	demo_fixation: pos = [0, 0]
20.9999 	EXP 	window1: mouseVisible = False
21.0159 	EXP 	demo_fixation: opacity = 1
21.0159 	EXP 	demo_fixation: pos = [0, 0]
21.0163 	EXP 	window1: mouseVisible = False
21.0326 	EXP 	demo_fixation: opacity = 1
21.0326 	EXP 	demo_fixation: pos = [0, 0]
21.0330 	EXP 	window1: mouseVisible = False
21.0499 	EXP 	demo_fixation: opacity = 1
21.0499 	EXP 	demo_fixation: pos = [0, 0]
21.0503 	EXP 	window1: mouseVisible = False
21.0668 	EXP 	demo_fixation: opacity = 1
21.0668 	EXP 	demo_fixation: pos = [0, 0]
21.0671 	EXP 	window1: mouseVisible = False
21.0825 	EXP 	demo_fixation: opacity = 1
21.0825 	EXP 	demo_fixation: pos = [0, 0]
21.0829 	EXP 	window1: mouseVisible = False
21.0994 	EXP 	demo_fixation: opacity = 1
21.0994 	EXP 	demo_fixation: pos = [0, 0]
21.0998 	EXP 	window1: mouseVisible = False
21.1158 	EXP 	demo_fixation: opacity = 1
21.1158 	EXP 	demo_fixation: pos = [0, 0]
21.1162 	EXP 	window1: mouseVisible = False
21.1336 	EXP 	demo_fixation: opacity = 1
21.1336 	EXP 	demo_fixation: pos = [0, 0]
21.1339 	EXP 	window1: mouseVisible = False
21.1493 	EXP 	demo_fixation: opacity = 1
21.1493 	EXP 	demo_fixation: pos = [0, 0]
21.1497 	EXP 	window1: mouseVisible = False
21.1661 	EXP 	demo_fixation: opacity = 1
21.1661 	EXP 	demo_fixation: pos = [0, 0]
21.1664 	EXP 	window1: mouseVisible = False
21.1827 	EXP 	demo_fixation: opacity = 1
21.1827 	EXP 	demo_fixation: pos = [0, 0]
21.1831 	EXP 	window1: mouseVisible = False
21.1994 	EXP 	demo_fixation: opacity = 1
21.1994 	EXP 	demo_fixation: pos = [0, 0]
21.1997 	EXP 	window1: mouseVisible = False
21.2164 	EXP 	demo_fixation: opacity = 1
21.2164 	EXP 	demo_fixation: pos = [0, 0]
21.2168 	EXP 	window1: mouseVisible = False
21.2333 	EXP 	demo_fixation: opacity = 1
21.2333 	EXP 	demo_fixation: pos = [0, 0]
21.2336 	EXP 	window1: mouseVisible = False
21.2493 	EXP 	demo_fixation: opacity = 1
21.2493 	EXP 	demo_fixation: pos = [0, 0]
21.2497 	EXP 	window1: mouseVisible = False
21.2656 	EXP 	demo_fixation: opacity = 1
21.2656 	EXP 	demo_fixation: pos = [0, 0]
21.2660 	EXP 	window1: mouseVisible = False
21.2825 	EXP 	demo_fixation: opacity = 1
21.2825 	EXP 	demo_fixation: pos = [0, 0]
21.2828 	EXP 	window1: mouseVisible = False
21.2997 	EXP 	demo_fixation: opacity = 1
21.2997 	EXP 	demo_fixation: pos = [0, 0]
21.3001 	EXP 	window1: mouseVisible = False
21.3020 	DATA 	Mouse: Left button down, pos=(960,540)
21.3163 	EXP 	demo_fixation: opacity = 0
21.3167 	EXP 	window1: mouseVisible = False
21.3324 	EXP 	demo_fixation: opacity = 0
21.3328 	EXP 	window1: mouseVisible = False
21.3492 	EXP 	demo_fixation: opacity = 0
21.3495 	EXP 	window1: mouseVisible = False
21.3659 	EXP 	demo_fixation: opacity = 0
21.3662 	EXP 	window1: mouseVisible = False
21.3824 	EXP 	demo_fixation: opacity = 0
21.3827 	EXP 	window1: mouseVisible = False
21.3991 	EXP 	demo_fixation: opacity = 0
21.3994 	EXP 	window1: mouseVisible = False
21.4157 	EXP 	demo_fixation: opacity = 0
21.4161 	EXP 	window1: mouseVisible = False
21.4327 	EXP 	demo_fixation: opacity = 0
21.4331 	EXP 	window1: mouseVisible = False
21.4490 	EXP 	demo_fixation: opacity = 0
21.4494 	EXP 	window1: mouseVisible = False
21.4657 	EXP 	demo_fixation: opacity = 0
21.4663 	EXP 	window1: mouseVisible = False
21.4826 	EXP 	demo_fixation: opacity = 0
21.4829 	EXP 	window1: mouseVisible = False
21.4992 	EXP 	demo_fixation: opacity = 0
21.4995 	EXP 	window1: mouseVisible = False
21.5154 	EXP 	demo_fixation: opacity = 0
21.5157 	EXP 	window1: mouseVisible = False
21.5323 	EXP 	demo_fixation: opacity = 0
21.5326 	EXP 	window1: mouseVisible = False
21.5494 	EXP 	demo_fixation: opacity = 0
21.5497 	EXP 	window1: mouseVisible = False
21.5658 	EXP 	demo_fixation: opacity = 0
21.5661 	EXP 	window1: mouseVisible = False
21.5823 	EXP 	demo_fixation: opacity = 0
21.5826 	EXP 	window1: mouseVisible = False
21.6592 	EXP 	demo_fixation: opacity = 0
21.6592 	EXP 	demo_fixation: pos = array([ 0.35833333, -0.25833333])
21.6592 	EXP 	demo_fixation: opacity = 1
21.6592 	EXP 	demo_enclosing_1: autoDraw = False
21.6592 	EXP 	demo_enclosing: autoDraw = False
21.6592 	EXP 	demo_target: autoDraw = False
21.6592 	EXP 	demo_fixation: autoDraw = False
21.6592 	EXP 	demo_fixation: opacity = 1
21.6592 	EXP 	demo_target_feedback: pos = array([ 0.3, -0.3])
21.6592 	EXP 	demo_fixation_feedback: pos = array([ 0.35833333, -0.25833333])
21.6592 	EXP 	demo_score_text: text = 'Your score: 1.8369894000061322'
21.6592 	EXP 	demo_enclosing_feedback_1: autoDraw = True
21.6592 	EXP 	demo_enclosing_feedback: autoDraw = True
21.6592 	EXP 	demo_target_feedback: autoDraw = True
21.6592 	EXP 	demo_fixation_feedback: autoDraw = True
21.6592 	EXP 	demo_score_text: autoDraw = True
21.8058 	DATA 	Mouse:  Left button up, pos=(1494,202)
22.1652 	EXP 	demo_fixation_feedback: autoDraw = False
22.6207 	EXP 	New trial (rep=0, index=1): OrderedDict([('target_x', -0.3), ('target_y', 0.3), ('rotation', 0)])
22.6225 	EXP 	window1: mouseVisible = False
22.6347 	EXP 	demo_enclosing_feedback_1: autoDraw = False
22.6347 	EXP 	demo_enclosing_feedback: autoDraw = False
22.6347 	EXP 	demo_target_feedback: autoDraw = False
22.6347 	EXP 	demo_fixation_feedback: autoDraw = False
22.6347 	EXP 	demo_score_text: autoDraw = False
22.6347 	EXP 	demo_fixation: opacity = 1
22.6347 	EXP 	demo_fixation: pos = [0, 0]
22.6347 	EXP 	demo_target: pos = array([-0.3,  0.3])
22.6347 	EXP 	demo_fixation: pos = array([0., 0.])
22.6347 	EXP 	demo_fixation: opacity = 1
22.6347 	EXP 	demo_fixation: pos = [0, 0]
22.6347 	EXP 	demo_enclosing_1: autoDraw = True
22.6347 	EXP 	demo_enclosing: autoDraw = True
22.6347 	EXP 	demo_fixation: autoDraw = True
22.6352 	EXP 	window1: mouseVisible = False
22.6481 	EXP 	demo_fixation: opacity = 1
22.6481 	EXP 	demo_fixation: pos = [0, 0]
22.6484 	EXP 	window1: mouseVisible = False
22.6646 	EXP 	demo_fixation: opacity = 1
22.6646 	EXP 	demo_fixation: pos = [0, 0]
22.6649 	EXP 	window1: mouseVisible = False
22.6811 	EXP 	demo_fixation: opacity = 1
22.6811 	EXP 	demo_fixation: pos = [0, 0]
22.6815 	EXP 	window1: mouseVisible = False
22.6979 	EXP 	demo_fixation: opacity = 1
22.6979 	EXP 	demo_fixation: pos = [0, 0]
22.6982 	EXP 	window1: mouseVisible = False
22.7146 	EXP 	demo_fixation: opacity = 1
22.7146 	EXP 	demo_fixation: pos = [0, 0]
22.7149 	EXP 	window1: mouseVisible = False
22.7310 	EXP 	demo_fixation: opacity = 1
22.7310 	EXP 	demo_fixation: pos = [0, 0]
22.7313 	EXP 	window1: mouseVisible = False
22.7478 	EXP 	demo_fixation: opacity = 1
22.7478 	EXP 	demo_fixation: pos = [0, 0]
22.7482 	EXP 	window1: mouseVisible = False
22.7648 	EXP 	demo_fixation: opacity = 1
22.7648 	EXP 	demo_fixation: pos = [0, 0]
22.7652 	EXP 	window1: mouseVisible = False
22.7810 	EXP 	demo_fixation: opacity = 1
22.7810 	EXP 	demo_fixation: pos = [0, 0]
22.7813 	EXP 	window1: mouseVisible = False
22.7985 	EXP 	demo_fixation: opacity = 1
22.7985 	EXP 	demo_fixation: pos = [0, 0]
22.7988 	EXP 	window1: mouseVisible = False
22.8144 	EXP 	demo_fixation: opacity = 1
22.8144 	EXP 	demo_fixation: pos = [0, 0]
22.8148 	EXP 	window1: mouseVisible = False
22.8317 	EXP 	demo_fixation: opacity = 1
22.8317 	EXP 	demo_fixation: pos = [0, 0]
22.8320 	EXP 	window1: mouseVisible = False
22.8476 	EXP 	demo_fixation: opacity = 1
22.8476 	EXP 	demo_fixation: pos = [0, 0]
22.8480 	EXP 	window1: mouseVisible = False
22.8648 	EXP 	demo_fixation: opacity = 1
22.8648 	EXP 	demo_fixation: pos = [0, 0]
22.8651 	EXP 	window1: mouseVisible = False
22.8809 	EXP 	demo_fixation: opacity = 1
22.8809 	EXP 	demo_fixation: pos = [0, 0]
22.8812 	EXP 	window1: mouseVisible = False
22.8978 	EXP 	demo_fixation: opacity = 1
22.8978 	EXP 	demo_fixation: pos = [0, 0]
22.8981 	EXP 	window1: mouseVisible = False
22.9142 	EXP 	demo_fixation: opacity = 1
22.9142 	EXP 	demo_fixation: pos = [0, 0]
22.9146 	EXP 	window1: mouseVisible = False
22.9309 	EXP 	demo_fixation: opacity = 1
22.9309 	EXP 	demo_fixation: pos = [0, 0]
22.9313 	EXP 	window1: mouseVisible = False
22.9476 	EXP 	demo_fixation: opacity = 1
22.9476 	EXP 	demo_fixation: pos = [0, 0]
22.9480 	EXP 	window1: mouseVisible = False
22.9650 	EXP 	demo_fixation: opacity = 1
22.9650 	EXP 	demo_fixation: pos = [0, 0]
22.9653 	EXP 	window1: mouseVisible = False
22.9813 	EXP 	demo_fixation: opacity = 1
22.9813 	EXP 	demo_fixation: pos = [0, 0]
22.9816 	EXP 	window1: mouseVisible = False
22.9980 	EXP 	demo_fixation: opacity = 1
22.9980 	EXP 	demo_fixation: pos = [0, 0]
22.9983 	EXP 	window1: mouseVisible = False
23.0150 	EXP 	demo_fixation: opacity = 1
23.0150 	EXP 	demo_fixation: pos = [0, 0]
23.0154 	EXP 	window1: mouseVisible = False
23.0311 	EXP 	demo_fixation: opacity = 1
23.0311 	EXP 	demo_fixation: pos = [0, 0]
23.0314 	EXP 	window1: mouseVisible = False
23.0476 	EXP 	demo_fixation: opacity = 1
23.0476 	EXP 	demo_fixation: pos = [0, 0]
23.0479 	EXP 	window1: mouseVisible = False
23.0641 	EXP 	demo_fixation: opacity = 1
23.0641 	EXP 	demo_fixation: pos = [0, 0]
23.0645 	EXP 	window1: mouseVisible = False
23.0814 	EXP 	demo_fixation: opacity = 1
23.0814 	EXP 	demo_fixation: pos = [0, 0]
23.0817 	EXP 	window1: mouseVisible = False
23.0977 	EXP 	demo_fixation: opacity = 1
23.0977 	EXP 	demo_fixation: pos = [0, 0]
23.0981 	EXP 	window1: mouseVisible = False
23.1141 	EXP 	demo_fixation: opacity = 1
23.1141 	EXP 	demo_fixation: pos = [0, 0]
23.1145 	EXP 	window1: mouseVisible = False
23.1310 	EXP 	demo_fixation: opacity = 1
23.1310 	EXP 	demo_fixation: pos = [0, 0]
23.1313 	EXP 	window1: mouseVisible = False
23.1475 	EXP 	demo_fixation: opacity = 1
23.1475 	EXP 	demo_fixation: pos = [0, 0]
23.1479 	EXP 	window1: mouseVisible = False
23.1646 	EXP 	demo_fixation: opacity = 1
23.1646 	EXP 	demo_fixation: pos = [0, 0]
23.1649 	EXP 	window1: mouseVisible = False
23.1808 	EXP 	demo_fixation: opacity = 1
23.1808 	EXP 	demo_fixation: pos = [0, 0]
23.1813 	EXP 	window1: mouseVisible = False
23.1975 	EXP 	demo_fixation: opacity = 1
23.1975 	EXP 	demo_fixation: pos = [0, 0]
23.1979 	EXP 	window1: mouseVisible = False
23.2148 	EXP 	demo_fixation: opacity = 1
23.2148 	EXP 	demo_fixation: pos = [0, 0]
23.2152 	EXP 	window1: mouseVisible = False
23.2306 	EXP 	demo_fixation: opacity = 1
23.2306 	EXP 	demo_fixation: pos = [0, 0]
23.2310 	EXP 	window1: mouseVisible = False
23.2474 	EXP 	demo_fixation: opacity = 1
23.2474 	EXP 	demo_fixation: pos = [0, 0]
23.2478 	EXP 	window1: mouseVisible = False
23.2644 	EXP 	demo_fixation: opacity = 1
23.2644 	EXP 	demo_fixation: pos = [0, 0]
23.2648 	EXP 	window1: mouseVisible = False
23.2806 	EXP 	demo_fixation: opacity = 1
23.2806 	EXP 	demo_fixation: pos = [0, 0]
23.2809 	EXP 	window1: mouseVisible = False
23.2977 	EXP 	demo_fixation: opacity = 1
23.2977 	EXP 	demo_fixation: pos = [0, 0]
23.2982 	EXP 	window1: mouseVisible = False
23.3161 	EXP 	demo_fixation: opacity = 1
23.3161 	EXP 	demo_fixation: pos = [0, 0]
23.3161 	EXP 	demo_target: autoDraw = True
23.3166 	EXP 	window1: mouseVisible = False
23.3311 	EXP 	demo_fixation: opacity = 1
23.3311 	EXP 	demo_fixation: pos = [0, 0]
23.3315 	EXP 	window1: mouseVisible = False
23.3473 	EXP 	demo_fixation: opacity = 1
23.3473 	EXP 	demo_fixation: pos = [0, 0]
23.3476 	EXP 	window1: mouseVisible = False
23.3646 	EXP 	demo_fixation: opacity = 1
23.3646 	EXP 	demo_fixation: pos = [0, 0]
23.3650 	EXP 	window1: mouseVisible = False
23.3806 	EXP 	demo_fixation: opacity = 1
23.3806 	EXP 	demo_fixation: pos = [0, 0]
23.3810 	EXP 	window1: mouseVisible = False
23.3972 	EXP 	demo_fixation: opacity = 1
23.3972 	EXP 	demo_fixation: pos = [0, 0]
23.3976 	EXP 	window1: mouseVisible = False
23.4146 	EXP 	demo_fixation: opacity = 1
23.4146 	EXP 	demo_fixation: pos = [0, 0]
23.4150 	EXP 	window1: mouseVisible = False
23.4304 	EXP 	demo_fixation: opacity = 1
23.4304 	EXP 	demo_fixation: pos = [0, 0]
23.4308 	EXP 	window1: mouseVisible = False
23.4482 	EXP 	demo_fixation: opacity = 1
23.4482 	EXP 	demo_fixation: pos = [0, 0]
23.4485 	EXP 	window1: mouseVisible = False
23.4640 	EXP 	demo_fixation: opacity = 1
23.4640 	EXP 	demo_fixation: pos = [0, 0]
23.4644 	EXP 	window1: mouseVisible = False
23.4806 	EXP 	demo_fixation: opacity = 1
23.4806 	EXP 	demo_fixation: pos = [0, 0]
23.4811 	EXP 	window1: mouseVisible = False
23.4974 	EXP 	demo_fixation: opacity = 1
23.4974 	EXP 	demo_fixation: pos = [0, 0]
23.4978 	EXP 	window1: mouseVisible = False
23.5141 	EXP 	demo_fixation: opacity = 1
23.5141 	EXP 	demo_fixation: pos = [0, 0]
23.5146 	EXP 	window1: mouseVisible = False
23.5307 	EXP 	demo_fixation: opacity = 1
23.5307 	EXP 	demo_fixation: pos = [0, 0]
23.5312 	EXP 	window1: mouseVisible = False
23.5472 	EXP 	demo_fixation: opacity = 1
23.5472 	EXP 	demo_fixation: pos = [0, 0]
23.5475 	EXP 	window1: mouseVisible = False
23.5645 	EXP 	demo_fixation: opacity = 1
23.5645 	EXP 	demo_fixation: pos = [0, 0]
23.5648 	EXP 	window1: mouseVisible = False
23.5804 	EXP 	demo_fixation: opacity = 1
23.5804 	EXP 	demo_fixation: pos = [0, 0]
23.5807 	EXP 	window1: mouseVisible = False
23.5971 	EXP 	demo_fixation: opacity = 1
23.5971 	EXP 	demo_fixation: pos = [0, 0]
23.5975 	EXP 	window1: mouseVisible = False
23.6136 	EXP 	demo_fixation: opacity = 1
23.6136 	EXP 	demo_fixation: pos = [0, 0]
23.6140 	EXP 	window1: mouseVisible = False
23.6302 	EXP 	demo_fixation: opacity = 1
23.6302 	EXP 	demo_fixation: pos = [0, 0]
23.6306 	EXP 	window1: mouseVisible = False
23.6472 	EXP 	demo_fixation: opacity = 1
23.6472 	EXP 	demo_fixation: pos = [0, 0]
23.6477 	EXP 	window1: mouseVisible = False
23.6645 	EXP 	demo_fixation: opacity = 1
23.6645 	EXP 	demo_fixation: pos = [0, 0]
23.6648 	EXP 	window1: mouseVisible = False
23.6802 	EXP 	demo_fixation: opacity = 1
23.6802 	EXP 	demo_fixation: pos = [0, 0]
23.6807 	EXP 	window1: mouseVisible = False
23.6970 	EXP 	demo_fixation: opacity = 1
23.6970 	EXP 	demo_fixation: pos = [0, 0]
23.6974 	EXP 	window1: mouseVisible = False
23.7140 	EXP 	demo_fixation: opacity = 1
23.7140 	EXP 	demo_fixation: pos = [0, 0]
23.7144 	EXP 	window1: mouseVisible = False
23.7304 	EXP 	demo_fixation: opacity = 1
23.7304 	EXP 	demo_fixation: pos = [0, 0]
23.7307 	EXP 	window1: mouseVisible = False
23.7472 	EXP 	demo_fixation: opacity = 1
23.7472 	EXP 	demo_fixation: pos = [0, 0]
23.7476 	EXP 	window1: mouseVisible = False
23.7636 	EXP 	demo_fixation: opacity = 1
23.7636 	EXP 	demo_fixation: pos = [0, 0]
23.7639 	EXP 	window1: mouseVisible = False
23.7802 	EXP 	demo_fixation: opacity = 1
23.7802 	EXP 	demo_fixation: pos = [0, 0]
23.7805 	EXP 	window1: mouseVisible = False
23.7968 	EXP 	demo_fixation: opacity = 1
23.7968 	EXP 	demo_fixation: pos = [0, 0]
23.7972 	EXP 	window1: mouseVisible = False
23.8134 	EXP 	demo_fixation: opacity = 1
23.8134 	EXP 	demo_fixation: pos = [0, 0]
23.8138 	EXP 	window1: mouseVisible = False
23.8162 	DATA 	Mouse: Left button down, pos=(960,540)
23.8305 	EXP 	demo_fixation: opacity = 0
23.8308 	EXP 	window1: mouseVisible = False
23.8468 	EXP 	demo_fixation: opacity = 0
23.8471 	EXP 	window1: mouseVisible = False
23.8633 	EXP 	demo_fixation: opacity = 0
23.8636 	EXP 	window1: mouseVisible = False
23.8801 	EXP 	demo_fixation: opacity = 0
23.8804 	EXP 	window1: mouseVisible = False
23.8965 	EXP 	demo_fixation: opacity = 0
23.8969 	EXP 	window1: mouseVisible = False
23.9139 	EXP 	demo_fixation: opacity = 0
23.9142 	EXP 	window1: mouseVisible = False
23.9196 	DATA 	Mouse:  Left button up, pos=(960,540)
23.9299 	EXP 	demo_fixation: opacity = 0
23.9302 	EXP 	window1: mouseVisible = False
23.9468 	EXP 	demo_fixation: opacity = 1
23.9468 	EXP 	demo_fixation: pos = [0, 0]
23.9471 	EXP 	window1: mouseVisible = False
23.9637 	EXP 	demo_fixation: opacity = 1
23.9637 	EXP 	demo_fixation: pos = [0, 0]
23.9641 	EXP 	window1: mouseVisible = False
23.9808 	EXP 	demo_fixation: opacity = 1
23.9808 	EXP 	demo_fixation: pos = [0, 0]
23.9812 	EXP 	window1: mouseVisible = False
23.9966 	EXP 	demo_fixation: opacity = 1
23.9966 	EXP 	demo_fixation: pos = [0, 0]
23.9970 	EXP 	window1: mouseVisible = False
24.0133 	EXP 	demo_fixation: opacity = 1
24.0133 	EXP 	demo_fixation: pos = [0, 0]
24.0136 	EXP 	window1: mouseVisible = False
24.0298 	EXP 	demo_fixation: opacity = 1
24.0298 	EXP 	demo_fixation: pos = [0, 0]
24.0302 	EXP 	window1: mouseVisible = False
24.0465 	EXP 	demo_fixation: opacity = 1
24.0465 	EXP 	demo_fixation: pos = [0, 0]
24.0469 	EXP 	window1: mouseVisible = False
24.0635 	EXP 	demo_fixation: opacity = 1
24.0635 	EXP 	demo_fixation: pos = [0, 0]
24.0639 	EXP 	window1: mouseVisible = False
24.0799 	EXP 	demo_fixation: opacity = 1
24.0799 	EXP 	demo_fixation: pos = [0, 0]
24.0803 	EXP 	window1: mouseVisible = False
24.0965 	EXP 	demo_fixation: opacity = 1
24.0965 	EXP 	demo_fixation: pos = [0, 0]
24.0969 	EXP 	window1: mouseVisible = False
24.1132 	EXP 	demo_fixation: opacity = 1
24.1132 	EXP 	demo_fixation: pos = [0, 0]
24.1136 	EXP 	window1: mouseVisible = False
24.1298 	EXP 	demo_fixation: opacity = 1
24.1298 	EXP 	demo_fixation: pos = [0, 0]
24.1301 	EXP 	window1: mouseVisible = False
24.1471 	EXP 	demo_fixation: opacity = 1
24.1471 	EXP 	demo_fixation: pos = [0, 0]
24.1474 	EXP 	window1: mouseVisible = False
24.1631 	EXP 	demo_fixation: opacity = 1
24.1631 	EXP 	demo_fixation: pos = [0, 0]
24.1634 	EXP 	window1: mouseVisible = False
24.1806 	EXP 	demo_fixation: opacity = 1
24.1806 	EXP 	demo_fixation: pos = [0, 0]
24.1810 	EXP 	window1: mouseVisible = False
24.1965 	EXP 	demo_fixation: opacity = 1
24.1965 	EXP 	demo_fixation: pos = [0, 0]
24.1968 	EXP 	window1: mouseVisible = False
24.2144 	EXP 	demo_fixation: opacity = 1
24.2144 	EXP 	demo_fixation: pos = [0, 0]
24.2147 	EXP 	window1: mouseVisible = False
24.2300 	EXP 	demo_fixation: opacity = 1
24.2300 	EXP 	demo_fixation: pos = [0, 0]
24.2304 	EXP 	window1: mouseVisible = False
24.2466 	EXP 	demo_fixation: opacity = 1
24.2466 	EXP 	demo_fixation: pos = [0, 0]
24.2469 	EXP 	window1: mouseVisible = False
24.2630 	EXP 	demo_fixation: opacity = 1
24.2630 	EXP 	demo_fixation: pos = [0, 0]
24.2634 	EXP 	window1: mouseVisible = False
24.2796 	EXP 	demo_fixation: opacity = 1
24.2796 	EXP 	demo_fixation: pos = [0, 0]
24.2800 	EXP 	window1: mouseVisible = False
24.2964 	EXP 	demo_fixation: opacity = 1
24.2964 	EXP 	demo_fixation: pos = [0, 0]
24.2968 	EXP 	window1: mouseVisible = False
24.2985 	DATA 	Mouse: Left button down, pos=(960,540)
24.3137 	EXP 	demo_fixation: opacity = 0
24.3141 	EXP 	window1: mouseVisible = False
24.3297 	EXP 	demo_fixation: opacity = 0
24.3301 	EXP 	window1: mouseVisible = False
24.3463 	EXP 	demo_fixation: opacity = 0
24.3467 	EXP 	window1: mouseVisible = False
24.3629 	EXP 	demo_fixation: opacity = 0
24.3632 	EXP 	window1: mouseVisible = False
24.3796 	EXP 	demo_fixation: opacity = 0
24.3799 	EXP 	window1: mouseVisible = False
24.3963 	EXP 	demo_fixation: opacity = 0
24.3967 	EXP 	window1: mouseVisible = False
24.4131 	EXP 	demo_fixation: opacity = 0
24.4135 	EXP 	window1: mouseVisible = False
24.4296 	EXP 	demo_fixation: opacity = 0
24.4300 	EXP 	window1: mouseVisible = False
24.4460 	EXP 	demo_fixation: opacity = 0
24.4464 	EXP 	window1: mouseVisible = False
24.4632 	EXP 	demo_fixation: opacity = 0
24.4636 	EXP 	window1: mouseVisible = False
24.4807 	EXP 	demo_fixation: opacity = 0
24.4810 	EXP 	window1: mouseVisible = False
24.4969 	EXP 	demo_fixation: opacity = 0
24.4975 	EXP 	window1: mouseVisible = False
24.5135 	EXP 	demo_fixation: opacity = 0
24.5141 	EXP 	window1: mouseVisible = False
24.5294 	EXP 	demo_fixation: opacity = 0
24.5298 	EXP 	window1: mouseVisible = False
24.5462 	EXP 	demo_fixation: opacity = 0
24.5465 	EXP 	window1: mouseVisible = False
24.5627 	EXP 	demo_fixation: opacity = 0
24.5631 	EXP 	window1: mouseVisible = False
24.5794 	EXP 	demo_fixation: opacity = 0
24.5798 	EXP 	window1: mouseVisible = False
24.5961 	EXP 	demo_fixation: opacity = 0
24.5964 	EXP 	window1: mouseVisible = False
24.6125 	EXP 	demo_fixation: opacity = 0
24.6129 	EXP 	window1: mouseVisible = False
24.6293 	EXP 	demo_fixation: opacity = 0
24.6297 	EXP 	window1: mouseVisible = False
24.6459 	EXP 	demo_fixation: opacity = 0
24.6464 	EXP 	window1: mouseVisible = False
24.6639 	EXP 	demo_fixation: opacity = 0
24.6642 	EXP 	window1: mouseVisible = False
24.6794 	EXP 	demo_fixation: opacity = 0
24.6797 	EXP 	window1: mouseVisible = False
24.6960 	EXP 	demo_fixation: opacity = 0
24.6964 	EXP 	window1: mouseVisible = False
24.7126 	EXP 	demo_fixation: opacity = 0
24.7129 	EXP 	window1: mouseVisible = False
24.7648 	EXP 	demo_fixation: opacity = 0
24.7648 	EXP 	demo_fixation: pos = array([-0.35      ,  0.24351852])
24.7648 	EXP 	demo_fixation: opacity = 1
24.7648 	EXP 	demo_enclosing_1: autoDraw = False
24.7648 	EXP 	demo_enclosing: autoDraw = False
24.7648 	EXP 	demo_target: autoDraw = False
24.7648 	EXP 	demo_fixation: autoDraw = False
24.7648 	EXP 	demo_fixation: opacity = 1
24.7648 	EXP 	demo_target_feedback: pos = array([-0.3,  0.3])
24.7648 	EXP 	demo_fixation_feedback: pos = array([-0.35      ,  0.24351852])
24.7648 	EXP 	demo_score_text: text = 'Your score: 2.105701799999224'
24.7648 	EXP 	demo_enclosing_feedback_1: autoDraw = True
24.7648 	EXP 	demo_enclosing_feedback: autoDraw = True
24.7648 	EXP 	demo_target_feedback: autoDraw = True
24.7648 	EXP 	demo_fixation_feedback: autoDraw = True
24.7648 	EXP 	demo_score_text: autoDraw = True
25.0357 	DATA 	Mouse:  Left button up, pos=(520,845)
25.2787 	EXP 	demo_fixation_feedback: autoDraw = False
25.7321 	EXP 	New trial (rep=0, index=2): OrderedDict([('target_x', -0.3), ('target_y', -0.3), ('rotation', 0)])
25.7343 	EXP 	window1: mouseVisible = False
25.7465 	EXP 	demo_enclosing_feedback_1: autoDraw = False
25.7465 	EXP 	demo_enclosing_feedback: autoDraw = False
25.7465 	EXP 	demo_target_feedback: autoDraw = False
25.7465 	EXP 	demo_fixation_feedback: autoDraw = False
25.7465 	EXP 	demo_score_text: autoDraw = False
25.7465 	EXP 	demo_fixation: opacity = 1
25.7465 	EXP 	demo_fixation: pos = [0, 0]
25.7465 	EXP 	demo_target: pos = array([-0.3, -0.3])
25.7465 	EXP 	demo_fixation: pos = array([0., 0.])
25.7465 	EXP 	demo_fixation: opacity = 1
25.7465 	EXP 	demo_fixation: pos = [0, 0]
25.7465 	EXP 	demo_enclosing_1: autoDraw = True
25.7465 	EXP 	demo_enclosing: autoDraw = True
25.7465 	EXP 	demo_fixation: autoDraw = True
25.7470 	EXP 	window1: mouseVisible = False
25.7621 	EXP 	demo_fixation: opacity = 1
25.7621 	EXP 	demo_fixation: pos = [0, 0]
25.7624 	EXP 	window1: mouseVisible = False
25.7782 	EXP 	demo_fixation: opacity = 1
25.7782 	EXP 	demo_fixation: pos = [0, 0]
25.7785 	EXP 	window1: mouseVisible = False
25.7950 	EXP 	demo_fixation: opacity = 1
25.7950 	EXP 	demo_fixation: pos = [0, 0]
25.7953 	EXP 	window1: mouseVisible = False
25.8117 	EXP 	demo_fixation: opacity = 1
25.8117 	EXP 	demo_fixation: pos = [0, 0]
25.8121 	EXP 	window1: mouseVisible = False
25.8289 	EXP 	demo_fixation: opacity = 1
25.8289 	EXP 	demo_fixation: pos = [0, 0]
25.8292 	EXP 	window1: mouseVisible = False
25.8450 	EXP 	demo_fixation: opacity = 1
25.8450 	EXP 	demo_fixation: pos = [0, 0]
25.8453 	EXP 	window1: mouseVisible = False
25.8621 	EXP 	demo_fixation: opacity = 1
25.8621 	EXP 	demo_fixation: pos = [0, 0]
25.8625 	EXP 	window1: mouseVisible = False
25.8782 	EXP 	demo_fixation: opacity = 1
25.8782 	EXP 	demo_fixation: pos = [0, 0]
25.8785 	EXP 	window1: mouseVisible = False
25.8947 	EXP 	demo_fixation: opacity = 1
25.8947 	EXP 	demo_fixation: pos = [0, 0]
25.8951 	EXP 	window1: mouseVisible = False
25.9114 	EXP 	demo_fixation: opacity = 1
25.9114 	EXP 	demo_fixation: pos = [0, 0]
25.9118 	EXP 	window1: mouseVisible = False
25.9283 	EXP 	demo_fixation: opacity = 1
25.9283 	EXP 	demo_fixation: pos = [0, 0]
25.9286 	EXP 	window1: mouseVisible = False
25.9447 	EXP 	demo_fixation: opacity = 1
25.9447 	EXP 	demo_fixation: pos = [0, 0]
25.9451 	EXP 	window1: mouseVisible = False
25.9615 	EXP 	demo_fixation: opacity = 1
25.9615 	EXP 	demo_fixation: pos = [0, 0]
25.9619 	EXP 	window1: mouseVisible = False
25.9783 	EXP 	demo_fixation: opacity = 1
25.9783 	EXP 	demo_fixation: pos = [0, 0]
25.9787 	EXP 	window1: mouseVisible = False
25.9947 	EXP 	demo_fixation: opacity = 1
25.9947 	EXP 	demo_fixation: pos = [0, 0]
25.9950 	EXP 	window1: mouseVisible = False
26.0112 	EXP 	demo_fixation: opacity = 1
26.0112 	EXP 	demo_fixation: pos = [0, 0]
26.0116 	EXP 	window1: mouseVisible = False
26.0279 	EXP 	demo_fixation: opacity = 1
26.0279 	EXP 	demo_fixation: pos = [0, 0]
26.0283 	EXP 	window1: mouseVisible = False
26.0446 	EXP 	demo_fixation: opacity = 1
26.0446 	EXP 	demo_fixation: pos = [0, 0]
26.0450 	EXP 	window1: mouseVisible = False
26.0619 	EXP 	demo_fixation: opacity = 1
26.0619 	EXP 	demo_fixation: pos = [0, 0]
26.0625 	EXP 	window1: mouseVisible = False
26.0781 	EXP 	demo_fixation: opacity = 1
26.0781 	EXP 	demo_fixation: pos = [0, 0]
26.0785 	EXP 	window1: mouseVisible = False
26.0948 	EXP 	demo_fixation: opacity = 1
26.0948 	EXP 	demo_fixation: pos = [0, 0]
26.0951 	EXP 	window1: mouseVisible = False
26.1125 	EXP 	demo_fixation: opacity = 1
26.1125 	EXP 	demo_fixation: pos = [0, 0]
26.1130 	EXP 	window1: mouseVisible = False
26.1286 	EXP 	demo_fixation: opacity = 1
26.1286 	EXP 	demo_fixation: pos = [0, 0]
26.1291 	EXP 	window1: mouseVisible = False
26.1449 	EXP 	demo_fixation: opacity = 1
26.1449 	EXP 	demo_fixation: pos = [0, 0]
26.1453 	EXP 	window1: mouseVisible = False
26.1619 	EXP 	demo_fixation: opacity = 1
26.1619 	EXP 	demo_fixation: pos = [0, 0]
26.1622 	EXP 	window1: mouseVisible = False
26.1779 	EXP 	demo_fixation: opacity = 1
26.1779 	EXP 	demo_fixation: pos = [0, 0]
26.1783 	EXP 	window1: mouseVisible = False
26.1944 	EXP 	demo_fixation: opacity = 1
26.1944 	EXP 	demo_fixation: pos = [0, 0]
26.1948 	EXP 	window1: mouseVisible = False
26.2112 	EXP 	demo_fixation: opacity = 1
26.2112 	EXP 	demo_fixation: pos = [0, 0]
26.2116 	EXP 	window1: mouseVisible = False
26.2283 	EXP 	demo_fixation: opacity = 1
26.2283 	EXP 	demo_fixation: pos = [0, 0]
26.2287 	EXP 	window1: mouseVisible = False
26.2445 	EXP 	demo_fixation: opacity = 1
26.2445 	EXP 	demo_fixation: pos = [0, 0]
26.2448 	EXP 	window1: mouseVisible = False
26.2615 	EXP 	demo_fixation: opacity = 1
26.2615 	EXP 	demo_fixation: pos = [0, 0]
26.2619 	EXP 	window1: mouseVisible = False
26.2777 	EXP 	demo_fixation: opacity = 1
26.2777 	EXP 	demo_fixation: pos = [0, 0]
26.2781 	EXP 	window1: mouseVisible = False
26.2954 	EXP 	demo_fixation: opacity = 1
26.2954 	EXP 	demo_fixation: pos = [0, 0]
26.2957 	EXP 	window1: mouseVisible = False
26.3122 	EXP 	demo_fixation: opacity = 1
26.3122 	EXP 	demo_fixation: pos = [0, 0]
26.3127 	EXP 	window1: mouseVisible = False
26.3280 	EXP 	demo_fixation: opacity = 1
26.3280 	EXP 	demo_fixation: pos = [0, 0]
26.3284 	EXP 	window1: mouseVisible = False
26.3444 	EXP 	demo_fixation: opacity = 1
26.3444 	EXP 	demo_fixation: pos = [0, 0]
26.3447 	EXP 	window1: mouseVisible = False
26.3611 	EXP 	demo_fixation: opacity = 1
26.3611 	EXP 	demo_fixation: pos = [0, 0]
26.3614 	EXP 	window1: mouseVisible = False
26.3785 	EXP 	demo_fixation: opacity = 1
26.3785 	EXP 	demo_fixation: pos = [0, 0]
26.3789 	EXP 	window1: mouseVisible = False
26.3950 	EXP 	demo_fixation: opacity = 1
26.3950 	EXP 	demo_fixation: pos = [0, 0]
26.3955 	EXP 	window1: mouseVisible = False
26.4112 	EXP 	demo_fixation: opacity = 1
26.4112 	EXP 	demo_fixation: pos = [0, 0]
26.4116 	EXP 	window1: mouseVisible = False
26.4276 	EXP 	demo_fixation: opacity = 1
26.4276 	EXP 	demo_fixation: pos = [0, 0]
26.4280 	EXP 	window1: mouseVisible = False
26.4443 	EXP 	demo_fixation: opacity = 1
26.4443 	EXP 	demo_fixation: pos = [0, 0]
26.4446 	EXP 	window1: mouseVisible = False
26.4610 	EXP 	demo_fixation: opacity = 1
26.4610 	EXP 	demo_fixation: pos = [0, 0]
26.4614 	EXP 	window1: mouseVisible = False
26.4780 	EXP 	demo_fixation: opacity = 1
26.4780 	EXP 	demo_fixation: pos = [0, 0]
26.4784 	EXP 	window1: mouseVisible = False
26.4944 	EXP 	demo_fixation: opacity = 1
26.4944 	EXP 	demo_fixation: pos = [0, 0]
26.4947 	EXP 	window1: mouseVisible = False
26.5115 	EXP 	demo_fixation: opacity = 1
26.5115 	EXP 	demo_fixation: pos = [0, 0]
26.5119 	EXP 	window1: mouseVisible = False
26.5275 	EXP 	demo_fixation: opacity = 1
26.5275 	EXP 	demo_fixation: pos = [0, 0]
26.5278 	EXP 	window1: mouseVisible = False
26.5443 	EXP 	demo_fixation: opacity = 1
26.5443 	EXP 	demo_fixation: pos = [0, 0]
26.5447 	EXP 	window1: mouseVisible = False
26.5610 	EXP 	demo_fixation: opacity = 1
26.5610 	EXP 	demo_fixation: pos = [0, 0]
26.5613 	EXP 	window1: mouseVisible = False
26.5777 	EXP 	demo_fixation: opacity = 1
26.5777 	EXP 	demo_fixation: pos = [0, 0]
26.5780 	EXP 	window1: mouseVisible = False
26.5952 	EXP 	demo_fixation: opacity = 1
26.5952 	EXP 	demo_fixation: pos = [0, 0]
26.5955 	EXP 	window1: mouseVisible = False
26.6107 	EXP 	demo_fixation: opacity = 1
26.6107 	EXP 	demo_fixation: pos = [0, 0]
26.6111 	EXP 	window1: mouseVisible = False
26.6275 	EXP 	demo_fixation: opacity = 1
26.6275 	EXP 	demo_fixation: pos = [0, 0]
26.6279 	EXP 	window1: mouseVisible = False
26.6441 	EXP 	demo_fixation: opacity = 1
26.6441 	EXP 	demo_fixation: pos = [0, 0]
26.6445 	EXP 	window1: mouseVisible = False
26.6608 	EXP 	demo_fixation: opacity = 1
26.6608 	EXP 	demo_fixation: pos = [0, 0]
26.6612 	EXP 	window1: mouseVisible = False
26.6774 	EXP 	demo_fixation: opacity = 1
26.6774 	EXP 	demo_fixation: pos = [0, 0]
26.6778 	EXP 	window1: mouseVisible = False
26.6941 	EXP 	demo_fixation: opacity = 1
26.6941 	EXP 	demo_fixation: pos = [0, 0]
26.6944 	EXP 	window1: mouseVisible = False
26.7108 	EXP 	demo_fixation: opacity = 1
26.7108 	EXP 	demo_fixation: pos = [0, 0]
26.7112 	EXP 	window1: mouseVisible = False
26.7275 	EXP 	demo_fixation: opacity = 1
26.7275 	EXP 	demo_fixation: pos = [0, 0]
26.7279 	EXP 	window1: mouseVisible = False
26.7441 	EXP 	demo_fixation: opacity = 1
26.7441 	EXP 	demo_fixation: pos = [0, 0]
26.7445 	EXP 	window1: mouseVisible = False
26.7610 	EXP 	demo_fixation: opacity = 1
26.7610 	EXP 	demo_fixation: pos = [0, 0]
26.7614 	EXP 	window1: mouseVisible = False
26.7779 	EXP 	demo_fixation: opacity = 1
26.7779 	EXP 	demo_fixation: pos = [0, 0]
26.7784 	EXP 	window1: mouseVisible = False
26.7939 	EXP 	demo_fixation: opacity = 1
26.7939 	EXP 	demo_fixation: pos = [0, 0]
26.7943 	EXP 	window1: mouseVisible = False
26.8111 	EXP 	demo_fixation: opacity = 1
26.8111 	EXP 	demo_fixation: pos = [0, 0]
26.8114 	EXP 	window1: mouseVisible = False
26.8273 	EXP 	demo_fixation: opacity = 1
26.8273 	EXP 	demo_fixation: pos = [0, 0]
26.8277 	EXP 	window1: mouseVisible = False
26.8440 	EXP 	demo_fixation: opacity = 1
26.8440 	EXP 	demo_fixation: pos = [0, 0]
26.8443 	EXP 	window1: mouseVisible = False
26.8605 	EXP 	demo_fixation: opacity = 1
26.8605 	EXP 	demo_fixation: pos = [0, 0]
26.8609 	EXP 	window1: mouseVisible = False
26.8771 	EXP 	demo_fixation: opacity = 1
26.8771 	EXP 	demo_fixation: pos = [0, 0]
26.8771 	EXP 	demo_target: autoDraw = True
26.8775 	EXP 	window1: mouseVisible = False
26.8939 	EXP 	demo_fixation: opacity = 1
26.8939 	EXP 	demo_fixation: pos = [0, 0]
26.8943 	EXP 	window1: mouseVisible = False
26.9105 	EXP 	demo_fixation: opacity = 1
26.9105 	EXP 	demo_fixation: pos = [0, 0]
26.9109 	EXP 	window1: mouseVisible = False
26.9272 	EXP 	demo_fixation: opacity = 1
26.9272 	EXP 	demo_fixation: pos = [0, 0]
26.9276 	EXP 	window1: mouseVisible = False
26.9438 	EXP 	demo_fixation: opacity = 1
26.9438 	EXP 	demo_fixation: pos = [0, 0]
26.9441 	EXP 	window1: mouseVisible = False
26.9605 	EXP 	demo_fixation: opacity = 1
26.9605 	EXP 	demo_fixation: pos = [0, 0]
26.9609 	EXP 	window1: mouseVisible = False
26.9772 	EXP 	demo_fixation: opacity = 1
26.9772 	EXP 	demo_fixation: pos = [0, 0]
26.9777 	EXP 	window1: mouseVisible = False
26.9938 	EXP 	demo_fixation: opacity = 1
26.9938 	EXP 	demo_fixation: pos = [0, 0]
26.9943 	EXP 	window1: mouseVisible = False
27.0103 	EXP 	demo_fixation: opacity = 1
27.0103 	EXP 	demo_fixation: pos = [0, 0]
27.0106 	EXP 	window1: mouseVisible = False
27.0276 	EXP 	demo_fixation: opacity = 1
27.0276 	EXP 	demo_fixation: pos = [0, 0]
27.0280 	EXP 	window1: mouseVisible = False
27.0441 	EXP 	demo_fixation: opacity = 1
27.0441 	EXP 	demo_fixation: pos = [0, 0]
27.0444 	EXP 	window1: mouseVisible = False
27.0607 	EXP 	demo_fixation: opacity = 1
27.0607 	EXP 	demo_fixation: pos = [0, 0]
27.0610 	EXP 	window1: mouseVisible = False
27.0771 	EXP 	demo_fixation: opacity = 1
27.0771 	EXP 	demo_fixation: pos = [0, 0]
27.0774 	EXP 	window1: mouseVisible = False
27.0935 	EXP 	demo_fixation: opacity = 1
27.0935 	EXP 	demo_fixation: pos = [0, 0]
27.0938 	EXP 	window1: mouseVisible = False
27.1103 	EXP 	demo_fixation: opacity = 1
27.1103 	EXP 	demo_fixation: pos = [0, 0]
27.1107 	EXP 	window1: mouseVisible = False
27.1277 	EXP 	demo_fixation: opacity = 1
27.1277 	EXP 	demo_fixation: pos = [0, 0]
27.1280 	EXP 	window1: mouseVisible = False
27.1439 	EXP 	demo_fixation: opacity = 1
27.1439 	EXP 	demo_fixation: pos = [0, 0]
27.1443 	EXP 	window1: mouseVisible = False
27.1603 	EXP 	demo_fixation: opacity = 1
27.1603 	EXP 	demo_fixation: pos = [0, 0]
27.1607 	EXP 	window1: mouseVisible = False
27.1767 	EXP 	demo_fixation: opacity = 1
27.1767 	EXP 	demo_fixation: pos = [0, 0]
27.1771 	EXP 	window1: mouseVisible = False
27.1936 	EXP 	demo_fixation: opacity = 1
27.1936 	EXP 	demo_fixation: pos = [0, 0]
27.1939 	EXP 	window1: mouseVisible = False
27.2103 	EXP 	demo_fixation: opacity = 1
27.2103 	EXP 	demo_fixation: pos = [0, 0]
27.2106 	EXP 	window1: mouseVisible = False
27.2274 	EXP 	demo_fixation: opacity = 1
27.2274 	EXP 	demo_fixation: pos = [0, 0]
27.2277 	EXP 	window1: mouseVisible = False
27.2439 	EXP 	demo_fixation: opacity = 1
27.2439 	EXP 	demo_fixation: pos = [0, 0]
27.2445 	EXP 	window1: mouseVisible = False
27.2603 	EXP 	demo_fixation: opacity = 1
27.2603 	EXP 	demo_fixation: pos = [0, 0]
27.2607 	EXP 	window1: mouseVisible = False
27.2780 	EXP 	demo_fixation: opacity = 1
27.2780 	EXP 	demo_fixation: pos = [0, 0]
27.2801 	EXP 	window1: mouseVisible = False
27.2864 	DATA 	Mouse: Left button down, pos=(960,540)
27.2952 	EXP 	demo_fixation: opacity = 1
27.2952 	EXP 	demo_fixation: pos = [0, 0]
27.2957 	EXP 	window1: mouseVisible = False
27.3103 	EXP 	demo_fixation: opacity = 0
27.3107 	EXP 	window1: mouseVisible = False
27.3269 	EXP 	demo_fixation: opacity = 0
27.3273 	EXP 	window1: mouseVisible = False
27.3436 	EXP 	demo_fixation: opacity = 0
27.3440 	EXP 	window1: mouseVisible = False
27.3600 	EXP 	demo_fixation: opacity = 0
27.3603 	EXP 	window1: mouseVisible = False
27.3770 	EXP 	demo_fixation: opacity = 0
27.3773 	EXP 	window1: mouseVisible = False
27.3934 	EXP 	demo_fixation: opacity = 0
27.3937 	EXP 	window1: mouseVisible = False
27.3951 	DATA 	Mouse:  Left button up, pos=(960,540)
27.4099 	EXP 	demo_fixation: opacity = 1
27.4099 	EXP 	demo_fixation: pos = [0, 0]
27.4103 	EXP 	window1: mouseVisible = False
27.4266 	EXP 	demo_fixation: opacity = 1
27.4266 	EXP 	demo_fixation: pos = [0, 0]
27.4270 	EXP 	window1: mouseVisible = False
27.4436 	EXP 	demo_fixation: opacity = 1
27.4436 	EXP 	demo_fixation: pos = [0, 0]
27.4440 	EXP 	window1: mouseVisible = False
27.4603 	EXP 	demo_fixation: opacity = 1
27.4603 	EXP 	demo_fixation: pos = [0, 0]
27.4607 	EXP 	window1: mouseVisible = False
27.4767 	EXP 	demo_fixation: opacity = 1
27.4767 	EXP 	demo_fixation: pos = [0, 0]
27.4771 	EXP 	window1: mouseVisible = False
27.4935 	EXP 	demo_fixation: opacity = 1
27.4935 	EXP 	demo_fixation: pos = [0, 0]
27.4938 	EXP 	window1: mouseVisible = False
27.5103 	EXP 	demo_fixation: opacity = 1
27.5103 	EXP 	demo_fixation: pos = [0, 0]
27.5107 	EXP 	window1: mouseVisible = False
27.5265 	EXP 	demo_fixation: opacity = 1
27.5265 	EXP 	demo_fixation: pos = [0, 0]
27.5269 	EXP 	window1: mouseVisible = False
27.5433 	EXP 	demo_fixation: opacity = 1
27.5433 	EXP 	demo_fixation: pos = [0, 0]
27.5437 	EXP 	window1: mouseVisible = False
27.5604 	EXP 	demo_fixation: opacity = 1
27.5604 	EXP 	demo_fixation: pos = [0, 0]
27.5607 	EXP 	window1: mouseVisible = False
27.5765 	EXP 	demo_fixation: opacity = 1
27.5765 	EXP 	demo_fixation: pos = [0, 0]
27.5769 	EXP 	window1: mouseVisible = False
27.5933 	EXP 	demo_fixation: opacity = 1
27.5933 	EXP 	demo_fixation: pos = [0, 0]
27.5936 	EXP 	window1: mouseVisible = False
27.6102 	EXP 	demo_fixation: opacity = 1
27.6102 	EXP 	demo_fixation: pos = [0, 0]
27.6105 	EXP 	window1: mouseVisible = False
27.6265 	EXP 	demo_fixation: opacity = 1
27.6265 	EXP 	demo_fixation: pos = [0, 0]
27.6269 	EXP 	window1: mouseVisible = False
27.6433 	EXP 	demo_fixation: opacity = 1
27.6433 	EXP 	demo_fixation: pos = [0, 0]
27.6436 	EXP 	window1: mouseVisible = False
27.6606 	EXP 	demo_fixation: opacity = 1
27.6606 	EXP 	demo_fixation: pos = [0, 0]
27.6609 	EXP 	window1: mouseVisible = False
27.6766 	EXP 	demo_fixation: opacity = 1
27.6766 	EXP 	demo_fixation: pos = [0, 0]
27.6769 	EXP 	window1: mouseVisible = False
27.6932 	EXP 	demo_fixation: opacity = 1
27.6932 	EXP 	demo_fixation: pos = [0, 0]
27.6936 	EXP 	window1: mouseVisible = False
27.7106 	EXP 	demo_fixation: opacity = 1
27.7106 	EXP 	demo_fixation: pos = [0, 0]
27.7110 	EXP 	window1: mouseVisible = False
27.7267 	EXP 	demo_fixation: opacity = 1
27.7267 	EXP 	demo_fixation: pos = [0, 0]
27.7270 	EXP 	window1: mouseVisible = False
27.7431 	EXP 	demo_fixation: opacity = 1
27.7431 	EXP 	demo_fixation: pos = [0, 0]
27.7434 	EXP 	window1: mouseVisible = False
27.7596 	EXP 	demo_fixation: opacity = 1
27.7596 	EXP 	demo_fixation: pos = [0, 0]
27.7602 	EXP 	window1: mouseVisible = False
27.7780 	EXP 	demo_fixation: opacity = 1
27.7780 	EXP 	demo_fixation: pos = [0, 0]
27.7784 	EXP 	window1: mouseVisible = False
27.7850 	DATA 	Mouse: Left button down, pos=(960,540)
27.7941 	EXP 	demo_fixation: opacity = 1
27.7941 	EXP 	demo_fixation: pos = [0, 0]
27.7945 	EXP 	window1: mouseVisible = False
27.8097 	EXP 	demo_fixation: opacity = 0
27.8100 	EXP 	window1: mouseVisible = False
27.8270 	EXP 	demo_fixation: opacity = 0
27.8273 	EXP 	window1: mouseVisible = False
27.8430 	EXP 	demo_fixation: opacity = 0
27.8433 	EXP 	window1: mouseVisible = False
27.8597 	EXP 	demo_fixation: opacity = 0
27.8600 	EXP 	window1: mouseVisible = False
27.8761 	EXP 	demo_fixation: opacity = 0
27.8765 	EXP 	window1: mouseVisible = False
27.8931 	EXP 	demo_fixation: opacity = 0
27.8935 	EXP 	window1: mouseVisible = False
27.9097 	EXP 	demo_fixation: opacity = 0
27.9101 	EXP 	window1: mouseVisible = False
27.9264 	EXP 	demo_fixation: opacity = 0
27.9268 	EXP 	window1: mouseVisible = False
27.9429 	EXP 	demo_fixation: opacity = 0
27.9432 	EXP 	window1: mouseVisible = False
27.9595 	EXP 	demo_fixation: opacity = 0
27.9598 	EXP 	window1: mouseVisible = False
27.9766 	EXP 	demo_fixation: opacity = 0
27.9769 	EXP 	window1: mouseVisible = False
27.9933 	EXP 	demo_fixation: opacity = 0
27.9936 	EXP 	window1: mouseVisible = False
28.0097 	EXP 	demo_fixation: opacity = 0
28.0102 	EXP 	window1: mouseVisible = False
28.0278 	EXP 	demo_fixation: opacity = 0
28.0281 	EXP 	window1: mouseVisible = False
28.0432 	EXP 	demo_fixation: opacity = 0
28.0436 	EXP 	window1: mouseVisible = False
28.0593 	EXP 	demo_fixation: opacity = 0
28.0597 	EXP 	window1: mouseVisible = False
28.0761 	EXP 	demo_fixation: opacity = 0
28.0766 	EXP 	window1: mouseVisible = False
28.0928 	EXP 	demo_fixation: opacity = 0
28.0931 	EXP 	window1: mouseVisible = False
28.1095 	EXP 	demo_fixation: opacity = 0
28.1098 	EXP 	window1: mouseVisible = False
28.1264 	EXP 	demo_fixation: opacity = 0
28.1268 	EXP 	window1: mouseVisible = False
28.1428 	EXP 	demo_fixation: opacity = 0
28.1431 	EXP 	window1: mouseVisible = False
28.1599 	EXP 	demo_fixation: opacity = 0
28.1603 	EXP 	window1: mouseVisible = False
28.2054 	EXP 	demo_fixation: opacity = 0
28.2054 	EXP 	demo_fixation: pos = array([-0.33425926, -0.24722222])
28.2054 	EXP 	demo_fixation: opacity = 1
28.2054 	EXP 	demo_enclosing_1: autoDraw = False
28.2054 	EXP 	demo_enclosing: autoDraw = False
28.2054 	EXP 	demo_target: autoDraw = False
28.2054 	EXP 	demo_fixation: autoDraw = False
28.2054 	EXP 	demo_fixation: opacity = 1
28.2054 	EXP 	demo_target_feedback: pos = array([-0.3, -0.3])
28.2054 	EXP 	demo_fixation_feedback: pos = array([-0.33425926, -0.24722222])
28.2054 	EXP 	demo_score_text: text = 'Your score: 2.441643500002101'
28.2054 	EXP 	demo_enclosing_feedback_1: autoDraw = True
28.2054 	EXP 	demo_enclosing_feedback: autoDraw = True
28.2054 	EXP 	demo_target_feedback: autoDraw = True
28.2054 	EXP 	demo_fixation_feedback: autoDraw = True
28.2054 	EXP 	demo_score_text: autoDraw = True
28.5145 	DATA 	Mouse:  Left button up, pos=(524,172)
28.7092 	EXP 	demo_fixation_feedback: autoDraw = False
29.1796 	EXP 	New trial (rep=0, index=3): OrderedDict([('target_x', 0.3), ('target_y', 0.3), ('rotation', 0)])
29.1814 	EXP 	window1: mouseVisible = False
29.1935 	EXP 	demo_enclosing_feedback_1: autoDraw = False
29.1935 	EXP 	demo_enclosing_feedback: autoDraw = False
29.1935 	EXP 	demo_target_feedback: autoDraw = False
29.1935 	EXP 	demo_fixation_feedback: autoDraw = False
29.1935 	EXP 	demo_score_text: autoDraw = False
29.1935 	EXP 	demo_fixation: opacity = 1
29.1935 	EXP 	demo_fixation: pos = [0, 0]
29.1935 	EXP 	demo_target: pos = array([0.3, 0.3])
29.1935 	EXP 	demo_fixation: pos = array([0., 0.])
29.1935 	EXP 	demo_fixation: opacity = 1
29.1935 	EXP 	demo_fixation: pos = [0, 0]
29.1935 	EXP 	demo_enclosing_1: autoDraw = True
29.1935 	EXP 	demo_enclosing: autoDraw = True
29.1935 	EXP 	demo_fixation: autoDraw = True
29.1940 	EXP 	window1: mouseVisible = False
29.2084 	EXP 	demo_fixation: opacity = 1
29.2084 	EXP 	demo_fixation: pos = [0, 0]
29.2087 	EXP 	window1: mouseVisible = False
29.2252 	EXP 	demo_fixation: opacity = 1
29.2252 	EXP 	demo_fixation: pos = [0, 0]
29.2256 	EXP 	window1: mouseVisible = False
29.2416 	EXP 	demo_fixation: opacity = 1
29.2416 	EXP 	demo_fixation: pos = [0, 0]
29.2420 	EXP 	window1: mouseVisible = False
29.2583 	EXP 	demo_fixation: opacity = 1
29.2583 	EXP 	demo_fixation: pos = [0, 0]
29.2586 	EXP 	window1: mouseVisible = False
29.2749 	EXP 	demo_fixation: opacity = 1
29.2749 	EXP 	demo_fixation: pos = [0, 0]
29.2753 	EXP 	window1: mouseVisible = False
29.2916 	EXP 	demo_fixation: opacity = 1
29.2916 	EXP 	demo_fixation: pos = [0, 0]
29.2920 	EXP 	window1: mouseVisible = False
29.3086 	EXP 	demo_fixation: opacity = 1
29.3086 	EXP 	demo_fixation: pos = [0, 0]
29.3089 	EXP 	window1: mouseVisible = False
29.3254 	EXP 	demo_fixation: opacity = 1
29.3254 	EXP 	demo_fixation: pos = [0, 0]
29.3257 	EXP 	window1: mouseVisible = False
29.3415 	EXP 	demo_fixation: opacity = 1
29.3415 	EXP 	demo_fixation: pos = [0, 0]
29.3419 	EXP 	window1: mouseVisible = False
29.3588 	EXP 	demo_fixation: opacity = 1
29.3588 	EXP 	demo_fixation: pos = [0, 0]
29.3592 	EXP 	window1: mouseVisible = False
29.3751 	EXP 	demo_fixation: opacity = 1
29.3751 	EXP 	demo_fixation: pos = [0, 0]
29.3755 	EXP 	window1: mouseVisible = False
29.3917 	EXP 	demo_fixation: opacity = 1
29.3917 	EXP 	demo_fixation: pos = [0, 0]
29.3921 	EXP 	window1: mouseVisible = False
29.4088 	EXP 	demo_fixation: opacity = 1
29.4088 	EXP 	demo_fixation: pos = [0, 0]
29.4092 	EXP 	window1: mouseVisible = False
29.4250 	EXP 	demo_fixation: opacity = 1
29.4250 	EXP 	demo_fixation: pos = [0, 0]
29.4253 	EXP 	window1: mouseVisible = False
29.4415 	EXP 	demo_fixation: opacity = 1
29.4415 	EXP 	demo_fixation: pos = [0, 0]
29.4419 	EXP 	window1: mouseVisible = False
29.4582 	EXP 	demo_fixation: opacity = 1
29.4582 	EXP 	demo_fixation: pos = [0, 0]
29.4585 	EXP 	window1: mouseVisible = False
29.4754 	EXP 	demo_fixation: opacity = 1
29.4754 	EXP 	demo_fixation: pos = [0, 0]
29.4757 	EXP 	window1: mouseVisible = False
29.4913 	EXP 	demo_fixation: opacity = 1
29.4913 	EXP 	demo_fixation: pos = [0, 0]
29.4917 	EXP 	window1: mouseVisible = False
29.5079 	EXP 	demo_fixation: opacity = 1
29.5079 	EXP 	demo_fixation: pos = [0, 0]
29.5083 	EXP 	window1: mouseVisible = False
29.5247 	EXP 	demo_fixation: opacity = 1
29.5247 	EXP 	demo_fixation: pos = [0, 0]
29.5251 	EXP 	window1: mouseVisible = False
29.5416 	EXP 	demo_fixation: opacity = 1
29.5416 	EXP 	demo_fixation: pos = [0, 0]
29.5419 	EXP 	window1: mouseVisible = False
29.5589 	EXP 	demo_fixation: opacity = 1
29.5589 	EXP 	demo_fixation: pos = [0, 0]
29.5593 	EXP 	window1: mouseVisible = False
29.5747 	EXP 	demo_fixation: opacity = 1
29.5747 	EXP 	demo_fixation: pos = [0, 0]
29.5750 	EXP 	window1: mouseVisible = False
29.5915 	EXP 	demo_fixation: opacity = 1
29.5915 	EXP 	demo_fixation: pos = [0, 0]
29.5918 	EXP 	window1: mouseVisible = False
29.6088 	EXP 	demo_fixation: opacity = 1
29.6088 	EXP 	demo_fixation: pos = [0, 0]
29.6092 	EXP 	window1: mouseVisible = False
29.6249 	EXP 	demo_fixation: opacity = 1
29.6249 	EXP 	demo_fixation: pos = [0, 0]
29.6252 	EXP 	window1: mouseVisible = False
29.6419 	EXP 	demo_fixation: opacity = 1
29.6419 	EXP 	demo_fixation: pos = [0, 0]
29.6423 	EXP 	window1: mouseVisible = False
29.6580 	EXP 	demo_fixation: opacity = 1
29.6580 	EXP 	demo_fixation: pos = [0, 0]
29.6584 	EXP 	window1: mouseVisible = False
29.6745 	EXP 	demo_fixation: opacity = 1
29.6745 	EXP 	demo_fixation: pos = [0, 0]
29.6748 	EXP 	window1: mouseVisible = False
29.6912 	EXP 	demo_fixation: opacity = 1
29.6912 	EXP 	demo_fixation: pos = [0, 0]
29.6916 	EXP 	window1: mouseVisible = False
29.7080 	EXP 	demo_fixation: opacity = 1
29.7080 	EXP 	demo_fixation: pos = [0, 0]
29.7084 	EXP 	window1: mouseVisible = False
29.7244 	EXP 	demo_fixation: opacity = 1
29.7244 	EXP 	demo_fixation: pos = [0, 0]
29.7249 	EXP 	window1: mouseVisible = False
29.7413 	EXP 	demo_fixation: opacity = 1
29.7413 	EXP 	demo_fixation: pos = [0, 0]
29.7416 	EXP 	window1: mouseVisible = False
29.7579 	EXP 	demo_fixation: opacity = 1
29.7579 	EXP 	demo_fixation: pos = [0, 0]
29.7583 	EXP 	window1: mouseVisible = False
29.7745 	EXP 	demo_fixation: opacity = 1
29.7745 	EXP 	demo_fixation: pos = [0, 0]
29.7748 	EXP 	window1: mouseVisible = False
29.7918 	EXP 	demo_fixation: opacity = 1
29.7918 	EXP 	demo_fixation: pos = [0, 0]
29.7922 	EXP 	window1: mouseVisible = False
29.8078 	EXP 	demo_fixation: opacity = 1
29.8078 	EXP 	demo_fixation: pos = [0, 0]
29.8082 	EXP 	window1: mouseVisible = False
29.8245 	EXP 	demo_fixation: opacity = 1
29.8245 	EXP 	demo_fixation: pos = [0, 0]
29.8248 	EXP 	window1: mouseVisible = False
29.8419 	EXP 	demo_fixation: opacity = 1
29.8419 	EXP 	demo_fixation: pos = [0, 0]
29.8423 	EXP 	window1: mouseVisible = False
29.8578 	EXP 	demo_fixation: opacity = 1
29.8578 	EXP 	demo_fixation: pos = [0, 0]
29.8581 	EXP 	window1: mouseVisible = False
29.8748 	EXP 	demo_fixation: opacity = 1
29.8748 	EXP 	demo_fixation: pos = [0, 0]
29.8752 	EXP 	window1: mouseVisible = False
29.8911 	EXP 	demo_fixation: opacity = 1
29.8911 	EXP 	demo_fixation: pos = [0, 0]
29.8911 	EXP 	demo_target: autoDraw = True
29.8915 	EXP 	window1: mouseVisible = False
29.9078 	EXP 	demo_fixation: opacity = 1
29.9078 	EXP 	demo_fixation: pos = [0, 0]
29.9081 	EXP 	window1: mouseVisible = False
29.9244 	EXP 	demo_fixation: opacity = 1
29.9244 	EXP 	demo_fixation: pos = [0, 0]
29.9247 	EXP 	window1: mouseVisible = False
29.9413 	EXP 	demo_fixation: opacity = 1
29.9413 	EXP 	demo_fixation: pos = [0, 0]
29.9417 	EXP 	window1: mouseVisible = False
29.9576 	EXP 	demo_fixation: opacity = 1
29.9576 	EXP 	demo_fixation: pos = [0, 0]
29.9580 	EXP 	window1: mouseVisible = False
29.9744 	EXP 	demo_fixation: opacity = 1
29.9744 	EXP 	demo_fixation: pos = [0, 0]
29.9748 	EXP 	window1: mouseVisible = False
29.9917 	EXP 	demo_fixation: opacity = 1
29.9917 	EXP 	demo_fixation: pos = [0, 0]
29.9920 	EXP 	window1: mouseVisible = False
30.0075 	EXP 	demo_fixation: opacity = 1
30.0075 	EXP 	demo_fixation: pos = [0, 0]
30.0079 	EXP 	window1: mouseVisible = False
30.0243 	EXP 	demo_fixation: opacity = 1
30.0243 	EXP 	demo_fixation: pos = [0, 0]
30.0247 	EXP 	window1: mouseVisible = False
30.0416 	EXP 	demo_fixation: opacity = 1
30.0416 	EXP 	demo_fixation: pos = [0, 0]
30.0420 	EXP 	window1: mouseVisible = False
30.0584 	EXP 	demo_fixation: opacity = 1
30.0584 	EXP 	demo_fixation: pos = [0, 0]
30.0588 	EXP 	window1: mouseVisible = False
30.0747 	EXP 	demo_fixation: opacity = 1
30.0747 	EXP 	demo_fixation: pos = [0, 0]
30.0751 	EXP 	window1: mouseVisible = False
30.0908 	EXP 	demo_fixation: opacity = 1
30.0908 	EXP 	demo_fixation: pos = [0, 0]
30.0912 	EXP 	window1: mouseVisible = False
30.1077 	EXP 	demo_fixation: opacity = 1
30.1077 	EXP 	demo_fixation: pos = [0, 0]
30.1080 	EXP 	window1: mouseVisible = False
30.1241 	EXP 	demo_fixation: opacity = 1
30.1241 	EXP 	demo_fixation: pos = [0, 0]
30.1245 	EXP 	window1: mouseVisible = False
30.1412 	EXP 	demo_fixation: opacity = 1
30.1412 	EXP 	demo_fixation: pos = [0, 0]
30.1416 	EXP 	window1: mouseVisible = False
30.1575 	EXP 	demo_fixation: opacity = 1
30.1575 	EXP 	demo_fixation: pos = [0, 0]
30.1579 	EXP 	window1: mouseVisible = False
30.1742 	EXP 	demo_fixation: opacity = 1
30.1742 	EXP 	demo_fixation: pos = [0, 0]
30.1745 	EXP 	window1: mouseVisible = False
30.1907 	EXP 	demo_fixation: opacity = 1
30.1907 	EXP 	demo_fixation: pos = [0, 0]
30.1911 	EXP 	window1: mouseVisible = False
30.2075 	EXP 	demo_fixation: opacity = 1
30.2075 	EXP 	demo_fixation: pos = [0, 0]
30.2079 	EXP 	window1: mouseVisible = False
30.2244 	EXP 	demo_fixation: opacity = 1
30.2244 	EXP 	demo_fixation: pos = [0, 0]
30.2247 	EXP 	window1: mouseVisible = False
30.2416 	EXP 	demo_fixation: opacity = 1
30.2416 	EXP 	demo_fixation: pos = [0, 0]
30.2419 	EXP 	window1: mouseVisible = False
30.2573 	EXP 	demo_fixation: opacity = 1
30.2573 	EXP 	demo_fixation: pos = [0, 0]
30.2577 	EXP 	window1: mouseVisible = False
30.2739 	EXP 	demo_fixation: opacity = 1
30.2739 	EXP 	demo_fixation: pos = [0, 0]
30.2743 	EXP 	window1: mouseVisible = False
30.2908 	EXP 	demo_fixation: opacity = 1
30.2908 	EXP 	demo_fixation: pos = [0, 0]
30.2912 	EXP 	window1: mouseVisible = False
30.3080 	EXP 	demo_fixation: opacity = 1
30.3080 	EXP 	demo_fixation: pos = [0, 0]
30.3083 	EXP 	window1: mouseVisible = False
30.3245 	EXP 	demo_fixation: opacity = 1
30.3245 	EXP 	demo_fixation: pos = [0, 0]
30.3249 	EXP 	window1: mouseVisible = False
30.3414 	EXP 	demo_fixation: opacity = 1
30.3414 	EXP 	demo_fixation: pos = [0, 0]
30.3418 	EXP 	window1: mouseVisible = False
30.3573 	EXP 	demo_fixation: opacity = 1
30.3573 	EXP 	demo_fixation: pos = [0, 0]
30.3580 	EXP 	window1: mouseVisible = False
30.3601 	DATA 	Mouse: Left button down, pos=(960,540)
30.3739 	EXP 	demo_fixation: opacity = 0
30.3742 	EXP 	window1: mouseVisible = False
30.3906 	EXP 	demo_fixation: opacity = 0
30.3910 	EXP 	window1: mouseVisible = False
30.4071 	EXP 	demo_fixation: opacity = 0
30.4075 	EXP 	window1: mouseVisible = False
30.4239 	EXP 	demo_fixation: opacity = 0
30.4243 	EXP 	window1: mouseVisible = False
30.4407 	EXP 	demo_fixation: opacity = 0
30.4410 	EXP 	window1: mouseVisible = False
30.4573 	EXP 	demo_fixation: opacity = 0
30.4576 	EXP 	window1: mouseVisible = False
30.4739 	EXP 	demo_fixation: opacity = 0
30.4743 	EXP 	window1: mouseVisible = False
30.4906 	EXP 	demo_fixation: opacity = 0
30.4911 	EXP 	window1: mouseVisible = False
30.5077 	EXP 	demo_fixation: opacity = 0
30.5081 	EXP 	window1: mouseVisible = False
30.5239 	EXP 	demo_fixation: opacity = 0
30.5242 	EXP 	window1: mouseVisible = False
30.5404 	EXP 	demo_fixation: opacity = 0
30.5408 	EXP 	window1: mouseVisible = False
30.5819 	EXP 	demo_fixation: opacity = 0
30.5819 	EXP 	demo_fixation: pos = array([0.29259259, 0.43796296])
30.5819 	EXP 	demo_fixation: opacity = 1
30.5819 	EXP 	demo_enclosing_1: autoDraw = False
30.5819 	EXP 	demo_enclosing: autoDraw = False
30.5819 	EXP 	demo_target: autoDraw = False
30.5819 	EXP 	demo_fixation: autoDraw = False
30.5819 	EXP 	demo_fixation: opacity = 1
30.5819 	EXP 	demo_target_feedback: pos = array([0.3, 0.3])
30.5819 	EXP 	demo_fixation_feedback: pos = array([0.29259259, 0.43796296])
30.5819 	EXP 	demo_score_text: text = 'Your score: 1.3709834000037517'
30.5819 	EXP 	demo_enclosing_feedback_1: autoDraw = True
30.5819 	EXP 	demo_enclosing_feedback: autoDraw = True
30.5819 	EXP 	demo_target_feedback: autoDraw = True
30.5819 	EXP 	demo_fixation_feedback: autoDraw = True
30.5819 	EXP 	demo_score_text: autoDraw = True
30.7134 	DATA 	Mouse:  Left button up, pos=(1566,1080)
31.0899 	EXP 	demo_fixation_feedback: autoDraw = False
31.5280 	DATA 	Keypress: escape
31.5603 	EXP 	New trial (rep=1, index=0): None
31.5736 	EXP 	demo_enclosing_feedback_1: autoDraw = False
31.5736 	EXP 	demo_enclosing_feedback: autoDraw = False
31.5736 	EXP 	demo_target_feedback: autoDraw = False
31.5736 	EXP 	demo_fixation_feedback: autoDraw = False
31.5736 	EXP 	demo_score_text: autoDraw = False
31.5736 	EXP 	text: autoDraw = True
31.8198 	EXP 	window1: mouseVisible = True
