1.2955 	WARNING 	We strongly recommend you activate the PTB sound engine in PsychoPy prefs as the preferred audio engine. Its timing is vastly superior. Your prefs are currently set to use ['sounddevice', 'PTB', 'pyo', 'pygame'] (in that order).
15.4945 	WARNING 	Couldn't measure a consistent frame rate.
  - Is your graphics card set to sync to vertical blank?
  - Are you running other processes on your computer?

15.4949 	EXP 	Created window1 = Window(allowGUI=False, allowStencil=False, args=UNKNOWN, autoLog=True, bitsMode=UNKNOWN, blendMode='avg', bpc=(8, 8, 8), color=array([0., 0., 0.]), colorSpace='rgb', depthBits=8, fullscr=<method-wrapper '__getattribute__' of attributeSetter object at 0x0000016130F0C278>, gamma=None, gammaErrorPolicy='raise', kwargs=UNKNOWN, lms=UNKNOWN, monitor=<psychopy.monitors.calibTools.Monitor object at 0x0000016130DF82B0>, multiSample=False, name='window1', numSamples=2, pos=[0.0, 0.0], screen=0, size=array([1920, 1080]), stencilBits=0, stereo=False, units='height', useFBO=True, useRetina=False, viewOri=0.0, viewPos=None, viewScale=None, waitBlanking=True, winType='pyglet')
15.4952 	EXP 	window1: mouseVisible = True
15.4953 	EXP 	window1: recordFrameIntervals = False
15.6623 	EXP 	window1: recordFrameIntervals = True
15.7171 	WARNING 	t of last frame was 22.68ms (=1/44)
15.8001 	WARNING 	t of last frame was 22.60ms (=1/44)
15.8924 	WARNING 	t of last frame was 26.45ms (=1/37)
15.9876 	WARNING 	t of last frame was 26.43ms (=1/37)
16.0130 	WARNING 	Multiple dropped frames have occurred - I'll stop bothering you about them!
17.4163 	WARNING 	Couldn't measure a consistent frame rate.
  - Is your graphics card set to sync to vertical blank?
  - Are you running other processes on your computer?

17.9004 	EXP 	Created Welcome = TextStim(__class__=<class 'psychopy.visual.text.TextStim'>, alignHoriz=method-wrapper(...), alignText='center', alignVert=method-wrapper(...), anchorHoriz='center', anchorVert='center', antialias=True, autoLog=True, bold=False, color='white', colorSpace='named', contrast=1.0, depth=0.0, flipHoriz=False, flipVert=False, font='Arial', fontFiles=[], height=0.04, italic=False, languageStyle='LTR', name='Welcome', opacity=1.0, ori=0, pos=array([0., 0.]), rgb=array([255., 255., 255.]), text=str(...), units='height', win=Window(...), wrapWidth=1)
17.9006 	EXP 	window1: mouseVisible = True
17.9208 	EXP 	Created text = TextStim(__class__=<class 'psychopy.visual.text.TextStim'>, alignHoriz=method-wrapper(...), alignText='center', alignVert=method-wrapper(...), anchorHoriz='center', anchorVert='center', antialias=True, autoLog=True, bold=False, color='white', colorSpace='named', contrast=1.0, depth=0.0, flipHoriz=False, flipVert=False, font='Arial', fontFiles=[], height=0.04, italic=False, languageStyle='LTR', name='text', opacity=1.0, ori=0, pos=array([0., 0.]), rgb=array([255., 255., 255.]), text=str(...), units='height', win=Window(...), wrapWidth=1)
17.9209 	EXP 	window1: mouseVisible = True
17.9301 	EXP 	Created demo_enclosing_1 = Polygon(__class__=<class 'psychopy.visual.polygon.Polygon'>, autoDraw=False, autoLog=True, closeShape=True, color=method-wrapper(...), colorSpace=None, contrast=1.0, depth=-1.0, fillColor=array([0., 0., 0.]), fillColorSpace='rgb', fillRGB=array([0., 0., 0.]), interpolate=True, lineColor=array([-1., -1., -1.]), lineColorSpace='rgb', lineRGB=array([-1., -1., -1.]), lineWidth=1, name='demo_enclosing_1', opacity=1.0, ori=array(0.), pos=array([0., 0.]), size=array([0.89, 0.89]), units='height', vertices=ndarray(...), win=Window(...))
17.9391 	EXP 	Created demo_enclosing = Polygon(__class__=<class 'psychopy.visual.polygon.Polygon'>, autoDraw=False, autoLog=True, closeShape=True, color=method-wrapper(...), colorSpace=None, contrast=1.0, depth=-2.0, fillColor=array([0., 0., 0.]), fillColorSpace='rgb', fillRGB=array([0., 0., 0.]), interpolate=True, lineColor=array([-1., -1., -1.]), lineColorSpace='rgb', lineRGB=array([-1., -1., -1.]), lineWidth=1, name='demo_enclosing', opacity=1.0, ori=array(0.), pos=array([0., 0.]), size=array([0.8, 0.8]), units='height', vertices=ndarray(...), win=Window(...))
17.9499 	EXP 	Created demo_target = ShapeStim(__class__=<class 'psychopy.visual.shape.ShapeStim'>, autoDraw=False, autoLog=True, closeShape=True, contrast=1.0, depth=-3.0, fillColor=array([1., 1., 1.]), fillColorSpace='rgb', interpolate=True, lineColor=array([1., 1., 1.]), lineColorSpace='rgb', lineWidth=1, name='demo_target', opacity=1.0, ori=array(45.), pos=array([0., 0.]), size=array([0.05, 0.05]), units='height', vertices=ndarray(...), win=Window(...), windingRule=None)
17.9572 	EXP 	Created demo_fixation = Polygon(__class__=<class 'psychopy.visual.polygon.Polygon'>, autoDraw=False, autoLog=True, closeShape=True, color=method-wrapper(...), colorSpace=None, contrast=1.0, depth=-4.0, fillColor=array([1., 0., 0.]), fillColorSpace='rgb', fillRGB=array([1., 0., 0.]), interpolate=True, lineColor=array([1., 0., 0.]), lineColorSpace='rgb', lineRGB=array([1., 0., 0.]), lineWidth=1, name='demo_fixation', opacity=1.0, ori=array(0.), pos=array([0., 0.]), size=array([0.025, 0.025]), units='height', vertices=ndarray(...), win=Window(...))
17.9575 	EXP 	window1: mouseVisible = True
17.9674 	EXP 	Created demo_enclosing_feedback_1 = Polygon(__class__=<class 'psychopy.visual.polygon.Polygon'>, autoDraw=False, autoLog=True, closeShape=True, color=method-wrapper(...), colorSpace=None, contrast=1.0, depth=0.0, fillColor=array([0., 0., 0.]), fillColorSpace='rgb', fillRGB=array([0., 0., 0.]), interpolate=True, lineColor=array([-1., -1., -1.]), lineColorSpace='rgb', lineRGB=array([-1., -1., -1.]), lineWidth=1, name='demo_enclosing_feedback_1', opacity=1.0, ori=array(0.), pos=array([0., 0.]), size=array([0.9, 0.9]), units='height', vertices=ndarray(...), win=Window(...))
17.9775 	EXP 	Created demo_enclosing_feedback = Polygon(__class__=<class 'psychopy.visual.polygon.Polygon'>, autoDraw=False, autoLog=True, closeShape=True, color=method-wrapper(...), colorSpace=None, contrast=1.0, depth=-1.0, fillColor=array([0., 0., 0.]), fillColorSpace='rgb', fillRGB=array([0., 0., 0.]), interpolate=True, lineColor=array([-1., -1., -1.]), lineColorSpace='rgb', lineRGB=array([-1., -1., -1.]), lineWidth=1, name='demo_enclosing_feedback', opacity=1.0, ori=array(0.), pos=array([0., 0.]), size=array([0.79, 0.79]), units='height', vertices=ndarray(...), win=Window(...))
17.9798 	EXP 	Created demo_target_feedback = ShapeStim(__class__=<class 'psychopy.visual.shape.ShapeStim'>, autoDraw=False, autoLog=True, closeShape=True, contrast=1.0, depth=-2.0, fillColor=array([1., 1., 1.]), fillColorSpace='rgb', interpolate=True, lineColor=array([1., 1., 1.]), lineColorSpace='rgb', lineWidth=1, name='demo_target_feedback', opacity=1.0, ori=array(45.), pos=array([0., 0.]), size=array([0.05, 0.05]), units='height', vertices=ndarray(...), win=Window(...), windingRule=None)
17.9833 	EXP 	Created demo_fixation_feedback = Polygon(__class__=<class 'psychopy.visual.polygon.Polygon'>, autoDraw=False, autoLog=True, closeShape=True, color=method-wrapper(...), colorSpace=None, contrast=1.0, depth=-3.0, fillColor=array([1., 0., 0.]), fillColorSpace='rgb', fillRGB=array([1., 0., 0.]), interpolate=True, lineColor=array([1., 0., 0.]), lineColorSpace='rgb', lineRGB=array([1., 0., 0.]), lineWidth=1, name='demo_fixation_feedback', opacity=1.0, ori=array(0.), pos=array([0., 0.]), size=array([0.025, 0.025]), units='height', vertices=ndarray(...), win=Window(...))
17.9931 	EXP 	Created demo_score_text = TextStim(__class__=<class 'psychopy.visual.text.TextStim'>, alignHoriz=method-wrapper(...), alignText='center', alignVert=method-wrapper(...), anchorHoriz='center', anchorVert='center', antialias=True, autoLog=True, bold=False, color='green', colorSpace='named', contrast=1.0, depth=-5.0, flipHoriz=False, flipVert=False, font='Arial', fontFiles=[], height=0.04, italic=False, languageStyle='LTR', name='demo_score_text', opacity=1.0, ori=0, pos=array([0.4, 0.4]), rgb=array([  0., 128.,   0.]), text='default text', units='height', win=Window(...), wrapWidth=1)
18.0101 	EXP 	Created text_3 = TextStim(__class__=<class 'psychopy.visual.text.TextStim'>, alignHoriz=method-wrapper(...), alignText='center', alignVert=method-wrapper(...), anchorHoriz='center', anchorVert='center', antialias=True, autoLog=True, bold=False, color='white', colorSpace='named', contrast=1.0, depth=0.0, flipHoriz=False, flipVert=False, font='Arial', fontFiles=[], height=0.04, italic=False, languageStyle='LTR', name='text_3', opacity=1.0, ori=0, pos=array([0., 0.]), rgb=array([255., 255., 255.]), text=str(...), units='height', win=Window(...), wrapWidth=1)
18.0104 	EXP 	window1: mouseVisible = True
18.0192 	EXP 	Created baseline_enclosing_1 = Polygon(__class__=<class 'psychopy.visual.polygon.Polygon'>, autoDraw=False, autoLog=True, closeShape=True, color=method-wrapper(...), colorSpace=None, contrast=1.0, depth=-1.0, fillColor=array([0., 0., 0.]), fillColorSpace='rgb', fillRGB=array([0., 0., 0.]), interpolate=True, lineColor=array([-1., -1., -1.]), lineColorSpace='rgb', lineRGB=array([-1., -1., -1.]), lineWidth=1, name='baseline_enclosing_1', opacity=1.0, ori=array(0.), pos=array([0., 0.]), size=array([0.89, 0.89]), units='height', vertices=ndarray(...), win=Window(...))
18.0328 	EXP 	Created baseline_enclosing = Polygon(__class__=<class 'psychopy.visual.polygon.Polygon'>, autoDraw=False, autoLog=True, closeShape=True, color=method-wrapper(...), colorSpace=None, contrast=1.0, depth=-2.0, fillColor=array([0., 0., 0.]), fillColorSpace='rgb', fillRGB=array([0., 0., 0.]), interpolate=True, lineColor=array([-1., -1., -1.]), lineColorSpace='rgb', lineRGB=array([-1., -1., -1.]), lineWidth=1, name='baseline_enclosing', opacity=1.0, ori=array(0.), pos=array([0., 0.]), size=array([0.8, 0.8]), units='height', vertices=ndarray(...), win=Window(...))
18.0391 	EXP 	Created baseline_target = ShapeStim(__class__=<class 'psychopy.visual.shape.ShapeStim'>, autoDraw=False, autoLog=True, closeShape=True, contrast=1.0, depth=-3.0, fillColor=array([1., 1., 1.]), fillColorSpace='rgb', interpolate=True, lineColor=array([1., 1., 1.]), lineColorSpace='rgb', lineWidth=1, name='baseline_target', opacity=1.0, ori=array(45.), pos=array([0., 0.]), size=array([0.05, 0.05]), units='height', vertices=ndarray(...), win=Window(...), windingRule=None)
18.0468 	EXP 	Created baseline_fixation = Polygon(__class__=<class 'psychopy.visual.polygon.Polygon'>, autoDraw=False, autoLog=True, closeShape=True, color=method-wrapper(...), colorSpace=None, contrast=1.0, depth=-4.0, fillColor=array([1., 0., 0.]), fillColorSpace='rgb', fillRGB=array([1., 0., 0.]), interpolate=True, lineColor=array([1., 0., 0.]), lineColorSpace='rgb', lineRGB=array([1., 0., 0.]), lineWidth=1, name='baseline_fixation', opacity=1.0, ori=array(0.), pos=array([0., 0.]), size=array([0.025, 0.025]), units='height', vertices=ndarray(...), win=Window(...))
18.0471 	EXP 	window1: mouseVisible = True
18.0623 	EXP 	Created baseline_enclosing_feedback_1 = Polygon(__class__=<class 'psychopy.visual.polygon.Polygon'>, autoDraw=False, autoLog=True, closeShape=True, color=method-wrapper(...), colorSpace=None, contrast=1.0, depth=0.0, fillColor=array([0., 0., 0.]), fillColorSpace='rgb', fillRGB=array([0., 0., 0.]), interpolate=True, lineColor=array([-1., -1., -1.]), lineColorSpace='rgb', lineRGB=array([-1., -1., -1.]), lineWidth=1, name='baseline_enclosing_feedback_1', opacity=1.0, ori=array(0.), pos=array([0., 0.]), size=array([0.9, 0.9]), units='height', vertices=ndarray(...), win=Window(...))
18.0718 	EXP 	Created baseline_enclosing_feedback = Polygon(__class__=<class 'psychopy.visual.polygon.Polygon'>, autoDraw=False, autoLog=True, closeShape=True, color=method-wrapper(...), colorSpace=None, contrast=1.0, depth=-1.0, fillColor=array([0., 0., 0.]), fillColorSpace='rgb', fillRGB=array([0., 0., 0.]), interpolate=True, lineColor=array([-1., -1., -1.]), lineColorSpace='rgb', lineRGB=array([-1., -1., -1.]), lineWidth=1, name='baseline_enclosing_feedback', opacity=1.0, ori=array(0.), pos=array([0., 0.]), size=array([0.8, 0.8]), units='height', vertices=ndarray(...), win=Window(...))
18.0755 	EXP 	Created baseline_target_feedback = ShapeStim(__class__=<class 'psychopy.visual.shape.ShapeStim'>, autoDraw=False, autoLog=True, closeShape=True, contrast=1.0, depth=-2.0, fillColor=array([1., 1., 1.]), fillColorSpace='rgb', interpolate=True, lineColor=array([1., 1., 1.]), lineColorSpace='rgb', lineWidth=1, name='baseline_target_feedback', opacity=1.0, ori=array(45.), pos=array([0., 0.]), size=array([0.05, 0.05]), units='height', vertices=ndarray(...), win=Window(...), windingRule=None)
18.0800 	EXP 	Created baseline_fixation_feedback = Polygon(__class__=<class 'psychopy.visual.polygon.Polygon'>, autoDraw=False, autoLog=True, closeShape=True, color=method-wrapper(...), colorSpace=None, contrast=1.0, depth=-3.0, fillColor=array([1., 0., 0.]), fillColorSpace='rgb', fillRGB=array([1., 0., 0.]), interpolate=True, lineColor=array([1., 0., 0.]), lineColorSpace='rgb', lineRGB=array([1., 0., 0.]), lineWidth=1, name='baseline_fixation_feedback', opacity=1.0, ori=array(0.), pos=array([0., 0.]), size=array([0.025, 0.025]), units='height', vertices=ndarray(...), win=Window(...))
18.0846 	EXP 	Created baseline_score_text = TextStim(__class__=<class 'psychopy.visual.text.TextStim'>, alignHoriz=method-wrapper(...), alignText='center', alignVert=method-wrapper(...), anchorHoriz='center', anchorVert='center', antialias=True, autoLog=True, bold=False, color='green', colorSpace='named', contrast=1.0, depth=-5.0, flipHoriz=False, flipVert=False, font='Arial', fontFiles=[], height=0.04, italic=False, languageStyle='LTR', name='baseline_score_text', opacity=1.0, ori=0, pos=array([0.4, 0.4]), rgb=array([  0., 128.,   0.]), text='default text', units='height', win=Window(...), wrapWidth=1)
18.1102 	EXP 	Created text_2 = TextStim(__class__=<class 'psychopy.visual.text.TextStim'>, alignHoriz=method-wrapper(...), alignText='center', alignVert=method-wrapper(...), anchorHoriz='center', anchorVert='center', antialias=True, autoLog=True, bold=False, color='white', colorSpace='named', contrast=1.0, depth=0.0, flipHoriz=False, flipVert=False, font='Arial', fontFiles=[], height=0.04, italic=False, languageStyle='LTR', name='text_2', opacity=1.0, ori=0, pos=array([0., 0.]), rgb=array([255., 255., 255.]), text=str(...), units='height', win=Window(...), wrapWidth=1)
18.1104 	EXP 	window1: mouseVisible = True
18.1239 	EXP 	Created rotated_enclosing_1 = Polygon(__class__=<class 'psychopy.visual.polygon.Polygon'>, autoDraw=False, autoLog=True, closeShape=True, color=method-wrapper(...), colorSpace=None, contrast=1.0, depth=-1.0, fillColor=array([0., 0., 0.]), fillColorSpace='rgb', fillRGB=array([0., 0., 0.]), interpolate=True, lineColor=array([-1., -1., -1.]), lineColorSpace='rgb', lineRGB=array([-1., -1., -1.]), lineWidth=1, name='rotated_enclosing_1', opacity=1.0, ori=array(0.), pos=array([0., 0.]), size=array([0.89, 0.89]), units='height', vertices=ndarray(...), win=Window(...))
18.1347 	EXP 	Created rotated_enclosing = Polygon(__class__=<class 'psychopy.visual.polygon.Polygon'>, autoDraw=False, autoLog=True, closeShape=True, color=method-wrapper(...), colorSpace=None, contrast=1.0, depth=-2.0, fillColor=array([0., 0., 0.]), fillColorSpace='rgb', fillRGB=array([0., 0., 0.]), interpolate=True, lineColor=array([-1., -1., -1.]), lineColorSpace='rgb', lineRGB=array([-1., -1., -1.]), lineWidth=1, name='rotated_enclosing', opacity=1.0, ori=array(0.), pos=array([0., 0.]), size=array([0.8, 0.8]), units='height', vertices=ndarray(...), win=Window(...))
18.1429 	EXP 	Created rotated_target = ShapeStim(__class__=<class 'psychopy.visual.shape.ShapeStim'>, autoDraw=False, autoLog=True, closeShape=True, contrast=1.0, depth=-3.0, fillColor=array([1., 1., 1.]), fillColorSpace='rgb', interpolate=True, lineColor=array([1., 1., 1.]), lineColorSpace='rgb', lineWidth=1, name='rotated_target', opacity=1.0, ori=array(45.), pos=array([0., 0.]), size=array([0.05, 0.05]), units='height', vertices=ndarray(...), win=Window(...), windingRule=None)
18.1474 	EXP 	Created rotated_fixation = Polygon(__class__=<class 'psychopy.visual.polygon.Polygon'>, autoDraw=False, autoLog=True, closeShape=True, color=method-wrapper(...), colorSpace=None, contrast=1.0, depth=-4.0, fillColor=array([1., 0., 0.]), fillColorSpace='rgb', fillRGB=array([1., 0., 0.]), interpolate=True, lineColor=array([1., 0., 0.]), lineColorSpace='rgb', lineRGB=array([1., 0., 0.]), lineWidth=1, name='rotated_fixation', opacity=1.0, ori=array(0.), pos=array([0., 0.]), size=array([0.025, 0.025]), units='height', vertices=ndarray(...), win=Window(...))
18.1476 	EXP 	window1: mouseVisible = True
18.1671 	EXP 	Created rotated_enclosing_feedback_1 = Polygon(__class__=<class 'psychopy.visual.polygon.Polygon'>, autoDraw=False, autoLog=True, closeShape=True, color=method-wrapper(...), colorSpace=None, contrast=1.0, depth=0.0, fillColor=array([0., 0., 0.]), fillColorSpace='rgb', fillRGB=array([0., 0., 0.]), interpolate=True, lineColor=array([-1., -1., -1.]), lineColorSpace='rgb', lineRGB=array([-1., -1., -1.]), lineWidth=1, name='rotated_enclosing_feedback_1', opacity=1.0, ori=array(0.), pos=array([0., 0.]), size=array([0.89, 0.89]), units='height', vertices=ndarray(...), win=Window(...))
18.1697 	EXP 	Created rotated_enclosing_feedback = ShapeStim(__class__=<class 'psychopy.visual.shape.ShapeStim'>, autoDraw=False, autoLog=True, closeShape=True, contrast=1.0, depth=-1.0, fillColor=array([0., 0., 0.]), fillColorSpace='rgb', interpolate=True, lineColor=array([-1., -1., -1.]), lineColorSpace='rgb', lineWidth=1, name='rotated_enclosing_feedback', opacity=1.0, ori=array(0.), pos=array([0., 0.]), size=array([1., 1.]), units='height', vertices=ndarray(...), win=Window(...), windingRule=None)
18.1719 	EXP 	Created rotated_target_feedback = ShapeStim(__class__=<class 'psychopy.visual.shape.ShapeStim'>, autoDraw=False, autoLog=True, closeShape=True, contrast=1.0, depth=-2.0, fillColor=array([1., 1., 1.]), fillColorSpace='rgb', interpolate=True, lineColor=array([1., 1., 1.]), lineColorSpace='rgb', lineWidth=1, name='rotated_target_feedback', opacity=1.0, ori=array(45.), pos=array([0., 0.]), size=array([0.05, 0.05]), units='height', vertices=ndarray(...), win=Window(...), windingRule=None)
18.1753 	EXP 	Created rotated_fixation_feedback = Polygon(__class__=<class 'psychopy.visual.polygon.Polygon'>, autoDraw=False, autoLog=True, closeShape=True, color=method-wrapper(...), colorSpace=None, contrast=1.0, depth=-3.0, fillColor=array([1., 0., 0.]), fillColorSpace='rgb', fillRGB=array([1., 0., 0.]), interpolate=True, lineColor=array([1., 0., 0.]), lineColorSpace='rgb', lineRGB=array([1., 0., 0.]), lineWidth=1, name='rotated_fixation_feedback', opacity=1.0, ori=array(0.), pos=array([0., 0.]), size=array([0.025, 0.025]), units='height', vertices=ndarray(...), win=Window(...))
18.1814 	EXP 	Created rotated_score_text = TextStim(__class__=<class 'psychopy.visual.text.TextStim'>, alignHoriz=method-wrapper(...), alignText='center', alignVert=method-wrapper(...), anchorHoriz='center', anchorVert='center', antialias=True, autoLog=True, bold=False, color='green', colorSpace='named', contrast=1.0, depth=-5.0, flipHoriz=False, flipVert=False, font='Arial', fontFiles=[], height=0.04, italic=False, languageStyle='LTR', name='rotated_score_text', opacity=1.0, ori=0, pos=array([0.4, 0.4]), rgb=array([  0., 128.,   0.]), text='default text', units='height', win=Window(...), wrapWidth=1)
18.2053 	EXP 	Created rotated_breaks = TextStim(__class__=<class 'psychopy.visual.text.TextStim'>, alignHoriz=method-wrapper(...), alignText='center', alignVert=method-wrapper(...), anchorHoriz='center', anchorVert='center', antialias=True, autoLog=True, bold=False, color='white', colorSpace='named', contrast=1.0, depth=0.0, flipHoriz=False, flipVert=False, font='Arial', fontFiles=[], height=0.04, italic=False, languageStyle='LTR', name='rotated_breaks', opacity=1.0, ori=0, pos=array([0., 0.]), rgb=array([255., 255., 255.]), text=str(...), units='height', win=Window(...), wrapWidth=1)
18.2054 	EXP 	window1: mouseVisible = True
18.2091 	EXP 	Created transfer_target = ShapeStim(__class__=<class 'psychopy.visual.shape.ShapeStim'>, autoDraw=False, autoLog=True, closeShape=True, contrast=1.0, depth=0.0, fillColor=array([1., 1., 1.]), fillColorSpace='rgb', interpolate=True, lineColor=array([1., 1., 1.]), lineColorSpace='rgb', lineWidth=1, name='transfer_target', opacity=1.0, ori=array(45.), pos=array([0., 0.]), size=array([0.05, 0.05]), units='height', vertices=ndarray(...), win=Window(...), windingRule=None)
18.2134 	EXP 	Created transfer_fixation = Polygon(__class__=<class 'psychopy.visual.polygon.Polygon'>, autoDraw=False, autoLog=True, closeShape=True, color=method-wrapper(...), colorSpace=None, contrast=1.0, depth=-1.0, fillColor=array([1., 0., 0.]), fillColorSpace='rgb', fillRGB=array([1., 0., 0.]), interpolate=True, lineColor=array([1., 0., 0.]), lineColorSpace='rgb', lineRGB=array([1., 0., 0.]), lineWidth=1, name='transfer_fixation', opacity=1.0, ori=array(0.), pos=array([0., 0.]), size=array([0.025, 0.025]), units='height', vertices=ndarray(...), win=Window(...))
18.2138 	EXP 	window1: mouseVisible = True
18.2165 	EXP 	Created transfer_target_feedback = ShapeStim(__class__=<class 'psychopy.visual.shape.ShapeStim'>, autoDraw=False, autoLog=True, closeShape=True, contrast=1.0, depth=0.0, fillColor=array([1., 1., 1.]), fillColorSpace='rgb', interpolate=True, lineColor=array([1., 1., 1.]), lineColorSpace='rgb', lineWidth=1, name='transfer_target_feedback', opacity=1.0, ori=array(45.), pos=array([0., 0.]), size=array([0.05, 0.05]), units='height', vertices=ndarray(...), win=Window(...), windingRule=None)
18.2234 	EXP 	Created transfer_fixation_feedback = Polygon(__class__=<class 'psychopy.visual.polygon.Polygon'>, autoDraw=False, autoLog=True, closeShape=True, color=method-wrapper(...), colorSpace=None, contrast=1.0, depth=-1.0, fillColor=array([1., 0., 0.]), fillColorSpace='rgb', fillRGB=array([1., 0., 0.]), interpolate=True, lineColor=array([1., 0., 0.]), lineColorSpace='rgb', lineRGB=array([1., 0., 0.]), lineWidth=1, name='transfer_fixation_feedback', opacity=1.0, ori=array(0.), pos=array([0., 0.]), size=array([0.025, 0.025]), units='height', vertices=ndarray(...), win=Window(...))
18.2333 	EXP 	Created done_text = TextStim(__class__=<class 'psychopy.visual.text.TextStim'>, alignHoriz=method-wrapper(...), alignText='center', alignVert=method-wrapper(...), anchorHoriz='center', anchorVert='center', antialias=True, autoLog=True, bold=False, color='white', colorSpace='named', contrast=1.0, depth=0.0, flipHoriz=False, flipVert=False, font='Arial', fontFiles=[], height=0.04, italic=False, languageStyle='LTR', name='done_text', opacity=1.0, ori=0, pos=array([0., 0.]), rgb=array([255., 255., 255.]), text=str(...), units='height', win=Window(...), wrapWidth=1)
18.2334 	EXP 	window1: mouseVisible = True
18.2773 	EXP 	Welcome: autoDraw = True
19.1692 	DATA 	Mouse: Left button down, pos=(788,639)
19.1720 	EXP 	Created sequence: random, trialTypes=1, nReps=0, seed=None
19.1803 	EXP 	Welcome: autoDraw = False
19.1803 	EXP 	text_3: autoDraw = True
19.2978 	DATA 	Mouse:  Left button up, pos=(788,639)
20.3070 	DATA 	Mouse: Left button down, pos=(788,639)
20.4007 	EXP 	Imported conditions_baseline.xlsx as conditions, 16 conditions, 3 params
20.4013 	EXP 	Created sequence: random, trialTypes=16, nReps=0, seed=None
20.4124 	EXP 	text_3: autoDraw = False
20.4124 	EXP 	text_2: autoDraw = True
20.4644 	DATA 	Mouse:  Left button up, pos=(788,639)
21.3820 	DATA 	Mouse: Left button down, pos=(788,639)
21.3867 	EXP 	Created sequence: random, trialTypes=1, nReps=10, seed=None
21.3890 	EXP 	New trial (rep=0, index=0): None
21.4070 	EXP 	Imported conditions_baseline.xlsx as conditions, 16 conditions, 3 params
21.4078 	EXP 	Created sequence: random, trialTypes=16, nReps=4, seed=None
21.4086 	EXP 	New trial (rep=0, index=0): OrderedDict([('target_x', 0.3), ('target_y', 0.3), ('rotation', 0)])
21.4095 	EXP 	window1: mouseVisible = False
21.4243 	EXP 	text_2: autoDraw = False
21.4243 	EXP 	rotated_fixation: opacity = 1
21.4243 	EXP 	rotated_fixation: pos = [0, 0]
21.4243 	EXP 	rotated_fixation: opacity = 0
21.4243 	EXP 	rotated_enclosing_1: autoDraw = True
21.4243 	EXP 	rotated_enclosing: autoDraw = True
21.4243 	EXP 	rotated_fixation: autoDraw = True
21.4247 	EXP 	window1: mouseVisible = False
21.4382 	EXP 	rotated_fixation: opacity = 0
21.4391 	EXP 	window1: mouseVisible = False
21.4620 	EXP 	rotated_fixation: opacity = 0
21.4624 	EXP 	window1: mouseVisible = False
21.4783 	EXP 	rotated_fixation: opacity = 0
21.4788 	EXP 	window1: mouseVisible = False
21.4919 	EXP 	rotated_fixation: opacity = 0
21.4925 	EXP 	window1: mouseVisible = False
21.5086 	EXP 	rotated_fixation: opacity = 0
21.5091 	EXP 	window1: mouseVisible = False
21.5267 	EXP 	rotated_fixation: opacity = 0
21.5272 	EXP 	window1: mouseVisible = False
21.5380 	EXP 	rotated_fixation: opacity = 0
21.5383 	EXP 	window1: mouseVisible = False
21.5391 	DATA 	Mouse:  Left button up, pos=(788,639)
21.5630 	EXP 	rotated_fixation: opacity = 1
21.5630 	EXP 	rotated_fixation: pos = [0, 0]
21.5634 	EXP 	window1: mouseVisible = False
21.5745 	EXP 	rotated_fixation: opacity = 1
21.5745 	EXP 	rotated_fixation: pos = [0, 0]
21.5747 	EXP 	window1: mouseVisible = False
21.5903 	EXP 	rotated_fixation: opacity = 1
21.5903 	EXP 	rotated_fixation: pos = [0, 0]
21.5906 	EXP 	window1: mouseVisible = False
21.6122 	EXP 	rotated_fixation: opacity = 1
21.6122 	EXP 	rotated_fixation: pos = [0, 0]
21.6129 	EXP 	window1: mouseVisible = False
21.6387 	EXP 	rotated_fixation: opacity = 1
21.6387 	EXP 	rotated_fixation: pos = [0, 0]
21.6389 	EXP 	window1: mouseVisible = False
21.6641 	EXP 	rotated_fixation: opacity = 1
21.6641 	EXP 	rotated_fixation: pos = [0, 0]
21.6643 	EXP 	window1: mouseVisible = False
21.6748 	EXP 	rotated_fixation: opacity = 1
21.6748 	EXP 	rotated_fixation: pos = [0, 0]
21.6752 	EXP 	window1: mouseVisible = False
21.6893 	EXP 	rotated_fixation: opacity = 1
21.6893 	EXP 	rotated_fixation: pos = [0, 0]
21.6897 	EXP 	window1: mouseVisible = False
21.7100 	EXP 	rotated_fixation: opacity = 1
21.7100 	EXP 	rotated_fixation: pos = [0, 0]
21.7103 	EXP 	window1: mouseVisible = False
21.7242 	EXP 	rotated_fixation: opacity = 1
21.7242 	EXP 	rotated_fixation: pos = [0, 0]
21.7246 	EXP 	window1: mouseVisible = False
21.7410 	EXP 	rotated_fixation: opacity = 1
21.7410 	EXP 	rotated_fixation: pos = [0, 0]
21.7413 	EXP 	window1: mouseVisible = False
21.7642 	EXP 	rotated_fixation: opacity = 1
21.7642 	EXP 	rotated_fixation: pos = [0, 0]
21.7651 	EXP 	window1: mouseVisible = False
21.7892 	EXP 	rotated_fixation: opacity = 1
21.7892 	EXP 	rotated_fixation: pos = [0, 0]
21.7895 	EXP 	window1: mouseVisible = False
21.8084 	EXP 	rotated_fixation: opacity = 1
21.8084 	EXP 	rotated_fixation: pos = [0, 0]
21.8087 	EXP 	window1: mouseVisible = False
21.8225 	EXP 	rotated_fixation: opacity = 1
21.8225 	EXP 	rotated_fixation: pos = [0, 0]
21.8226 	EXP 	window1: mouseVisible = False
21.8450 	EXP 	rotated_fixation: opacity = 1
21.8450 	EXP 	rotated_fixation: pos = [0, 0]
21.8454 	EXP 	window1: mouseVisible = False
21.8591 	EXP 	rotated_fixation: opacity = 1
21.8591 	EXP 	rotated_fixation: pos = [0, 0]
21.8593 	EXP 	window1: mouseVisible = False
21.8721 	EXP 	rotated_fixation: opacity = 1
21.8721 	EXP 	rotated_fixation: pos = [0, 0]
21.8722 	EXP 	window1: mouseVisible = False
21.8892 	EXP 	rotated_fixation: opacity = 1
21.8892 	EXP 	rotated_fixation: pos = [0, 0]
21.8894 	EXP 	window1: mouseVisible = False
21.9085 	EXP 	rotated_fixation: opacity = 1
21.9085 	EXP 	rotated_fixation: pos = [0, 0]
21.9090 	EXP 	window1: mouseVisible = False
21.9285 	EXP 	rotated_fixation: opacity = 1
21.9285 	EXP 	rotated_fixation: pos = [0, 0]
21.9290 	EXP 	window1: mouseVisible = False
21.9422 	EXP 	rotated_fixation: opacity = 1
21.9422 	EXP 	rotated_fixation: pos = [0, 0]
21.9427 	EXP 	window1: mouseVisible = False
21.9561 	EXP 	rotated_fixation: opacity = 1
21.9561 	EXP 	rotated_fixation: pos = [0, 0]
21.9563 	EXP 	window1: mouseVisible = False
21.9758 	EXP 	rotated_fixation: opacity = 1
21.9758 	EXP 	rotated_fixation: pos = [0, 0]
21.9765 	EXP 	window1: mouseVisible = False
21.9899 	EXP 	rotated_fixation: opacity = 1
21.9899 	EXP 	rotated_fixation: pos = [0, 0]
21.9905 	EXP 	window1: mouseVisible = False
22.0064 	EXP 	rotated_fixation: opacity = 1
22.0064 	EXP 	rotated_fixation: pos = [0, 0]
22.0068 	EXP 	window1: mouseVisible = False
22.0247 	EXP 	rotated_fixation: opacity = 1
22.0247 	EXP 	rotated_fixation: pos = [0, 0]
22.0253 	EXP 	window1: mouseVisible = False
22.0438 	EXP 	rotated_fixation: opacity = 1
22.0438 	EXP 	rotated_fixation: pos = [0, 0]
22.0443 	EXP 	window1: mouseVisible = False
22.0586 	EXP 	rotated_fixation: opacity = 1
22.0586 	EXP 	rotated_fixation: pos = [0, 0]
22.0593 	EXP 	window1: mouseVisible = False
22.0752 	EXP 	rotated_fixation: opacity = 1
22.0752 	EXP 	rotated_fixation: pos = [0, 0]
22.0757 	EXP 	window1: mouseVisible = False
22.1045 	EXP 	rotated_fixation: opacity = 1
22.1045 	EXP 	rotated_fixation: pos = [0, 0]
22.1047 	EXP 	window1: mouseVisible = False
22.1123 	EXP 	rotated_fixation: opacity = 1
22.1123 	EXP 	rotated_fixation: pos = [0, 0]
22.1129 	EXP 	window1: mouseVisible = False
22.1250 	EXP 	rotated_fixation: opacity = 1
22.1250 	EXP 	rotated_fixation: pos = [0, 0]
22.1255 	EXP 	window1: mouseVisible = False
22.1494 	EXP 	rotated_fixation: opacity = 1
22.1494 	EXP 	rotated_fixation: pos = [0, 0]
22.1500 	EXP 	window1: mouseVisible = False
22.1638 	EXP 	rotated_fixation: opacity = 1
22.1638 	EXP 	rotated_fixation: pos = [0, 0]
22.1645 	EXP 	window1: mouseVisible = False
22.1898 	EXP 	rotated_fixation: opacity = 1
22.1898 	EXP 	rotated_fixation: pos = [0, 0]
22.1904 	EXP 	window1: mouseVisible = False
22.2088 	EXP 	rotated_fixation: opacity = 1
22.2088 	EXP 	rotated_fixation: pos = [0, 0]
22.2092 	EXP 	window1: mouseVisible = False
22.2262 	EXP 	rotated_fixation: opacity = 1
22.2262 	EXP 	rotated_fixation: pos = [0, 0]
22.2266 	EXP 	window1: mouseVisible = False
22.2396 	EXP 	rotated_fixation: opacity = 1
22.2396 	EXP 	rotated_fixation: pos = [0, 0]
22.2399 	EXP 	window1: mouseVisible = False
22.2630 	EXP 	rotated_fixation: opacity = 1
22.2630 	EXP 	rotated_fixation: pos = [0, 0]
22.2636 	EXP 	window1: mouseVisible = False
22.2780 	EXP 	rotated_fixation: opacity = 1
22.2780 	EXP 	rotated_fixation: pos = [0, 0]
22.2784 	EXP 	window1: mouseVisible = False
22.3009 	EXP 	rotated_fixation: opacity = 1
22.3009 	EXP 	rotated_fixation: pos = [0, 0]
22.3016 	EXP 	window1: mouseVisible = False
22.3154 	EXP 	rotated_fixation: opacity = 1
22.3154 	EXP 	rotated_fixation: pos = [0, 0]
22.3158 	EXP 	window1: mouseVisible = False
22.3386 	EXP 	rotated_fixation: opacity = 1
22.3386 	EXP 	rotated_fixation: pos = [0, 0]
22.3389 	EXP 	window1: mouseVisible = False
22.3610 	EXP 	rotated_fixation: opacity = 1
22.3610 	EXP 	rotated_fixation: pos = [0, 0]
22.3614 	EXP 	window1: mouseVisible = False
22.3776 	EXP 	rotated_fixation: opacity = 1
22.3776 	EXP 	rotated_fixation: pos = [0, 0]
22.3782 	EXP 	window1: mouseVisible = False
22.4042 	EXP 	rotated_fixation: opacity = 1
22.4042 	EXP 	rotated_fixation: pos = [0, 0]
22.4050 	EXP 	window1: mouseVisible = False
22.4216 	EXP 	rotated_fixation: opacity = 1
22.4216 	EXP 	rotated_fixation: pos = [0, 0]
22.4221 	EXP 	window1: mouseVisible = False
22.4423 	EXP 	rotated_fixation: opacity = 1
22.4423 	EXP 	rotated_fixation: pos = [0, 0]
22.4432 	EXP 	window1: mouseVisible = False
22.4641 	EXP 	rotated_fixation: opacity = 1
22.4641 	EXP 	rotated_fixation: pos = [0, 0]
22.4647 	EXP 	window1: mouseVisible = False
22.4732 	EXP 	rotated_fixation: opacity = 1
22.4732 	EXP 	rotated_fixation: pos = [0, 0]
22.4737 	EXP 	window1: mouseVisible = False
22.4938 	EXP 	rotated_fixation: opacity = 1
22.4938 	EXP 	rotated_fixation: pos = [0, 0]
22.4943 	EXP 	window1: mouseVisible = False
22.5073 	EXP 	rotated_fixation: opacity = 1
22.5073 	EXP 	rotated_fixation: pos = [0, 0]
22.5078 	EXP 	window1: mouseVisible = False
22.5298 	EXP 	rotated_fixation: opacity = 1
22.5298 	EXP 	rotated_fixation: pos = [0, 0]
22.5305 	EXP 	window1: mouseVisible = False
22.5424 	EXP 	rotated_fixation: opacity = 1
22.5424 	EXP 	rotated_fixation: pos = [0, 0]
22.5431 	EXP 	window1: mouseVisible = False
22.5607 	EXP 	rotated_fixation: opacity = 1
22.5607 	EXP 	rotated_fixation: pos = [0, 0]
22.5612 	EXP 	window1: mouseVisible = False
22.5764 	EXP 	rotated_fixation: opacity = 1
22.5764 	EXP 	rotated_fixation: pos = [0, 0]
22.5770 	EXP 	window1: mouseVisible = False
22.5914 	EXP 	rotated_fixation: opacity = 1
22.5914 	EXP 	rotated_fixation: pos = [0, 0]
22.5917 	EXP 	window1: mouseVisible = False
22.6086 	EXP 	rotated_fixation: opacity = 1
22.6086 	EXP 	rotated_fixation: pos = [0, 0]
22.6094 	EXP 	window1: mouseVisible = False
22.6281 	EXP 	rotated_fixation: opacity = 1
22.6281 	EXP 	rotated_fixation: pos = [0, 0]
22.6286 	EXP 	window1: mouseVisible = False
22.6430 	EXP 	rotated_fixation: opacity = 1
22.6430 	EXP 	rotated_fixation: pos = [0, 0]
22.6430 	EXP 	rotated_target: autoDraw = True
22.6433 	EXP 	window1: mouseVisible = False
22.6578 	EXP 	rotated_fixation: opacity = 1
22.6578 	EXP 	rotated_fixation: pos = [0, 0]
22.6583 	EXP 	window1: mouseVisible = False
22.6731 	EXP 	rotated_fixation: opacity = 1
22.6731 	EXP 	rotated_fixation: pos = [0, 0]
22.6734 	EXP 	window1: mouseVisible = False
22.6912 	EXP 	rotated_fixation: opacity = 1
22.6912 	EXP 	rotated_fixation: pos = [0, 0]
22.6920 	EXP 	window1: mouseVisible = False
22.7096 	EXP 	rotated_fixation: opacity = 1
22.7096 	EXP 	rotated_fixation: pos = [0, 0]
22.7103 	EXP 	window1: mouseVisible = False
22.7249 	EXP 	rotated_fixation: opacity = 1
22.7249 	EXP 	rotated_fixation: pos = [0, 0]
22.7252 	EXP 	window1: mouseVisible = False
22.7391 	EXP 	rotated_fixation: opacity = 1
22.7391 	EXP 	rotated_fixation: pos = [0, 0]
22.7394 	EXP 	window1: mouseVisible = False
22.7582 	EXP 	rotated_fixation: opacity = 1
22.7582 	EXP 	rotated_fixation: pos = [0, 0]
22.7590 	EXP 	window1: mouseVisible = False
22.7756 	EXP 	rotated_fixation: opacity = 1
22.7756 	EXP 	rotated_fixation: pos = [0, 0]
22.7761 	EXP 	window1: mouseVisible = False
22.7919 	EXP 	rotated_fixation: opacity = 1
22.7919 	EXP 	rotated_fixation: pos = [0, 0]
22.7921 	EXP 	window1: mouseVisible = False
22.8074 	EXP 	rotated_fixation: opacity = 1
22.8074 	EXP 	rotated_fixation: pos = [0, 0]
22.8078 	EXP 	window1: mouseVisible = False
22.8195 	EXP 	rotated_fixation: opacity = 1
22.8195 	EXP 	rotated_fixation: pos = [0, 0]
22.8196 	EXP 	window1: mouseVisible = False
22.8390 	EXP 	rotated_fixation: opacity = 1
22.8390 	EXP 	rotated_fixation: pos = [0, 0]
22.8394 	EXP 	window1: mouseVisible = False
22.8560 	EXP 	rotated_fixation: opacity = 1
22.8560 	EXP 	rotated_fixation: pos = [0, 0]
22.8566 	EXP 	window1: mouseVisible = False
22.8771 	EXP 	rotated_fixation: opacity = 1
22.8771 	EXP 	rotated_fixation: pos = [0, 0]
22.8775 	EXP 	window1: mouseVisible = False
22.9017 	EXP 	rotated_fixation: opacity = 1
22.9017 	EXP 	rotated_fixation: pos = [0, 0]
22.9019 	EXP 	window1: mouseVisible = False
22.9200 	EXP 	rotated_fixation: opacity = 1
22.9200 	EXP 	rotated_fixation: pos = [0, 0]
22.9203 	EXP 	window1: mouseVisible = False
22.9377 	EXP 	rotated_fixation: opacity = 1
22.9377 	EXP 	rotated_fixation: pos = [0, 0]
22.9381 	EXP 	window1: mouseVisible = False
22.9587 	EXP 	rotated_fixation: opacity = 1
22.9587 	EXP 	rotated_fixation: pos = [0, 0]
22.9590 	EXP 	window1: mouseVisible = False
22.9711 	EXP 	rotated_fixation: opacity = 1
22.9711 	EXP 	rotated_fixation: pos = [0, 0]
22.9712 	EXP 	window1: mouseVisible = False
22.9879 	EXP 	rotated_fixation: opacity = 1
22.9879 	EXP 	rotated_fixation: pos = [0, 0]
22.9881 	EXP 	window1: mouseVisible = False
23.0035 	EXP 	rotated_fixation: opacity = 1
23.0035 	EXP 	rotated_fixation: pos = [0, 0]
23.0038 	EXP 	window1: mouseVisible = False
23.0209 	EXP 	rotated_fixation: opacity = 1
23.0209 	EXP 	rotated_fixation: pos = [0, 0]
23.0212 	EXP 	window1: mouseVisible = False
23.0382 	EXP 	rotated_fixation: opacity = 1
23.0382 	EXP 	rotated_fixation: pos = [0, 0]
23.0385 	EXP 	window1: mouseVisible = False
23.0562 	EXP 	rotated_fixation: opacity = 1
23.0562 	EXP 	rotated_fixation: pos = [0, 0]
23.0566 	EXP 	window1: mouseVisible = False
23.0576 	DATA 	Mouse: Left button down, pos=(960,540)
23.0745 	EXP 	rotated_fixation: opacity = 0
23.0750 	EXP 	window1: mouseVisible = False
23.0930 	EXP 	rotated_fixation: opacity = 0
23.0933 	EXP 	window1: mouseVisible = False
23.1078 	EXP 	rotated_fixation: opacity = 0
23.1081 	EXP 	window1: mouseVisible = False
23.1225 	EXP 	rotated_fixation: opacity = 0
23.1230 	EXP 	window1: mouseVisible = False
23.1358 	EXP 	rotated_fixation: opacity = 0
23.1363 	EXP 	window1: mouseVisible = False
23.1600 	EXP 	rotated_fixation: opacity = 0
23.1605 	EXP 	window1: mouseVisible = False
23.1771 	EXP 	rotated_fixation: opacity = 0
23.1778 	EXP 	window1: mouseVisible = False
23.1931 	EXP 	rotated_fixation: opacity = 0
23.1935 	EXP 	window1: mouseVisible = False
23.2176 	EXP 	rotated_fixation: opacity = 0
23.2181 	EXP 	window1: mouseVisible = False
23.2404 	EXP 	rotated_fixation: opacity = 0
23.2408 	EXP 	window1: mouseVisible = False
23.2608 	EXP 	rotated_fixation: opacity = 0
23.2615 	EXP 	window1: mouseVisible = False
23.2948 	EXP 	rotated_fixation: opacity = 0
23.2953 	EXP 	window1: mouseVisible = False
23.3094 	EXP 	rotated_fixation: opacity = 0
23.3102 	EXP 	window1: mouseVisible = False
23.3304 	EXP 	rotated_fixation: opacity = 0
23.3309 	EXP 	window1: mouseVisible = False
23.3456 	EXP 	rotated_fixation: opacity = 0
23.3462 	EXP 	window1: mouseVisible = False
23.3678 	EXP 	rotated_fixation: opacity = 0
23.3680 	EXP 	window1: mouseVisible = False
23.3923 	EXP 	rotated_fixation: opacity = 0
23.3929 	EXP 	window1: mouseVisible = False
23.4189 	EXP 	rotated_fixation: opacity = 0
23.4192 	EXP 	window1: mouseVisible = False
23.4407 	EXP 	rotated_fixation: opacity = 0
23.4414 	EXP 	window1: mouseVisible = False
23.4611 	EXP 	rotated_fixation: opacity = 0
23.4614 	EXP 	window1: mouseVisible = False
23.4787 	EXP 	rotated_fixation: opacity = 0
23.4790 	EXP 	window1: mouseVisible = False
23.5235 	EXP 	rotated_fixation: opacity = 0
23.5235 	EXP 	rotated_fixation: pos = [0.32592592592592595, -0.3]
23.5235 	EXP 	rotated_fixation: opacity = 1
23.5235 	EXP 	rotated_enclosing_1: autoDraw = False
23.5235 	EXP 	rotated_enclosing: autoDraw = False
23.5235 	EXP 	rotated_target: autoDraw = False
23.5235 	EXP 	rotated_fixation: autoDraw = False
23.5235 	EXP 	rotated_fixation: opacity = 1
23.5235 	EXP 	rotated_target_feedback: pos = array([0.3, 0.3])
23.5235 	EXP 	rotated_fixation_feedback: pos = array([0., 0.])
23.5235 	EXP 	rotated_score_text: text = 'Your score: 10'
23.5235 	EXP 	rotated_enclosing_feedback_1: autoDraw = True
23.5235 	EXP 	rotated_enclosing_feedback: autoDraw = True
23.5235 	EXP 	rotated_target_feedback: autoDraw = True
23.5235 	EXP 	rotated_fixation_feedback: autoDraw = True
23.5235 	EXP 	rotated_score_text: autoDraw = True
24.0246 	EXP 	rotated_fixation_feedback: autoDraw = False
24.0934 	DATA 	Mouse:  Left button up, pos=(1385,998)
24.5137 	EXP 	New trial (rep=0, index=1): OrderedDict([('target_x', -0.3), ('target_y', -0.3), ('rotation', 0)])
24.5146 	EXP 	window1: mouseVisible = False
24.5261 	EXP 	rotated_enclosing_feedback_1: autoDraw = False
24.5261 	EXP 	rotated_enclosing_feedback: autoDraw = False
24.5261 	EXP 	rotated_target_feedback: autoDraw = False
24.5261 	EXP 	rotated_fixation_feedback: autoDraw = False
24.5261 	EXP 	rotated_score_text: autoDraw = False
24.5261 	EXP 	rotated_fixation: opacity = 1
24.5261 	EXP 	rotated_fixation: pos = [0, 0]
24.5261 	EXP 	rotated_fixation: opacity = 1
24.5261 	EXP 	rotated_fixation: pos = [0, 0]
24.5261 	EXP 	rotated_enclosing_1: autoDraw = True
24.5261 	EXP 	rotated_enclosing: autoDraw = True
24.5261 	EXP 	rotated_fixation: autoDraw = True
24.5265 	EXP 	window1: mouseVisible = False
24.5418 	EXP 	rotated_fixation: opacity = 1
24.5418 	EXP 	rotated_fixation: pos = [0, 0]
24.5424 	EXP 	window1: mouseVisible = False
24.5676 	EXP 	rotated_fixation: opacity = 1
24.5676 	EXP 	rotated_fixation: pos = [0, 0]
24.5682 	EXP 	window1: mouseVisible = False
24.5877 	EXP 	rotated_fixation: opacity = 1
24.5877 	EXP 	rotated_fixation: pos = [0, 0]
24.5880 	EXP 	window1: mouseVisible = False
24.6142 	EXP 	rotated_fixation: opacity = 1
24.6142 	EXP 	rotated_fixation: pos = [0, 0]
24.6149 	EXP 	window1: mouseVisible = False
24.6252 	EXP 	rotated_fixation: opacity = 1
24.6252 	EXP 	rotated_fixation: pos = [0, 0]
24.6255 	EXP 	window1: mouseVisible = False
24.6386 	EXP 	rotated_fixation: opacity = 1
24.6386 	EXP 	rotated_fixation: pos = [0, 0]
24.6390 	EXP 	window1: mouseVisible = False
24.6590 	EXP 	rotated_fixation: opacity = 1
24.6590 	EXP 	rotated_fixation: pos = [0, 0]
24.6593 	EXP 	window1: mouseVisible = False
24.6763 	EXP 	rotated_fixation: opacity = 1
24.6763 	EXP 	rotated_fixation: pos = [0, 0]
24.6766 	EXP 	window1: mouseVisible = False
24.7032 	EXP 	rotated_fixation: opacity = 1
24.7032 	EXP 	rotated_fixation: pos = [0, 0]
24.7037 	EXP 	window1: mouseVisible = False
24.7235 	EXP 	rotated_fixation: opacity = 1
24.7235 	EXP 	rotated_fixation: pos = [0, 0]
24.7243 	EXP 	window1: mouseVisible = False
24.7440 	EXP 	rotated_fixation: opacity = 1
24.7440 	EXP 	rotated_fixation: pos = [0, 0]
24.7446 	EXP 	window1: mouseVisible = False
24.7573 	EXP 	rotated_fixation: opacity = 1
24.7573 	EXP 	rotated_fixation: pos = [0, 0]
24.7577 	EXP 	window1: mouseVisible = False
24.7832 	EXP 	rotated_fixation: opacity = 1
24.7832 	EXP 	rotated_fixation: pos = [0, 0]
24.7840 	EXP 	window1: mouseVisible = False
24.8030 	EXP 	rotated_fixation: opacity = 1
24.8030 	EXP 	rotated_fixation: pos = [0, 0]
24.8031 	EXP 	window1: mouseVisible = False
24.8196 	EXP 	rotated_fixation: opacity = 1
24.8196 	EXP 	rotated_fixation: pos = [0, 0]
24.8199 	EXP 	window1: mouseVisible = False
24.8435 	EXP 	rotated_fixation: opacity = 1
24.8435 	EXP 	rotated_fixation: pos = [0, 0]
24.8440 	EXP 	window1: mouseVisible = False
24.8756 	EXP 	rotated_fixation: opacity = 1
24.8756 	EXP 	rotated_fixation: pos = [0, 0]
24.8762 	EXP 	window1: mouseVisible = False
24.8912 	EXP 	rotated_fixation: opacity = 1
24.8912 	EXP 	rotated_fixation: pos = [0, 0]
24.8917 	EXP 	window1: mouseVisible = False
24.9073 	EXP 	rotated_fixation: opacity = 1
24.9073 	EXP 	rotated_fixation: pos = [0, 0]
24.9079 	EXP 	window1: mouseVisible = False
24.9263 	EXP 	rotated_fixation: opacity = 1
24.9263 	EXP 	rotated_fixation: pos = [0, 0]
24.9266 	EXP 	window1: mouseVisible = False
24.9492 	EXP 	rotated_fixation: opacity = 1
24.9492 	EXP 	rotated_fixation: pos = [0, 0]
24.9497 	EXP 	window1: mouseVisible = False
24.9699 	EXP 	rotated_fixation: opacity = 1
24.9699 	EXP 	rotated_fixation: pos = [0, 0]
24.9706 	EXP 	window1: mouseVisible = False
24.9913 	EXP 	rotated_fixation: opacity = 1
24.9913 	EXP 	rotated_fixation: pos = [0, 0]
24.9917 	EXP 	window1: mouseVisible = False
25.0030 	EXP 	rotated_fixation: opacity = 1
25.0030 	EXP 	rotated_fixation: pos = [0, 0]
25.0035 	EXP 	window1: mouseVisible = False
25.0202 	EXP 	rotated_fixation: opacity = 1
25.0202 	EXP 	rotated_fixation: pos = [0, 0]
25.0205 	EXP 	window1: mouseVisible = False
25.0411 	EXP 	rotated_fixation: opacity = 1
25.0411 	EXP 	rotated_fixation: pos = [0, 0]
25.0418 	EXP 	window1: mouseVisible = False
25.0751 	EXP 	rotated_fixation: opacity = 1
25.0751 	EXP 	rotated_fixation: pos = [0, 0]
25.0755 	EXP 	window1: mouseVisible = False
25.0888 	EXP 	rotated_fixation: opacity = 1
25.0888 	EXP 	rotated_fixation: pos = [0, 0]
25.0892 	EXP 	window1: mouseVisible = False
25.1062 	EXP 	rotated_fixation: opacity = 1
25.1062 	EXP 	rotated_fixation: pos = [0, 0]
25.1065 	EXP 	window1: mouseVisible = False
25.1251 	EXP 	rotated_fixation: opacity = 1
25.1251 	EXP 	rotated_fixation: pos = [0, 0]
25.1255 	EXP 	window1: mouseVisible = False
25.1557 	EXP 	rotated_fixation: opacity = 1
25.1557 	EXP 	rotated_fixation: pos = [0, 0]
25.1560 	EXP 	window1: mouseVisible = False
25.1712 	EXP 	rotated_fixation: opacity = 1
25.1712 	EXP 	rotated_fixation: pos = [0, 0]
25.1715 	EXP 	window1: mouseVisible = False
25.1880 	EXP 	rotated_fixation: opacity = 1
25.1880 	EXP 	rotated_fixation: pos = [0, 0]
25.1883 	EXP 	window1: mouseVisible = False
25.2039 	EXP 	rotated_fixation: opacity = 1
25.2039 	EXP 	rotated_fixation: pos = [0, 0]
25.2044 	EXP 	window1: mouseVisible = False
25.2191 	EXP 	rotated_fixation: opacity = 1
25.2191 	EXP 	rotated_fixation: pos = [0, 0]
25.2196 	EXP 	window1: mouseVisible = False
25.2417 	EXP 	rotated_fixation: opacity = 1
25.2417 	EXP 	rotated_fixation: pos = [0, 0]
25.2422 	EXP 	window1: mouseVisible = False
25.2564 	EXP 	rotated_fixation: opacity = 1
25.2564 	EXP 	rotated_fixation: pos = [0, 0]
25.2572 	EXP 	window1: mouseVisible = False
25.2773 	EXP 	rotated_fixation: opacity = 1
25.2773 	EXP 	rotated_fixation: pos = [0, 0]
25.2779 	EXP 	window1: mouseVisible = False
25.3111 	EXP 	rotated_fixation: opacity = 1
25.3111 	EXP 	rotated_fixation: pos = [0, 0]
25.3116 	EXP 	window1: mouseVisible = False
25.3225 	EXP 	rotated_fixation: opacity = 1
25.3225 	EXP 	rotated_fixation: pos = [0, 0]
25.3228 	EXP 	window1: mouseVisible = False
25.3388 	EXP 	rotated_fixation: opacity = 1
25.3388 	EXP 	rotated_fixation: pos = [0, 0]
25.3391 	EXP 	window1: mouseVisible = False
25.3574 	EXP 	rotated_fixation: opacity = 1
25.3574 	EXP 	rotated_fixation: pos = [0, 0]
25.3578 	EXP 	window1: mouseVisible = False
25.3727 	EXP 	rotated_fixation: opacity = 1
25.3727 	EXP 	rotated_fixation: pos = [0, 0]
25.3730 	EXP 	window1: mouseVisible = False
25.3888 	EXP 	rotated_fixation: opacity = 1
25.3888 	EXP 	rotated_fixation: pos = [0, 0]
25.3892 	EXP 	window1: mouseVisible = False
25.4084 	EXP 	rotated_fixation: opacity = 1
25.4084 	EXP 	rotated_fixation: pos = [0, 0]
25.4084 	EXP 	rotated_target: autoDraw = True
25.4090 	EXP 	window1: mouseVisible = False
25.4258 	EXP 	rotated_fixation: opacity = 1
25.4258 	EXP 	rotated_fixation: pos = [0, 0]
25.4261 	EXP 	window1: mouseVisible = False
25.4477 	EXP 	rotated_fixation: opacity = 1
25.4477 	EXP 	rotated_fixation: pos = [0, 0]
25.4483 	EXP 	window1: mouseVisible = False
25.4719 	EXP 	rotated_fixation: opacity = 1
25.4719 	EXP 	rotated_fixation: pos = [0, 0]
25.4726 	EXP 	window1: mouseVisible = False
25.5042 	EXP 	rotated_fixation: opacity = 1
25.5042 	EXP 	rotated_fixation: pos = [0, 0]
25.5047 	EXP 	window1: mouseVisible = False
25.5203 	EXP 	rotated_fixation: opacity = 1
25.5203 	EXP 	rotated_fixation: pos = [0, 0]
25.5208 	EXP 	window1: mouseVisible = False
25.5386 	EXP 	rotated_fixation: opacity = 1
25.5386 	EXP 	rotated_fixation: pos = [0, 0]
25.5390 	EXP 	window1: mouseVisible = False
25.5558 	EXP 	rotated_fixation: opacity = 1
25.5558 	EXP 	rotated_fixation: pos = [0, 0]
25.5562 	EXP 	window1: mouseVisible = False
25.5729 	EXP 	rotated_fixation: opacity = 1
25.5729 	EXP 	rotated_fixation: pos = [0, 0]
25.5734 	EXP 	window1: mouseVisible = False
25.5901 	EXP 	rotated_fixation: opacity = 1
25.5901 	EXP 	rotated_fixation: pos = [0, 0]
25.5907 	EXP 	window1: mouseVisible = False
25.6077 	EXP 	rotated_fixation: opacity = 1
25.6077 	EXP 	rotated_fixation: pos = [0, 0]
25.6084 	EXP 	window1: mouseVisible = False
25.6310 	EXP 	rotated_fixation: opacity = 1
25.6310 	EXP 	rotated_fixation: pos = [0, 0]
25.6316 	EXP 	window1: mouseVisible = False
25.6527 	EXP 	rotated_fixation: opacity = 1
25.6527 	EXP 	rotated_fixation: pos = [0, 0]
25.6530 	EXP 	window1: mouseVisible = False
25.6717 	EXP 	rotated_fixation: opacity = 1
25.6717 	EXP 	rotated_fixation: pos = [0, 0]
25.6721 	EXP 	window1: mouseVisible = False
25.6856 	EXP 	rotated_fixation: opacity = 1
25.6856 	EXP 	rotated_fixation: pos = [0, 0]
25.6861 	EXP 	window1: mouseVisible = False
25.7120 	EXP 	rotated_fixation: opacity = 1
25.7120 	EXP 	rotated_fixation: pos = [0, 0]
25.7126 	EXP 	window1: mouseVisible = False
25.7366 	EXP 	rotated_fixation: opacity = 1
25.7366 	EXP 	rotated_fixation: pos = [0, 0]
25.7372 	EXP 	window1: mouseVisible = False
25.7574 	EXP 	rotated_fixation: opacity = 1
25.7574 	EXP 	rotated_fixation: pos = [0, 0]
25.7579 	EXP 	window1: mouseVisible = False
25.7741 	EXP 	rotated_fixation: opacity = 1
25.7741 	EXP 	rotated_fixation: pos = [0, 0]
25.7743 	EXP 	window1: mouseVisible = False
25.7875 	EXP 	rotated_fixation: opacity = 1
25.7875 	EXP 	rotated_fixation: pos = [0, 0]
25.7879 	EXP 	window1: mouseVisible = False
25.8046 	EXP 	rotated_fixation: opacity = 1
25.8046 	EXP 	rotated_fixation: pos = [0, 0]
25.8048 	EXP 	window1: mouseVisible = False
25.8191 	EXP 	rotated_fixation: opacity = 1
25.8191 	EXP 	rotated_fixation: pos = [0, 0]
25.8195 	EXP 	window1: mouseVisible = False
25.8373 	EXP 	rotated_fixation: opacity = 1
25.8373 	EXP 	rotated_fixation: pos = [0, 0]
25.8378 	EXP 	window1: mouseVisible = False
25.8613 	EXP 	rotated_fixation: opacity = 1
25.8613 	EXP 	rotated_fixation: pos = [0, 0]
25.8618 	EXP 	window1: mouseVisible = False
25.8871 	EXP 	rotated_fixation: opacity = 1
25.8871 	EXP 	rotated_fixation: pos = [0, 0]
25.8873 	EXP 	window1: mouseVisible = False
25.9079 	EXP 	rotated_fixation: opacity = 1
25.9079 	EXP 	rotated_fixation: pos = [0, 0]
25.9082 	EXP 	window1: mouseVisible = False
25.9227 	EXP 	rotated_fixation: opacity = 1
25.9227 	EXP 	rotated_fixation: pos = [0, 0]
25.9229 	EXP 	window1: mouseVisible = False
25.9390 	EXP 	rotated_fixation: opacity = 1
25.9390 	EXP 	rotated_fixation: pos = [0, 0]
25.9395 	EXP 	window1: mouseVisible = False
25.9556 	EXP 	rotated_fixation: opacity = 1
25.9556 	EXP 	rotated_fixation: pos = [0, 0]
25.9561 	EXP 	window1: mouseVisible = False
25.9749 	EXP 	rotated_fixation: opacity = 1
25.9749 	EXP 	rotated_fixation: pos = [0, 0]
25.9758 	EXP 	window1: mouseVisible = False
25.9893 	EXP 	rotated_fixation: opacity = 1
25.9893 	EXP 	rotated_fixation: pos = [0, 0]
25.9896 	EXP 	window1: mouseVisible = False
26.0153 	EXP 	rotated_fixation: opacity = 1
26.0153 	EXP 	rotated_fixation: pos = [0, 0]
26.0159 	EXP 	window1: mouseVisible = False
26.0383 	EXP 	rotated_fixation: opacity = 1
26.0383 	EXP 	rotated_fixation: pos = [0, 0]
26.0389 	EXP 	window1: mouseVisible = False
26.0602 	EXP 	rotated_fixation: opacity = 1
26.0602 	EXP 	rotated_fixation: pos = [0, 0]
26.0610 	EXP 	window1: mouseVisible = False
26.0766 	EXP 	rotated_fixation: opacity = 1
26.0766 	EXP 	rotated_fixation: pos = [0, 0]
26.0774 	EXP 	window1: mouseVisible = False
26.0966 	EXP 	rotated_fixation: opacity = 1
26.0966 	EXP 	rotated_fixation: pos = [0, 0]
26.0969 	EXP 	window1: mouseVisible = False
26.0977 	DATA 	Mouse: Left button down, pos=(960,540)
26.1226 	EXP 	rotated_fixation: opacity = 0
26.1229 	EXP 	window1: mouseVisible = False
26.1396 	EXP 	rotated_fixation: opacity = 0
26.1401 	EXP 	window1: mouseVisible = False
26.1586 	EXP 	rotated_fixation: opacity = 0
26.1590 	EXP 	window1: mouseVisible = False
26.1814 	EXP 	rotated_fixation: opacity = 0
26.1818 	EXP 	window1: mouseVisible = False
26.2027 	EXP 	rotated_fixation: opacity = 0
26.2033 	EXP 	window1: mouseVisible = False
26.2279 	EXP 	rotated_fixation: opacity = 0
26.2285 	EXP 	window1: mouseVisible = False
26.2394 	EXP 	rotated_fixation: opacity = 0
26.2398 	EXP 	window1: mouseVisible = False
26.2585 	EXP 	rotated_fixation: opacity = 0
26.2588 	EXP 	window1: mouseVisible = False
26.2699 	EXP 	rotated_fixation: opacity = 0
26.2702 	EXP 	window1: mouseVisible = False
26.2843 	EXP 	rotated_fixation: opacity = 0
26.2844 	EXP 	window1: mouseVisible = False
26.3038 	EXP 	rotated_fixation: opacity = 0
26.3039 	EXP 	window1: mouseVisible = False
26.3194 	EXP 	rotated_fixation: opacity = 0
26.3198 	EXP 	window1: mouseVisible = False
26.3366 	EXP 	rotated_fixation: opacity = 0
26.3370 	EXP 	window1: mouseVisible = False
26.3541 	EXP 	rotated_fixation: opacity = 0
26.3545 	EXP 	window1: mouseVisible = False
26.3724 	EXP 	rotated_fixation: opacity = 0
26.3731 	EXP 	window1: mouseVisible = False
26.4013 	EXP 	rotated_fixation: opacity = 0
26.4018 	EXP 	window1: mouseVisible = False
26.4212 	EXP 	rotated_fixation: opacity = 0
26.4213 	EXP 	window1: mouseVisible = False
26.4395 	EXP 	rotated_fixation: opacity = 0
26.4400 	EXP 	window1: mouseVisible = False
26.4593 	EXP 	rotated_fixation: opacity = 0
26.4597 	EXP 	window1: mouseVisible = False
26.4818 	EXP 	rotated_fixation: opacity = 0
26.4824 	EXP 	window1: mouseVisible = False
26.5054 	EXP 	rotated_fixation: opacity = 0
26.5054 	EXP 	rotated_fixation: pos = [-0.16203703703703706, 0.43796296296296294]
26.5054 	EXP 	rotated_fixation: opacity = 1
26.5054 	EXP 	rotated_enclosing_1: autoDraw = False
26.5054 	EXP 	rotated_enclosing: autoDraw = False
26.5054 	EXP 	rotated_target: autoDraw = False
26.5054 	EXP 	rotated_fixation: autoDraw = False
26.5054 	EXP 	rotated_fixation: opacity = 1
26.5054 	EXP 	rotated_target_feedback: pos = array([-0.3, -0.3])
26.5054 	EXP 	rotated_fixation_feedback: pos = array([0., 0.])
26.5054 	EXP 	rotated_score_text: text = 'Your score: 10'
26.5054 	EXP 	rotated_enclosing_feedback_1: autoDraw = True
26.5054 	EXP 	rotated_enclosing_feedback: autoDraw = True
26.5054 	EXP 	rotated_target_feedback: autoDraw = True
26.5054 	EXP 	rotated_fixation_feedback: autoDraw = True
26.5054 	EXP 	rotated_score_text: autoDraw = True
26.9487 	DATA 	Mouse:  Left button up, pos=(327,302)
27.0036 	EXP 	rotated_fixation_feedback: autoDraw = False
27.5003 	EXP 	New trial (rep=0, index=2): OrderedDict([('target_x', 0.3), ('target_y', 0.3), ('rotation', 0)])
27.5016 	EXP 	window1: mouseVisible = False
27.5223 	EXP 	rotated_enclosing_feedback_1: autoDraw = False
27.5223 	EXP 	rotated_enclosing_feedback: autoDraw = False
27.5223 	EXP 	rotated_target_feedback: autoDraw = False
27.5223 	EXP 	rotated_fixation_feedback: autoDraw = False
27.5223 	EXP 	rotated_score_text: autoDraw = False
27.5223 	EXP 	rotated_fixation: opacity = 1
27.5223 	EXP 	rotated_fixation: pos = [0, 0]
27.5223 	EXP 	rotated_fixation: opacity = 1
27.5223 	EXP 	rotated_fixation: pos = [0, 0]
27.5223 	EXP 	rotated_enclosing_1: autoDraw = True
27.5223 	EXP 	rotated_enclosing: autoDraw = True
27.5223 	EXP 	rotated_fixation: autoDraw = True
27.5227 	EXP 	window1: mouseVisible = False
27.5359 	EXP 	rotated_fixation: opacity = 1
27.5359 	EXP 	rotated_fixation: pos = [0, 0]
27.5364 	EXP 	window1: mouseVisible = False
27.5514 	EXP 	rotated_fixation: opacity = 1
27.5514 	EXP 	rotated_fixation: pos = [0, 0]
27.5517 	EXP 	window1: mouseVisible = False
27.5687 	EXP 	rotated_fixation: opacity = 1
27.5687 	EXP 	rotated_fixation: pos = [0, 0]
27.5693 	EXP 	window1: mouseVisible = False
27.5899 	EXP 	rotated_fixation: opacity = 1
27.5899 	EXP 	rotated_fixation: pos = [0, 0]
27.5904 	EXP 	window1: mouseVisible = False
27.6154 	EXP 	rotated_fixation: opacity = 1
27.6154 	EXP 	rotated_fixation: pos = [0, 0]
27.6158 	EXP 	window1: mouseVisible = False
27.6355 	EXP 	rotated_fixation: opacity = 1
27.6355 	EXP 	rotated_fixation: pos = [0, 0]
27.6360 	EXP 	window1: mouseVisible = False
27.6534 	EXP 	rotated_fixation: opacity = 1
27.6534 	EXP 	rotated_fixation: pos = [0, 0]
27.6541 	EXP 	window1: mouseVisible = False
27.6721 	EXP 	rotated_fixation: opacity = 1
27.6721 	EXP 	rotated_fixation: pos = [0, 0]
27.6726 	EXP 	window1: mouseVisible = False
27.6915 	EXP 	rotated_fixation: opacity = 1
27.6915 	EXP 	rotated_fixation: pos = [0, 0]
27.6918 	EXP 	window1: mouseVisible = False
27.7101 	EXP 	rotated_fixation: opacity = 1
27.7101 	EXP 	rotated_fixation: pos = [0, 0]
27.7106 	EXP 	window1: mouseVisible = False
27.7204 	EXP 	rotated_fixation: opacity = 1
27.7204 	EXP 	rotated_fixation: pos = [0, 0]
27.7209 	EXP 	window1: mouseVisible = False
27.7404 	EXP 	rotated_fixation: opacity = 1
27.7404 	EXP 	rotated_fixation: pos = [0, 0]
27.7410 	EXP 	window1: mouseVisible = False
27.7518 	EXP 	rotated_fixation: opacity = 1
27.7518 	EXP 	rotated_fixation: pos = [0, 0]
27.7520 	EXP 	window1: mouseVisible = False
27.7693 	EXP 	rotated_fixation: opacity = 1
27.7693 	EXP 	rotated_fixation: pos = [0, 0]
27.7695 	EXP 	window1: mouseVisible = False
27.7831 	EXP 	rotated_fixation: opacity = 1
27.7831 	EXP 	rotated_fixation: pos = [0, 0]
27.7835 	EXP 	window1: mouseVisible = False
27.8071 	EXP 	rotated_fixation: opacity = 1
27.8071 	EXP 	rotated_fixation: pos = [0, 0]
27.8073 	EXP 	window1: mouseVisible = False
27.8202 	EXP 	rotated_fixation: opacity = 1
27.8202 	EXP 	rotated_fixation: pos = [0, 0]
27.8205 	EXP 	window1: mouseVisible = False
27.8385 	EXP 	rotated_fixation: opacity = 1
27.8385 	EXP 	rotated_fixation: pos = [0, 0]
27.8388 	EXP 	window1: mouseVisible = False
27.8628 	EXP 	rotated_fixation: opacity = 1
27.8628 	EXP 	rotated_fixation: pos = [0, 0]
27.8632 	EXP 	window1: mouseVisible = False
27.8670 	DATA 	Keypress: escape
27.8713 	EXP 	rotated_fixation: opacity = 1
27.8713 	EXP 	rotated_fixation: pos = [0, 0]
27.8717 	EXP 	window1: mouseVisible = False
27.8888 	EXP 	rotated_fixation: opacity = 1
27.8888 	EXP 	rotated_fixation: pos = [0, 0]
27.8895 	EXP 	window1: mouseVisible = False
27.9066 	EXP 	rotated_fixation: opacity = 1
27.9066 	EXP 	rotated_fixation: pos = [0, 0]
27.9070 	EXP 	window1: mouseVisible = False
27.9193 	EXP 	rotated_fixation: opacity = 1
27.9193 	EXP 	rotated_fixation: pos = [0, 0]
27.9197 	EXP 	window1: mouseVisible = False
27.9363 	EXP 	rotated_fixation: opacity = 1
27.9363 	EXP 	rotated_fixation: pos = [0, 0]
27.9368 	EXP 	window1: mouseVisible = False
27.9658 	EXP 	rotated_fixation: opacity = 1
27.9658 	EXP 	rotated_fixation: pos = [0, 0]
27.9661 	EXP 	window1: mouseVisible = False
27.9742 	EXP 	rotated_fixation: opacity = 1
27.9742 	EXP 	rotated_fixation: pos = [0, 0]
27.9746 	EXP 	window1: mouseVisible = False
28.0013 	EXP 	rotated_fixation: opacity = 1
28.0013 	EXP 	rotated_fixation: pos = [0, 0]
28.0015 	EXP 	window1: mouseVisible = False
28.0202 	EXP 	rotated_fixation: opacity = 1
28.0202 	EXP 	rotated_fixation: pos = [0, 0]
28.0207 	EXP 	window1: mouseVisible = False
28.0392 	EXP 	rotated_fixation: opacity = 1
28.0392 	EXP 	rotated_fixation: pos = [0, 0]
28.0396 	EXP 	window1: mouseVisible = False
28.0562 	EXP 	rotated_fixation: opacity = 1
28.0562 	EXP 	rotated_fixation: pos = [0, 0]
28.0566 	EXP 	window1: mouseVisible = False
28.1714 	EXP 	window1: mouseVisible = True
