1.5192 	WARNING 	We strongly recommend you activate the PTB sound engine in PsychoPy prefs as the preferred audio engine. Its timing is vastly superior. Your prefs are currently set to use ['sounddevice', 'PTB', 'pyo', 'pygame'] (in that order).
13.5751 	EXP 	Created window1 = Window(allowGUI=False, allowStencil=False, args=UNKNOWN, autoLog=True, bitsMode=UNKNOWN, blendMode='avg', bpc=(8, 8, 8), color=array([0., 0., 0.]), colorSpace='rgb', depthBits=8, fullscr=<method-wrapper '__getattribute__' of attributeSetter object at 0x000001579F397CC0>, gamma=None, gammaErrorPolicy='raise', kwargs=UNKNOWN, lms=UNKNOWN, monitor=<psychopy.monitors.calibTools.Monitor object at 0x000001579F2B7CF8>, multiSample=False, name='window1', numSamples=2, pos=[0.0, 0.0], screen=0, size=array([1920, 1080]), stencilBits=0, stereo=False, units='height', useFBO=True, useRetina=False, viewOri=0.0, viewPos=None, viewScale=None, waitBlanking=True, winType='pyglet')
13.5758 	EXP 	window1: mouseVisible = True
13.5759 	EXP 	window1: recordFrameIntervals = False
13.7402 	EXP 	window1: recordFrameIntervals = True
13.9240 	EXP 	window1: recordFrameIntervals = False
14.3647 	EXP 	Created Welcome = TextStim(__class__=<class 'psychopy.visual.text.TextStim'>, alignHoriz=method-wrapper(...), alignText='center', alignVert=method-wrapper(...), anchorHoriz='center', anchorVert='center', antialias=True, autoLog=True, bold=False, color='white', colorSpace='named', contrast=1.0, depth=0.0, flipHoriz=False, flipVert=False, font='Arial', fontFiles=[], height=0.04, italic=False, languageStyle='LTR', name='Welcome', opacity=1.0, ori=0, pos=array([0., 0.]), rgb=array([255., 255., 255.]), text=str(...), units='height', win=Window(...), wrapWidth=1)
14.3649 	EXP 	window1: mouseVisible = True
14.3793 	EXP 	Created text = TextStim(__class__=<class 'psychopy.visual.text.TextStim'>, alignHoriz=method-wrapper(...), alignText='center', alignVert=method-wrapper(...), anchorHoriz='center', anchorVert='center', antialias=True, autoLog=True, bold=False, color='white', colorSpace='named', contrast=1.0, depth=0.0, flipHoriz=False, flipVert=False, font='Arial', fontFiles=[], height=0.04, italic=False, languageStyle='LTR', name='text', opacity=1.0, ori=0, pos=array([0., 0.]), rgb=array([255., 255., 255.]), text=str(...), units='height', win=Window(...), wrapWidth=1)
14.3795 	EXP 	window1: mouseVisible = True
14.3893 	EXP 	Created demo_enclosing_1 = Polygon(__class__=<class 'psychopy.visual.polygon.Polygon'>, autoDraw=False, autoLog=True, closeShape=True, color=method-wrapper(...), colorSpace=None, contrast=1.0, depth=-1.0, fillColor=array([0., 0., 0.]), fillColorSpace='rgb', fillRGB=array([0., 0., 0.]), interpolate=True, lineColor=array([-1., -1., -1.]), lineColorSpace='rgb', lineRGB=array([-1., -1., -1.]), lineWidth=1, name='demo_enclosing_1', opacity=1.0, ori=array(0.), pos=array([0., 0.]), size=array([0.9, 0.9]), units='height', vertices=ndarray(...), win=Window(...))
14.3955 	EXP 	Created demo_enclosing = Polygon(__class__=<class 'psychopy.visual.polygon.Polygon'>, autoDraw=False, autoLog=True, closeShape=True, color=method-wrapper(...), colorSpace=None, contrast=1.0, depth=-2.0, fillColor=array([0., 0., 0.]), fillColorSpace='rgb', fillRGB=array([0., 0., 0.]), interpolate=True, lineColor=array([-1., -1., -1.]), lineColorSpace='rgb', lineRGB=array([-1., -1., -1.]), lineWidth=1, name='demo_enclosing', opacity=1.0, ori=array(0.), pos=array([0., 0.]), size=array([0.8, 0.8]), units='height', vertices=ndarray(...), win=Window(...))
14.3987 	EXP 	Created demo_target = ShapeStim(__class__=<class 'psychopy.visual.shape.ShapeStim'>, autoDraw=False, autoLog=True, closeShape=True, contrast=1.0, depth=-3.0, fillColor=array([1., 1., 1.]), fillColorSpace='rgb', interpolate=True, lineColor=array([1., 1., 1.]), lineColorSpace='rgb', lineWidth=1, name='demo_target', opacity=1.0, ori=array(45.), pos=array([0., 0.]), size=array([0.05, 0.05]), units='height', vertices=ndarray(...), win=Window(...), windingRule=None)
14.4033 	EXP 	Created demo_fixation = Polygon(__class__=<class 'psychopy.visual.polygon.Polygon'>, autoDraw=False, autoLog=True, closeShape=True, color=method-wrapper(...), colorSpace=None, contrast=1.0, depth=-4.0, fillColor=array([1., 0., 0.]), fillColorSpace='rgb', fillRGB=array([1., 0., 0.]), interpolate=True, lineColor=array([1., 0., 0.]), lineColorSpace='rgb', lineRGB=array([1., 0., 0.]), lineWidth=1, name='demo_fixation', opacity=1.0, ori=array(0.), pos=array([0., 0.]), size=array([0.025, 0.025]), units='height', vertices=ndarray(...), win=Window(...))
14.4034 	EXP 	window1: mouseVisible = True
14.4131 	EXP 	Created demo_enclosing_feedback_1 = Polygon(__class__=<class 'psychopy.visual.polygon.Polygon'>, autoDraw=False, autoLog=True, closeShape=True, color=method-wrapper(...), colorSpace=None, contrast=1.0, depth=0.0, fillColor=array([0., 0., 0.]), fillColorSpace='rgb', fillRGB=array([0., 0., 0.]), interpolate=True, lineColor=array([-1., -1., -1.]), lineColorSpace='rgb', lineRGB=array([-1., -1., -1.]), lineWidth=1, name='demo_enclosing_feedback_1', opacity=1.0, ori=array(0.), pos=array([0., 0.]), size=array([0.9, 0.9]), units='height', vertices=ndarray(...), win=Window(...))
14.4198 	EXP 	Created demo_enclosing_feedback = Polygon(__class__=<class 'psychopy.visual.polygon.Polygon'>, autoDraw=False, autoLog=True, closeShape=True, color=method-wrapper(...), colorSpace=None, contrast=1.0, depth=-1.0, fillColor=array([0., 0., 0.]), fillColorSpace='rgb', fillRGB=array([0., 0., 0.]), interpolate=True, lineColor=array([-1., -1., -1.]), lineColorSpace='rgb', lineRGB=array([-1., -1., -1.]), lineWidth=1, name='demo_enclosing_feedback', opacity=1.0, ori=array(0.), pos=array([0., 0.]), size=array([0.8, 0.8]), units='height', vertices=ndarray(...), win=Window(...))
14.4229 	EXP 	Created demo_target_feedback = ShapeStim(__class__=<class 'psychopy.visual.shape.ShapeStim'>, autoDraw=False, autoLog=True, closeShape=True, contrast=1.0, depth=-2.0, fillColor=array([1., 1., 1.]), fillColorSpace='rgb', interpolate=True, lineColor=array([1., 1., 1.]), lineColorSpace='rgb', lineWidth=1, name='demo_target_feedback', opacity=1.0, ori=array(45.), pos=array([0., 0.]), size=array([0.05, 0.05]), units='height', vertices=ndarray(...), win=Window(...), windingRule=None)
14.4273 	EXP 	Created demo_fixation_feedback = Polygon(__class__=<class 'psychopy.visual.polygon.Polygon'>, autoDraw=False, autoLog=True, closeShape=True, color=method-wrapper(...), colorSpace=None, contrast=1.0, depth=-3.0, fillColor=array([1., 0., 0.]), fillColorSpace='rgb', fillRGB=array([1., 0., 0.]), interpolate=True, lineColor=array([1., 0., 0.]), lineColorSpace='rgb', lineRGB=array([1., 0., 0.]), lineWidth=1, name='demo_fixation_feedback', opacity=1.0, ori=array(0.), pos=array([0., 0.]), size=array([0.025, 0.025]), units='height', vertices=ndarray(...), win=Window(...))
14.4449 	EXP 	Created text_4 = TextStim(__class__=<class 'psychopy.visual.text.TextStim'>, alignHoriz=method-wrapper(...), alignText='center', alignVert=method-wrapper(...), anchorHoriz='center', anchorVert='center', antialias=True, autoLog=True, bold=False, color='white', colorSpace='named', contrast=1.0, depth=-5.0, flipHoriz=False, flipVert=False, font='Arial', fontFiles=[], height=0.02, italic=False, languageStyle='LTR', name='text_4', opacity=1.0, ori=0, pos=array([0.4, 0.4]), rgb=array([255., 255., 255.]), text='default text', units='height', win=Window(...), wrapWidth=1)
14.4626 	EXP 	Created text_3 = TextStim(__class__=<class 'psychopy.visual.text.TextStim'>, alignHoriz=method-wrapper(...), alignText='center', alignVert=method-wrapper(...), anchorHoriz='center', anchorVert='center', antialias=True, autoLog=True, bold=False, color='white', colorSpace='named', contrast=1.0, depth=0.0, flipHoriz=False, flipVert=False, font='Arial', fontFiles=[], height=0.04, italic=False, languageStyle='LTR', name='text_3', opacity=1.0, ori=0, pos=array([0., 0.]), rgb=array([255., 255., 255.]), text=str(...), units='height', win=Window(...), wrapWidth=1)
14.4628 	EXP 	window1: mouseVisible = True
14.4659 	EXP 	Created baseline_target = ShapeStim(__class__=<class 'psychopy.visual.shape.ShapeStim'>, autoDraw=False, autoLog=True, closeShape=True, contrast=1.0, depth=0.0, fillColor=array([1., 1., 1.]), fillColorSpace='rgb', interpolate=True, lineColor=array([1., 1., 1.]), lineColorSpace='rgb', lineWidth=1, name='baseline_target', opacity=1.0, ori=array(45.), pos=array([0., 0.]), size=array([0.05, 0.05]), units='height', vertices=ndarray(...), win=Window(...), windingRule=None)
14.4705 	EXP 	Created baseline_fixation = Polygon(__class__=<class 'psychopy.visual.polygon.Polygon'>, autoDraw=False, autoLog=True, closeShape=True, color=method-wrapper(...), colorSpace=None, contrast=1.0, depth=-1.0, fillColor=array([1., 0., 0.]), fillColorSpace='rgb', fillRGB=array([1., 0., 0.]), interpolate=True, lineColor=array([1., 0., 0.]), lineColorSpace='rgb', lineRGB=array([1., 0., 0.]), lineWidth=1, name='baseline_fixation', opacity=1.0, ori=array(0.), pos=array([0., 0.]), size=array([0.025, 0.025]), units='height', vertices=ndarray(...), win=Window(...))
14.4706 	EXP 	window1: mouseVisible = True
14.4736 	EXP 	Created baseline_target_feedback = ShapeStim(__class__=<class 'psychopy.visual.shape.ShapeStim'>, autoDraw=False, autoLog=True, closeShape=True, contrast=1.0, depth=0.0, fillColor=array([1., 1., 1.]), fillColorSpace='rgb', interpolate=True, lineColor=array([1., 1., 1.]), lineColorSpace='rgb', lineWidth=1, name='baseline_target_feedback', opacity=1.0, ori=array(45.), pos=array([0., 0.]), size=array([0.05, 0.05]), units='height', vertices=ndarray(...), win=Window(...), windingRule=None)
14.4780 	EXP 	Created baseline_fixation_feedback = Polygon(__class__=<class 'psychopy.visual.polygon.Polygon'>, autoDraw=False, autoLog=True, closeShape=True, color=method-wrapper(...), colorSpace=None, contrast=1.0, depth=-1.0, fillColor=array([1., 0., 0.]), fillColorSpace='rgb', fillRGB=array([1., 0., 0.]), interpolate=True, lineColor=array([1., 0., 0.]), lineColorSpace='rgb', lineRGB=array([1., 0., 0.]), lineWidth=1, name='baseline_fixation_feedback', opacity=1.0, ori=array(0.), pos=array([0., 0.]), size=array([0.025, 0.025]), units='height', vertices=ndarray(...), win=Window(...))
14.5059 	EXP 	Created text_2 = TextStim(__class__=<class 'psychopy.visual.text.TextStim'>, alignHoriz=method-wrapper(...), alignText='center', alignVert=method-wrapper(...), anchorHoriz='center', anchorVert='center', antialias=True, autoLog=True, bold=False, color='white', colorSpace='named', contrast=1.0, depth=0.0, flipHoriz=False, flipVert=False, font='Arial', fontFiles=[], height=0.04, italic=False, languageStyle='LTR', name='text_2', opacity=1.0, ori=0, pos=array([0., 0.]), rgb=array([255., 255., 255.]), text=str(...), units='height', win=Window(...), wrapWidth=1)
14.5060 	EXP 	window1: mouseVisible = True
14.5091 	EXP 	Created rotated_target = ShapeStim(__class__=<class 'psychopy.visual.shape.ShapeStim'>, autoDraw=False, autoLog=True, closeShape=True, contrast=1.0, depth=0.0, fillColor=array([1., 1., 1.]), fillColorSpace='rgb', interpolate=True, lineColor=array([1., 1., 1.]), lineColorSpace='rgb', lineWidth=1, name='rotated_target', opacity=1.0, ori=array(45.), pos=array([0., 0.]), size=array([0.05, 0.05]), units='height', vertices=ndarray(...), win=Window(...), windingRule=None)
14.5137 	EXP 	Created rotated_fixation = Polygon(__class__=<class 'psychopy.visual.polygon.Polygon'>, autoDraw=False, autoLog=True, closeShape=True, color=method-wrapper(...), colorSpace=None, contrast=1.0, depth=-1.0, fillColor=array([1., 0., 0.]), fillColorSpace='rgb', fillRGB=array([1., 0., 0.]), interpolate=True, lineColor=array([1., 0., 0.]), lineColorSpace='rgb', lineRGB=array([1., 0., 0.]), lineWidth=1, name='rotated_fixation', opacity=1.0, ori=array(0.), pos=array([0., 0.]), size=array([0.025, 0.025]), units='height', vertices=ndarray(...), win=Window(...))
14.5138 	EXP 	window1: mouseVisible = True
14.5168 	EXP 	Created rotated_target_feedback = ShapeStim(__class__=<class 'psychopy.visual.shape.ShapeStim'>, autoDraw=False, autoLog=True, closeShape=True, contrast=1.0, depth=0.0, fillColor=array([1., 1., 1.]), fillColorSpace='rgb', interpolate=True, lineColor=array([1., 1., 1.]), lineColorSpace='rgb', lineWidth=1, name='rotated_target_feedback', opacity=1.0, ori=array(45.), pos=array([0., 0.]), size=array([0.05, 0.05]), units='height', vertices=ndarray(...), win=Window(...), windingRule=None)
14.5212 	EXP 	Created rotated_fixation_feedback = Polygon(__class__=<class 'psychopy.visual.polygon.Polygon'>, autoDraw=False, autoLog=True, closeShape=True, color=method-wrapper(...), colorSpace=None, contrast=1.0, depth=-1.0, fillColor=array([1., 0., 0.]), fillColorSpace='rgb', fillRGB=array([1., 0., 0.]), interpolate=True, lineColor=array([1., 0., 0.]), lineColorSpace='rgb', lineRGB=array([1., 0., 0.]), lineWidth=1, name='rotated_fixation_feedback', opacity=1.0, ori=array(0.), pos=array([0., 0.]), size=array([0.025, 0.025]), units='height', vertices=ndarray(...), win=Window(...))
14.5427 	EXP 	Created rotated_breaks = TextStim(__class__=<class 'psychopy.visual.text.TextStim'>, alignHoriz=method-wrapper(...), alignText='center', alignVert=method-wrapper(...), anchorHoriz='center', anchorVert='center', antialias=True, autoLog=True, bold=False, color='white', colorSpace='named', contrast=1.0, depth=0.0, flipHoriz=False, flipVert=False, font='Arial', fontFiles=[], height=0.04, italic=False, languageStyle='LTR', name='rotated_breaks', opacity=1.0, ori=0, pos=array([0., 0.]), rgb=array([255., 255., 255.]), text=str(...), units='height', win=Window(...), wrapWidth=1)
14.5429 	EXP 	window1: mouseVisible = True
14.5460 	EXP 	Created transfer_target = ShapeStim(__class__=<class 'psychopy.visual.shape.ShapeStim'>, autoDraw=False, autoLog=True, closeShape=True, contrast=1.0, depth=0.0, fillColor=array([1., 1., 1.]), fillColorSpace='rgb', interpolate=True, lineColor=array([1., 1., 1.]), lineColorSpace='rgb', lineWidth=1, name='transfer_target', opacity=1.0, ori=array(45.), pos=array([0., 0.]), size=array([0.05, 0.05]), units='height', vertices=ndarray(...), win=Window(...), windingRule=None)
14.5505 	EXP 	Created transfer_fixation = Polygon(__class__=<class 'psychopy.visual.polygon.Polygon'>, autoDraw=False, autoLog=True, closeShape=True, color=method-wrapper(...), colorSpace=None, contrast=1.0, depth=-1.0, fillColor=array([1., 0., 0.]), fillColorSpace='rgb', fillRGB=array([1., 0., 0.]), interpolate=True, lineColor=array([1., 0., 0.]), lineColorSpace='rgb', lineRGB=array([1., 0., 0.]), lineWidth=1, name='transfer_fixation', opacity=1.0, ori=array(0.), pos=array([0., 0.]), size=array([0.025, 0.025]), units='height', vertices=ndarray(...), win=Window(...))
14.5506 	EXP 	window1: mouseVisible = True
14.5537 	EXP 	Created transfer_target_feedback = ShapeStim(__class__=<class 'psychopy.visual.shape.ShapeStim'>, autoDraw=False, autoLog=True, closeShape=True, contrast=1.0, depth=0.0, fillColor=array([1., 1., 1.]), fillColorSpace='rgb', interpolate=True, lineColor=array([1., 1., 1.]), lineColorSpace='rgb', lineWidth=1, name='transfer_target_feedback', opacity=1.0, ori=array(45.), pos=array([0., 0.]), size=array([0.05, 0.05]), units='height', vertices=ndarray(...), win=Window(...), windingRule=None)
14.5581 	EXP 	Created transfer_fixation_feedback = Polygon(__class__=<class 'psychopy.visual.polygon.Polygon'>, autoDraw=False, autoLog=True, closeShape=True, color=method-wrapper(...), colorSpace=None, contrast=1.0, depth=-1.0, fillColor=array([1., 0., 0.]), fillColorSpace='rgb', fillRGB=array([1., 0., 0.]), interpolate=True, lineColor=array([1., 0., 0.]), lineColorSpace='rgb', lineRGB=array([1., 0., 0.]), lineWidth=1, name='transfer_fixation_feedback', opacity=1.0, ori=array(0.), pos=array([0., 0.]), size=array([0.025, 0.025]), units='height', vertices=ndarray(...), win=Window(...))
14.5721 	EXP 	Created done_text = TextStim(__class__=<class 'psychopy.visual.text.TextStim'>, alignHoriz=method-wrapper(...), alignText='center', alignVert=method-wrapper(...), anchorHoriz='center', anchorVert='center', antialias=True, autoLog=True, bold=False, color='white', colorSpace='named', contrast=1.0, depth=0.0, flipHoriz=False, flipVert=False, font='Arial', fontFiles=[], height=0.04, italic=False, languageStyle='LTR', name='done_text', opacity=1.0, ori=0, pos=array([0., 0.]), rgb=array([255., 255., 255.]), text=str(...), units='height', win=Window(...), wrapWidth=1)
14.5722 	EXP 	window1: mouseVisible = True
14.6119 	EXP 	Welcome: autoDraw = True
15.6235 	DATA 	Mouse: Left button down, pos=(820,625)
15.6269 	EXP 	Created sequence: random, trialTypes=1, nReps=2, seed=None
15.6277 	EXP 	New trial (rep=0, index=0): None
15.6397 	EXP 	Welcome: autoDraw = False
15.6397 	EXP 	text: autoDraw = True
15.8106 	DATA 	Mouse:  Left button up, pos=(820,625)
16.8061 	DATA 	Mouse: Left button down, pos=(820,625)
16.9101 	EXP 	Imported conditions_demo.xlsx as conditions, 4 conditions, 3 params
16.9106 	EXP 	Created sequence: random, trialTypes=4, nReps=1, seed=None
16.9111 	EXP 	New trial (rep=0, index=0): OrderedDict([('target_x', -0.3), ('target_y', 0.3), ('rotation', 0)])
16.9120 	EXP 	window1: mouseVisible = False
16.9254 	EXP 	text: autoDraw = False
16.9254 	EXP 	demo_fixation: opacity = 1
16.9254 	EXP 	demo_fixation: pos = [0, 0]
16.9254 	EXP 	demo_target: pos = array([-0.3,  0.3])
16.9254 	EXP 	demo_fixation: pos = array([0., 0.])
16.9254 	EXP 	demo_fixation: opacity = 0
16.9254 	EXP 	demo_enclosing_1: autoDraw = True
16.9254 	EXP 	demo_enclosing: autoDraw = True
16.9254 	EXP 	demo_fixation: autoDraw = True
16.9257 	EXP 	window1: mouseVisible = False
16.9261 	DATA 	Mouse:  Left button up, pos=(820,625)
16.9371 	EXP 	demo_fixation: opacity = 1
16.9371 	EXP 	demo_fixation: pos = [0, 0]
16.9372 	EXP 	window1: mouseVisible = False
16.9528 	EXP 	demo_fixation: opacity = 1
16.9528 	EXP 	demo_fixation: pos = [0, 0]
16.9531 	EXP 	window1: mouseVisible = False
16.9698 	EXP 	demo_fixation: opacity = 1
16.9698 	EXP 	demo_fixation: pos = [0, 0]
16.9700 	EXP 	window1: mouseVisible = False
16.9871 	EXP 	demo_fixation: opacity = 1
16.9871 	EXP 	demo_fixation: pos = [0, 0]
16.9874 	EXP 	window1: mouseVisible = False
17.0039 	EXP 	demo_fixation: opacity = 1
17.0039 	EXP 	demo_fixation: pos = [0, 0]
17.0042 	EXP 	window1: mouseVisible = False
17.0203 	EXP 	demo_fixation: opacity = 1
17.0203 	EXP 	demo_fixation: pos = [0, 0]
17.0207 	EXP 	window1: mouseVisible = False
17.0370 	EXP 	demo_fixation: opacity = 1
17.0370 	EXP 	demo_fixation: pos = [0, 0]
17.0374 	EXP 	window1: mouseVisible = False
17.0537 	EXP 	demo_fixation: opacity = 1
17.0537 	EXP 	demo_fixation: pos = [0, 0]
17.0541 	EXP 	window1: mouseVisible = False
17.0702 	EXP 	demo_fixation: opacity = 1
17.0702 	EXP 	demo_fixation: pos = [0, 0]
17.0706 	EXP 	window1: mouseVisible = False
17.0871 	EXP 	demo_fixation: opacity = 1
17.0871 	EXP 	demo_fixation: pos = [0, 0]
17.0874 	EXP 	window1: mouseVisible = False
17.1035 	EXP 	demo_fixation: opacity = 1
17.1035 	EXP 	demo_fixation: pos = [0, 0]
17.1039 	EXP 	window1: mouseVisible = False
17.1202 	EXP 	demo_fixation: opacity = 1
17.1202 	EXP 	demo_fixation: pos = [0, 0]
17.1206 	EXP 	window1: mouseVisible = False
17.1368 	EXP 	demo_fixation: opacity = 1
17.1368 	EXP 	demo_fixation: pos = [0, 0]
17.1372 	EXP 	window1: mouseVisible = False
17.1536 	EXP 	demo_fixation: opacity = 1
17.1536 	EXP 	demo_fixation: pos = [0, 0]
17.1539 	EXP 	window1: mouseVisible = False
17.1703 	EXP 	demo_fixation: opacity = 1
17.1703 	EXP 	demo_fixation: pos = [0, 0]
17.1710 	EXP 	window1: mouseVisible = False
17.1869 	EXP 	demo_fixation: opacity = 1
17.1869 	EXP 	demo_fixation: pos = [0, 0]
17.1872 	EXP 	window1: mouseVisible = False
17.2036 	EXP 	demo_fixation: opacity = 1
17.2036 	EXP 	demo_fixation: pos = [0, 0]
17.2039 	EXP 	window1: mouseVisible = False
17.2202 	EXP 	demo_fixation: opacity = 1
17.2202 	EXP 	demo_fixation: pos = [0, 0]
17.2205 	EXP 	window1: mouseVisible = False
17.2367 	EXP 	demo_fixation: opacity = 1
17.2367 	EXP 	demo_fixation: pos = [0, 0]
17.2371 	EXP 	window1: mouseVisible = False
17.2536 	EXP 	demo_fixation: opacity = 1
17.2536 	EXP 	demo_fixation: pos = [0, 0]
17.2539 	EXP 	window1: mouseVisible = False
17.2702 	EXP 	demo_fixation: opacity = 1
17.2702 	EXP 	demo_fixation: pos = [0, 0]
17.2706 	EXP 	window1: mouseVisible = False
17.2868 	EXP 	demo_fixation: opacity = 1
17.2868 	EXP 	demo_fixation: pos = [0, 0]
17.2871 	EXP 	window1: mouseVisible = False
17.3034 	EXP 	demo_fixation: opacity = 1
17.3034 	EXP 	demo_fixation: pos = [0, 0]
17.3037 	EXP 	window1: mouseVisible = False
17.3201 	EXP 	demo_fixation: opacity = 1
17.3201 	EXP 	demo_fixation: pos = [0, 0]
17.3205 	EXP 	window1: mouseVisible = False
17.3367 	EXP 	demo_fixation: opacity = 1
17.3367 	EXP 	demo_fixation: pos = [0, 0]
17.3370 	EXP 	window1: mouseVisible = False
17.3534 	EXP 	demo_fixation: opacity = 1
17.3534 	EXP 	demo_fixation: pos = [0, 0]
17.3537 	EXP 	window1: mouseVisible = False
17.3699 	EXP 	demo_fixation: opacity = 1
17.3699 	EXP 	demo_fixation: pos = [0, 0]
17.3703 	EXP 	window1: mouseVisible = False
17.3865 	EXP 	demo_fixation: opacity = 1
17.3865 	EXP 	demo_fixation: pos = [0, 0]
17.3869 	EXP 	window1: mouseVisible = False
17.4034 	EXP 	demo_fixation: opacity = 1
17.4034 	EXP 	demo_fixation: pos = [0, 0]
17.4038 	EXP 	window1: mouseVisible = False
17.4199 	EXP 	demo_fixation: opacity = 1
17.4199 	EXP 	demo_fixation: pos = [0, 0]
17.4203 	EXP 	window1: mouseVisible = False
17.4367 	EXP 	demo_fixation: opacity = 1
17.4367 	EXP 	demo_fixation: pos = [0, 0]
17.4371 	EXP 	window1: mouseVisible = False
17.4534 	EXP 	demo_fixation: opacity = 1
17.4534 	EXP 	demo_fixation: pos = [0, 0]
17.4537 	EXP 	window1: mouseVisible = False
17.4700 	EXP 	demo_fixation: opacity = 1
17.4700 	EXP 	demo_fixation: pos = [0, 0]
17.4703 	EXP 	window1: mouseVisible = False
17.4866 	EXP 	demo_fixation: opacity = 1
17.4866 	EXP 	demo_fixation: pos = [0, 0]
17.4870 	EXP 	window1: mouseVisible = False
17.5032 	EXP 	demo_fixation: opacity = 1
17.5032 	EXP 	demo_fixation: pos = [0, 0]
17.5035 	EXP 	window1: mouseVisible = False
17.5198 	EXP 	demo_fixation: opacity = 1
17.5198 	EXP 	demo_fixation: pos = [0, 0]
17.5202 	EXP 	window1: mouseVisible = False
17.5366 	EXP 	demo_fixation: opacity = 1
17.5366 	EXP 	demo_fixation: pos = [0, 0]
17.5370 	EXP 	window1: mouseVisible = False
17.5533 	EXP 	demo_fixation: opacity = 1
17.5533 	EXP 	demo_fixation: pos = [0, 0]
17.5536 	EXP 	window1: mouseVisible = False
17.5699 	EXP 	demo_fixation: opacity = 1
17.5699 	EXP 	demo_fixation: pos = [0, 0]
17.5702 	EXP 	window1: mouseVisible = False
17.5866 	EXP 	demo_fixation: opacity = 1
17.5866 	EXP 	demo_fixation: pos = [0, 0]
17.5870 	EXP 	window1: mouseVisible = False
17.6033 	EXP 	demo_fixation: opacity = 1
17.6033 	EXP 	demo_fixation: pos = [0, 0]
17.6037 	EXP 	window1: mouseVisible = False
17.6197 	EXP 	demo_fixation: opacity = 1
17.6197 	EXP 	demo_fixation: pos = [0, 0]
17.6201 	EXP 	window1: mouseVisible = False
17.6365 	EXP 	demo_fixation: opacity = 1
17.6365 	EXP 	demo_fixation: pos = [0, 0]
17.6368 	EXP 	window1: mouseVisible = False
17.6530 	EXP 	demo_fixation: opacity = 1
17.6530 	EXP 	demo_fixation: pos = [0, 0]
17.6534 	EXP 	window1: mouseVisible = False
17.6696 	EXP 	demo_fixation: opacity = 1
17.6696 	EXP 	demo_fixation: pos = [0, 0]
17.6700 	EXP 	window1: mouseVisible = False
17.6864 	EXP 	demo_fixation: opacity = 1
17.6864 	EXP 	demo_fixation: pos = [0, 0]
17.6868 	EXP 	window1: mouseVisible = False
17.7030 	EXP 	demo_fixation: opacity = 1
17.7030 	EXP 	demo_fixation: pos = [0, 0]
17.7034 	EXP 	window1: mouseVisible = False
17.7197 	EXP 	demo_fixation: opacity = 1
17.7197 	EXP 	demo_fixation: pos = [0, 0]
17.7201 	EXP 	window1: mouseVisible = False
17.7364 	EXP 	demo_fixation: opacity = 1
17.7364 	EXP 	demo_fixation: pos = [0, 0]
17.7368 	EXP 	window1: mouseVisible = False
17.7529 	EXP 	demo_fixation: opacity = 1
17.7529 	EXP 	demo_fixation: pos = [0, 0]
17.7533 	EXP 	window1: mouseVisible = False
17.7695 	EXP 	demo_fixation: opacity = 1
17.7695 	EXP 	demo_fixation: pos = [0, 0]
17.7699 	EXP 	window1: mouseVisible = False
17.7864 	EXP 	demo_fixation: opacity = 1
17.7864 	EXP 	demo_fixation: pos = [0, 0]
17.7867 	EXP 	window1: mouseVisible = False
17.8030 	EXP 	demo_fixation: opacity = 1
17.8030 	EXP 	demo_fixation: pos = [0, 0]
17.8033 	EXP 	window1: mouseVisible = False
17.8195 	EXP 	demo_fixation: opacity = 1
17.8195 	EXP 	demo_fixation: pos = [0, 0]
17.8199 	EXP 	window1: mouseVisible = False
17.8364 	EXP 	demo_fixation: opacity = 1
17.8364 	EXP 	demo_fixation: pos = [0, 0]
17.8367 	EXP 	window1: mouseVisible = False
17.8531 	EXP 	demo_fixation: opacity = 1
17.8531 	EXP 	demo_fixation: pos = [0, 0]
17.8534 	EXP 	window1: mouseVisible = False
17.8699 	EXP 	demo_fixation: opacity = 1
17.8699 	EXP 	demo_fixation: pos = [0, 0]
17.8703 	EXP 	window1: mouseVisible = False
17.8863 	EXP 	demo_fixation: opacity = 1
17.8863 	EXP 	demo_fixation: pos = [0, 0]
17.8867 	EXP 	window1: mouseVisible = False
17.9029 	EXP 	demo_fixation: opacity = 1
17.9029 	EXP 	demo_fixation: pos = [0, 0]
17.9033 	EXP 	window1: mouseVisible = False
17.9194 	EXP 	demo_fixation: opacity = 1
17.9194 	EXP 	demo_fixation: pos = [0, 0]
17.9194 	EXP 	demo_target: autoDraw = True
17.9198 	EXP 	window1: mouseVisible = False
17.9362 	EXP 	demo_fixation: opacity = 1
17.9362 	EXP 	demo_fixation: pos = [0, 0]
17.9365 	EXP 	window1: mouseVisible = False
17.9528 	EXP 	demo_fixation: opacity = 1
17.9528 	EXP 	demo_fixation: pos = [0, 0]
17.9532 	EXP 	window1: mouseVisible = False
17.9694 	EXP 	demo_fixation: opacity = 1
17.9694 	EXP 	demo_fixation: pos = [0, 0]
17.9698 	EXP 	window1: mouseVisible = False
17.9863 	EXP 	demo_fixation: opacity = 1
17.9863 	EXP 	demo_fixation: pos = [0, 0]
17.9866 	EXP 	window1: mouseVisible = False
18.0028 	EXP 	demo_fixation: opacity = 1
18.0028 	EXP 	demo_fixation: pos = [0, 0]
18.0032 	EXP 	window1: mouseVisible = False
18.0194 	EXP 	demo_fixation: opacity = 1
18.0194 	EXP 	demo_fixation: pos = [0, 0]
18.0198 	EXP 	window1: mouseVisible = False
18.0362 	EXP 	demo_fixation: opacity = 1
18.0362 	EXP 	demo_fixation: pos = [0, 0]
18.0366 	EXP 	window1: mouseVisible = False
18.0527 	EXP 	demo_fixation: opacity = 1
18.0527 	EXP 	demo_fixation: pos = [0, 0]
18.0530 	EXP 	window1: mouseVisible = False
18.0695 	EXP 	demo_fixation: opacity = 1
18.0695 	EXP 	demo_fixation: pos = [0, 0]
18.0698 	EXP 	window1: mouseVisible = False
18.0861 	EXP 	demo_fixation: opacity = 1
18.0861 	EXP 	demo_fixation: pos = [0, 0]
18.0865 	EXP 	window1: mouseVisible = False
18.1028 	EXP 	demo_fixation: opacity = 1
18.1028 	EXP 	demo_fixation: pos = [0, 0]
18.1031 	EXP 	window1: mouseVisible = False
18.1193 	EXP 	demo_fixation: opacity = 1
18.1193 	EXP 	demo_fixation: pos = [0, 0]
18.1196 	EXP 	window1: mouseVisible = False
18.1360 	EXP 	demo_fixation: opacity = 1
18.1360 	EXP 	demo_fixation: pos = [0, 0]
18.1364 	EXP 	window1: mouseVisible = False
18.1638 	EXP 	demo_fixation: opacity = 1
18.1638 	EXP 	demo_fixation: pos = [0, 0]
18.1640 	EXP 	window1: mouseVisible = False
18.1738 	EXP 	demo_fixation: opacity = 1
18.1738 	EXP 	demo_fixation: pos = [0, 0]
18.1740 	EXP 	window1: mouseVisible = False
18.1856 	EXP 	demo_fixation: opacity = 1
18.1856 	EXP 	demo_fixation: pos = [0, 0]
18.1860 	EXP 	window1: mouseVisible = False
18.2027 	EXP 	demo_fixation: opacity = 1
18.2027 	EXP 	demo_fixation: pos = [0, 0]
18.2030 	EXP 	window1: mouseVisible = False
18.2192 	EXP 	demo_fixation: opacity = 1
18.2192 	EXP 	demo_fixation: pos = [0, 0]
18.2196 	EXP 	window1: mouseVisible = False
18.2358 	EXP 	demo_fixation: opacity = 1
18.2358 	EXP 	demo_fixation: pos = [0, 0]
18.2362 	EXP 	window1: mouseVisible = False
18.2524 	EXP 	demo_fixation: opacity = 1
18.2524 	EXP 	demo_fixation: pos = [0, 0]
18.2528 	EXP 	window1: mouseVisible = False
18.2691 	EXP 	demo_fixation: opacity = 1
18.2691 	EXP 	demo_fixation: pos = [0, 0]
18.2696 	EXP 	window1: mouseVisible = False
18.2858 	EXP 	demo_fixation: opacity = 1
18.2858 	EXP 	demo_fixation: pos = [0, 0]
18.2862 	EXP 	window1: mouseVisible = False
18.3027 	EXP 	demo_fixation: opacity = 1
18.3027 	EXP 	demo_fixation: pos = [0, 0]
18.3030 	EXP 	window1: mouseVisible = False
18.3190 	EXP 	demo_fixation: opacity = 1
18.3190 	EXP 	demo_fixation: pos = [0, 0]
18.3194 	EXP 	window1: mouseVisible = False
18.3358 	EXP 	demo_fixation: opacity = 1
18.3358 	EXP 	demo_fixation: pos = [0, 0]
18.3362 	EXP 	window1: mouseVisible = False
18.3378 	DATA 	Mouse: Left button down, pos=(960,540)
18.3524 	EXP 	demo_fixation: opacity = 0
18.3528 	EXP 	window1: mouseVisible = False
18.3692 	EXP 	demo_fixation: opacity = 0
18.3695 	EXP 	window1: mouseVisible = False
18.3858 	EXP 	demo_fixation: opacity = 0
18.3862 	EXP 	window1: mouseVisible = False
18.4024 	EXP 	demo_fixation: opacity = 0
18.4028 	EXP 	window1: mouseVisible = False
18.4190 	EXP 	demo_fixation: opacity = 0
18.4194 	EXP 	window1: mouseVisible = False
18.4358 	EXP 	demo_fixation: opacity = 0
18.4361 	EXP 	window1: mouseVisible = False
18.4521 	EXP 	demo_fixation: opacity = 0
18.4524 	EXP 	window1: mouseVisible = False
18.4690 	EXP 	demo_fixation: opacity = 0
18.4694 	EXP 	window1: mouseVisible = False
18.4862 	EXP 	demo_fixation: opacity = 0
18.4865 	EXP 	window1: mouseVisible = False
18.5024 	EXP 	demo_fixation: opacity = 0
18.5027 	EXP 	window1: mouseVisible = False
18.5189 	EXP 	demo_fixation: opacity = 0
18.5193 	EXP 	window1: mouseVisible = False
18.5356 	EXP 	demo_fixation: opacity = 0
18.5360 	EXP 	window1: mouseVisible = False
18.5522 	EXP 	demo_fixation: opacity = 0
18.5525 	EXP 	window1: mouseVisible = False
18.5690 	EXP 	demo_fixation: opacity = 0
18.5693 	EXP 	window1: mouseVisible = False
18.5857 	EXP 	demo_fixation: opacity = 0
18.5861 	EXP 	window1: mouseVisible = False
18.6022 	EXP 	demo_fixation: opacity = 0
18.6025 	EXP 	window1: mouseVisible = False
18.6188 	EXP 	demo_fixation: opacity = 0
18.6191 	EXP 	window1: mouseVisible = False
18.6357 	EXP 	demo_fixation: opacity = 0
18.6361 	EXP 	window1: mouseVisible = False
18.6523 	EXP 	demo_fixation: opacity = 0
18.6526 	EXP 	window1: mouseVisible = False
18.6689 	EXP 	demo_fixation: opacity = 0
18.6693 	EXP 	window1: mouseVisible = False
18.6856 	EXP 	demo_fixation: opacity = 0
18.6861 	EXP 	window1: mouseVisible = False
18.7022 	EXP 	demo_fixation: opacity = 0
18.7025 	EXP 	window1: mouseVisible = False
18.7190 	EXP 	demo_fixation: opacity = 0
18.7193 	EXP 	window1: mouseVisible = False
18.7354 	EXP 	demo_fixation: opacity = 0
18.7358 	EXP 	window1: mouseVisible = False
18.7522 	EXP 	demo_fixation: opacity = 0
18.7525 	EXP 	window1: mouseVisible = False
18.7688 	EXP 	demo_fixation: opacity = 0
18.7691 	EXP 	window1: mouseVisible = False
18.8774 	EXP 	window1: mouseVisible = True
