1.4899 	WARNING 	We strongly recommend you activate the PTB sound engine in PsychoPy prefs as the preferred audio engine. Its timing is vastly superior. Your prefs are currently set to use ['sounddevice', 'PTB', 'pyo', 'pygame'] (in that order).
11.4639 	EXP 	Created window1 = Window(allowGUI=False, allowStencil=False, args=UNKNOWN, autoLog=True, bitsMode=UNKNOWN, blendMode='avg', bpc=(8, 8, 8), color=array([0., 0., 0.]), colorSpace='rgb', depthBits=8, fullscr=<method-wrapper '__getattribute__' of attributeSetter object at 0x000001C996F679E8>, gamma=None, gammaErrorPolicy='raise', kwargs=UNKNOWN, lms=UNKNOWN, monitor=<psychopy.monitors.calibTools.Monitor object at 0x000001C996C41A20>, multiSample=False, name='window1', numSamples=2, pos=[0.0, 0.0], screen=0, size=array([1920, 1080]), stencilBits=0, stereo=False, units='height', useFBO=True, useRetina=False, viewOri=0.0, viewPos=None, viewScale=None, waitBlanking=True, winType='pyglet')
11.4647 	EXP 	window1: mouseVisible = True
11.4648 	EXP 	window1: recordFrameIntervals = False
11.6290 	EXP 	window1: recordFrameIntervals = True
11.8121 	EXP 	window1: recordFrameIntervals = False
12.4388 	EXP 	Created Welcome = TextStim(__class__=<class 'psychopy.visual.text.TextStim'>, alignHoriz=method-wrapper(...), alignText='center', alignVert=method-wrapper(...), anchorHoriz='center', anchorVert='center', antialias=True, autoLog=True, bold=False, color='white', colorSpace='named', contrast=1.0, depth=0.0, flipHoriz=False, flipVert=False, font='Arial', fontFiles=[], height=0.04, italic=False, languageStyle='LTR', name='Welcome', opacity=1.0, ori=0, pos=array([0., 0.]), rgb=array([255., 255., 255.]), text=str(...), units='height', win=Window(...), wrapWidth=1)
12.4391 	EXP 	window1: mouseVisible = True
12.4632 	EXP 	Created text = TextStim(__class__=<class 'psychopy.visual.text.TextStim'>, alignHoriz=method-wrapper(...), alignText='center', alignVert=method-wrapper(...), anchorHoriz='center', anchorVert='center', antialias=True, autoLog=True, bold=False, color='white', colorSpace='named', contrast=1.0, depth=0.0, flipHoriz=False, flipVert=False, font='Arial', fontFiles=[], height=0.04, italic=False, languageStyle='LTR', name='text', opacity=1.0, ori=0, pos=array([0., 0.]), rgb=array([255., 255., 255.]), text=str(...), units='height', win=Window(...), wrapWidth=1)
12.4634 	EXP 	window1: mouseVisible = True
12.4798 	EXP 	Created demo_enclosing_1 = Polygon(__class__=<class 'psychopy.visual.polygon.Polygon'>, autoDraw=False, autoLog=True, closeShape=True, color=method-wrapper(...), colorSpace=None, contrast=1.0, depth=-1.0, fillColor=array([0., 0., 0.]), fillColorSpace='rgb', fillRGB=array([0., 0., 0.]), interpolate=True, lineColor=array([-1., -1., -1.]), lineColorSpace='rgb', lineRGB=array([-1., -1., -1.]), lineWidth=1, name='demo_enclosing_1', opacity=1.0, ori=array(0.), pos=array([0., 0.]), size=array([0.9, 0.9]), units='height', vertices=ndarray(...), win=Window(...))
12.4906 	EXP 	Created demo_enclosing = Polygon(__class__=<class 'psychopy.visual.polygon.Polygon'>, autoDraw=False, autoLog=True, closeShape=True, color=method-wrapper(...), colorSpace=None, contrast=1.0, depth=-2.0, fillColor=array([0., 0., 0.]), fillColorSpace='rgb', fillRGB=array([0., 0., 0.]), interpolate=True, lineColor=array([-1., -1., -1.]), lineColorSpace='rgb', lineRGB=array([-1., -1., -1.]), lineWidth=1, name='demo_enclosing', opacity=1.0, ori=array(0.), pos=array([0., 0.]), size=array([0.8, 0.8]), units='height', vertices=ndarray(...), win=Window(...))
12.4960 	EXP 	Created demo_target = ShapeStim(__class__=<class 'psychopy.visual.shape.ShapeStim'>, autoDraw=False, autoLog=True, closeShape=True, contrast=1.0, depth=-3.0, fillColor=array([1., 1., 1.]), fillColorSpace='rgb', interpolate=True, lineColor=array([1., 1., 1.]), lineColorSpace='rgb', lineWidth=1, name='demo_target', opacity=1.0, ori=array(45.), pos=array([0., 0.]), size=array([0.05, 0.05]), units='height', vertices=ndarray(...), win=Window(...), windingRule=None)
12.5011 	EXP 	Created demo_fixation = Polygon(__class__=<class 'psychopy.visual.polygon.Polygon'>, autoDraw=False, autoLog=True, closeShape=True, color=method-wrapper(...), colorSpace=None, contrast=1.0, depth=-4.0, fillColor=array([1., 0., 0.]), fillColorSpace='rgb', fillRGB=array([1., 0., 0.]), interpolate=True, lineColor=array([1., 0., 0.]), lineColorSpace='rgb', lineRGB=array([1., 0., 0.]), lineWidth=1, name='demo_fixation', opacity=1.0, ori=array(0.), pos=array([0., 0.]), size=array([0.025, 0.025]), units='height', vertices=ndarray(...), win=Window(...))
12.5013 	EXP 	window1: mouseVisible = True
12.5105 	EXP 	Created demo_enclosing_feedback_1 = Polygon(__class__=<class 'psychopy.visual.polygon.Polygon'>, autoDraw=False, autoLog=True, closeShape=True, color=method-wrapper(...), colorSpace=None, contrast=1.0, depth=0.0, fillColor=array([0., 0., 0.]), fillColorSpace='rgb', fillRGB=array([0., 0., 0.]), interpolate=True, lineColor=array([-1., -1., -1.]), lineColorSpace='rgb', lineRGB=array([-1., -1., -1.]), lineWidth=1, name='demo_enclosing_feedback_1', opacity=1.0, ori=array(0.), pos=array([0., 0.]), size=array([0.9, 0.9]), units='height', vertices=ndarray(...), win=Window(...))
12.5154 	EXP 	Created demo_enclosing_feedback = Polygon(__class__=<class 'psychopy.visual.polygon.Polygon'>, autoDraw=False, autoLog=True, closeShape=True, color=method-wrapper(...), colorSpace=None, contrast=1.0, depth=-1.0, fillColor=array([0., 0., 0.]), fillColorSpace='rgb', fillRGB=array([0., 0., 0.]), interpolate=True, lineColor=array([-1., -1., -1.]), lineColorSpace='rgb', lineRGB=array([-1., -1., -1.]), lineWidth=1, name='demo_enclosing_feedback', opacity=1.0, ori=array(0.), pos=array([0., 0.]), size=array([0.8, 0.8]), units='height', vertices=ndarray(...), win=Window(...))
12.5175 	EXP 	Created demo_target_feedback = ShapeStim(__class__=<class 'psychopy.visual.shape.ShapeStim'>, autoDraw=False, autoLog=True, closeShape=True, contrast=1.0, depth=-2.0, fillColor=array([1., 1., 1.]), fillColorSpace='rgb', interpolate=True, lineColor=array([1., 1., 1.]), lineColorSpace='rgb', lineWidth=1, name='demo_target_feedback', opacity=1.0, ori=array(45.), pos=array([0., 0.]), size=array([0.05, 0.05]), units='height', vertices=ndarray(...), win=Window(...), windingRule=None)
12.5206 	EXP 	Created demo_fixation_feedback = Polygon(__class__=<class 'psychopy.visual.polygon.Polygon'>, autoDraw=False, autoLog=True, closeShape=True, color=method-wrapper(...), colorSpace=None, contrast=1.0, depth=-3.0, fillColor=array([1., 0., 0.]), fillColorSpace='rgb', fillRGB=array([1., 0., 0.]), interpolate=True, lineColor=array([1., 0., 0.]), lineColorSpace='rgb', lineRGB=array([1., 0., 0.]), lineWidth=1, name='demo_fixation_feedback', opacity=1.0, ori=array(0.), pos=array([0., 0.]), size=array([0.025, 0.025]), units='height', vertices=ndarray(...), win=Window(...))
12.5331 	EXP 	Created text_3 = TextStim(__class__=<class 'psychopy.visual.text.TextStim'>, alignHoriz=method-wrapper(...), alignText='center', alignVert=method-wrapper(...), anchorHoriz='center', anchorVert='center', antialias=True, autoLog=True, bold=False, color='white', colorSpace='named', contrast=1.0, depth=0.0, flipHoriz=False, flipVert=False, font='Arial', fontFiles=[], height=0.04, italic=False, languageStyle='LTR', name='text_3', opacity=1.0, ori=0, pos=array([0., 0.]), rgb=array([255., 255., 255.]), text=str(...), units='height', win=Window(...), wrapWidth=1)
12.5332 	EXP 	window1: mouseVisible = True
12.5353 	EXP 	Created baseline_target = ShapeStim(__class__=<class 'psychopy.visual.shape.ShapeStim'>, autoDraw=False, autoLog=True, closeShape=True, contrast=1.0, depth=0.0, fillColor=array([1., 1., 1.]), fillColorSpace='rgb', interpolate=True, lineColor=array([1., 1., 1.]), lineColorSpace='rgb', lineWidth=1, name='baseline_target', opacity=1.0, ori=array(45.), pos=array([0., 0.]), size=array([0.05, 0.05]), units='height', vertices=ndarray(...), win=Window(...), windingRule=None)
12.5380 	EXP 	Created baseline_fixation = Polygon(__class__=<class 'psychopy.visual.polygon.Polygon'>, autoDraw=False, autoLog=True, closeShape=True, color=method-wrapper(...), colorSpace=None, contrast=1.0, depth=-1.0, fillColor=array([1., 0., 0.]), fillColorSpace='rgb', fillRGB=array([1., 0., 0.]), interpolate=True, lineColor=array([1., 0., 0.]), lineColorSpace='rgb', lineRGB=array([1., 0., 0.]), lineWidth=1, name='baseline_fixation', opacity=1.0, ori=array(0.), pos=array([0., 0.]), size=array([0.025, 0.025]), units='height', vertices=ndarray(...), win=Window(...))
12.5381 	EXP 	window1: mouseVisible = True
12.5401 	EXP 	Created baseline_target_feedback = ShapeStim(__class__=<class 'psychopy.visual.shape.ShapeStim'>, autoDraw=False, autoLog=True, closeShape=True, contrast=1.0, depth=0.0, fillColor=array([1., 1., 1.]), fillColorSpace='rgb', interpolate=True, lineColor=array([1., 1., 1.]), lineColorSpace='rgb', lineWidth=1, name='baseline_target_feedback', opacity=1.0, ori=array(45.), pos=array([0., 0.]), size=array([0.05, 0.05]), units='height', vertices=ndarray(...), win=Window(...), windingRule=None)
12.5428 	EXP 	Created baseline_fixation_feedback = Polygon(__class__=<class 'psychopy.visual.polygon.Polygon'>, autoDraw=False, autoLog=True, closeShape=True, color=method-wrapper(...), colorSpace=None, contrast=1.0, depth=-1.0, fillColor=array([1., 0., 0.]), fillColorSpace='rgb', fillRGB=array([1., 0., 0.]), interpolate=True, lineColor=array([1., 0., 0.]), lineColorSpace='rgb', lineRGB=array([1., 0., 0.]), lineWidth=1, name='baseline_fixation_feedback', opacity=1.0, ori=array(0.), pos=array([0., 0.]), size=array([0.025, 0.025]), units='height', vertices=ndarray(...), win=Window(...))
12.5619 	EXP 	Created text_2 = TextStim(__class__=<class 'psychopy.visual.text.TextStim'>, alignHoriz=method-wrapper(...), alignText='center', alignVert=method-wrapper(...), anchorHoriz='center', anchorVert='center', antialias=True, autoLog=True, bold=False, color='white', colorSpace='named', contrast=1.0, depth=0.0, flipHoriz=False, flipVert=False, font='Arial', fontFiles=[], height=0.04, italic=False, languageStyle='LTR', name='text_2', opacity=1.0, ori=0, pos=array([0., 0.]), rgb=array([255., 255., 255.]), text=str(...), units='height', win=Window(...), wrapWidth=1)
12.5620 	EXP 	window1: mouseVisible = True
12.5645 	EXP 	Created rotated_target = ShapeStim(__class__=<class 'psychopy.visual.shape.ShapeStim'>, autoDraw=False, autoLog=True, closeShape=True, contrast=1.0, depth=0.0, fillColor=array([1., 1., 1.]), fillColorSpace='rgb', interpolate=True, lineColor=array([1., 1., 1.]), lineColorSpace='rgb', lineWidth=1, name='rotated_target', opacity=1.0, ori=array(45.), pos=array([0., 0.]), size=array([0.05, 0.05]), units='height', vertices=ndarray(...), win=Window(...), windingRule=None)
12.5684 	EXP 	Created rotated_fixation = Polygon(__class__=<class 'psychopy.visual.polygon.Polygon'>, autoDraw=False, autoLog=True, closeShape=True, color=method-wrapper(...), colorSpace=None, contrast=1.0, depth=-1.0, fillColor=array([1., 0., 0.]), fillColorSpace='rgb', fillRGB=array([1., 0., 0.]), interpolate=True, lineColor=array([1., 0., 0.]), lineColorSpace='rgb', lineRGB=array([1., 0., 0.]), lineWidth=1, name='rotated_fixation', opacity=1.0, ori=array(0.), pos=array([0., 0.]), size=array([0.025, 0.025]), units='height', vertices=ndarray(...), win=Window(...))
12.5685 	EXP 	window1: mouseVisible = True
12.5715 	EXP 	Created rotated_target_feedback = ShapeStim(__class__=<class 'psychopy.visual.shape.ShapeStim'>, autoDraw=False, autoLog=True, closeShape=True, contrast=1.0, depth=0.0, fillColor=array([1., 1., 1.]), fillColorSpace='rgb', interpolate=True, lineColor=array([1., 1., 1.]), lineColorSpace='rgb', lineWidth=1, name='rotated_target_feedback', opacity=1.0, ori=array(45.), pos=array([0., 0.]), size=array([0.05, 0.05]), units='height', vertices=ndarray(...), win=Window(...), windingRule=None)
12.5758 	EXP 	Created rotated_fixation_feedback = Polygon(__class__=<class 'psychopy.visual.polygon.Polygon'>, autoDraw=False, autoLog=True, closeShape=True, color=method-wrapper(...), colorSpace=None, contrast=1.0, depth=-1.0, fillColor=array([1., 0., 0.]), fillColorSpace='rgb', fillRGB=array([1., 0., 0.]), interpolate=True, lineColor=array([1., 0., 0.]), lineColorSpace='rgb', lineRGB=array([1., 0., 0.]), lineWidth=1, name='rotated_fixation_feedback', opacity=1.0, ori=array(0.), pos=array([0., 0.]), size=array([0.025, 0.025]), units='height', vertices=ndarray(...), win=Window(...))
12.5964 	EXP 	Created rotated_breaks = TextStim(__class__=<class 'psychopy.visual.text.TextStim'>, alignHoriz=method-wrapper(...), alignText='center', alignVert=method-wrapper(...), anchorHoriz='center', anchorVert='center', antialias=True, autoLog=True, bold=False, color='white', colorSpace='named', contrast=1.0, depth=0.0, flipHoriz=False, flipVert=False, font='Arial', fontFiles=[], height=0.04, italic=False, languageStyle='LTR', name='rotated_breaks', opacity=1.0, ori=0, pos=array([0., 0.]), rgb=array([255., 255., 255.]), text=str(...), units='height', win=Window(...), wrapWidth=1)
12.5965 	EXP 	window1: mouseVisible = True
12.5996 	EXP 	Created transfer_target = ShapeStim(__class__=<class 'psychopy.visual.shape.ShapeStim'>, autoDraw=False, autoLog=True, closeShape=True, contrast=1.0, depth=0.0, fillColor=array([1., 1., 1.]), fillColorSpace='rgb', interpolate=True, lineColor=array([1., 1., 1.]), lineColorSpace='rgb', lineWidth=1, name='transfer_target', opacity=1.0, ori=array(45.), pos=array([0., 0.]), size=array([0.05, 0.05]), units='height', vertices=ndarray(...), win=Window(...), windingRule=None)
12.6040 	EXP 	Created transfer_fixation = Polygon(__class__=<class 'psychopy.visual.polygon.Polygon'>, autoDraw=False, autoLog=True, closeShape=True, color=method-wrapper(...), colorSpace=None, contrast=1.0, depth=-1.0, fillColor=array([1., 0., 0.]), fillColorSpace='rgb', fillRGB=array([1., 0., 0.]), interpolate=True, lineColor=array([1., 0., 0.]), lineColorSpace='rgb', lineRGB=array([1., 0., 0.]), lineWidth=1, name='transfer_fixation', opacity=1.0, ori=array(0.), pos=array([0., 0.]), size=array([0.025, 0.025]), units='height', vertices=ndarray(...), win=Window(...))
12.6042 	EXP 	window1: mouseVisible = True
12.6072 	EXP 	Created transfer_target_feedback = ShapeStim(__class__=<class 'psychopy.visual.shape.ShapeStim'>, autoDraw=False, autoLog=True, closeShape=True, contrast=1.0, depth=0.0, fillColor=array([1., 1., 1.]), fillColorSpace='rgb', interpolate=True, lineColor=array([1., 1., 1.]), lineColorSpace='rgb', lineWidth=1, name='transfer_target_feedback', opacity=1.0, ori=array(45.), pos=array([0., 0.]), size=array([0.05, 0.05]), units='height', vertices=ndarray(...), win=Window(...), windingRule=None)
12.6116 	EXP 	Created transfer_fixation_feedback = Polygon(__class__=<class 'psychopy.visual.polygon.Polygon'>, autoDraw=False, autoLog=True, closeShape=True, color=method-wrapper(...), colorSpace=None, contrast=1.0, depth=-1.0, fillColor=array([1., 0., 0.]), fillColorSpace='rgb', fillRGB=array([1., 0., 0.]), interpolate=True, lineColor=array([1., 0., 0.]), lineColorSpace='rgb', lineRGB=array([1., 0., 0.]), lineWidth=1, name='transfer_fixation_feedback', opacity=1.0, ori=array(0.), pos=array([0., 0.]), size=array([0.025, 0.025]), units='height', vertices=ndarray(...), win=Window(...))
12.6248 	EXP 	Created done_text = TextStim(__class__=<class 'psychopy.visual.text.TextStim'>, alignHoriz=method-wrapper(...), alignText='center', alignVert=method-wrapper(...), anchorHoriz='center', anchorVert='center', antialias=True, autoLog=True, bold=False, color='white', colorSpace='named', contrast=1.0, depth=0.0, flipHoriz=False, flipVert=False, font='Arial', fontFiles=[], height=0.04, italic=False, languageStyle='LTR', name='done_text', opacity=1.0, ori=0, pos=array([0., 0.]), rgb=array([255., 255., 255.]), text=str(...), units='height', win=Window(...), wrapWidth=1)
12.6250 	EXP 	window1: mouseVisible = True
12.6665 	EXP 	Welcome: autoDraw = True
13.7944 	DATA 	Mouse: Left button down, pos=(818,637)
13.7982 	EXP 	Created sequence: random, trialTypes=1, nReps=2, seed=None
13.7990 	EXP 	New trial (rep=0, index=0): None
13.8090 	EXP 	Welcome: autoDraw = False
13.8090 	EXP 	text: autoDraw = True
13.9810 	DATA 	Mouse:  Left button up, pos=(818,637)
15.4936 	DATA 	Mouse: Left button down, pos=(818,637)
15.6030 	EXP 	Imported conditions_demo.xlsx as conditions, 4 conditions, 3 params
15.6037 	EXP 	Created sequence: random, trialTypes=4, nReps=1, seed=None
15.6043 	EXP 	New trial (rep=0, index=0): OrderedDict([('target_x', 0.3), ('target_y', -0.3), ('rotation', 0)])
15.6057 	EXP 	window1: mouseVisible = False
15.6198 	EXP 	text: autoDraw = False
15.6198 	EXP 	demo_fixation: opacity = 1
15.6198 	EXP 	demo_fixation: pos = [0, 0]
15.6198 	EXP 	demo_target: pos = array([ 0.3, -0.3])
15.6198 	EXP 	demo_fixation: pos = array([0., 0.])
15.6198 	EXP 	demo_fixation: opacity = 0
15.6198 	EXP 	demo_enclosing_1: autoDraw = True
15.6198 	EXP 	demo_enclosing: autoDraw = True
15.6198 	EXP 	demo_fixation: autoDraw = True
15.6199 	EXP 	window1: mouseVisible = False
15.6413 	EXP 	demo_fixation: opacity = 0
15.6415 	EXP 	window1: mouseVisible = False
15.6577 	EXP 	demo_fixation: opacity = 0
15.6581 	EXP 	window1: mouseVisible = False
15.6743 	EXP 	demo_fixation: opacity = 0
15.6747 	EXP 	window1: mouseVisible = False
15.6915 	EXP 	demo_fixation: opacity = 0
15.6918 	EXP 	window1: mouseVisible = False
15.6930 	DATA 	Mouse:  Left button up, pos=(818,637)
15.7076 	EXP 	demo_fixation: opacity = 1
15.7076 	EXP 	demo_fixation: pos = [0, 0]
15.7079 	EXP 	window1: mouseVisible = False
15.7245 	EXP 	demo_fixation: opacity = 1
15.7245 	EXP 	demo_fixation: pos = [0, 0]
15.7248 	EXP 	window1: mouseVisible = False
15.7409 	EXP 	demo_fixation: opacity = 1
15.7409 	EXP 	demo_fixation: pos = [0, 0]
15.7413 	EXP 	window1: mouseVisible = False
15.7576 	EXP 	demo_fixation: opacity = 1
15.7576 	EXP 	demo_fixation: pos = [0, 0]
15.7580 	EXP 	window1: mouseVisible = False
15.7746 	EXP 	demo_fixation: opacity = 1
15.7746 	EXP 	demo_fixation: pos = [0, 0]
15.7750 	EXP 	window1: mouseVisible = False
15.7908 	EXP 	demo_fixation: opacity = 1
15.7908 	EXP 	demo_fixation: pos = [0, 0]
15.7912 	EXP 	window1: mouseVisible = False
15.8089 	EXP 	demo_fixation: opacity = 1
15.8089 	EXP 	demo_fixation: pos = [0, 0]
15.8093 	EXP 	window1: mouseVisible = False
15.8241 	EXP 	demo_fixation: opacity = 1
15.8241 	EXP 	demo_fixation: pos = [0, 0]
15.8245 	EXP 	window1: mouseVisible = False
15.8409 	EXP 	demo_fixation: opacity = 1
15.8409 	EXP 	demo_fixation: pos = [0, 0]
15.8413 	EXP 	window1: mouseVisible = False
15.8575 	EXP 	demo_fixation: opacity = 1
15.8575 	EXP 	demo_fixation: pos = [0, 0]
15.8579 	EXP 	window1: mouseVisible = False
15.8738 	EXP 	demo_fixation: opacity = 1
15.8738 	EXP 	demo_fixation: pos = [0, 0]
15.8741 	EXP 	window1: mouseVisible = False
15.8896 	EXP 	demo_fixation: opacity = 1
15.8896 	EXP 	demo_fixation: pos = [0, 0]
15.8898 	EXP 	window1: mouseVisible = False
15.9063 	EXP 	demo_fixation: opacity = 1
15.9063 	EXP 	demo_fixation: pos = [0, 0]
15.9065 	EXP 	window1: mouseVisible = False
15.9229 	EXP 	demo_fixation: opacity = 1
15.9229 	EXP 	demo_fixation: pos = [0, 0]
15.9231 	EXP 	window1: mouseVisible = False
15.9397 	EXP 	demo_fixation: opacity = 1
15.9397 	EXP 	demo_fixation: pos = [0, 0]
15.9399 	EXP 	window1: mouseVisible = False
15.9563 	EXP 	demo_fixation: opacity = 1
15.9563 	EXP 	demo_fixation: pos = [0, 0]
15.9565 	EXP 	window1: mouseVisible = False
15.9729 	EXP 	demo_fixation: opacity = 1
15.9729 	EXP 	demo_fixation: pos = [0, 0]
15.9731 	EXP 	window1: mouseVisible = False
15.9896 	EXP 	demo_fixation: opacity = 1
15.9896 	EXP 	demo_fixation: pos = [0, 0]
15.9898 	EXP 	window1: mouseVisible = False
16.0062 	EXP 	demo_fixation: opacity = 1
16.0062 	EXP 	demo_fixation: pos = [0, 0]
16.0064 	EXP 	window1: mouseVisible = False
16.0229 	EXP 	demo_fixation: opacity = 1
16.0229 	EXP 	demo_fixation: pos = [0, 0]
16.0231 	EXP 	window1: mouseVisible = False
16.0395 	EXP 	demo_fixation: opacity = 1
16.0395 	EXP 	demo_fixation: pos = [0, 0]
16.0397 	EXP 	window1: mouseVisible = False
16.0567 	EXP 	demo_fixation: opacity = 1
16.0567 	EXP 	demo_fixation: pos = [0, 0]
16.0569 	EXP 	window1: mouseVisible = False
16.0729 	EXP 	demo_fixation: opacity = 1
16.0729 	EXP 	demo_fixation: pos = [0, 0]
16.0731 	EXP 	window1: mouseVisible = False
16.0894 	EXP 	demo_fixation: opacity = 1
16.0894 	EXP 	demo_fixation: pos = [0, 0]
16.0896 	EXP 	window1: mouseVisible = False
16.1062 	EXP 	demo_fixation: opacity = 1
16.1062 	EXP 	demo_fixation: pos = [0, 0]
16.1064 	EXP 	window1: mouseVisible = False
16.1228 	EXP 	demo_fixation: opacity = 1
16.1228 	EXP 	demo_fixation: pos = [0, 0]
16.1231 	EXP 	window1: mouseVisible = False
16.1394 	EXP 	demo_fixation: opacity = 1
16.1394 	EXP 	demo_fixation: pos = [0, 0]
16.1396 	EXP 	window1: mouseVisible = False
16.1561 	EXP 	demo_fixation: opacity = 1
16.1561 	EXP 	demo_fixation: pos = [0, 0]
16.1563 	EXP 	window1: mouseVisible = False
16.1728 	EXP 	demo_fixation: opacity = 1
16.1728 	EXP 	demo_fixation: pos = [0, 0]
16.1730 	EXP 	window1: mouseVisible = False
16.1893 	EXP 	demo_fixation: opacity = 1
16.1893 	EXP 	demo_fixation: pos = [0, 0]
16.1895 	EXP 	window1: mouseVisible = False
16.2060 	EXP 	demo_fixation: opacity = 1
16.2060 	EXP 	demo_fixation: pos = [0, 0]
16.2062 	EXP 	window1: mouseVisible = False
16.2227 	EXP 	demo_fixation: opacity = 1
16.2227 	EXP 	demo_fixation: pos = [0, 0]
16.2229 	EXP 	window1: mouseVisible = False
16.2393 	EXP 	demo_fixation: opacity = 1
16.2393 	EXP 	demo_fixation: pos = [0, 0]
16.2395 	EXP 	window1: mouseVisible = False
16.2559 	EXP 	demo_fixation: opacity = 1
16.2559 	EXP 	demo_fixation: pos = [0, 0]
16.2561 	EXP 	window1: mouseVisible = False
16.2727 	EXP 	demo_fixation: opacity = 1
16.2727 	EXP 	demo_fixation: pos = [0, 0]
16.2729 	EXP 	window1: mouseVisible = False
16.2892 	EXP 	demo_fixation: opacity = 1
16.2892 	EXP 	demo_fixation: pos = [0, 0]
16.2894 	EXP 	window1: mouseVisible = False
16.3060 	EXP 	demo_fixation: opacity = 1
16.3060 	EXP 	demo_fixation: pos = [0, 0]
16.3062 	EXP 	window1: mouseVisible = False
16.3226 	EXP 	demo_fixation: opacity = 1
16.3226 	EXP 	demo_fixation: pos = [0, 0]
16.3228 	EXP 	window1: mouseVisible = False
16.3392 	EXP 	demo_fixation: opacity = 1
16.3392 	EXP 	demo_fixation: pos = [0, 0]
16.3395 	EXP 	window1: mouseVisible = False
16.3559 	EXP 	demo_fixation: opacity = 1
16.3559 	EXP 	demo_fixation: pos = [0, 0]
16.3561 	EXP 	window1: mouseVisible = False
16.3726 	EXP 	demo_fixation: opacity = 1
16.3726 	EXP 	demo_fixation: pos = [0, 0]
16.3728 	EXP 	window1: mouseVisible = False
16.3892 	EXP 	demo_fixation: opacity = 1
16.3892 	EXP 	demo_fixation: pos = [0, 0]
16.3894 	EXP 	window1: mouseVisible = False
16.4059 	EXP 	demo_fixation: opacity = 1
16.4059 	EXP 	demo_fixation: pos = [0, 0]
16.4061 	EXP 	window1: mouseVisible = False
16.4225 	EXP 	demo_fixation: opacity = 1
16.4225 	EXP 	demo_fixation: pos = [0, 0]
16.4227 	EXP 	window1: mouseVisible = False
16.4391 	EXP 	demo_fixation: opacity = 1
16.4391 	EXP 	demo_fixation: pos = [0, 0]
16.4393 	EXP 	window1: mouseVisible = False
16.4558 	EXP 	demo_fixation: opacity = 1
16.4558 	EXP 	demo_fixation: pos = [0, 0]
16.4560 	EXP 	window1: mouseVisible = False
16.4725 	EXP 	demo_fixation: opacity = 1
16.4725 	EXP 	demo_fixation: pos = [0, 0]
16.4727 	EXP 	window1: mouseVisible = False
16.4891 	EXP 	demo_fixation: opacity = 1
16.4891 	EXP 	demo_fixation: pos = [0, 0]
16.4893 	EXP 	window1: mouseVisible = False
16.5057 	EXP 	demo_fixation: opacity = 1
16.5057 	EXP 	demo_fixation: pos = [0, 0]
16.5059 	EXP 	window1: mouseVisible = False
16.5224 	EXP 	demo_fixation: opacity = 1
16.5224 	EXP 	demo_fixation: pos = [0, 0]
16.5226 	EXP 	window1: mouseVisible = False
16.5391 	EXP 	demo_fixation: opacity = 1
16.5391 	EXP 	demo_fixation: pos = [0, 0]
16.5393 	EXP 	window1: mouseVisible = False
16.5557 	EXP 	demo_fixation: opacity = 1
16.5557 	EXP 	demo_fixation: pos = [0, 0]
16.5559 	EXP 	window1: mouseVisible = False
16.5724 	EXP 	demo_fixation: opacity = 1
16.5724 	EXP 	demo_fixation: pos = [0, 0]
16.5726 	EXP 	window1: mouseVisible = False
16.5890 	EXP 	demo_fixation: opacity = 1
16.5890 	EXP 	demo_fixation: pos = [0, 0]
16.5892 	EXP 	window1: mouseVisible = False
16.6056 	EXP 	demo_fixation: opacity = 1
16.6056 	EXP 	demo_fixation: pos = [0, 0]
16.6058 	EXP 	window1: mouseVisible = False
16.6223 	EXP 	demo_fixation: opacity = 1
16.6223 	EXP 	demo_fixation: pos = [0, 0]
16.6225 	EXP 	window1: mouseVisible = False
16.6389 	EXP 	demo_fixation: opacity = 1
16.6389 	EXP 	demo_fixation: pos = [0, 0]
16.6391 	EXP 	window1: mouseVisible = False
16.6556 	EXP 	demo_fixation: opacity = 1
16.6556 	EXP 	demo_fixation: pos = [0, 0]
16.6559 	EXP 	window1: mouseVisible = False
16.6723 	EXP 	demo_fixation: opacity = 1
16.6723 	EXP 	demo_fixation: pos = [0, 0]
16.6725 	EXP 	window1: mouseVisible = False
16.6889 	EXP 	demo_fixation: opacity = 1
16.6889 	EXP 	demo_fixation: pos = [0, 0]
16.6891 	EXP 	window1: mouseVisible = False
16.7057 	EXP 	demo_fixation: opacity = 1
16.7057 	EXP 	demo_fixation: pos = [0, 0]
16.7059 	EXP 	window1: mouseVisible = False
16.7223 	EXP 	demo_fixation: opacity = 1
16.7223 	EXP 	demo_fixation: pos = [0, 0]
16.7225 	EXP 	window1: mouseVisible = False
16.7388 	EXP 	demo_fixation: opacity = 1
16.7388 	EXP 	demo_fixation: pos = [0, 0]
16.7390 	EXP 	window1: mouseVisible = False
16.7555 	EXP 	demo_fixation: opacity = 1
16.7555 	EXP 	demo_fixation: pos = [0, 0]
16.7557 	EXP 	window1: mouseVisible = False
16.7722 	EXP 	demo_fixation: opacity = 1
16.7722 	EXP 	demo_fixation: pos = [0, 0]
16.7724 	EXP 	window1: mouseVisible = False
16.7888 	EXP 	demo_fixation: opacity = 1
16.7888 	EXP 	demo_fixation: pos = [0, 0]
16.7890 	EXP 	window1: mouseVisible = False
16.8055 	EXP 	demo_fixation: opacity = 1
16.8055 	EXP 	demo_fixation: pos = [0, 0]
16.8057 	EXP 	window1: mouseVisible = False
16.8221 	EXP 	demo_fixation: opacity = 1
16.8221 	EXP 	demo_fixation: pos = [0, 0]
16.8223 	EXP 	window1: mouseVisible = False
16.8387 	EXP 	demo_fixation: opacity = 1
16.8387 	EXP 	demo_fixation: pos = [0, 0]
16.8389 	EXP 	window1: mouseVisible = False
16.8554 	EXP 	demo_fixation: opacity = 1
16.8554 	EXP 	demo_fixation: pos = [0, 0]
16.8556 	EXP 	window1: mouseVisible = False
16.8721 	EXP 	demo_fixation: opacity = 1
16.8721 	EXP 	demo_fixation: pos = [0, 0]
16.8724 	EXP 	window1: mouseVisible = False
16.8911 	EXP 	demo_fixation: opacity = 1
16.8911 	EXP 	demo_fixation: pos = [0, 0]
16.8912 	EXP 	window1: mouseVisible = False
16.9054 	EXP 	demo_fixation: opacity = 1
16.9054 	EXP 	demo_fixation: pos = [0, 0]
16.9056 	EXP 	window1: mouseVisible = False
16.9221 	EXP 	demo_fixation: opacity = 1
16.9221 	EXP 	demo_fixation: pos = [0, 0]
16.9223 	EXP 	window1: mouseVisible = False
16.9386 	EXP 	demo_fixation: opacity = 1
16.9386 	EXP 	demo_fixation: pos = [0, 0]
16.9389 	EXP 	window1: mouseVisible = False
16.9558 	EXP 	demo_fixation: opacity = 1
16.9558 	EXP 	demo_fixation: pos = [0, 0]
16.9560 	EXP 	window1: mouseVisible = False
16.9720 	EXP 	demo_fixation: opacity = 1
16.9720 	EXP 	demo_fixation: pos = [0, 0]
16.9722 	EXP 	window1: mouseVisible = False
16.9887 	EXP 	demo_fixation: opacity = 1
16.9887 	EXP 	demo_fixation: pos = [0, 0]
16.9889 	EXP 	window1: mouseVisible = False
17.0054 	EXP 	demo_fixation: opacity = 1
17.0054 	EXP 	demo_fixation: pos = [0, 0]
17.0056 	EXP 	window1: mouseVisible = False
17.0220 	EXP 	demo_fixation: opacity = 1
17.0220 	EXP 	demo_fixation: pos = [0, 0]
17.0222 	EXP 	window1: mouseVisible = False
17.0386 	EXP 	demo_fixation: opacity = 1
17.0386 	EXP 	demo_fixation: pos = [0, 0]
17.0388 	EXP 	window1: mouseVisible = False
17.0552 	EXP 	demo_fixation: opacity = 1
17.0552 	EXP 	demo_fixation: pos = [0, 0]
17.0552 	EXP 	demo_target: autoDraw = True
17.0555 	EXP 	window1: mouseVisible = False
17.0718 	EXP 	demo_fixation: opacity = 1
17.0718 	EXP 	demo_fixation: pos = [0, 0]
17.0720 	EXP 	window1: mouseVisible = False
17.0886 	EXP 	demo_fixation: opacity = 1
17.0886 	EXP 	demo_fixation: pos = [0, 0]
17.0888 	EXP 	window1: mouseVisible = False
17.1052 	EXP 	demo_fixation: opacity = 1
17.1052 	EXP 	demo_fixation: pos = [0, 0]
17.1054 	EXP 	window1: mouseVisible = False
17.1219 	EXP 	demo_fixation: opacity = 1
17.1219 	EXP 	demo_fixation: pos = [0, 0]
17.1221 	EXP 	window1: mouseVisible = False
17.1384 	EXP 	demo_fixation: opacity = 1
17.1384 	EXP 	demo_fixation: pos = [0, 0]
17.1387 	EXP 	window1: mouseVisible = False
17.1551 	EXP 	demo_fixation: opacity = 1
17.1551 	EXP 	demo_fixation: pos = [0, 0]
17.1553 	EXP 	window1: mouseVisible = False
17.1721 	EXP 	demo_fixation: opacity = 1
17.1721 	EXP 	demo_fixation: pos = [0, 0]
17.1724 	EXP 	window1: mouseVisible = False
17.1884 	EXP 	demo_fixation: opacity = 1
17.1884 	EXP 	demo_fixation: pos = [0, 0]
17.1886 	EXP 	window1: mouseVisible = False
17.2051 	EXP 	demo_fixation: opacity = 1
17.2051 	EXP 	demo_fixation: pos = [0, 0]
17.2053 	EXP 	window1: mouseVisible = False
17.2220 	EXP 	demo_fixation: opacity = 1
17.2220 	EXP 	demo_fixation: pos = [0, 0]
17.2222 	EXP 	window1: mouseVisible = False
17.2384 	EXP 	demo_fixation: opacity = 1
17.2384 	EXP 	demo_fixation: pos = [0, 0]
17.2386 	EXP 	window1: mouseVisible = False
17.2551 	EXP 	demo_fixation: opacity = 1
17.2551 	EXP 	demo_fixation: pos = [0, 0]
17.2553 	EXP 	window1: mouseVisible = False
17.2717 	EXP 	demo_fixation: opacity = 1
17.2717 	EXP 	demo_fixation: pos = [0, 0]
17.2719 	EXP 	window1: mouseVisible = False
17.2883 	EXP 	demo_fixation: opacity = 1
17.2883 	EXP 	demo_fixation: pos = [0, 0]
17.2885 	EXP 	window1: mouseVisible = False
17.3050 	EXP 	demo_fixation: opacity = 1
17.3050 	EXP 	demo_fixation: pos = [0, 0]
17.3052 	EXP 	window1: mouseVisible = False
17.3217 	EXP 	demo_fixation: opacity = 1
17.3217 	EXP 	demo_fixation: pos = [0, 0]
17.3219 	EXP 	window1: mouseVisible = False
17.3384 	EXP 	demo_fixation: opacity = 1
17.3384 	EXP 	demo_fixation: pos = [0, 0]
17.3386 	EXP 	window1: mouseVisible = False
17.3550 	EXP 	demo_fixation: opacity = 1
17.3550 	EXP 	demo_fixation: pos = [0, 0]
17.3552 	EXP 	window1: mouseVisible = False
17.3718 	EXP 	demo_fixation: opacity = 1
17.3718 	EXP 	demo_fixation: pos = [0, 0]
17.3720 	EXP 	window1: mouseVisible = False
17.3884 	EXP 	demo_fixation: opacity = 1
17.3884 	EXP 	demo_fixation: pos = [0, 0]
17.3886 	EXP 	window1: mouseVisible = False
17.4050 	EXP 	demo_fixation: opacity = 1
17.4050 	EXP 	demo_fixation: pos = [0, 0]
17.4052 	EXP 	window1: mouseVisible = False
17.4224 	EXP 	demo_fixation: opacity = 1
17.4224 	EXP 	demo_fixation: pos = [0, 0]
17.4227 	EXP 	window1: mouseVisible = False
17.4392 	EXP 	demo_fixation: opacity = 1
17.4392 	EXP 	demo_fixation: pos = [0, 0]
17.4396 	EXP 	window1: mouseVisible = False
17.4557 	EXP 	demo_fixation: opacity = 1
17.4557 	EXP 	demo_fixation: pos = [0, 0]
17.4561 	EXP 	window1: mouseVisible = False
17.4726 	EXP 	demo_fixation: opacity = 1
17.4726 	EXP 	demo_fixation: pos = [0, 0]
17.4729 	EXP 	window1: mouseVisible = False
17.4893 	EXP 	demo_fixation: opacity = 1
17.4893 	EXP 	demo_fixation: pos = [0, 0]
17.4896 	EXP 	window1: mouseVisible = False
17.5061 	EXP 	demo_fixation: opacity = 1
17.5061 	EXP 	demo_fixation: pos = [0, 0]
17.5064 	EXP 	window1: mouseVisible = False
17.5225 	EXP 	demo_fixation: opacity = 1
17.5225 	EXP 	demo_fixation: pos = [0, 0]
17.5229 	EXP 	window1: mouseVisible = False
17.5297 	DATA 	Mouse: Left button down, pos=(960,540)
17.5392 	EXP 	demo_fixation: opacity = 1
17.5392 	EXP 	demo_fixation: pos = [0, 0]
17.5395 	EXP 	window1: mouseVisible = False
17.5558 	EXP 	demo_fixation: opacity = 0
17.5562 	EXP 	window1: mouseVisible = False
17.5725 	EXP 	demo_fixation: opacity = 0
17.5729 	EXP 	window1: mouseVisible = False
17.5890 	EXP 	demo_fixation: opacity = 0
17.5893 	EXP 	window1: mouseVisible = False
17.6058 	EXP 	demo_fixation: opacity = 0
17.6062 	EXP 	window1: mouseVisible = False
17.6224 	EXP 	demo_fixation: opacity = 0
17.6228 	EXP 	window1: mouseVisible = False
17.6392 	EXP 	demo_fixation: opacity = 0
17.6396 	EXP 	window1: mouseVisible = False
17.6557 	EXP 	demo_fixation: opacity = 0
17.6561 	EXP 	window1: mouseVisible = False
17.6723 	EXP 	demo_fixation: opacity = 0
17.6727 	EXP 	window1: mouseVisible = False
17.6889 	EXP 	demo_fixation: opacity = 0
17.6895 	EXP 	window1: mouseVisible = False
17.7058 	EXP 	demo_fixation: opacity = 0
17.7061 	EXP 	window1: mouseVisible = False
17.7223 	EXP 	demo_fixation: opacity = 0
17.7227 	EXP 	window1: mouseVisible = False
17.7389 	EXP 	demo_fixation: opacity = 0
17.7392 	EXP 	window1: mouseVisible = False
17.7558 	EXP 	demo_fixation: opacity = 0
17.7561 	EXP 	window1: mouseVisible = False
17.7724 	EXP 	demo_fixation: opacity = 0
17.7727 	EXP 	window1: mouseVisible = False
17.7890 	EXP 	demo_fixation: opacity = 0
17.7894 	EXP 	window1: mouseVisible = False
17.8057 	EXP 	demo_fixation: opacity = 0
17.8061 	EXP 	window1: mouseVisible = False
17.8223 	EXP 	demo_fixation: opacity = 0
17.8227 	EXP 	window1: mouseVisible = False
17.8390 	EXP 	demo_fixation: opacity = 0
17.8394 	EXP 	window1: mouseVisible = False
17.8556 	EXP 	demo_fixation: opacity = 0
17.8560 	EXP 	window1: mouseVisible = False
17.8722 	EXP 	demo_fixation: opacity = 0
17.8727 	EXP 	window1: mouseVisible = False
17.8890 	EXP 	demo_fixation: opacity = 0
17.8893 	EXP 	window1: mouseVisible = False
17.9055 	EXP 	demo_fixation: opacity = 0
17.9062 	EXP 	window1: mouseVisible = False
17.9233 	EXP 	demo_fixation: opacity = 0
17.9236 	EXP 	window1: mouseVisible = False
17.9389 	EXP 	demo_fixation: opacity = 0
17.9392 	EXP 	window1: mouseVisible = False
17.9555 	EXP 	demo_fixation: opacity = 0
17.9558 	EXP 	window1: mouseVisible = False
17.9721 	EXP 	demo_fixation: opacity = 0
17.9724 	EXP 	window1: mouseVisible = False
17.9890 	EXP 	demo_fixation: opacity = 0
17.9893 	EXP 	window1: mouseVisible = False
18.0055 	EXP 	demo_fixation: opacity = 0
18.0058 	EXP 	window1: mouseVisible = False
18.0222 	EXP 	demo_fixation: opacity = 0
18.0226 	EXP 	window1: mouseVisible = False
18.0387 	EXP 	demo_fixation: opacity = 0
18.0391 	EXP 	window1: mouseVisible = False
18.0556 	EXP 	demo_fixation: opacity = 0
18.0560 	EXP 	window1: mouseVisible = False
18.0721 	EXP 	demo_fixation: opacity = 0
18.0725 	EXP 	window1: mouseVisible = False
18.0886 	EXP 	demo_fixation: opacity = 0
18.0890 	EXP 	window1: mouseVisible = False
18.1055 	EXP 	demo_fixation: opacity = 0
18.1058 	EXP 	window1: mouseVisible = False
18.1361 	EXP 	demo_fixation: opacity = 0
18.1361 	EXP 	demo_fixation: pos = array([ 0.29166667, -0.33148148])
18.1361 	EXP 	demo_fixation: opacity = 1
18.1361 	EXP 	demo_enclosing_1: autoDraw = False
18.1361 	EXP 	demo_enclosing: autoDraw = False
18.1361 	EXP 	demo_target: autoDraw = False
18.1361 	EXP 	demo_fixation: autoDraw = False
18.1361 	EXP 	demo_fixation: opacity = 1
18.1361 	EXP 	demo_target_feedback: pos = array([ 0.3, -0.3])
18.1361 	EXP 	demo_fixation_feedback: pos = array([ 0.29166667, -0.33148148])
18.1361 	EXP 	demo_enclosing_feedback_1: autoDraw = True
18.1361 	EXP 	demo_enclosing_feedback: autoDraw = True
18.1361 	EXP 	demo_target_feedback: autoDraw = True
18.1361 	EXP 	demo_fixation_feedback: autoDraw = True
18.5271 	DATA 	Mouse:  Left button up, pos=(1281,173)
18.6281 	EXP 	New trial (rep=0, index=1): OrderedDict([('target_x', -0.3), ('target_y', 0.3), ('rotation', 0)])
18.6302 	EXP 	window1: mouseVisible = False
18.6428 	EXP 	demo_enclosing_feedback_1: autoDraw = False
18.6428 	EXP 	demo_enclosing_feedback: autoDraw = False
18.6428 	EXP 	demo_target_feedback: autoDraw = False
18.6428 	EXP 	demo_fixation_feedback: autoDraw = False
18.6428 	EXP 	demo_enclosing_feedback_1: autoDraw = False
18.6428 	EXP 	demo_enclosing_feedback: autoDraw = False
18.6428 	EXP 	demo_target_feedback: autoDraw = False
18.6428 	EXP 	demo_fixation_feedback: autoDraw = False
18.6428 	EXP 	demo_fixation: opacity = 1
18.6428 	EXP 	demo_fixation: pos = [0, 0]
18.6428 	EXP 	demo_target: pos = array([-0.3,  0.3])
18.6428 	EXP 	demo_fixation: pos = array([0., 0.])
18.6428 	EXP 	demo_fixation: opacity = 1
18.6428 	EXP 	demo_fixation: pos = [0, 0]
18.6428 	EXP 	demo_enclosing_1: autoDraw = True
18.6428 	EXP 	demo_enclosing: autoDraw = True
18.6428 	EXP 	demo_fixation: autoDraw = True
18.6433 	EXP 	window1: mouseVisible = False
18.6559 	EXP 	demo_fixation: opacity = 1
18.6559 	EXP 	demo_fixation: pos = [0, 0]
18.6563 	EXP 	window1: mouseVisible = False
18.6715 	EXP 	demo_fixation: opacity = 1
18.6715 	EXP 	demo_fixation: pos = [0, 0]
18.6718 	EXP 	window1: mouseVisible = False
18.6882 	EXP 	demo_fixation: opacity = 1
18.6882 	EXP 	demo_fixation: pos = [0, 0]
18.6885 	EXP 	window1: mouseVisible = False
18.7049 	EXP 	demo_fixation: opacity = 1
18.7049 	EXP 	demo_fixation: pos = [0, 0]
18.7052 	EXP 	window1: mouseVisible = False
18.7214 	EXP 	demo_fixation: opacity = 1
18.7214 	EXP 	demo_fixation: pos = [0, 0]
18.7218 	EXP 	window1: mouseVisible = False
18.7381 	EXP 	demo_fixation: opacity = 1
18.7381 	EXP 	demo_fixation: pos = [0, 0]
18.7385 	EXP 	window1: mouseVisible = False
18.7547 	EXP 	demo_fixation: opacity = 1
18.7547 	EXP 	demo_fixation: pos = [0, 0]
18.7551 	EXP 	window1: mouseVisible = False
18.7715 	EXP 	demo_fixation: opacity = 1
18.7715 	EXP 	demo_fixation: pos = [0, 0]
18.7719 	EXP 	window1: mouseVisible = False
18.7881 	EXP 	demo_fixation: opacity = 1
18.7881 	EXP 	demo_fixation: pos = [0, 0]
18.7884 	EXP 	window1: mouseVisible = False
18.8048 	EXP 	demo_fixation: opacity = 1
18.8048 	EXP 	demo_fixation: pos = [0, 0]
18.8051 	EXP 	window1: mouseVisible = False
18.8213 	EXP 	demo_fixation: opacity = 1
18.8213 	EXP 	demo_fixation: pos = [0, 0]
18.8217 	EXP 	window1: mouseVisible = False
18.8381 	EXP 	demo_fixation: opacity = 1
18.8381 	EXP 	demo_fixation: pos = [0, 0]
18.8384 	EXP 	window1: mouseVisible = False
18.8546 	EXP 	demo_fixation: opacity = 1
18.8546 	EXP 	demo_fixation: pos = [0, 0]
18.8550 	EXP 	window1: mouseVisible = False
18.8713 	EXP 	demo_fixation: opacity = 1
18.8713 	EXP 	demo_fixation: pos = [0, 0]
18.8716 	EXP 	window1: mouseVisible = False
18.8879 	EXP 	demo_fixation: opacity = 1
18.8879 	EXP 	demo_fixation: pos = [0, 0]
18.8883 	EXP 	window1: mouseVisible = False
18.9047 	EXP 	demo_fixation: opacity = 1
18.9047 	EXP 	demo_fixation: pos = [0, 0]
18.9051 	EXP 	window1: mouseVisible = False
18.9213 	EXP 	demo_fixation: opacity = 1
18.9213 	EXP 	demo_fixation: pos = [0, 0]
18.9216 	EXP 	window1: mouseVisible = False
18.9379 	EXP 	demo_fixation: opacity = 1
18.9379 	EXP 	demo_fixation: pos = [0, 0]
18.9382 	EXP 	window1: mouseVisible = False
18.9546 	EXP 	demo_fixation: opacity = 1
18.9546 	EXP 	demo_fixation: pos = [0, 0]
18.9549 	EXP 	window1: mouseVisible = False
18.9713 	EXP 	demo_fixation: opacity = 1
18.9713 	EXP 	demo_fixation: pos = [0, 0]
18.9716 	EXP 	window1: mouseVisible = False
18.9878 	EXP 	demo_fixation: opacity = 1
18.9878 	EXP 	demo_fixation: pos = [0, 0]
18.9882 	EXP 	window1: mouseVisible = False
19.0046 	EXP 	demo_fixation: opacity = 1
19.0046 	EXP 	demo_fixation: pos = [0, 0]
19.0050 	EXP 	window1: mouseVisible = False
19.0213 	EXP 	demo_fixation: opacity = 1
19.0213 	EXP 	demo_fixation: pos = [0, 0]
19.0216 	EXP 	window1: mouseVisible = False
19.0378 	EXP 	demo_fixation: opacity = 1
19.0378 	EXP 	demo_fixation: pos = [0, 0]
19.0381 	EXP 	window1: mouseVisible = False
19.0545 	EXP 	demo_fixation: opacity = 1
19.0545 	EXP 	demo_fixation: pos = [0, 0]
19.0549 	EXP 	window1: mouseVisible = False
19.0712 	EXP 	demo_fixation: opacity = 1
19.0712 	EXP 	demo_fixation: pos = [0, 0]
19.0715 	EXP 	window1: mouseVisible = False
19.0878 	EXP 	demo_fixation: opacity = 1
19.0878 	EXP 	demo_fixation: pos = [0, 0]
19.0882 	EXP 	window1: mouseVisible = False
19.1044 	EXP 	demo_fixation: opacity = 1
19.1044 	EXP 	demo_fixation: pos = [0, 0]
19.1048 	EXP 	window1: mouseVisible = False
19.1210 	EXP 	demo_fixation: opacity = 1
19.1210 	EXP 	demo_fixation: pos = [0, 0]
19.1214 	EXP 	window1: mouseVisible = False
19.1377 	EXP 	demo_fixation: opacity = 1
19.1377 	EXP 	demo_fixation: pos = [0, 0]
19.1380 	EXP 	window1: mouseVisible = False
19.1547 	EXP 	demo_fixation: opacity = 1
19.1547 	EXP 	demo_fixation: pos = [0, 0]
19.1551 	EXP 	window1: mouseVisible = False
19.1711 	EXP 	demo_fixation: opacity = 1
19.1711 	EXP 	demo_fixation: pos = [0, 0]
19.1714 	EXP 	window1: mouseVisible = False
19.1876 	EXP 	demo_fixation: opacity = 1
19.1876 	EXP 	demo_fixation: pos = [0, 0]
19.1880 	EXP 	window1: mouseVisible = False
19.2042 	EXP 	demo_fixation: opacity = 1
19.2042 	EXP 	demo_fixation: pos = [0, 0]
19.2046 	EXP 	window1: mouseVisible = False
19.2210 	EXP 	demo_fixation: opacity = 1
19.2210 	EXP 	demo_fixation: pos = [0, 0]
19.2214 	EXP 	window1: mouseVisible = False
19.2377 	EXP 	demo_fixation: opacity = 1
19.2377 	EXP 	demo_fixation: pos = [0, 0]
19.2381 	EXP 	window1: mouseVisible = False
19.2543 	EXP 	demo_fixation: opacity = 1
19.2543 	EXP 	demo_fixation: pos = [0, 0]
19.2546 	EXP 	window1: mouseVisible = False
19.2711 	EXP 	demo_fixation: opacity = 1
19.2711 	EXP 	demo_fixation: pos = [0, 0]
19.2714 	EXP 	window1: mouseVisible = False
19.2877 	EXP 	demo_fixation: opacity = 1
19.2877 	EXP 	demo_fixation: pos = [0, 0]
19.2880 	EXP 	window1: mouseVisible = False
19.3043 	EXP 	demo_fixation: opacity = 1
19.3043 	EXP 	demo_fixation: pos = [0, 0]
19.3047 	EXP 	window1: mouseVisible = False
19.3210 	EXP 	demo_fixation: opacity = 1
19.3210 	EXP 	demo_fixation: pos = [0, 0]
19.3214 	EXP 	window1: mouseVisible = False
19.3376 	EXP 	demo_fixation: opacity = 1
19.3376 	EXP 	demo_fixation: pos = [0, 0]
19.3379 	EXP 	window1: mouseVisible = False
19.3542 	EXP 	demo_fixation: opacity = 1
19.3542 	EXP 	demo_fixation: pos = [0, 0]
19.3546 	EXP 	window1: mouseVisible = False
19.3708 	EXP 	demo_fixation: opacity = 1
19.3708 	EXP 	demo_fixation: pos = [0, 0]
19.3712 	EXP 	window1: mouseVisible = False
19.3876 	EXP 	demo_fixation: opacity = 1
19.3876 	EXP 	demo_fixation: pos = [0, 0]
19.3879 	EXP 	window1: mouseVisible = False
19.4041 	EXP 	demo_fixation: opacity = 1
19.4041 	EXP 	demo_fixation: pos = [0, 0]
19.4045 	EXP 	window1: mouseVisible = False
19.4209 	EXP 	demo_fixation: opacity = 1
19.4209 	EXP 	demo_fixation: pos = [0, 0]
19.4212 	EXP 	window1: mouseVisible = False
19.4375 	EXP 	demo_fixation: opacity = 1
19.4375 	EXP 	demo_fixation: pos = [0, 0]
19.4379 	EXP 	window1: mouseVisible = False
19.4540 	EXP 	demo_fixation: opacity = 1
19.4540 	EXP 	demo_fixation: pos = [0, 0]
19.4544 	EXP 	window1: mouseVisible = False
19.4708 	EXP 	demo_fixation: opacity = 1
19.4708 	EXP 	demo_fixation: pos = [0, 0]
19.4712 	EXP 	window1: mouseVisible = False
19.4874 	EXP 	demo_fixation: opacity = 1
19.4874 	EXP 	demo_fixation: pos = [0, 0]
19.4878 	EXP 	window1: mouseVisible = False
19.5039 	EXP 	demo_fixation: opacity = 1
19.5039 	EXP 	demo_fixation: pos = [0, 0]
19.5042 	EXP 	window1: mouseVisible = False
19.5208 	EXP 	demo_fixation: opacity = 1
19.5208 	EXP 	demo_fixation: pos = [0, 0]
19.5212 	EXP 	window1: mouseVisible = False
19.5373 	EXP 	demo_fixation: opacity = 1
19.5373 	EXP 	demo_fixation: pos = [0, 0]
19.5377 	EXP 	window1: mouseVisible = False
19.5541 	EXP 	demo_fixation: opacity = 1
19.5541 	EXP 	demo_fixation: pos = [0, 0]
19.5544 	EXP 	window1: mouseVisible = False
19.5706 	EXP 	demo_fixation: opacity = 1
19.5706 	EXP 	demo_fixation: pos = [0, 0]
19.5709 	EXP 	window1: mouseVisible = False
19.5874 	EXP 	demo_fixation: opacity = 1
19.5874 	EXP 	demo_fixation: pos = [0, 0]
19.5878 	EXP 	window1: mouseVisible = False
19.6040 	EXP 	demo_fixation: opacity = 1
19.6040 	EXP 	demo_fixation: pos = [0, 0]
19.6044 	EXP 	window1: mouseVisible = False
19.6207 	EXP 	demo_fixation: opacity = 1
19.6207 	EXP 	demo_fixation: pos = [0, 0]
19.6210 	EXP 	window1: mouseVisible = False
19.6372 	EXP 	demo_fixation: opacity = 1
19.6372 	EXP 	demo_fixation: pos = [0, 0]
19.6376 	EXP 	window1: mouseVisible = False
19.6538 	EXP 	demo_fixation: opacity = 1
19.6538 	EXP 	demo_fixation: pos = [0, 0]
19.6542 	EXP 	window1: mouseVisible = False
19.6704 	EXP 	demo_fixation: opacity = 1
19.6704 	EXP 	demo_fixation: pos = [0, 0]
19.6708 	EXP 	window1: mouseVisible = False
19.6872 	EXP 	demo_fixation: opacity = 1
19.6872 	EXP 	demo_fixation: pos = [0, 0]
19.6876 	EXP 	window1: mouseVisible = False
19.7038 	EXP 	demo_fixation: opacity = 1
19.7038 	EXP 	demo_fixation: pos = [0, 0]
19.7042 	EXP 	window1: mouseVisible = False
19.7205 	EXP 	demo_fixation: opacity = 1
19.7205 	EXP 	demo_fixation: pos = [0, 0]
19.7208 	EXP 	window1: mouseVisible = False
19.7372 	EXP 	demo_fixation: opacity = 1
19.7372 	EXP 	demo_fixation: pos = [0, 0]
19.7376 	EXP 	window1: mouseVisible = False
19.7538 	EXP 	demo_fixation: opacity = 1
19.7538 	EXP 	demo_fixation: pos = [0, 0]
19.7542 	EXP 	window1: mouseVisible = False
19.7704 	EXP 	demo_fixation: opacity = 1
19.7704 	EXP 	demo_fixation: pos = [0, 0]
19.7708 	EXP 	window1: mouseVisible = False
19.7873 	EXP 	demo_fixation: opacity = 1
19.7873 	EXP 	demo_fixation: pos = [0, 0]
19.7877 	EXP 	window1: mouseVisible = False
19.8037 	EXP 	demo_fixation: opacity = 1
19.8037 	EXP 	demo_fixation: pos = [0, 0]
19.8041 	EXP 	window1: mouseVisible = False
19.8204 	EXP 	demo_fixation: opacity = 1
19.8204 	EXP 	demo_fixation: pos = [0, 0]
19.8207 	EXP 	window1: mouseVisible = False
19.8372 	EXP 	demo_fixation: opacity = 1
19.8372 	EXP 	demo_fixation: pos = [0, 0]
19.8375 	EXP 	window1: mouseVisible = False
19.8536 	EXP 	demo_fixation: opacity = 1
19.8536 	EXP 	demo_fixation: pos = [0, 0]
19.8540 	EXP 	window1: mouseVisible = False
19.8704 	EXP 	demo_fixation: opacity = 1
19.8704 	EXP 	demo_fixation: pos = [0, 0]
19.8708 	EXP 	window1: mouseVisible = False
19.8869 	EXP 	demo_fixation: opacity = 1
19.8869 	EXP 	demo_fixation: pos = [0, 0]
19.8873 	EXP 	window1: mouseVisible = False
19.9038 	EXP 	demo_fixation: opacity = 1
19.9038 	EXP 	demo_fixation: pos = [0, 0]
19.9041 	EXP 	window1: mouseVisible = False
19.9204 	EXP 	demo_fixation: opacity = 1
19.9204 	EXP 	demo_fixation: pos = [0, 0]
19.9208 	EXP 	window1: mouseVisible = False
19.9368 	EXP 	demo_fixation: opacity = 1
19.9368 	EXP 	demo_fixation: pos = [0, 0]
19.9372 	EXP 	window1: mouseVisible = False
19.9537 	EXP 	demo_fixation: opacity = 1
19.9537 	EXP 	demo_fixation: pos = [0, 0]
19.9541 	EXP 	window1: mouseVisible = False
19.9702 	EXP 	demo_fixation: opacity = 1
19.9702 	EXP 	demo_fixation: pos = [0, 0]
19.9705 	EXP 	window1: mouseVisible = False
19.9869 	EXP 	demo_fixation: opacity = 1
19.9869 	EXP 	demo_fixation: pos = [0, 0]
19.9873 	EXP 	window1: mouseVisible = False
20.0035 	EXP 	demo_fixation: opacity = 1
20.0035 	EXP 	demo_fixation: pos = [0, 0]
20.0039 	EXP 	window1: mouseVisible = False
20.0204 	EXP 	demo_fixation: opacity = 1
20.0204 	EXP 	demo_fixation: pos = [0, 0]
20.0207 	EXP 	window1: mouseVisible = False
20.0368 	EXP 	demo_fixation: opacity = 1
20.0368 	EXP 	demo_fixation: pos = [0, 0]
20.0372 	EXP 	window1: mouseVisible = False
20.0536 	EXP 	demo_fixation: opacity = 1
20.0536 	EXP 	demo_fixation: pos = [0, 0]
20.0539 	EXP 	window1: mouseVisible = False
20.0702 	EXP 	demo_fixation: opacity = 1
20.0702 	EXP 	demo_fixation: pos = [0, 0]
20.0702 	EXP 	demo_target: autoDraw = True
20.0705 	EXP 	window1: mouseVisible = False
20.0869 	EXP 	demo_fixation: opacity = 1
20.0869 	EXP 	demo_fixation: pos = [0, 0]
20.0873 	EXP 	window1: mouseVisible = False
20.1034 	EXP 	demo_fixation: opacity = 1
20.1034 	EXP 	demo_fixation: pos = [0, 0]
20.1037 	EXP 	window1: mouseVisible = False
20.1203 	EXP 	demo_fixation: opacity = 1
20.1203 	EXP 	demo_fixation: pos = [0, 0]
20.1207 	EXP 	window1: mouseVisible = False
20.1368 	EXP 	demo_fixation: opacity = 1
20.1368 	EXP 	demo_fixation: pos = [0, 0]
20.1372 	EXP 	window1: mouseVisible = False
20.1543 	EXP 	demo_fixation: opacity = 1
20.1543 	EXP 	demo_fixation: pos = [0, 0]
20.1548 	EXP 	window1: mouseVisible = False
20.1707 	EXP 	demo_fixation: opacity = 1
20.1707 	EXP 	demo_fixation: pos = [0, 0]
20.1711 	EXP 	window1: mouseVisible = False
20.1868 	EXP 	demo_fixation: opacity = 1
20.1868 	EXP 	demo_fixation: pos = [0, 0]
20.1872 	EXP 	window1: mouseVisible = False
20.2034 	EXP 	demo_fixation: opacity = 1
20.2034 	EXP 	demo_fixation: pos = [0, 0]
20.2038 	EXP 	window1: mouseVisible = False
20.2200 	EXP 	demo_fixation: opacity = 1
20.2200 	EXP 	demo_fixation: pos = [0, 0]
20.2204 	EXP 	window1: mouseVisible = False
20.2368 	EXP 	demo_fixation: opacity = 1
20.2368 	EXP 	demo_fixation: pos = [0, 0]
20.2371 	EXP 	window1: mouseVisible = False
20.2535 	EXP 	demo_fixation: opacity = 1
20.2535 	EXP 	demo_fixation: pos = [0, 0]
20.2538 	EXP 	window1: mouseVisible = False
20.2700 	EXP 	demo_fixation: opacity = 1
20.2700 	EXP 	demo_fixation: pos = [0, 0]
20.2704 	EXP 	window1: mouseVisible = False
20.2867 	EXP 	demo_fixation: opacity = 1
20.2867 	EXP 	demo_fixation: pos = [0, 0]
20.2871 	EXP 	window1: mouseVisible = False
20.3032 	EXP 	demo_fixation: opacity = 1
20.3032 	EXP 	demo_fixation: pos = [0, 0]
20.3036 	EXP 	window1: mouseVisible = False
20.3198 	EXP 	demo_fixation: opacity = 1
20.3198 	EXP 	demo_fixation: pos = [0, 0]
20.3202 	EXP 	window1: mouseVisible = False
20.3370 	EXP 	demo_fixation: opacity = 1
20.3370 	EXP 	demo_fixation: pos = [0, 0]
20.3374 	EXP 	window1: mouseVisible = False
20.3536 	EXP 	demo_fixation: opacity = 1
20.3536 	EXP 	demo_fixation: pos = [0, 0]
20.3540 	EXP 	window1: mouseVisible = False
20.3698 	EXP 	demo_fixation: opacity = 1
20.3698 	EXP 	demo_fixation: pos = [0, 0]
20.3701 	EXP 	window1: mouseVisible = False
20.3866 	EXP 	demo_fixation: opacity = 1
20.3866 	EXP 	demo_fixation: pos = [0, 0]
20.3870 	EXP 	window1: mouseVisible = False
20.4032 	EXP 	demo_fixation: opacity = 1
20.4032 	EXP 	demo_fixation: pos = [0, 0]
20.4036 	EXP 	window1: mouseVisible = False
20.4199 	EXP 	demo_fixation: opacity = 1
20.4199 	EXP 	demo_fixation: pos = [0, 0]
20.4203 	EXP 	window1: mouseVisible = False
20.4365 	EXP 	demo_fixation: opacity = 1
20.4365 	EXP 	demo_fixation: pos = [0, 0]
20.4368 	EXP 	window1: mouseVisible = False
20.4531 	EXP 	demo_fixation: opacity = 1
20.4531 	EXP 	demo_fixation: pos = [0, 0]
20.4534 	EXP 	window1: mouseVisible = False
20.4699 	EXP 	demo_fixation: opacity = 1
20.4699 	EXP 	demo_fixation: pos = [0, 0]
20.4703 	EXP 	window1: mouseVisible = False
20.4865 	EXP 	demo_fixation: opacity = 1
20.4865 	EXP 	demo_fixation: pos = [0, 0]
20.4869 	EXP 	window1: mouseVisible = False
20.5033 	EXP 	demo_fixation: opacity = 1
20.5033 	EXP 	demo_fixation: pos = [0, 0]
20.5036 	EXP 	window1: mouseVisible = False
20.5201 	EXP 	demo_fixation: opacity = 1
20.5201 	EXP 	demo_fixation: pos = [0, 0]
20.5206 	EXP 	window1: mouseVisible = False
20.5365 	EXP 	demo_fixation: opacity = 1
20.5365 	EXP 	demo_fixation: pos = [0, 0]
20.5369 	EXP 	window1: mouseVisible = False
20.5530 	EXP 	demo_fixation: opacity = 1
20.5530 	EXP 	demo_fixation: pos = [0, 0]
20.5534 	EXP 	window1: mouseVisible = False
20.5555 	DATA 	Mouse: Left button down, pos=(960,540)
20.5701 	EXP 	demo_fixation: opacity = 0
20.5704 	EXP 	window1: mouseVisible = False
20.5864 	EXP 	demo_fixation: opacity = 0
20.5868 	EXP 	window1: mouseVisible = False
20.6031 	EXP 	demo_fixation: opacity = 0
20.6034 	EXP 	window1: mouseVisible = False
20.6196 	EXP 	demo_fixation: opacity = 0
20.6200 	EXP 	window1: mouseVisible = False
20.6363 	EXP 	demo_fixation: opacity = 0
20.6366 	EXP 	window1: mouseVisible = False
20.6530 	EXP 	demo_fixation: opacity = 0
20.6534 	EXP 	window1: mouseVisible = False
20.6696 	EXP 	demo_fixation: opacity = 0
20.6700 	EXP 	window1: mouseVisible = False
20.6861 	EXP 	demo_fixation: opacity = 0
20.6865 	EXP 	window1: mouseVisible = False
20.7029 	EXP 	demo_fixation: opacity = 0
20.7033 	EXP 	window1: mouseVisible = False
20.7197 	EXP 	demo_fixation: opacity = 0
20.7200 	EXP 	window1: mouseVisible = False
20.7362 	EXP 	demo_fixation: opacity = 0
20.7365 	EXP 	window1: mouseVisible = False
20.7528 	EXP 	demo_fixation: opacity = 0
20.7532 	EXP 	window1: mouseVisible = False
20.7694 	EXP 	demo_fixation: opacity = 0
20.7698 	EXP 	window1: mouseVisible = False
20.7862 	EXP 	demo_fixation: opacity = 0
20.7865 	EXP 	window1: mouseVisible = False
20.8027 	EXP 	demo_fixation: opacity = 0
20.8031 	EXP 	window1: mouseVisible = False
20.8197 	EXP 	demo_fixation: opacity = 0
20.8201 	EXP 	window1: mouseVisible = False
20.8361 	EXP 	demo_fixation: opacity = 0
20.8365 	EXP 	window1: mouseVisible = False
20.8526 	EXP 	demo_fixation: opacity = 0
20.8530 	EXP 	window1: mouseVisible = False
20.8695 	EXP 	demo_fixation: opacity = 0
20.8699 	EXP 	window1: mouseVisible = False
20.8861 	EXP 	demo_fixation: opacity = 0
20.8865 	EXP 	window1: mouseVisible = False
20.9029 	EXP 	demo_fixation: opacity = 0
20.9033 	EXP 	window1: mouseVisible = False
20.9193 	EXP 	demo_fixation: opacity = 0
20.9197 	EXP 	window1: mouseVisible = False
20.9362 	EXP 	demo_fixation: opacity = 0
20.9367 	EXP 	window1: mouseVisible = False
20.9527 	EXP 	demo_fixation: opacity = 0
20.9530 	EXP 	window1: mouseVisible = False
20.9695 	EXP 	demo_fixation: opacity = 0
20.9699 	EXP 	window1: mouseVisible = False
20.9859 	EXP 	demo_fixation: opacity = 0
20.9863 	EXP 	window1: mouseVisible = False
21.0027 	EXP 	demo_fixation: opacity = 0
21.0031 	EXP 	window1: mouseVisible = False
21.0193 	EXP 	demo_fixation: opacity = 0
21.0197 	EXP 	window1: mouseVisible = False
21.0359 	EXP 	demo_fixation: opacity = 0
21.0363 	EXP 	window1: mouseVisible = False
21.0528 	EXP 	demo_fixation: opacity = 0
21.0532 	EXP 	window1: mouseVisible = False
21.0692 	EXP 	demo_fixation: opacity = 0
21.0696 	EXP 	window1: mouseVisible = False
21.0861 	EXP 	demo_fixation: opacity = 0
21.0864 	EXP 	window1: mouseVisible = False
21.1025 	EXP 	demo_fixation: opacity = 0
21.1028 	EXP 	window1: mouseVisible = False
21.1193 	EXP 	demo_fixation: opacity = 0
21.1197 	EXP 	window1: mouseVisible = False
21.1451 	EXP 	demo_fixation: opacity = 0
21.1451 	EXP 	demo_fixation: pos = array([-0.38888889,  0.2212963 ])
21.1451 	EXP 	demo_fixation: opacity = 1
21.1451 	EXP 	demo_enclosing_1: autoDraw = False
21.1451 	EXP 	demo_enclosing: autoDraw = False
21.1451 	EXP 	demo_target: autoDraw = False
21.1451 	EXP 	demo_fixation: autoDraw = False
21.1451 	EXP 	demo_fixation: opacity = 1
21.1451 	EXP 	demo_target_feedback: pos = array([-0.3,  0.3])
21.1451 	EXP 	demo_fixation_feedback: pos = array([-0.38888889,  0.2212963 ])
21.1451 	EXP 	demo_enclosing_feedback_1: autoDraw = True
21.1451 	EXP 	demo_enclosing_feedback: autoDraw = True
21.1451 	EXP 	demo_target_feedback: autoDraw = True
21.1451 	EXP 	demo_fixation_feedback: autoDraw = True
21.4903 	DATA 	Mouse:  Left button up, pos=(486,820)
21.6386 	EXP 	New trial (rep=0, index=2): OrderedDict([('target_x', 0.3), ('target_y', 0.3), ('rotation', 0)])
21.6405 	EXP 	window1: mouseVisible = False
21.6542 	EXP 	demo_enclosing_feedback_1: autoDraw = False
21.6542 	EXP 	demo_enclosing_feedback: autoDraw = False
21.6542 	EXP 	demo_target_feedback: autoDraw = False
21.6542 	EXP 	demo_fixation_feedback: autoDraw = False
21.6542 	EXP 	demo_fixation: opacity = 1
21.6542 	EXP 	demo_fixation: pos = [0, 0]
21.6542 	EXP 	demo_target: pos = array([0.3, 0.3])
21.6542 	EXP 	demo_fixation: pos = array([0., 0.])
21.6542 	EXP 	demo_fixation: opacity = 1
21.6542 	EXP 	demo_fixation: pos = [0, 0]
21.6542 	EXP 	demo_enclosing_1: autoDraw = True
21.6542 	EXP 	demo_enclosing: autoDraw = True
21.6542 	EXP 	demo_fixation: autoDraw = True
21.6547 	EXP 	window1: mouseVisible = False
21.6686 	EXP 	demo_fixation: opacity = 1
21.6686 	EXP 	demo_fixation: pos = [0, 0]
21.6690 	EXP 	window1: mouseVisible = False
21.6855 	EXP 	demo_fixation: opacity = 1
21.6855 	EXP 	demo_fixation: pos = [0, 0]
21.6859 	EXP 	window1: mouseVisible = False
21.7020 	EXP 	demo_fixation: opacity = 1
21.7020 	EXP 	demo_fixation: pos = [0, 0]
21.7024 	EXP 	window1: mouseVisible = False
21.7186 	EXP 	demo_fixation: opacity = 1
21.7186 	EXP 	demo_fixation: pos = [0, 0]
21.7190 	EXP 	window1: mouseVisible = False
21.7354 	EXP 	demo_fixation: opacity = 1
21.7354 	EXP 	demo_fixation: pos = [0, 0]
21.7357 	EXP 	window1: mouseVisible = False
21.7520 	EXP 	demo_fixation: opacity = 1
21.7520 	EXP 	demo_fixation: pos = [0, 0]
21.7524 	EXP 	window1: mouseVisible = False
21.7685 	EXP 	demo_fixation: opacity = 1
21.7685 	EXP 	demo_fixation: pos = [0, 0]
21.7689 	EXP 	window1: mouseVisible = False
21.7852 	EXP 	demo_fixation: opacity = 1
21.7852 	EXP 	demo_fixation: pos = [0, 0]
21.7856 	EXP 	window1: mouseVisible = False
21.8020 	EXP 	demo_fixation: opacity = 1
21.8020 	EXP 	demo_fixation: pos = [0, 0]
21.8024 	EXP 	window1: mouseVisible = False
21.8186 	EXP 	demo_fixation: opacity = 1
21.8186 	EXP 	demo_fixation: pos = [0, 0]
21.8190 	EXP 	window1: mouseVisible = False
21.8352 	EXP 	demo_fixation: opacity = 1
21.8352 	EXP 	demo_fixation: pos = [0, 0]
21.8355 	EXP 	window1: mouseVisible = False
21.8518 	EXP 	demo_fixation: opacity = 1
21.8518 	EXP 	demo_fixation: pos = [0, 0]
21.8522 	EXP 	window1: mouseVisible = False
21.8685 	EXP 	demo_fixation: opacity = 1
21.8685 	EXP 	demo_fixation: pos = [0, 0]
21.8689 	EXP 	window1: mouseVisible = False
21.8852 	EXP 	demo_fixation: opacity = 1
21.8852 	EXP 	demo_fixation: pos = [0, 0]
21.8856 	EXP 	window1: mouseVisible = False
21.9018 	EXP 	demo_fixation: opacity = 1
21.9018 	EXP 	demo_fixation: pos = [0, 0]
21.9022 	EXP 	window1: mouseVisible = False
21.9185 	EXP 	demo_fixation: opacity = 1
21.9185 	EXP 	demo_fixation: pos = [0, 0]
21.9188 	EXP 	window1: mouseVisible = False
21.9351 	EXP 	demo_fixation: opacity = 1
21.9351 	EXP 	demo_fixation: pos = [0, 0]
21.9354 	EXP 	window1: mouseVisible = False
21.9518 	EXP 	demo_fixation: opacity = 1
21.9518 	EXP 	demo_fixation: pos = [0, 0]
21.9522 	EXP 	window1: mouseVisible = False
21.9684 	EXP 	demo_fixation: opacity = 1
21.9684 	EXP 	demo_fixation: pos = [0, 0]
21.9688 	EXP 	window1: mouseVisible = False
21.9852 	EXP 	demo_fixation: opacity = 1
21.9852 	EXP 	demo_fixation: pos = [0, 0]
21.9856 	EXP 	window1: mouseVisible = False
22.0017 	EXP 	demo_fixation: opacity = 1
22.0017 	EXP 	demo_fixation: pos = [0, 0]
22.0021 	EXP 	window1: mouseVisible = False
22.0183 	EXP 	demo_fixation: opacity = 1
22.0183 	EXP 	demo_fixation: pos = [0, 0]
22.0186 	EXP 	window1: mouseVisible = False
22.0350 	EXP 	demo_fixation: opacity = 1
22.0350 	EXP 	demo_fixation: pos = [0, 0]
22.0353 	EXP 	window1: mouseVisible = False
22.0517 	EXP 	demo_fixation: opacity = 1
22.0517 	EXP 	demo_fixation: pos = [0, 0]
22.0521 	EXP 	window1: mouseVisible = False
22.0684 	EXP 	demo_fixation: opacity = 1
22.0684 	EXP 	demo_fixation: pos = [0, 0]
22.0688 	EXP 	window1: mouseVisible = False
22.0850 	EXP 	demo_fixation: opacity = 1
22.0850 	EXP 	demo_fixation: pos = [0, 0]
22.0854 	EXP 	window1: mouseVisible = False
22.1018 	EXP 	demo_fixation: opacity = 1
22.1018 	EXP 	demo_fixation: pos = [0, 0]
22.1021 	EXP 	window1: mouseVisible = False
22.1183 	EXP 	demo_fixation: opacity = 1
22.1183 	EXP 	demo_fixation: pos = [0, 0]
22.1187 	EXP 	window1: mouseVisible = False
22.1349 	EXP 	demo_fixation: opacity = 1
22.1349 	EXP 	demo_fixation: pos = [0, 0]
22.1353 	EXP 	window1: mouseVisible = False
22.1518 	EXP 	demo_fixation: opacity = 1
22.1518 	EXP 	demo_fixation: pos = [0, 0]
22.1522 	EXP 	window1: mouseVisible = False
22.1682 	EXP 	demo_fixation: opacity = 1
22.1682 	EXP 	demo_fixation: pos = [0, 0]
22.1686 	EXP 	window1: mouseVisible = False
22.1848 	EXP 	demo_fixation: opacity = 1
22.1848 	EXP 	demo_fixation: pos = [0, 0]
22.1852 	EXP 	window1: mouseVisible = False
22.2014 	EXP 	demo_fixation: opacity = 1
22.2014 	EXP 	demo_fixation: pos = [0, 0]
22.2018 	EXP 	window1: mouseVisible = False
22.2181 	EXP 	demo_fixation: opacity = 1
22.2181 	EXP 	demo_fixation: pos = [0, 0]
22.2185 	EXP 	window1: mouseVisible = False
22.2348 	EXP 	demo_fixation: opacity = 1
22.2348 	EXP 	demo_fixation: pos = [0, 0]
22.2352 	EXP 	window1: mouseVisible = False
22.2514 	EXP 	demo_fixation: opacity = 1
22.2514 	EXP 	demo_fixation: pos = [0, 0]
22.2518 	EXP 	window1: mouseVisible = False
22.2684 	EXP 	demo_fixation: opacity = 1
22.2684 	EXP 	demo_fixation: pos = [0, 0]
22.2688 	EXP 	window1: mouseVisible = False
22.2849 	EXP 	demo_fixation: opacity = 1
22.2849 	EXP 	demo_fixation: pos = [0, 0]
22.2853 	EXP 	window1: mouseVisible = False
22.3015 	EXP 	demo_fixation: opacity = 1
22.3015 	EXP 	demo_fixation: pos = [0, 0]
22.3018 	EXP 	window1: mouseVisible = False
22.3180 	EXP 	demo_fixation: opacity = 1
22.3180 	EXP 	demo_fixation: pos = [0, 0]
22.3184 	EXP 	window1: mouseVisible = False
22.3347 	EXP 	demo_fixation: opacity = 1
22.3347 	EXP 	demo_fixation: pos = [0, 0]
22.3351 	EXP 	window1: mouseVisible = False
22.3513 	EXP 	demo_fixation: opacity = 1
22.3513 	EXP 	demo_fixation: pos = [0, 0]
22.3517 	EXP 	window1: mouseVisible = False
22.3681 	EXP 	demo_fixation: opacity = 1
22.3681 	EXP 	demo_fixation: pos = [0, 0]
22.3685 	EXP 	window1: mouseVisible = False
22.3847 	EXP 	demo_fixation: opacity = 1
22.3847 	EXP 	demo_fixation: pos = [0, 0]
22.3850 	EXP 	window1: mouseVisible = False
22.4015 	EXP 	demo_fixation: opacity = 1
22.4015 	EXP 	demo_fixation: pos = [0, 0]
22.4019 	EXP 	window1: mouseVisible = False
22.4180 	EXP 	demo_fixation: opacity = 1
22.4180 	EXP 	demo_fixation: pos = [0, 0]
22.4183 	EXP 	window1: mouseVisible = False
22.4346 	EXP 	demo_fixation: opacity = 1
22.4346 	EXP 	demo_fixation: pos = [0, 0]
22.4350 	EXP 	window1: mouseVisible = False
22.4512 	EXP 	demo_fixation: opacity = 1
22.4512 	EXP 	demo_fixation: pos = [0, 0]
22.4516 	EXP 	window1: mouseVisible = False
22.4680 	EXP 	demo_fixation: opacity = 1
22.4680 	EXP 	demo_fixation: pos = [0, 0]
22.4684 	EXP 	window1: mouseVisible = False
22.4846 	EXP 	demo_fixation: opacity = 1
22.4846 	EXP 	demo_fixation: pos = [0, 0]
22.4849 	EXP 	window1: mouseVisible = False
22.5012 	EXP 	demo_fixation: opacity = 1
22.5012 	EXP 	demo_fixation: pos = [0, 0]
22.5016 	EXP 	window1: mouseVisible = False
22.5178 	EXP 	demo_fixation: opacity = 1
22.5178 	EXP 	demo_fixation: pos = [0, 0]
22.5182 	EXP 	window1: mouseVisible = False
22.5345 	EXP 	demo_fixation: opacity = 1
22.5345 	EXP 	demo_fixation: pos = [0, 0]
22.5349 	EXP 	window1: mouseVisible = False
22.5512 	EXP 	demo_fixation: opacity = 1
22.5512 	EXP 	demo_fixation: pos = [0, 0]
22.5516 	EXP 	window1: mouseVisible = False
22.5679 	EXP 	demo_fixation: opacity = 1
22.5679 	EXP 	demo_fixation: pos = [0, 0]
22.5683 	EXP 	window1: mouseVisible = False
22.5845 	EXP 	demo_fixation: opacity = 1
22.5845 	EXP 	demo_fixation: pos = [0, 0]
22.5848 	EXP 	window1: mouseVisible = False
22.6013 	EXP 	demo_fixation: opacity = 1
22.6013 	EXP 	demo_fixation: pos = [0, 0]
22.6017 	EXP 	window1: mouseVisible = False
22.6178 	EXP 	demo_fixation: opacity = 1
22.6178 	EXP 	demo_fixation: pos = [0, 0]
22.6182 	EXP 	window1: mouseVisible = False
22.6344 	EXP 	demo_fixation: opacity = 1
22.6344 	EXP 	demo_fixation: pos = [0, 0]
22.6348 	EXP 	window1: mouseVisible = False
22.6511 	EXP 	demo_fixation: opacity = 1
22.6511 	EXP 	demo_fixation: pos = [0, 0]
22.6515 	EXP 	window1: mouseVisible = False
22.6676 	EXP 	demo_fixation: opacity = 1
22.6676 	EXP 	demo_fixation: pos = [0, 0]
22.6679 	EXP 	window1: mouseVisible = False
22.6843 	EXP 	demo_fixation: opacity = 1
22.6843 	EXP 	demo_fixation: pos = [0, 0]
22.6847 	EXP 	window1: mouseVisible = False
22.7012 	EXP 	demo_fixation: opacity = 1
22.7012 	EXP 	demo_fixation: pos = [0, 0]
22.7015 	EXP 	window1: mouseVisible = False
22.7176 	EXP 	demo_fixation: opacity = 1
22.7176 	EXP 	demo_fixation: pos = [0, 0]
22.7180 	EXP 	window1: mouseVisible = False
22.7343 	EXP 	demo_fixation: opacity = 1
22.7343 	EXP 	demo_fixation: pos = [0, 0]
22.7347 	EXP 	window1: mouseVisible = False
22.7511 	EXP 	demo_fixation: opacity = 1
22.7511 	EXP 	demo_fixation: pos = [0, 0]
22.7514 	EXP 	window1: mouseVisible = False
22.7676 	EXP 	demo_fixation: opacity = 1
22.7676 	EXP 	demo_fixation: pos = [0, 0]
22.7680 	EXP 	window1: mouseVisible = False
22.7844 	EXP 	demo_fixation: opacity = 1
22.7844 	EXP 	demo_fixation: pos = [0, 0]
22.7847 	EXP 	window1: mouseVisible = False
22.8010 	EXP 	demo_fixation: opacity = 1
22.8010 	EXP 	demo_fixation: pos = [0, 0]
22.8014 	EXP 	window1: mouseVisible = False
22.8177 	EXP 	demo_fixation: opacity = 1
22.8177 	EXP 	demo_fixation: pos = [0, 0]
22.8181 	EXP 	window1: mouseVisible = False
22.8342 	EXP 	demo_fixation: opacity = 1
22.8342 	EXP 	demo_fixation: pos = [0, 0]
22.8346 	EXP 	window1: mouseVisible = False
22.8510 	EXP 	demo_fixation: opacity = 1
22.8510 	EXP 	demo_fixation: pos = [0, 0]
22.8514 	EXP 	window1: mouseVisible = False
22.8676 	EXP 	demo_fixation: opacity = 1
22.8676 	EXP 	demo_fixation: pos = [0, 0]
22.8679 	EXP 	window1: mouseVisible = False
22.8844 	EXP 	demo_fixation: opacity = 1
22.8844 	EXP 	demo_fixation: pos = [0, 0]
22.8848 	EXP 	window1: mouseVisible = False
22.9010 	EXP 	demo_fixation: opacity = 1
22.9010 	EXP 	demo_fixation: pos = [0, 0]
22.9013 	EXP 	window1: mouseVisible = False
22.9175 	EXP 	demo_fixation: opacity = 1
22.9175 	EXP 	demo_fixation: pos = [0, 0]
22.9178 	EXP 	window1: mouseVisible = False
22.9343 	EXP 	demo_fixation: opacity = 1
22.9343 	EXP 	demo_fixation: pos = [0, 0]
22.9346 	EXP 	window1: mouseVisible = False
22.9507 	EXP 	demo_fixation: opacity = 1
22.9507 	EXP 	demo_fixation: pos = [0, 0]
22.9511 	EXP 	window1: mouseVisible = False
22.9674 	EXP 	demo_fixation: opacity = 1
22.9674 	EXP 	demo_fixation: pos = [0, 0]
22.9678 	EXP 	window1: mouseVisible = False
22.9842 	EXP 	demo_fixation: opacity = 1
22.9842 	EXP 	demo_fixation: pos = [0, 0]
22.9846 	EXP 	window1: mouseVisible = False
23.0009 	EXP 	demo_fixation: opacity = 1
23.0009 	EXP 	demo_fixation: pos = [0, 0]
23.0013 	EXP 	window1: mouseVisible = False
23.0174 	EXP 	demo_fixation: opacity = 1
23.0174 	EXP 	demo_fixation: pos = [0, 0]
23.0177 	EXP 	window1: mouseVisible = False
23.0340 	EXP 	demo_fixation: opacity = 1
23.0340 	EXP 	demo_fixation: pos = [0, 0]
23.0344 	EXP 	window1: mouseVisible = False
23.0508 	EXP 	demo_fixation: opacity = 1
23.0508 	EXP 	demo_fixation: pos = [0, 0]
23.0512 	EXP 	window1: mouseVisible = False
23.0672 	EXP 	demo_fixation: opacity = 1
23.0672 	EXP 	demo_fixation: pos = [0, 0]
23.0676 	EXP 	window1: mouseVisible = False
23.0840 	EXP 	demo_fixation: opacity = 1
23.0840 	EXP 	demo_fixation: pos = [0, 0]
23.0840 	EXP 	demo_target: autoDraw = True
23.0844 	EXP 	window1: mouseVisible = False
23.1007 	EXP 	demo_fixation: opacity = 1
23.1007 	EXP 	demo_fixation: pos = [0, 0]
23.1011 	EXP 	window1: mouseVisible = False
23.1173 	EXP 	demo_fixation: opacity = 1
23.1173 	EXP 	demo_fixation: pos = [0, 0]
23.1177 	EXP 	window1: mouseVisible = False
23.1340 	EXP 	demo_fixation: opacity = 1
23.1340 	EXP 	demo_fixation: pos = [0, 0]
23.1344 	EXP 	window1: mouseVisible = False
23.1510 	EXP 	demo_fixation: opacity = 1
23.1510 	EXP 	demo_fixation: pos = [0, 0]
23.1513 	EXP 	window1: mouseVisible = False
23.1676 	EXP 	demo_fixation: opacity = 1
23.1676 	EXP 	demo_fixation: pos = [0, 0]
23.1679 	EXP 	window1: mouseVisible = False
23.1840 	EXP 	demo_fixation: opacity = 1
23.1840 	EXP 	demo_fixation: pos = [0, 0]
23.1844 	EXP 	window1: mouseVisible = False
23.2005 	EXP 	demo_fixation: opacity = 1
23.2005 	EXP 	demo_fixation: pos = [0, 0]
23.2009 	EXP 	window1: mouseVisible = False
23.2171 	EXP 	demo_fixation: opacity = 1
23.2171 	EXP 	demo_fixation: pos = [0, 0]
23.2175 	EXP 	window1: mouseVisible = False
23.2339 	EXP 	demo_fixation: opacity = 1
23.2339 	EXP 	demo_fixation: pos = [0, 0]
23.2343 	EXP 	window1: mouseVisible = False
23.2504 	EXP 	demo_fixation: opacity = 1
23.2504 	EXP 	demo_fixation: pos = [0, 0]
23.2508 	EXP 	window1: mouseVisible = False
23.2672 	EXP 	demo_fixation: opacity = 1
23.2672 	EXP 	demo_fixation: pos = [0, 0]
23.2676 	EXP 	window1: mouseVisible = False
23.2840 	EXP 	demo_fixation: opacity = 1
23.2840 	EXP 	demo_fixation: pos = [0, 0]
23.2843 	EXP 	window1: mouseVisible = False
23.3005 	EXP 	demo_fixation: opacity = 1
23.3005 	EXP 	demo_fixation: pos = [0, 0]
23.3008 	EXP 	window1: mouseVisible = False
23.3174 	EXP 	demo_fixation: opacity = 1
23.3174 	EXP 	demo_fixation: pos = [0, 0]
23.3178 	EXP 	window1: mouseVisible = False
23.3337 	EXP 	demo_fixation: opacity = 1
23.3337 	EXP 	demo_fixation: pos = [0, 0]
23.3341 	EXP 	window1: mouseVisible = False
23.3503 	EXP 	demo_fixation: opacity = 1
23.3503 	EXP 	demo_fixation: pos = [0, 0]
23.3507 	EXP 	window1: mouseVisible = False
23.3670 	EXP 	demo_fixation: opacity = 1
23.3670 	EXP 	demo_fixation: pos = [0, 0]
23.3675 	EXP 	window1: mouseVisible = False
23.3842 	EXP 	demo_fixation: opacity = 1
23.3842 	EXP 	demo_fixation: pos = [0, 0]
23.3847 	EXP 	window1: mouseVisible = False
23.4010 	EXP 	demo_fixation: opacity = 1
23.4010 	EXP 	demo_fixation: pos = [0, 0]
23.4015 	EXP 	window1: mouseVisible = False
23.4177 	EXP 	demo_fixation: opacity = 1
23.4177 	EXP 	demo_fixation: pos = [0, 0]
23.4182 	EXP 	window1: mouseVisible = False
23.4337 	EXP 	demo_fixation: opacity = 1
23.4337 	EXP 	demo_fixation: pos = [0, 0]
23.4340 	EXP 	window1: mouseVisible = False
23.4509 	EXP 	demo_fixation: opacity = 1
23.4509 	EXP 	demo_fixation: pos = [0, 0]
23.4514 	EXP 	window1: mouseVisible = False
23.4678 	EXP 	demo_fixation: opacity = 1
23.4678 	EXP 	demo_fixation: pos = [0, 0]
23.4683 	EXP 	window1: mouseVisible = False
23.4840 	EXP 	demo_fixation: opacity = 1
23.4840 	EXP 	demo_fixation: pos = [0, 0]
23.4845 	EXP 	window1: mouseVisible = False
23.5007 	EXP 	demo_fixation: opacity = 1
23.5007 	EXP 	demo_fixation: pos = [0, 0]
23.5012 	EXP 	window1: mouseVisible = False
23.5167 	EXP 	demo_fixation: opacity = 1
23.5167 	EXP 	demo_fixation: pos = [0, 0]
23.5172 	EXP 	window1: mouseVisible = False
23.5337 	EXP 	demo_fixation: opacity = 1
23.5337 	EXP 	demo_fixation: pos = [0, 0]
23.5342 	EXP 	window1: mouseVisible = False
23.5426 	DATA 	Mouse: Left button down, pos=(960,540)
23.5512 	EXP 	demo_fixation: opacity = 1
23.5512 	EXP 	demo_fixation: pos = [0, 0]
23.5515 	EXP 	window1: mouseVisible = False
23.5673 	EXP 	demo_fixation: opacity = 0
23.5676 	EXP 	window1: mouseVisible = False
23.5833 	EXP 	demo_fixation: opacity = 0
23.5837 	EXP 	window1: mouseVisible = False
23.6001 	EXP 	demo_fixation: opacity = 0
23.6005 	EXP 	window1: mouseVisible = False
23.6167 	EXP 	demo_fixation: opacity = 0
23.6171 	EXP 	window1: mouseVisible = False
23.6334 	EXP 	demo_fixation: opacity = 0
23.6338 	EXP 	window1: mouseVisible = False
23.6501 	EXP 	demo_fixation: opacity = 0
23.6504 	EXP 	window1: mouseVisible = False
23.6669 	EXP 	demo_fixation: opacity = 0
23.6672 	EXP 	window1: mouseVisible = False
23.6833 	EXP 	demo_fixation: opacity = 0
23.6837 	EXP 	window1: mouseVisible = False
23.7003 	EXP 	demo_fixation: opacity = 0
23.7006 	EXP 	window1: mouseVisible = False
23.7168 	EXP 	demo_fixation: opacity = 0
23.7172 	EXP 	window1: mouseVisible = False
23.7333 	EXP 	demo_fixation: opacity = 0
23.7339 	EXP 	window1: mouseVisible = False
23.7502 	EXP 	demo_fixation: opacity = 0
23.7505 	EXP 	window1: mouseVisible = False
23.7667 	EXP 	demo_fixation: opacity = 0
23.7670 	EXP 	window1: mouseVisible = False
23.7832 	EXP 	demo_fixation: opacity = 0
23.7836 	EXP 	window1: mouseVisible = False
23.8002 	EXP 	demo_fixation: opacity = 0
23.8005 	EXP 	window1: mouseVisible = False
23.8166 	EXP 	demo_fixation: opacity = 0
23.8169 	EXP 	window1: mouseVisible = False
23.8333 	EXP 	demo_fixation: opacity = 0
23.8337 	EXP 	window1: mouseVisible = False
23.8500 	EXP 	demo_fixation: opacity = 0
23.8504 	EXP 	window1: mouseVisible = False
23.8666 	EXP 	demo_fixation: opacity = 0
23.8670 	EXP 	window1: mouseVisible = False
23.8835 	EXP 	demo_fixation: opacity = 0
23.8838 	EXP 	window1: mouseVisible = False
23.8998 	EXP 	demo_fixation: opacity = 0
23.9002 	EXP 	window1: mouseVisible = False
23.9166 	EXP 	demo_fixation: opacity = 0
23.9170 	EXP 	window1: mouseVisible = False
23.9332 	EXP 	demo_fixation: opacity = 0
23.9336 	EXP 	window1: mouseVisible = False
23.9500 	EXP 	demo_fixation: opacity = 0
23.9504 	EXP 	window1: mouseVisible = False
23.9666 	EXP 	demo_fixation: opacity = 0
23.9670 	EXP 	window1: mouseVisible = False
23.9833 	EXP 	demo_fixation: opacity = 0
23.9836 	EXP 	window1: mouseVisible = False
23.9998 	EXP 	demo_fixation: opacity = 0
24.0001 	EXP 	window1: mouseVisible = False
24.0165 	EXP 	demo_fixation: opacity = 0
24.0168 	EXP 	window1: mouseVisible = False
24.0433 	EXP 	demo_fixation: opacity = 0
24.0433 	EXP 	demo_fixation: pos = array([0.29351852, 0.34166667])
24.0433 	EXP 	demo_fixation: opacity = 1
24.0433 	EXP 	demo_enclosing_1: autoDraw = False
24.0433 	EXP 	demo_enclosing: autoDraw = False
24.0433 	EXP 	demo_target: autoDraw = False
24.0433 	EXP 	demo_fixation: autoDraw = False
24.0433 	EXP 	demo_fixation: opacity = 1
24.0433 	EXP 	demo_target_feedback: pos = array([0.3, 0.3])
24.0433 	EXP 	demo_fixation_feedback: pos = array([0.29351852, 0.34166667])
24.0433 	EXP 	demo_enclosing_feedback_1: autoDraw = True
24.0433 	EXP 	demo_enclosing_feedback: autoDraw = True
24.0433 	EXP 	demo_target_feedback: autoDraw = True
24.0433 	EXP 	demo_fixation_feedback: autoDraw = True
24.3211 	DATA 	Mouse:  Left button up, pos=(1326,1023)
24.5359 	EXP 	New trial (rep=0, index=3): OrderedDict([('target_x', -0.3), ('target_y', -0.3), ('rotation', 0)])
24.5379 	EXP 	window1: mouseVisible = False
24.5511 	EXP 	demo_enclosing_feedback_1: autoDraw = False
24.5511 	EXP 	demo_enclosing_feedback: autoDraw = False
24.5511 	EXP 	demo_target_feedback: autoDraw = False
24.5511 	EXP 	demo_fixation_feedback: autoDraw = False
24.5511 	EXP 	demo_fixation: opacity = 1
24.5511 	EXP 	demo_fixation: pos = [0, 0]
24.5511 	EXP 	demo_target: pos = array([-0.3, -0.3])
24.5511 	EXP 	demo_fixation: pos = array([0., 0.])
24.5511 	EXP 	demo_fixation: opacity = 1
24.5511 	EXP 	demo_fixation: pos = [0, 0]
24.5511 	EXP 	demo_enclosing_1: autoDraw = True
24.5511 	EXP 	demo_enclosing: autoDraw = True
24.5511 	EXP 	demo_fixation: autoDraw = True
24.5516 	EXP 	window1: mouseVisible = False
24.5660 	EXP 	demo_fixation: opacity = 1
24.5660 	EXP 	demo_fixation: pos = [0, 0]
24.5664 	EXP 	window1: mouseVisible = False
24.5827 	EXP 	demo_fixation: opacity = 1
24.5827 	EXP 	demo_fixation: pos = [0, 0]
24.5831 	EXP 	window1: mouseVisible = False
24.5995 	EXP 	demo_fixation: opacity = 1
24.5995 	EXP 	demo_fixation: pos = [0, 0]
24.5998 	EXP 	window1: mouseVisible = False
24.6159 	EXP 	demo_fixation: opacity = 1
24.6159 	EXP 	demo_fixation: pos = [0, 0]
24.6162 	EXP 	window1: mouseVisible = False
24.6325 	EXP 	demo_fixation: opacity = 1
24.6325 	EXP 	demo_fixation: pos = [0, 0]
24.6328 	EXP 	window1: mouseVisible = False
24.6493 	EXP 	demo_fixation: opacity = 1
24.6493 	EXP 	demo_fixation: pos = [0, 0]
24.6497 	EXP 	window1: mouseVisible = False
24.6658 	EXP 	demo_fixation: opacity = 1
24.6658 	EXP 	demo_fixation: pos = [0, 0]
24.6662 	EXP 	window1: mouseVisible = False
24.6824 	EXP 	demo_fixation: opacity = 1
24.6824 	EXP 	demo_fixation: pos = [0, 0]
24.6827 	EXP 	window1: mouseVisible = False
24.6992 	EXP 	demo_fixation: opacity = 1
24.6992 	EXP 	demo_fixation: pos = [0, 0]
24.6995 	EXP 	window1: mouseVisible = False
24.7159 	EXP 	demo_fixation: opacity = 1
24.7159 	EXP 	demo_fixation: pos = [0, 0]
24.7162 	EXP 	window1: mouseVisible = False
24.7325 	EXP 	demo_fixation: opacity = 1
24.7325 	EXP 	demo_fixation: pos = [0, 0]
24.7329 	EXP 	window1: mouseVisible = False
24.7490 	EXP 	demo_fixation: opacity = 1
24.7490 	EXP 	demo_fixation: pos = [0, 0]
24.7494 	EXP 	window1: mouseVisible = False
24.7658 	EXP 	demo_fixation: opacity = 1
24.7658 	EXP 	demo_fixation: pos = [0, 0]
24.7662 	EXP 	window1: mouseVisible = False
24.7824 	EXP 	demo_fixation: opacity = 1
24.7824 	EXP 	demo_fixation: pos = [0, 0]
24.7827 	EXP 	window1: mouseVisible = False
24.7991 	EXP 	demo_fixation: opacity = 1
24.7991 	EXP 	demo_fixation: pos = [0, 0]
24.7995 	EXP 	window1: mouseVisible = False
24.8157 	EXP 	demo_fixation: opacity = 1
24.8157 	EXP 	demo_fixation: pos = [0, 0]
24.8161 	EXP 	window1: mouseVisible = False
24.8324 	EXP 	demo_fixation: opacity = 1
24.8324 	EXP 	demo_fixation: pos = [0, 0]
24.8330 	EXP 	window1: mouseVisible = False
24.8490 	EXP 	demo_fixation: opacity = 1
24.8490 	EXP 	demo_fixation: pos = [0, 0]
24.8493 	EXP 	window1: mouseVisible = False
24.8657 	EXP 	demo_fixation: opacity = 1
24.8657 	EXP 	demo_fixation: pos = [0, 0]
24.8661 	EXP 	window1: mouseVisible = False
24.8829 	EXP 	demo_fixation: opacity = 1
24.8829 	EXP 	demo_fixation: pos = [0, 0]
24.8833 	EXP 	window1: mouseVisible = False
24.8989 	EXP 	demo_fixation: opacity = 1
24.8989 	EXP 	demo_fixation: pos = [0, 0]
24.8993 	EXP 	window1: mouseVisible = False
24.9156 	EXP 	demo_fixation: opacity = 1
24.9156 	EXP 	demo_fixation: pos = [0, 0]
24.9160 	EXP 	window1: mouseVisible = False
24.9322 	EXP 	demo_fixation: opacity = 1
24.9322 	EXP 	demo_fixation: pos = [0, 0]
24.9326 	EXP 	window1: mouseVisible = False
24.9490 	EXP 	demo_fixation: opacity = 1
24.9490 	EXP 	demo_fixation: pos = [0, 0]
24.9494 	EXP 	window1: mouseVisible = False
24.9657 	EXP 	demo_fixation: opacity = 1
24.9657 	EXP 	demo_fixation: pos = [0, 0]
24.9660 	EXP 	window1: mouseVisible = False
24.9824 	EXP 	demo_fixation: opacity = 1
24.9824 	EXP 	demo_fixation: pos = [0, 0]
24.9827 	EXP 	window1: mouseVisible = False
24.9988 	EXP 	demo_fixation: opacity = 1
24.9988 	EXP 	demo_fixation: pos = [0, 0]
24.9992 	EXP 	window1: mouseVisible = False
25.0156 	EXP 	demo_fixation: opacity = 1
25.0156 	EXP 	demo_fixation: pos = [0, 0]
25.0160 	EXP 	window1: mouseVisible = False
25.0323 	EXP 	demo_fixation: opacity = 1
25.0323 	EXP 	demo_fixation: pos = [0, 0]
25.0326 	EXP 	window1: mouseVisible = False
25.0489 	EXP 	demo_fixation: opacity = 1
25.0489 	EXP 	demo_fixation: pos = [0, 0]
25.0493 	EXP 	window1: mouseVisible = False
25.0656 	EXP 	demo_fixation: opacity = 1
25.0656 	EXP 	demo_fixation: pos = [0, 0]
25.0660 	EXP 	window1: mouseVisible = False
25.0821 	EXP 	demo_fixation: opacity = 1
25.0821 	EXP 	demo_fixation: pos = [0, 0]
25.0824 	EXP 	window1: mouseVisible = False
25.0987 	EXP 	demo_fixation: opacity = 1
25.0987 	EXP 	demo_fixation: pos = [0, 0]
25.0991 	EXP 	window1: mouseVisible = False
25.1154 	EXP 	demo_fixation: opacity = 1
25.1154 	EXP 	demo_fixation: pos = [0, 0]
25.1158 	EXP 	window1: mouseVisible = False
25.1321 	EXP 	demo_fixation: opacity = 1
25.1321 	EXP 	demo_fixation: pos = [0, 0]
25.1324 	EXP 	window1: mouseVisible = False
25.1489 	EXP 	demo_fixation: opacity = 1
25.1489 	EXP 	demo_fixation: pos = [0, 0]
25.1494 	EXP 	window1: mouseVisible = False
25.1657 	EXP 	demo_fixation: opacity = 1
25.1657 	EXP 	demo_fixation: pos = [0, 0]
25.1660 	EXP 	window1: mouseVisible = False
25.1822 	EXP 	demo_fixation: opacity = 1
25.1822 	EXP 	demo_fixation: pos = [0, 0]
25.1825 	EXP 	window1: mouseVisible = False
25.1987 	EXP 	demo_fixation: opacity = 1
25.1987 	EXP 	demo_fixation: pos = [0, 0]
25.1991 	EXP 	window1: mouseVisible = False
25.2154 	EXP 	demo_fixation: opacity = 1
25.2154 	EXP 	demo_fixation: pos = [0, 0]
25.2157 	EXP 	window1: mouseVisible = False
25.2319 	EXP 	demo_fixation: opacity = 1
25.2319 	EXP 	demo_fixation: pos = [0, 0]
25.2323 	EXP 	window1: mouseVisible = False
25.2486 	EXP 	demo_fixation: opacity = 1
25.2486 	EXP 	demo_fixation: pos = [0, 0]
25.2490 	EXP 	window1: mouseVisible = False
25.2653 	EXP 	demo_fixation: opacity = 1
25.2653 	EXP 	demo_fixation: pos = [0, 0]
25.2657 	EXP 	window1: mouseVisible = False
25.2819 	EXP 	demo_fixation: opacity = 1
25.2819 	EXP 	demo_fixation: pos = [0, 0]
25.2823 	EXP 	window1: mouseVisible = False
25.2986 	EXP 	demo_fixation: opacity = 1
25.2986 	EXP 	demo_fixation: pos = [0, 0]
25.2990 	EXP 	window1: mouseVisible = False
25.3154 	EXP 	demo_fixation: opacity = 1
25.3154 	EXP 	demo_fixation: pos = [0, 0]
25.3159 	EXP 	window1: mouseVisible = False
25.3318 	EXP 	demo_fixation: opacity = 1
25.3318 	EXP 	demo_fixation: pos = [0, 0]
25.3321 	EXP 	window1: mouseVisible = False
25.3486 	EXP 	demo_fixation: opacity = 1
25.3486 	EXP 	demo_fixation: pos = [0, 0]
25.3490 	EXP 	window1: mouseVisible = False
25.3653 	EXP 	demo_fixation: opacity = 1
25.3653 	EXP 	demo_fixation: pos = [0, 0]
25.3656 	EXP 	window1: mouseVisible = False
25.3819 	EXP 	demo_fixation: opacity = 1
25.3819 	EXP 	demo_fixation: pos = [0, 0]
25.3822 	EXP 	window1: mouseVisible = False
25.3986 	EXP 	demo_fixation: opacity = 1
25.3986 	EXP 	demo_fixation: pos = [0, 0]
25.3990 	EXP 	window1: mouseVisible = False
25.4154 	EXP 	demo_fixation: opacity = 1
25.4154 	EXP 	demo_fixation: pos = [0, 0]
25.4157 	EXP 	window1: mouseVisible = False
25.4319 	EXP 	demo_fixation: opacity = 1
25.4319 	EXP 	demo_fixation: pos = [0, 0]
25.4322 	EXP 	window1: mouseVisible = False
25.4485 	EXP 	demo_fixation: opacity = 1
25.4485 	EXP 	demo_fixation: pos = [0, 0]
25.4489 	EXP 	window1: mouseVisible = False
25.4653 	EXP 	demo_fixation: opacity = 1
25.4653 	EXP 	demo_fixation: pos = [0, 0]
25.4657 	EXP 	window1: mouseVisible = False
25.4818 	EXP 	demo_fixation: opacity = 1
25.4818 	EXP 	demo_fixation: pos = [0, 0]
25.4822 	EXP 	window1: mouseVisible = False
25.4983 	EXP 	demo_fixation: opacity = 1
25.4983 	EXP 	demo_fixation: pos = [0, 0]
25.4987 	EXP 	window1: mouseVisible = False
25.5152 	EXP 	demo_fixation: opacity = 1
25.5152 	EXP 	demo_fixation: pos = [0, 0]
25.5156 	EXP 	window1: mouseVisible = False
25.5317 	EXP 	demo_fixation: opacity = 1
25.5317 	EXP 	demo_fixation: pos = [0, 0]
25.5321 	EXP 	window1: mouseVisible = False
25.5483 	EXP 	demo_fixation: opacity = 1
25.5483 	EXP 	demo_fixation: pos = [0, 0]
25.5487 	EXP 	window1: mouseVisible = False
25.5650 	EXP 	demo_fixation: opacity = 1
25.5650 	EXP 	demo_fixation: pos = [0, 0]
25.5653 	EXP 	window1: mouseVisible = False
25.5816 	EXP 	demo_fixation: opacity = 1
25.5816 	EXP 	demo_fixation: pos = [0, 0]
25.5820 	EXP 	window1: mouseVisible = False
25.5984 	EXP 	demo_fixation: opacity = 1
25.5984 	EXP 	demo_fixation: pos = [0, 0]
25.5988 	EXP 	window1: mouseVisible = False
25.6151 	EXP 	demo_fixation: opacity = 1
25.6151 	EXP 	demo_fixation: pos = [0, 0]
25.6155 	EXP 	window1: mouseVisible = False
25.6316 	EXP 	demo_fixation: opacity = 1
25.6316 	EXP 	demo_fixation: pos = [0, 0]
25.6320 	EXP 	window1: mouseVisible = False
25.6484 	EXP 	demo_fixation: opacity = 1
25.6484 	EXP 	demo_fixation: pos = [0, 0]
25.6488 	EXP 	window1: mouseVisible = False
25.6649 	EXP 	demo_fixation: opacity = 1
25.6649 	EXP 	demo_fixation: pos = [0, 0]
25.6653 	EXP 	window1: mouseVisible = False
25.6816 	EXP 	demo_fixation: opacity = 1
25.6816 	EXP 	demo_fixation: pos = [0, 0]
25.6820 	EXP 	window1: mouseVisible = False
25.6983 	EXP 	demo_fixation: opacity = 1
25.6983 	EXP 	demo_fixation: pos = [0, 0]
25.6986 	EXP 	window1: mouseVisible = False
25.7148 	EXP 	demo_fixation: opacity = 1
25.7148 	EXP 	demo_fixation: pos = [0, 0]
25.7152 	EXP 	window1: mouseVisible = False
25.7316 	EXP 	demo_fixation: opacity = 1
25.7316 	EXP 	demo_fixation: pos = [0, 0]
25.7319 	EXP 	window1: mouseVisible = False
25.7482 	EXP 	demo_fixation: opacity = 1
25.7482 	EXP 	demo_fixation: pos = [0, 0]
25.7485 	EXP 	window1: mouseVisible = False
25.7648 	EXP 	demo_fixation: opacity = 1
25.7648 	EXP 	demo_fixation: pos = [0, 0]
25.7652 	EXP 	window1: mouseVisible = False
25.7813 	EXP 	demo_fixation: opacity = 1
25.7813 	EXP 	demo_fixation: pos = [0, 0]
25.7817 	EXP 	window1: mouseVisible = False
25.7982 	EXP 	demo_fixation: opacity = 1
25.7982 	EXP 	demo_fixation: pos = [0, 0]
25.7986 	EXP 	window1: mouseVisible = False
25.8147 	EXP 	demo_fixation: opacity = 1
25.8147 	EXP 	demo_fixation: pos = [0, 0]
25.8150 	EXP 	window1: mouseVisible = False
25.8316 	EXP 	demo_fixation: opacity = 1
25.8316 	EXP 	demo_fixation: pos = [0, 0]
25.8319 	EXP 	window1: mouseVisible = False
25.8480 	EXP 	demo_fixation: opacity = 1
25.8480 	EXP 	demo_fixation: pos = [0, 0]
25.8484 	EXP 	window1: mouseVisible = False
25.8647 	EXP 	demo_fixation: opacity = 1
25.8647 	EXP 	demo_fixation: pos = [0, 0]
25.8650 	EXP 	window1: mouseVisible = False
25.8814 	EXP 	demo_fixation: opacity = 1
25.8814 	EXP 	demo_fixation: pos = [0, 0]
25.8818 	EXP 	window1: mouseVisible = False
25.8981 	EXP 	demo_fixation: opacity = 1
25.8981 	EXP 	demo_fixation: pos = [0, 0]
25.8985 	EXP 	window1: mouseVisible = False
25.9146 	EXP 	demo_fixation: opacity = 1
25.9146 	EXP 	demo_fixation: pos = [0, 0]
25.9149 	EXP 	window1: mouseVisible = False
25.9317 	EXP 	demo_fixation: opacity = 1
25.9317 	EXP 	demo_fixation: pos = [0, 0]
25.9320 	EXP 	window1: mouseVisible = False
25.9480 	EXP 	demo_fixation: opacity = 1
25.9480 	EXP 	demo_fixation: pos = [0, 0]
25.9483 	EXP 	window1: mouseVisible = False
25.9648 	EXP 	demo_fixation: opacity = 1
25.9648 	EXP 	demo_fixation: pos = [0, 0]
25.9651 	EXP 	window1: mouseVisible = False
25.9813 	EXP 	demo_fixation: opacity = 1
25.9813 	EXP 	demo_fixation: pos = [0, 0]
25.9813 	EXP 	demo_target: autoDraw = True
25.9817 	EXP 	window1: mouseVisible = False
25.9979 	EXP 	demo_fixation: opacity = 1
25.9979 	EXP 	demo_fixation: pos = [0, 0]
25.9983 	EXP 	window1: mouseVisible = False
26.0146 	EXP 	demo_fixation: opacity = 1
26.0146 	EXP 	demo_fixation: pos = [0, 0]
26.0150 	EXP 	window1: mouseVisible = False
26.0313 	EXP 	demo_fixation: opacity = 1
26.0313 	EXP 	demo_fixation: pos = [0, 0]
26.0317 	EXP 	window1: mouseVisible = False
26.0479 	EXP 	demo_fixation: opacity = 1
26.0479 	EXP 	demo_fixation: pos = [0, 0]
26.0483 	EXP 	window1: mouseVisible = False
26.0647 	EXP 	demo_fixation: opacity = 1
26.0647 	EXP 	demo_fixation: pos = [0, 0]
26.0650 	EXP 	window1: mouseVisible = False
26.0816 	EXP 	demo_fixation: opacity = 1
26.0816 	EXP 	demo_fixation: pos = [0, 0]
26.0820 	EXP 	window1: mouseVisible = False
26.0978 	EXP 	demo_fixation: opacity = 1
26.0978 	EXP 	demo_fixation: pos = [0, 0]
26.0982 	EXP 	window1: mouseVisible = False
26.1145 	EXP 	demo_fixation: opacity = 1
26.1145 	EXP 	demo_fixation: pos = [0, 0]
26.1149 	EXP 	window1: mouseVisible = False
26.1311 	EXP 	demo_fixation: opacity = 1
26.1311 	EXP 	demo_fixation: pos = [0, 0]
26.1315 	EXP 	window1: mouseVisible = False
26.1478 	EXP 	demo_fixation: opacity = 1
26.1478 	EXP 	demo_fixation: pos = [0, 0]
26.1484 	EXP 	window1: mouseVisible = False
26.1644 	EXP 	demo_fixation: opacity = 1
26.1644 	EXP 	demo_fixation: pos = [0, 0]
26.1648 	EXP 	window1: mouseVisible = False
26.1812 	EXP 	demo_fixation: opacity = 1
26.1812 	EXP 	demo_fixation: pos = [0, 0]
26.1815 	EXP 	window1: mouseVisible = False
26.1978 	EXP 	demo_fixation: opacity = 1
26.1978 	EXP 	demo_fixation: pos = [0, 0]
26.1981 	EXP 	window1: mouseVisible = False
26.2144 	EXP 	demo_fixation: opacity = 1
26.2144 	EXP 	demo_fixation: pos = [0, 0]
26.2148 	EXP 	window1: mouseVisible = False
26.2313 	EXP 	demo_fixation: opacity = 1
26.2313 	EXP 	demo_fixation: pos = [0, 0]
26.2316 	EXP 	window1: mouseVisible = False
26.2477 	EXP 	demo_fixation: opacity = 1
26.2477 	EXP 	demo_fixation: pos = [0, 0]
26.2481 	EXP 	window1: mouseVisible = False
26.2644 	EXP 	demo_fixation: opacity = 1
26.2644 	EXP 	demo_fixation: pos = [0, 0]
26.2647 	EXP 	window1: mouseVisible = False
26.2817 	EXP 	demo_fixation: opacity = 1
26.2817 	EXP 	demo_fixation: pos = [0, 0]
26.2821 	EXP 	window1: mouseVisible = False
26.2976 	EXP 	demo_fixation: opacity = 1
26.2976 	EXP 	demo_fixation: pos = [0, 0]
26.2980 	EXP 	window1: mouseVisible = False
26.3144 	EXP 	demo_fixation: opacity = 1
26.3144 	EXP 	demo_fixation: pos = [0, 0]
26.3148 	EXP 	window1: mouseVisible = False
26.3310 	EXP 	demo_fixation: opacity = 1
26.3310 	EXP 	demo_fixation: pos = [0, 0]
26.3314 	EXP 	window1: mouseVisible = False
26.3476 	EXP 	demo_fixation: opacity = 1
26.3476 	EXP 	demo_fixation: pos = [0, 0]
26.3479 	EXP 	window1: mouseVisible = False
26.3643 	EXP 	demo_fixation: opacity = 1
26.3643 	EXP 	demo_fixation: pos = [0, 0]
26.3647 	EXP 	window1: mouseVisible = False
26.3815 	EXP 	demo_fixation: opacity = 1
26.3815 	EXP 	demo_fixation: pos = [0, 0]
26.3819 	EXP 	window1: mouseVisible = False
26.3975 	EXP 	demo_fixation: opacity = 1
26.3975 	EXP 	demo_fixation: pos = [0, 0]
26.3979 	EXP 	window1: mouseVisible = False
26.3997 	DATA 	Mouse: Left button down, pos=(960,540)
26.4142 	EXP 	demo_fixation: opacity = 0
26.4145 	EXP 	window1: mouseVisible = False
26.4309 	EXP 	demo_fixation: opacity = 0
26.4312 	EXP 	window1: mouseVisible = False
26.4475 	EXP 	demo_fixation: opacity = 0
26.4479 	EXP 	window1: mouseVisible = False
26.4642 	EXP 	demo_fixation: opacity = 0
26.4645 	EXP 	window1: mouseVisible = False
26.4815 	EXP 	demo_fixation: opacity = 0
26.4821 	EXP 	window1: mouseVisible = False
26.4983 	EXP 	demo_fixation: opacity = 0
26.4988 	EXP 	window1: mouseVisible = False
26.5143 	EXP 	demo_fixation: opacity = 0
26.5146 	EXP 	window1: mouseVisible = False
26.5306 	EXP 	demo_fixation: opacity = 0
26.5310 	EXP 	window1: mouseVisible = False
26.5474 	EXP 	demo_fixation: opacity = 0
26.5477 	EXP 	window1: mouseVisible = False
26.5640 	EXP 	demo_fixation: opacity = 0
26.5643 	EXP 	window1: mouseVisible = False
26.5806 	EXP 	demo_fixation: opacity = 0
26.5811 	EXP 	window1: mouseVisible = False
26.5974 	EXP 	demo_fixation: opacity = 0
26.5977 	EXP 	window1: mouseVisible = False
26.6142 	EXP 	demo_fixation: opacity = 0
26.6146 	EXP 	window1: mouseVisible = False
26.6306 	EXP 	demo_fixation: opacity = 0
26.6310 	EXP 	window1: mouseVisible = False
26.6474 	EXP 	demo_fixation: opacity = 0
26.6477 	EXP 	window1: mouseVisible = False
26.6640 	EXP 	demo_fixation: opacity = 0
26.6643 	EXP 	window1: mouseVisible = False
26.6806 	EXP 	demo_fixation: opacity = 0
26.6809 	EXP 	window1: mouseVisible = False
26.6972 	EXP 	demo_fixation: opacity = 0
26.6976 	EXP 	window1: mouseVisible = False
26.7140 	EXP 	demo_fixation: opacity = 0
26.7143 	EXP 	window1: mouseVisible = False
26.7308 	EXP 	demo_fixation: opacity = 0
26.7312 	EXP 	window1: mouseVisible = False
26.7472 	EXP 	demo_fixation: opacity = 0
26.7476 	EXP 	window1: mouseVisible = False
26.7639 	EXP 	demo_fixation: opacity = 0
26.7643 	EXP 	window1: mouseVisible = False
26.7805 	EXP 	demo_fixation: opacity = 0
26.7809 	EXP 	window1: mouseVisible = False
26.7972 	EXP 	demo_fixation: opacity = 0
26.7976 	EXP 	window1: mouseVisible = False
26.8137 	EXP 	demo_fixation: opacity = 0
26.8141 	EXP 	window1: mouseVisible = False
26.8305 	EXP 	demo_fixation: opacity = 0
26.8309 	EXP 	window1: mouseVisible = False
26.8471 	EXP 	demo_fixation: opacity = 0
26.8475 	EXP 	window1: mouseVisible = False
26.8639 	EXP 	demo_fixation: opacity = 0
26.8643 	EXP 	window1: mouseVisible = False
26.8805 	EXP 	demo_fixation: opacity = 0
26.8809 	EXP 	window1: mouseVisible = False
26.9070 	EXP 	demo_fixation: opacity = 0
26.9070 	EXP 	demo_fixation: pos = array([-0.32222222, -0.31018519])
26.9070 	EXP 	demo_fixation: opacity = 1
26.9070 	EXP 	demo_enclosing_1: autoDraw = False
26.9070 	EXP 	demo_enclosing: autoDraw = False
26.9070 	EXP 	demo_target: autoDraw = False
26.9070 	EXP 	demo_fixation: autoDraw = False
26.9070 	EXP 	demo_fixation: opacity = 1
26.9070 	EXP 	demo_target_feedback: pos = array([-0.3, -0.3])
26.9070 	EXP 	demo_fixation_feedback: pos = array([-0.32222222, -0.31018519])
26.9070 	EXP 	demo_enclosing_feedback_1: autoDraw = True
26.9070 	EXP 	demo_enclosing_feedback: autoDraw = True
26.9070 	EXP 	demo_target_feedback: autoDraw = True
26.9070 	EXP 	demo_fixation_feedback: autoDraw = True
27.1852 	DATA 	Mouse:  Left button up, pos=(586,171)
27.4001 	EXP 	New trial (rep=1, index=0): None
27.4133 	EXP 	demo_enclosing_feedback_1: autoDraw = False
27.4133 	EXP 	demo_enclosing_feedback: autoDraw = False
27.4133 	EXP 	demo_target_feedback: autoDraw = False
27.4133 	EXP 	demo_fixation_feedback: autoDraw = False
27.4133 	EXP 	text: autoDraw = True
27.9137 	DATA 	Keypress: escape
28.2174 	EXP 	window1: mouseVisible = True
