1.6390 	WARNING 	We strongly recommend you activate the PTB sound engine in PsychoPy prefs as the preferred audio engine. Its timing is vastly superior. Your prefs are currently set to use ['sounddevice', 'PTB', 'pyo', 'pygame'] (in that order).
11.9680 	EXP 	Created window1 = Window(allowGUI=False, allowStencil=False, args=UNKNOWN, autoLog=True, bitsMode=UNKNOWN, blendMode='avg', bpc=(8, 8, 8), color=array([0., 0., 0.]), colorSpace='rgb', depthBits=8, fullscr=<method-wrapper '__getattribute__' of attributeSetter object at 0x000001B7F9272D68>, gamma=None, gammaErrorPolicy='raise', kwargs=UNKNOWN, lms=UNKNOWN, monitor=<psychopy.monitors.calibTools.Monitor object at 0x000001B7F8F27DA0>, multiSample=False, name='window1', numSamples=2, pos=[0.0, 0.0], screen=0, size=array([1920, 1080]), stencilBits=0, stereo=False, units='height', useFBO=True, useRetina=False, viewOri=0.0, viewPos=None, viewScale=None, waitBlanking=True, winType='pyglet')
11.9688 	EXP 	window1: mouseVisible = True
11.9689 	EXP 	window1: recordFrameIntervals = False
12.1344 	EXP 	window1: recordFrameIntervals = True
12.3157 	EXP 	window1: recordFrameIntervals = False
12.6550 	EXP 	Created Welcome = TextStim(__class__=<class 'psychopy.visual.text.TextStim'>, alignHoriz=method-wrapper(...), alignText='center', alignVert=method-wrapper(...), anchorHoriz='center', anchorVert='center', antialias=True, autoLog=True, bold=False, color='white', colorSpace='named', contrast=1.0, depth=0.0, flipHoriz=False, flipVert=False, font='Arial', fontFiles=[], height=0.04, italic=False, languageStyle='LTR', name='Welcome', opacity=1.0, ori=0, pos=array([0., 0.]), rgb=array([255., 255., 255.]), text=str(...), units='height', win=Window(...), wrapWidth=1)
12.6551 	EXP 	window1: mouseVisible = True
12.6659 	EXP 	Created text = TextStim(__class__=<class 'psychopy.visual.text.TextStim'>, alignHoriz=method-wrapper(...), alignText='center', alignVert=method-wrapper(...), anchorHoriz='center', anchorVert='center', antialias=True, autoLog=True, bold=False, color='white', colorSpace='named', contrast=1.0, depth=0.0, flipHoriz=False, flipVert=False, font='Arial', fontFiles=[], height=0.04, italic=False, languageStyle='LTR', name='text', opacity=1.0, ori=0, pos=array([0., 0.]), rgb=array([255., 255., 255.]), text=str(...), units='height', win=Window(...), wrapWidth=1)
12.6660 	EXP 	window1: mouseVisible = True
12.6733 	EXP 	Created demo_enclosing_1 = Polygon(__class__=<class 'psychopy.visual.polygon.Polygon'>, autoDraw=False, autoLog=True, closeShape=True, color=method-wrapper(...), colorSpace=None, contrast=1.0, depth=-1.0, fillColor=array([0., 0., 0.]), fillColorSpace='rgb', fillRGB=array([0., 0., 0.]), interpolate=True, lineColor=array([-1., -1., -1.]), lineColorSpace='rgb', lineRGB=array([-1., -1., -1.]), lineWidth=1, name='demo_enclosing_1', opacity=1.0, ori=array(0.), pos=array([0., 0.]), size=array([0.9, 0.9]), units='height', vertices=ndarray(...), win=Window(...))
12.6789 	EXP 	Created demo_enclosing = Polygon(__class__=<class 'psychopy.visual.polygon.Polygon'>, autoDraw=False, autoLog=True, closeShape=True, color=method-wrapper(...), colorSpace=None, contrast=1.0, depth=-2.0, fillColor=array([0., 0., 0.]), fillColorSpace='rgb', fillRGB=array([0., 0., 0.]), interpolate=True, lineColor=array([-1., -1., -1.]), lineColorSpace='rgb', lineRGB=array([-1., -1., -1.]), lineWidth=1, name='demo_enclosing', opacity=1.0, ori=array(0.), pos=array([0., 0.]), size=array([0.8, 0.8]), units='height', vertices=ndarray(...), win=Window(...))
12.6816 	EXP 	Created demo_target = ShapeStim(__class__=<class 'psychopy.visual.shape.ShapeStim'>, autoDraw=False, autoLog=True, closeShape=True, contrast=1.0, depth=-3.0, fillColor=array([1., 1., 1.]), fillColorSpace='rgb', interpolate=True, lineColor=array([1., 1., 1.]), lineColorSpace='rgb', lineWidth=1, name='demo_target', opacity=1.0, ori=array(45.), pos=array([0., 0.]), size=array([0.05, 0.05]), units='height', vertices=ndarray(...), win=Window(...), windingRule=None)
12.6856 	EXP 	Created demo_fixation = Polygon(__class__=<class 'psychopy.visual.polygon.Polygon'>, autoDraw=False, autoLog=True, closeShape=True, color=method-wrapper(...), colorSpace=None, contrast=1.0, depth=-4.0, fillColor=array([1., 0., 0.]), fillColorSpace='rgb', fillRGB=array([1., 0., 0.]), interpolate=True, lineColor=array([1., 0., 0.]), lineColorSpace='rgb', lineRGB=array([1., 0., 0.]), lineWidth=1, name='demo_fixation', opacity=1.0, ori=array(0.), pos=array([0., 0.]), size=array([0.025, 0.025]), units='height', vertices=ndarray(...), win=Window(...))
12.6857 	EXP 	window1: mouseVisible = True
12.6932 	EXP 	Created demo_enclosing_feedback_1 = Polygon(__class__=<class 'psychopy.visual.polygon.Polygon'>, autoDraw=False, autoLog=True, closeShape=True, color=method-wrapper(...), colorSpace=None, contrast=1.0, depth=0.0, fillColor=array([0., 0., 0.]), fillColorSpace='rgb', fillRGB=array([0., 0., 0.]), interpolate=True, lineColor=array([-1., -1., -1.]), lineColorSpace='rgb', lineRGB=array([-1., -1., -1.]), lineWidth=1, name='demo_enclosing_feedback_1', opacity=1.0, ori=array(0.), pos=array([0., 0.]), size=array([0.9, 0.9]), units='height', vertices=ndarray(...), win=Window(...))
12.6982 	EXP 	Created demo_enclosing_feedback = Polygon(__class__=<class 'psychopy.visual.polygon.Polygon'>, autoDraw=False, autoLog=True, closeShape=True, color=method-wrapper(...), colorSpace=None, contrast=1.0, depth=-1.0, fillColor=array([0., 0., 0.]), fillColorSpace='rgb', fillRGB=array([0., 0., 0.]), interpolate=True, lineColor=array([-1., -1., -1.]), lineColorSpace='rgb', lineRGB=array([-1., -1., -1.]), lineWidth=1, name='demo_enclosing_feedback', opacity=1.0, ori=array(0.), pos=array([0., 0.]), size=array([0.8, 0.8]), units='height', vertices=ndarray(...), win=Window(...))
12.7010 	EXP 	Created demo_target_feedback = ShapeStim(__class__=<class 'psychopy.visual.shape.ShapeStim'>, autoDraw=False, autoLog=True, closeShape=True, contrast=1.0, depth=-2.0, fillColor=array([1., 1., 1.]), fillColorSpace='rgb', interpolate=True, lineColor=array([1., 1., 1.]), lineColorSpace='rgb', lineWidth=1, name='demo_target_feedback', opacity=1.0, ori=array(45.), pos=array([0., 0.]), size=array([0.05, 0.05]), units='height', vertices=ndarray(...), win=Window(...), windingRule=None)
12.7058 	EXP 	Created demo_fixation_feedback = Polygon(__class__=<class 'psychopy.visual.polygon.Polygon'>, autoDraw=False, autoLog=True, closeShape=True, color=method-wrapper(...), colorSpace=None, contrast=1.0, depth=-3.0, fillColor=array([1., 0., 0.]), fillColorSpace='rgb', fillRGB=array([1., 0., 0.]), interpolate=True, lineColor=array([1., 0., 0.]), lineColorSpace='rgb', lineRGB=array([1., 0., 0.]), lineWidth=1, name='demo_fixation_feedback', opacity=1.0, ori=array(0.), pos=array([0., 0.]), size=array([0.025, 0.025]), units='height', vertices=ndarray(...), win=Window(...))
12.7122 	EXP 	Created text_4 = TextStim(__class__=<class 'psychopy.visual.text.TextStim'>, alignHoriz=method-wrapper(...), alignText='center', alignVert=method-wrapper(...), anchorHoriz='center', anchorVert='center', antialias=True, autoLog=True, bold=False, color='green', colorSpace='named', contrast=1.0, depth=-5.0, flipHoriz=False, flipVert=False, font='Arial', fontFiles=[], height=0.04, italic=False, languageStyle='LTR', name='text_4', opacity=1.0, ori=0, pos=array([0.4, 0.4]), rgb=array([  0., 128.,   0.]), text='default text', units='height', win=Window(...), wrapWidth=1)
12.7271 	EXP 	Created text_3 = TextStim(__class__=<class 'psychopy.visual.text.TextStim'>, alignHoriz=method-wrapper(...), alignText='center', alignVert=method-wrapper(...), anchorHoriz='center', anchorVert='center', antialias=True, autoLog=True, bold=False, color='white', colorSpace='named', contrast=1.0, depth=0.0, flipHoriz=False, flipVert=False, font='Arial', fontFiles=[], height=0.04, italic=False, languageStyle='LTR', name='text_3', opacity=1.0, ori=0, pos=array([0., 0.]), rgb=array([255., 255., 255.]), text=str(...), units='height', win=Window(...), wrapWidth=1)
12.7272 	EXP 	window1: mouseVisible = True
12.7295 	EXP 	Created baseline_target = ShapeStim(__class__=<class 'psychopy.visual.shape.ShapeStim'>, autoDraw=False, autoLog=True, closeShape=True, contrast=1.0, depth=0.0, fillColor=array([1., 1., 1.]), fillColorSpace='rgb', interpolate=True, lineColor=array([1., 1., 1.]), lineColorSpace='rgb', lineWidth=1, name='baseline_target', opacity=1.0, ori=array(45.), pos=array([0., 0.]), size=array([0.05, 0.05]), units='height', vertices=ndarray(...), win=Window(...), windingRule=None)
12.7325 	EXP 	Created baseline_fixation = Polygon(__class__=<class 'psychopy.visual.polygon.Polygon'>, autoDraw=False, autoLog=True, closeShape=True, color=method-wrapper(...), colorSpace=None, contrast=1.0, depth=-1.0, fillColor=array([1., 0., 0.]), fillColorSpace='rgb', fillRGB=array([1., 0., 0.]), interpolate=True, lineColor=array([1., 0., 0.]), lineColorSpace='rgb', lineRGB=array([1., 0., 0.]), lineWidth=1, name='baseline_fixation', opacity=1.0, ori=array(0.), pos=array([0., 0.]), size=array([0.025, 0.025]), units='height', vertices=ndarray(...), win=Window(...))
12.7326 	EXP 	window1: mouseVisible = True
12.7346 	EXP 	Created baseline_target_feedback = ShapeStim(__class__=<class 'psychopy.visual.shape.ShapeStim'>, autoDraw=False, autoLog=True, closeShape=True, contrast=1.0, depth=0.0, fillColor=array([1., 1., 1.]), fillColorSpace='rgb', interpolate=True, lineColor=array([1., 1., 1.]), lineColorSpace='rgb', lineWidth=1, name='baseline_target_feedback', opacity=1.0, ori=array(45.), pos=array([0., 0.]), size=array([0.05, 0.05]), units='height', vertices=ndarray(...), win=Window(...), windingRule=None)
12.7377 	EXP 	Created baseline_fixation_feedback = Polygon(__class__=<class 'psychopy.visual.polygon.Polygon'>, autoDraw=False, autoLog=True, closeShape=True, color=method-wrapper(...), colorSpace=None, contrast=1.0, depth=-1.0, fillColor=array([1., 0., 0.]), fillColorSpace='rgb', fillRGB=array([1., 0., 0.]), interpolate=True, lineColor=array([1., 0., 0.]), lineColorSpace='rgb', lineRGB=array([1., 0., 0.]), lineWidth=1, name='baseline_fixation_feedback', opacity=1.0, ori=array(0.), pos=array([0., 0.]), size=array([0.025, 0.025]), units='height', vertices=ndarray(...), win=Window(...))
12.7591 	EXP 	Created text_2 = TextStim(__class__=<class 'psychopy.visual.text.TextStim'>, alignHoriz=method-wrapper(...), alignText='center', alignVert=method-wrapper(...), anchorHoriz='center', anchorVert='center', antialias=True, autoLog=True, bold=False, color='white', colorSpace='named', contrast=1.0, depth=0.0, flipHoriz=False, flipVert=False, font='Arial', fontFiles=[], height=0.04, italic=False, languageStyle='LTR', name='text_2', opacity=1.0, ori=0, pos=array([0., 0.]), rgb=array([255., 255., 255.]), text=str(...), units='height', win=Window(...), wrapWidth=1)
12.7593 	EXP 	window1: mouseVisible = True
12.7620 	EXP 	Created rotated_target = ShapeStim(__class__=<class 'psychopy.visual.shape.ShapeStim'>, autoDraw=False, autoLog=True, closeShape=True, contrast=1.0, depth=0.0, fillColor=array([1., 1., 1.]), fillColorSpace='rgb', interpolate=True, lineColor=array([1., 1., 1.]), lineColorSpace='rgb', lineWidth=1, name='rotated_target', opacity=1.0, ori=array(45.), pos=array([0., 0.]), size=array([0.05, 0.05]), units='height', vertices=ndarray(...), win=Window(...), windingRule=None)
12.7680 	EXP 	Created rotated_fixation = Polygon(__class__=<class 'psychopy.visual.polygon.Polygon'>, autoDraw=False, autoLog=True, closeShape=True, color=method-wrapper(...), colorSpace=None, contrast=1.0, depth=-1.0, fillColor=array([1., 0., 0.]), fillColorSpace='rgb', fillRGB=array([1., 0., 0.]), interpolate=True, lineColor=array([1., 0., 0.]), lineColorSpace='rgb', lineRGB=array([1., 0., 0.]), lineWidth=1, name='rotated_fixation', opacity=1.0, ori=array(0.), pos=array([0., 0.]), size=array([0.025, 0.025]), units='height', vertices=ndarray(...), win=Window(...))
12.7681 	EXP 	window1: mouseVisible = True
12.7716 	EXP 	Created rotated_target_feedback = ShapeStim(__class__=<class 'psychopy.visual.shape.ShapeStim'>, autoDraw=False, autoLog=True, closeShape=True, contrast=1.0, depth=0.0, fillColor=array([1., 1., 1.]), fillColorSpace='rgb', interpolate=True, lineColor=array([1., 1., 1.]), lineColorSpace='rgb', lineWidth=1, name='rotated_target_feedback', opacity=1.0, ori=array(45.), pos=array([0., 0.]), size=array([0.05, 0.05]), units='height', vertices=ndarray(...), win=Window(...), windingRule=None)
12.7763 	EXP 	Created rotated_fixation_feedback = Polygon(__class__=<class 'psychopy.visual.polygon.Polygon'>, autoDraw=False, autoLog=True, closeShape=True, color=method-wrapper(...), colorSpace=None, contrast=1.0, depth=-1.0, fillColor=array([1., 0., 0.]), fillColorSpace='rgb', fillRGB=array([1., 0., 0.]), interpolate=True, lineColor=array([1., 0., 0.]), lineColorSpace='rgb', lineRGB=array([1., 0., 0.]), lineWidth=1, name='rotated_fixation_feedback', opacity=1.0, ori=array(0.), pos=array([0., 0.]), size=array([0.025, 0.025]), units='height', vertices=ndarray(...), win=Window(...))
12.8004 	EXP 	Created rotated_breaks = TextStim(__class__=<class 'psychopy.visual.text.TextStim'>, alignHoriz=method-wrapper(...), alignText='center', alignVert=method-wrapper(...), anchorHoriz='center', anchorVert='center', antialias=True, autoLog=True, bold=False, color='white', colorSpace='named', contrast=1.0, depth=0.0, flipHoriz=False, flipVert=False, font='Arial', fontFiles=[], height=0.04, italic=False, languageStyle='LTR', name='rotated_breaks', opacity=1.0, ori=0, pos=array([0., 0.]), rgb=array([255., 255., 255.]), text=str(...), units='height', win=Window(...), wrapWidth=1)
12.8005 	EXP 	window1: mouseVisible = True
12.8028 	EXP 	Created transfer_target = ShapeStim(__class__=<class 'psychopy.visual.shape.ShapeStim'>, autoDraw=False, autoLog=True, closeShape=True, contrast=1.0, depth=0.0, fillColor=array([1., 1., 1.]), fillColorSpace='rgb', interpolate=True, lineColor=array([1., 1., 1.]), lineColorSpace='rgb', lineWidth=1, name='transfer_target', opacity=1.0, ori=array(45.), pos=array([0., 0.]), size=array([0.05, 0.05]), units='height', vertices=ndarray(...), win=Window(...), windingRule=None)
12.8060 	EXP 	Created transfer_fixation = Polygon(__class__=<class 'psychopy.visual.polygon.Polygon'>, autoDraw=False, autoLog=True, closeShape=True, color=method-wrapper(...), colorSpace=None, contrast=1.0, depth=-1.0, fillColor=array([1., 0., 0.]), fillColorSpace='rgb', fillRGB=array([1., 0., 0.]), interpolate=True, lineColor=array([1., 0., 0.]), lineColorSpace='rgb', lineRGB=array([1., 0., 0.]), lineWidth=1, name='transfer_fixation', opacity=1.0, ori=array(0.), pos=array([0., 0.]), size=array([0.025, 0.025]), units='height', vertices=ndarray(...), win=Window(...))
12.8061 	EXP 	window1: mouseVisible = True
12.8082 	EXP 	Created transfer_target_feedback = ShapeStim(__class__=<class 'psychopy.visual.shape.ShapeStim'>, autoDraw=False, autoLog=True, closeShape=True, contrast=1.0, depth=0.0, fillColor=array([1., 1., 1.]), fillColorSpace='rgb', interpolate=True, lineColor=array([1., 1., 1.]), lineColorSpace='rgb', lineWidth=1, name='transfer_target_feedback', opacity=1.0, ori=array(45.), pos=array([0., 0.]), size=array([0.05, 0.05]), units='height', vertices=ndarray(...), win=Window(...), windingRule=None)
12.8132 	EXP 	Created transfer_fixation_feedback = Polygon(__class__=<class 'psychopy.visual.polygon.Polygon'>, autoDraw=False, autoLog=True, closeShape=True, color=method-wrapper(...), colorSpace=None, contrast=1.0, depth=-1.0, fillColor=array([1., 0., 0.]), fillColorSpace='rgb', fillRGB=array([1., 0., 0.]), interpolate=True, lineColor=array([1., 0., 0.]), lineColorSpace='rgb', lineRGB=array([1., 0., 0.]), lineWidth=1, name='transfer_fixation_feedback', opacity=1.0, ori=array(0.), pos=array([0., 0.]), size=array([0.025, 0.025]), units='height', vertices=ndarray(...), win=Window(...))
12.8231 	EXP 	Created done_text = TextStim(__class__=<class 'psychopy.visual.text.TextStim'>, alignHoriz=method-wrapper(...), alignText='center', alignVert=method-wrapper(...), anchorHoriz='center', anchorVert='center', antialias=True, autoLog=True, bold=False, color='white', colorSpace='named', contrast=1.0, depth=0.0, flipHoriz=False, flipVert=False, font='Arial', fontFiles=[], height=0.04, italic=False, languageStyle='LTR', name='done_text', opacity=1.0, ori=0, pos=array([0., 0.]), rgb=array([255., 255., 255.]), text=str(...), units='height', win=Window(...), wrapWidth=1)
12.8232 	EXP 	window1: mouseVisible = True
12.8591 	EXP 	Welcome: autoDraw = True
13.4846 	DATA 	Mouse: Left button down, pos=(850,622)
13.4884 	EXP 	Created sequence: random, trialTypes=1, nReps=2, seed=None
13.4892 	EXP 	New trial (rep=0, index=0): None
13.4996 	EXP 	Welcome: autoDraw = False
13.4996 	EXP 	text: autoDraw = True
13.6202 	DATA 	Mouse:  Left button up, pos=(850,622)
14.4324 	DATA 	Mouse: Left button down, pos=(850,622)
14.5344 	EXP 	Imported conditions_demo.xlsx as conditions, 4 conditions, 3 params
14.5349 	EXP 	Created sequence: random, trialTypes=4, nReps=1, seed=None
14.5354 	EXP 	New trial (rep=0, index=0): OrderedDict([('target_x', 0.3), ('target_y', -0.3), ('rotation', 0)])
14.5364 	EXP 	window1: mouseVisible = False
14.5505 	EXP 	text: autoDraw = False
14.5505 	EXP 	demo_fixation: opacity = 1
14.5505 	EXP 	demo_fixation: pos = [0, 0]
14.5505 	EXP 	demo_target: pos = array([ 0.3, -0.3])
14.5505 	EXP 	demo_fixation: pos = array([0., 0.])
14.5505 	EXP 	demo_fixation: opacity = 0
14.5505 	EXP 	demo_enclosing_1: autoDraw = True
14.5505 	EXP 	demo_enclosing: autoDraw = True
14.5505 	EXP 	demo_fixation: autoDraw = True
14.5508 	EXP 	window1: mouseVisible = False
14.5513 	DATA 	Mouse:  Left button up, pos=(850,622)
14.5627 	EXP 	demo_fixation: opacity = 1
14.5627 	EXP 	demo_fixation: pos = [0, 0]
14.5629 	EXP 	window1: mouseVisible = False
14.5794 	EXP 	demo_fixation: opacity = 1
14.5794 	EXP 	demo_fixation: pos = [0, 0]
14.5796 	EXP 	window1: mouseVisible = False
14.5961 	EXP 	demo_fixation: opacity = 1
14.5961 	EXP 	demo_fixation: pos = [0, 0]
14.5964 	EXP 	window1: mouseVisible = False
14.6134 	EXP 	demo_fixation: opacity = 1
14.6134 	EXP 	demo_fixation: pos = [0, 0]
14.6138 	EXP 	window1: mouseVisible = False
14.6293 	EXP 	demo_fixation: opacity = 1
14.6293 	EXP 	demo_fixation: pos = [0, 0]
14.6296 	EXP 	window1: mouseVisible = False
14.6469 	EXP 	demo_fixation: opacity = 1
14.6469 	EXP 	demo_fixation: pos = [0, 0]
14.6472 	EXP 	window1: mouseVisible = False
14.6636 	EXP 	demo_fixation: opacity = 1
14.6636 	EXP 	demo_fixation: pos = [0, 0]
14.6642 	EXP 	window1: mouseVisible = False
14.6803 	EXP 	demo_fixation: opacity = 1
14.6803 	EXP 	demo_fixation: pos = [0, 0]
14.6807 	EXP 	window1: mouseVisible = False
14.6971 	EXP 	demo_fixation: opacity = 1
14.6971 	EXP 	demo_fixation: pos = [0, 0]
14.6974 	EXP 	window1: mouseVisible = False
14.7136 	EXP 	demo_fixation: opacity = 1
14.7136 	EXP 	demo_fixation: pos = [0, 0]
14.7139 	EXP 	window1: mouseVisible = False
14.7302 	EXP 	demo_fixation: opacity = 1
14.7302 	EXP 	demo_fixation: pos = [0, 0]
14.7306 	EXP 	window1: mouseVisible = False
14.7468 	EXP 	demo_fixation: opacity = 1
14.7468 	EXP 	demo_fixation: pos = [0, 0]
14.7472 	EXP 	window1: mouseVisible = False
14.7635 	EXP 	demo_fixation: opacity = 1
14.7635 	EXP 	demo_fixation: pos = [0, 0]
14.7638 	EXP 	window1: mouseVisible = False
14.7801 	EXP 	demo_fixation: opacity = 1
14.7801 	EXP 	demo_fixation: pos = [0, 0]
14.7805 	EXP 	window1: mouseVisible = False
14.7968 	EXP 	demo_fixation: opacity = 1
14.7968 	EXP 	demo_fixation: pos = [0, 0]
14.7971 	EXP 	window1: mouseVisible = False
14.8136 	EXP 	demo_fixation: opacity = 1
14.8136 	EXP 	demo_fixation: pos = [0, 0]
14.8140 	EXP 	window1: mouseVisible = False
14.8303 	EXP 	demo_fixation: opacity = 1
14.8303 	EXP 	demo_fixation: pos = [0, 0]
14.8306 	EXP 	window1: mouseVisible = False
14.8467 	EXP 	demo_fixation: opacity = 1
14.8467 	EXP 	demo_fixation: pos = [0, 0]
14.8471 	EXP 	window1: mouseVisible = False
14.8634 	EXP 	demo_fixation: opacity = 1
14.8634 	EXP 	demo_fixation: pos = [0, 0]
14.8637 	EXP 	window1: mouseVisible = False
14.8800 	EXP 	demo_fixation: opacity = 1
14.8800 	EXP 	demo_fixation: pos = [0, 0]
14.8804 	EXP 	window1: mouseVisible = False
14.8968 	EXP 	demo_fixation: opacity = 1
14.8968 	EXP 	demo_fixation: pos = [0, 0]
14.8972 	EXP 	window1: mouseVisible = False
14.9133 	EXP 	demo_fixation: opacity = 1
14.9133 	EXP 	demo_fixation: pos = [0, 0]
14.9138 	EXP 	window1: mouseVisible = False
14.9300 	EXP 	demo_fixation: opacity = 1
14.9300 	EXP 	demo_fixation: pos = [0, 0]
14.9304 	EXP 	window1: mouseVisible = False
14.9466 	EXP 	demo_fixation: opacity = 1
14.9466 	EXP 	demo_fixation: pos = [0, 0]
14.9470 	EXP 	window1: mouseVisible = False
14.9643 	EXP 	demo_fixation: opacity = 1
14.9643 	EXP 	demo_fixation: pos = [0, 0]
14.9647 	EXP 	window1: mouseVisible = False
14.9800 	EXP 	demo_fixation: opacity = 1
14.9800 	EXP 	demo_fixation: pos = [0, 0]
14.9804 	EXP 	window1: mouseVisible = False
14.9966 	EXP 	demo_fixation: opacity = 1
14.9966 	EXP 	demo_fixation: pos = [0, 0]
14.9969 	EXP 	window1: mouseVisible = False
15.0134 	EXP 	demo_fixation: opacity = 1
15.0134 	EXP 	demo_fixation: pos = [0, 0]
15.0138 	EXP 	window1: mouseVisible = False
15.0298 	EXP 	demo_fixation: opacity = 1
15.0298 	EXP 	demo_fixation: pos = [0, 0]
15.0302 	EXP 	window1: mouseVisible = False
15.0465 	EXP 	demo_fixation: opacity = 1
15.0465 	EXP 	demo_fixation: pos = [0, 0]
15.0469 	EXP 	window1: mouseVisible = False
15.0632 	EXP 	demo_fixation: opacity = 1
15.0632 	EXP 	demo_fixation: pos = [0, 0]
15.0635 	EXP 	window1: mouseVisible = False
15.0799 	EXP 	demo_fixation: opacity = 1
15.0799 	EXP 	demo_fixation: pos = [0, 0]
15.0802 	EXP 	window1: mouseVisible = False
15.0966 	EXP 	demo_fixation: opacity = 1
15.0966 	EXP 	demo_fixation: pos = [0, 0]
15.0969 	EXP 	window1: mouseVisible = False
15.1131 	EXP 	demo_fixation: opacity = 1
15.1131 	EXP 	demo_fixation: pos = [0, 0]
15.1134 	EXP 	window1: mouseVisible = False
15.1299 	EXP 	demo_fixation: opacity = 1
15.1299 	EXP 	demo_fixation: pos = [0, 0]
15.1303 	EXP 	window1: mouseVisible = False
15.1465 	EXP 	demo_fixation: opacity = 1
15.1465 	EXP 	demo_fixation: pos = [0, 0]
15.1468 	EXP 	window1: mouseVisible = False
15.1633 	EXP 	demo_fixation: opacity = 1
15.1633 	EXP 	demo_fixation: pos = [0, 0]
15.1637 	EXP 	window1: mouseVisible = False
15.1803 	EXP 	demo_fixation: opacity = 1
15.1803 	EXP 	demo_fixation: pos = [0, 0]
15.1806 	EXP 	window1: mouseVisible = False
15.1964 	EXP 	demo_fixation: opacity = 1
15.1964 	EXP 	demo_fixation: pos = [0, 0]
15.1967 	EXP 	window1: mouseVisible = False
15.2131 	EXP 	demo_fixation: opacity = 1
15.2131 	EXP 	demo_fixation: pos = [0, 0]
15.2135 	EXP 	window1: mouseVisible = False
15.2297 	EXP 	demo_fixation: opacity = 1
15.2297 	EXP 	demo_fixation: pos = [0, 0]
15.2301 	EXP 	window1: mouseVisible = False
15.2464 	EXP 	demo_fixation: opacity = 1
15.2464 	EXP 	demo_fixation: pos = [0, 0]
15.2468 	EXP 	window1: mouseVisible = False
15.2630 	EXP 	demo_fixation: opacity = 1
15.2630 	EXP 	demo_fixation: pos = [0, 0]
15.2630 	EXP 	demo_target: autoDraw = True
15.2634 	EXP 	window1: mouseVisible = False
15.2798 	EXP 	demo_fixation: opacity = 1
15.2798 	EXP 	demo_fixation: pos = [0, 0]
15.2801 	EXP 	window1: mouseVisible = False
15.2964 	EXP 	demo_fixation: opacity = 1
15.2964 	EXP 	demo_fixation: pos = [0, 0]
15.2968 	EXP 	window1: mouseVisible = False
15.3134 	EXP 	demo_fixation: opacity = 1
15.3134 	EXP 	demo_fixation: pos = [0, 0]
15.3137 	EXP 	window1: mouseVisible = False
15.3296 	EXP 	demo_fixation: opacity = 1
15.3296 	EXP 	demo_fixation: pos = [0, 0]
15.3300 	EXP 	window1: mouseVisible = False
15.3464 	EXP 	demo_fixation: opacity = 1
15.3464 	EXP 	demo_fixation: pos = [0, 0]
15.3467 	EXP 	window1: mouseVisible = False
15.3631 	EXP 	demo_fixation: opacity = 1
15.3631 	EXP 	demo_fixation: pos = [0, 0]
15.3636 	EXP 	window1: mouseVisible = False
15.3797 	EXP 	demo_fixation: opacity = 1
15.3797 	EXP 	demo_fixation: pos = [0, 0]
15.3800 	EXP 	window1: mouseVisible = False
15.3963 	EXP 	demo_fixation: opacity = 1
15.3963 	EXP 	demo_fixation: pos = [0, 0]
15.3967 	EXP 	window1: mouseVisible = False
15.4130 	EXP 	demo_fixation: opacity = 1
15.4130 	EXP 	demo_fixation: pos = [0, 0]
15.4133 	EXP 	window1: mouseVisible = False
15.4296 	EXP 	demo_fixation: opacity = 1
15.4296 	EXP 	demo_fixation: pos = [0, 0]
15.4299 	EXP 	window1: mouseVisible = False
15.4463 	EXP 	demo_fixation: opacity = 1
15.4463 	EXP 	demo_fixation: pos = [0, 0]
15.4467 	EXP 	window1: mouseVisible = False
15.4629 	EXP 	demo_fixation: opacity = 1
15.4629 	EXP 	demo_fixation: pos = [0, 0]
15.4632 	EXP 	window1: mouseVisible = False
15.4796 	EXP 	demo_fixation: opacity = 1
15.4796 	EXP 	demo_fixation: pos = [0, 0]
15.4799 	EXP 	window1: mouseVisible = False
15.4967 	EXP 	demo_fixation: opacity = 1
15.4967 	EXP 	demo_fixation: pos = [0, 0]
15.4970 	EXP 	window1: mouseVisible = False
15.5130 	EXP 	demo_fixation: opacity = 1
15.5130 	EXP 	demo_fixation: pos = [0, 0]
15.5133 	EXP 	window1: mouseVisible = False
15.5295 	EXP 	demo_fixation: opacity = 1
15.5295 	EXP 	demo_fixation: pos = [0, 0]
15.5299 	EXP 	window1: mouseVisible = False
15.5461 	EXP 	demo_fixation: opacity = 1
15.5461 	EXP 	demo_fixation: pos = [0, 0]
15.5465 	EXP 	window1: mouseVisible = False
15.5626 	EXP 	demo_fixation: opacity = 1
15.5626 	EXP 	demo_fixation: pos = [0, 0]
15.5630 	EXP 	window1: mouseVisible = False
15.5795 	EXP 	demo_fixation: opacity = 1
15.5795 	EXP 	demo_fixation: pos = [0, 0]
15.5799 	EXP 	window1: mouseVisible = False
15.5962 	EXP 	demo_fixation: opacity = 1
15.5962 	EXP 	demo_fixation: pos = [0, 0]
15.5966 	EXP 	window1: mouseVisible = False
15.6128 	EXP 	demo_fixation: opacity = 1
15.6128 	EXP 	demo_fixation: pos = [0, 0]
15.6131 	EXP 	window1: mouseVisible = False
15.6295 	EXP 	demo_fixation: opacity = 1
15.6295 	EXP 	demo_fixation: pos = [0, 0]
15.6300 	EXP 	window1: mouseVisible = False
15.6469 	EXP 	demo_fixation: opacity = 1
15.6469 	EXP 	demo_fixation: pos = [0, 0]
15.6473 	EXP 	window1: mouseVisible = False
15.6636 	EXP 	demo_fixation: opacity = 1
15.6636 	EXP 	demo_fixation: pos = [0, 0]
15.6640 	EXP 	window1: mouseVisible = False
15.6810 	EXP 	demo_fixation: opacity = 1
15.6810 	EXP 	demo_fixation: pos = [0, 0]
15.6814 	EXP 	window1: mouseVisible = False
15.6959 	EXP 	demo_fixation: opacity = 1
15.6959 	EXP 	demo_fixation: pos = [0, 0]
15.6963 	EXP 	window1: mouseVisible = False
15.7130 	EXP 	demo_fixation: opacity = 1
15.7130 	EXP 	demo_fixation: pos = [0, 0]
15.7133 	EXP 	window1: mouseVisible = False
15.7294 	EXP 	demo_fixation: opacity = 1
15.7294 	EXP 	demo_fixation: pos = [0, 0]
15.7297 	EXP 	window1: mouseVisible = False
15.7544 	EXP 	demo_fixation: opacity = 1
15.7544 	EXP 	demo_fixation: pos = [0, 0]
15.7548 	EXP 	window1: mouseVisible = False
15.7673 	EXP 	demo_fixation: opacity = 1
15.7673 	EXP 	demo_fixation: pos = [0, 0]
15.7677 	EXP 	window1: mouseVisible = False
15.7805 	EXP 	demo_fixation: opacity = 1
15.7805 	EXP 	demo_fixation: pos = [0, 0]
15.7808 	EXP 	window1: mouseVisible = False
15.7962 	EXP 	demo_fixation: opacity = 1
15.7962 	EXP 	demo_fixation: pos = [0, 0]
15.7966 	EXP 	window1: mouseVisible = False
15.8131 	EXP 	demo_fixation: opacity = 1
15.8131 	EXP 	demo_fixation: pos = [0, 0]
15.8137 	EXP 	window1: mouseVisible = False
15.8290 	EXP 	demo_fixation: opacity = 1
15.8290 	EXP 	demo_fixation: pos = [0, 0]
15.8294 	EXP 	window1: mouseVisible = False
15.8459 	EXP 	demo_fixation: opacity = 1
15.8459 	EXP 	demo_fixation: pos = [0, 0]
15.8463 	EXP 	window1: mouseVisible = False
15.8530 	DATA 	Mouse: Left button down, pos=(960,540)
15.8624 	EXP 	demo_fixation: opacity = 1
15.8624 	EXP 	demo_fixation: pos = [0, 0]
15.8627 	EXP 	window1: mouseVisible = False
15.8792 	EXP 	demo_fixation: opacity = 0
15.8796 	EXP 	window1: mouseVisible = False
15.8963 	EXP 	demo_fixation: opacity = 0
15.8967 	EXP 	window1: mouseVisible = False
15.9125 	EXP 	demo_fixation: opacity = 0
15.9129 	EXP 	window1: mouseVisible = False
15.9290 	EXP 	demo_fixation: opacity = 0
15.9294 	EXP 	window1: mouseVisible = False
15.9457 	EXP 	demo_fixation: opacity = 0
15.9461 	EXP 	window1: mouseVisible = False
15.9625 	EXP 	demo_fixation: opacity = 0
15.9629 	EXP 	window1: mouseVisible = False
15.9792 	EXP 	demo_fixation: opacity = 0
15.9796 	EXP 	window1: mouseVisible = False
15.9957 	EXP 	demo_fixation: opacity = 0
15.9960 	EXP 	window1: mouseVisible = False
16.0124 	EXP 	demo_fixation: opacity = 0
16.0128 	EXP 	window1: mouseVisible = False
16.0290 	EXP 	demo_fixation: opacity = 0
16.0294 	EXP 	window1: mouseVisible = False
16.0455 	EXP 	demo_fixation: opacity = 0
16.0458 	EXP 	window1: mouseVisible = False
16.0623 	EXP 	demo_fixation: opacity = 0
16.0626 	EXP 	window1: mouseVisible = False
16.0790 	EXP 	demo_fixation: opacity = 0
16.0794 	EXP 	window1: mouseVisible = False
16.0957 	EXP 	demo_fixation: opacity = 0
16.0960 	EXP 	window1: mouseVisible = False
16.1124 	EXP 	demo_fixation: opacity = 0
16.1127 	EXP 	window1: mouseVisible = False
16.1289 	EXP 	demo_fixation: opacity = 0
16.1292 	EXP 	window1: mouseVisible = False
16.1456 	EXP 	demo_fixation: opacity = 0
16.1459 	EXP 	window1: mouseVisible = False
16.1622 	EXP 	demo_fixation: opacity = 0
16.1625 	EXP 	window1: mouseVisible = False
16.1789 	EXP 	demo_fixation: opacity = 0
16.1793 	EXP 	window1: mouseVisible = False
16.1955 	EXP 	demo_fixation: opacity = 0
16.1959 	EXP 	window1: mouseVisible = False
16.2122 	EXP 	demo_fixation: opacity = 0
16.2125 	EXP 	window1: mouseVisible = False
16.2288 	EXP 	demo_fixation: opacity = 0
16.2292 	EXP 	window1: mouseVisible = False
16.2456 	EXP 	demo_fixation: opacity = 0
16.2459 	EXP 	window1: mouseVisible = False
16.2621 	EXP 	demo_fixation: opacity = 0
16.2625 	EXP 	window1: mouseVisible = False
16.2790 	EXP 	demo_fixation: opacity = 0
16.2793 	EXP 	window1: mouseVisible = False
16.2956 	EXP 	demo_fixation: opacity = 0
16.2960 	EXP 	window1: mouseVisible = False
16.3122 	EXP 	demo_fixation: opacity = 0
16.3128 	EXP 	window1: mouseVisible = False
16.3286 	EXP 	demo_fixation: opacity = 0
16.3290 	EXP 	window1: mouseVisible = False
16.4417 	EXP 	window1: mouseVisible = True
