2.3144 	WARNING 	We strongly recommend you activate the PTB sound engine in PsychoPy prefs as the preferred audio engine. Its timing is vastly superior. Your prefs are currently set to use ['sounddevice', 'PTB', 'pyo', 'pygame'] (in that order).
14.9142 	EXP 	Created window1 = Window(allowGUI=False, allowStencil=False, args=UNKNOWN, autoLog=True, bitsMode=UNKNOWN, blendMode='avg', bpc=(8, 8, 8), color=array([0., 0., 0.]), colorSpace='rgb', depthBits=8, fullscr=<method-wrapper '__getattribute__' of attributeSetter object at 0x00000150604A6860>, gamma=None, gammaErrorPolicy='raise', kwargs=UNKNOWN, lms=UNKNOWN, monitor=<psychopy.monitors.calibTools.Monitor object at 0x00000150600BF898>, multiSample=False, name='window1', numSamples=2, pos=[0.0, 0.0], screen=0, size=array([1920, 1080]), stencilBits=0, stereo=False, units='height', useFBO=True, useRetina=False, viewOri=0.0, viewPos=None, viewScale=None, waitBlanking=True, winType='pyglet')
14.9150 	EXP 	window1: mouseVisible = True
14.9152 	EXP 	window1: recordFrameIntervals = False
15.0796 	EXP 	window1: recordFrameIntervals = True
15.2633 	EXP 	window1: recordFrameIntervals = False
15.7992 	EXP 	Created Welcome = TextStim(__class__=<class 'psychopy.visual.text.TextStim'>, alignHoriz=method-wrapper(...), alignText='center', alignVert=method-wrapper(...), anchorHoriz='center', anchorVert='center', antialias=True, autoLog=True, bold=False, color='white', colorSpace='named', contrast=1.0, depth=0.0, flipHoriz=False, flipVert=False, font='Arial', fontFiles=[], height=0.04, italic=False, languageStyle='LTR', name='Welcome', opacity=1.0, ori=0, pos=array([0., 0.]), rgb=array([255., 255., 255.]), text=str(...), units='height', win=Window(...), wrapWidth=1)
15.7994 	EXP 	window1: mouseVisible = True
15.8196 	EXP 	Created text = TextStim(__class__=<class 'psychopy.visual.text.TextStim'>, alignHoriz=method-wrapper(...), alignText='center', alignVert=method-wrapper(...), anchorHoriz='center', anchorVert='center', antialias=True, autoLog=True, bold=False, color='white', colorSpace='named', contrast=1.0, depth=0.0, flipHoriz=False, flipVert=False, font='Arial', fontFiles=[], height=0.04, italic=False, languageStyle='LTR', name='text', opacity=1.0, ori=0, pos=array([0., 0.]), rgb=array([255., 255., 255.]), text=str(...), units='height', win=Window(...), wrapWidth=1)
15.8198 	EXP 	window1: mouseVisible = True
15.8234 	EXP 	Created demo_target = ShapeStim(__class__=<class 'psychopy.visual.shape.ShapeStim'>, autoDraw=False, autoLog=True, closeShape=True, contrast=1.0, depth=0.0, fillColor=array([1., 1., 1.]), fillColorSpace='rgb', interpolate=True, lineColor=array([1., 1., 1.]), lineColorSpace='rgb', lineWidth=1, name='demo_target', opacity=1.0, ori=array(45.), pos=array([0., 0.]), size=array([0.05, 0.05]), units='height', vertices=ndarray(...), win=Window(...), windingRule=None)
15.8310 	EXP 	Created demo_fixation = Polygon(__class__=<class 'psychopy.visual.polygon.Polygon'>, autoDraw=False, autoLog=True, closeShape=True, color=method-wrapper(...), colorSpace=None, contrast=1.0, depth=-1.0, fillColor=array([1., 0., 0.]), fillColorSpace='rgb', fillRGB=array([1., 0., 0.]), interpolate=True, lineColor=array([1., 0., 0.]), lineColorSpace='rgb', lineRGB=array([1., 0., 0.]), lineWidth=1, name='demo_fixation', opacity=1.0, ori=array(0.), pos=array([0., 0.]), size=array([0.025, 0.025]), units='height', vertices=ndarray(...), win=Window(...))
15.8312 	EXP 	window1: mouseVisible = True
15.8359 	EXP 	Created demo_enclosing = Polygon(__class__=<class 'psychopy.visual.polygon.Polygon'>, autoDraw=False, autoLog=True, closeShape=True, color=method-wrapper(...), colorSpace=None, contrast=1.0, depth=-4.0, fillColor=array([1., 0., 0.]), fillColorSpace='rgb', fillRGB=array([1., 0., 0.]), interpolate=True, lineColor=array([1., 1., 1.]), lineColorSpace='rgb', lineRGB=array([1., 1., 1.]), lineWidth=1, name='demo_enclosing', opacity=1.0, ori=array(0.), pos=array([0., 0.]), size=array([0.6, 0.6]), units='height', vertices=ndarray(...), win=Window(...))
15.8391 	EXP 	Created demo_target_feedback = ShapeStim(__class__=<class 'psychopy.visual.shape.ShapeStim'>, autoDraw=False, autoLog=True, closeShape=True, contrast=1.0, depth=0.0, fillColor=array([1., 1., 1.]), fillColorSpace='rgb', interpolate=True, lineColor=array([1., 1., 1.]), lineColorSpace='rgb', lineWidth=1, name='demo_target_feedback', opacity=1.0, ori=array(45.), pos=array([0., 0.]), size=array([0.05, 0.05]), units='height', vertices=ndarray(...), win=Window(...), windingRule=None)
15.8437 	EXP 	Created demo_fixation_feedback = Polygon(__class__=<class 'psychopy.visual.polygon.Polygon'>, autoDraw=False, autoLog=True, closeShape=True, color=method-wrapper(...), colorSpace=None, contrast=1.0, depth=-1.0, fillColor=array([1., 0., 0.]), fillColorSpace='rgb', fillRGB=array([1., 0., 0.]), interpolate=True, lineColor=array([1., 0., 0.]), lineColorSpace='rgb', lineRGB=array([1., 0., 0.]), lineWidth=1, name='demo_fixation_feedback', opacity=1.0, ori=array(0.), pos=array([0., 0.]), size=array([0.025, 0.025]), units='height', vertices=ndarray(...), win=Window(...))
15.8649 	EXP 	Created text_3 = TextStim(__class__=<class 'psychopy.visual.text.TextStim'>, alignHoriz=method-wrapper(...), alignText='center', alignVert=method-wrapper(...), anchorHoriz='center', anchorVert='center', antialias=True, autoLog=True, bold=False, color='white', colorSpace='named', contrast=1.0, depth=0.0, flipHoriz=False, flipVert=False, font='Arial', fontFiles=[], height=0.04, italic=False, languageStyle='LTR', name='text_3', opacity=1.0, ori=0, pos=array([0., 0.]), rgb=array([255., 255., 255.]), text=str(...), units='height', win=Window(...), wrapWidth=1)
15.8651 	EXP 	window1: mouseVisible = True
15.8684 	EXP 	Created baseline_target = ShapeStim(__class__=<class 'psychopy.visual.shape.ShapeStim'>, autoDraw=False, autoLog=True, closeShape=True, contrast=1.0, depth=0.0, fillColor=array([1., 1., 1.]), fillColorSpace='rgb', interpolate=True, lineColor=array([1., 1., 1.]), lineColorSpace='rgb', lineWidth=1, name='baseline_target', opacity=1.0, ori=array(45.), pos=array([0., 0.]), size=array([0.05, 0.05]), units='height', vertices=ndarray(...), win=Window(...), windingRule=None)
15.8731 	EXP 	Created baseline_fixation = Polygon(__class__=<class 'psychopy.visual.polygon.Polygon'>, autoDraw=False, autoLog=True, closeShape=True, color=method-wrapper(...), colorSpace=None, contrast=1.0, depth=-1.0, fillColor=array([1., 0., 0.]), fillColorSpace='rgb', fillRGB=array([1., 0., 0.]), interpolate=True, lineColor=array([1., 0., 0.]), lineColorSpace='rgb', lineRGB=array([1., 0., 0.]), lineWidth=1, name='baseline_fixation', opacity=1.0, ori=array(0.), pos=array([0., 0.]), size=array([0.025, 0.025]), units='height', vertices=ndarray(...), win=Window(...))
15.8733 	EXP 	window1: mouseVisible = True
15.8765 	EXP 	Created baseline_target_feedback = ShapeStim(__class__=<class 'psychopy.visual.shape.ShapeStim'>, autoDraw=False, autoLog=True, closeShape=True, contrast=1.0, depth=0.0, fillColor=array([1., 1., 1.]), fillColorSpace='rgb', interpolate=True, lineColor=array([1., 1., 1.]), lineColorSpace='rgb', lineWidth=1, name='baseline_target_feedback', opacity=1.0, ori=array(45.), pos=array([0., 0.]), size=array([0.05, 0.05]), units='height', vertices=ndarray(...), win=Window(...), windingRule=None)
15.8808 	EXP 	Created baseline_fixation_feedback = Polygon(__class__=<class 'psychopy.visual.polygon.Polygon'>, autoDraw=False, autoLog=True, closeShape=True, color=method-wrapper(...), colorSpace=None, contrast=1.0, depth=-1.0, fillColor=array([1., 0., 0.]), fillColorSpace='rgb', fillRGB=array([1., 0., 0.]), interpolate=True, lineColor=array([1., 0., 0.]), lineColorSpace='rgb', lineRGB=array([1., 0., 0.]), lineWidth=1, name='baseline_fixation_feedback', opacity=1.0, ori=array(0.), pos=array([0., 0.]), size=array([0.025, 0.025]), units='height', vertices=ndarray(...), win=Window(...))
15.9240 	EXP 	Created text_2 = TextStim(__class__=<class 'psychopy.visual.text.TextStim'>, alignHoriz=method-wrapper(...), alignText='center', alignVert=method-wrapper(...), anchorHoriz='center', anchorVert='center', antialias=True, autoLog=True, bold=False, color='white', colorSpace='named', contrast=1.0, depth=0.0, flipHoriz=False, flipVert=False, font='Arial', fontFiles=[], height=0.04, italic=False, languageStyle='LTR', name='text_2', opacity=1.0, ori=0, pos=array([0., 0.]), rgb=array([255., 255., 255.]), text=str(...), units='height', win=Window(...), wrapWidth=1)
15.9241 	EXP 	window1: mouseVisible = True
15.9269 	EXP 	Created rotated_target = ShapeStim(__class__=<class 'psychopy.visual.shape.ShapeStim'>, autoDraw=False, autoLog=True, closeShape=True, contrast=1.0, depth=0.0, fillColor=array([1., 1., 1.]), fillColorSpace='rgb', interpolate=True, lineColor=array([1., 1., 1.]), lineColorSpace='rgb', lineWidth=1, name='rotated_target', opacity=1.0, ori=array(45.), pos=array([0., 0.]), size=array([0.05, 0.05]), units='height', vertices=ndarray(...), win=Window(...), windingRule=None)
15.9313 	EXP 	Created rotated_fixation = Polygon(__class__=<class 'psychopy.visual.polygon.Polygon'>, autoDraw=False, autoLog=True, closeShape=True, color=method-wrapper(...), colorSpace=None, contrast=1.0, depth=-1.0, fillColor=array([1., 0., 0.]), fillColorSpace='rgb', fillRGB=array([1., 0., 0.]), interpolate=True, lineColor=array([1., 0., 0.]), lineColorSpace='rgb', lineRGB=array([1., 0., 0.]), lineWidth=1, name='rotated_fixation', opacity=1.0, ori=array(0.), pos=array([0., 0.]), size=array([0.025, 0.025]), units='height', vertices=ndarray(...), win=Window(...))
15.9315 	EXP 	window1: mouseVisible = True
15.9345 	EXP 	Created rotated_target_feedback = ShapeStim(__class__=<class 'psychopy.visual.shape.ShapeStim'>, autoDraw=False, autoLog=True, closeShape=True, contrast=1.0, depth=0.0, fillColor=array([1., 1., 1.]), fillColorSpace='rgb', interpolate=True, lineColor=array([1., 1., 1.]), lineColorSpace='rgb', lineWidth=1, name='rotated_target_feedback', opacity=1.0, ori=array(45.), pos=array([0., 0.]), size=array([0.05, 0.05]), units='height', vertices=ndarray(...), win=Window(...), windingRule=None)
15.9391 	EXP 	Created rotated_fixation_feedback = Polygon(__class__=<class 'psychopy.visual.polygon.Polygon'>, autoDraw=False, autoLog=True, closeShape=True, color=method-wrapper(...), colorSpace=None, contrast=1.0, depth=-1.0, fillColor=array([1., 0., 0.]), fillColorSpace='rgb', fillRGB=array([1., 0., 0.]), interpolate=True, lineColor=array([1., 0., 0.]), lineColorSpace='rgb', lineRGB=array([1., 0., 0.]), lineWidth=1, name='rotated_fixation_feedback', opacity=1.0, ori=array(0.), pos=array([0., 0.]), size=array([0.025, 0.025]), units='height', vertices=ndarray(...), win=Window(...))
15.9605 	EXP 	Created rotated_breaks = TextStim(__class__=<class 'psychopy.visual.text.TextStim'>, alignHoriz=method-wrapper(...), alignText='center', alignVert=method-wrapper(...), anchorHoriz='center', anchorVert='center', antialias=True, autoLog=True, bold=False, color='white', colorSpace='named', contrast=1.0, depth=0.0, flipHoriz=False, flipVert=False, font='Arial', fontFiles=[], height=0.04, italic=False, languageStyle='LTR', name='rotated_breaks', opacity=1.0, ori=0, pos=array([0., 0.]), rgb=array([255., 255., 255.]), text=str(...), units='height', win=Window(...), wrapWidth=1)
15.9607 	EXP 	window1: mouseVisible = True
15.9638 	EXP 	Created transfer_target = ShapeStim(__class__=<class 'psychopy.visual.shape.ShapeStim'>, autoDraw=False, autoLog=True, closeShape=True, contrast=1.0, depth=0.0, fillColor=array([1., 1., 1.]), fillColorSpace='rgb', interpolate=True, lineColor=array([1., 1., 1.]), lineColorSpace='rgb', lineWidth=1, name='transfer_target', opacity=1.0, ori=array(45.), pos=array([0., 0.]), size=array([0.05, 0.05]), units='height', vertices=ndarray(...), win=Window(...), windingRule=None)
15.9683 	EXP 	Created transfer_fixation = Polygon(__class__=<class 'psychopy.visual.polygon.Polygon'>, autoDraw=False, autoLog=True, closeShape=True, color=method-wrapper(...), colorSpace=None, contrast=1.0, depth=-1.0, fillColor=array([1., 0., 0.]), fillColorSpace='rgb', fillRGB=array([1., 0., 0.]), interpolate=True, lineColor=array([1., 0., 0.]), lineColorSpace='rgb', lineRGB=array([1., 0., 0.]), lineWidth=1, name='transfer_fixation', opacity=1.0, ori=array(0.), pos=array([0., 0.]), size=array([0.025, 0.025]), units='height', vertices=ndarray(...), win=Window(...))
15.9687 	EXP 	window1: mouseVisible = True
15.9718 	EXP 	Created transfer_target_feedback = ShapeStim(__class__=<class 'psychopy.visual.shape.ShapeStim'>, autoDraw=False, autoLog=True, closeShape=True, contrast=1.0, depth=0.0, fillColor=array([1., 1., 1.]), fillColorSpace='rgb', interpolate=True, lineColor=array([1., 1., 1.]), lineColorSpace='rgb', lineWidth=1, name='transfer_target_feedback', opacity=1.0, ori=array(45.), pos=array([0., 0.]), size=array([0.05, 0.05]), units='height', vertices=ndarray(...), win=Window(...), windingRule=None)
15.9763 	EXP 	Created transfer_fixation_feedback = Polygon(__class__=<class 'psychopy.visual.polygon.Polygon'>, autoDraw=False, autoLog=True, closeShape=True, color=method-wrapper(...), colorSpace=None, contrast=1.0, depth=-1.0, fillColor=array([1., 0., 0.]), fillColorSpace='rgb', fillRGB=array([1., 0., 0.]), interpolate=True, lineColor=array([1., 0., 0.]), lineColorSpace='rgb', lineRGB=array([1., 0., 0.]), lineWidth=1, name='transfer_fixation_feedback', opacity=1.0, ori=array(0.), pos=array([0., 0.]), size=array([0.025, 0.025]), units='height', vertices=ndarray(...), win=Window(...))
15.9944 	EXP 	Created done_text = TextStim(__class__=<class 'psychopy.visual.text.TextStim'>, alignHoriz=method-wrapper(...), alignText='center', alignVert=method-wrapper(...), anchorHoriz='center', anchorVert='center', antialias=True, autoLog=True, bold=False, color='white', colorSpace='named', contrast=1.0, depth=0.0, flipHoriz=False, flipVert=False, font='Arial', fontFiles=[], height=0.04, italic=False, languageStyle='LTR', name='done_text', opacity=1.0, ori=0, pos=array([0., 0.]), rgb=array([255., 255., 255.]), text=str(...), units='height', win=Window(...), wrapWidth=1)
15.9946 	EXP 	window1: mouseVisible = True
16.0370 	EXP 	Welcome: autoDraw = True
17.2287 	DATA 	Mouse: Left button down, pos=(839,629)
17.2320 	EXP 	Created sequence: random, trialTypes=1, nReps=2, seed=None
17.2328 	EXP 	New trial (rep=0, index=0): None
17.2447 	EXP 	Welcome: autoDraw = False
17.2447 	EXP 	text: autoDraw = True
17.3816 	DATA 	Mouse:  Left button up, pos=(839,629)
18.1774 	DATA 	Mouse: Left button down, pos=(839,629)
18.2814 	EXP 	Imported conditions_demo.xlsx as conditions, 4 conditions, 3 params
18.2819 	EXP 	Created sequence: random, trialTypes=4, nReps=1, seed=None
18.2824 	EXP 	New trial (rep=0, index=0): OrderedDict([('target_x', 0.3), ('target_y', 0.3), ('rotation', 0)])
18.2836 	EXP 	window1: mouseVisible = False
18.2973 	EXP 	text: autoDraw = False
18.2973 	EXP 	demo_target: pos = array([0.3, 0.3])
18.2973 	EXP 	demo_fixation: pos = array([0., 0.])
18.2973 	EXP 	demo_fixation: opacity = 1
18.2973 	EXP 	demo_fixation: pos = [0, 0]
18.2973 	EXP 	demo_target: autoDraw = True
18.2973 	EXP 	demo_fixation: autoDraw = True
18.2973 	EXP 	demo_fixation: opacity = 0
18.2973 	EXP 	demo_enclosing: autoDraw = True
18.2977 	EXP 	window1: mouseVisible = False
18.3079 	EXP 	demo_fixation: opacity = 0
18.3083 	EXP 	window1: mouseVisible = False
18.3246 	EXP 	demo_fixation: opacity = 0
18.3256 	DATA 	Mouse:  Left button up, pos=(839,629)
18.3257 	EXP 	window1: mouseVisible = False
18.3417 	EXP 	demo_fixation: opacity = 1
18.3417 	EXP 	demo_fixation: pos = [0, 0]
18.3425 	EXP 	window1: mouseVisible = False
18.3590 	EXP 	demo_fixation: opacity = 1
18.3590 	EXP 	demo_fixation: pos = [0, 0]
18.3606 	EXP 	window1: mouseVisible = False
18.3756 	EXP 	demo_fixation: opacity = 1
18.3756 	EXP 	demo_fixation: pos = [0, 0]
18.3769 	EXP 	window1: mouseVisible = False
18.3923 	EXP 	demo_fixation: opacity = 1
18.3923 	EXP 	demo_fixation: pos = [0, 0]
18.3935 	EXP 	window1: mouseVisible = False
18.4089 	EXP 	demo_fixation: opacity = 1
18.4089 	EXP 	demo_fixation: pos = [0, 0]
18.4103 	EXP 	window1: mouseVisible = False
18.4254 	EXP 	demo_fixation: opacity = 1
18.4254 	EXP 	demo_fixation: pos = [0, 0]
18.4267 	EXP 	window1: mouseVisible = False
18.4422 	EXP 	demo_fixation: opacity = 1
18.4422 	EXP 	demo_fixation: pos = [0, 0]
18.4436 	EXP 	window1: mouseVisible = False
18.4587 	EXP 	demo_fixation: opacity = 1
18.4587 	EXP 	demo_fixation: pos = [0, 0]
18.4599 	EXP 	window1: mouseVisible = False
18.4761 	EXP 	demo_fixation: opacity = 1
18.4761 	EXP 	demo_fixation: pos = [0, 0]
18.4773 	EXP 	window1: mouseVisible = False
18.4922 	EXP 	demo_fixation: opacity = 1
18.4922 	EXP 	demo_fixation: pos = [0, 0]
18.4934 	EXP 	window1: mouseVisible = False
18.5088 	EXP 	demo_fixation: opacity = 1
18.5088 	EXP 	demo_fixation: pos = [0, 0]
18.5105 	EXP 	window1: mouseVisible = False
18.5255 	EXP 	demo_fixation: opacity = 1
18.5255 	EXP 	demo_fixation: pos = [0, 0]
18.5269 	EXP 	window1: mouseVisible = False
18.5421 	EXP 	demo_fixation: opacity = 1
18.5421 	EXP 	demo_fixation: pos = [0, 0]
18.5434 	EXP 	window1: mouseVisible = False
18.5590 	EXP 	demo_fixation: opacity = 1
18.5590 	EXP 	demo_fixation: pos = [0, 0]
18.5602 	EXP 	window1: mouseVisible = False
18.5753 	EXP 	demo_fixation: opacity = 1
18.5753 	EXP 	demo_fixation: pos = [0, 0]
18.5766 	EXP 	window1: mouseVisible = False
18.5921 	EXP 	demo_fixation: opacity = 1
18.5921 	EXP 	demo_fixation: pos = [0, 0]
18.5933 	EXP 	window1: mouseVisible = False
18.6085 	EXP 	demo_fixation: opacity = 1
18.6085 	EXP 	demo_fixation: pos = [0, 0]
18.6098 	EXP 	window1: mouseVisible = False
18.6254 	EXP 	demo_fixation: opacity = 1
18.6254 	EXP 	demo_fixation: pos = [0, 0]
18.6268 	EXP 	window1: mouseVisible = False
18.6421 	EXP 	demo_fixation: opacity = 1
18.6421 	EXP 	demo_fixation: pos = [0, 0]
18.6433 	EXP 	window1: mouseVisible = False
18.6587 	EXP 	demo_fixation: opacity = 1
18.6587 	EXP 	demo_fixation: pos = [0, 0]
18.6599 	EXP 	window1: mouseVisible = False
18.6754 	EXP 	demo_fixation: opacity = 1
18.6754 	EXP 	demo_fixation: pos = [0, 0]
18.6767 	EXP 	window1: mouseVisible = False
18.6919 	EXP 	demo_fixation: opacity = 1
18.6919 	EXP 	demo_fixation: pos = [0, 0]
18.6931 	EXP 	window1: mouseVisible = False
18.7087 	EXP 	demo_fixation: opacity = 1
18.7087 	EXP 	demo_fixation: pos = [0, 0]
18.7099 	EXP 	window1: mouseVisible = False
18.7252 	EXP 	demo_fixation: opacity = 1
18.7252 	EXP 	demo_fixation: pos = [0, 0]
18.7271 	EXP 	window1: mouseVisible = False
18.7421 	EXP 	demo_fixation: opacity = 1
18.7421 	EXP 	demo_fixation: pos = [0, 0]
18.7435 	EXP 	window1: mouseVisible = False
18.7587 	EXP 	demo_fixation: opacity = 1
18.7587 	EXP 	demo_fixation: pos = [0, 0]
18.7603 	EXP 	window1: mouseVisible = False
18.7753 	EXP 	demo_fixation: opacity = 1
18.7753 	EXP 	demo_fixation: pos = [0, 0]
18.7766 	EXP 	window1: mouseVisible = False
18.7920 	EXP 	demo_fixation: opacity = 1
18.7920 	EXP 	demo_fixation: pos = [0, 0]
18.7932 	EXP 	window1: mouseVisible = False
18.8085 	EXP 	demo_fixation: opacity = 1
18.8085 	EXP 	demo_fixation: pos = [0, 0]
18.8098 	EXP 	window1: mouseVisible = False
18.8250 	EXP 	demo_fixation: opacity = 1
18.8250 	EXP 	demo_fixation: pos = [0, 0]
18.8263 	EXP 	window1: mouseVisible = False
18.8420 	EXP 	demo_fixation: opacity = 1
18.8420 	EXP 	demo_fixation: pos = [0, 0]
18.8437 	EXP 	window1: mouseVisible = False
18.8585 	EXP 	demo_fixation: opacity = 1
18.8585 	EXP 	demo_fixation: pos = [0, 0]
18.8598 	EXP 	window1: mouseVisible = False
18.8752 	EXP 	demo_fixation: opacity = 1
18.8752 	EXP 	demo_fixation: pos = [0, 0]
18.8767 	EXP 	window1: mouseVisible = False
18.8918 	EXP 	demo_fixation: opacity = 1
18.8918 	EXP 	demo_fixation: pos = [0, 0]
18.8930 	EXP 	window1: mouseVisible = False
18.9093 	EXP 	demo_fixation: opacity = 1
18.9093 	EXP 	demo_fixation: pos = [0, 0]
18.9105 	EXP 	window1: mouseVisible = False
18.9250 	EXP 	demo_fixation: opacity = 1
18.9250 	EXP 	demo_fixation: pos = [0, 0]
18.9262 	EXP 	window1: mouseVisible = False
18.9416 	EXP 	demo_fixation: opacity = 1
18.9416 	EXP 	demo_fixation: pos = [0, 0]
18.9428 	EXP 	window1: mouseVisible = False
18.9583 	EXP 	demo_fixation: opacity = 1
18.9583 	EXP 	demo_fixation: pos = [0, 0]
18.9595 	EXP 	window1: mouseVisible = False
18.9751 	EXP 	demo_fixation: opacity = 1
18.9751 	EXP 	demo_fixation: pos = [0, 0]
18.9763 	EXP 	window1: mouseVisible = False
18.9917 	EXP 	demo_fixation: opacity = 1
18.9917 	EXP 	demo_fixation: pos = [0, 0]
18.9930 	EXP 	window1: mouseVisible = False
19.0082 	EXP 	demo_fixation: opacity = 1
19.0082 	EXP 	demo_fixation: pos = [0, 0]
19.0097 	EXP 	window1: mouseVisible = False
19.0250 	EXP 	demo_fixation: opacity = 1
19.0250 	EXP 	demo_fixation: pos = [0, 0]
19.0262 	EXP 	window1: mouseVisible = False
19.0417 	EXP 	demo_fixation: opacity = 1
19.0417 	EXP 	demo_fixation: pos = [0, 0]
19.0429 	EXP 	window1: mouseVisible = False
19.0584 	EXP 	demo_fixation: opacity = 1
19.0584 	EXP 	demo_fixation: pos = [0, 0]
19.0596 	EXP 	window1: mouseVisible = False
19.0748 	EXP 	demo_fixation: opacity = 1
19.0748 	EXP 	demo_fixation: pos = [0, 0]
19.0760 	EXP 	window1: mouseVisible = False
19.0916 	EXP 	demo_fixation: opacity = 1
19.0916 	EXP 	demo_fixation: pos = [0, 0]
19.0929 	EXP 	window1: mouseVisible = False
19.1083 	EXP 	demo_fixation: opacity = 1
19.1083 	EXP 	demo_fixation: pos = [0, 0]
19.1095 	EXP 	window1: mouseVisible = False
19.1249 	EXP 	demo_fixation: opacity = 1
19.1249 	EXP 	demo_fixation: pos = [0, 0]
19.1262 	EXP 	window1: mouseVisible = False
19.1416 	EXP 	demo_fixation: opacity = 1
19.1416 	EXP 	demo_fixation: pos = [0, 0]
19.1428 	EXP 	window1: mouseVisible = False
19.1581 	EXP 	demo_fixation: opacity = 1
19.1581 	EXP 	demo_fixation: pos = [0, 0]
19.1594 	EXP 	window1: mouseVisible = False
19.1747 	EXP 	demo_fixation: opacity = 1
19.1747 	EXP 	demo_fixation: pos = [0, 0]
19.1759 	EXP 	window1: mouseVisible = False
19.1914 	EXP 	demo_fixation: opacity = 1
19.1914 	EXP 	demo_fixation: pos = [0, 0]
19.1926 	EXP 	window1: mouseVisible = False
19.2080 	EXP 	demo_fixation: opacity = 1
19.2080 	EXP 	demo_fixation: pos = [0, 0]
19.2093 	EXP 	window1: mouseVisible = False
19.2248 	EXP 	demo_fixation: opacity = 1
19.2248 	EXP 	demo_fixation: pos = [0, 0]
19.2261 	EXP 	window1: mouseVisible = False
19.2415 	EXP 	demo_fixation: opacity = 1
19.2415 	EXP 	demo_fixation: pos = [0, 0]
19.2428 	EXP 	window1: mouseVisible = False
19.2580 	EXP 	demo_fixation: opacity = 1
19.2580 	EXP 	demo_fixation: pos = [0, 0]
19.2595 	EXP 	window1: mouseVisible = False
19.2754 	EXP 	demo_fixation: opacity = 1
19.2754 	EXP 	demo_fixation: pos = [0, 0]
19.2769 	EXP 	window1: mouseVisible = False
19.2914 	EXP 	demo_fixation: opacity = 1
19.2914 	EXP 	demo_fixation: pos = [0, 0]
19.2926 	EXP 	window1: mouseVisible = False
19.3082 	EXP 	demo_fixation: opacity = 1
19.3082 	EXP 	demo_fixation: pos = [0, 0]
19.3094 	EXP 	window1: mouseVisible = False
19.3248 	EXP 	demo_fixation: opacity = 1
19.3248 	EXP 	demo_fixation: pos = [0, 0]
19.3260 	EXP 	window1: mouseVisible = False
19.3412 	EXP 	demo_fixation: opacity = 1
19.3412 	EXP 	demo_fixation: pos = [0, 0]
19.3425 	EXP 	window1: mouseVisible = False
19.3582 	EXP 	demo_fixation: opacity = 1
19.3582 	EXP 	demo_fixation: pos = [0, 0]
19.3594 	EXP 	window1: mouseVisible = False
19.3746 	EXP 	demo_fixation: opacity = 1
19.3746 	EXP 	demo_fixation: pos = [0, 0]
19.3758 	EXP 	window1: mouseVisible = False
19.3914 	EXP 	demo_fixation: opacity = 1
19.3914 	EXP 	demo_fixation: pos = [0, 0]
19.3926 	EXP 	window1: mouseVisible = False
19.4080 	EXP 	demo_fixation: opacity = 1
19.4080 	EXP 	demo_fixation: pos = [0, 0]
19.4092 	EXP 	window1: mouseVisible = False
19.4245 	EXP 	demo_fixation: opacity = 1
19.4245 	EXP 	demo_fixation: pos = [0, 0]
19.4257 	EXP 	window1: mouseVisible = False
19.4412 	EXP 	demo_fixation: opacity = 1
19.4412 	EXP 	demo_fixation: pos = [0, 0]
19.4424 	EXP 	window1: mouseVisible = False
19.4578 	EXP 	demo_fixation: opacity = 1
19.4578 	EXP 	demo_fixation: pos = [0, 0]
19.4590 	EXP 	window1: mouseVisible = False
19.4745 	EXP 	demo_fixation: opacity = 1
19.4745 	EXP 	demo_fixation: pos = [0, 0]
19.4758 	EXP 	window1: mouseVisible = False
19.4911 	EXP 	demo_fixation: opacity = 1
19.4911 	EXP 	demo_fixation: pos = [0, 0]
19.4923 	EXP 	window1: mouseVisible = False
19.5080 	EXP 	demo_fixation: opacity = 1
19.5080 	EXP 	demo_fixation: pos = [0, 0]
19.5092 	EXP 	window1: mouseVisible = False
19.5245 	EXP 	demo_fixation: opacity = 1
19.5245 	EXP 	demo_fixation: pos = [0, 0]
19.5258 	EXP 	window1: mouseVisible = False
19.5413 	EXP 	demo_fixation: opacity = 1
19.5413 	EXP 	demo_fixation: pos = [0, 0]
19.5426 	EXP 	window1: mouseVisible = False
19.5582 	EXP 	demo_fixation: opacity = 1
19.5582 	EXP 	demo_fixation: pos = [0, 0]
19.5595 	EXP 	window1: mouseVisible = False
19.5744 	EXP 	demo_fixation: opacity = 1
19.5744 	EXP 	demo_fixation: pos = [0, 0]
19.5756 	EXP 	window1: mouseVisible = False
19.5911 	EXP 	demo_fixation: opacity = 1
19.5911 	EXP 	demo_fixation: pos = [0, 0]
19.5924 	EXP 	window1: mouseVisible = False
19.6077 	EXP 	demo_fixation: opacity = 1
19.6077 	EXP 	demo_fixation: pos = [0, 0]
19.6090 	EXP 	window1: mouseVisible = False
19.6252 	EXP 	demo_fixation: opacity = 1
19.6252 	EXP 	demo_fixation: pos = [0, 0]
19.6265 	EXP 	window1: mouseVisible = False
19.6419 	EXP 	demo_fixation: opacity = 1
19.6419 	EXP 	demo_fixation: pos = [0, 0]
19.6432 	EXP 	window1: mouseVisible = False
19.6583 	EXP 	demo_fixation: opacity = 1
19.6583 	EXP 	demo_fixation: pos = [0, 0]
19.6595 	EXP 	window1: mouseVisible = False
19.6751 	EXP 	demo_fixation: opacity = 1
19.6751 	EXP 	demo_fixation: pos = [0, 0]
19.6764 	EXP 	window1: mouseVisible = False
19.6917 	EXP 	demo_fixation: opacity = 1
19.6917 	EXP 	demo_fixation: pos = [0, 0]
19.6929 	EXP 	window1: mouseVisible = False
19.7083 	EXP 	demo_fixation: opacity = 1
19.7083 	EXP 	demo_fixation: pos = [0, 0]
19.7095 	EXP 	window1: mouseVisible = False
19.7244 	EXP 	demo_fixation: opacity = 1
19.7244 	EXP 	demo_fixation: pos = [0, 0]
19.7256 	EXP 	window1: mouseVisible = False
19.7419 	EXP 	demo_fixation: opacity = 1
19.7419 	EXP 	demo_fixation: pos = [0, 0]
19.7432 	EXP 	window1: mouseVisible = False
19.7583 	EXP 	demo_fixation: opacity = 1
19.7583 	EXP 	demo_fixation: pos = [0, 0]
19.7595 	EXP 	window1: mouseVisible = False
19.7744 	EXP 	demo_fixation: opacity = 1
19.7744 	EXP 	demo_fixation: pos = [0, 0]
19.7757 	EXP 	window1: mouseVisible = False
19.7910 	EXP 	demo_fixation: opacity = 1
19.7910 	EXP 	demo_fixation: pos = [0, 0]
19.7923 	EXP 	window1: mouseVisible = False
19.8092 	EXP 	demo_fixation: opacity = 1
19.8092 	EXP 	demo_fixation: pos = [0, 0]
19.8104 	EXP 	window1: mouseVisible = False
19.8251 	EXP 	demo_fixation: opacity = 1
19.8251 	EXP 	demo_fixation: pos = [0, 0]
19.8263 	EXP 	window1: mouseVisible = False
19.8410 	EXP 	demo_fixation: opacity = 1
19.8410 	EXP 	demo_fixation: pos = [0, 0]
19.8422 	EXP 	window1: mouseVisible = False
19.8582 	EXP 	demo_fixation: opacity = 1
19.8582 	EXP 	demo_fixation: pos = [0, 0]
19.8596 	EXP 	window1: mouseVisible = False
19.8742 	EXP 	demo_fixation: opacity = 1
19.8742 	EXP 	demo_fixation: pos = [0, 0]
19.8754 	EXP 	window1: mouseVisible = False
19.8915 	EXP 	demo_fixation: opacity = 1
19.8915 	EXP 	demo_fixation: pos = [0, 0]
19.8928 	EXP 	window1: mouseVisible = False
19.9082 	EXP 	demo_fixation: opacity = 1
19.9082 	EXP 	demo_fixation: pos = [0, 0]
19.9095 	EXP 	window1: mouseVisible = False
19.9238 	EXP 	demo_fixation: opacity = 1
19.9238 	EXP 	demo_fixation: pos = [0, 0]
19.9247 	EXP 	window1: mouseVisible = False
19.9399 	EXP 	demo_fixation: opacity = 1
19.9399 	EXP 	demo_fixation: pos = [0, 0]
19.9406 	EXP 	window1: mouseVisible = False
19.9563 	EXP 	demo_fixation: opacity = 1
19.9563 	EXP 	demo_fixation: pos = [0, 0]
19.9570 	EXP 	window1: mouseVisible = False
19.9733 	EXP 	demo_fixation: opacity = 1
19.9733 	EXP 	demo_fixation: pos = [0, 0]
19.9741 	EXP 	window1: mouseVisible = False
19.9908 	EXP 	demo_fixation: opacity = 1
19.9908 	EXP 	demo_fixation: pos = [0, 0]
19.9920 	EXP 	window1: mouseVisible = False
20.0073 	EXP 	demo_fixation: opacity = 1
20.0073 	EXP 	demo_fixation: pos = [0, 0]
20.0085 	EXP 	window1: mouseVisible = False
20.0241 	EXP 	demo_fixation: opacity = 1
20.0241 	EXP 	demo_fixation: pos = [0, 0]
20.0253 	EXP 	window1: mouseVisible = False
20.0405 	EXP 	demo_fixation: opacity = 1
20.0405 	EXP 	demo_fixation: pos = [0, 0]
20.0422 	EXP 	window1: mouseVisible = False
20.0574 	EXP 	demo_fixation: opacity = 1
20.0574 	EXP 	demo_fixation: pos = [0, 0]
20.0586 	EXP 	window1: mouseVisible = False
20.0739 	EXP 	demo_fixation: opacity = 1
20.0739 	EXP 	demo_fixation: pos = [0, 0]
20.0754 	EXP 	window1: mouseVisible = False
20.0907 	EXP 	demo_fixation: opacity = 1
20.0907 	EXP 	demo_fixation: pos = [0, 0]
20.0919 	EXP 	window1: mouseVisible = False
20.1074 	EXP 	demo_fixation: opacity = 1
20.1074 	EXP 	demo_fixation: pos = [0, 0]
20.1086 	EXP 	window1: mouseVisible = False
20.1241 	EXP 	demo_fixation: opacity = 1
20.1241 	EXP 	demo_fixation: pos = [0, 0]
20.1257 	EXP 	window1: mouseVisible = False
20.1407 	EXP 	demo_fixation: opacity = 1
20.1407 	EXP 	demo_fixation: pos = [0, 0]
20.1422 	EXP 	window1: mouseVisible = False
20.1571 	EXP 	demo_fixation: opacity = 1
20.1571 	EXP 	demo_fixation: pos = [0, 0]
20.1583 	EXP 	window1: mouseVisible = False
20.1739 	EXP 	demo_fixation: opacity = 1
20.1739 	EXP 	demo_fixation: pos = [0, 0]
20.1753 	EXP 	window1: mouseVisible = False
20.1914 	EXP 	demo_fixation: opacity = 1
20.1914 	EXP 	demo_fixation: pos = [0, 0]
20.1927 	EXP 	window1: mouseVisible = False
20.2072 	EXP 	demo_fixation: opacity = 1
20.2072 	EXP 	demo_fixation: pos = [0, 0]
20.2085 	EXP 	window1: mouseVisible = False
20.2237 	EXP 	demo_fixation: opacity = 1
20.2237 	EXP 	demo_fixation: pos = [0, 0]
20.2250 	EXP 	window1: mouseVisible = False
20.2404 	EXP 	demo_fixation: opacity = 1
20.2404 	EXP 	demo_fixation: pos = [0, 0]
20.2417 	EXP 	window1: mouseVisible = False
20.2572 	EXP 	demo_fixation: opacity = 1
20.2572 	EXP 	demo_fixation: pos = [0, 0]
20.2584 	EXP 	window1: mouseVisible = False
20.2739 	EXP 	demo_fixation: opacity = 1
20.2739 	EXP 	demo_fixation: pos = [0, 0]
20.2751 	EXP 	window1: mouseVisible = False
20.2905 	EXP 	demo_fixation: opacity = 1
20.2905 	EXP 	demo_fixation: pos = [0, 0]
20.2917 	EXP 	window1: mouseVisible = False
20.3073 	EXP 	demo_fixation: opacity = 1
20.3073 	EXP 	demo_fixation: pos = [0, 0]
20.3085 	EXP 	window1: mouseVisible = False
20.3237 	EXP 	demo_fixation: opacity = 1
20.3237 	EXP 	demo_fixation: pos = [0, 0]
20.3249 	EXP 	window1: mouseVisible = False
20.3403 	EXP 	demo_fixation: opacity = 1
20.3403 	EXP 	demo_fixation: pos = [0, 0]
20.3415 	EXP 	window1: mouseVisible = False
20.3572 	EXP 	demo_fixation: opacity = 1
20.3572 	EXP 	demo_fixation: pos = [0, 0]
20.3584 	EXP 	window1: mouseVisible = False
20.3738 	EXP 	demo_fixation: opacity = 1
20.3738 	EXP 	demo_fixation: pos = [0, 0]
20.3750 	EXP 	window1: mouseVisible = False
20.3903 	EXP 	demo_fixation: opacity = 1
20.3903 	EXP 	demo_fixation: pos = [0, 0]
20.3915 	EXP 	window1: mouseVisible = False
20.4071 	EXP 	demo_fixation: opacity = 1
20.4071 	EXP 	demo_fixation: pos = [0, 0]
20.4083 	EXP 	window1: mouseVisible = False
20.4238 	EXP 	demo_fixation: opacity = 1
20.4238 	EXP 	demo_fixation: pos = [0, 0]
20.4250 	EXP 	window1: mouseVisible = False
20.4405 	EXP 	demo_fixation: opacity = 1
20.4405 	EXP 	demo_fixation: pos = [0, 0]
20.4417 	EXP 	window1: mouseVisible = False
20.4571 	EXP 	demo_fixation: opacity = 1
20.4571 	EXP 	demo_fixation: pos = [0, 0]
20.4583 	EXP 	window1: mouseVisible = False
20.4738 	EXP 	demo_fixation: opacity = 1
20.4738 	EXP 	demo_fixation: pos = [0, 0]
20.4750 	EXP 	window1: mouseVisible = False
20.4902 	EXP 	demo_fixation: opacity = 1
20.4902 	EXP 	demo_fixation: pos = [0, 0]
20.4914 	EXP 	window1: mouseVisible = False
20.5070 	EXP 	demo_fixation: opacity = 1
20.5070 	EXP 	demo_fixation: pos = [0, 0]
20.5082 	EXP 	window1: mouseVisible = False
20.5239 	EXP 	demo_fixation: opacity = 1
20.5239 	EXP 	demo_fixation: pos = [0, 0]
20.5252 	EXP 	window1: mouseVisible = False
20.5403 	EXP 	demo_fixation: opacity = 1
20.5403 	EXP 	demo_fixation: pos = [0, 0]
20.5416 	EXP 	window1: mouseVisible = False
20.5571 	EXP 	demo_fixation: opacity = 1
20.5571 	EXP 	demo_fixation: pos = [0, 0]
20.5583 	EXP 	window1: mouseVisible = False
20.5736 	EXP 	demo_fixation: opacity = 1
20.5736 	EXP 	demo_fixation: pos = [0, 0]
20.5749 	EXP 	window1: mouseVisible = False
20.5904 	EXP 	demo_fixation: opacity = 1
20.5904 	EXP 	demo_fixation: pos = [0, 0]
20.5920 	EXP 	window1: mouseVisible = False
20.6069 	EXP 	demo_fixation: opacity = 1
20.6069 	EXP 	demo_fixation: pos = [0, 0]
20.6081 	EXP 	window1: mouseVisible = False
20.6236 	EXP 	demo_fixation: opacity = 1
20.6236 	EXP 	demo_fixation: pos = [0, 0]
20.6250 	EXP 	window1: mouseVisible = False
20.6401 	EXP 	demo_fixation: opacity = 1
20.6401 	EXP 	demo_fixation: pos = [0, 0]
20.6413 	EXP 	window1: mouseVisible = False
20.6568 	EXP 	demo_fixation: opacity = 1
20.6568 	EXP 	demo_fixation: pos = [0, 0]
20.6580 	EXP 	window1: mouseVisible = False
20.6735 	EXP 	demo_fixation: opacity = 1
20.6735 	EXP 	demo_fixation: pos = [0, 0]
20.6747 	EXP 	window1: mouseVisible = False
20.6954 	EXP 	demo_fixation: opacity = 1
20.6954 	EXP 	demo_fixation: pos = [0, 0]
20.6966 	EXP 	window1: mouseVisible = False
20.7063 	EXP 	demo_fixation: opacity = 1
20.7063 	EXP 	demo_fixation: pos = [0, 0]
20.7072 	EXP 	window1: mouseVisible = False
20.7234 	EXP 	demo_fixation: opacity = 1
20.7234 	EXP 	demo_fixation: pos = [0, 0]
20.7247 	EXP 	window1: mouseVisible = False
20.7400 	EXP 	demo_fixation: opacity = 1
20.7400 	EXP 	demo_fixation: pos = [0, 0]
20.7413 	EXP 	window1: mouseVisible = False
20.7568 	EXP 	demo_fixation: opacity = 1
20.7568 	EXP 	demo_fixation: pos = [0, 0]
20.7586 	EXP 	window1: mouseVisible = False
20.7734 	EXP 	demo_fixation: opacity = 1
20.7734 	EXP 	demo_fixation: pos = [0, 0]
20.7746 	EXP 	window1: mouseVisible = False
20.7901 	EXP 	demo_fixation: opacity = 1
20.7901 	EXP 	demo_fixation: pos = [0, 0]
20.7914 	EXP 	window1: mouseVisible = False
20.8066 	EXP 	demo_fixation: opacity = 1
20.8066 	EXP 	demo_fixation: pos = [0, 0]
20.8084 	EXP 	window1: mouseVisible = False
20.8232 	EXP 	demo_fixation: opacity = 1
20.8232 	EXP 	demo_fixation: pos = [0, 0]
20.8244 	EXP 	window1: mouseVisible = False
20.8402 	EXP 	demo_fixation: opacity = 1
20.8402 	EXP 	demo_fixation: pos = [0, 0]
20.8415 	EXP 	window1: mouseVisible = False
20.8566 	EXP 	demo_fixation: opacity = 1
20.8566 	EXP 	demo_fixation: pos = [0, 0]
20.8580 	EXP 	window1: mouseVisible = False
20.8734 	EXP 	demo_fixation: opacity = 1
20.8734 	EXP 	demo_fixation: pos = [0, 0]
20.8746 	EXP 	window1: mouseVisible = False
20.8900 	EXP 	demo_fixation: opacity = 1
20.8900 	EXP 	demo_fixation: pos = [0, 0]
20.8912 	EXP 	window1: mouseVisible = False
20.9066 	EXP 	demo_fixation: opacity = 1
20.9066 	EXP 	demo_fixation: pos = [0, 0]
20.9081 	EXP 	window1: mouseVisible = False
20.9232 	EXP 	demo_fixation: opacity = 1
20.9232 	EXP 	demo_fixation: pos = [0, 0]
20.9245 	EXP 	window1: mouseVisible = False
20.9399 	EXP 	demo_fixation: opacity = 1
20.9399 	EXP 	demo_fixation: pos = [0, 0]
20.9411 	EXP 	window1: mouseVisible = False
20.9565 	EXP 	demo_fixation: opacity = 1
20.9565 	EXP 	demo_fixation: pos = [0, 0]
20.9578 	EXP 	window1: mouseVisible = False
20.9730 	EXP 	demo_fixation: opacity = 1
20.9730 	EXP 	demo_fixation: pos = [0, 0]
20.9742 	DATA 	Keypress: escape
20.9750 	EXP 	window1: mouseVisible = False
20.9899 	EXP 	demo_fixation: opacity = 1
20.9899 	EXP 	demo_fixation: pos = [0, 0]
20.9911 	EXP 	window1: mouseVisible = False
21.0063 	EXP 	demo_fixation: opacity = 1
21.0063 	EXP 	demo_fixation: pos = [0, 0]
21.0075 	EXP 	window1: mouseVisible = False
21.0230 	EXP 	demo_fixation: opacity = 1
21.0230 	EXP 	demo_fixation: pos = [0, 0]
21.0246 	EXP 	window1: mouseVisible = False
21.0398 	EXP 	demo_fixation: opacity = 1
21.0398 	EXP 	demo_fixation: pos = [0, 0]
21.0413 	EXP 	window1: mouseVisible = False
21.0564 	EXP 	demo_fixation: opacity = 1
21.0564 	EXP 	demo_fixation: pos = [0, 0]
21.0577 	EXP 	window1: mouseVisible = False
21.0731 	EXP 	demo_fixation: opacity = 1
21.0731 	EXP 	demo_fixation: pos = [0, 0]
21.0743 	EXP 	window1: mouseVisible = False
21.0898 	EXP 	demo_fixation: opacity = 1
21.0898 	EXP 	demo_fixation: pos = [0, 0]
21.0910 	EXP 	window1: mouseVisible = False
21.1062 	EXP 	demo_fixation: opacity = 1
21.1062 	EXP 	demo_fixation: pos = [0, 0]
21.1074 	EXP 	window1: mouseVisible = False
21.1229 	EXP 	demo_fixation: opacity = 1
21.1229 	EXP 	demo_fixation: pos = [0, 0]
21.1242 	EXP 	window1: mouseVisible = False
21.1397 	EXP 	demo_fixation: opacity = 1
21.1397 	EXP 	demo_fixation: pos = [0, 0]
21.1410 	EXP 	window1: mouseVisible = False
21.1562 	EXP 	demo_fixation: opacity = 1
21.1562 	EXP 	demo_fixation: pos = [0, 0]
21.1575 	EXP 	window1: mouseVisible = False
21.1730 	EXP 	demo_fixation: opacity = 1
21.1730 	EXP 	demo_fixation: pos = [0, 0]
21.1749 	EXP 	window1: mouseVisible = False
21.3071 	EXP 	window1: mouseVisible = True
