1.5179 	WARNING 	We strongly recommend you activate the PTB sound engine in PsychoPy prefs as the preferred audio engine. Its timing is vastly superior. Your prefs are currently set to use ['sounddevice', 'PTB', 'pyo', 'pygame'] (in that order).
11.3823 	EXP 	Created window1 = Window(allowGUI=False, allowStencil=False, args=UNKNOWN, autoLog=True, bitsMode=UNKNOWN, blendMode='avg', bpc=(8, 8, 8), color=array([0., 0., 0.]), colorSpace='rgb', depthBits=8, fullscr=<method-wrapper '__getattribute__' of attributeSetter object at 0x000002A3B63F78D0>, gamma=None, gammaErrorPolicy='raise', kwargs=UNKNOWN, lms=UNKNOWN, monitor=<psychopy.monitors.calibTools.Monitor object at 0x000002A3B60A0908>, multiSample=False, name='window1', numSamples=2, pos=[0.0, 0.0], screen=0, size=array([1920, 1080]), stencilBits=0, stereo=False, units='height', useFBO=True, useRetina=False, viewOri=0.0, viewPos=None, viewScale=None, waitBlanking=True, winType='pyglet')
11.3830 	EXP 	window1: mouseVisible = True
11.3831 	EXP 	window1: recordFrameIntervals = False
11.5473 	EXP 	window1: recordFrameIntervals = True
11.7308 	EXP 	window1: recordFrameIntervals = False
12.1275 	EXP 	Created Welcome = TextStim(__class__=<class 'psychopy.visual.text.TextStim'>, alignHoriz=method-wrapper(...), alignText='center', alignVert=method-wrapper(...), anchorHoriz='center', anchorVert='center', antialias=True, autoLog=True, bold=False, color='white', colorSpace='named', contrast=1.0, depth=0.0, flipHoriz=False, flipVert=False, font='Arial', fontFiles=[], height=0.04, italic=False, languageStyle='LTR', name='Welcome', opacity=1.0, ori=0, pos=array([0., 0.]), rgb=array([255., 255., 255.]), text=str(...), units='height', win=Window(...), wrapWidth=1)
12.1278 	EXP 	window1: mouseVisible = True
12.1520 	EXP 	Created text = TextStim(__class__=<class 'psychopy.visual.text.TextStim'>, alignHoriz=method-wrapper(...), alignText='center', alignVert=method-wrapper(...), anchorHoriz='center', anchorVert='center', antialias=True, autoLog=True, bold=False, color='white', colorSpace='named', contrast=1.0, depth=0.0, flipHoriz=False, flipVert=False, font='Arial', fontFiles=[], height=0.04, italic=False, languageStyle='LTR', name='text', opacity=1.0, ori=0, pos=array([0., 0.]), rgb=array([255., 255., 255.]), text=str(...), units='height', win=Window(...), wrapWidth=1)
12.1522 	EXP 	window1: mouseVisible = True
12.1686 	EXP 	Created demo_enclosing = Polygon(__class__=<class 'psychopy.visual.polygon.Polygon'>, autoDraw=False, autoLog=True, closeShape=True, color=method-wrapper(...), colorSpace=None, contrast=1.0, depth=0.0, fillColor=array([0., 0., 0.]), fillColorSpace='rgb', fillRGB=array([0., 0., 0.]), interpolate=True, lineColor=array([-1., -1., -1.]), lineColorSpace='rgb', lineRGB=array([-1., -1., -1.]), lineWidth=60, name='demo_enclosing', opacity=1.0, ori=array(0.), pos=array([0., 0.]), size=array([0.84, 0.84]), units='height', vertices=ndarray(...), win=Window(...))
12.1740 	EXP 	Created demo_target = ShapeStim(__class__=<class 'psychopy.visual.shape.ShapeStim'>, autoDraw=False, autoLog=True, closeShape=True, contrast=1.0, depth=-1.0, fillColor=array([1., 1., 1.]), fillColorSpace='rgb', interpolate=True, lineColor=array([1., 1., 1.]), lineColorSpace='rgb', lineWidth=1, name='demo_target', opacity=1.0, ori=array(45.), pos=array([0., 0.]), size=array([0.05, 0.05]), units='height', vertices=ndarray(...), win=Window(...), windingRule=None)
12.1817 	EXP 	Created demo_fixation = Polygon(__class__=<class 'psychopy.visual.polygon.Polygon'>, autoDraw=False, autoLog=True, closeShape=True, color=method-wrapper(...), colorSpace=None, contrast=1.0, depth=-2.0, fillColor=array([1., 0., 0.]), fillColorSpace='rgb', fillRGB=array([1., 0., 0.]), interpolate=True, lineColor=array([1., 0., 0.]), lineColorSpace='rgb', lineRGB=array([1., 0., 0.]), lineWidth=1, name='demo_fixation', opacity=1.0, ori=array(0.), pos=array([0., 0.]), size=array([0.025, 0.025]), units='height', vertices=ndarray(...), win=Window(...))
12.1819 	EXP 	window1: mouseVisible = True
12.1859 	EXP 	Created demo_enclosing_feedback = ShapeStim(__class__=<class 'psychopy.visual.shape.ShapeStim'>, autoDraw=False, autoLog=True, closeShape=True, contrast=1.0, depth=0.0, fillColor=array([0., 0., 0.]), fillColorSpace='rgb', interpolate=True, lineColor=array([-1., -1., -1.]), lineColorSpace='rgb', lineWidth=60, name='demo_enclosing_feedback', opacity=1.0, ori=array(0.), pos=array([0., 0.]), size=array([1., 1.]), units='height', vertices=ndarray(...), win=Window(...), windingRule=None)
12.1910 	EXP 	Created demo_target_feedback = ShapeStim(__class__=<class 'psychopy.visual.shape.ShapeStim'>, autoDraw=False, autoLog=True, closeShape=True, contrast=1.0, depth=-1.0, fillColor=array([1., 1., 1.]), fillColorSpace='rgb', interpolate=True, lineColor=array([1., 1., 1.]), lineColorSpace='rgb', lineWidth=1, name='demo_target_feedback', opacity=1.0, ori=array(45.), pos=array([0., 0.]), size=array([0.05, 0.05]), units='height', vertices=ndarray(...), win=Window(...), windingRule=None)
12.1988 	EXP 	Created demo_fixation_feedback = Polygon(__class__=<class 'psychopy.visual.polygon.Polygon'>, autoDraw=False, autoLog=True, closeShape=True, color=method-wrapper(...), colorSpace=None, contrast=1.0, depth=-2.0, fillColor=array([1., 0., 0.]), fillColorSpace='rgb', fillRGB=array([1., 0., 0.]), interpolate=True, lineColor=array([1., 0., 0.]), lineColorSpace='rgb', lineRGB=array([1., 0., 0.]), lineWidth=1, name='demo_fixation_feedback', opacity=1.0, ori=array(0.), pos=array([0., 0.]), size=array([0.025, 0.025]), units='height', vertices=ndarray(...), win=Window(...))
12.2178 	EXP 	Created text_3 = TextStim(__class__=<class 'psychopy.visual.text.TextStim'>, alignHoriz=method-wrapper(...), alignText='center', alignVert=method-wrapper(...), anchorHoriz='center', anchorVert='center', antialias=True, autoLog=True, bold=False, color='white', colorSpace='named', contrast=1.0, depth=0.0, flipHoriz=False, flipVert=False, font='Arial', fontFiles=[], height=0.04, italic=False, languageStyle='LTR', name='text_3', opacity=1.0, ori=0, pos=array([0., 0.]), rgb=array([255., 255., 255.]), text=str(...), units='height', win=Window(...), wrapWidth=1)
12.2179 	EXP 	window1: mouseVisible = True
12.2202 	EXP 	Created baseline_target = ShapeStim(__class__=<class 'psychopy.visual.shape.ShapeStim'>, autoDraw=False, autoLog=True, closeShape=True, contrast=1.0, depth=0.0, fillColor=array([1., 1., 1.]), fillColorSpace='rgb', interpolate=True, lineColor=array([1., 1., 1.]), lineColorSpace='rgb', lineWidth=1, name='baseline_target', opacity=1.0, ori=array(45.), pos=array([0., 0.]), size=array([0.05, 0.05]), units='height', vertices=ndarray(...), win=Window(...), windingRule=None)
12.2233 	EXP 	Created baseline_fixation = Polygon(__class__=<class 'psychopy.visual.polygon.Polygon'>, autoDraw=False, autoLog=True, closeShape=True, color=method-wrapper(...), colorSpace=None, contrast=1.0, depth=-1.0, fillColor=array([1., 0., 0.]), fillColorSpace='rgb', fillRGB=array([1., 0., 0.]), interpolate=True, lineColor=array([1., 0., 0.]), lineColorSpace='rgb', lineRGB=array([1., 0., 0.]), lineWidth=1, name='baseline_fixation', opacity=1.0, ori=array(0.), pos=array([0., 0.]), size=array([0.025, 0.025]), units='height', vertices=ndarray(...), win=Window(...))
12.2234 	EXP 	window1: mouseVisible = True
12.2257 	EXP 	Created baseline_target_feedback = ShapeStim(__class__=<class 'psychopy.visual.shape.ShapeStim'>, autoDraw=False, autoLog=True, closeShape=True, contrast=1.0, depth=0.0, fillColor=array([1., 1., 1.]), fillColorSpace='rgb', interpolate=True, lineColor=array([1., 1., 1.]), lineColorSpace='rgb', lineWidth=1, name='baseline_target_feedback', opacity=1.0, ori=array(45.), pos=array([0., 0.]), size=array([0.05, 0.05]), units='height', vertices=ndarray(...), win=Window(...), windingRule=None)
12.2288 	EXP 	Created baseline_fixation_feedback = Polygon(__class__=<class 'psychopy.visual.polygon.Polygon'>, autoDraw=False, autoLog=True, closeShape=True, color=method-wrapper(...), colorSpace=None, contrast=1.0, depth=-1.0, fillColor=array([1., 0., 0.]), fillColorSpace='rgb', fillRGB=array([1., 0., 0.]), interpolate=True, lineColor=array([1., 0., 0.]), lineColorSpace='rgb', lineRGB=array([1., 0., 0.]), lineWidth=1, name='baseline_fixation_feedback', opacity=1.0, ori=array(0.), pos=array([0., 0.]), size=array([0.025, 0.025]), units='height', vertices=ndarray(...), win=Window(...))
12.2481 	EXP 	Created text_2 = TextStim(__class__=<class 'psychopy.visual.text.TextStim'>, alignHoriz=method-wrapper(...), alignText='center', alignVert=method-wrapper(...), anchorHoriz='center', anchorVert='center', antialias=True, autoLog=True, bold=False, color='white', colorSpace='named', contrast=1.0, depth=0.0, flipHoriz=False, flipVert=False, font='Arial', fontFiles=[], height=0.04, italic=False, languageStyle='LTR', name='text_2', opacity=1.0, ori=0, pos=array([0., 0.]), rgb=array([255., 255., 255.]), text=str(...), units='height', win=Window(...), wrapWidth=1)
12.2482 	EXP 	window1: mouseVisible = True
12.2509 	EXP 	Created rotated_target = ShapeStim(__class__=<class 'psychopy.visual.shape.ShapeStim'>, autoDraw=False, autoLog=True, closeShape=True, contrast=1.0, depth=0.0, fillColor=array([1., 1., 1.]), fillColorSpace='rgb', interpolate=True, lineColor=array([1., 1., 1.]), lineColorSpace='rgb', lineWidth=1, name='rotated_target', opacity=1.0, ori=array(45.), pos=array([0., 0.]), size=array([0.05, 0.05]), units='height', vertices=ndarray(...), win=Window(...), windingRule=None)
12.2544 	EXP 	Created rotated_fixation = Polygon(__class__=<class 'psychopy.visual.polygon.Polygon'>, autoDraw=False, autoLog=True, closeShape=True, color=method-wrapper(...), colorSpace=None, contrast=1.0, depth=-1.0, fillColor=array([1., 0., 0.]), fillColorSpace='rgb', fillRGB=array([1., 0., 0.]), interpolate=True, lineColor=array([1., 0., 0.]), lineColorSpace='rgb', lineRGB=array([1., 0., 0.]), lineWidth=1, name='rotated_fixation', opacity=1.0, ori=array(0.), pos=array([0., 0.]), size=array([0.025, 0.025]), units='height', vertices=ndarray(...), win=Window(...))
12.2545 	EXP 	window1: mouseVisible = True
12.2575 	EXP 	Created rotated_target_feedback = ShapeStim(__class__=<class 'psychopy.visual.shape.ShapeStim'>, autoDraw=False, autoLog=True, closeShape=True, contrast=1.0, depth=0.0, fillColor=array([1., 1., 1.]), fillColorSpace='rgb', interpolate=True, lineColor=array([1., 1., 1.]), lineColorSpace='rgb', lineWidth=1, name='rotated_target_feedback', opacity=1.0, ori=array(45.), pos=array([0., 0.]), size=array([0.05, 0.05]), units='height', vertices=ndarray(...), win=Window(...), windingRule=None)
12.2619 	EXP 	Created rotated_fixation_feedback = Polygon(__class__=<class 'psychopy.visual.polygon.Polygon'>, autoDraw=False, autoLog=True, closeShape=True, color=method-wrapper(...), colorSpace=None, contrast=1.0, depth=-1.0, fillColor=array([1., 0., 0.]), fillColorSpace='rgb', fillRGB=array([1., 0., 0.]), interpolate=True, lineColor=array([1., 0., 0.]), lineColorSpace='rgb', lineRGB=array([1., 0., 0.]), lineWidth=1, name='rotated_fixation_feedback', opacity=1.0, ori=array(0.), pos=array([0., 0.]), size=array([0.025, 0.025]), units='height', vertices=ndarray(...), win=Window(...))
12.2841 	EXP 	Created rotated_breaks = TextStim(__class__=<class 'psychopy.visual.text.TextStim'>, alignHoriz=method-wrapper(...), alignText='center', alignVert=method-wrapper(...), anchorHoriz='center', anchorVert='center', antialias=True, autoLog=True, bold=False, color='white', colorSpace='named', contrast=1.0, depth=0.0, flipHoriz=False, flipVert=False, font='Arial', fontFiles=[], height=0.04, italic=False, languageStyle='LTR', name='rotated_breaks', opacity=1.0, ori=0, pos=array([0., 0.]), rgb=array([255., 255., 255.]), text=str(...), units='height', win=Window(...), wrapWidth=1)
12.2842 	EXP 	window1: mouseVisible = True
12.2873 	EXP 	Created transfer_target = ShapeStim(__class__=<class 'psychopy.visual.shape.ShapeStim'>, autoDraw=False, autoLog=True, closeShape=True, contrast=1.0, depth=0.0, fillColor=array([1., 1., 1.]), fillColorSpace='rgb', interpolate=True, lineColor=array([1., 1., 1.]), lineColorSpace='rgb', lineWidth=1, name='transfer_target', opacity=1.0, ori=array(45.), pos=array([0., 0.]), size=array([0.05, 0.05]), units='height', vertices=ndarray(...), win=Window(...), windingRule=None)
12.2917 	EXP 	Created transfer_fixation = Polygon(__class__=<class 'psychopy.visual.polygon.Polygon'>, autoDraw=False, autoLog=True, closeShape=True, color=method-wrapper(...), colorSpace=None, contrast=1.0, depth=-1.0, fillColor=array([1., 0., 0.]), fillColorSpace='rgb', fillRGB=array([1., 0., 0.]), interpolate=True, lineColor=array([1., 0., 0.]), lineColorSpace='rgb', lineRGB=array([1., 0., 0.]), lineWidth=1, name='transfer_fixation', opacity=1.0, ori=array(0.), pos=array([0., 0.]), size=array([0.025, 0.025]), units='height', vertices=ndarray(...), win=Window(...))
12.2918 	EXP 	window1: mouseVisible = True
12.2949 	EXP 	Created transfer_target_feedback = ShapeStim(__class__=<class 'psychopy.visual.shape.ShapeStim'>, autoDraw=False, autoLog=True, closeShape=True, contrast=1.0, depth=0.0, fillColor=array([1., 1., 1.]), fillColorSpace='rgb', interpolate=True, lineColor=array([1., 1., 1.]), lineColorSpace='rgb', lineWidth=1, name='transfer_target_feedback', opacity=1.0, ori=array(45.), pos=array([0., 0.]), size=array([0.05, 0.05]), units='height', vertices=ndarray(...), win=Window(...), windingRule=None)
12.2995 	EXP 	Created transfer_fixation_feedback = Polygon(__class__=<class 'psychopy.visual.polygon.Polygon'>, autoDraw=False, autoLog=True, closeShape=True, color=method-wrapper(...), colorSpace=None, contrast=1.0, depth=-1.0, fillColor=array([1., 0., 0.]), fillColorSpace='rgb', fillRGB=array([1., 0., 0.]), interpolate=True, lineColor=array([1., 0., 0.]), lineColorSpace='rgb', lineRGB=array([1., 0., 0.]), lineWidth=1, name='transfer_fixation_feedback', opacity=1.0, ori=array(0.), pos=array([0., 0.]), size=array([0.025, 0.025]), units='height', vertices=ndarray(...), win=Window(...))
12.3130 	EXP 	Created done_text = TextStim(__class__=<class 'psychopy.visual.text.TextStim'>, alignHoriz=method-wrapper(...), alignText='center', alignVert=method-wrapper(...), anchorHoriz='center', anchorVert='center', antialias=True, autoLog=True, bold=False, color='white', colorSpace='named', contrast=1.0, depth=0.0, flipHoriz=False, flipVert=False, font='Arial', fontFiles=[], height=0.04, italic=False, languageStyle='LTR', name='done_text', opacity=1.0, ori=0, pos=array([0., 0.]), rgb=array([255., 255., 255.]), text=str(...), units='height', win=Window(...), wrapWidth=1)
12.3131 	EXP 	window1: mouseVisible = True
12.3509 	EXP 	Welcome: autoDraw = True
13.7464 	DATA 	Mouse: Left button down, pos=(795,639)
13.7499 	EXP 	Created sequence: random, trialTypes=1, nReps=2, seed=None
13.7512 	EXP 	New trial (rep=0, index=0): None
13.7611 	EXP 	Welcome: autoDraw = False
13.7611 	EXP 	text: autoDraw = True
13.8657 	DATA 	Mouse:  Left button up, pos=(795,639)
15.3653 	DATA 	Mouse: Left button down, pos=(795,639)
15.4746 	EXP 	Imported conditions_demo.xlsx as conditions, 4 conditions, 3 params
15.4750 	EXP 	Created sequence: random, trialTypes=4, nReps=1, seed=None
15.4754 	EXP 	New trial (rep=0, index=0): OrderedDict([('target_x', -0.3), ('target_y', 0.3), ('rotation', 0)])
15.4765 	EXP 	window1: mouseVisible = False
15.4898 	EXP 	text: autoDraw = False
15.4898 	EXP 	demo_target: pos = array([-0.3,  0.3])
15.4898 	EXP 	demo_fixation: pos = array([0., 0.])
15.4898 	EXP 	demo_fixation: opacity = 1
15.4898 	EXP 	demo_fixation: pos = [0, 0]
15.4898 	EXP 	demo_enclosing: autoDraw = True
15.4898 	EXP 	demo_target: autoDraw = True
15.4898 	EXP 	demo_fixation: autoDraw = True
15.4898 	EXP 	demo_fixation: opacity = 0
15.4903 	EXP 	window1: mouseVisible = False
15.5092 	EXP 	demo_fixation: opacity = 0
15.5096 	EXP 	window1: mouseVisible = False
15.5256 	EXP 	demo_fixation: opacity = 0
15.5260 	EXP 	window1: mouseVisible = False
15.5425 	EXP 	demo_fixation: opacity = 0
15.5429 	EXP 	window1: mouseVisible = False
15.5597 	EXP 	demo_fixation: opacity = 0
15.5604 	EXP 	window1: mouseVisible = False
15.5766 	EXP 	demo_fixation: opacity = 0
15.5780 	DATA 	Mouse:  Left button up, pos=(795,639)
15.5782 	EXP 	window1: mouseVisible = False
15.5930 	EXP 	demo_fixation: opacity = 1
15.5930 	EXP 	demo_fixation: pos = [0, 0]
15.5943 	EXP 	window1: mouseVisible = False
15.6099 	EXP 	demo_fixation: opacity = 1
15.6099 	EXP 	demo_fixation: pos = [0, 0]
15.6116 	EXP 	window1: mouseVisible = False
15.6265 	EXP 	demo_fixation: opacity = 1
15.6265 	EXP 	demo_fixation: pos = [0, 0]
15.6277 	EXP 	window1: mouseVisible = False
15.6431 	EXP 	demo_fixation: opacity = 1
15.6431 	EXP 	demo_fixation: pos = [0, 0]
15.6443 	EXP 	window1: mouseVisible = False
15.6597 	EXP 	demo_fixation: opacity = 1
15.6597 	EXP 	demo_fixation: pos = [0, 0]
15.6611 	EXP 	window1: mouseVisible = False
15.6764 	EXP 	demo_fixation: opacity = 1
15.6764 	EXP 	demo_fixation: pos = [0, 0]
15.6779 	EXP 	window1: mouseVisible = False
15.6932 	EXP 	demo_fixation: opacity = 1
15.6932 	EXP 	demo_fixation: pos = [0, 0]
15.6948 	EXP 	window1: mouseVisible = False
15.7097 	EXP 	demo_fixation: opacity = 1
15.7097 	EXP 	demo_fixation: pos = [0, 0]
15.7109 	EXP 	window1: mouseVisible = False
15.7262 	EXP 	demo_fixation: opacity = 1
15.7262 	EXP 	demo_fixation: pos = [0, 0]
15.7275 	EXP 	window1: mouseVisible = False
15.7432 	EXP 	demo_fixation: opacity = 1
15.7432 	EXP 	demo_fixation: pos = [0, 0]
15.7445 	EXP 	window1: mouseVisible = False
15.7600 	EXP 	demo_fixation: opacity = 1
15.7600 	EXP 	demo_fixation: pos = [0, 0]
15.7613 	EXP 	window1: mouseVisible = False
15.7763 	EXP 	demo_fixation: opacity = 1
15.7763 	EXP 	demo_fixation: pos = [0, 0]
15.7775 	EXP 	window1: mouseVisible = False
15.7929 	EXP 	demo_fixation: opacity = 1
15.7929 	EXP 	demo_fixation: pos = [0, 0]
15.7947 	EXP 	window1: mouseVisible = False
15.8095 	EXP 	demo_fixation: opacity = 1
15.8095 	EXP 	demo_fixation: pos = [0, 0]
15.8107 	EXP 	window1: mouseVisible = False
15.8263 	EXP 	demo_fixation: opacity = 1
15.8263 	EXP 	demo_fixation: pos = [0, 0]
15.8275 	EXP 	window1: mouseVisible = False
15.8430 	EXP 	demo_fixation: opacity = 1
15.8430 	EXP 	demo_fixation: pos = [0, 0]
15.8445 	EXP 	window1: mouseVisible = False
15.8595 	EXP 	demo_fixation: opacity = 1
15.8595 	EXP 	demo_fixation: pos = [0, 0]
15.8607 	EXP 	window1: mouseVisible = False
15.8762 	EXP 	demo_fixation: opacity = 1
15.8762 	EXP 	demo_fixation: pos = [0, 0]
15.8775 	EXP 	window1: mouseVisible = False
15.8927 	EXP 	demo_fixation: opacity = 1
15.8927 	EXP 	demo_fixation: pos = [0, 0]
15.8939 	EXP 	window1: mouseVisible = False
15.9096 	EXP 	demo_fixation: opacity = 1
15.9096 	EXP 	demo_fixation: pos = [0, 0]
15.9108 	EXP 	window1: mouseVisible = False
15.9262 	EXP 	demo_fixation: opacity = 1
15.9262 	EXP 	demo_fixation: pos = [0, 0]
15.9274 	EXP 	window1: mouseVisible = False
15.9427 	EXP 	demo_fixation: opacity = 1
15.9427 	EXP 	demo_fixation: pos = [0, 0]
15.9440 	EXP 	window1: mouseVisible = False
15.9601 	EXP 	demo_fixation: opacity = 1
15.9601 	EXP 	demo_fixation: pos = [0, 0]
15.9619 	EXP 	window1: mouseVisible = False
15.9762 	EXP 	demo_fixation: opacity = 1
15.9762 	EXP 	demo_fixation: pos = [0, 0]
15.9774 	EXP 	window1: mouseVisible = False
15.9927 	EXP 	demo_fixation: opacity = 1
15.9927 	EXP 	demo_fixation: pos = [0, 0]
15.9939 	EXP 	window1: mouseVisible = False
16.0095 	EXP 	demo_fixation: opacity = 1
16.0095 	EXP 	demo_fixation: pos = [0, 0]
16.0107 	EXP 	window1: mouseVisible = False
16.0260 	EXP 	demo_fixation: opacity = 1
16.0260 	EXP 	demo_fixation: pos = [0, 0]
16.0272 	EXP 	window1: mouseVisible = False
16.0427 	EXP 	demo_fixation: opacity = 1
16.0427 	EXP 	demo_fixation: pos = [0, 0]
16.0444 	EXP 	window1: mouseVisible = False
16.0594 	EXP 	demo_fixation: opacity = 1
16.0594 	EXP 	demo_fixation: pos = [0, 0]
16.0606 	EXP 	window1: mouseVisible = False
16.0761 	EXP 	demo_fixation: opacity = 1
16.0761 	EXP 	demo_fixation: pos = [0, 0]
16.0776 	EXP 	window1: mouseVisible = False
16.0928 	EXP 	demo_fixation: opacity = 1
16.0928 	EXP 	demo_fixation: pos = [0, 0]
16.0940 	EXP 	window1: mouseVisible = False
16.1094 	EXP 	demo_fixation: opacity = 1
16.1094 	EXP 	demo_fixation: pos = [0, 0]
16.1106 	EXP 	window1: mouseVisible = False
16.1261 	EXP 	demo_fixation: opacity = 1
16.1261 	EXP 	demo_fixation: pos = [0, 0]
16.1272 	EXP 	window1: mouseVisible = False
16.1425 	EXP 	demo_fixation: opacity = 1
16.1425 	EXP 	demo_fixation: pos = [0, 0]
16.1437 	EXP 	window1: mouseVisible = False
16.1593 	EXP 	demo_fixation: opacity = 1
16.1593 	EXP 	demo_fixation: pos = [0, 0]
16.1605 	EXP 	window1: mouseVisible = False
16.1758 	EXP 	demo_fixation: opacity = 1
16.1758 	EXP 	demo_fixation: pos = [0, 0]
16.1773 	EXP 	window1: mouseVisible = False
16.1926 	EXP 	demo_fixation: opacity = 1
16.1926 	EXP 	demo_fixation: pos = [0, 0]
16.1938 	EXP 	window1: mouseVisible = False
16.2092 	EXP 	demo_fixation: opacity = 1
16.2092 	EXP 	demo_fixation: pos = [0, 0]
16.2105 	EXP 	window1: mouseVisible = False
16.2259 	EXP 	demo_fixation: opacity = 1
16.2259 	EXP 	demo_fixation: pos = [0, 0]
16.2272 	EXP 	window1: mouseVisible = False
16.2426 	EXP 	demo_fixation: opacity = 1
16.2426 	EXP 	demo_fixation: pos = [0, 0]
16.2438 	EXP 	window1: mouseVisible = False
16.2592 	EXP 	demo_fixation: opacity = 1
16.2592 	EXP 	demo_fixation: pos = [0, 0]
16.2605 	EXP 	window1: mouseVisible = False
16.2759 	EXP 	demo_fixation: opacity = 1
16.2759 	EXP 	demo_fixation: pos = [0, 0]
16.2771 	EXP 	window1: mouseVisible = False
16.2923 	EXP 	demo_fixation: opacity = 1
16.2923 	EXP 	demo_fixation: pos = [0, 0]
16.2958 	EXP 	window1: mouseVisible = False
16.3090 	EXP 	demo_fixation: opacity = 1
16.3090 	EXP 	demo_fixation: pos = [0, 0]
16.3103 	EXP 	window1: mouseVisible = False
16.3258 	EXP 	demo_fixation: opacity = 1
16.3258 	EXP 	demo_fixation: pos = [0, 0]
16.3271 	EXP 	window1: mouseVisible = False
16.3424 	EXP 	demo_fixation: opacity = 1
16.3424 	EXP 	demo_fixation: pos = [0, 0]
16.3437 	EXP 	window1: mouseVisible = False
16.3592 	EXP 	demo_fixation: opacity = 1
16.3592 	EXP 	demo_fixation: pos = [0, 0]
16.3604 	EXP 	window1: mouseVisible = False
16.3758 	EXP 	demo_fixation: opacity = 1
16.3758 	EXP 	demo_fixation: pos = [0, 0]
16.3770 	EXP 	window1: mouseVisible = False
16.3924 	EXP 	demo_fixation: opacity = 1
16.3924 	EXP 	demo_fixation: pos = [0, 0]
16.3936 	EXP 	window1: mouseVisible = False
16.4089 	EXP 	demo_fixation: opacity = 1
16.4089 	EXP 	demo_fixation: pos = [0, 0]
16.4108 	EXP 	window1: mouseVisible = False
16.4256 	EXP 	demo_fixation: opacity = 1
16.4256 	EXP 	demo_fixation: pos = [0, 0]
16.4273 	EXP 	window1: mouseVisible = False
16.4424 	EXP 	demo_fixation: opacity = 1
16.4424 	EXP 	demo_fixation: pos = [0, 0]
16.4436 	EXP 	window1: mouseVisible = False
16.4590 	EXP 	demo_fixation: opacity = 1
16.4590 	EXP 	demo_fixation: pos = [0, 0]
16.4603 	EXP 	window1: mouseVisible = False
16.4757 	EXP 	demo_fixation: opacity = 1
16.4757 	EXP 	demo_fixation: pos = [0, 0]
16.4770 	EXP 	window1: mouseVisible = False
16.4924 	EXP 	demo_fixation: opacity = 1
16.4924 	EXP 	demo_fixation: pos = [0, 0]
16.4937 	EXP 	window1: mouseVisible = False
16.5090 	EXP 	demo_fixation: opacity = 1
16.5090 	EXP 	demo_fixation: pos = [0, 0]
16.5102 	EXP 	window1: mouseVisible = False
16.5255 	EXP 	demo_fixation: opacity = 1
16.5255 	EXP 	demo_fixation: pos = [0, 0]
16.5271 	EXP 	window1: mouseVisible = False
16.5421 	EXP 	demo_fixation: opacity = 1
16.5421 	EXP 	demo_fixation: pos = [0, 0]
16.5449 	DATA 	Mouse: Left button down, pos=(960,540)
16.5455 	EXP 	window1: mouseVisible = False
16.5594 	EXP 	demo_fixation: opacity = 0
16.5601 	EXP 	window1: mouseVisible = False
16.5754 	EXP 	demo_fixation: opacity = 0
16.5761 	EXP 	window1: mouseVisible = False
16.5922 	EXP 	demo_fixation: opacity = 0
16.5929 	EXP 	window1: mouseVisible = False
16.6087 	EXP 	demo_fixation: opacity = 0
16.6094 	EXP 	window1: mouseVisible = False
16.6253 	EXP 	demo_fixation: opacity = 0
16.6261 	EXP 	window1: mouseVisible = False
16.6422 	EXP 	demo_fixation: opacity = 0
16.6429 	EXP 	window1: mouseVisible = False
16.6589 	EXP 	demo_fixation: opacity = 0
16.6596 	EXP 	window1: mouseVisible = False
16.6754 	EXP 	demo_fixation: opacity = 0
16.6762 	EXP 	window1: mouseVisible = False
16.6921 	EXP 	demo_fixation: opacity = 0
16.6929 	EXP 	window1: mouseVisible = False
16.7088 	EXP 	demo_fixation: opacity = 0
16.7095 	EXP 	window1: mouseVisible = False
16.7254 	EXP 	demo_fixation: opacity = 0
16.7262 	EXP 	window1: mouseVisible = False
16.7421 	EXP 	demo_fixation: opacity = 0
16.7428 	EXP 	window1: mouseVisible = False
16.7588 	EXP 	demo_fixation: opacity = 0
16.7598 	EXP 	window1: mouseVisible = False
16.7754 	EXP 	demo_fixation: opacity = 0
16.7766 	EXP 	window1: mouseVisible = False
16.7919 	EXP 	demo_fixation: opacity = 0
16.7931 	EXP 	window1: mouseVisible = False
16.8089 	EXP 	demo_fixation: opacity = 0
16.8102 	EXP 	window1: mouseVisible = False
16.8252 	EXP 	demo_fixation: opacity = 0
16.8266 	EXP 	window1: mouseVisible = False
16.8420 	EXP 	demo_fixation: opacity = 0
16.8434 	EXP 	window1: mouseVisible = False
16.8586 	EXP 	demo_fixation: opacity = 0
16.8598 	EXP 	window1: mouseVisible = False
16.8754 	EXP 	demo_fixation: opacity = 0
16.8768 	EXP 	window1: mouseVisible = False
16.8918 	EXP 	demo_fixation: opacity = 0
16.8932 	EXP 	window1: mouseVisible = False
16.9086 	EXP 	demo_fixation: opacity = 0
16.9100 	EXP 	window1: mouseVisible = False
16.9250 	EXP 	demo_fixation: opacity = 0
16.9263 	EXP 	window1: mouseVisible = False
16.9419 	EXP 	demo_fixation: opacity = 0
16.9433 	EXP 	window1: mouseVisible = False
16.9589 	EXP 	demo_fixation: opacity = 0
16.9601 	EXP 	window1: mouseVisible = False
16.9752 	EXP 	demo_fixation: opacity = 0
16.9766 	EXP 	window1: mouseVisible = False
16.9919 	EXP 	demo_fixation: opacity = 0
16.9942 	EXP 	window1: mouseVisible = False
17.0090 	EXP 	demo_fixation: opacity = 0
17.0110 	EXP 	window1: mouseVisible = False
17.0252 	EXP 	demo_fixation: opacity = 0
17.0264 	EXP 	window1: mouseVisible = False
17.0418 	EXP 	demo_fixation: opacity = 0
17.0432 	EXP 	window1: mouseVisible = False
17.0584 	EXP 	demo_fixation: opacity = 0
17.0608 	EXP 	window1: mouseVisible = False
17.0752 	EXP 	demo_fixation: opacity = 0
17.0764 	EXP 	window1: mouseVisible = False
17.0919 	EXP 	demo_fixation: opacity = 0
17.0933 	EXP 	window1: mouseVisible = False
17.1083 	EXP 	demo_fixation: opacity = 0
17.1097 	EXP 	window1: mouseVisible = False
17.1252 	EXP 	demo_fixation: opacity = 0
17.1266 	EXP 	window1: mouseVisible = False
17.1417 	EXP 	demo_fixation: opacity = 0
17.1435 	EXP 	window1: mouseVisible = False
17.1583 	EXP 	demo_fixation: opacity = 0
17.1596 	EXP 	window1: mouseVisible = False
17.1750 	EXP 	demo_fixation: opacity = 0
17.1764 	EXP 	window1: mouseVisible = False
17.1915 	EXP 	demo_fixation: opacity = 0
17.1928 	EXP 	window1: mouseVisible = False
17.2087 	EXP 	demo_fixation: opacity = 0
17.2099 	EXP 	window1: mouseVisible = False
17.2249 	EXP 	demo_fixation: opacity = 0
17.2262 	EXP 	window1: mouseVisible = False
17.2416 	EXP 	demo_fixation: opacity = 0
17.2429 	EXP 	window1: mouseVisible = False
17.2704 	EXP 	demo_fixation: opacity = 0
17.2704 	EXP 	demo_fixation: pos = array([-0.34166667,  0.28611111])
17.2704 	EXP 	demo_fixation: opacity = 1
17.2704 	EXP 	demo_enclosing: autoDraw = False
17.2704 	EXP 	demo_target: autoDraw = False
17.2704 	EXP 	demo_fixation: autoDraw = False
17.2704 	EXP 	demo_fixation: opacity = 1
17.2704 	EXP 	demo_target_feedback: pos = array([-0.3,  0.3])
17.2704 	EXP 	demo_fixation_feedback: pos = array([-0.34166667,  0.28611111])
17.2704 	EXP 	demo_enclosing_feedback: autoDraw = True
17.2704 	EXP 	demo_target_feedback: autoDraw = True
17.2704 	EXP 	demo_fixation_feedback: autoDraw = True
17.7640 	EXP 	New trial (rep=0, index=1): OrderedDict([('target_x', 0.3), ('target_y', 0.3), ('rotation', 0)])
17.7668 	EXP 	window1: mouseVisible = False
17.7890 	EXP 	demo_enclosing_feedback: autoDraw = False
17.7890 	EXP 	demo_target_feedback: autoDraw = False
17.7890 	EXP 	demo_fixation_feedback: autoDraw = False
17.7890 	EXP 	demo_enclosing_feedback: autoDraw = False
17.7890 	EXP 	demo_target_feedback: autoDraw = False
17.7890 	EXP 	demo_fixation_feedback: autoDraw = False
17.7890 	EXP 	demo_target: pos = array([0.3, 0.3])
17.7890 	EXP 	demo_fixation: pos = array([0., 0.])
17.7890 	EXP 	demo_fixation: opacity = 1
17.7890 	EXP 	demo_fixation: pos = [0, 0]
17.7890 	EXP 	demo_enclosing: autoDraw = True
17.7890 	EXP 	demo_target: autoDraw = True
17.7890 	EXP 	demo_fixation: autoDraw = True
17.7890 	EXP 	demo_fixation: opacity = 0
17.7899 	EXP 	window1: mouseVisible = False
17.8076 	EXP 	demo_fixation: opacity = 0
17.8083 	EXP 	window1: mouseVisible = False
17.8244 	EXP 	demo_fixation: opacity = 0
17.8251 	EXP 	window1: mouseVisible = False
17.8410 	EXP 	demo_fixation: opacity = 0
17.8417 	EXP 	window1: mouseVisible = False
17.8576 	EXP 	demo_fixation: opacity = 0
17.8583 	EXP 	window1: mouseVisible = False
17.8743 	EXP 	demo_fixation: opacity = 0
17.8751 	EXP 	window1: mouseVisible = False
17.8908 	EXP 	demo_fixation: opacity = 0
17.8915 	EXP 	window1: mouseVisible = False
17.9077 	EXP 	demo_fixation: opacity = 0
17.9084 	EXP 	window1: mouseVisible = False
17.9243 	EXP 	demo_fixation: opacity = 0
17.9250 	EXP 	window1: mouseVisible = False
17.9409 	EXP 	demo_fixation: opacity = 0
17.9417 	EXP 	window1: mouseVisible = False
17.9579 	EXP 	demo_fixation: opacity = 0
17.9587 	EXP 	window1: mouseVisible = False
17.9744 	EXP 	demo_fixation: opacity = 0
17.9751 	EXP 	window1: mouseVisible = False
17.9908 	EXP 	demo_fixation: opacity = 0
17.9915 	EXP 	window1: mouseVisible = False
18.0075 	EXP 	demo_fixation: opacity = 0
18.0083 	EXP 	window1: mouseVisible = False
18.0241 	EXP 	demo_fixation: opacity = 0
18.0248 	EXP 	window1: mouseVisible = False
18.0407 	EXP 	demo_fixation: opacity = 0
18.0415 	EXP 	window1: mouseVisible = False
18.0573 	EXP 	demo_fixation: opacity = 0
18.0580 	EXP 	window1: mouseVisible = False
18.0741 	EXP 	demo_fixation: opacity = 0
18.0748 	EXP 	window1: mouseVisible = False
18.0906 	EXP 	demo_fixation: opacity = 0
18.0914 	EXP 	window1: mouseVisible = False
18.1074 	EXP 	demo_fixation: opacity = 0
18.1081 	EXP 	window1: mouseVisible = False
18.1240 	EXP 	demo_fixation: opacity = 0
18.1247 	EXP 	window1: mouseVisible = False
18.1408 	EXP 	demo_fixation: opacity = 0
18.1415 	EXP 	window1: mouseVisible = False
18.1575 	EXP 	demo_fixation: opacity = 0
18.1585 	EXP 	window1: mouseVisible = False
18.1637 	DATA 	Mouse:  Left button up, pos=(517,909)
18.1741 	EXP 	demo_fixation: opacity = 0
18.1753 	EXP 	window1: mouseVisible = False
18.1906 	EXP 	demo_fixation: opacity = 1
18.1906 	EXP 	demo_fixation: pos = [0, 0]
18.1919 	EXP 	window1: mouseVisible = False
18.2074 	EXP 	demo_fixation: opacity = 1
18.2074 	EXP 	demo_fixation: pos = [0, 0]
18.2090 	EXP 	window1: mouseVisible = False
18.2249 	EXP 	demo_fixation: opacity = 1
18.2249 	EXP 	demo_fixation: pos = [0, 0]
18.2267 	EXP 	window1: mouseVisible = False
18.2415 	EXP 	demo_fixation: opacity = 1
18.2415 	EXP 	demo_fixation: pos = [0, 0]
18.2430 	EXP 	window1: mouseVisible = False
18.2573 	EXP 	demo_fixation: opacity = 1
18.2573 	EXP 	demo_fixation: pos = [0, 0]
18.2585 	EXP 	window1: mouseVisible = False
18.2738 	EXP 	demo_fixation: opacity = 1
18.2738 	EXP 	demo_fixation: pos = [0, 0]
18.2750 	EXP 	window1: mouseVisible = False
18.2905 	EXP 	demo_fixation: opacity = 1
18.2905 	EXP 	demo_fixation: pos = [0, 0]
18.2918 	EXP 	window1: mouseVisible = False
18.3073 	EXP 	demo_fixation: opacity = 1
18.3073 	EXP 	demo_fixation: pos = [0, 0]
18.3086 	EXP 	window1: mouseVisible = False
18.3240 	EXP 	demo_fixation: opacity = 1
18.3240 	EXP 	demo_fixation: pos = [0, 0]
18.3252 	EXP 	window1: mouseVisible = False
18.3407 	EXP 	demo_fixation: opacity = 1
18.3407 	EXP 	demo_fixation: pos = [0, 0]
18.3419 	EXP 	window1: mouseVisible = False
18.3573 	EXP 	demo_fixation: opacity = 1
18.3573 	EXP 	demo_fixation: pos = [0, 0]
18.3587 	EXP 	window1: mouseVisible = False
18.3740 	EXP 	demo_fixation: opacity = 1
18.3740 	EXP 	demo_fixation: pos = [0, 0]
18.3756 	EXP 	window1: mouseVisible = False
18.3905 	EXP 	demo_fixation: opacity = 1
18.3905 	EXP 	demo_fixation: pos = [0, 0]
18.3917 	EXP 	window1: mouseVisible = False
18.4071 	EXP 	demo_fixation: opacity = 1
18.4071 	EXP 	demo_fixation: pos = [0, 0]
18.4083 	EXP 	window1: mouseVisible = False
18.4236 	EXP 	demo_fixation: opacity = 1
18.4236 	EXP 	demo_fixation: pos = [0, 0]
18.4249 	EXP 	window1: mouseVisible = False
18.4406 	EXP 	demo_fixation: opacity = 1
18.4406 	EXP 	demo_fixation: pos = [0, 0]
18.4418 	EXP 	window1: mouseVisible = False
18.4572 	EXP 	demo_fixation: opacity = 1
18.4572 	EXP 	demo_fixation: pos = [0, 0]
18.4584 	EXP 	window1: mouseVisible = False
18.4738 	EXP 	demo_fixation: opacity = 1
18.4738 	EXP 	demo_fixation: pos = [0, 0]
18.4752 	EXP 	window1: mouseVisible = False
18.4903 	EXP 	demo_fixation: opacity = 1
18.4903 	EXP 	demo_fixation: pos = [0, 0]
18.4915 	EXP 	window1: mouseVisible = False
18.5071 	EXP 	demo_fixation: opacity = 1
18.5071 	EXP 	demo_fixation: pos = [0, 0]
18.5084 	EXP 	window1: mouseVisible = False
18.5238 	EXP 	demo_fixation: opacity = 1
18.5238 	EXP 	demo_fixation: pos = [0, 0]
18.5250 	EXP 	window1: mouseVisible = False
18.5404 	EXP 	demo_fixation: opacity = 1
18.5404 	EXP 	demo_fixation: pos = [0, 0]
18.5416 	EXP 	window1: mouseVisible = False
18.5571 	EXP 	demo_fixation: opacity = 1
18.5571 	EXP 	demo_fixation: pos = [0, 0]
18.5583 	EXP 	window1: mouseVisible = False
18.5737 	EXP 	demo_fixation: opacity = 1
18.5737 	EXP 	demo_fixation: pos = [0, 0]
18.5749 	EXP 	window1: mouseVisible = False
18.5902 	EXP 	demo_fixation: opacity = 1
18.5902 	EXP 	demo_fixation: pos = [0, 0]
18.5915 	EXP 	window1: mouseVisible = False
18.6070 	EXP 	demo_fixation: opacity = 1
18.6070 	EXP 	demo_fixation: pos = [0, 0]
18.6083 	EXP 	window1: mouseVisible = False
18.6236 	EXP 	demo_fixation: opacity = 1
18.6236 	EXP 	demo_fixation: pos = [0, 0]
18.6249 	EXP 	window1: mouseVisible = False
18.6403 	EXP 	demo_fixation: opacity = 1
18.6403 	EXP 	demo_fixation: pos = [0, 0]
18.6416 	EXP 	window1: mouseVisible = False
18.6569 	EXP 	demo_fixation: opacity = 1
18.6569 	EXP 	demo_fixation: pos = [0, 0]
18.6583 	EXP 	window1: mouseVisible = False
18.6737 	EXP 	demo_fixation: opacity = 1
18.6737 	EXP 	demo_fixation: pos = [0, 0]
18.6751 	EXP 	window1: mouseVisible = False
18.6902 	EXP 	demo_fixation: opacity = 1
18.6902 	EXP 	demo_fixation: pos = [0, 0]
18.6920 	EXP 	window1: mouseVisible = False
18.7070 	EXP 	demo_fixation: opacity = 1
18.7070 	EXP 	demo_fixation: pos = [0, 0]
18.7088 	EXP 	window1: mouseVisible = False
18.7237 	EXP 	demo_fixation: opacity = 1
18.7237 	EXP 	demo_fixation: pos = [0, 0]
18.7250 	EXP 	window1: mouseVisible = False
18.7402 	EXP 	demo_fixation: opacity = 1
18.7402 	EXP 	demo_fixation: pos = [0, 0]
18.7415 	EXP 	window1: mouseVisible = False
18.7569 	EXP 	demo_fixation: opacity = 1
18.7569 	EXP 	demo_fixation: pos = [0, 0]
18.7581 	EXP 	window1: mouseVisible = False
18.7734 	EXP 	demo_fixation: opacity = 1
18.7734 	EXP 	demo_fixation: pos = [0, 0]
18.7746 	EXP 	window1: mouseVisible = False
18.7900 	EXP 	demo_fixation: opacity = 1
18.7900 	EXP 	demo_fixation: pos = [0, 0]
18.7912 	EXP 	window1: mouseVisible = False
18.8069 	EXP 	demo_fixation: opacity = 1
18.8069 	EXP 	demo_fixation: pos = [0, 0]
18.8081 	EXP 	window1: mouseVisible = False
18.8238 	EXP 	demo_fixation: opacity = 1
18.8238 	EXP 	demo_fixation: pos = [0, 0]
18.8250 	EXP 	window1: mouseVisible = False
18.8400 	EXP 	demo_fixation: opacity = 1
18.8400 	EXP 	demo_fixation: pos = [0, 0]
18.8412 	EXP 	window1: mouseVisible = False
18.8569 	EXP 	demo_fixation: opacity = 1
18.8569 	EXP 	demo_fixation: pos = [0, 0]
18.8581 	EXP 	window1: mouseVisible = False
18.8734 	EXP 	demo_fixation: opacity = 1
18.8734 	EXP 	demo_fixation: pos = [0, 0]
18.8747 	EXP 	window1: mouseVisible = False
18.8900 	EXP 	demo_fixation: opacity = 1
18.8900 	EXP 	demo_fixation: pos = [0, 0]
18.8912 	EXP 	window1: mouseVisible = False
18.9071 	EXP 	demo_fixation: opacity = 1
18.9071 	EXP 	demo_fixation: pos = [0, 0]
18.9084 	EXP 	window1: mouseVisible = False
18.9235 	EXP 	demo_fixation: opacity = 1
18.9235 	EXP 	demo_fixation: pos = [0, 0]
18.9247 	EXP 	window1: mouseVisible = False
18.9399 	EXP 	demo_fixation: opacity = 1
18.9399 	EXP 	demo_fixation: pos = [0, 0]
18.9411 	EXP 	window1: mouseVisible = False
18.9566 	EXP 	demo_fixation: opacity = 1
18.9566 	EXP 	demo_fixation: pos = [0, 0]
18.9579 	EXP 	window1: mouseVisible = False
18.9733 	EXP 	demo_fixation: opacity = 1
18.9733 	EXP 	demo_fixation: pos = [0, 0]
18.9746 	EXP 	window1: mouseVisible = False
18.9899 	EXP 	demo_fixation: opacity = 1
18.9899 	EXP 	demo_fixation: pos = [0, 0]
18.9911 	EXP 	window1: mouseVisible = False
19.0067 	EXP 	demo_fixation: opacity = 1
19.0067 	EXP 	demo_fixation: pos = [0, 0]
19.0079 	EXP 	window1: mouseVisible = False
19.0234 	EXP 	demo_fixation: opacity = 1
19.0234 	EXP 	demo_fixation: pos = [0, 0]
19.0248 	EXP 	window1: mouseVisible = False
19.0399 	EXP 	demo_fixation: opacity = 1
19.0399 	EXP 	demo_fixation: pos = [0, 0]
19.0412 	EXP 	window1: mouseVisible = False
19.0566 	EXP 	demo_fixation: opacity = 1
19.0566 	EXP 	demo_fixation: pos = [0, 0]
19.0578 	EXP 	window1: mouseVisible = False
19.0733 	EXP 	demo_fixation: opacity = 1
19.0733 	EXP 	demo_fixation: pos = [0, 0]
19.0745 	EXP 	window1: mouseVisible = False
19.0898 	EXP 	demo_fixation: opacity = 1
19.0898 	EXP 	demo_fixation: pos = [0, 0]
19.0910 	EXP 	window1: mouseVisible = False
19.1064 	EXP 	demo_fixation: opacity = 1
19.1064 	EXP 	demo_fixation: pos = [0, 0]
19.1077 	EXP 	window1: mouseVisible = False
19.1233 	EXP 	demo_fixation: opacity = 1
19.1233 	EXP 	demo_fixation: pos = [0, 0]
19.1245 	EXP 	window1: mouseVisible = False
19.1398 	EXP 	demo_fixation: opacity = 1
19.1398 	EXP 	demo_fixation: pos = [0, 0]
19.1414 	EXP 	window1: mouseVisible = False
19.1563 	EXP 	demo_fixation: opacity = 1
19.1563 	EXP 	demo_fixation: pos = [0, 0]
19.1575 	EXP 	window1: mouseVisible = False
19.1730 	EXP 	demo_fixation: opacity = 1
19.1730 	EXP 	demo_fixation: pos = [0, 0]
19.1743 	EXP 	window1: mouseVisible = False
19.1897 	EXP 	demo_fixation: opacity = 1
19.1897 	EXP 	demo_fixation: pos = [0, 0]
19.1909 	EXP 	window1: mouseVisible = False
19.2064 	EXP 	demo_fixation: opacity = 1
19.2064 	EXP 	demo_fixation: pos = [0, 0]
19.2077 	EXP 	window1: mouseVisible = False
19.2231 	EXP 	demo_fixation: opacity = 1
19.2231 	EXP 	demo_fixation: pos = [0, 0]
19.2244 	EXP 	window1: mouseVisible = False
19.2398 	EXP 	demo_fixation: opacity = 1
19.2398 	EXP 	demo_fixation: pos = [0, 0]
19.2411 	EXP 	window1: mouseVisible = False
19.2563 	EXP 	demo_fixation: opacity = 1
19.2563 	EXP 	demo_fixation: pos = [0, 0]
19.2575 	EXP 	window1: mouseVisible = False
19.2750 	EXP 	demo_fixation: opacity = 1
19.2750 	EXP 	demo_fixation: pos = [0, 0]
19.2756 	EXP 	window1: mouseVisible = False
19.2886 	EXP 	demo_fixation: opacity = 1
19.2886 	EXP 	demo_fixation: pos = [0, 0]
19.2893 	EXP 	window1: mouseVisible = False
19.3058 	EXP 	demo_fixation: opacity = 1
19.3058 	EXP 	demo_fixation: pos = [0, 0]
19.3069 	EXP 	window1: mouseVisible = False
19.3230 	EXP 	demo_fixation: opacity = 1
19.3230 	EXP 	demo_fixation: pos = [0, 0]
19.3243 	EXP 	window1: mouseVisible = False
19.3397 	EXP 	demo_fixation: opacity = 1
19.3397 	EXP 	demo_fixation: pos = [0, 0]
19.3409 	EXP 	window1: mouseVisible = False
19.3563 	EXP 	demo_fixation: opacity = 1
19.3563 	EXP 	demo_fixation: pos = [0, 0]
19.3582 	EXP 	window1: mouseVisible = False
19.3728 	EXP 	demo_fixation: opacity = 1
19.3728 	EXP 	demo_fixation: pos = [0, 0]
19.3740 	EXP 	window1: mouseVisible = False
19.3896 	EXP 	demo_fixation: opacity = 1
19.3896 	EXP 	demo_fixation: pos = [0, 0]
19.3908 	EXP 	window1: mouseVisible = False
19.4061 	EXP 	demo_fixation: opacity = 1
19.4061 	EXP 	demo_fixation: pos = [0, 0]
19.4073 	EXP 	window1: mouseVisible = False
19.4229 	EXP 	demo_fixation: opacity = 1
19.4229 	EXP 	demo_fixation: pos = [0, 0]
19.4241 	EXP 	window1: mouseVisible = False
19.4396 	EXP 	demo_fixation: opacity = 1
19.4396 	EXP 	demo_fixation: pos = [0, 0]
19.4408 	EXP 	window1: mouseVisible = False
19.4563 	EXP 	demo_fixation: opacity = 1
19.4563 	EXP 	demo_fixation: pos = [0, 0]
19.4575 	EXP 	window1: mouseVisible = False
19.4726 	EXP 	demo_fixation: opacity = 1
19.4726 	EXP 	demo_fixation: pos = [0, 0]
19.4739 	EXP 	window1: mouseVisible = False
19.4894 	EXP 	demo_fixation: opacity = 1
19.4894 	EXP 	demo_fixation: pos = [0, 0]
19.4906 	EXP 	window1: mouseVisible = False
19.5061 	EXP 	demo_fixation: opacity = 1
19.5061 	EXP 	demo_fixation: pos = [0, 0]
19.5073 	EXP 	window1: mouseVisible = False
19.5229 	EXP 	demo_fixation: opacity = 1
19.5229 	EXP 	demo_fixation: pos = [0, 0]
19.5241 	EXP 	window1: mouseVisible = False
19.5395 	EXP 	demo_fixation: opacity = 1
19.5395 	EXP 	demo_fixation: pos = [0, 0]
19.5407 	EXP 	window1: mouseVisible = False
19.5562 	EXP 	demo_fixation: opacity = 1
19.5562 	EXP 	demo_fixation: pos = [0, 0]
19.5574 	EXP 	window1: mouseVisible = False
19.5729 	EXP 	demo_fixation: opacity = 1
19.5729 	EXP 	demo_fixation: pos = [0, 0]
19.5741 	EXP 	window1: mouseVisible = False
19.5893 	EXP 	demo_fixation: opacity = 1
19.5893 	EXP 	demo_fixation: pos = [0, 0]
19.5905 	EXP 	window1: mouseVisible = False
19.6061 	EXP 	demo_fixation: opacity = 1
19.6061 	EXP 	demo_fixation: pos = [0, 0]
19.6077 	EXP 	window1: mouseVisible = False
19.6226 	EXP 	demo_fixation: opacity = 1
19.6226 	EXP 	demo_fixation: pos = [0, 0]
19.6238 	EXP 	window1: mouseVisible = False
19.6392 	EXP 	demo_fixation: opacity = 1
19.6392 	EXP 	demo_fixation: pos = [0, 0]
19.6404 	EXP 	window1: mouseVisible = False
19.6560 	EXP 	demo_fixation: opacity = 1
19.6560 	EXP 	demo_fixation: pos = [0, 0]
19.6574 	EXP 	window1: mouseVisible = False
19.6726 	EXP 	demo_fixation: opacity = 1
19.6726 	EXP 	demo_fixation: pos = [0, 0]
19.6738 	EXP 	window1: mouseVisible = False
19.6894 	EXP 	demo_fixation: opacity = 1
19.6894 	EXP 	demo_fixation: pos = [0, 0]
19.6908 	EXP 	window1: mouseVisible = False
19.7058 	EXP 	demo_fixation: opacity = 1
19.7058 	EXP 	demo_fixation: pos = [0, 0]
19.7070 	EXP 	window1: mouseVisible = False
19.7227 	EXP 	demo_fixation: opacity = 1
19.7227 	EXP 	demo_fixation: pos = [0, 0]
19.7239 	EXP 	window1: mouseVisible = False
19.7393 	EXP 	demo_fixation: opacity = 1
19.7393 	EXP 	demo_fixation: pos = [0, 0]
19.7405 	EXP 	window1: mouseVisible = False
19.7559 	EXP 	demo_fixation: opacity = 1
19.7559 	EXP 	demo_fixation: pos = [0, 0]
19.7572 	EXP 	window1: mouseVisible = False
19.7727 	EXP 	demo_fixation: opacity = 1
19.7727 	EXP 	demo_fixation: pos = [0, 0]
19.7739 	EXP 	window1: mouseVisible = False
19.7891 	EXP 	demo_fixation: opacity = 1
19.7891 	EXP 	demo_fixation: pos = [0, 0]
19.7903 	EXP 	window1: mouseVisible = False
19.8058 	EXP 	demo_fixation: opacity = 1
19.8058 	EXP 	demo_fixation: pos = [0, 0]
19.8076 	EXP 	window1: mouseVisible = False
19.8225 	EXP 	demo_fixation: opacity = 1
19.8225 	EXP 	demo_fixation: pos = [0, 0]
19.8237 	EXP 	window1: mouseVisible = False
19.8390 	EXP 	demo_fixation: opacity = 1
19.8390 	EXP 	demo_fixation: pos = [0, 0]
19.8403 	EXP 	window1: mouseVisible = False
19.8557 	EXP 	demo_fixation: opacity = 1
19.8557 	EXP 	demo_fixation: pos = [0, 0]
19.8571 	EXP 	window1: mouseVisible = False
19.8724 	EXP 	demo_fixation: opacity = 1
19.8724 	EXP 	demo_fixation: pos = [0, 0]
19.8736 	EXP 	window1: mouseVisible = False
19.8891 	EXP 	demo_fixation: opacity = 1
19.8891 	EXP 	demo_fixation: pos = [0, 0]
19.8904 	EXP 	window1: mouseVisible = False
19.9056 	EXP 	demo_fixation: opacity = 1
19.9056 	EXP 	demo_fixation: pos = [0, 0]
19.9072 	EXP 	window1: mouseVisible = False
19.9224 	EXP 	demo_fixation: opacity = 1
19.9224 	EXP 	demo_fixation: pos = [0, 0]
19.9236 	EXP 	window1: mouseVisible = False
19.9389 	EXP 	demo_fixation: opacity = 1
19.9389 	EXP 	demo_fixation: pos = [0, 0]
19.9402 	EXP 	window1: mouseVisible = False
19.9559 	EXP 	demo_fixation: opacity = 1
19.9559 	EXP 	demo_fixation: pos = [0, 0]
19.9572 	EXP 	window1: mouseVisible = False
19.9726 	EXP 	demo_fixation: opacity = 1
19.9726 	EXP 	demo_fixation: pos = [0, 0]
19.9740 	EXP 	window1: mouseVisible = False
19.9891 	EXP 	demo_fixation: opacity = 1
19.9891 	EXP 	demo_fixation: pos = [0, 0]
19.9904 	EXP 	window1: mouseVisible = False
20.0057 	EXP 	demo_fixation: opacity = 1
20.0057 	EXP 	demo_fixation: pos = [0, 0]
20.0069 	EXP 	window1: mouseVisible = False
20.0224 	EXP 	demo_fixation: opacity = 1
20.0224 	EXP 	demo_fixation: pos = [0, 0]
20.0236 	EXP 	window1: mouseVisible = False
20.0389 	EXP 	demo_fixation: opacity = 1
20.0389 	EXP 	demo_fixation: pos = [0, 0]
20.0401 	EXP 	window1: mouseVisible = False
20.0556 	EXP 	demo_fixation: opacity = 1
20.0556 	EXP 	demo_fixation: pos = [0, 0]
20.0568 	EXP 	window1: mouseVisible = False
20.0723 	EXP 	demo_fixation: opacity = 1
20.0723 	EXP 	demo_fixation: pos = [0, 0]
20.0736 	EXP 	window1: mouseVisible = False
20.0887 	EXP 	demo_fixation: opacity = 1
20.0887 	EXP 	demo_fixation: pos = [0, 0]
20.0899 	EXP 	window1: mouseVisible = False
20.1054 	EXP 	demo_fixation: opacity = 1
20.1054 	EXP 	demo_fixation: pos = [0, 0]
20.1068 	EXP 	window1: mouseVisible = False
20.1222 	EXP 	demo_fixation: opacity = 1
20.1222 	EXP 	demo_fixation: pos = [0, 0]
20.1238 	EXP 	window1: mouseVisible = False
20.1390 	EXP 	demo_fixation: opacity = 1
20.1390 	EXP 	demo_fixation: pos = [0, 0]
20.1402 	EXP 	window1: mouseVisible = False
20.1556 	EXP 	demo_fixation: opacity = 1
20.1556 	EXP 	demo_fixation: pos = [0, 0]
20.1571 	DATA 	Keypress: escape
20.1575 	EXP 	window1: mouseVisible = False
20.1722 	EXP 	demo_fixation: opacity = 1
20.1722 	EXP 	demo_fixation: pos = [0, 0]
20.1734 	EXP 	window1: mouseVisible = False
20.1888 	EXP 	demo_fixation: opacity = 1
20.1888 	EXP 	demo_fixation: pos = [0, 0]
20.1901 	EXP 	window1: mouseVisible = False
20.2054 	EXP 	demo_fixation: opacity = 1
20.2054 	EXP 	demo_fixation: pos = [0, 0]
20.2066 	EXP 	window1: mouseVisible = False
20.2222 	EXP 	demo_fixation: opacity = 1
20.2222 	EXP 	demo_fixation: pos = [0, 0]
20.2234 	EXP 	window1: mouseVisible = False
20.2386 	EXP 	demo_fixation: opacity = 1
20.2386 	EXP 	demo_fixation: pos = [0, 0]
20.2399 	EXP 	window1: mouseVisible = False
20.2555 	EXP 	demo_fixation: opacity = 1
20.2555 	EXP 	demo_fixation: pos = [0, 0]
20.2568 	EXP 	window1: mouseVisible = False
20.2721 	EXP 	demo_fixation: opacity = 1
20.2721 	EXP 	demo_fixation: pos = [0, 0]
20.2733 	EXP 	window1: mouseVisible = False
20.2888 	EXP 	demo_fixation: opacity = 1
20.2888 	EXP 	demo_fixation: pos = [0, 0]
20.2900 	EXP 	window1: mouseVisible = False
20.3053 	EXP 	demo_fixation: opacity = 1
20.3053 	EXP 	demo_fixation: pos = [0, 0]
20.3065 	EXP 	window1: mouseVisible = False
20.3218 	EXP 	demo_fixation: opacity = 1
20.3218 	EXP 	demo_fixation: pos = [0, 0]
20.3230 	EXP 	window1: mouseVisible = False
20.3385 	EXP 	demo_fixation: opacity = 1
20.3385 	EXP 	demo_fixation: pos = [0, 0]
20.3409 	EXP 	window1: mouseVisible = False
20.4802 	EXP 	window1: mouseVisible = True
