1.9768 	WARNING 	We strongly recommend you activate the PTB sound engine in PsychoPy prefs as the preferred audio engine. Its timing is vastly superior. Your prefs are currently set to use ['sounddevice', 'PTB', 'pyo', 'pygame'] (in that order).
13.3708 	EXP 	Created window1 = Window(allowGUI=False, allowStencil=False, args=UNKNOWN, autoLog=True, bitsMode=UNKNOWN, blendMode='avg', bpc=(8, 8, 8), color=array([0., 0., 0.]), colorSpace='rgb', depthBits=8, fullscr=<method-wrapper '__getattribute__' of attributeSetter object at 0x000001B7CBD899E8>, gamma=None, gammaErrorPolicy='raise', kwargs=UNKNOWN, lms=UNKNOWN, monitor=<psychopy.monitors.calibTools.Monitor object at 0x000001B7CBA34A20>, multiSample=False, name='window1', numSamples=2, pos=[0.0, 0.0], screen=0, size=array([1920, 1080]), stencilBits=0, stereo=False, units='height', useFBO=True, useRetina=False, viewOri=0.0, viewPos=None, viewScale=None, waitBlanking=True, winType='pyglet')
13.3715 	EXP 	window1: mouseVisible = True
13.3717 	EXP 	window1: recordFrameIntervals = False
13.5358 	EXP 	window1: recordFrameIntervals = True
13.7194 	EXP 	window1: recordFrameIntervals = False
14.1003 	EXP 	Created Welcome = TextStim(__class__=<class 'psychopy.visual.text.TextStim'>, alignHoriz=method-wrapper(...), alignText='center', alignVert=method-wrapper(...), anchorHoriz='center', anchorVert='center', antialias=True, autoLog=True, bold=False, color='white', colorSpace='named', contrast=1.0, depth=0.0, flipHoriz=False, flipVert=False, font='Arial', fontFiles=[], height=0.04, italic=False, languageStyle='LTR', name='Welcome', opacity=1.0, ori=0, pos=array([0., 0.]), rgb=array([255., 255., 255.]), text=str(...), units='height', win=Window(...), wrapWidth=1)
14.1006 	EXP 	window1: mouseVisible = True
14.1248 	EXP 	Created text = TextStim(__class__=<class 'psychopy.visual.text.TextStim'>, alignHoriz=method-wrapper(...), alignText='center', alignVert=method-wrapper(...), anchorHoriz='center', anchorVert='center', antialias=True, autoLog=True, bold=False, color='white', colorSpace='named', contrast=1.0, depth=0.0, flipHoriz=False, flipVert=False, font='Arial', fontFiles=[], height=0.04, italic=False, languageStyle='LTR', name='text', opacity=1.0, ori=0, pos=array([0., 0.]), rgb=array([255., 255., 255.]), text=str(...), units='height', win=Window(...), wrapWidth=1)
14.1250 	EXP 	window1: mouseVisible = True
14.1413 	EXP 	Created demo_enclosing_1 = Polygon(__class__=<class 'psychopy.visual.polygon.Polygon'>, autoDraw=False, autoLog=True, closeShape=True, color=method-wrapper(...), colorSpace=None, contrast=1.0, depth=0.0, fillColor=array([0., 0., 0.]), fillColorSpace='rgb', fillRGB=array([0., 0., 0.]), interpolate=True, lineColor=array([-1., -1., -1.]), lineColorSpace='rgb', lineRGB=array([-1., -1., -1.]), lineWidth=1, name='demo_enclosing_1', opacity=1.0, ori=array(0.), pos=array([0., 0.]), size=array([0.9, 0.9]), units='height', vertices=ndarray(...), win=Window(...))
14.1523 	EXP 	Created demo_enclosing = Polygon(__class__=<class 'psychopy.visual.polygon.Polygon'>, autoDraw=False, autoLog=True, closeShape=True, color=method-wrapper(...), colorSpace=None, contrast=1.0, depth=-1.0, fillColor=array([0., 0., 0.]), fillColorSpace='rgb', fillRGB=array([0., 0., 0.]), interpolate=True, lineColor=array([-1., -1., -1.]), lineColorSpace='rgb', lineRGB=array([-1., -1., -1.]), lineWidth=1, name='demo_enclosing', opacity=1.0, ori=array(0.), pos=array([0., 0.]), size=array([0.8, 0.8]), units='height', vertices=ndarray(...), win=Window(...))
14.1578 	EXP 	Created demo_target = ShapeStim(__class__=<class 'psychopy.visual.shape.ShapeStim'>, autoDraw=False, autoLog=True, closeShape=True, contrast=1.0, depth=-2.0, fillColor=array([1., 1., 1.]), fillColorSpace='rgb', interpolate=True, lineColor=array([1., 1., 1.]), lineColorSpace='rgb', lineWidth=1, name='demo_target', opacity=1.0, ori=array(45.), pos=array([0., 0.]), size=array([0.05, 0.05]), units='height', vertices=ndarray(...), win=Window(...), windingRule=None)
14.1653 	EXP 	Created demo_fixation = Polygon(__class__=<class 'psychopy.visual.polygon.Polygon'>, autoDraw=False, autoLog=True, closeShape=True, color=method-wrapper(...), colorSpace=None, contrast=1.0, depth=-3.0, fillColor=array([1., 0., 0.]), fillColorSpace='rgb', fillRGB=array([1., 0., 0.]), interpolate=True, lineColor=array([1., 0., 0.]), lineColorSpace='rgb', lineRGB=array([1., 0., 0.]), lineWidth=1, name='demo_fixation', opacity=1.0, ori=array(0.), pos=array([0., 0.]), size=array([0.025, 0.025]), units='height', vertices=ndarray(...), win=Window(...))
14.1655 	EXP 	window1: mouseVisible = True
14.1827 	EXP 	Created demo_enclosing_feedback_1 = Polygon(__class__=<class 'psychopy.visual.polygon.Polygon'>, autoDraw=False, autoLog=True, closeShape=True, color=method-wrapper(...), colorSpace=None, contrast=1.0, depth=0.0, fillColor=array([0., 0., 0.]), fillColorSpace='rgb', fillRGB=array([0., 0., 0.]), interpolate=True, lineColor=array([-1., -1., -1.]), lineColorSpace='rgb', lineRGB=array([-1., -1., -1.]), lineWidth=1, name='demo_enclosing_feedback_1', opacity=1.0, ori=array(0.), pos=array([0., 0.]), size=array([0.9, 0.9]), units='height', vertices=ndarray(...), win=Window(...))
14.1905 	EXP 	Created demo_enclosing_feedback = Polygon(__class__=<class 'psychopy.visual.polygon.Polygon'>, autoDraw=False, autoLog=True, closeShape=True, color=method-wrapper(...), colorSpace=None, contrast=1.0, depth=-1.0, fillColor=array([0., 0., 0.]), fillColorSpace='rgb', fillRGB=array([0., 0., 0.]), interpolate=True, lineColor=array([-1., -1., -1.]), lineColorSpace='rgb', lineRGB=array([-1., -1., -1.]), lineWidth=1, name='demo_enclosing_feedback', opacity=1.0, ori=array(0.), pos=array([0., 0.]), size=array([0.8, 0.8]), units='height', vertices=ndarray(...), win=Window(...))
14.1940 	EXP 	Created demo_target_feedback = ShapeStim(__class__=<class 'psychopy.visual.shape.ShapeStim'>, autoDraw=False, autoLog=True, closeShape=True, contrast=1.0, depth=-2.0, fillColor=array([1., 1., 1.]), fillColorSpace='rgb', interpolate=True, lineColor=array([1., 1., 1.]), lineColorSpace='rgb', lineWidth=1, name='demo_target_feedback', opacity=1.0, ori=array(45.), pos=array([0., 0.]), size=array([0.05, 0.05]), units='height', vertices=ndarray(...), win=Window(...), windingRule=None)
14.1980 	EXP 	Created demo_fixation_feedback = Polygon(__class__=<class 'psychopy.visual.polygon.Polygon'>, autoDraw=False, autoLog=True, closeShape=True, color=method-wrapper(...), colorSpace=None, contrast=1.0, depth=-3.0, fillColor=array([1., 0., 0.]), fillColorSpace='rgb', fillRGB=array([1., 0., 0.]), interpolate=True, lineColor=array([1., 0., 0.]), lineColorSpace='rgb', lineRGB=array([1., 0., 0.]), lineWidth=1, name='demo_fixation_feedback', opacity=1.0, ori=array(0.), pos=array([0., 0.]), size=array([0.025, 0.025]), units='height', vertices=ndarray(...), win=Window(...))
14.2161 	EXP 	Created text_3 = TextStim(__class__=<class 'psychopy.visual.text.TextStim'>, alignHoriz=method-wrapper(...), alignText='center', alignVert=method-wrapper(...), anchorHoriz='center', anchorVert='center', antialias=True, autoLog=True, bold=False, color='white', colorSpace='named', contrast=1.0, depth=0.0, flipHoriz=False, flipVert=False, font='Arial', fontFiles=[], height=0.04, italic=False, languageStyle='LTR', name='text_3', opacity=1.0, ori=0, pos=array([0., 0.]), rgb=array([255., 255., 255.]), text=str(...), units='height', win=Window(...), wrapWidth=1)
14.2162 	EXP 	window1: mouseVisible = True
14.2195 	EXP 	Created baseline_target = ShapeStim(__class__=<class 'psychopy.visual.shape.ShapeStim'>, autoDraw=False, autoLog=True, closeShape=True, contrast=1.0, depth=0.0, fillColor=array([1., 1., 1.]), fillColorSpace='rgb', interpolate=True, lineColor=array([1., 1., 1.]), lineColorSpace='rgb', lineWidth=1, name='baseline_target', opacity=1.0, ori=array(45.), pos=array([0., 0.]), size=array([0.05, 0.05]), units='height', vertices=ndarray(...), win=Window(...), windingRule=None)
14.2239 	EXP 	Created baseline_fixation = Polygon(__class__=<class 'psychopy.visual.polygon.Polygon'>, autoDraw=False, autoLog=True, closeShape=True, color=method-wrapper(...), colorSpace=None, contrast=1.0, depth=-1.0, fillColor=array([1., 0., 0.]), fillColorSpace='rgb', fillRGB=array([1., 0., 0.]), interpolate=True, lineColor=array([1., 0., 0.]), lineColorSpace='rgb', lineRGB=array([1., 0., 0.]), lineWidth=1, name='baseline_fixation', opacity=1.0, ori=array(0.), pos=array([0., 0.]), size=array([0.025, 0.025]), units='height', vertices=ndarray(...), win=Window(...))
14.2241 	EXP 	window1: mouseVisible = True
14.2271 	EXP 	Created baseline_target_feedback = ShapeStim(__class__=<class 'psychopy.visual.shape.ShapeStim'>, autoDraw=False, autoLog=True, closeShape=True, contrast=1.0, depth=0.0, fillColor=array([1., 1., 1.]), fillColorSpace='rgb', interpolate=True, lineColor=array([1., 1., 1.]), lineColorSpace='rgb', lineWidth=1, name='baseline_target_feedback', opacity=1.0, ori=array(45.), pos=array([0., 0.]), size=array([0.05, 0.05]), units='height', vertices=ndarray(...), win=Window(...), windingRule=None)
14.2316 	EXP 	Created baseline_fixation_feedback = Polygon(__class__=<class 'psychopy.visual.polygon.Polygon'>, autoDraw=False, autoLog=True, closeShape=True, color=method-wrapper(...), colorSpace=None, contrast=1.0, depth=-1.0, fillColor=array([1., 0., 0.]), fillColorSpace='rgb', fillRGB=array([1., 0., 0.]), interpolate=True, lineColor=array([1., 0., 0.]), lineColorSpace='rgb', lineRGB=array([1., 0., 0.]), lineWidth=1, name='baseline_fixation_feedback', opacity=1.0, ori=array(0.), pos=array([0., 0.]), size=array([0.025, 0.025]), units='height', vertices=ndarray(...), win=Window(...))
14.2545 	EXP 	Created text_2 = TextStim(__class__=<class 'psychopy.visual.text.TextStim'>, alignHoriz=method-wrapper(...), alignText='center', alignVert=method-wrapper(...), anchorHoriz='center', anchorVert='center', antialias=True, autoLog=True, bold=False, color='white', colorSpace='named', contrast=1.0, depth=0.0, flipHoriz=False, flipVert=False, font='Arial', fontFiles=[], height=0.04, italic=False, languageStyle='LTR', name='text_2', opacity=1.0, ori=0, pos=array([0., 0.]), rgb=array([255., 255., 255.]), text=str(...), units='height', win=Window(...), wrapWidth=1)
14.2546 	EXP 	window1: mouseVisible = True
14.2566 	EXP 	Created rotated_target = ShapeStim(__class__=<class 'psychopy.visual.shape.ShapeStim'>, autoDraw=False, autoLog=True, closeShape=True, contrast=1.0, depth=0.0, fillColor=array([1., 1., 1.]), fillColorSpace='rgb', interpolate=True, lineColor=array([1., 1., 1.]), lineColorSpace='rgb', lineWidth=1, name='rotated_target', opacity=1.0, ori=array(45.), pos=array([0., 0.]), size=array([0.05, 0.05]), units='height', vertices=ndarray(...), win=Window(...), windingRule=None)
14.2594 	EXP 	Created rotated_fixation = Polygon(__class__=<class 'psychopy.visual.polygon.Polygon'>, autoDraw=False, autoLog=True, closeShape=True, color=method-wrapper(...), colorSpace=None, contrast=1.0, depth=-1.0, fillColor=array([1., 0., 0.]), fillColorSpace='rgb', fillRGB=array([1., 0., 0.]), interpolate=True, lineColor=array([1., 0., 0.]), lineColorSpace='rgb', lineRGB=array([1., 0., 0.]), lineWidth=1, name='rotated_fixation', opacity=1.0, ori=array(0.), pos=array([0., 0.]), size=array([0.025, 0.025]), units='height', vertices=ndarray(...), win=Window(...))
14.2595 	EXP 	window1: mouseVisible = True
14.2613 	EXP 	Created rotated_target_feedback = ShapeStim(__class__=<class 'psychopy.visual.shape.ShapeStim'>, autoDraw=False, autoLog=True, closeShape=True, contrast=1.0, depth=0.0, fillColor=array([1., 1., 1.]), fillColorSpace='rgb', interpolate=True, lineColor=array([1., 1., 1.]), lineColorSpace='rgb', lineWidth=1, name='rotated_target_feedback', opacity=1.0, ori=array(45.), pos=array([0., 0.]), size=array([0.05, 0.05]), units='height', vertices=ndarray(...), win=Window(...), windingRule=None)
14.2643 	EXP 	Created rotated_fixation_feedback = Polygon(__class__=<class 'psychopy.visual.polygon.Polygon'>, autoDraw=False, autoLog=True, closeShape=True, color=method-wrapper(...), colorSpace=None, contrast=1.0, depth=-1.0, fillColor=array([1., 0., 0.]), fillColorSpace='rgb', fillRGB=array([1., 0., 0.]), interpolate=True, lineColor=array([1., 0., 0.]), lineColorSpace='rgb', lineRGB=array([1., 0., 0.]), lineWidth=1, name='rotated_fixation_feedback', opacity=1.0, ori=array(0.), pos=array([0., 0.]), size=array([0.025, 0.025]), units='height', vertices=ndarray(...), win=Window(...))
14.2783 	EXP 	Created rotated_breaks = TextStim(__class__=<class 'psychopy.visual.text.TextStim'>, alignHoriz=method-wrapper(...), alignText='center', alignVert=method-wrapper(...), anchorHoriz='center', anchorVert='center', antialias=True, autoLog=True, bold=False, color='white', colorSpace='named', contrast=1.0, depth=0.0, flipHoriz=False, flipVert=False, font='Arial', fontFiles=[], height=0.04, italic=False, languageStyle='LTR', name='rotated_breaks', opacity=1.0, ori=0, pos=array([0., 0.]), rgb=array([255., 255., 255.]), text=str(...), units='height', win=Window(...), wrapWidth=1)
14.2784 	EXP 	window1: mouseVisible = True
14.2804 	EXP 	Created transfer_target = ShapeStim(__class__=<class 'psychopy.visual.shape.ShapeStim'>, autoDraw=False, autoLog=True, closeShape=True, contrast=1.0, depth=0.0, fillColor=array([1., 1., 1.]), fillColorSpace='rgb', interpolate=True, lineColor=array([1., 1., 1.]), lineColorSpace='rgb', lineWidth=1, name='transfer_target', opacity=1.0, ori=array(45.), pos=array([0., 0.]), size=array([0.05, 0.05]), units='height', vertices=ndarray(...), win=Window(...), windingRule=None)
14.2831 	EXP 	Created transfer_fixation = Polygon(__class__=<class 'psychopy.visual.polygon.Polygon'>, autoDraw=False, autoLog=True, closeShape=True, color=method-wrapper(...), colorSpace=None, contrast=1.0, depth=-1.0, fillColor=array([1., 0., 0.]), fillColorSpace='rgb', fillRGB=array([1., 0., 0.]), interpolate=True, lineColor=array([1., 0., 0.]), lineColorSpace='rgb', lineRGB=array([1., 0., 0.]), lineWidth=1, name='transfer_fixation', opacity=1.0, ori=array(0.), pos=array([0., 0.]), size=array([0.025, 0.025]), units='height', vertices=ndarray(...), win=Window(...))
14.2832 	EXP 	window1: mouseVisible = True
14.2851 	EXP 	Created transfer_target_feedback = ShapeStim(__class__=<class 'psychopy.visual.shape.ShapeStim'>, autoDraw=False, autoLog=True, closeShape=True, contrast=1.0, depth=0.0, fillColor=array([1., 1., 1.]), fillColorSpace='rgb', interpolate=True, lineColor=array([1., 1., 1.]), lineColorSpace='rgb', lineWidth=1, name='transfer_target_feedback', opacity=1.0, ori=array(45.), pos=array([0., 0.]), size=array([0.05, 0.05]), units='height', vertices=ndarray(...), win=Window(...), windingRule=None)
14.2878 	EXP 	Created transfer_fixation_feedback = Polygon(__class__=<class 'psychopy.visual.polygon.Polygon'>, autoDraw=False, autoLog=True, closeShape=True, color=method-wrapper(...), colorSpace=None, contrast=1.0, depth=-1.0, fillColor=array([1., 0., 0.]), fillColorSpace='rgb', fillRGB=array([1., 0., 0.]), interpolate=True, lineColor=array([1., 0., 0.]), lineColorSpace='rgb', lineRGB=array([1., 0., 0.]), lineWidth=1, name='transfer_fixation_feedback', opacity=1.0, ori=array(0.), pos=array([0., 0.]), size=array([0.025, 0.025]), units='height', vertices=ndarray(...), win=Window(...))
14.2966 	EXP 	Created done_text = TextStim(__class__=<class 'psychopy.visual.text.TextStim'>, alignHoriz=method-wrapper(...), alignText='center', alignVert=method-wrapper(...), anchorHoriz='center', anchorVert='center', antialias=True, autoLog=True, bold=False, color='white', colorSpace='named', contrast=1.0, depth=0.0, flipHoriz=False, flipVert=False, font='Arial', fontFiles=[], height=0.04, italic=False, languageStyle='LTR', name='done_text', opacity=1.0, ori=0, pos=array([0., 0.]), rgb=array([255., 255., 255.]), text=str(...), units='height', win=Window(...), wrapWidth=1)
14.2967 	EXP 	window1: mouseVisible = True
14.3371 	EXP 	Welcome: autoDraw = True
15.6856 	DATA 	Mouse: Left button down, pos=(801,644)
15.6887 	EXP 	Created sequence: random, trialTypes=1, nReps=2, seed=None
15.6897 	EXP 	New trial (rep=0, index=0): None
15.7002 	EXP 	Welcome: autoDraw = False
15.7002 	EXP 	text: autoDraw = True
15.8707 	DATA 	Mouse:  Left button up, pos=(801,644)
16.8537 	DATA 	Mouse: Left button down, pos=(801,644)
16.9880 	EXP 	Imported conditions_demo.xlsx as conditions, 4 conditions, 3 params
16.9887 	EXP 	Created sequence: random, trialTypes=4, nReps=1, seed=None
16.9893 	EXP 	New trial (rep=0, index=0): OrderedDict([('target_x', -0.3), ('target_y', 0.3), ('rotation', 0)])
16.9910 	EXP 	window1: mouseVisible = False
17.0063 	EXP 	text: autoDraw = False
17.0063 	EXP 	demo_target: pos = array([-0.3,  0.3])
17.0063 	EXP 	demo_fixation: pos = array([0., 0.])
17.0063 	EXP 	demo_fixation: opacity = 1
17.0063 	EXP 	demo_fixation: pos = [0, 0]
17.0063 	EXP 	demo_enclosing_1: autoDraw = True
17.0063 	EXP 	demo_enclosing: autoDraw = True
17.0063 	EXP 	demo_fixation: autoDraw = True
17.0063 	EXP 	demo_fixation: opacity = 0
17.0069 	EXP 	window1: mouseVisible = False
17.0178 	EXP 	demo_target: autoDraw = True
17.0178 	EXP 	demo_fixation: opacity = 0
17.0183 	EXP 	window1: mouseVisible = False
17.0314 	EXP 	demo_fixation: opacity = 0
17.0319 	EXP 	window1: mouseVisible = False
17.0488 	EXP 	demo_fixation: opacity = 0
17.0495 	EXP 	window1: mouseVisible = False
17.0655 	EXP 	demo_fixation: opacity = 0
17.0673 	DATA 	Mouse:  Left button up, pos=(801,644)
17.0675 	EXP 	window1: mouseVisible = False
17.0820 	EXP 	demo_fixation: opacity = 1
17.0820 	EXP 	demo_fixation: pos = [0, 0]
17.0836 	EXP 	window1: mouseVisible = False
17.0990 	EXP 	demo_fixation: opacity = 1
17.0990 	EXP 	demo_fixation: pos = [0, 0]
17.1006 	EXP 	window1: mouseVisible = False
17.1154 	EXP 	demo_fixation: opacity = 1
17.1154 	EXP 	demo_fixation: pos = [0, 0]
17.1166 	EXP 	window1: mouseVisible = False
17.1321 	EXP 	demo_fixation: opacity = 1
17.1321 	EXP 	demo_fixation: pos = [0, 0]
17.1333 	EXP 	window1: mouseVisible = False
17.1489 	EXP 	demo_fixation: opacity = 1
17.1489 	EXP 	demo_fixation: pos = [0, 0]
17.1501 	EXP 	window1: mouseVisible = False
17.1655 	EXP 	demo_fixation: opacity = 1
17.1655 	EXP 	demo_fixation: pos = [0, 0]
17.1667 	EXP 	window1: mouseVisible = False
17.1821 	EXP 	demo_fixation: opacity = 1
17.1821 	EXP 	demo_fixation: pos = [0, 0]
17.1833 	EXP 	window1: mouseVisible = False
17.1988 	EXP 	demo_fixation: opacity = 1
17.1988 	EXP 	demo_fixation: pos = [0, 0]
17.2007 	EXP 	window1: mouseVisible = False
17.2154 	EXP 	demo_fixation: opacity = 1
17.2154 	EXP 	demo_fixation: pos = [0, 0]
17.2167 	EXP 	window1: mouseVisible = False
17.2320 	EXP 	demo_fixation: opacity = 1
17.2320 	EXP 	demo_fixation: pos = [0, 0]
17.2334 	EXP 	window1: mouseVisible = False
17.2485 	EXP 	demo_fixation: opacity = 1
17.2485 	EXP 	demo_fixation: pos = [0, 0]
17.2497 	EXP 	window1: mouseVisible = False
17.2653 	EXP 	demo_fixation: opacity = 1
17.2653 	EXP 	demo_fixation: pos = [0, 0]
17.2665 	EXP 	window1: mouseVisible = False
17.2821 	EXP 	demo_fixation: opacity = 1
17.2821 	EXP 	demo_fixation: pos = [0, 0]
17.2834 	EXP 	window1: mouseVisible = False
17.2987 	EXP 	demo_fixation: opacity = 1
17.2987 	EXP 	demo_fixation: pos = [0, 0]
17.2999 	EXP 	window1: mouseVisible = False
17.3158 	EXP 	demo_fixation: opacity = 1
17.3158 	EXP 	demo_fixation: pos = [0, 0]
17.3170 	EXP 	window1: mouseVisible = False
17.3319 	EXP 	demo_fixation: opacity = 1
17.3319 	EXP 	demo_fixation: pos = [0, 0]
17.3332 	EXP 	window1: mouseVisible = False
17.3486 	EXP 	demo_fixation: opacity = 1
17.3486 	EXP 	demo_fixation: pos = [0, 0]
17.3498 	EXP 	window1: mouseVisible = False
17.3652 	EXP 	demo_fixation: opacity = 1
17.3652 	EXP 	demo_fixation: pos = [0, 0]
17.3664 	EXP 	window1: mouseVisible = False
17.3819 	EXP 	demo_fixation: opacity = 1
17.3819 	EXP 	demo_fixation: pos = [0, 0]
17.3831 	EXP 	window1: mouseVisible = False
17.3986 	EXP 	demo_fixation: opacity = 1
17.3986 	EXP 	demo_fixation: pos = [0, 0]
17.3998 	EXP 	window1: mouseVisible = False
17.4152 	EXP 	demo_fixation: opacity = 1
17.4152 	EXP 	demo_fixation: pos = [0, 0]
17.4164 	EXP 	window1: mouseVisible = False
17.4319 	EXP 	demo_fixation: opacity = 1
17.4319 	EXP 	demo_fixation: pos = [0, 0]
17.4333 	EXP 	window1: mouseVisible = False
17.4485 	EXP 	demo_fixation: opacity = 1
17.4485 	EXP 	demo_fixation: pos = [0, 0]
17.4497 	EXP 	window1: mouseVisible = False
17.4652 	EXP 	demo_fixation: opacity = 1
17.4652 	EXP 	demo_fixation: pos = [0, 0]
17.4664 	EXP 	window1: mouseVisible = False
17.4818 	EXP 	demo_fixation: opacity = 1
17.4818 	EXP 	demo_fixation: pos = [0, 0]
17.4833 	EXP 	window1: mouseVisible = False
17.4984 	EXP 	demo_fixation: opacity = 1
17.4984 	EXP 	demo_fixation: pos = [0, 0]
17.4998 	EXP 	window1: mouseVisible = False
17.5151 	EXP 	demo_fixation: opacity = 1
17.5151 	EXP 	demo_fixation: pos = [0, 0]
17.5171 	EXP 	window1: mouseVisible = False
17.5319 	EXP 	demo_fixation: opacity = 1
17.5319 	EXP 	demo_fixation: pos = [0, 0]
17.5332 	EXP 	window1: mouseVisible = False
17.5485 	EXP 	demo_fixation: opacity = 1
17.5485 	EXP 	demo_fixation: pos = [0, 0]
17.5498 	EXP 	window1: mouseVisible = False
17.5650 	EXP 	demo_fixation: opacity = 1
17.5650 	EXP 	demo_fixation: pos = [0, 0]
17.5662 	EXP 	window1: mouseVisible = False
17.5816 	EXP 	demo_fixation: opacity = 1
17.5816 	EXP 	demo_fixation: pos = [0, 0]
17.5829 	EXP 	window1: mouseVisible = False
17.5983 	EXP 	demo_fixation: opacity = 1
17.5983 	EXP 	demo_fixation: pos = [0, 0]
17.5995 	EXP 	window1: mouseVisible = False
17.6150 	EXP 	demo_fixation: opacity = 1
17.6150 	EXP 	demo_fixation: pos = [0, 0]
17.6162 	EXP 	window1: mouseVisible = False
17.6319 	EXP 	demo_fixation: opacity = 1
17.6319 	EXP 	demo_fixation: pos = [0, 0]
17.6331 	EXP 	window1: mouseVisible = False
17.6483 	EXP 	demo_fixation: opacity = 1
17.6483 	EXP 	demo_fixation: pos = [0, 0]
17.6496 	EXP 	window1: mouseVisible = False
17.6649 	EXP 	demo_fixation: opacity = 1
17.6649 	EXP 	demo_fixation: pos = [0, 0]
17.6663 	EXP 	window1: mouseVisible = False
17.6817 	EXP 	demo_fixation: opacity = 1
17.6817 	EXP 	demo_fixation: pos = [0, 0]
17.6829 	EXP 	window1: mouseVisible = False
17.6983 	EXP 	demo_fixation: opacity = 1
17.6983 	EXP 	demo_fixation: pos = [0, 0]
17.6995 	EXP 	window1: mouseVisible = False
17.7149 	EXP 	demo_fixation: opacity = 1
17.7149 	EXP 	demo_fixation: pos = [0, 0]
17.7161 	EXP 	window1: mouseVisible = False
17.7315 	EXP 	demo_fixation: opacity = 1
17.7315 	EXP 	demo_fixation: pos = [0, 0]
17.7330 	EXP 	window1: mouseVisible = False
17.7483 	EXP 	demo_fixation: opacity = 1
17.7483 	EXP 	demo_fixation: pos = [0, 0]
17.7495 	EXP 	window1: mouseVisible = False
17.7651 	EXP 	demo_fixation: opacity = 1
17.7651 	EXP 	demo_fixation: pos = [0, 0]
17.7663 	EXP 	window1: mouseVisible = False
17.7814 	EXP 	demo_fixation: opacity = 1
17.7814 	EXP 	demo_fixation: pos = [0, 0]
17.7826 	EXP 	window1: mouseVisible = False
17.7983 	EXP 	demo_fixation: opacity = 1
17.7983 	EXP 	demo_fixation: pos = [0, 0]
17.7996 	EXP 	window1: mouseVisible = False
17.8148 	EXP 	demo_fixation: opacity = 1
17.8148 	EXP 	demo_fixation: pos = [0, 0]
17.8161 	EXP 	window1: mouseVisible = False
17.8314 	EXP 	demo_fixation: opacity = 1
17.8314 	EXP 	demo_fixation: pos = [0, 0]
17.8326 	EXP 	window1: mouseVisible = False
17.8481 	EXP 	demo_fixation: opacity = 1
17.8481 	EXP 	demo_fixation: pos = [0, 0]
17.8494 	EXP 	window1: mouseVisible = False
17.8647 	EXP 	demo_fixation: opacity = 1
17.8647 	EXP 	demo_fixation: pos = [0, 0]
17.8660 	EXP 	window1: mouseVisible = False
17.8815 	EXP 	demo_fixation: opacity = 1
17.8815 	EXP 	demo_fixation: pos = [0, 0]
17.8827 	EXP 	window1: mouseVisible = False
17.8984 	EXP 	demo_fixation: opacity = 1
17.8984 	EXP 	demo_fixation: pos = [0, 0]
17.9006 	EXP 	window1: mouseVisible = False
17.9148 	EXP 	demo_fixation: opacity = 1
17.9148 	EXP 	demo_fixation: pos = [0, 0]
17.9160 	EXP 	window1: mouseVisible = False
17.9315 	EXP 	demo_fixation: opacity = 1
17.9315 	EXP 	demo_fixation: pos = [0, 0]
17.9327 	EXP 	window1: mouseVisible = False
17.9480 	EXP 	demo_fixation: opacity = 1
17.9480 	EXP 	demo_fixation: pos = [0, 0]
17.9492 	EXP 	window1: mouseVisible = False
17.9647 	EXP 	demo_fixation: opacity = 1
17.9647 	EXP 	demo_fixation: pos = [0, 0]
17.9664 	EXP 	window1: mouseVisible = False
17.9813 	EXP 	demo_fixation: opacity = 1
17.9813 	EXP 	demo_fixation: pos = [0, 0]
17.9828 	EXP 	window1: mouseVisible = False
17.9980 	EXP 	demo_fixation: opacity = 1
17.9980 	EXP 	demo_fixation: pos = [0, 0]
17.9992 	EXP 	window1: mouseVisible = False
18.0147 	EXP 	demo_fixation: opacity = 1
18.0147 	EXP 	demo_fixation: pos = [0, 0]
18.0160 	EXP 	window1: mouseVisible = False
18.0319 	EXP 	demo_fixation: opacity = 1
18.0319 	EXP 	demo_fixation: pos = [0, 0]
18.0331 	EXP 	window1: mouseVisible = False
18.0479 	EXP 	demo_fixation: opacity = 1
18.0479 	EXP 	demo_fixation: pos = [0, 0]
18.0491 	EXP 	window1: mouseVisible = False
18.0645 	EXP 	demo_fixation: opacity = 1
18.0645 	EXP 	demo_fixation: pos = [0, 0]
18.0658 	EXP 	window1: mouseVisible = False
18.0812 	EXP 	demo_fixation: opacity = 1
18.0812 	EXP 	demo_fixation: pos = [0, 0]
18.0824 	EXP 	window1: mouseVisible = False
18.0979 	EXP 	demo_fixation: opacity = 1
18.0979 	EXP 	demo_fixation: pos = [0, 0]
18.0991 	EXP 	window1: mouseVisible = False
18.1146 	EXP 	demo_fixation: opacity = 1
18.1146 	EXP 	demo_fixation: pos = [0, 0]
18.1159 	EXP 	window1: mouseVisible = False
18.1312 	EXP 	demo_fixation: opacity = 1
18.1312 	EXP 	demo_fixation: pos = [0, 0]
18.1342 	EXP 	window1: mouseVisible = False
18.1476 	EXP 	demo_fixation: opacity = 1
18.1476 	EXP 	demo_fixation: pos = [0, 0]
18.1488 	EXP 	window1: mouseVisible = False
18.1645 	EXP 	demo_fixation: opacity = 1
18.1645 	EXP 	demo_fixation: pos = [0, 0]
18.1657 	EXP 	window1: mouseVisible = False
18.1811 	EXP 	demo_fixation: opacity = 1
18.1811 	EXP 	demo_fixation: pos = [0, 0]
18.1824 	EXP 	window1: mouseVisible = False
18.1979 	EXP 	demo_fixation: opacity = 1
18.1979 	EXP 	demo_fixation: pos = [0, 0]
18.1991 	EXP 	window1: mouseVisible = False
18.2145 	EXP 	demo_fixation: opacity = 1
18.2145 	EXP 	demo_fixation: pos = [0, 0]
18.2160 	EXP 	window1: mouseVisible = False
18.2311 	EXP 	demo_fixation: opacity = 1
18.2311 	EXP 	demo_fixation: pos = [0, 0]
18.2327 	EXP 	window1: mouseVisible = False
18.2477 	EXP 	demo_fixation: opacity = 1
18.2477 	EXP 	demo_fixation: pos = [0, 0]
18.2490 	EXP 	window1: mouseVisible = False
18.2642 	EXP 	demo_fixation: opacity = 1
18.2642 	EXP 	demo_fixation: pos = [0, 0]
18.2655 	EXP 	window1: mouseVisible = False
18.2809 	EXP 	demo_fixation: opacity = 1
18.2809 	EXP 	demo_fixation: pos = [0, 0]
18.2821 	EXP 	window1: mouseVisible = False
18.2976 	EXP 	demo_fixation: opacity = 1
18.2976 	EXP 	demo_fixation: pos = [0, 0]
18.2988 	EXP 	window1: mouseVisible = False
18.3145 	EXP 	demo_fixation: opacity = 1
18.3145 	EXP 	demo_fixation: pos = [0, 0]
18.3157 	EXP 	window1: mouseVisible = False
18.3312 	EXP 	demo_fixation: opacity = 1
18.3312 	EXP 	demo_fixation: pos = [0, 0]
18.3333 	DATA 	Mouse: Left button down, pos=(960,540)
18.3337 	EXP 	window1: mouseVisible = False
18.3477 	EXP 	demo_fixation: opacity = 0
18.3484 	EXP 	window1: mouseVisible = False
18.3643 	EXP 	demo_fixation: opacity = 0
18.3650 	EXP 	window1: mouseVisible = False
18.3809 	EXP 	demo_fixation: opacity = 0
18.3816 	EXP 	window1: mouseVisible = False
18.3977 	EXP 	demo_fixation: opacity = 0
18.3984 	EXP 	window1: mouseVisible = False
18.4142 	EXP 	demo_fixation: opacity = 0
18.4150 	EXP 	window1: mouseVisible = False
18.4308 	EXP 	demo_fixation: opacity = 0
18.4315 	EXP 	window1: mouseVisible = False
18.4476 	EXP 	demo_fixation: opacity = 0
18.4484 	EXP 	window1: mouseVisible = False
18.4641 	EXP 	demo_fixation: opacity = 0
18.4649 	EXP 	window1: mouseVisible = False
18.4809 	EXP 	demo_fixation: opacity = 0
18.4817 	EXP 	window1: mouseVisible = False
18.4976 	EXP 	demo_fixation: opacity = 0
18.4984 	EXP 	window1: mouseVisible = False
18.5141 	EXP 	demo_fixation: opacity = 0
18.5149 	EXP 	window1: mouseVisible = False
18.5308 	EXP 	demo_fixation: opacity = 0
18.5316 	EXP 	window1: mouseVisible = False
18.5475 	EXP 	demo_fixation: opacity = 0
18.5482 	EXP 	window1: mouseVisible = False
18.5641 	EXP 	demo_fixation: opacity = 0
18.5651 	EXP 	window1: mouseVisible = False
18.5807 	EXP 	demo_fixation: opacity = 0
18.5820 	EXP 	window1: mouseVisible = False
18.5974 	EXP 	demo_fixation: opacity = 0
18.5996 	EXP 	window1: mouseVisible = False
18.6141 	EXP 	demo_fixation: opacity = 0
18.6155 	EXP 	window1: mouseVisible = False
18.6307 	EXP 	demo_fixation: opacity = 0
18.6320 	EXP 	window1: mouseVisible = False
18.6474 	EXP 	demo_fixation: opacity = 0
18.6486 	EXP 	window1: mouseVisible = False
18.6640 	EXP 	demo_fixation: opacity = 0
18.6653 	EXP 	window1: mouseVisible = False
18.6808 	EXP 	demo_fixation: opacity = 0
18.6820 	EXP 	window1: mouseVisible = False
18.6974 	EXP 	demo_fixation: opacity = 0
18.6988 	EXP 	window1: mouseVisible = False
18.7140 	EXP 	demo_fixation: opacity = 0
18.7158 	EXP 	window1: mouseVisible = False
18.7306 	EXP 	demo_fixation: opacity = 0
18.7328 	EXP 	window1: mouseVisible = False
18.7474 	EXP 	demo_fixation: opacity = 0
18.7489 	EXP 	window1: mouseVisible = False
18.7655 	EXP 	demo_fixation: opacity = 0
18.7680 	EXP 	window1: mouseVisible = False
18.7817 	EXP 	demo_fixation: opacity = 0
18.7832 	EXP 	window1: mouseVisible = False
18.7973 	EXP 	demo_fixation: opacity = 0
18.7985 	EXP 	window1: mouseVisible = False
18.8141 	EXP 	demo_fixation: opacity = 0
18.8156 	EXP 	window1: mouseVisible = False
18.8306 	EXP 	demo_fixation: opacity = 0
18.8326 	EXP 	window1: mouseVisible = False
18.8473 	EXP 	demo_fixation: opacity = 0
18.8487 	EXP 	window1: mouseVisible = False
18.8638 	EXP 	demo_fixation: opacity = 0
18.8650 	EXP 	window1: mouseVisible = False
18.8804 	EXP 	demo_fixation: opacity = 0
18.8817 	EXP 	window1: mouseVisible = False
18.8979 	EXP 	demo_fixation: opacity = 0
18.8992 	EXP 	window1: mouseVisible = False
18.9137 	EXP 	demo_fixation: opacity = 0
18.9152 	EXP 	window1: mouseVisible = False
18.9306 	EXP 	demo_fixation: opacity = 0
18.9319 	EXP 	window1: mouseVisible = False
18.9472 	EXP 	demo_fixation: opacity = 0
18.9493 	EXP 	window1: mouseVisible = False
18.9637 	EXP 	demo_fixation: opacity = 0
18.9650 	EXP 	window1: mouseVisible = False
18.9804 	EXP 	demo_fixation: opacity = 0
18.9818 	EXP 	window1: mouseVisible = False
18.9970 	EXP 	demo_fixation: opacity = 0
18.9982 	EXP 	window1: mouseVisible = False
19.0137 	EXP 	demo_fixation: opacity = 0
19.0151 	EXP 	window1: mouseVisible = False
19.0304 	EXP 	demo_fixation: opacity = 0
19.0317 	EXP 	window1: mouseVisible = False
19.0471 	EXP 	demo_fixation: opacity = 0
19.0483 	EXP 	window1: mouseVisible = False
19.0636 	EXP 	demo_fixation: opacity = 0
19.0660 	EXP 	window1: mouseVisible = False
19.0803 	EXP 	demo_fixation: opacity = 0
19.0814 	EXP 	window1: mouseVisible = False
19.0969 	EXP 	demo_fixation: opacity = 0
19.0983 	EXP 	window1: mouseVisible = False
19.1134 	EXP 	demo_fixation: opacity = 0
19.1147 	EXP 	window1: mouseVisible = False
19.1303 	EXP 	demo_fixation: opacity = 0
19.1317 	EXP 	window1: mouseVisible = False
19.1469 	EXP 	demo_fixation: opacity = 0
19.1481 	EXP 	window1: mouseVisible = False
19.1637 	EXP 	demo_fixation: opacity = 0
19.1649 	EXP 	window1: mouseVisible = False
19.1801 	EXP 	demo_fixation: opacity = 0
19.1823 	EXP 	window1: mouseVisible = False
19.1972 	EXP 	demo_fixation: opacity = 0
19.1986 	EXP 	window1: mouseVisible = False
19.2135 	EXP 	demo_fixation: opacity = 0
19.2148 	EXP 	window1: mouseVisible = False
19.2301 	EXP 	demo_fixation: opacity = 0
19.2313 	EXP 	window1: mouseVisible = False
19.2469 	EXP 	demo_fixation: opacity = 0
19.2482 	EXP 	window1: mouseVisible = False
19.2640 	EXP 	demo_fixation: opacity = 0
19.2652 	EXP 	window1: mouseVisible = False
19.2801 	EXP 	demo_fixation: opacity = 0
19.2817 	EXP 	window1: mouseVisible = False
19.2967 	EXP 	demo_fixation: opacity = 0
19.2992 	EXP 	window1: mouseVisible = False
19.3135 	EXP 	demo_fixation: opacity = 0
19.3148 	EXP 	window1: mouseVisible = False
19.3302 	EXP 	demo_fixation: opacity = 0
19.3316 	EXP 	window1: mouseVisible = False
19.3469 	EXP 	demo_fixation: opacity = 0
19.3480 	EXP 	window1: mouseVisible = False
19.3633 	EXP 	demo_fixation: opacity = 0
19.3647 	EXP 	window1: mouseVisible = False
19.3803 	EXP 	demo_fixation: opacity = 0
19.3815 	EXP 	window1: mouseVisible = False
19.3967 	EXP 	demo_fixation: opacity = 0
19.3974 	EXP 	window1: mouseVisible = False
19.4134 	EXP 	demo_fixation: opacity = 0
19.4156 	EXP 	window1: mouseVisible = False
19.4299 	EXP 	demo_fixation: opacity = 0
19.4311 	EXP 	window1: mouseVisible = False
19.4466 	EXP 	demo_fixation: opacity = 0
19.4481 	EXP 	window1: mouseVisible = False
19.4633 	EXP 	demo_fixation: opacity = 0
19.4646 	EXP 	window1: mouseVisible = False
19.4799 	EXP 	demo_fixation: opacity = 0
19.4817 	EXP 	window1: mouseVisible = False
19.4966 	EXP 	demo_fixation: opacity = 0
19.4994 	EXP 	window1: mouseVisible = False
19.5136 	EXP 	demo_fixation: opacity = 0
19.5150 	EXP 	window1: mouseVisible = False
19.5303 	EXP 	demo_fixation: opacity = 0
19.5327 	EXP 	window1: mouseVisible = False
19.5464 	EXP 	demo_fixation: opacity = 0
19.5479 	EXP 	window1: mouseVisible = False
19.5633 	EXP 	demo_fixation: opacity = 0
19.5646 	EXP 	window1: mouseVisible = False
19.5797 	EXP 	demo_fixation: opacity = 0
19.5812 	EXP 	window1: mouseVisible = False
19.5965 	EXP 	demo_fixation: opacity = 0
19.5977 	EXP 	window1: mouseVisible = False
19.6131 	EXP 	demo_fixation: opacity = 0
19.6144 	EXP 	window1: mouseVisible = False
19.6439 	EXP 	demo_fixation: opacity = 0
19.6439 	EXP 	demo_fixation: pos = array([-0.36574074,  0.25      ])
19.6439 	EXP 	demo_fixation: opacity = 1
19.6439 	EXP 	demo_enclosing_1: autoDraw = False
19.6439 	EXP 	demo_enclosing: autoDraw = False
19.6439 	EXP 	demo_target: autoDraw = False
19.6439 	EXP 	demo_fixation: autoDraw = False
19.6439 	EXP 	demo_fixation: opacity = 1
19.6439 	EXP 	demo_target_feedback: pos = array([-0.3,  0.3])
19.6439 	EXP 	demo_fixation_feedback: pos = array([-0.36574074,  0.25      ])
19.6439 	EXP 	demo_enclosing_feedback_1: autoDraw = True
19.6439 	EXP 	demo_enclosing_feedback: autoDraw = True
19.6439 	EXP 	demo_target_feedback: autoDraw = True
19.6439 	EXP 	demo_fixation_feedback: autoDraw = True
19.9864 	DATA 	Mouse:  Left button up, pos=(530,844)
20.1356 	EXP 	New trial (rep=0, index=1): OrderedDict([('target_x', -0.3), ('target_y', -0.3), ('rotation', 0)])
20.1381 	EXP 	window1: mouseVisible = False
20.1497 	EXP 	demo_enclosing_feedback_1: autoDraw = False
20.1497 	EXP 	demo_enclosing_feedback: autoDraw = False
20.1497 	EXP 	demo_target_feedback: autoDraw = False
20.1497 	EXP 	demo_fixation_feedback: autoDraw = False
20.1497 	EXP 	demo_enclosing_feedback_1: autoDraw = False
20.1497 	EXP 	demo_enclosing_feedback: autoDraw = False
20.1497 	EXP 	demo_target_feedback: autoDraw = False
20.1497 	EXP 	demo_fixation_feedback: autoDraw = False
20.1497 	EXP 	demo_target: pos = array([-0.3, -0.3])
20.1497 	EXP 	demo_fixation: pos = array([0., 0.])
20.1497 	EXP 	demo_fixation: opacity = 1
20.1497 	EXP 	demo_fixation: pos = [0, 0]
20.1497 	EXP 	demo_enclosing_1: autoDraw = True
20.1497 	EXP 	demo_enclosing: autoDraw = True
20.1497 	EXP 	demo_fixation: autoDraw = True
20.1497 	EXP 	demo_fixation: opacity = 1
20.1497 	EXP 	demo_fixation: pos = [0, 0]
20.1507 	EXP 	window1: mouseVisible = False
20.1640 	EXP 	demo_target: autoDraw = True
20.1640 	EXP 	demo_fixation: opacity = 1
20.1640 	EXP 	demo_fixation: pos = [0, 0]
20.1655 	EXP 	window1: mouseVisible = False
20.1790 	EXP 	demo_fixation: opacity = 1
20.1790 	EXP 	demo_fixation: pos = [0, 0]
20.1802 	EXP 	window1: mouseVisible = False
20.1960 	EXP 	demo_fixation: opacity = 1
20.1960 	EXP 	demo_fixation: pos = [0, 0]
20.1973 	EXP 	window1: mouseVisible = False
20.2126 	EXP 	demo_fixation: opacity = 1
20.2126 	EXP 	demo_fixation: pos = [0, 0]
20.2138 	EXP 	window1: mouseVisible = False
20.2293 	EXP 	demo_fixation: opacity = 1
20.2293 	EXP 	demo_fixation: pos = [0, 0]
20.2313 	EXP 	window1: mouseVisible = False
20.2459 	EXP 	demo_fixation: opacity = 1
20.2459 	EXP 	demo_fixation: pos = [0, 0]
20.2471 	EXP 	window1: mouseVisible = False
20.2625 	EXP 	demo_fixation: opacity = 1
20.2625 	EXP 	demo_fixation: pos = [0, 0]
20.2641 	EXP 	window1: mouseVisible = False
20.2792 	EXP 	demo_fixation: opacity = 1
20.2792 	EXP 	demo_fixation: pos = [0, 0]
20.2804 	EXP 	window1: mouseVisible = False
20.2963 	EXP 	demo_fixation: opacity = 1
20.2963 	EXP 	demo_fixation: pos = [0, 0]
20.2976 	EXP 	window1: mouseVisible = False
20.3125 	EXP 	demo_fixation: opacity = 1
20.3125 	EXP 	demo_fixation: pos = [0, 0]
20.3137 	EXP 	window1: mouseVisible = False
20.3291 	EXP 	demo_fixation: opacity = 1
20.3291 	EXP 	demo_fixation: pos = [0, 0]
20.3304 	EXP 	window1: mouseVisible = False
20.3457 	EXP 	demo_fixation: opacity = 1
20.3457 	EXP 	demo_fixation: pos = [0, 0]
20.3469 	EXP 	window1: mouseVisible = False
20.3624 	EXP 	demo_fixation: opacity = 1
20.3624 	EXP 	demo_fixation: pos = [0, 0]
20.3636 	EXP 	window1: mouseVisible = False
20.3791 	EXP 	demo_fixation: opacity = 1
20.3791 	EXP 	demo_fixation: pos = [0, 0]
20.3803 	EXP 	window1: mouseVisible = False
20.3958 	EXP 	demo_fixation: opacity = 1
20.3958 	EXP 	demo_fixation: pos = [0, 0]
20.3970 	EXP 	window1: mouseVisible = False
20.4125 	EXP 	demo_fixation: opacity = 1
20.4125 	EXP 	demo_fixation: pos = [0, 0]
20.4137 	EXP 	window1: mouseVisible = False
20.4290 	EXP 	demo_fixation: opacity = 1
20.4290 	EXP 	demo_fixation: pos = [0, 0]
20.4302 	EXP 	window1: mouseVisible = False
20.4458 	EXP 	demo_fixation: opacity = 1
20.4458 	EXP 	demo_fixation: pos = [0, 0]
20.4470 	EXP 	window1: mouseVisible = False
20.4624 	EXP 	demo_fixation: opacity = 1
20.4624 	EXP 	demo_fixation: pos = [0, 0]
20.4636 	EXP 	window1: mouseVisible = False
20.4790 	EXP 	demo_fixation: opacity = 1
20.4790 	EXP 	demo_fixation: pos = [0, 0]
20.4802 	EXP 	window1: mouseVisible = False
20.4956 	EXP 	demo_fixation: opacity = 1
20.4956 	EXP 	demo_fixation: pos = [0, 0]
20.4969 	EXP 	window1: mouseVisible = False
20.5124 	EXP 	demo_fixation: opacity = 1
20.5124 	EXP 	demo_fixation: pos = [0, 0]
20.5136 	EXP 	window1: mouseVisible = False
20.5290 	EXP 	demo_fixation: opacity = 1
20.5290 	EXP 	demo_fixation: pos = [0, 0]
20.5303 	EXP 	window1: mouseVisible = False
20.5457 	EXP 	demo_fixation: opacity = 1
20.5457 	EXP 	demo_fixation: pos = [0, 0]
20.5471 	EXP 	window1: mouseVisible = False
20.5622 	EXP 	demo_fixation: opacity = 1
20.5622 	EXP 	demo_fixation: pos = [0, 0]
20.5634 	EXP 	window1: mouseVisible = False
20.5788 	EXP 	demo_fixation: opacity = 1
20.5788 	EXP 	demo_fixation: pos = [0, 0]
20.5800 	EXP 	window1: mouseVisible = False
20.5955 	EXP 	demo_fixation: opacity = 1
20.5955 	EXP 	demo_fixation: pos = [0, 0]
20.5967 	EXP 	window1: mouseVisible = False
20.6121 	EXP 	demo_fixation: opacity = 1
20.6121 	EXP 	demo_fixation: pos = [0, 0]
20.6134 	EXP 	window1: mouseVisible = False
20.6289 	EXP 	demo_fixation: opacity = 1
20.6289 	EXP 	demo_fixation: pos = [0, 0]
20.6301 	EXP 	window1: mouseVisible = False
20.6456 	EXP 	demo_fixation: opacity = 1
20.6456 	EXP 	demo_fixation: pos = [0, 0]
20.6469 	EXP 	window1: mouseVisible = False
20.6622 	EXP 	demo_fixation: opacity = 1
20.6622 	EXP 	demo_fixation: pos = [0, 0]
20.6634 	EXP 	window1: mouseVisible = False
20.6788 	EXP 	demo_fixation: opacity = 1
20.6788 	EXP 	demo_fixation: pos = [0, 0]
20.6800 	EXP 	window1: mouseVisible = False
20.6955 	EXP 	demo_fixation: opacity = 1
20.6955 	EXP 	demo_fixation: pos = [0, 0]
20.6968 	EXP 	window1: mouseVisible = False
20.7121 	EXP 	demo_fixation: opacity = 1
20.7121 	EXP 	demo_fixation: pos = [0, 0]
20.7137 	EXP 	window1: mouseVisible = False
20.7287 	EXP 	demo_fixation: opacity = 1
20.7287 	EXP 	demo_fixation: pos = [0, 0]
20.7299 	EXP 	window1: mouseVisible = False
20.7455 	EXP 	demo_fixation: opacity = 1
20.7455 	EXP 	demo_fixation: pos = [0, 0]
20.7467 	EXP 	window1: mouseVisible = False
20.7620 	EXP 	demo_fixation: opacity = 1
20.7620 	EXP 	demo_fixation: pos = [0, 0]
20.7634 	EXP 	window1: mouseVisible = False
20.7788 	EXP 	demo_fixation: opacity = 1
20.7788 	EXP 	demo_fixation: pos = [0, 0]
20.7800 	EXP 	window1: mouseVisible = False
20.7953 	EXP 	demo_fixation: opacity = 1
20.7953 	EXP 	demo_fixation: pos = [0, 0]
20.7965 	EXP 	window1: mouseVisible = False
20.8120 	EXP 	demo_fixation: opacity = 1
20.8120 	EXP 	demo_fixation: pos = [0, 0]
20.8132 	EXP 	window1: mouseVisible = False
20.8287 	EXP 	demo_fixation: opacity = 1
20.8287 	EXP 	demo_fixation: pos = [0, 0]
20.8299 	EXP 	window1: mouseVisible = False
20.8454 	EXP 	demo_fixation: opacity = 1
20.8454 	EXP 	demo_fixation: pos = [0, 0]
20.8467 	EXP 	window1: mouseVisible = False
20.8627 	EXP 	demo_fixation: opacity = 1
20.8627 	EXP 	demo_fixation: pos = [0, 0]
20.8645 	EXP 	window1: mouseVisible = False
20.8805 	EXP 	demo_fixation: opacity = 1
20.8805 	EXP 	demo_fixation: pos = [0, 0]
20.8824 	EXP 	window1: mouseVisible = False
20.8983 	EXP 	demo_fixation: opacity = 1
20.8983 	EXP 	demo_fixation: pos = [0, 0]
20.8997 	EXP 	window1: mouseVisible = False
20.9129 	EXP 	demo_fixation: opacity = 1
20.9129 	EXP 	demo_fixation: pos = [0, 0]
20.9142 	EXP 	window1: mouseVisible = False
20.9285 	EXP 	demo_fixation: opacity = 1
20.9285 	EXP 	demo_fixation: pos = [0, 0]
20.9298 	EXP 	window1: mouseVisible = False
20.9452 	EXP 	demo_fixation: opacity = 1
20.9452 	EXP 	demo_fixation: pos = [0, 0]
20.9464 	EXP 	window1: mouseVisible = False
20.9618 	EXP 	demo_fixation: opacity = 1
20.9618 	EXP 	demo_fixation: pos = [0, 0]
20.9630 	EXP 	window1: mouseVisible = False
20.9785 	EXP 	demo_fixation: opacity = 1
20.9785 	EXP 	demo_fixation: pos = [0, 0]
20.9797 	EXP 	window1: mouseVisible = False
20.9952 	EXP 	demo_fixation: opacity = 1
20.9952 	EXP 	demo_fixation: pos = [0, 0]
20.9964 	EXP 	window1: mouseVisible = False
21.0118 	EXP 	demo_fixation: opacity = 1
21.0118 	EXP 	demo_fixation: pos = [0, 0]
21.0130 	EXP 	window1: mouseVisible = False
21.0285 	EXP 	demo_fixation: opacity = 1
21.0285 	EXP 	demo_fixation: pos = [0, 0]
21.0301 	EXP 	window1: mouseVisible = False
21.0452 	EXP 	demo_fixation: opacity = 1
21.0452 	EXP 	demo_fixation: pos = [0, 0]
21.0464 	EXP 	window1: mouseVisible = False
21.0620 	EXP 	demo_fixation: opacity = 1
21.0620 	EXP 	demo_fixation: pos = [0, 0]
21.0632 	EXP 	window1: mouseVisible = False
21.0784 	EXP 	demo_fixation: opacity = 1
21.0784 	EXP 	demo_fixation: pos = [0, 0]
21.0796 	EXP 	window1: mouseVisible = False
21.0952 	EXP 	demo_fixation: opacity = 1
21.0952 	EXP 	demo_fixation: pos = [0, 0]
21.0964 	EXP 	window1: mouseVisible = False
21.1118 	EXP 	demo_fixation: opacity = 1
21.1118 	EXP 	demo_fixation: pos = [0, 0]
21.1130 	EXP 	window1: mouseVisible = False
21.1284 	EXP 	demo_fixation: opacity = 1
21.1284 	EXP 	demo_fixation: pos = [0, 0]
21.1296 	EXP 	window1: mouseVisible = False
21.1450 	EXP 	demo_fixation: opacity = 1
21.1450 	EXP 	demo_fixation: pos = [0, 0]
21.1464 	EXP 	window1: mouseVisible = False
21.1617 	EXP 	demo_fixation: opacity = 1
21.1617 	EXP 	demo_fixation: pos = [0, 0]
21.1635 	EXP 	window1: mouseVisible = False
21.1783 	EXP 	demo_fixation: opacity = 1
21.1783 	EXP 	demo_fixation: pos = [0, 0]
21.1796 	EXP 	window1: mouseVisible = False
21.1950 	EXP 	demo_fixation: opacity = 1
21.1950 	EXP 	demo_fixation: pos = [0, 0]
21.1963 	EXP 	window1: mouseVisible = False
21.2115 	EXP 	demo_fixation: opacity = 1
21.2115 	EXP 	demo_fixation: pos = [0, 0]
21.2136 	DATA 	Mouse: Left button down, pos=(960,540)
21.2139 	EXP 	window1: mouseVisible = False
21.2283 	EXP 	demo_fixation: opacity = 0
21.2290 	EXP 	window1: mouseVisible = False
21.2448 	EXP 	demo_fixation: opacity = 0
21.2456 	EXP 	window1: mouseVisible = False
21.2615 	EXP 	demo_fixation: opacity = 0
21.2622 	EXP 	window1: mouseVisible = False
21.2782 	EXP 	demo_fixation: opacity = 0
21.2789 	EXP 	window1: mouseVisible = False
21.2947 	EXP 	demo_fixation: opacity = 0
21.2955 	EXP 	window1: mouseVisible = False
21.3116 	EXP 	demo_fixation: opacity = 0
21.3124 	EXP 	window1: mouseVisible = False
21.3282 	EXP 	demo_fixation: opacity = 0
21.3290 	EXP 	window1: mouseVisible = False
21.3449 	EXP 	demo_fixation: opacity = 0
21.3458 	EXP 	window1: mouseVisible = False
21.3621 	EXP 	demo_fixation: opacity = 0
21.3631 	EXP 	window1: mouseVisible = False
21.3788 	EXP 	demo_fixation: opacity = 0
21.3798 	EXP 	window1: mouseVisible = False
21.3953 	EXP 	demo_fixation: opacity = 0
21.3963 	EXP 	window1: mouseVisible = False
21.4121 	EXP 	demo_fixation: opacity = 0
21.4131 	EXP 	window1: mouseVisible = False
21.4288 	EXP 	demo_fixation: opacity = 0
21.4298 	EXP 	window1: mouseVisible = False
21.4452 	EXP 	demo_fixation: opacity = 0
21.4462 	EXP 	window1: mouseVisible = False
21.4619 	EXP 	demo_fixation: opacity = 0
21.4629 	EXP 	window1: mouseVisible = False
21.4793 	EXP 	demo_fixation: opacity = 0
21.4808 	EXP 	window1: mouseVisible = False
21.4953 	EXP 	demo_fixation: opacity = 0
21.4969 	EXP 	window1: mouseVisible = False
21.5116 	EXP 	demo_fixation: opacity = 0
21.5141 	EXP 	window1: mouseVisible = False
21.5283 	EXP 	demo_fixation: opacity = 0
21.5291 	EXP 	window1: mouseVisible = False
21.5437 	EXP 	demo_fixation: opacity = 0
21.5444 	EXP 	window1: mouseVisible = False
21.5604 	EXP 	demo_fixation: opacity = 0
21.5611 	EXP 	window1: mouseVisible = False
21.5770 	EXP 	demo_fixation: opacity = 0
21.5783 	EXP 	window1: mouseVisible = False
21.5933 	EXP 	demo_fixation: opacity = 0
21.5938 	EXP 	window1: mouseVisible = False
21.6101 	EXP 	demo_fixation: opacity = 0
21.6107 	EXP 	window1: mouseVisible = False
21.6267 	EXP 	demo_fixation: opacity = 0
21.6273 	EXP 	window1: mouseVisible = False
21.6435 	EXP 	demo_fixation: opacity = 0
21.6443 	EXP 	window1: mouseVisible = False
21.6608 	EXP 	demo_fixation: opacity = 0
21.6618 	EXP 	window1: mouseVisible = False
21.6773 	EXP 	demo_fixation: opacity = 0
21.6782 	EXP 	window1: mouseVisible = False
21.6937 	EXP 	demo_fixation: opacity = 0
21.6950 	EXP 	window1: mouseVisible = False
21.7103 	EXP 	demo_fixation: opacity = 0
21.7111 	EXP 	window1: mouseVisible = False
21.7273 	EXP 	demo_fixation: opacity = 0
21.7281 	EXP 	window1: mouseVisible = False
21.7440 	EXP 	demo_fixation: opacity = 0
21.7449 	EXP 	window1: mouseVisible = False
21.7606 	EXP 	demo_fixation: opacity = 0
21.7614 	EXP 	window1: mouseVisible = False
21.7773 	EXP 	demo_fixation: opacity = 0
21.7781 	EXP 	window1: mouseVisible = False
21.7936 	EXP 	demo_fixation: opacity = 0
21.7947 	EXP 	window1: mouseVisible = False
21.8104 	EXP 	demo_fixation: opacity = 0
21.8116 	EXP 	window1: mouseVisible = False
21.8269 	EXP 	demo_fixation: opacity = 0
21.8277 	EXP 	window1: mouseVisible = False
21.8434 	EXP 	demo_fixation: opacity = 0
21.8442 	EXP 	window1: mouseVisible = False
21.8603 	EXP 	demo_fixation: opacity = 0
21.8611 	EXP 	window1: mouseVisible = False
21.8768 	EXP 	demo_fixation: opacity = 0
21.8775 	EXP 	window1: mouseVisible = False
21.8934 	EXP 	demo_fixation: opacity = 0
21.8941 	EXP 	window1: mouseVisible = False
21.9100 	EXP 	demo_fixation: opacity = 0
21.9110 	EXP 	window1: mouseVisible = False
21.9267 	EXP 	demo_fixation: opacity = 0
21.9277 	EXP 	window1: mouseVisible = False
21.9431 	EXP 	demo_fixation: opacity = 0
21.9438 	EXP 	window1: mouseVisible = False
21.9603 	EXP 	demo_fixation: opacity = 0
21.9612 	EXP 	window1: mouseVisible = False
21.9765 	EXP 	demo_fixation: opacity = 0
21.9772 	EXP 	window1: mouseVisible = False
21.9931 	EXP 	demo_fixation: opacity = 0
21.9938 	EXP 	window1: mouseVisible = False
22.0107 	EXP 	demo_fixation: opacity = 0
22.0121 	EXP 	window1: mouseVisible = False
22.0275 	EXP 	demo_fixation: opacity = 0
22.0288 	EXP 	window1: mouseVisible = False
22.0443 	EXP 	demo_fixation: opacity = 0
22.0467 	EXP 	window1: mouseVisible = False
22.0609 	EXP 	demo_fixation: opacity = 0
22.0621 	EXP 	window1: mouseVisible = False
22.0776 	EXP 	demo_fixation: opacity = 0
22.0789 	EXP 	window1: mouseVisible = False
22.0940 	EXP 	demo_fixation: opacity = 0
22.0965 	EXP 	window1: mouseVisible = False
22.1217 	EXP 	demo_fixation: opacity = 0
22.1217 	EXP 	demo_fixation: pos = array([-0.31203704, -0.31203704])
22.1217 	EXP 	demo_fixation: opacity = 1
22.1217 	EXP 	demo_enclosing_1: autoDraw = False
22.1217 	EXP 	demo_enclosing: autoDraw = False
22.1217 	EXP 	demo_target: autoDraw = False
22.1217 	EXP 	demo_fixation: autoDraw = False
22.1217 	EXP 	demo_fixation: opacity = 1
22.1217 	EXP 	demo_target_feedback: pos = array([-0.3, -0.3])
22.1217 	EXP 	demo_fixation_feedback: pos = array([-0.31203704, -0.31203704])
22.1217 	EXP 	demo_enclosing_feedback_1: autoDraw = True
22.1217 	EXP 	demo_enclosing_feedback: autoDraw = True
22.1217 	EXP 	demo_target_feedback: autoDraw = True
22.1217 	EXP 	demo_fixation_feedback: autoDraw = True
22.4987 	DATA 	Mouse:  Left button up, pos=(581,148)
22.6136 	EXP 	New trial (rep=0, index=2): OrderedDict([('target_x', 0.3), ('target_y', 0.3), ('rotation', 0)])
22.6161 	EXP 	window1: mouseVisible = False
22.6292 	EXP 	demo_enclosing_feedback_1: autoDraw = False
22.6292 	EXP 	demo_enclosing_feedback: autoDraw = False
22.6292 	EXP 	demo_target_feedback: autoDraw = False
22.6292 	EXP 	demo_fixation_feedback: autoDraw = False
22.6292 	EXP 	demo_target: pos = array([0.3, 0.3])
22.6292 	EXP 	demo_fixation: pos = array([0., 0.])
22.6292 	EXP 	demo_fixation: opacity = 1
22.6292 	EXP 	demo_fixation: pos = [0, 0]
22.6292 	EXP 	demo_enclosing_1: autoDraw = True
22.6292 	EXP 	demo_enclosing: autoDraw = True
22.6292 	EXP 	demo_fixation: autoDraw = True
22.6292 	EXP 	demo_fixation: opacity = 1
22.6292 	EXP 	demo_fixation: pos = [0, 0]
22.6307 	EXP 	window1: mouseVisible = False
22.6434 	EXP 	demo_target: autoDraw = True
22.6434 	EXP 	demo_fixation: opacity = 1
22.6434 	EXP 	demo_fixation: pos = [0, 0]
22.6449 	EXP 	window1: mouseVisible = False
22.6602 	EXP 	demo_fixation: opacity = 1
22.6602 	EXP 	demo_fixation: pos = [0, 0]
22.6614 	EXP 	window1: mouseVisible = False
22.6769 	EXP 	demo_fixation: opacity = 1
22.6769 	EXP 	demo_fixation: pos = [0, 0]
22.6782 	EXP 	window1: mouseVisible = False
22.6936 	EXP 	demo_fixation: opacity = 1
22.6936 	EXP 	demo_fixation: pos = [0, 0]
22.6948 	EXP 	window1: mouseVisible = False
22.7102 	EXP 	demo_fixation: opacity = 1
22.7102 	EXP 	demo_fixation: pos = [0, 0]
22.7114 	EXP 	window1: mouseVisible = False
22.7269 	EXP 	demo_fixation: opacity = 1
22.7269 	EXP 	demo_fixation: pos = [0, 0]
22.7281 	EXP 	window1: mouseVisible = False
22.7436 	EXP 	demo_fixation: opacity = 1
22.7436 	EXP 	demo_fixation: pos = [0, 0]
22.7448 	EXP 	window1: mouseVisible = False
22.7601 	EXP 	demo_fixation: opacity = 1
22.7601 	EXP 	demo_fixation: pos = [0, 0]
22.7613 	EXP 	window1: mouseVisible = False
22.7769 	EXP 	demo_fixation: opacity = 1
22.7769 	EXP 	demo_fixation: pos = [0, 0]
22.7781 	EXP 	window1: mouseVisible = False
22.7934 	EXP 	demo_fixation: opacity = 1
22.7934 	EXP 	demo_fixation: pos = [0, 0]
22.7946 	EXP 	window1: mouseVisible = False
22.8102 	EXP 	demo_fixation: opacity = 1
22.8102 	EXP 	demo_fixation: pos = [0, 0]
22.8114 	EXP 	window1: mouseVisible = False
22.8268 	EXP 	demo_fixation: opacity = 1
22.8268 	EXP 	demo_fixation: pos = [0, 0]
22.8280 	EXP 	window1: mouseVisible = False
22.8435 	EXP 	demo_fixation: opacity = 1
22.8435 	EXP 	demo_fixation: pos = [0, 0]
22.8447 	EXP 	window1: mouseVisible = False
22.8601 	EXP 	demo_fixation: opacity = 1
22.8601 	EXP 	demo_fixation: pos = [0, 0]
22.8613 	EXP 	window1: mouseVisible = False
22.8768 	EXP 	demo_fixation: opacity = 1
22.8768 	EXP 	demo_fixation: pos = [0, 0]
22.8781 	EXP 	window1: mouseVisible = False
22.8935 	EXP 	demo_fixation: opacity = 1
22.8935 	EXP 	demo_fixation: pos = [0, 0]
22.8953 	EXP 	window1: mouseVisible = False
22.9100 	EXP 	demo_fixation: opacity = 1
22.9100 	EXP 	demo_fixation: pos = [0, 0]
22.9114 	EXP 	window1: mouseVisible = False
22.9268 	EXP 	demo_fixation: opacity = 1
22.9268 	EXP 	demo_fixation: pos = [0, 0]
22.9280 	EXP 	window1: mouseVisible = False
22.9434 	EXP 	demo_fixation: opacity = 1
22.9434 	EXP 	demo_fixation: pos = [0, 0]
22.9446 	EXP 	window1: mouseVisible = False
22.9599 	EXP 	demo_fixation: opacity = 1
22.9599 	EXP 	demo_fixation: pos = [0, 0]
22.9611 	EXP 	window1: mouseVisible = False
22.9766 	EXP 	demo_fixation: opacity = 1
22.9766 	EXP 	demo_fixation: pos = [0, 0]
22.9780 	EXP 	window1: mouseVisible = False
22.9933 	EXP 	demo_fixation: opacity = 1
22.9933 	EXP 	demo_fixation: pos = [0, 0]
22.9945 	EXP 	window1: mouseVisible = False
23.0101 	EXP 	demo_fixation: opacity = 1
23.0101 	EXP 	demo_fixation: pos = [0, 0]
23.0113 	EXP 	window1: mouseVisible = False
23.0266 	EXP 	demo_fixation: opacity = 1
23.0266 	EXP 	demo_fixation: pos = [0, 0]
23.0279 	EXP 	window1: mouseVisible = False
23.0432 	EXP 	demo_fixation: opacity = 1
23.0432 	EXP 	demo_fixation: pos = [0, 0]
23.0448 	EXP 	window1: mouseVisible = False
23.0599 	EXP 	demo_fixation: opacity = 1
23.0599 	EXP 	demo_fixation: pos = [0, 0]
23.0611 	EXP 	window1: mouseVisible = False
23.0767 	EXP 	demo_fixation: opacity = 1
23.0767 	EXP 	demo_fixation: pos = [0, 0]
23.0779 	EXP 	window1: mouseVisible = False
23.0931 	EXP 	demo_fixation: opacity = 1
23.0931 	EXP 	demo_fixation: pos = [0, 0]
23.0944 	EXP 	window1: mouseVisible = False
23.1098 	EXP 	demo_fixation: opacity = 1
23.1098 	EXP 	demo_fixation: pos = [0, 0]
23.1111 	EXP 	window1: mouseVisible = False
23.1266 	EXP 	demo_fixation: opacity = 1
23.1266 	EXP 	demo_fixation: pos = [0, 0]
23.1278 	EXP 	window1: mouseVisible = False
23.1430 	EXP 	demo_fixation: opacity = 1
23.1430 	EXP 	demo_fixation: pos = [0, 0]
23.1442 	EXP 	window1: mouseVisible = False
23.1598 	EXP 	demo_fixation: opacity = 1
23.1598 	EXP 	demo_fixation: pos = [0, 0]
23.1612 	EXP 	window1: mouseVisible = False
23.1764 	EXP 	demo_fixation: opacity = 1
23.1764 	EXP 	demo_fixation: pos = [0, 0]
23.1776 	EXP 	window1: mouseVisible = False
23.1932 	EXP 	demo_fixation: opacity = 1
23.1932 	EXP 	demo_fixation: pos = [0, 0]
23.1944 	EXP 	window1: mouseVisible = False
23.2098 	EXP 	demo_fixation: opacity = 1
23.2098 	EXP 	demo_fixation: pos = [0, 0]
23.2110 	EXP 	window1: mouseVisible = False
23.2264 	EXP 	demo_fixation: opacity = 1
23.2264 	EXP 	demo_fixation: pos = [0, 0]
23.2277 	EXP 	window1: mouseVisible = False
23.2430 	EXP 	demo_fixation: opacity = 1
23.2430 	EXP 	demo_fixation: pos = [0, 0]
23.2442 	EXP 	window1: mouseVisible = False
23.2596 	EXP 	demo_fixation: opacity = 1
23.2596 	EXP 	demo_fixation: pos = [0, 0]
23.2611 	EXP 	window1: mouseVisible = False
23.2765 	EXP 	demo_fixation: opacity = 1
23.2765 	EXP 	demo_fixation: pos = [0, 0]
23.2777 	EXP 	window1: mouseVisible = False
23.2928 	EXP 	demo_fixation: opacity = 1
23.2928 	EXP 	demo_fixation: pos = [0, 0]
23.2953 	DATA 	Mouse: Left button down, pos=(960,540)
23.2958 	EXP 	window1: mouseVisible = False
23.3094 	EXP 	demo_fixation: opacity = 0
23.3101 	EXP 	window1: mouseVisible = False
23.3263 	EXP 	demo_fixation: opacity = 0
23.3270 	EXP 	window1: mouseVisible = False
23.3430 	EXP 	demo_fixation: opacity = 0
23.3437 	EXP 	window1: mouseVisible = False
23.3596 	EXP 	demo_fixation: opacity = 0
23.3603 	EXP 	window1: mouseVisible = False
23.3764 	EXP 	demo_fixation: opacity = 0
23.3771 	EXP 	window1: mouseVisible = False
23.3930 	EXP 	demo_fixation: opacity = 0
23.3937 	EXP 	window1: mouseVisible = False
23.4096 	EXP 	demo_fixation: opacity = 0
23.4103 	EXP 	window1: mouseVisible = False
23.4261 	EXP 	demo_fixation: opacity = 0
23.4269 	EXP 	window1: mouseVisible = False
23.4427 	EXP 	demo_fixation: opacity = 0
23.4435 	EXP 	window1: mouseVisible = False
23.4596 	EXP 	demo_fixation: opacity = 0
23.4603 	EXP 	window1: mouseVisible = False
23.4761 	EXP 	demo_fixation: opacity = 0
23.4769 	EXP 	window1: mouseVisible = False
23.4927 	EXP 	demo_fixation: opacity = 0
23.4934 	EXP 	window1: mouseVisible = False
23.5095 	EXP 	demo_fixation: opacity = 0
23.5102 	EXP 	window1: mouseVisible = False
23.5264 	EXP 	demo_fixation: opacity = 0
23.5275 	EXP 	window1: mouseVisible = False
23.5428 	EXP 	demo_fixation: opacity = 0
23.5450 	EXP 	window1: mouseVisible = False
23.5595 	EXP 	demo_fixation: opacity = 0
23.5609 	EXP 	window1: mouseVisible = False
23.5761 	EXP 	demo_fixation: opacity = 0
23.5773 	EXP 	window1: mouseVisible = False
23.5926 	EXP 	demo_fixation: opacity = 0
23.5938 	EXP 	window1: mouseVisible = False
23.6093 	EXP 	demo_fixation: opacity = 0
23.6110 	EXP 	window1: mouseVisible = False
23.6260 	EXP 	demo_fixation: opacity = 0
23.6274 	EXP 	window1: mouseVisible = False
23.6429 	EXP 	demo_fixation: opacity = 0
23.6442 	EXP 	window1: mouseVisible = False
23.6593 	EXP 	demo_fixation: opacity = 0
23.6607 	EXP 	window1: mouseVisible = False
23.6762 	EXP 	demo_fixation: opacity = 0
23.6777 	EXP 	window1: mouseVisible = False
23.6924 	EXP 	demo_fixation: opacity = 0
23.6937 	EXP 	window1: mouseVisible = False
23.7093 	EXP 	demo_fixation: opacity = 0
23.7105 	EXP 	window1: mouseVisible = False
23.7259 	EXP 	demo_fixation: opacity = 0
23.7276 	EXP 	window1: mouseVisible = False
23.7426 	EXP 	demo_fixation: opacity = 0
23.7438 	EXP 	window1: mouseVisible = False
23.7657 	EXP 	demo_fixation: opacity = 0
23.7657 	EXP 	demo_fixation: pos = array([0.37037037, 0.25462963])
23.7657 	EXP 	demo_fixation: opacity = 1
23.7657 	EXP 	demo_enclosing_1: autoDraw = False
23.7657 	EXP 	demo_enclosing: autoDraw = False
23.7657 	EXP 	demo_target: autoDraw = False
23.7657 	EXP 	demo_fixation: autoDraw = False
23.7657 	EXP 	demo_fixation: opacity = 1
23.7657 	EXP 	demo_target_feedback: pos = array([0.3, 0.3])
23.7657 	EXP 	demo_fixation_feedback: pos = array([0.37037037, 0.25462963])
23.7657 	EXP 	demo_enclosing_feedback_1: autoDraw = True
23.7657 	EXP 	demo_enclosing_feedback: autoDraw = True
23.7657 	EXP 	demo_target_feedback: autoDraw = True
23.7657 	EXP 	demo_fixation_feedback: autoDraw = True
24.2139 	DATA 	Mouse:  Left button up, pos=(1492,930)
24.2621 	EXP 	New trial (rep=0, index=3): OrderedDict([('target_x', 0.3), ('target_y', -0.3), ('rotation', 0)])
24.2646 	EXP 	window1: mouseVisible = False
24.2777 	EXP 	demo_enclosing_feedback_1: autoDraw = False
24.2777 	EXP 	demo_enclosing_feedback: autoDraw = False
24.2777 	EXP 	demo_target_feedback: autoDraw = False
24.2777 	EXP 	demo_fixation_feedback: autoDraw = False
24.2777 	EXP 	demo_target: pos = array([ 0.3, -0.3])
24.2777 	EXP 	demo_fixation: pos = array([0., 0.])
24.2777 	EXP 	demo_fixation: opacity = 1
24.2777 	EXP 	demo_fixation: pos = [0, 0]
24.2777 	EXP 	demo_enclosing_1: autoDraw = True
24.2777 	EXP 	demo_enclosing: autoDraw = True
24.2777 	EXP 	demo_fixation: autoDraw = True
24.2777 	EXP 	demo_fixation: opacity = 1
24.2777 	EXP 	demo_fixation: pos = [0, 0]
24.2791 	EXP 	window1: mouseVisible = False
24.2920 	EXP 	demo_target: autoDraw = True
24.2920 	EXP 	demo_fixation: opacity = 1
24.2920 	EXP 	demo_fixation: pos = [0, 0]
24.2940 	EXP 	window1: mouseVisible = False
24.3088 	EXP 	demo_fixation: opacity = 1
24.3088 	EXP 	demo_fixation: pos = [0, 0]
24.3115 	EXP 	window1: mouseVisible = False
24.3252 	EXP 	demo_fixation: opacity = 1
24.3252 	EXP 	demo_fixation: pos = [0, 0]
24.3265 	EXP 	window1: mouseVisible = False
24.3421 	EXP 	demo_fixation: opacity = 1
24.3421 	EXP 	demo_fixation: pos = [0, 0]
24.3433 	EXP 	window1: mouseVisible = False
24.3585 	EXP 	demo_fixation: opacity = 1
24.3585 	EXP 	demo_fixation: pos = [0, 0]
24.3601 	EXP 	window1: mouseVisible = False
24.3753 	EXP 	demo_fixation: opacity = 1
24.3753 	EXP 	demo_fixation: pos = [0, 0]
24.3765 	EXP 	window1: mouseVisible = False
24.3920 	EXP 	demo_fixation: opacity = 1
24.3920 	EXP 	demo_fixation: pos = [0, 0]
24.3932 	EXP 	window1: mouseVisible = False
24.4087 	EXP 	demo_fixation: opacity = 1
24.4087 	EXP 	demo_fixation: pos = [0, 0]
24.4099 	EXP 	window1: mouseVisible = False
24.4254 	EXP 	demo_fixation: opacity = 1
24.4254 	EXP 	demo_fixation: pos = [0, 0]
24.4268 	EXP 	window1: mouseVisible = False
24.4419 	EXP 	demo_fixation: opacity = 1
24.4419 	EXP 	demo_fixation: pos = [0, 0]
24.4431 	EXP 	window1: mouseVisible = False
24.4586 	EXP 	demo_fixation: opacity = 1
24.4586 	EXP 	demo_fixation: pos = [0, 0]
24.4598 	EXP 	window1: mouseVisible = False
24.4753 	EXP 	demo_fixation: opacity = 1
24.4753 	EXP 	demo_fixation: pos = [0, 0]
24.4766 	EXP 	window1: mouseVisible = False
24.4919 	EXP 	demo_fixation: opacity = 1
24.4919 	EXP 	demo_fixation: pos = [0, 0]
24.4932 	EXP 	window1: mouseVisible = False
24.5085 	EXP 	demo_fixation: opacity = 1
24.5085 	EXP 	demo_fixation: pos = [0, 0]
24.5097 	EXP 	window1: mouseVisible = False
24.5253 	EXP 	demo_fixation: opacity = 1
24.5253 	EXP 	demo_fixation: pos = [0, 0]
24.5265 	EXP 	window1: mouseVisible = False
24.5418 	EXP 	demo_fixation: opacity = 1
24.5418 	EXP 	demo_fixation: pos = [0, 0]
24.5431 	EXP 	window1: mouseVisible = False
24.5584 	EXP 	demo_fixation: opacity = 1
24.5584 	EXP 	demo_fixation: pos = [0, 0]
24.5597 	EXP 	window1: mouseVisible = False
24.5751 	EXP 	demo_fixation: opacity = 1
24.5751 	EXP 	demo_fixation: pos = [0, 0]
24.5764 	EXP 	window1: mouseVisible = False
24.5916 	EXP 	demo_fixation: opacity = 1
24.5916 	EXP 	demo_fixation: pos = [0, 0]
24.5929 	EXP 	window1: mouseVisible = False
24.6084 	EXP 	demo_fixation: opacity = 1
24.6084 	EXP 	demo_fixation: pos = [0, 0]
24.6096 	EXP 	window1: mouseVisible = False
24.6251 	EXP 	demo_fixation: opacity = 1
24.6251 	EXP 	demo_fixation: pos = [0, 0]
24.6264 	EXP 	window1: mouseVisible = False
24.6417 	EXP 	demo_fixation: opacity = 1
24.6417 	EXP 	demo_fixation: pos = [0, 0]
24.6429 	EXP 	window1: mouseVisible = False
24.6585 	EXP 	demo_fixation: opacity = 1
24.6585 	EXP 	demo_fixation: pos = [0, 0]
24.6597 	EXP 	window1: mouseVisible = False
24.6749 	EXP 	demo_fixation: opacity = 1
24.6749 	EXP 	demo_fixation: pos = [0, 0]
24.6762 	EXP 	window1: mouseVisible = False
24.6918 	EXP 	demo_fixation: opacity = 1
24.6918 	EXP 	demo_fixation: pos = [0, 0]
24.6930 	EXP 	window1: mouseVisible = False
24.7084 	EXP 	demo_fixation: opacity = 1
24.7084 	EXP 	demo_fixation: pos = [0, 0]
24.7096 	EXP 	window1: mouseVisible = False
24.7249 	EXP 	demo_fixation: opacity = 1
24.7249 	EXP 	demo_fixation: pos = [0, 0]
24.7261 	EXP 	window1: mouseVisible = False
24.7416 	EXP 	demo_fixation: opacity = 1
24.7416 	EXP 	demo_fixation: pos = [0, 0]
24.7429 	EXP 	window1: mouseVisible = False
24.7583 	EXP 	demo_fixation: opacity = 1
24.7583 	EXP 	demo_fixation: pos = [0, 0]
24.7596 	EXP 	window1: mouseVisible = False
24.7750 	EXP 	demo_fixation: opacity = 1
24.7750 	EXP 	demo_fixation: pos = [0, 0]
24.7762 	EXP 	window1: mouseVisible = False
24.7916 	EXP 	demo_fixation: opacity = 1
24.7916 	EXP 	demo_fixation: pos = [0, 0]
24.7928 	EXP 	window1: mouseVisible = False
24.8083 	EXP 	demo_fixation: opacity = 1
24.8083 	EXP 	demo_fixation: pos = [0, 0]
24.8095 	EXP 	window1: mouseVisible = False
24.8249 	EXP 	demo_fixation: opacity = 1
24.8249 	EXP 	demo_fixation: pos = [0, 0]
24.8262 	EXP 	window1: mouseVisible = False
24.8417 	EXP 	demo_fixation: opacity = 1
24.8417 	EXP 	demo_fixation: pos = [0, 0]
24.8429 	EXP 	window1: mouseVisible = False
24.8583 	EXP 	demo_fixation: opacity = 1
24.8583 	EXP 	demo_fixation: pos = [0, 0]
24.8595 	EXP 	window1: mouseVisible = False
24.8749 	EXP 	demo_fixation: opacity = 1
24.8749 	EXP 	demo_fixation: pos = [0, 0]
24.8761 	EXP 	window1: mouseVisible = False
24.8915 	EXP 	demo_fixation: opacity = 1
24.8915 	EXP 	demo_fixation: pos = [0, 0]
24.8936 	EXP 	window1: mouseVisible = False
24.9081 	EXP 	demo_fixation: opacity = 1
24.9081 	EXP 	demo_fixation: pos = [0, 0]
24.9094 	EXP 	window1: mouseVisible = False
24.9248 	EXP 	demo_fixation: opacity = 1
24.9248 	EXP 	demo_fixation: pos = [0, 0]
24.9261 	EXP 	window1: mouseVisible = False
24.9415 	EXP 	demo_fixation: opacity = 1
24.9415 	EXP 	demo_fixation: pos = [0, 0]
24.9427 	EXP 	window1: mouseVisible = False
24.9581 	EXP 	demo_fixation: opacity = 1
24.9581 	EXP 	demo_fixation: pos = [0, 0]
24.9604 	DATA 	Mouse: Left button down, pos=(960,540)
24.9608 	EXP 	window1: mouseVisible = False
24.9747 	EXP 	demo_fixation: opacity = 0
24.9754 	EXP 	window1: mouseVisible = False
24.9913 	EXP 	demo_fixation: opacity = 0
24.9920 	EXP 	window1: mouseVisible = False
25.0081 	EXP 	demo_fixation: opacity = 0
25.0088 	EXP 	window1: mouseVisible = False
25.0247 	EXP 	demo_fixation: opacity = 0
25.0254 	EXP 	window1: mouseVisible = False
25.0414 	EXP 	demo_fixation: opacity = 0
25.0422 	EXP 	window1: mouseVisible = False
25.0580 	EXP 	demo_fixation: opacity = 0
25.0588 	EXP 	window1: mouseVisible = False
25.0747 	EXP 	demo_fixation: opacity = 0
25.0755 	EXP 	window1: mouseVisible = False
25.0913 	EXP 	demo_fixation: opacity = 0
25.0920 	EXP 	window1: mouseVisible = False
25.1080 	EXP 	demo_fixation: opacity = 0
25.1088 	EXP 	window1: mouseVisible = False
25.1246 	EXP 	demo_fixation: opacity = 0
25.1253 	EXP 	window1: mouseVisible = False
25.1413 	EXP 	demo_fixation: opacity = 0
25.1420 	EXP 	window1: mouseVisible = False
25.1580 	EXP 	demo_fixation: opacity = 0
25.1587 	EXP 	window1: mouseVisible = False
25.1745 	EXP 	demo_fixation: opacity = 0
25.1752 	EXP 	window1: mouseVisible = False
25.1911 	EXP 	demo_fixation: opacity = 0
25.1921 	EXP 	window1: mouseVisible = False
25.2080 	EXP 	demo_fixation: opacity = 0
25.2090 	EXP 	window1: mouseVisible = False
25.2244 	EXP 	demo_fixation: opacity = 0
25.2257 	EXP 	window1: mouseVisible = False
25.2412 	EXP 	demo_fixation: opacity = 0
25.2427 	EXP 	window1: mouseVisible = False
25.2579 	EXP 	demo_fixation: opacity = 0
25.2591 	EXP 	window1: mouseVisible = False
25.2746 	EXP 	demo_fixation: opacity = 0
25.2757 	EXP 	window1: mouseVisible = False
25.2913 	EXP 	demo_fixation: opacity = 0
25.2931 	EXP 	window1: mouseVisible = False
25.3077 	EXP 	demo_fixation: opacity = 0
25.3105 	EXP 	window1: mouseVisible = False
25.3245 	EXP 	demo_fixation: opacity = 0
25.3257 	EXP 	window1: mouseVisible = False
25.3411 	EXP 	demo_fixation: opacity = 0
25.3425 	EXP 	window1: mouseVisible = False
25.3578 	EXP 	demo_fixation: opacity = 0
25.3590 	EXP 	window1: mouseVisible = False
25.3743 	EXP 	demo_fixation: opacity = 0
25.3756 	EXP 	window1: mouseVisible = False
25.3912 	EXP 	demo_fixation: opacity = 0
25.3923 	EXP 	window1: mouseVisible = False
25.4078 	EXP 	demo_fixation: opacity = 0
25.4091 	EXP 	window1: mouseVisible = False
25.4244 	EXP 	demo_fixation: opacity = 0
25.4262 	EXP 	window1: mouseVisible = False
25.4410 	EXP 	demo_fixation: opacity = 0
25.4424 	EXP 	window1: mouseVisible = False
25.4575 	EXP 	demo_fixation: opacity = 0
25.4594 	EXP 	window1: mouseVisible = False
25.4743 	EXP 	demo_fixation: opacity = 0
25.4761 	EXP 	window1: mouseVisible = False
25.4910 	EXP 	demo_fixation: opacity = 0
25.4921 	EXP 	window1: mouseVisible = False
25.5078 	EXP 	demo_fixation: opacity = 0
25.5090 	EXP 	window1: mouseVisible = False
25.5243 	EXP 	demo_fixation: opacity = 0
25.5256 	EXP 	window1: mouseVisible = False
25.5486 	EXP 	demo_fixation: opacity = 0
25.5486 	EXP 	demo_fixation: pos = array([ 0.11574074, -0.42685185])
25.5486 	EXP 	demo_fixation: opacity = 1
25.5486 	EXP 	demo_enclosing_1: autoDraw = False
25.5486 	EXP 	demo_enclosing: autoDraw = False
25.5486 	EXP 	demo_target: autoDraw = False
25.5486 	EXP 	demo_fixation: autoDraw = False
25.5486 	EXP 	demo_fixation: opacity = 1
25.5486 	EXP 	demo_target_feedback: pos = array([ 0.3, -0.3])
25.5486 	EXP 	demo_fixation_feedback: pos = array([ 0.11574074, -0.42685185])
25.5486 	EXP 	demo_enclosing_feedback_1: autoDraw = True
25.5486 	EXP 	demo_enclosing_feedback: autoDraw = True
25.5486 	EXP 	demo_target_feedback: autoDraw = True
25.5486 	EXP 	demo_fixation_feedback: autoDraw = True
26.0286 	DATA 	Mouse:  Left button up, pos=(1098,28)
26.0446 	EXP 	New trial (rep=1, index=0): None
26.0578 	EXP 	demo_enclosing_feedback_1: autoDraw = False
26.0578 	EXP 	demo_enclosing_feedback: autoDraw = False
26.0578 	EXP 	demo_target_feedback: autoDraw = False
26.0578 	EXP 	demo_fixation_feedback: autoDraw = False
26.0578 	EXP 	text: autoDraw = True
27.0238 	DATA 	Keypress: escape
27.3374 	EXP 	window1: mouseVisible = True
