2.3054 	WARNING 	We strongly recommend you activate the PTB sound engine in PsychoPy prefs as the preferred audio engine. Its timing is vastly superior. Your prefs are currently set to use ['sounddevice', 'PTB', 'pyo', 'pygame'] (in that order).
14.9806 	EXP 	Created window1 = Window(allowGUI=False, allowStencil=False, args=UNKNOWN, autoLog=True, bitsMode=UNKNOWN, blendMode='avg', bpc=(8, 8, 8), color=array([0., 0., 0.]), colorSpace='rgb', depthBits=8, fullscr=<method-wrapper '__getattribute__' of attributeSetter object at 0x0000025DE9563CC0>, gamma=None, gammaErrorPolicy='raise', kwargs=UNKNOWN, lms=UNKNOWN, monitor=<psychopy.monitors.calibTools.Monitor object at 0x0000025DE9485CF8>, multiSample=False, name='window1', numSamples=2, pos=[0.0, 0.0], screen=0, size=array([1920, 1080]), stencilBits=0, stereo=False, units='height', useFBO=True, useRetina=False, viewOri=0.0, viewPos=None, viewScale=None, waitBlanking=True, winType='pyglet')
14.9811 	EXP 	window1: mouseVisible = True
14.9812 	EXP 	window1: recordFrameIntervals = False
15.1459 	EXP 	window1: recordFrameIntervals = True
15.3297 	EXP 	window1: recordFrameIntervals = False
15.7534 	EXP 	Created Welcome = TextStim(__class__=<class 'psychopy.visual.text.TextStim'>, alignHoriz=method-wrapper(...), alignText='center', alignVert=method-wrapper(...), anchorHoriz='center', anchorVert='center', antialias=True, autoLog=True, bold=False, color='white', colorSpace='named', contrast=1.0, depth=0.0, flipHoriz=False, flipVert=False, font='Arial', fontFiles=[], height=0.04, italic=False, languageStyle='LTR', name='Welcome', opacity=1.0, ori=0, pos=array([0., 0.]), rgb=array([255., 255., 255.]), text=str(...), units='height', win=Window(...), wrapWidth=1)
15.7536 	EXP 	window1: mouseVisible = True
15.7706 	EXP 	Created text = TextStim(__class__=<class 'psychopy.visual.text.TextStim'>, alignHoriz=method-wrapper(...), alignText='center', alignVert=method-wrapper(...), anchorHoriz='center', anchorVert='center', antialias=True, autoLog=True, bold=False, color='white', colorSpace='named', contrast=1.0, depth=0.0, flipHoriz=False, flipVert=False, font='Arial', fontFiles=[], height=0.04, italic=False, languageStyle='LTR', name='text', opacity=1.0, ori=0, pos=array([0., 0.]), rgb=array([255., 255., 255.]), text=str(...), units='height', win=Window(...), wrapWidth=1)
15.7708 	EXP 	window1: mouseVisible = True
15.7834 	EXP 	Created demo_enclosing_1 = Polygon(__class__=<class 'psychopy.visual.polygon.Polygon'>, autoDraw=False, autoLog=True, closeShape=True, color=method-wrapper(...), colorSpace=None, contrast=1.0, depth=-1.0, fillColor=array([0., 0., 0.]), fillColorSpace='rgb', fillRGB=array([0., 0., 0.]), interpolate=True, lineColor=array([-1., -1., -1.]), lineColorSpace='rgb', lineRGB=array([-1., -1., -1.]), lineWidth=1, name='demo_enclosing_1', opacity=1.0, ori=array(0.), pos=array([0., 0.]), size=array([0.9, 0.9]), units='height', vertices=ndarray(...), win=Window(...))
15.7915 	EXP 	Created demo_enclosing = Polygon(__class__=<class 'psychopy.visual.polygon.Polygon'>, autoDraw=False, autoLog=True, closeShape=True, color=method-wrapper(...), colorSpace=None, contrast=1.0, depth=-2.0, fillColor=array([0., 0., 0.]), fillColorSpace='rgb', fillRGB=array([0., 0., 0.]), interpolate=True, lineColor=array([-1., -1., -1.]), lineColorSpace='rgb', lineRGB=array([-1., -1., -1.]), lineWidth=1, name='demo_enclosing', opacity=1.0, ori=array(0.), pos=array([0., 0.]), size=array([0.8, 0.8]), units='height', vertices=ndarray(...), win=Window(...))
15.7947 	EXP 	Created demo_target = ShapeStim(__class__=<class 'psychopy.visual.shape.ShapeStim'>, autoDraw=False, autoLog=True, closeShape=True, contrast=1.0, depth=-3.0, fillColor=array([1., 1., 1.]), fillColorSpace='rgb', interpolate=True, lineColor=array([1., 1., 1.]), lineColorSpace='rgb', lineWidth=1, name='demo_target', opacity=1.0, ori=array(45.), pos=array([0., 0.]), size=array([0.05, 0.05]), units='height', vertices=ndarray(...), win=Window(...), windingRule=None)
15.7991 	EXP 	Created demo_fixation = Polygon(__class__=<class 'psychopy.visual.polygon.Polygon'>, autoDraw=False, autoLog=True, closeShape=True, color=method-wrapper(...), colorSpace=None, contrast=1.0, depth=-4.0, fillColor=array([1., 0., 0.]), fillColorSpace='rgb', fillRGB=array([1., 0., 0.]), interpolate=True, lineColor=array([1., 0., 0.]), lineColorSpace='rgb', lineRGB=array([1., 0., 0.]), lineWidth=1, name='demo_fixation', opacity=1.0, ori=array(0.), pos=array([0., 0.]), size=array([0.025, 0.025]), units='height', vertices=ndarray(...), win=Window(...))
15.7993 	EXP 	window1: mouseVisible = True
15.8098 	EXP 	Created demo_enclosing_feedback_1 = Polygon(__class__=<class 'psychopy.visual.polygon.Polygon'>, autoDraw=False, autoLog=True, closeShape=True, color=method-wrapper(...), colorSpace=None, contrast=1.0, depth=0.0, fillColor=array([0., 0., 0.]), fillColorSpace='rgb', fillRGB=array([0., 0., 0.]), interpolate=True, lineColor=array([-1., -1., -1.]), lineColorSpace='rgb', lineRGB=array([-1., -1., -1.]), lineWidth=1, name='demo_enclosing_feedback_1', opacity=1.0, ori=array(0.), pos=array([0., 0.]), size=array([0.9, 0.9]), units='height', vertices=ndarray(...), win=Window(...))
15.8158 	EXP 	Created demo_enclosing_feedback = Polygon(__class__=<class 'psychopy.visual.polygon.Polygon'>, autoDraw=False, autoLog=True, closeShape=True, color=method-wrapper(...), colorSpace=None, contrast=1.0, depth=-1.0, fillColor=array([0., 0., 0.]), fillColorSpace='rgb', fillRGB=array([0., 0., 0.]), interpolate=True, lineColor=array([-1., -1., -1.]), lineColorSpace='rgb', lineRGB=array([-1., -1., -1.]), lineWidth=1, name='demo_enclosing_feedback', opacity=1.0, ori=array(0.), pos=array([0., 0.]), size=array([0.8, 0.8]), units='height', vertices=ndarray(...), win=Window(...))
15.8188 	EXP 	Created demo_target_feedback = ShapeStim(__class__=<class 'psychopy.visual.shape.ShapeStim'>, autoDraw=False, autoLog=True, closeShape=True, contrast=1.0, depth=-2.0, fillColor=array([1., 1., 1.]), fillColorSpace='rgb', interpolate=True, lineColor=array([1., 1., 1.]), lineColorSpace='rgb', lineWidth=1, name='demo_target_feedback', opacity=1.0, ori=array(45.), pos=array([0., 0.]), size=array([0.05, 0.05]), units='height', vertices=ndarray(...), win=Window(...), windingRule=None)
15.8231 	EXP 	Created demo_fixation_feedback = Polygon(__class__=<class 'psychopy.visual.polygon.Polygon'>, autoDraw=False, autoLog=True, closeShape=True, color=method-wrapper(...), colorSpace=None, contrast=1.0, depth=-3.0, fillColor=array([1., 0., 0.]), fillColorSpace='rgb', fillRGB=array([1., 0., 0.]), interpolate=True, lineColor=array([1., 0., 0.]), lineColorSpace='rgb', lineRGB=array([1., 0., 0.]), lineWidth=1, name='demo_fixation_feedback', opacity=1.0, ori=array(0.), pos=array([0., 0.]), size=array([0.025, 0.025]), units='height', vertices=ndarray(...), win=Window(...))
15.8441 	EXP 	Created text_4 = TextStim(__class__=<class 'psychopy.visual.text.TextStim'>, alignHoriz=method-wrapper(...), alignText='center', alignVert=method-wrapper(...), anchorHoriz='center', anchorVert='center', antialias=True, autoLog=True, bold=False, color='white', colorSpace='named', contrast=1.0, depth=-5.0, flipHoriz=False, flipVert=False, font='Arial', fontFiles=[], height=0.02, italic=False, languageStyle='LTR', name='text_4', opacity=1.0, ori=0, pos=array([0.4, 0.4]), rgb=array([255., 255., 255.]), text='default text', units='height', win=Window(...), wrapWidth=1)
15.8627 	EXP 	Created text_3 = TextStim(__class__=<class 'psychopy.visual.text.TextStim'>, alignHoriz=method-wrapper(...), alignText='center', alignVert=method-wrapper(...), anchorHoriz='center', anchorVert='center', antialias=True, autoLog=True, bold=False, color='white', colorSpace='named', contrast=1.0, depth=0.0, flipHoriz=False, flipVert=False, font='Arial', fontFiles=[], height=0.04, italic=False, languageStyle='LTR', name='text_3', opacity=1.0, ori=0, pos=array([0., 0.]), rgb=array([255., 255., 255.]), text=str(...), units='height', win=Window(...), wrapWidth=1)
15.8629 	EXP 	window1: mouseVisible = True
15.8660 	EXP 	Created baseline_target = ShapeStim(__class__=<class 'psychopy.visual.shape.ShapeStim'>, autoDraw=False, autoLog=True, closeShape=True, contrast=1.0, depth=0.0, fillColor=array([1., 1., 1.]), fillColorSpace='rgb', interpolate=True, lineColor=array([1., 1., 1.]), lineColorSpace='rgb', lineWidth=1, name='baseline_target', opacity=1.0, ori=array(45.), pos=array([0., 0.]), size=array([0.05, 0.05]), units='height', vertices=ndarray(...), win=Window(...), windingRule=None)
15.8706 	EXP 	Created baseline_fixation = Polygon(__class__=<class 'psychopy.visual.polygon.Polygon'>, autoDraw=False, autoLog=True, closeShape=True, color=method-wrapper(...), colorSpace=None, contrast=1.0, depth=-1.0, fillColor=array([1., 0., 0.]), fillColorSpace='rgb', fillRGB=array([1., 0., 0.]), interpolate=True, lineColor=array([1., 0., 0.]), lineColorSpace='rgb', lineRGB=array([1., 0., 0.]), lineWidth=1, name='baseline_fixation', opacity=1.0, ori=array(0.), pos=array([0., 0.]), size=array([0.025, 0.025]), units='height', vertices=ndarray(...), win=Window(...))
15.8707 	EXP 	window1: mouseVisible = True
15.8743 	EXP 	Created baseline_target_feedback = ShapeStim(__class__=<class 'psychopy.visual.shape.ShapeStim'>, autoDraw=False, autoLog=True, closeShape=True, contrast=1.0, depth=0.0, fillColor=array([1., 1., 1.]), fillColorSpace='rgb', interpolate=True, lineColor=array([1., 1., 1.]), lineColorSpace='rgb', lineWidth=1, name='baseline_target_feedback', opacity=1.0, ori=array(45.), pos=array([0., 0.]), size=array([0.05, 0.05]), units='height', vertices=ndarray(...), win=Window(...), windingRule=None)
15.8788 	EXP 	Created baseline_fixation_feedback = Polygon(__class__=<class 'psychopy.visual.polygon.Polygon'>, autoDraw=False, autoLog=True, closeShape=True, color=method-wrapper(...), colorSpace=None, contrast=1.0, depth=-1.0, fillColor=array([1., 0., 0.]), fillColorSpace='rgb', fillRGB=array([1., 0., 0.]), interpolate=True, lineColor=array([1., 0., 0.]), lineColorSpace='rgb', lineRGB=array([1., 0., 0.]), lineWidth=1, name='baseline_fixation_feedback', opacity=1.0, ori=array(0.), pos=array([0., 0.]), size=array([0.025, 0.025]), units='height', vertices=ndarray(...), win=Window(...))
15.9075 	EXP 	Created text_2 = TextStim(__class__=<class 'psychopy.visual.text.TextStim'>, alignHoriz=method-wrapper(...), alignText='center', alignVert=method-wrapper(...), anchorHoriz='center', anchorVert='center', antialias=True, autoLog=True, bold=False, color='white', colorSpace='named', contrast=1.0, depth=0.0, flipHoriz=False, flipVert=False, font='Arial', fontFiles=[], height=0.04, italic=False, languageStyle='LTR', name='text_2', opacity=1.0, ori=0, pos=array([0., 0.]), rgb=array([255., 255., 255.]), text=str(...), units='height', win=Window(...), wrapWidth=1)
15.9076 	EXP 	window1: mouseVisible = True
15.9108 	EXP 	Created rotated_target = ShapeStim(__class__=<class 'psychopy.visual.shape.ShapeStim'>, autoDraw=False, autoLog=True, closeShape=True, contrast=1.0, depth=0.0, fillColor=array([1., 1., 1.]), fillColorSpace='rgb', interpolate=True, lineColor=array([1., 1., 1.]), lineColorSpace='rgb', lineWidth=1, name='rotated_target', opacity=1.0, ori=array(45.), pos=array([0., 0.]), size=array([0.05, 0.05]), units='height', vertices=ndarray(...), win=Window(...), windingRule=None)
15.9153 	EXP 	Created rotated_fixation = Polygon(__class__=<class 'psychopy.visual.polygon.Polygon'>, autoDraw=False, autoLog=True, closeShape=True, color=method-wrapper(...), colorSpace=None, contrast=1.0, depth=-1.0, fillColor=array([1., 0., 0.]), fillColorSpace='rgb', fillRGB=array([1., 0., 0.]), interpolate=True, lineColor=array([1., 0., 0.]), lineColorSpace='rgb', lineRGB=array([1., 0., 0.]), lineWidth=1, name='rotated_fixation', opacity=1.0, ori=array(0.), pos=array([0., 0.]), size=array([0.025, 0.025]), units='height', vertices=ndarray(...), win=Window(...))
15.9154 	EXP 	window1: mouseVisible = True
15.9184 	EXP 	Created rotated_target_feedback = ShapeStim(__class__=<class 'psychopy.visual.shape.ShapeStim'>, autoDraw=False, autoLog=True, closeShape=True, contrast=1.0, depth=0.0, fillColor=array([1., 1., 1.]), fillColorSpace='rgb', interpolate=True, lineColor=array([1., 1., 1.]), lineColorSpace='rgb', lineWidth=1, name='rotated_target_feedback', opacity=1.0, ori=array(45.), pos=array([0., 0.]), size=array([0.05, 0.05]), units='height', vertices=ndarray(...), win=Window(...), windingRule=None)
15.9228 	EXP 	Created rotated_fixation_feedback = Polygon(__class__=<class 'psychopy.visual.polygon.Polygon'>, autoDraw=False, autoLog=True, closeShape=True, color=method-wrapper(...), colorSpace=None, contrast=1.0, depth=-1.0, fillColor=array([1., 0., 0.]), fillColorSpace='rgb', fillRGB=array([1., 0., 0.]), interpolate=True, lineColor=array([1., 0., 0.]), lineColorSpace='rgb', lineRGB=array([1., 0., 0.]), lineWidth=1, name='rotated_fixation_feedback', opacity=1.0, ori=array(0.), pos=array([0., 0.]), size=array([0.025, 0.025]), units='height', vertices=ndarray(...), win=Window(...))
15.9444 	EXP 	Created rotated_breaks = TextStim(__class__=<class 'psychopy.visual.text.TextStim'>, alignHoriz=method-wrapper(...), alignText='center', alignVert=method-wrapper(...), anchorHoriz='center', anchorVert='center', antialias=True, autoLog=True, bold=False, color='white', colorSpace='named', contrast=1.0, depth=0.0, flipHoriz=False, flipVert=False, font='Arial', fontFiles=[], height=0.04, italic=False, languageStyle='LTR', name='rotated_breaks', opacity=1.0, ori=0, pos=array([0., 0.]), rgb=array([255., 255., 255.]), text=str(...), units='height', win=Window(...), wrapWidth=1)
15.9445 	EXP 	window1: mouseVisible = True
15.9472 	EXP 	Created transfer_target = ShapeStim(__class__=<class 'psychopy.visual.shape.ShapeStim'>, autoDraw=False, autoLog=True, closeShape=True, contrast=1.0, depth=0.0, fillColor=array([1., 1., 1.]), fillColorSpace='rgb', interpolate=True, lineColor=array([1., 1., 1.]), lineColorSpace='rgb', lineWidth=1, name='transfer_target', opacity=1.0, ori=array(45.), pos=array([0., 0.]), size=array([0.05, 0.05]), units='height', vertices=ndarray(...), win=Window(...), windingRule=None)
15.9507 	EXP 	Created transfer_fixation = Polygon(__class__=<class 'psychopy.visual.polygon.Polygon'>, autoDraw=False, autoLog=True, closeShape=True, color=method-wrapper(...), colorSpace=None, contrast=1.0, depth=-1.0, fillColor=array([1., 0., 0.]), fillColorSpace='rgb', fillRGB=array([1., 0., 0.]), interpolate=True, lineColor=array([1., 0., 0.]), lineColorSpace='rgb', lineRGB=array([1., 0., 0.]), lineWidth=1, name='transfer_fixation', opacity=1.0, ori=array(0.), pos=array([0., 0.]), size=array([0.025, 0.025]), units='height', vertices=ndarray(...), win=Window(...))
15.9508 	EXP 	window1: mouseVisible = True
15.9532 	EXP 	Created transfer_target_feedback = ShapeStim(__class__=<class 'psychopy.visual.shape.ShapeStim'>, autoDraw=False, autoLog=True, closeShape=True, contrast=1.0, depth=0.0, fillColor=array([1., 1., 1.]), fillColorSpace='rgb', interpolate=True, lineColor=array([1., 1., 1.]), lineColorSpace='rgb', lineWidth=1, name='transfer_target_feedback', opacity=1.0, ori=array(45.), pos=array([0., 0.]), size=array([0.05, 0.05]), units='height', vertices=ndarray(...), win=Window(...), windingRule=None)
15.9563 	EXP 	Created transfer_fixation_feedback = Polygon(__class__=<class 'psychopy.visual.polygon.Polygon'>, autoDraw=False, autoLog=True, closeShape=True, color=method-wrapper(...), colorSpace=None, contrast=1.0, depth=-1.0, fillColor=array([1., 0., 0.]), fillColorSpace='rgb', fillRGB=array([1., 0., 0.]), interpolate=True, lineColor=array([1., 0., 0.]), lineColorSpace='rgb', lineRGB=array([1., 0., 0.]), lineWidth=1, name='transfer_fixation_feedback', opacity=1.0, ori=array(0.), pos=array([0., 0.]), size=array([0.025, 0.025]), units='height', vertices=ndarray(...), win=Window(...))
15.9688 	EXP 	Created done_text = TextStim(__class__=<class 'psychopy.visual.text.TextStim'>, alignHoriz=method-wrapper(...), alignText='center', alignVert=method-wrapper(...), anchorHoriz='center', anchorVert='center', antialias=True, autoLog=True, bold=False, color='white', colorSpace='named', contrast=1.0, depth=0.0, flipHoriz=False, flipVert=False, font='Arial', fontFiles=[], height=0.04, italic=False, languageStyle='LTR', name='done_text', opacity=1.0, ori=0, pos=array([0., 0.]), rgb=array([255., 255., 255.]), text=str(...), units='height', win=Window(...), wrapWidth=1)
15.9689 	EXP 	window1: mouseVisible = True
16.0167 	EXP 	Welcome: autoDraw = True
16.8133 	DATA 	Mouse: Left button down, pos=(855,634)
16.8273 	EXP 	Created sequence: random, trialTypes=1, nReps=2, seed=None
16.8281 	EXP 	New trial (rep=0, index=0): None
16.8355 	EXP 	Welcome: autoDraw = False
16.8355 	EXP 	text: autoDraw = True
16.9489 	DATA 	Mouse:  Left button up, pos=(855,634)
18.4620 	DATA 	Mouse: Left button down, pos=(886,641)
18.5698 	EXP 	Imported conditions_demo.xlsx as conditions, 4 conditions, 3 params
18.5711 	EXP 	Created sequence: random, trialTypes=4, nReps=1, seed=None
18.5716 	EXP 	New trial (rep=0, index=0): OrderedDict([('target_x', -0.3), ('target_y', 0.3), ('rotation', 0)])
18.5744 	EXP 	window1: mouseVisible = False
18.5942 	EXP 	text: autoDraw = False
18.5942 	EXP 	demo_fixation: opacity = 1
18.5942 	EXP 	demo_fixation: pos = [0, 0]
18.5942 	EXP 	demo_target: pos = array([-0.3,  0.3])
18.5942 	EXP 	demo_fixation: pos = array([0., 0.])
18.5942 	EXP 	demo_fixation: opacity = 0
18.5942 	EXP 	demo_enclosing_1: autoDraw = True
18.5942 	EXP 	demo_enclosing: autoDraw = True
18.5942 	EXP 	demo_fixation: autoDraw = True
18.5945 	EXP 	window1: mouseVisible = False
18.6086 	EXP 	demo_fixation: opacity = 0
18.6089 	EXP 	window1: mouseVisible = False
18.6094 	DATA 	Mouse:  Left button up, pos=(886,641)
18.6252 	EXP 	demo_fixation: opacity = 1
18.6252 	EXP 	demo_fixation: pos = [0, 0]
18.6257 	EXP 	window1: mouseVisible = False
18.6428 	EXP 	demo_fixation: opacity = 1
18.6428 	EXP 	demo_fixation: pos = [0, 0]
18.6432 	EXP 	window1: mouseVisible = False
18.6595 	EXP 	demo_fixation: opacity = 1
18.6595 	EXP 	demo_fixation: pos = [0, 0]
18.6599 	EXP 	window1: mouseVisible = False
18.6762 	EXP 	demo_fixation: opacity = 1
18.6762 	EXP 	demo_fixation: pos = [0, 0]
18.6765 	EXP 	window1: mouseVisible = False
18.6928 	EXP 	demo_fixation: opacity = 1
18.6928 	EXP 	demo_fixation: pos = [0, 0]
18.6932 	EXP 	window1: mouseVisible = False
18.7095 	EXP 	demo_fixation: opacity = 1
18.7095 	EXP 	demo_fixation: pos = [0, 0]
18.7099 	EXP 	window1: mouseVisible = False
18.7261 	EXP 	demo_fixation: opacity = 1
18.7261 	EXP 	demo_fixation: pos = [0, 0]
18.7265 	EXP 	window1: mouseVisible = False
18.7432 	EXP 	demo_fixation: opacity = 1
18.7432 	EXP 	demo_fixation: pos = [0, 0]
18.7435 	EXP 	window1: mouseVisible = False
18.7597 	EXP 	demo_fixation: opacity = 1
18.7597 	EXP 	demo_fixation: pos = [0, 0]
18.7601 	EXP 	window1: mouseVisible = False
18.7762 	EXP 	demo_fixation: opacity = 1
18.7762 	EXP 	demo_fixation: pos = [0, 0]
18.7765 	EXP 	window1: mouseVisible = False
18.7928 	EXP 	demo_fixation: opacity = 1
18.7928 	EXP 	demo_fixation: pos = [0, 0]
18.7931 	EXP 	window1: mouseVisible = False
18.8097 	EXP 	demo_fixation: opacity = 1
18.8097 	EXP 	demo_fixation: pos = [0, 0]
18.8101 	EXP 	window1: mouseVisible = False
18.8260 	EXP 	demo_fixation: opacity = 1
18.8260 	EXP 	demo_fixation: pos = [0, 0]
18.8264 	EXP 	window1: mouseVisible = False
18.8426 	EXP 	demo_fixation: opacity = 1
18.8426 	EXP 	demo_fixation: pos = [0, 0]
18.8431 	EXP 	window1: mouseVisible = False
18.8595 	EXP 	demo_fixation: opacity = 1
18.8595 	EXP 	demo_fixation: pos = [0, 0]
18.8598 	EXP 	window1: mouseVisible = False
18.8762 	EXP 	demo_fixation: opacity = 1
18.8762 	EXP 	demo_fixation: pos = [0, 0]
18.8765 	EXP 	window1: mouseVisible = False
18.8926 	EXP 	demo_fixation: opacity = 1
18.8926 	EXP 	demo_fixation: pos = [0, 0]
18.8930 	EXP 	window1: mouseVisible = False
18.9092 	EXP 	demo_fixation: opacity = 1
18.9092 	EXP 	demo_fixation: pos = [0, 0]
18.9096 	EXP 	window1: mouseVisible = False
18.9261 	EXP 	demo_fixation: opacity = 1
18.9261 	EXP 	demo_fixation: pos = [0, 0]
18.9264 	EXP 	window1: mouseVisible = False
18.9427 	EXP 	demo_fixation: opacity = 1
18.9427 	EXP 	demo_fixation: pos = [0, 0]
18.9431 	EXP 	window1: mouseVisible = False
18.9593 	EXP 	demo_fixation: opacity = 1
18.9593 	EXP 	demo_fixation: pos = [0, 0]
18.9596 	EXP 	window1: mouseVisible = False
18.9759 	EXP 	demo_fixation: opacity = 1
18.9759 	EXP 	demo_fixation: pos = [0, 0]
18.9763 	EXP 	window1: mouseVisible = False
18.9926 	EXP 	demo_fixation: opacity = 1
18.9926 	EXP 	demo_fixation: pos = [0, 0]
18.9930 	EXP 	window1: mouseVisible = False
19.0093 	EXP 	demo_fixation: opacity = 1
19.0093 	EXP 	demo_fixation: pos = [0, 0]
19.0097 	EXP 	window1: mouseVisible = False
19.0262 	EXP 	demo_fixation: opacity = 1
19.0262 	EXP 	demo_fixation: pos = [0, 0]
19.0265 	EXP 	window1: mouseVisible = False
19.0426 	EXP 	demo_fixation: opacity = 1
19.0426 	EXP 	demo_fixation: pos = [0, 0]
19.0430 	EXP 	window1: mouseVisible = False
19.0592 	EXP 	demo_fixation: opacity = 1
19.0592 	EXP 	demo_fixation: pos = [0, 0]
19.0596 	EXP 	window1: mouseVisible = False
19.0757 	EXP 	demo_fixation: opacity = 1
19.0757 	EXP 	demo_fixation: pos = [0, 0]
19.0761 	EXP 	window1: mouseVisible = False
19.0926 	EXP 	demo_fixation: opacity = 1
19.0926 	EXP 	demo_fixation: pos = [0, 0]
19.0929 	EXP 	window1: mouseVisible = False
19.1092 	EXP 	demo_fixation: opacity = 1
19.1092 	EXP 	demo_fixation: pos = [0, 0]
19.1096 	EXP 	window1: mouseVisible = False
19.1258 	EXP 	demo_fixation: opacity = 1
19.1258 	EXP 	demo_fixation: pos = [0, 0]
19.1262 	EXP 	window1: mouseVisible = False
19.1423 	EXP 	demo_fixation: opacity = 1
19.1423 	EXP 	demo_fixation: pos = [0, 0]
19.1427 	EXP 	window1: mouseVisible = False
19.1591 	EXP 	demo_fixation: opacity = 1
19.1591 	EXP 	demo_fixation: pos = [0, 0]
19.1595 	EXP 	window1: mouseVisible = False
19.1759 	EXP 	demo_fixation: opacity = 1
19.1759 	EXP 	demo_fixation: pos = [0, 0]
19.1763 	EXP 	window1: mouseVisible = False
19.1923 	EXP 	demo_fixation: opacity = 1
19.1923 	EXP 	demo_fixation: pos = [0, 0]
19.1927 	EXP 	window1: mouseVisible = False
19.2090 	EXP 	demo_fixation: opacity = 1
19.2090 	EXP 	demo_fixation: pos = [0, 0]
19.2094 	EXP 	window1: mouseVisible = False
19.2257 	EXP 	demo_fixation: opacity = 1
19.2257 	EXP 	demo_fixation: pos = [0, 0]
19.2260 	EXP 	window1: mouseVisible = False
19.2423 	EXP 	demo_fixation: opacity = 1
19.2423 	EXP 	demo_fixation: pos = [0, 0]
19.2429 	EXP 	window1: mouseVisible = False
19.2590 	EXP 	demo_fixation: opacity = 1
19.2590 	EXP 	demo_fixation: pos = [0, 0]
19.2593 	EXP 	window1: mouseVisible = False
19.2757 	EXP 	demo_fixation: opacity = 1
19.2757 	EXP 	demo_fixation: pos = [0, 0]
19.2761 	EXP 	window1: mouseVisible = False
19.2924 	EXP 	demo_fixation: opacity = 1
19.2924 	EXP 	demo_fixation: pos = [0, 0]
19.2927 	EXP 	window1: mouseVisible = False
19.3089 	EXP 	demo_fixation: opacity = 1
19.3089 	EXP 	demo_fixation: pos = [0, 0]
19.3093 	EXP 	window1: mouseVisible = False
19.3255 	EXP 	demo_fixation: opacity = 1
19.3255 	EXP 	demo_fixation: pos = [0, 0]
19.3259 	EXP 	window1: mouseVisible = False
19.3422 	EXP 	demo_fixation: opacity = 1
19.3422 	EXP 	demo_fixation: pos = [0, 0]
19.3426 	EXP 	window1: mouseVisible = False
19.3588 	EXP 	demo_fixation: opacity = 1
19.3588 	EXP 	demo_fixation: pos = [0, 0]
19.3592 	EXP 	window1: mouseVisible = False
19.3756 	EXP 	demo_fixation: opacity = 1
19.3756 	EXP 	demo_fixation: pos = [0, 0]
19.3760 	EXP 	window1: mouseVisible = False
19.3922 	EXP 	demo_fixation: opacity = 1
19.3922 	EXP 	demo_fixation: pos = [0, 0]
19.3926 	EXP 	window1: mouseVisible = False
19.4089 	EXP 	demo_fixation: opacity = 1
19.4089 	EXP 	demo_fixation: pos = [0, 0]
19.4092 	EXP 	window1: mouseVisible = False
19.4255 	EXP 	demo_fixation: opacity = 1
19.4255 	EXP 	demo_fixation: pos = [0, 0]
19.4259 	EXP 	window1: mouseVisible = False
19.4422 	EXP 	demo_fixation: opacity = 1
19.4422 	EXP 	demo_fixation: pos = [0, 0]
19.4425 	EXP 	window1: mouseVisible = False
19.4588 	EXP 	demo_fixation: opacity = 1
19.4588 	EXP 	demo_fixation: pos = [0, 0]
19.4591 	EXP 	window1: mouseVisible = False
19.4755 	EXP 	demo_fixation: opacity = 1
19.4755 	EXP 	demo_fixation: pos = [0, 0]
19.4758 	EXP 	window1: mouseVisible = False
19.4920 	EXP 	demo_fixation: opacity = 1
19.4920 	EXP 	demo_fixation: pos = [0, 0]
19.4924 	EXP 	window1: mouseVisible = False
19.5087 	EXP 	demo_fixation: opacity = 1
19.5087 	EXP 	demo_fixation: pos = [0, 0]
19.5091 	EXP 	window1: mouseVisible = False
19.5253 	EXP 	demo_fixation: opacity = 1
19.5253 	EXP 	demo_fixation: pos = [0, 0]
19.5257 	EXP 	window1: mouseVisible = False
19.5420 	EXP 	demo_fixation: opacity = 1
19.5420 	EXP 	demo_fixation: pos = [0, 0]
19.5424 	EXP 	window1: mouseVisible = False
19.5587 	EXP 	demo_fixation: opacity = 1
19.5587 	EXP 	demo_fixation: pos = [0, 0]
19.5590 	EXP 	window1: mouseVisible = False
19.5752 	EXP 	demo_fixation: opacity = 1
19.5752 	EXP 	demo_fixation: pos = [0, 0]
19.5756 	EXP 	window1: mouseVisible = False
19.5919 	EXP 	demo_fixation: opacity = 1
19.5919 	EXP 	demo_fixation: pos = [0, 0]
19.5923 	EXP 	window1: mouseVisible = False
19.6087 	EXP 	demo_fixation: opacity = 1
19.6087 	EXP 	demo_fixation: pos = [0, 0]
19.6091 	EXP 	window1: mouseVisible = False
19.6254 	EXP 	demo_fixation: opacity = 1
19.6254 	EXP 	demo_fixation: pos = [0, 0]
19.6258 	EXP 	window1: mouseVisible = False
19.6420 	EXP 	demo_fixation: opacity = 1
19.6420 	EXP 	demo_fixation: pos = [0, 0]
19.6424 	EXP 	window1: mouseVisible = False
19.6587 	EXP 	demo_fixation: opacity = 1
19.6587 	EXP 	demo_fixation: pos = [0, 0]
19.6590 	EXP 	window1: mouseVisible = False
19.6752 	EXP 	demo_fixation: opacity = 1
19.6752 	EXP 	demo_fixation: pos = [0, 0]
19.6761 	EXP 	window1: mouseVisible = False
19.6920 	EXP 	demo_fixation: opacity = 1
19.6920 	EXP 	demo_fixation: pos = [0, 0]
19.6923 	EXP 	window1: mouseVisible = False
19.7086 	EXP 	demo_fixation: opacity = 1
19.7086 	EXP 	demo_fixation: pos = [0, 0]
19.7090 	EXP 	window1: mouseVisible = False
19.7252 	EXP 	demo_fixation: opacity = 1
19.7252 	EXP 	demo_fixation: pos = [0, 0]
19.7252 	EXP 	demo_target: autoDraw = True
19.7256 	EXP 	window1: mouseVisible = False
19.7419 	EXP 	demo_fixation: opacity = 1
19.7419 	EXP 	demo_fixation: pos = [0, 0]
19.7423 	EXP 	window1: mouseVisible = False
19.7585 	EXP 	demo_fixation: opacity = 1
19.7585 	EXP 	demo_fixation: pos = [0, 0]
19.7589 	EXP 	window1: mouseVisible = False
19.7752 	EXP 	demo_fixation: opacity = 1
19.7752 	EXP 	demo_fixation: pos = [0, 0]
19.7756 	EXP 	window1: mouseVisible = False
19.7918 	EXP 	demo_fixation: opacity = 1
19.7918 	EXP 	demo_fixation: pos = [0, 0]
19.7922 	EXP 	window1: mouseVisible = False
19.8085 	EXP 	demo_fixation: opacity = 1
19.8085 	EXP 	demo_fixation: pos = [0, 0]
19.8088 	EXP 	window1: mouseVisible = False
19.8251 	EXP 	demo_fixation: opacity = 1
19.8251 	EXP 	demo_fixation: pos = [0, 0]
19.8255 	EXP 	window1: mouseVisible = False
19.8473 	EXP 	demo_fixation: opacity = 1
19.8473 	EXP 	demo_fixation: pos = [0, 0]
19.8476 	EXP 	window1: mouseVisible = False
19.8600 	EXP 	demo_fixation: opacity = 1
19.8600 	EXP 	demo_fixation: pos = [0, 0]
19.8603 	EXP 	window1: mouseVisible = False
19.8750 	EXP 	demo_fixation: opacity = 1
19.8750 	EXP 	demo_fixation: pos = [0, 0]
19.8754 	EXP 	window1: mouseVisible = False
19.8916 	EXP 	demo_fixation: opacity = 1
19.8916 	EXP 	demo_fixation: pos = [0, 0]
19.8920 	EXP 	window1: mouseVisible = False
19.9085 	EXP 	demo_fixation: opacity = 1
19.9085 	EXP 	demo_fixation: pos = [0, 0]
19.9089 	EXP 	window1: mouseVisible = False
19.9251 	EXP 	demo_fixation: opacity = 1
19.9251 	EXP 	demo_fixation: pos = [0, 0]
19.9255 	EXP 	window1: mouseVisible = False
19.9417 	EXP 	demo_fixation: opacity = 1
19.9417 	EXP 	demo_fixation: pos = [0, 0]
19.9420 	EXP 	window1: mouseVisible = False
19.9583 	EXP 	demo_fixation: opacity = 1
19.9583 	EXP 	demo_fixation: pos = [0, 0]
19.9588 	EXP 	window1: mouseVisible = False
19.9753 	EXP 	demo_fixation: opacity = 1
19.9753 	EXP 	demo_fixation: pos = [0, 0]
19.9757 	EXP 	window1: mouseVisible = False
19.9923 	EXP 	demo_fixation: opacity = 1
19.9923 	EXP 	demo_fixation: pos = [0, 0]
19.9927 	EXP 	window1: mouseVisible = False
20.0084 	EXP 	demo_fixation: opacity = 1
20.0084 	EXP 	demo_fixation: pos = [0, 0]
20.0089 	EXP 	window1: mouseVisible = False
20.0265 	EXP 	demo_fixation: opacity = 1
20.0265 	EXP 	demo_fixation: pos = [0, 0]
20.0270 	EXP 	window1: mouseVisible = False
20.0419 	EXP 	demo_fixation: opacity = 1
20.0419 	EXP 	demo_fixation: pos = [0, 0]
20.0424 	EXP 	window1: mouseVisible = False
20.0587 	EXP 	demo_fixation: opacity = 1
20.0587 	EXP 	demo_fixation: pos = [0, 0]
20.0591 	EXP 	window1: mouseVisible = False
20.0762 	EXP 	demo_fixation: opacity = 1
20.0762 	EXP 	demo_fixation: pos = [0, 0]
20.0767 	EXP 	window1: mouseVisible = False
20.0917 	EXP 	demo_fixation: opacity = 1
20.0917 	EXP 	demo_fixation: pos = [0, 0]
20.0921 	EXP 	window1: mouseVisible = False
20.1083 	EXP 	demo_fixation: opacity = 1
20.1083 	EXP 	demo_fixation: pos = [0, 0]
20.1087 	EXP 	window1: mouseVisible = False
20.1251 	EXP 	demo_fixation: opacity = 1
20.1251 	EXP 	demo_fixation: pos = [0, 0]
20.1255 	EXP 	window1: mouseVisible = False
20.1421 	EXP 	demo_fixation: opacity = 1
20.1421 	EXP 	demo_fixation: pos = [0, 0]
20.1427 	EXP 	window1: mouseVisible = False
20.1585 	EXP 	demo_fixation: opacity = 1
20.1585 	EXP 	demo_fixation: pos = [0, 0]
20.1590 	EXP 	window1: mouseVisible = False
20.1756 	EXP 	demo_fixation: opacity = 1
20.1756 	EXP 	demo_fixation: pos = [0, 0]
20.1759 	EXP 	window1: mouseVisible = False
20.1822 	DATA 	Mouse: Left button down, pos=(960,540)
20.1917 	EXP 	demo_fixation: opacity = 1
20.1917 	EXP 	demo_fixation: pos = [0, 0]
20.1920 	EXP 	window1: mouseVisible = False
20.2089 	EXP 	demo_fixation: opacity = 0
20.2092 	EXP 	window1: mouseVisible = False
20.2257 	EXP 	demo_fixation: opacity = 0
20.2260 	EXP 	window1: mouseVisible = False
20.2415 	EXP 	demo_fixation: opacity = 0
20.2418 	EXP 	window1: mouseVisible = False
20.2581 	EXP 	demo_fixation: opacity = 0
20.2585 	EXP 	window1: mouseVisible = False
20.2746 	EXP 	demo_fixation: opacity = 0
20.2749 	EXP 	window1: mouseVisible = False
20.2914 	EXP 	demo_fixation: opacity = 0
20.2920 	EXP 	window1: mouseVisible = False
20.3077 	EXP 	demo_fixation: opacity = 0
20.3081 	EXP 	window1: mouseVisible = False
20.3246 	EXP 	demo_fixation: opacity = 0
20.3250 	EXP 	window1: mouseVisible = False
20.3414 	EXP 	demo_fixation: opacity = 0
20.3418 	EXP 	window1: mouseVisible = False
20.3579 	EXP 	demo_fixation: opacity = 0
20.3582 	EXP 	window1: mouseVisible = False
20.3744 	EXP 	demo_fixation: opacity = 0
20.3748 	EXP 	window1: mouseVisible = False
20.3913 	EXP 	demo_fixation: opacity = 0
20.3916 	EXP 	window1: mouseVisible = False
20.4079 	EXP 	demo_fixation: opacity = 0
20.4082 	EXP 	window1: mouseVisible = False
20.4245 	EXP 	demo_fixation: opacity = 0
20.4250 	EXP 	window1: mouseVisible = False
20.4411 	EXP 	demo_fixation: opacity = 0
20.4414 	EXP 	window1: mouseVisible = False
20.4581 	EXP 	demo_fixation: opacity = 0
20.4584 	EXP 	window1: mouseVisible = False
20.4744 	EXP 	demo_fixation: opacity = 0
20.4748 	EXP 	window1: mouseVisible = False
20.4912 	EXP 	demo_fixation: opacity = 0
20.4916 	EXP 	window1: mouseVisible = False
20.5078 	EXP 	demo_fixation: opacity = 0
20.5083 	EXP 	window1: mouseVisible = False
20.5246 	EXP 	demo_fixation: opacity = 0
20.5250 	EXP 	window1: mouseVisible = False
20.5410 	EXP 	demo_fixation: opacity = 0
20.5414 	EXP 	window1: mouseVisible = False
20.5580 	EXP 	demo_fixation: opacity = 0
20.5584 	EXP 	window1: mouseVisible = False
20.5744 	EXP 	demo_fixation: opacity = 0
20.5748 	EXP 	window1: mouseVisible = False
20.5916 	EXP 	demo_fixation: opacity = 0
20.5920 	EXP 	window1: mouseVisible = False
20.6078 	EXP 	demo_fixation: opacity = 0
20.6081 	EXP 	window1: mouseVisible = False
20.6245 	EXP 	demo_fixation: opacity = 0
20.6248 	EXP 	window1: mouseVisible = False
20.7534 	EXP 	window1: mouseVisible = True
