1.5157 	WARNING 	We strongly recommend you activate the PTB sound engine in PsychoPy prefs as the preferred audio engine. Its timing is vastly superior. Your prefs are currently set to use ['sounddevice', 'PTB', 'pyo', 'pygame'] (in that order).
12.4191 	EXP 	Created window1 = Window(allowGUI=False, allowStencil=False, args=UNKNOWN, autoLog=True, bitsMode=UNKNOWN, blendMode='avg', bpc=(8, 8, 8), color=array([0., 0., 0.]), colorSpace='rgb', depthBits=8, fullscr=<method-wrapper '__getattribute__' of attributeSetter object at 0x000001B7C2C56940>, gamma=None, gammaErrorPolicy='raise', kwargs=UNKNOWN, lms=UNKNOWN, monitor=<psychopy.monitors.calibTools.Monitor object at 0x000001B7C2971978>, multiSample=False, name='window1', numSamples=2, pos=[0.0, 0.0], screen=0, size=array([1920, 1080]), stencilBits=0, stereo=False, units='height', useFBO=True, useRetina=False, viewOri=0.0, viewPos=None, viewScale=None, waitBlanking=True, winType='pyglet')
12.4198 	EXP 	window1: mouseVisible = True
12.4199 	EXP 	window1: recordFrameIntervals = False
12.5837 	EXP 	window1: recordFrameIntervals = True
12.7677 	EXP 	window1: recordFrameIntervals = False
13.2745 	EXP 	Created Welcome = TextStim(__class__=<class 'psychopy.visual.text.TextStim'>, alignHoriz=method-wrapper(...), alignText='center', alignVert=method-wrapper(...), anchorHoriz='center', anchorVert='center', antialias=True, autoLog=True, bold=False, color='white', colorSpace='named', contrast=1.0, depth=0.0, flipHoriz=False, flipVert=False, font='Arial', fontFiles=[], height=0.04, italic=False, languageStyle='LTR', name='Welcome', opacity=1.0, ori=0, pos=array([0., 0.]), rgb=array([255., 255., 255.]), text=str(...), units='height', win=Window(...), wrapWidth=1)
13.2748 	EXP 	window1: mouseVisible = True
13.2976 	EXP 	Created text = TextStim(__class__=<class 'psychopy.visual.text.TextStim'>, alignHoriz=method-wrapper(...), alignText='center', alignVert=method-wrapper(...), anchorHoriz='center', anchorVert='center', antialias=True, autoLog=True, bold=False, color='white', colorSpace='named', contrast=1.0, depth=0.0, flipHoriz=False, flipVert=False, font='Arial', fontFiles=[], height=0.04, italic=False, languageStyle='LTR', name='text', opacity=1.0, ori=0, pos=array([0., 0.]), rgb=array([255., 255., 255.]), text=str(...), units='height', win=Window(...), wrapWidth=1)
13.2978 	EXP 	window1: mouseVisible = True
13.3136 	EXP 	Created demo_enclosing_1 = Polygon(__class__=<class 'psychopy.visual.polygon.Polygon'>, autoDraw=False, autoLog=True, closeShape=True, color=method-wrapper(...), colorSpace=None, contrast=1.0, depth=0.0, fillColor=array([0., 0., 0.]), fillColorSpace='rgb', fillRGB=array([0., 0., 0.]), interpolate=True, lineColor=array([-1., -1., -1.]), lineColorSpace='rgb', lineRGB=array([-1., -1., -1.]), lineWidth=1, name='demo_enclosing_1', opacity=1.0, ori=array(0.), pos=array([0., 0.]), size=array([0.9, 0.9]), units='height', vertices=ndarray(...), win=Window(...))
13.3238 	EXP 	Created demo_enclosing = Polygon(__class__=<class 'psychopy.visual.polygon.Polygon'>, autoDraw=False, autoLog=True, closeShape=True, color=method-wrapper(...), colorSpace=None, contrast=1.0, depth=-1.0, fillColor=array([0., 0., 0.]), fillColorSpace='rgb', fillRGB=array([0., 0., 0.]), interpolate=True, lineColor=array([-1., -1., -1.]), lineColorSpace='rgb', lineRGB=array([-1., -1., -1.]), lineWidth=1, name='demo_enclosing', opacity=1.0, ori=array(0.), pos=array([0., 0.]), size=array([0.8, 0.8]), units='height', vertices=ndarray(...), win=Window(...))
13.3292 	EXP 	Created demo_target = ShapeStim(__class__=<class 'psychopy.visual.shape.ShapeStim'>, autoDraw=False, autoLog=True, closeShape=True, contrast=1.0, depth=-2.0, fillColor=array([1., 1., 1.]), fillColorSpace='rgb', interpolate=True, lineColor=array([1., 1., 1.]), lineColorSpace='rgb', lineWidth=1, name='demo_target', opacity=1.0, ori=array(45.), pos=array([0., 0.]), size=array([0.05, 0.05]), units='height', vertices=ndarray(...), win=Window(...), windingRule=None)
13.3364 	EXP 	Created demo_fixation = Polygon(__class__=<class 'psychopy.visual.polygon.Polygon'>, autoDraw=False, autoLog=True, closeShape=True, color=method-wrapper(...), colorSpace=None, contrast=1.0, depth=-3.0, fillColor=array([1., 0., 0.]), fillColorSpace='rgb', fillRGB=array([1., 0., 0.]), interpolate=True, lineColor=array([1., 0., 0.]), lineColorSpace='rgb', lineRGB=array([1., 0., 0.]), lineWidth=1, name='demo_fixation', opacity=1.0, ori=array(0.), pos=array([0., 0.]), size=array([0.025, 0.025]), units='height', vertices=ndarray(...), win=Window(...))
13.3367 	EXP 	window1: mouseVisible = True
13.3440 	EXP 	Created demo_enclosing_feedback = Polygon(__class__=<class 'psychopy.visual.polygon.Polygon'>, autoDraw=False, autoLog=True, closeShape=True, color=method-wrapper(...), colorSpace=None, contrast=1.0, depth=0.0, fillColor=array([0., 0., 0.]), fillColorSpace='rgb', fillRGB=array([0., 0., 0.]), interpolate=True, lineColor=array([-1., -1., -1.]), lineColorSpace='rgb', lineRGB=array([-1., -1., -1.]), lineWidth=80, name='demo_enclosing_feedback', opacity=1.0, ori=array(0.), pos=array([0., 0.]), size=array([0.84, 0.84]), units='height', vertices=ndarray(...), win=Window(...))
13.3473 	EXP 	Created demo_target_feedback = ShapeStim(__class__=<class 'psychopy.visual.shape.ShapeStim'>, autoDraw=False, autoLog=True, closeShape=True, contrast=1.0, depth=-1.0, fillColor=array([1., 1., 1.]), fillColorSpace='rgb', interpolate=True, lineColor=array([1., 1., 1.]), lineColorSpace='rgb', lineWidth=1, name='demo_target_feedback', opacity=1.0, ori=array(45.), pos=array([0., 0.]), size=array([0.05, 0.05]), units='height', vertices=ndarray(...), win=Window(...), windingRule=None)
13.3512 	EXP 	Created demo_fixation_feedback = Polygon(__class__=<class 'psychopy.visual.polygon.Polygon'>, autoDraw=False, autoLog=True, closeShape=True, color=method-wrapper(...), colorSpace=None, contrast=1.0, depth=-2.0, fillColor=array([1., 0., 0.]), fillColorSpace='rgb', fillRGB=array([1., 0., 0.]), interpolate=True, lineColor=array([1., 0., 0.]), lineColorSpace='rgb', lineRGB=array([1., 0., 0.]), lineWidth=1, name='demo_fixation_feedback', opacity=1.0, ori=array(0.), pos=array([0., 0.]), size=array([0.025, 0.025]), units='height', vertices=ndarray(...), win=Window(...))
13.3654 	EXP 	Created text_3 = TextStim(__class__=<class 'psychopy.visual.text.TextStim'>, alignHoriz=method-wrapper(...), alignText='center', alignVert=method-wrapper(...), anchorHoriz='center', anchorVert='center', antialias=True, autoLog=True, bold=False, color='white', colorSpace='named', contrast=1.0, depth=0.0, flipHoriz=False, flipVert=False, font='Arial', fontFiles=[], height=0.04, italic=False, languageStyle='LTR', name='text_3', opacity=1.0, ori=0, pos=array([0., 0.]), rgb=array([255., 255., 255.]), text=str(...), units='height', win=Window(...), wrapWidth=1)
13.3655 	EXP 	window1: mouseVisible = True
13.3674 	EXP 	Created baseline_target = ShapeStim(__class__=<class 'psychopy.visual.shape.ShapeStim'>, autoDraw=False, autoLog=True, closeShape=True, contrast=1.0, depth=0.0, fillColor=array([1., 1., 1.]), fillColorSpace='rgb', interpolate=True, lineColor=array([1., 1., 1.]), lineColorSpace='rgb', lineWidth=1, name='baseline_target', opacity=1.0, ori=array(45.), pos=array([0., 0.]), size=array([0.05, 0.05]), units='height', vertices=ndarray(...), win=Window(...), windingRule=None)
13.3702 	EXP 	Created baseline_fixation = Polygon(__class__=<class 'psychopy.visual.polygon.Polygon'>, autoDraw=False, autoLog=True, closeShape=True, color=method-wrapper(...), colorSpace=None, contrast=1.0, depth=-1.0, fillColor=array([1., 0., 0.]), fillColorSpace='rgb', fillRGB=array([1., 0., 0.]), interpolate=True, lineColor=array([1., 0., 0.]), lineColorSpace='rgb', lineRGB=array([1., 0., 0.]), lineWidth=1, name='baseline_fixation', opacity=1.0, ori=array(0.), pos=array([0., 0.]), size=array([0.025, 0.025]), units='height', vertices=ndarray(...), win=Window(...))
13.3702 	EXP 	window1: mouseVisible = True
13.3721 	EXP 	Created baseline_target_feedback = ShapeStim(__class__=<class 'psychopy.visual.shape.ShapeStim'>, autoDraw=False, autoLog=True, closeShape=True, contrast=1.0, depth=0.0, fillColor=array([1., 1., 1.]), fillColorSpace='rgb', interpolate=True, lineColor=array([1., 1., 1.]), lineColorSpace='rgb', lineWidth=1, name='baseline_target_feedback', opacity=1.0, ori=array(45.), pos=array([0., 0.]), size=array([0.05, 0.05]), units='height', vertices=ndarray(...), win=Window(...), windingRule=None)
13.3749 	EXP 	Created baseline_fixation_feedback = Polygon(__class__=<class 'psychopy.visual.polygon.Polygon'>, autoDraw=False, autoLog=True, closeShape=True, color=method-wrapper(...), colorSpace=None, contrast=1.0, depth=-1.0, fillColor=array([1., 0., 0.]), fillColorSpace='rgb', fillRGB=array([1., 0., 0.]), interpolate=True, lineColor=array([1., 0., 0.]), lineColorSpace='rgb', lineRGB=array([1., 0., 0.]), lineWidth=1, name='baseline_fixation_feedback', opacity=1.0, ori=array(0.), pos=array([0., 0.]), size=array([0.025, 0.025]), units='height', vertices=ndarray(...), win=Window(...))
13.3984 	EXP 	Created text_2 = TextStim(__class__=<class 'psychopy.visual.text.TextStim'>, alignHoriz=method-wrapper(...), alignText='center', alignVert=method-wrapper(...), anchorHoriz='center', anchorVert='center', antialias=True, autoLog=True, bold=False, color='white', colorSpace='named', contrast=1.0, depth=0.0, flipHoriz=False, flipVert=False, font='Arial', fontFiles=[], height=0.04, italic=False, languageStyle='LTR', name='text_2', opacity=1.0, ori=0, pos=array([0., 0.]), rgb=array([255., 255., 255.]), text=str(...), units='height', win=Window(...), wrapWidth=1)
13.3985 	EXP 	window1: mouseVisible = True
13.4017 	EXP 	Created rotated_target = ShapeStim(__class__=<class 'psychopy.visual.shape.ShapeStim'>, autoDraw=False, autoLog=True, closeShape=True, contrast=1.0, depth=0.0, fillColor=array([1., 1., 1.]), fillColorSpace='rgb', interpolate=True, lineColor=array([1., 1., 1.]), lineColorSpace='rgb', lineWidth=1, name='rotated_target', opacity=1.0, ori=array(45.), pos=array([0., 0.]), size=array([0.05, 0.05]), units='height', vertices=ndarray(...), win=Window(...), windingRule=None)
13.4062 	EXP 	Created rotated_fixation = Polygon(__class__=<class 'psychopy.visual.polygon.Polygon'>, autoDraw=False, autoLog=True, closeShape=True, color=method-wrapper(...), colorSpace=None, contrast=1.0, depth=-1.0, fillColor=array([1., 0., 0.]), fillColorSpace='rgb', fillRGB=array([1., 0., 0.]), interpolate=True, lineColor=array([1., 0., 0.]), lineColorSpace='rgb', lineRGB=array([1., 0., 0.]), lineWidth=1, name='rotated_fixation', opacity=1.0, ori=array(0.), pos=array([0., 0.]), size=array([0.025, 0.025]), units='height', vertices=ndarray(...), win=Window(...))
13.4063 	EXP 	window1: mouseVisible = True
13.4093 	EXP 	Created rotated_target_feedback = ShapeStim(__class__=<class 'psychopy.visual.shape.ShapeStim'>, autoDraw=False, autoLog=True, closeShape=True, contrast=1.0, depth=0.0, fillColor=array([1., 1., 1.]), fillColorSpace='rgb', interpolate=True, lineColor=array([1., 1., 1.]), lineColorSpace='rgb', lineWidth=1, name='rotated_target_feedback', opacity=1.0, ori=array(45.), pos=array([0., 0.]), size=array([0.05, 0.05]), units='height', vertices=ndarray(...), win=Window(...), windingRule=None)
13.4138 	EXP 	Created rotated_fixation_feedback = Polygon(__class__=<class 'psychopy.visual.polygon.Polygon'>, autoDraw=False, autoLog=True, closeShape=True, color=method-wrapper(...), colorSpace=None, contrast=1.0, depth=-1.0, fillColor=array([1., 0., 0.]), fillColorSpace='rgb', fillRGB=array([1., 0., 0.]), interpolate=True, lineColor=array([1., 0., 0.]), lineColorSpace='rgb', lineRGB=array([1., 0., 0.]), lineWidth=1, name='rotated_fixation_feedback', opacity=1.0, ori=array(0.), pos=array([0., 0.]), size=array([0.025, 0.025]), units='height', vertices=ndarray(...), win=Window(...))
13.4398 	EXP 	Created rotated_breaks = TextStim(__class__=<class 'psychopy.visual.text.TextStim'>, alignHoriz=method-wrapper(...), alignText='center', alignVert=method-wrapper(...), anchorHoriz='center', anchorVert='center', antialias=True, autoLog=True, bold=False, color='white', colorSpace='named', contrast=1.0, depth=0.0, flipHoriz=False, flipVert=False, font='Arial', fontFiles=[], height=0.04, italic=False, languageStyle='LTR', name='rotated_breaks', opacity=1.0, ori=0, pos=array([0., 0.]), rgb=array([255., 255., 255.]), text=str(...), units='height', win=Window(...), wrapWidth=1)
13.4400 	EXP 	window1: mouseVisible = True
13.4439 	EXP 	Created transfer_target = ShapeStim(__class__=<class 'psychopy.visual.shape.ShapeStim'>, autoDraw=False, autoLog=True, closeShape=True, contrast=1.0, depth=0.0, fillColor=array([1., 1., 1.]), fillColorSpace='rgb', interpolate=True, lineColor=array([1., 1., 1.]), lineColorSpace='rgb', lineWidth=1, name='transfer_target', opacity=1.0, ori=array(45.), pos=array([0., 0.]), size=array([0.05, 0.05]), units='height', vertices=ndarray(...), win=Window(...), windingRule=None)
13.4496 	EXP 	Created transfer_fixation = Polygon(__class__=<class 'psychopy.visual.polygon.Polygon'>, autoDraw=False, autoLog=True, closeShape=True, color=method-wrapper(...), colorSpace=None, contrast=1.0, depth=-1.0, fillColor=array([1., 0., 0.]), fillColorSpace='rgb', fillRGB=array([1., 0., 0.]), interpolate=True, lineColor=array([1., 0., 0.]), lineColorSpace='rgb', lineRGB=array([1., 0., 0.]), lineWidth=1, name='transfer_fixation', opacity=1.0, ori=array(0.), pos=array([0., 0.]), size=array([0.025, 0.025]), units='height', vertices=ndarray(...), win=Window(...))
13.4498 	EXP 	window1: mouseVisible = True
13.4536 	EXP 	Created transfer_target_feedback = ShapeStim(__class__=<class 'psychopy.visual.shape.ShapeStim'>, autoDraw=False, autoLog=True, closeShape=True, contrast=1.0, depth=0.0, fillColor=array([1., 1., 1.]), fillColorSpace='rgb', interpolate=True, lineColor=array([1., 1., 1.]), lineColorSpace='rgb', lineWidth=1, name='transfer_target_feedback', opacity=1.0, ori=array(45.), pos=array([0., 0.]), size=array([0.05, 0.05]), units='height', vertices=ndarray(...), win=Window(...), windingRule=None)
13.4592 	EXP 	Created transfer_fixation_feedback = Polygon(__class__=<class 'psychopy.visual.polygon.Polygon'>, autoDraw=False, autoLog=True, closeShape=True, color=method-wrapper(...), colorSpace=None, contrast=1.0, depth=-1.0, fillColor=array([1., 0., 0.]), fillColorSpace='rgb', fillRGB=array([1., 0., 0.]), interpolate=True, lineColor=array([1., 0., 0.]), lineColorSpace='rgb', lineRGB=array([1., 0., 0.]), lineWidth=1, name='transfer_fixation_feedback', opacity=1.0, ori=array(0.), pos=array([0., 0.]), size=array([0.025, 0.025]), units='height', vertices=ndarray(...), win=Window(...))
13.4757 	EXP 	Created done_text = TextStim(__class__=<class 'psychopy.visual.text.TextStim'>, alignHoriz=method-wrapper(...), alignText='center', alignVert=method-wrapper(...), anchorHoriz='center', anchorVert='center', antialias=True, autoLog=True, bold=False, color='white', colorSpace='named', contrast=1.0, depth=0.0, flipHoriz=False, flipVert=False, font='Arial', fontFiles=[], height=0.04, italic=False, languageStyle='LTR', name='done_text', opacity=1.0, ori=0, pos=array([0., 0.]), rgb=array([255., 255., 255.]), text=str(...), units='height', win=Window(...), wrapWidth=1)
13.4759 	EXP 	window1: mouseVisible = True
13.5170 	EXP 	Welcome: autoDraw = True
14.6041 	DATA 	Mouse: Left button down, pos=(806,640)
14.6192 	EXP 	Created sequence: random, trialTypes=1, nReps=2, seed=None
14.6204 	EXP 	New trial (rep=0, index=0): None
14.6324 	EXP 	Welcome: autoDraw = False
14.6324 	EXP 	text: autoDraw = True
14.8205 	DATA 	Mouse:  Left button up, pos=(806,640)
15.9166 	DATA 	Mouse: Left button down, pos=(806,640)
16.0601 	EXP 	Imported conditions_demo.xlsx as conditions, 4 conditions, 3 params
16.0608 	EXP 	Created sequence: random, trialTypes=4, nReps=1, seed=None
16.0614 	EXP 	New trial (rep=0, index=0): OrderedDict([('target_x', 0.3), ('target_y', 0.3), ('rotation', 0)])
16.0635 	EXP 	window1: mouseVisible = False
16.0790 	EXP 	text: autoDraw = False
16.0790 	EXP 	demo_target: pos = array([0.3, 0.3])
16.0790 	EXP 	demo_fixation: pos = array([0., 0.])
16.0790 	EXP 	demo_fixation: opacity = 1
16.0790 	EXP 	demo_fixation: pos = [0, 0]
16.0790 	EXP 	demo_enclosing_1: autoDraw = True
16.0790 	EXP 	demo_enclosing: autoDraw = True
16.0790 	EXP 	demo_target: autoDraw = True
16.0790 	EXP 	demo_fixation: autoDraw = True
16.0790 	EXP 	demo_fixation: opacity = 0
16.0793 	EXP 	window1: mouseVisible = False
16.0955 	EXP 	demo_fixation: opacity = 0
16.0959 	EXP 	window1: mouseVisible = False
16.1138 	EXP 	demo_fixation: opacity = 0
16.1153 	DATA 	Mouse:  Left button up, pos=(806,640)
16.1155 	EXP 	window1: mouseVisible = False
16.1305 	EXP 	demo_fixation: opacity = 1
16.1305 	EXP 	demo_fixation: pos = [0, 0]
16.1320 	EXP 	window1: mouseVisible = False
16.1471 	EXP 	demo_fixation: opacity = 1
16.1471 	EXP 	demo_fixation: pos = [0, 0]
16.1487 	EXP 	window1: mouseVisible = False
16.1641 	EXP 	demo_fixation: opacity = 1
16.1641 	EXP 	demo_fixation: pos = [0, 0]
16.1657 	EXP 	window1: mouseVisible = False
16.1803 	EXP 	demo_fixation: opacity = 1
16.1803 	EXP 	demo_fixation: pos = [0, 0]
16.1815 	EXP 	window1: mouseVisible = False
16.1969 	EXP 	demo_fixation: opacity = 1
16.1969 	EXP 	demo_fixation: pos = [0, 0]
16.1982 	EXP 	window1: mouseVisible = False
16.2136 	EXP 	demo_fixation: opacity = 1
16.2136 	EXP 	demo_fixation: pos = [0, 0]
16.2148 	EXP 	window1: mouseVisible = False
16.2302 	EXP 	demo_fixation: opacity = 1
16.2302 	EXP 	demo_fixation: pos = [0, 0]
16.2320 	EXP 	window1: mouseVisible = False
16.2468 	EXP 	demo_fixation: opacity = 1
16.2468 	EXP 	demo_fixation: pos = [0, 0]
16.2482 	EXP 	window1: mouseVisible = False
16.2636 	EXP 	demo_fixation: opacity = 1
16.2636 	EXP 	demo_fixation: pos = [0, 0]
16.2649 	EXP 	window1: mouseVisible = False
16.2803 	EXP 	demo_fixation: opacity = 1
16.2803 	EXP 	demo_fixation: pos = [0, 0]
16.2815 	EXP 	window1: mouseVisible = False
16.2969 	EXP 	demo_fixation: opacity = 1
16.2969 	EXP 	demo_fixation: pos = [0, 0]
16.2983 	EXP 	window1: mouseVisible = False
16.3136 	EXP 	demo_fixation: opacity = 1
16.3136 	EXP 	demo_fixation: pos = [0, 0]
16.3148 	EXP 	window1: mouseVisible = False
16.3302 	EXP 	demo_fixation: opacity = 1
16.3302 	EXP 	demo_fixation: pos = [0, 0]
16.3315 	EXP 	window1: mouseVisible = False
16.3468 	EXP 	demo_fixation: opacity = 1
16.3468 	EXP 	demo_fixation: pos = [0, 0]
16.3480 	EXP 	window1: mouseVisible = False
16.3636 	EXP 	demo_fixation: opacity = 1
16.3636 	EXP 	demo_fixation: pos = [0, 0]
16.3648 	EXP 	window1: mouseVisible = False
16.3801 	EXP 	demo_fixation: opacity = 1
16.3801 	EXP 	demo_fixation: pos = [0, 0]
16.3814 	EXP 	window1: mouseVisible = False
16.3968 	EXP 	demo_fixation: opacity = 1
16.3968 	EXP 	demo_fixation: pos = [0, 0]
16.3981 	EXP 	window1: mouseVisible = False
16.4134 	EXP 	demo_fixation: opacity = 1
16.4134 	EXP 	demo_fixation: pos = [0, 0]
16.4146 	EXP 	window1: mouseVisible = False
16.4301 	EXP 	demo_fixation: opacity = 1
16.4301 	EXP 	demo_fixation: pos = [0, 0]
16.4313 	EXP 	window1: mouseVisible = False
16.4467 	EXP 	demo_fixation: opacity = 1
16.4467 	EXP 	demo_fixation: pos = [0, 0]
16.4480 	EXP 	window1: mouseVisible = False
16.4635 	EXP 	demo_fixation: opacity = 1
16.4635 	EXP 	demo_fixation: pos = [0, 0]
16.4647 	EXP 	window1: mouseVisible = False
16.4800 	EXP 	demo_fixation: opacity = 1
16.4800 	EXP 	demo_fixation: pos = [0, 0]
16.4812 	EXP 	window1: mouseVisible = False
16.4968 	EXP 	demo_fixation: opacity = 1
16.4968 	EXP 	demo_fixation: pos = [0, 0]
16.4987 	EXP 	window1: mouseVisible = False
16.5133 	EXP 	demo_fixation: opacity = 1
16.5133 	EXP 	demo_fixation: pos = [0, 0]
16.5148 	EXP 	window1: mouseVisible = False
16.5300 	EXP 	demo_fixation: opacity = 1
16.5300 	EXP 	demo_fixation: pos = [0, 0]
16.5313 	EXP 	window1: mouseVisible = False
16.5468 	EXP 	demo_fixation: opacity = 1
16.5468 	EXP 	demo_fixation: pos = [0, 0]
16.5480 	EXP 	window1: mouseVisible = False
16.5632 	EXP 	demo_fixation: opacity = 1
16.5632 	EXP 	demo_fixation: pos = [0, 0]
16.5648 	EXP 	window1: mouseVisible = False
16.5800 	EXP 	demo_fixation: opacity = 1
16.5800 	EXP 	demo_fixation: pos = [0, 0]
16.5813 	EXP 	window1: mouseVisible = False
16.5972 	EXP 	demo_fixation: opacity = 1
16.5972 	EXP 	demo_fixation: pos = [0, 0]
16.5984 	EXP 	window1: mouseVisible = False
16.6132 	EXP 	demo_fixation: opacity = 1
16.6132 	EXP 	demo_fixation: pos = [0, 0]
16.6144 	EXP 	window1: mouseVisible = False
16.6300 	EXP 	demo_fixation: opacity = 1
16.6300 	EXP 	demo_fixation: pos = [0, 0]
16.6312 	EXP 	window1: mouseVisible = False
16.6465 	EXP 	demo_fixation: opacity = 1
16.6465 	EXP 	demo_fixation: pos = [0, 0]
16.6477 	EXP 	window1: mouseVisible = False
16.6632 	EXP 	demo_fixation: opacity = 1
16.6632 	EXP 	demo_fixation: pos = [0, 0]
16.6644 	EXP 	window1: mouseVisible = False
16.6799 	EXP 	demo_fixation: opacity = 1
16.6799 	EXP 	demo_fixation: pos = [0, 0]
16.6811 	EXP 	window1: mouseVisible = False
16.6965 	EXP 	demo_fixation: opacity = 1
16.6965 	EXP 	demo_fixation: pos = [0, 0]
16.6977 	EXP 	window1: mouseVisible = False
16.7132 	EXP 	demo_fixation: opacity = 1
16.7132 	EXP 	demo_fixation: pos = [0, 0]
16.7144 	EXP 	window1: mouseVisible = False
16.7297 	EXP 	demo_fixation: opacity = 1
16.7297 	EXP 	demo_fixation: pos = [0, 0]
16.7310 	EXP 	window1: mouseVisible = False
16.7466 	EXP 	demo_fixation: opacity = 1
16.7466 	EXP 	demo_fixation: pos = [0, 0]
16.7479 	EXP 	window1: mouseVisible = False
16.7631 	EXP 	demo_fixation: opacity = 1
16.7631 	EXP 	demo_fixation: pos = [0, 0]
16.7643 	EXP 	window1: mouseVisible = False
16.7798 	EXP 	demo_fixation: opacity = 1
16.7798 	EXP 	demo_fixation: pos = [0, 0]
16.7813 	EXP 	window1: mouseVisible = False
16.7964 	EXP 	demo_fixation: opacity = 1
16.7964 	EXP 	demo_fixation: pos = [0, 0]
16.7976 	EXP 	window1: mouseVisible = False
16.8130 	EXP 	demo_fixation: opacity = 1
16.8130 	EXP 	demo_fixation: pos = [0, 0]
16.8142 	EXP 	window1: mouseVisible = False
16.8298 	EXP 	demo_fixation: opacity = 1
16.8298 	EXP 	demo_fixation: pos = [0, 0]
16.8311 	EXP 	window1: mouseVisible = False
16.8464 	EXP 	demo_fixation: opacity = 1
16.8464 	EXP 	demo_fixation: pos = [0, 0]
16.8476 	EXP 	window1: mouseVisible = False
16.8632 	EXP 	demo_fixation: opacity = 1
16.8632 	EXP 	demo_fixation: pos = [0, 0]
16.8644 	EXP 	window1: mouseVisible = False
16.8797 	EXP 	demo_fixation: opacity = 1
16.8797 	EXP 	demo_fixation: pos = [0, 0]
16.8809 	EXP 	window1: mouseVisible = False
16.8963 	EXP 	demo_fixation: opacity = 1
16.8963 	EXP 	demo_fixation: pos = [0, 0]
16.8975 	EXP 	window1: mouseVisible = False
16.9131 	EXP 	demo_fixation: opacity = 1
16.9131 	EXP 	demo_fixation: pos = [0, 0]
16.9143 	EXP 	window1: mouseVisible = False
16.9296 	EXP 	demo_fixation: opacity = 1
16.9296 	EXP 	demo_fixation: pos = [0, 0]
16.9308 	EXP 	window1: mouseVisible = False
16.9463 	EXP 	demo_fixation: opacity = 1
16.9463 	EXP 	demo_fixation: pos = [0, 0]
16.9476 	EXP 	window1: mouseVisible = False
16.9629 	EXP 	demo_fixation: opacity = 1
16.9629 	EXP 	demo_fixation: pos = [0, 0]
16.9641 	EXP 	window1: mouseVisible = False
16.9795 	EXP 	demo_fixation: opacity = 1
16.9795 	EXP 	demo_fixation: pos = [0, 0]
16.9808 	EXP 	window1: mouseVisible = False
16.9962 	EXP 	demo_fixation: opacity = 1
16.9962 	EXP 	demo_fixation: pos = [0, 0]
16.9978 	EXP 	window1: mouseVisible = False
17.0128 	EXP 	demo_fixation: opacity = 1
17.0128 	EXP 	demo_fixation: pos = [0, 0]
17.0143 	EXP 	window1: mouseVisible = False
17.0296 	EXP 	demo_fixation: opacity = 1
17.0296 	EXP 	demo_fixation: pos = [0, 0]
17.0308 	EXP 	window1: mouseVisible = False
17.0463 	EXP 	demo_fixation: opacity = 1
17.0463 	EXP 	demo_fixation: pos = [0, 0]
17.0476 	EXP 	window1: mouseVisible = False
17.0629 	EXP 	demo_fixation: opacity = 1
17.0629 	EXP 	demo_fixation: pos = [0, 0]
17.0641 	EXP 	window1: mouseVisible = False
17.0796 	EXP 	demo_fixation: opacity = 1
17.0796 	EXP 	demo_fixation: pos = [0, 0]
17.0808 	EXP 	window1: mouseVisible = False
17.0961 	EXP 	demo_fixation: opacity = 1
17.0961 	EXP 	demo_fixation: pos = [0, 0]
17.0973 	EXP 	window1: mouseVisible = False
17.1129 	EXP 	demo_fixation: opacity = 1
17.1129 	EXP 	demo_fixation: pos = [0, 0]
17.1141 	EXP 	window1: mouseVisible = False
17.1294 	EXP 	demo_fixation: opacity = 1
17.1294 	EXP 	demo_fixation: pos = [0, 0]
17.1308 	EXP 	window1: mouseVisible = False
17.1461 	EXP 	demo_fixation: opacity = 1
17.1461 	EXP 	demo_fixation: pos = [0, 0]
17.1473 	EXP 	window1: mouseVisible = False
17.1629 	EXP 	demo_fixation: opacity = 1
17.1629 	EXP 	demo_fixation: pos = [0, 0]
17.1641 	EXP 	window1: mouseVisible = False
17.1794 	EXP 	demo_fixation: opacity = 1
17.1794 	EXP 	demo_fixation: pos = [0, 0]
17.1807 	EXP 	window1: mouseVisible = False
17.2034 	EXP 	demo_fixation: opacity = 1
17.2034 	EXP 	demo_fixation: pos = [0, 0]
17.2047 	EXP 	window1: mouseVisible = False
17.2163 	EXP 	demo_fixation: opacity = 1
17.2163 	EXP 	demo_fixation: pos = [0, 0]
17.2171 	EXP 	window1: mouseVisible = False
17.2298 	EXP 	demo_fixation: opacity = 1
17.2298 	EXP 	demo_fixation: pos = [0, 0]
17.2310 	EXP 	window1: mouseVisible = False
17.2468 	EXP 	demo_fixation: opacity = 1
17.2468 	EXP 	demo_fixation: pos = [0, 0]
17.2484 	EXP 	window1: mouseVisible = False
17.2627 	EXP 	demo_fixation: opacity = 1
17.2627 	EXP 	demo_fixation: pos = [0, 0]
17.2644 	EXP 	window1: mouseVisible = False
17.2794 	EXP 	demo_fixation: opacity = 1
17.2794 	EXP 	demo_fixation: pos = [0, 0]
17.2806 	EXP 	window1: mouseVisible = False
17.2959 	EXP 	demo_fixation: opacity = 1
17.2959 	EXP 	demo_fixation: pos = [0, 0]
17.2971 	EXP 	window1: mouseVisible = False
17.3126 	EXP 	demo_fixation: opacity = 1
17.3126 	EXP 	demo_fixation: pos = [0, 0]
17.3140 	EXP 	window1: mouseVisible = False
17.3296 	EXP 	demo_fixation: opacity = 1
17.3296 	EXP 	demo_fixation: pos = [0, 0]
17.3315 	EXP 	window1: mouseVisible = False
17.3464 	EXP 	demo_fixation: opacity = 1
17.3464 	EXP 	demo_fixation: pos = [0, 0]
17.3476 	EXP 	window1: mouseVisible = False
17.3626 	EXP 	demo_fixation: opacity = 1
17.3626 	EXP 	demo_fixation: pos = [0, 0]
17.3640 	EXP 	window1: mouseVisible = False
17.3793 	EXP 	demo_fixation: opacity = 1
17.3793 	EXP 	demo_fixation: pos = [0, 0]
17.3805 	EXP 	window1: mouseVisible = False
17.3959 	EXP 	demo_fixation: opacity = 1
17.3959 	EXP 	demo_fixation: pos = [0, 0]
17.3971 	EXP 	window1: mouseVisible = False
17.4125 	EXP 	demo_fixation: opacity = 1
17.4125 	EXP 	demo_fixation: pos = [0, 0]
17.4144 	DATA 	Mouse: Left button down, pos=(960,540)
17.4154 	EXP 	window1: mouseVisible = False
17.4290 	EXP 	demo_fixation: opacity = 0
17.4297 	EXP 	window1: mouseVisible = False
17.4457 	EXP 	demo_fixation: opacity = 0
17.4465 	EXP 	window1: mouseVisible = False
17.4625 	EXP 	demo_fixation: opacity = 0
17.4632 	EXP 	window1: mouseVisible = False
17.4792 	EXP 	demo_fixation: opacity = 0
17.4799 	EXP 	window1: mouseVisible = False
17.4958 	EXP 	demo_fixation: opacity = 0
17.4965 	EXP 	window1: mouseVisible = False
17.5122 	EXP 	demo_fixation: opacity = 0
17.5130 	EXP 	window1: mouseVisible = False
17.5291 	EXP 	demo_fixation: opacity = 0
17.5299 	EXP 	window1: mouseVisible = False
17.5456 	EXP 	demo_fixation: opacity = 0
17.5463 	EXP 	window1: mouseVisible = False
17.5623 	EXP 	demo_fixation: opacity = 0
17.5630 	EXP 	window1: mouseVisible = False
17.5792 	EXP 	demo_fixation: opacity = 0
17.5799 	EXP 	window1: mouseVisible = False
17.5955 	EXP 	demo_fixation: opacity = 0
17.5962 	EXP 	window1: mouseVisible = False
17.6121 	EXP 	demo_fixation: opacity = 0
17.6129 	EXP 	window1: mouseVisible = False
17.6290 	EXP 	demo_fixation: opacity = 0
17.6298 	EXP 	window1: mouseVisible = False
17.6455 	EXP 	demo_fixation: opacity = 0
17.6462 	EXP 	window1: mouseVisible = False
17.6624 	EXP 	demo_fixation: opacity = 0
17.6631 	EXP 	window1: mouseVisible = False
17.6792 	EXP 	demo_fixation: opacity = 0
17.6811 	EXP 	window1: mouseVisible = False
17.6954 	EXP 	demo_fixation: opacity = 0
17.6969 	EXP 	window1: mouseVisible = False
17.7125 	EXP 	demo_fixation: opacity = 0
17.7137 	EXP 	window1: mouseVisible = False
17.7288 	EXP 	demo_fixation: opacity = 0
17.7302 	EXP 	window1: mouseVisible = False
17.7456 	EXP 	demo_fixation: opacity = 0
17.7471 	EXP 	window1: mouseVisible = False
17.7622 	EXP 	demo_fixation: opacity = 0
17.7647 	EXP 	window1: mouseVisible = False
17.7787 	EXP 	demo_fixation: opacity = 0
17.7803 	EXP 	window1: mouseVisible = False
17.7954 	EXP 	demo_fixation: opacity = 0
17.7968 	EXP 	window1: mouseVisible = False
17.8120 	EXP 	demo_fixation: opacity = 0
17.8134 	EXP 	window1: mouseVisible = False
17.8290 	EXP 	demo_fixation: opacity = 0
17.8304 	EXP 	window1: mouseVisible = False
17.8453 	EXP 	demo_fixation: opacity = 0
17.8465 	EXP 	window1: mouseVisible = False
17.8621 	EXP 	demo_fixation: opacity = 0
17.8639 	EXP 	window1: mouseVisible = False
17.8787 	EXP 	demo_fixation: opacity = 0
17.8803 	EXP 	window1: mouseVisible = False
17.8955 	EXP 	demo_fixation: opacity = 0
17.8967 	EXP 	window1: mouseVisible = False
17.9120 	EXP 	demo_fixation: opacity = 0
17.9132 	EXP 	window1: mouseVisible = False
17.9287 	EXP 	demo_fixation: opacity = 0
17.9311 	EXP 	window1: mouseVisible = False
17.9453 	EXP 	demo_fixation: opacity = 0
17.9466 	EXP 	window1: mouseVisible = False
17.9621 	EXP 	demo_fixation: opacity = 0
17.9634 	EXP 	window1: mouseVisible = False
17.9910 	EXP 	demo_fixation: opacity = 0
17.9910 	EXP 	demo_fixation: pos = array([0.3287037 , 0.30740741])
17.9910 	EXP 	demo_fixation: opacity = 1
17.9910 	EXP 	demo_enclosing_1: autoDraw = False
17.9910 	EXP 	demo_enclosing: autoDraw = False
17.9910 	EXP 	demo_target: autoDraw = False
17.9910 	EXP 	demo_fixation: autoDraw = False
17.9910 	EXP 	demo_fixation: opacity = 1
17.9910 	EXP 	demo_target_feedback: pos = array([0.3, 0.3])
17.9910 	EXP 	demo_fixation_feedback: pos = array([0.3287037 , 0.30740741])
17.9910 	EXP 	demo_enclosing_feedback: autoDraw = True
17.9910 	EXP 	demo_target_feedback: autoDraw = True
17.9910 	EXP 	demo_fixation_feedback: autoDraw = True
18.4843 	EXP 	New trial (rep=0, index=1): OrderedDict([('target_x', 0.3), ('target_y', -0.3), ('rotation', 0)])
18.4868 	EXP 	window1: mouseVisible = False
18.4992 	EXP 	demo_enclosing_feedback: autoDraw = False
18.4992 	EXP 	demo_target_feedback: autoDraw = False
18.4992 	EXP 	demo_fixation_feedback: autoDraw = False
18.4992 	EXP 	demo_enclosing_feedback: autoDraw = False
18.4992 	EXP 	demo_target_feedback: autoDraw = False
18.4992 	EXP 	demo_fixation_feedback: autoDraw = False
18.4992 	EXP 	demo_target: pos = array([ 0.3, -0.3])
18.4992 	EXP 	demo_fixation: pos = array([0., 0.])
18.4992 	EXP 	demo_fixation: opacity = 1
18.4992 	EXP 	demo_fixation: pos = [0, 0]
18.4992 	EXP 	demo_enclosing_1: autoDraw = True
18.4992 	EXP 	demo_enclosing: autoDraw = True
18.4992 	EXP 	demo_target: autoDraw = True
18.4992 	EXP 	demo_fixation: autoDraw = True
18.4992 	EXP 	demo_fixation: opacity = 0
18.5001 	EXP 	window1: mouseVisible = False
18.5126 	EXP 	demo_fixation: opacity = 0
18.5134 	EXP 	window1: mouseVisible = False
18.5282 	EXP 	demo_fixation: opacity = 0
18.5289 	EXP 	window1: mouseVisible = False
18.5449 	EXP 	demo_fixation: opacity = 0
18.5457 	EXP 	window1: mouseVisible = False
18.5615 	EXP 	demo_fixation: opacity = 0
18.5623 	EXP 	window1: mouseVisible = False
18.5782 	EXP 	demo_fixation: opacity = 0
18.5789 	EXP 	window1: mouseVisible = False
18.5948 	EXP 	demo_fixation: opacity = 0
18.5955 	EXP 	window1: mouseVisible = False
18.6112 	EXP 	demo_fixation: opacity = 0
18.6119 	EXP 	window1: mouseVisible = False
18.6280 	EXP 	demo_fixation: opacity = 0
18.6289 	EXP 	window1: mouseVisible = False
18.6446 	EXP 	demo_fixation: opacity = 0
18.6453 	EXP 	window1: mouseVisible = False
18.6613 	EXP 	demo_fixation: opacity = 0
18.6621 	EXP 	window1: mouseVisible = False
18.6779 	EXP 	demo_fixation: opacity = 0
18.6786 	EXP 	window1: mouseVisible = False
18.6945 	EXP 	demo_fixation: opacity = 0
18.6952 	EXP 	window1: mouseVisible = False
18.7113 	EXP 	demo_fixation: opacity = 0
18.7120 	EXP 	window1: mouseVisible = False
18.7279 	EXP 	demo_fixation: opacity = 0
18.7286 	EXP 	window1: mouseVisible = False
18.7446 	EXP 	demo_fixation: opacity = 0
18.7453 	EXP 	window1: mouseVisible = False
18.7612 	EXP 	demo_fixation: opacity = 0
18.7620 	EXP 	window1: mouseVisible = False
18.7779 	EXP 	demo_fixation: opacity = 0
18.7786 	EXP 	window1: mouseVisible = False
18.7945 	EXP 	demo_fixation: opacity = 0
18.7952 	EXP 	window1: mouseVisible = False
18.8113 	EXP 	demo_fixation: opacity = 0
18.8122 	EXP 	window1: mouseVisible = False
18.8283 	EXP 	demo_fixation: opacity = 0
18.8298 	DATA 	Mouse:  Left button up, pos=(1409,967)
18.8300 	EXP 	window1: mouseVisible = False
18.8446 	EXP 	demo_fixation: opacity = 1
18.8446 	EXP 	demo_fixation: pos = [0, 0]
18.8458 	EXP 	window1: mouseVisible = False
18.8611 	EXP 	demo_fixation: opacity = 1
18.8611 	EXP 	demo_fixation: pos = [0, 0]
18.8625 	EXP 	window1: mouseVisible = False
18.8778 	EXP 	demo_fixation: opacity = 1
18.8778 	EXP 	demo_fixation: pos = [0, 0]
18.8791 	EXP 	window1: mouseVisible = False
18.8945 	EXP 	demo_fixation: opacity = 1
18.8945 	EXP 	demo_fixation: pos = [0, 0]
18.8957 	EXP 	window1: mouseVisible = False
18.9110 	EXP 	demo_fixation: opacity = 1
18.9110 	EXP 	demo_fixation: pos = [0, 0]
18.9122 	EXP 	window1: mouseVisible = False
18.9277 	EXP 	demo_fixation: opacity = 1
18.9277 	EXP 	demo_fixation: pos = [0, 0]
18.9289 	EXP 	window1: mouseVisible = False
18.9445 	EXP 	demo_fixation: opacity = 1
18.9445 	EXP 	demo_fixation: pos = [0, 0]
18.9457 	EXP 	window1: mouseVisible = False
18.9608 	EXP 	demo_fixation: opacity = 1
18.9608 	EXP 	demo_fixation: pos = [0, 0]
18.9621 	EXP 	window1: mouseVisible = False
18.9778 	EXP 	demo_fixation: opacity = 1
18.9778 	EXP 	demo_fixation: pos = [0, 0]
18.9790 	EXP 	window1: mouseVisible = False
18.9952 	EXP 	demo_fixation: opacity = 1
18.9952 	EXP 	demo_fixation: pos = [0, 0]
18.9964 	EXP 	window1: mouseVisible = False
19.0111 	EXP 	demo_fixation: opacity = 1
19.0111 	EXP 	demo_fixation: pos = [0, 0]
19.0123 	EXP 	window1: mouseVisible = False
19.0276 	EXP 	demo_fixation: opacity = 1
19.0276 	EXP 	demo_fixation: pos = [0, 0]
19.0289 	EXP 	window1: mouseVisible = False
19.0444 	EXP 	demo_fixation: opacity = 1
19.0444 	EXP 	demo_fixation: pos = [0, 0]
19.0456 	EXP 	window1: mouseVisible = False
19.0610 	EXP 	demo_fixation: opacity = 1
19.0610 	EXP 	demo_fixation: pos = [0, 0]
19.0622 	EXP 	window1: mouseVisible = False
19.0775 	EXP 	demo_fixation: opacity = 1
19.0775 	EXP 	demo_fixation: pos = [0, 0]
19.0787 	EXP 	window1: mouseVisible = False
19.0943 	EXP 	demo_fixation: opacity = 1
19.0943 	EXP 	demo_fixation: pos = [0, 0]
19.0955 	EXP 	window1: mouseVisible = False
19.1109 	EXP 	demo_fixation: opacity = 1
19.1109 	EXP 	demo_fixation: pos = [0, 0]
19.1122 	EXP 	window1: mouseVisible = False
19.1276 	EXP 	demo_fixation: opacity = 1
19.1276 	EXP 	demo_fixation: pos = [0, 0]
19.1288 	EXP 	window1: mouseVisible = False
19.1443 	EXP 	demo_fixation: opacity = 1
19.1443 	EXP 	demo_fixation: pos = [0, 0]
19.1455 	EXP 	window1: mouseVisible = False
19.1612 	EXP 	demo_fixation: opacity = 1
19.1612 	EXP 	demo_fixation: pos = [0, 0]
19.1624 	EXP 	window1: mouseVisible = False
19.1776 	EXP 	demo_fixation: opacity = 1
19.1776 	EXP 	demo_fixation: pos = [0, 0]
19.1788 	EXP 	window1: mouseVisible = False
19.1941 	EXP 	demo_fixation: opacity = 1
19.1941 	EXP 	demo_fixation: pos = [0, 0]
19.1953 	EXP 	window1: mouseVisible = False
19.2109 	EXP 	demo_fixation: opacity = 1
19.2109 	EXP 	demo_fixation: pos = [0, 0]
19.2121 	EXP 	window1: mouseVisible = False
19.2275 	EXP 	demo_fixation: opacity = 1
19.2275 	EXP 	demo_fixation: pos = [0, 0]
19.2288 	EXP 	window1: mouseVisible = False
19.2441 	EXP 	demo_fixation: opacity = 1
19.2441 	EXP 	demo_fixation: pos = [0, 0]
19.2453 	EXP 	window1: mouseVisible = False
19.2608 	EXP 	demo_fixation: opacity = 1
19.2608 	EXP 	demo_fixation: pos = [0, 0]
19.2621 	EXP 	window1: mouseVisible = False
19.2773 	EXP 	demo_fixation: opacity = 1
19.2773 	EXP 	demo_fixation: pos = [0, 0]
19.2785 	EXP 	window1: mouseVisible = False
19.2940 	EXP 	demo_fixation: opacity = 1
19.2940 	EXP 	demo_fixation: pos = [0, 0]
19.2952 	EXP 	window1: mouseVisible = False
19.3108 	EXP 	demo_fixation: opacity = 1
19.3108 	EXP 	demo_fixation: pos = [0, 0]
19.3121 	EXP 	window1: mouseVisible = False
19.3274 	EXP 	demo_fixation: opacity = 1
19.3274 	EXP 	demo_fixation: pos = [0, 0]
19.3289 	EXP 	window1: mouseVisible = False
19.3441 	EXP 	demo_fixation: opacity = 1
19.3441 	EXP 	demo_fixation: pos = [0, 0]
19.3453 	EXP 	window1: mouseVisible = False
19.3605 	EXP 	demo_fixation: opacity = 1
19.3605 	EXP 	demo_fixation: pos = [0, 0]
19.3618 	EXP 	window1: mouseVisible = False
19.3774 	EXP 	demo_fixation: opacity = 1
19.3774 	EXP 	demo_fixation: pos = [0, 0]
19.3787 	EXP 	window1: mouseVisible = False
19.3940 	EXP 	demo_fixation: opacity = 1
19.3940 	EXP 	demo_fixation: pos = [0, 0]
19.3953 	EXP 	window1: mouseVisible = False
19.4112 	EXP 	demo_fixation: opacity = 1
19.4112 	EXP 	demo_fixation: pos = [0, 0]
19.4125 	EXP 	window1: mouseVisible = False
19.4273 	EXP 	demo_fixation: opacity = 1
19.4273 	EXP 	demo_fixation: pos = [0, 0]
19.4286 	EXP 	window1: mouseVisible = False
19.4439 	EXP 	demo_fixation: opacity = 1
19.4439 	EXP 	demo_fixation: pos = [0, 0]
19.4452 	EXP 	window1: mouseVisible = False
19.4606 	EXP 	demo_fixation: opacity = 1
19.4606 	EXP 	demo_fixation: pos = [0, 0]
19.4618 	EXP 	window1: mouseVisible = False
19.4774 	EXP 	demo_fixation: opacity = 1
19.4774 	EXP 	demo_fixation: pos = [0, 0]
19.4786 	EXP 	window1: mouseVisible = False
19.4939 	EXP 	demo_fixation: opacity = 1
19.4939 	EXP 	demo_fixation: pos = [0, 0]
19.4951 	EXP 	window1: mouseVisible = False
19.5104 	EXP 	demo_fixation: opacity = 1
19.5104 	EXP 	demo_fixation: pos = [0, 0]
19.5116 	EXP 	window1: mouseVisible = False
19.5272 	EXP 	demo_fixation: opacity = 1
19.5272 	EXP 	demo_fixation: pos = [0, 0]
19.5285 	EXP 	window1: mouseVisible = False
19.5439 	EXP 	demo_fixation: opacity = 1
19.5439 	EXP 	demo_fixation: pos = [0, 0]
19.5451 	EXP 	window1: mouseVisible = False
19.5605 	EXP 	demo_fixation: opacity = 1
19.5605 	EXP 	demo_fixation: pos = [0, 0]
19.5617 	EXP 	window1: mouseVisible = False
19.5772 	EXP 	demo_fixation: opacity = 1
19.5772 	EXP 	demo_fixation: pos = [0, 0]
19.5784 	EXP 	window1: mouseVisible = False
19.5938 	EXP 	demo_fixation: opacity = 1
19.5938 	EXP 	demo_fixation: pos = [0, 0]
19.5951 	EXP 	window1: mouseVisible = False
19.6105 	EXP 	demo_fixation: opacity = 1
19.6105 	EXP 	demo_fixation: pos = [0, 0]
19.6118 	EXP 	window1: mouseVisible = False
19.6272 	EXP 	demo_fixation: opacity = 1
19.6272 	EXP 	demo_fixation: pos = [0, 0]
19.6285 	EXP 	window1: mouseVisible = False
19.6438 	EXP 	demo_fixation: opacity = 1
19.6438 	EXP 	demo_fixation: pos = [0, 0]
19.6450 	EXP 	window1: mouseVisible = False
19.6602 	EXP 	demo_fixation: opacity = 1
19.6602 	EXP 	demo_fixation: pos = [0, 0]
19.6615 	EXP 	window1: mouseVisible = False
19.6770 	EXP 	demo_fixation: opacity = 1
19.6770 	EXP 	demo_fixation: pos = [0, 0]
19.6782 	EXP 	window1: mouseVisible = False
19.6936 	EXP 	demo_fixation: opacity = 1
19.6936 	EXP 	demo_fixation: pos = [0, 0]
19.6949 	EXP 	window1: mouseVisible = False
19.7103 	EXP 	demo_fixation: opacity = 1
19.7103 	EXP 	demo_fixation: pos = [0, 0]
19.7116 	EXP 	window1: mouseVisible = False
19.7270 	EXP 	demo_fixation: opacity = 1
19.7270 	EXP 	demo_fixation: pos = [0, 0]
19.7282 	EXP 	window1: mouseVisible = False
19.7436 	EXP 	demo_fixation: opacity = 1
19.7436 	EXP 	demo_fixation: pos = [0, 0]
19.7448 	EXP 	window1: mouseVisible = False
19.7603 	EXP 	demo_fixation: opacity = 1
19.7603 	EXP 	demo_fixation: pos = [0, 0]
19.7618 	EXP 	window1: mouseVisible = False
19.7770 	EXP 	demo_fixation: opacity = 1
19.7770 	EXP 	demo_fixation: pos = [0, 0]
19.7782 	EXP 	window1: mouseVisible = False
19.7936 	EXP 	demo_fixation: opacity = 1
19.7936 	EXP 	demo_fixation: pos = [0, 0]
19.7948 	EXP 	window1: mouseVisible = False
19.8102 	EXP 	demo_fixation: opacity = 1
19.8102 	EXP 	demo_fixation: pos = [0, 0]
19.8132 	DATA 	Mouse: Left button down, pos=(960,540)
19.8137 	EXP 	window1: mouseVisible = False
19.8279 	EXP 	demo_fixation: opacity = 0
19.8286 	EXP 	window1: mouseVisible = False
19.8436 	EXP 	demo_fixation: opacity = 0
19.8445 	EXP 	window1: mouseVisible = False
19.8602 	EXP 	demo_fixation: opacity = 0
19.8610 	EXP 	window1: mouseVisible = False
19.8769 	EXP 	demo_fixation: opacity = 0
19.8776 	EXP 	window1: mouseVisible = False
19.8933 	EXP 	demo_fixation: opacity = 0
19.8941 	EXP 	window1: mouseVisible = False
19.9101 	EXP 	demo_fixation: opacity = 0
19.9109 	EXP 	window1: mouseVisible = False
19.9269 	EXP 	demo_fixation: opacity = 0
19.9277 	EXP 	window1: mouseVisible = False
19.9434 	EXP 	demo_fixation: opacity = 0
19.9441 	EXP 	window1: mouseVisible = False
19.9602 	EXP 	demo_fixation: opacity = 0
19.9609 	EXP 	window1: mouseVisible = False
19.9768 	EXP 	demo_fixation: opacity = 0
19.9775 	EXP 	window1: mouseVisible = False
19.9934 	EXP 	demo_fixation: opacity = 0
19.9941 	EXP 	window1: mouseVisible = False
20.0100 	EXP 	demo_fixation: opacity = 0
20.0110 	EXP 	window1: mouseVisible = False
20.0265 	EXP 	demo_fixation: opacity = 0
20.0273 	EXP 	window1: mouseVisible = False
20.0432 	EXP 	demo_fixation: opacity = 0
20.0439 	EXP 	window1: mouseVisible = False
20.0599 	EXP 	demo_fixation: opacity = 0
20.0606 	EXP 	window1: mouseVisible = False
20.0767 	EXP 	demo_fixation: opacity = 0
20.0778 	EXP 	window1: mouseVisible = False
20.0933 	EXP 	demo_fixation: opacity = 0
20.0945 	EXP 	window1: mouseVisible = False
20.1100 	EXP 	demo_fixation: opacity = 0
20.1114 	EXP 	window1: mouseVisible = False
20.1266 	EXP 	demo_fixation: opacity = 0
20.1278 	EXP 	window1: mouseVisible = False
20.1432 	EXP 	demo_fixation: opacity = 0
20.1444 	EXP 	window1: mouseVisible = False
20.1601 	EXP 	demo_fixation: opacity = 0
20.1613 	EXP 	window1: mouseVisible = False
20.1766 	EXP 	demo_fixation: opacity = 0
20.1781 	EXP 	window1: mouseVisible = False
20.1934 	EXP 	demo_fixation: opacity = 0
20.1958 	EXP 	window1: mouseVisible = False
20.2097 	EXP 	demo_fixation: opacity = 0
20.2112 	EXP 	window1: mouseVisible = False
20.2270 	EXP 	demo_fixation: opacity = 0
20.2282 	EXP 	window1: mouseVisible = False
20.2433 	EXP 	demo_fixation: opacity = 0
20.2448 	EXP 	window1: mouseVisible = False
20.2600 	EXP 	demo_fixation: opacity = 0
20.2618 	EXP 	window1: mouseVisible = False
20.2764 	EXP 	demo_fixation: opacity = 0
20.2778 	EXP 	window1: mouseVisible = False
20.2932 	EXP 	demo_fixation: opacity = 0
20.2944 	EXP 	window1: mouseVisible = False
20.3099 	EXP 	demo_fixation: opacity = 0
20.3114 	EXP 	window1: mouseVisible = False
20.3264 	EXP 	demo_fixation: opacity = 0
20.3289 	EXP 	window1: mouseVisible = False
20.3432 	EXP 	demo_fixation: opacity = 0
20.3446 	EXP 	window1: mouseVisible = False
20.3597 	EXP 	demo_fixation: opacity = 0
20.3609 	EXP 	window1: mouseVisible = False
20.3764 	EXP 	demo_fixation: opacity = 0
20.3777 	EXP 	window1: mouseVisible = False
20.3931 	EXP 	demo_fixation: opacity = 0
20.3944 	EXP 	window1: mouseVisible = False
20.4097 	EXP 	demo_fixation: opacity = 0
20.4110 	EXP 	window1: mouseVisible = False
20.4262 	EXP 	demo_fixation: opacity = 0
20.4274 	EXP 	window1: mouseVisible = False
20.4429 	EXP 	demo_fixation: opacity = 0
20.4444 	EXP 	window1: mouseVisible = False
20.4596 	EXP 	demo_fixation: opacity = 0
20.4609 	EXP 	window1: mouseVisible = False
20.4762 	EXP 	demo_fixation: opacity = 0
20.4774 	EXP 	window1: mouseVisible = False
20.4931 	EXP 	demo_fixation: opacity = 0
20.4943 	EXP 	window1: mouseVisible = False
20.5096 	EXP 	demo_fixation: opacity = 0
20.5119 	EXP 	window1: mouseVisible = False
20.5264 	EXP 	demo_fixation: opacity = 0
20.5279 	EXP 	window1: mouseVisible = False
20.5430 	EXP 	demo_fixation: opacity = 0
20.5443 	EXP 	window1: mouseVisible = False
20.5597 	EXP 	demo_fixation: opacity = 0
20.5609 	EXP 	window1: mouseVisible = False
20.5761 	EXP 	demo_fixation: opacity = 0
20.5778 	EXP 	window1: mouseVisible = False
20.5929 	EXP 	demo_fixation: opacity = 0
20.5936 	EXP 	window1: mouseVisible = False
20.6096 	EXP 	demo_fixation: opacity = 0
20.6103 	EXP 	window1: mouseVisible = False
20.6260 	EXP 	demo_fixation: opacity = 0
20.6267 	EXP 	window1: mouseVisible = False
20.6428 	EXP 	demo_fixation: opacity = 0
20.6436 	EXP 	window1: mouseVisible = False
20.6603 	EXP 	demo_fixation: opacity = 0
20.6614 	EXP 	window1: mouseVisible = False
20.6769 	EXP 	demo_fixation: opacity = 0
20.6781 	EXP 	window1: mouseVisible = False
20.6929 	EXP 	demo_fixation: opacity = 0
20.6937 	EXP 	window1: mouseVisible = False
20.7094 	EXP 	demo_fixation: opacity = 0
20.7102 	EXP 	window1: mouseVisible = False
20.7259 	EXP 	demo_fixation: opacity = 0
20.7266 	EXP 	window1: mouseVisible = False
20.7429 	EXP 	demo_fixation: opacity = 0
20.7436 	EXP 	window1: mouseVisible = False
20.7592 	EXP 	demo_fixation: opacity = 0
20.7600 	EXP 	window1: mouseVisible = False
20.7760 	EXP 	demo_fixation: opacity = 0
20.7774 	EXP 	window1: mouseVisible = False
20.8004 	EXP 	demo_fixation: opacity = 0
20.8004 	EXP 	demo_fixation: pos = array([ 0.30277778, -0.31944444])
20.8004 	EXP 	demo_fixation: opacity = 1
20.8004 	EXP 	demo_enclosing_1: autoDraw = False
20.8004 	EXP 	demo_enclosing: autoDraw = False
20.8004 	EXP 	demo_target: autoDraw = False
20.8004 	EXP 	demo_fixation: autoDraw = False
20.8004 	EXP 	demo_fixation: opacity = 1
20.8004 	EXP 	demo_target_feedback: pos = array([ 0.3, -0.3])
20.8004 	EXP 	demo_fixation_feedback: pos = array([ 0.30277778, -0.31944444])
20.8004 	EXP 	demo_enclosing_feedback: autoDraw = True
20.8004 	EXP 	demo_target_feedback: autoDraw = True
20.8004 	EXP 	demo_fixation_feedback: autoDraw = True
21.2952 	EXP 	New trial (rep=0, index=2): OrderedDict([('target_x', -0.3), ('target_y', 0.3), ('rotation', 0)])
21.2980 	EXP 	window1: mouseVisible = False
21.3115 	EXP 	demo_enclosing_feedback: autoDraw = False
21.3115 	EXP 	demo_target_feedback: autoDraw = False
21.3115 	EXP 	demo_fixation_feedback: autoDraw = False
21.3115 	EXP 	demo_target: pos = array([-0.3,  0.3])
21.3115 	EXP 	demo_fixation: pos = array([0., 0.])
21.3115 	EXP 	demo_fixation: opacity = 1
21.3115 	EXP 	demo_fixation: pos = [0, 0]
21.3115 	EXP 	demo_enclosing_1: autoDraw = True
21.3115 	EXP 	demo_enclosing: autoDraw = True
21.3115 	EXP 	demo_target: autoDraw = True
21.3115 	EXP 	demo_fixation: autoDraw = True
21.3115 	EXP 	demo_fixation: opacity = 0
21.3126 	EXP 	window1: mouseVisible = False
21.3253 	EXP 	demo_fixation: opacity = 0
21.3261 	EXP 	window1: mouseVisible = False
21.3422 	EXP 	demo_fixation: opacity = 0
21.3429 	EXP 	window1: mouseVisible = False
21.3589 	EXP 	demo_fixation: opacity = 0
21.3598 	EXP 	window1: mouseVisible = False
21.3755 	EXP 	demo_fixation: opacity = 0
21.3763 	EXP 	window1: mouseVisible = False
21.3923 	EXP 	demo_fixation: opacity = 0
21.3931 	EXP 	window1: mouseVisible = False
21.4088 	EXP 	demo_fixation: opacity = 0
21.4095 	EXP 	window1: mouseVisible = False
21.4255 	EXP 	demo_fixation: opacity = 0
21.4262 	EXP 	window1: mouseVisible = False
21.4422 	EXP 	demo_fixation: opacity = 0
21.4429 	EXP 	window1: mouseVisible = False
21.4588 	EXP 	demo_fixation: opacity = 0
21.4596 	EXP 	window1: mouseVisible = False
21.4755 	EXP 	demo_fixation: opacity = 0
21.4762 	EXP 	window1: mouseVisible = False
21.4920 	EXP 	demo_fixation: opacity = 0
21.4928 	EXP 	window1: mouseVisible = False
21.5085 	EXP 	demo_fixation: opacity = 0
21.5093 	EXP 	window1: mouseVisible = False
21.5254 	EXP 	demo_fixation: opacity = 0
21.5261 	EXP 	window1: mouseVisible = False
21.5420 	EXP 	demo_fixation: opacity = 0
21.5427 	EXP 	window1: mouseVisible = False
21.5587 	EXP 	demo_fixation: opacity = 0
21.5594 	EXP 	window1: mouseVisible = False
21.5751 	EXP 	demo_fixation: opacity = 0
21.5761 	EXP 	window1: mouseVisible = False
21.5813 	DATA 	Mouse:  Left button up, pos=(1317,165)
21.5920 	EXP 	demo_fixation: opacity = 0
21.5937 	EXP 	window1: mouseVisible = False
21.6085 	EXP 	demo_fixation: opacity = 1
21.6085 	EXP 	demo_fixation: pos = [0, 0]
21.6098 	EXP 	window1: mouseVisible = False
21.6253 	EXP 	demo_fixation: opacity = 1
21.6253 	EXP 	demo_fixation: pos = [0, 0]
21.6267 	EXP 	window1: mouseVisible = False
21.6419 	EXP 	demo_fixation: opacity = 1
21.6419 	EXP 	demo_fixation: pos = [0, 0]
21.6431 	EXP 	window1: mouseVisible = False
21.6586 	EXP 	demo_fixation: opacity = 1
21.6586 	EXP 	demo_fixation: pos = [0, 0]
21.6599 	EXP 	window1: mouseVisible = False
21.6752 	EXP 	demo_fixation: opacity = 1
21.6752 	EXP 	demo_fixation: pos = [0, 0]
21.6764 	EXP 	window1: mouseVisible = False
21.6918 	EXP 	demo_fixation: opacity = 1
21.6918 	EXP 	demo_fixation: pos = [0, 0]
21.6931 	EXP 	window1: mouseVisible = False
21.7085 	EXP 	demo_fixation: opacity = 1
21.7085 	EXP 	demo_fixation: pos = [0, 0]
21.7098 	EXP 	window1: mouseVisible = False
21.7252 	EXP 	demo_fixation: opacity = 1
21.7252 	EXP 	demo_fixation: pos = [0, 0]
21.7264 	EXP 	window1: mouseVisible = False
21.7418 	EXP 	demo_fixation: opacity = 1
21.7418 	EXP 	demo_fixation: pos = [0, 0]
21.7430 	EXP 	window1: mouseVisible = False
21.7584 	EXP 	demo_fixation: opacity = 1
21.7584 	EXP 	demo_fixation: pos = [0, 0]
21.7598 	EXP 	window1: mouseVisible = False
21.7751 	EXP 	demo_fixation: opacity = 1
21.7751 	EXP 	demo_fixation: pos = [0, 0]
21.7763 	EXP 	window1: mouseVisible = False
21.7916 	EXP 	demo_fixation: opacity = 1
21.7916 	EXP 	demo_fixation: pos = [0, 0]
21.7929 	EXP 	window1: mouseVisible = False
21.8084 	EXP 	demo_fixation: opacity = 1
21.8084 	EXP 	demo_fixation: pos = [0, 0]
21.8101 	EXP 	window1: mouseVisible = False
21.8249 	EXP 	demo_fixation: opacity = 1
21.8249 	EXP 	demo_fixation: pos = [0, 0]
21.8265 	EXP 	window1: mouseVisible = False
21.8416 	EXP 	demo_fixation: opacity = 1
21.8416 	EXP 	demo_fixation: pos = [0, 0]
21.8429 	EXP 	window1: mouseVisible = False
21.8583 	EXP 	demo_fixation: opacity = 1
21.8583 	EXP 	demo_fixation: pos = [0, 0]
21.8596 	EXP 	window1: mouseVisible = False
21.8749 	EXP 	demo_fixation: opacity = 1
21.8749 	EXP 	demo_fixation: pos = [0, 0]
21.8762 	EXP 	window1: mouseVisible = False
21.8917 	EXP 	demo_fixation: opacity = 1
21.8917 	EXP 	demo_fixation: pos = [0, 0]
21.8929 	EXP 	window1: mouseVisible = False
21.9083 	EXP 	demo_fixation: opacity = 1
21.9083 	EXP 	demo_fixation: pos = [0, 0]
21.9095 	EXP 	window1: mouseVisible = False
21.9250 	EXP 	demo_fixation: opacity = 1
21.9250 	EXP 	demo_fixation: pos = [0, 0]
21.9266 	EXP 	window1: mouseVisible = False
21.9416 	EXP 	demo_fixation: opacity = 1
21.9416 	EXP 	demo_fixation: pos = [0, 0]
21.9428 	EXP 	window1: mouseVisible = False
21.9581 	EXP 	demo_fixation: opacity = 1
21.9581 	EXP 	demo_fixation: pos = [0, 0]
21.9593 	EXP 	window1: mouseVisible = False
21.9749 	EXP 	demo_fixation: opacity = 1
21.9749 	EXP 	demo_fixation: pos = [0, 0]
21.9761 	EXP 	window1: mouseVisible = False
21.9916 	EXP 	demo_fixation: opacity = 1
21.9916 	EXP 	demo_fixation: pos = [0, 0]
21.9929 	EXP 	window1: mouseVisible = False
22.0081 	EXP 	demo_fixation: opacity = 1
22.0081 	EXP 	demo_fixation: pos = [0, 0]
22.0093 	EXP 	window1: mouseVisible = False
22.0248 	EXP 	demo_fixation: opacity = 1
22.0248 	EXP 	demo_fixation: pos = [0, 0]
22.0261 	EXP 	window1: mouseVisible = False
22.0415 	EXP 	demo_fixation: opacity = 1
22.0415 	EXP 	demo_fixation: pos = [0, 0]
22.0427 	EXP 	window1: mouseVisible = False
22.0581 	EXP 	demo_fixation: opacity = 1
22.0581 	EXP 	demo_fixation: pos = [0, 0]
22.0597 	EXP 	window1: mouseVisible = False
22.0747 	EXP 	demo_fixation: opacity = 1
22.0747 	EXP 	demo_fixation: pos = [0, 0]
22.0765 	EXP 	window1: mouseVisible = False
22.0916 	EXP 	demo_fixation: opacity = 1
22.0916 	EXP 	demo_fixation: pos = [0, 0]
22.0929 	EXP 	window1: mouseVisible = False
22.1082 	EXP 	demo_fixation: opacity = 1
22.1082 	EXP 	demo_fixation: pos = [0, 0]
22.1094 	EXP 	window1: mouseVisible = False
22.1247 	EXP 	demo_fixation: opacity = 1
22.1247 	EXP 	demo_fixation: pos = [0, 0]
22.1261 	EXP 	window1: mouseVisible = False
22.1414 	EXP 	demo_fixation: opacity = 1
22.1414 	EXP 	demo_fixation: pos = [0, 0]
22.1426 	EXP 	window1: mouseVisible = False
22.1586 	EXP 	demo_fixation: opacity = 1
22.1586 	EXP 	demo_fixation: pos = [0, 0]
22.1602 	EXP 	window1: mouseVisible = False
22.1750 	EXP 	demo_fixation: opacity = 1
22.1750 	EXP 	demo_fixation: pos = [0, 0]
22.1764 	EXP 	window1: mouseVisible = False
22.1924 	EXP 	demo_fixation: opacity = 1
22.1924 	EXP 	demo_fixation: pos = [0, 0]
22.1937 	EXP 	window1: mouseVisible = False
22.2083 	EXP 	demo_fixation: opacity = 1
22.2083 	EXP 	demo_fixation: pos = [0, 0]
22.2098 	EXP 	window1: mouseVisible = False
22.2249 	EXP 	demo_fixation: opacity = 1
22.2249 	EXP 	demo_fixation: pos = [0, 0]
22.2261 	EXP 	window1: mouseVisible = False
22.2413 	EXP 	demo_fixation: opacity = 1
22.2413 	EXP 	demo_fixation: pos = [0, 0]
22.2425 	EXP 	window1: mouseVisible = False
22.2582 	EXP 	demo_fixation: opacity = 1
22.2582 	EXP 	demo_fixation: pos = [0, 0]
22.2594 	EXP 	window1: mouseVisible = False
22.2745 	EXP 	demo_fixation: opacity = 1
22.2745 	EXP 	demo_fixation: pos = [0, 0]
22.2758 	EXP 	window1: mouseVisible = False
22.2913 	EXP 	demo_fixation: opacity = 1
22.2913 	EXP 	demo_fixation: pos = [0, 0]
22.2926 	EXP 	window1: mouseVisible = False
22.3079 	EXP 	demo_fixation: opacity = 1
22.3079 	EXP 	demo_fixation: pos = [0, 0]
22.3092 	EXP 	window1: mouseVisible = False
22.3246 	EXP 	demo_fixation: opacity = 1
22.3246 	EXP 	demo_fixation: pos = [0, 0]
22.3261 	EXP 	window1: mouseVisible = False
22.3413 	EXP 	demo_fixation: opacity = 1
22.3413 	EXP 	demo_fixation: pos = [0, 0]
22.3425 	EXP 	window1: mouseVisible = False
22.3580 	EXP 	demo_fixation: opacity = 1
22.3580 	EXP 	demo_fixation: pos = [0, 0]
22.3597 	EXP 	window1: mouseVisible = False
22.3745 	EXP 	demo_fixation: opacity = 1
22.3745 	EXP 	demo_fixation: pos = [0, 0]
22.3757 	EXP 	window1: mouseVisible = False
22.3912 	EXP 	demo_fixation: opacity = 1
22.3912 	EXP 	demo_fixation: pos = [0, 0]
22.3924 	EXP 	window1: mouseVisible = False
22.4077 	EXP 	demo_fixation: opacity = 1
22.4077 	EXP 	demo_fixation: pos = [0, 0]
22.4097 	DATA 	Mouse: Left button down, pos=(960,540)
22.4105 	EXP 	window1: mouseVisible = False
22.4246 	EXP 	demo_fixation: opacity = 0
22.4254 	EXP 	window1: mouseVisible = False
22.4409 	EXP 	demo_fixation: opacity = 0
22.4417 	EXP 	window1: mouseVisible = False
22.4578 	EXP 	demo_fixation: opacity = 0
22.4585 	EXP 	window1: mouseVisible = False
22.4743 	EXP 	demo_fixation: opacity = 0
22.4750 	EXP 	window1: mouseVisible = False
22.4911 	EXP 	demo_fixation: opacity = 0
22.4919 	EXP 	window1: mouseVisible = False
22.5076 	EXP 	demo_fixation: opacity = 0
22.5083 	EXP 	window1: mouseVisible = False
22.5242 	EXP 	demo_fixation: opacity = 0
22.5249 	EXP 	window1: mouseVisible = False
22.5409 	EXP 	demo_fixation: opacity = 0
22.5417 	EXP 	window1: mouseVisible = False
22.5577 	EXP 	demo_fixation: opacity = 0
22.5585 	EXP 	window1: mouseVisible = False
22.5741 	EXP 	demo_fixation: opacity = 0
22.5749 	EXP 	window1: mouseVisible = False
22.5909 	EXP 	demo_fixation: opacity = 0
22.5917 	EXP 	window1: mouseVisible = False
22.6076 	EXP 	demo_fixation: opacity = 0
22.6084 	EXP 	window1: mouseVisible = False
22.6241 	EXP 	demo_fixation: opacity = 0
22.6248 	EXP 	window1: mouseVisible = False
22.6410 	EXP 	demo_fixation: opacity = 0
22.6421 	EXP 	window1: mouseVisible = False
22.6576 	EXP 	demo_fixation: opacity = 0
22.6594 	EXP 	window1: mouseVisible = False
22.6742 	EXP 	demo_fixation: opacity = 0
22.6755 	EXP 	window1: mouseVisible = False
22.6909 	EXP 	demo_fixation: opacity = 0
22.6922 	EXP 	window1: mouseVisible = False
22.7074 	EXP 	demo_fixation: opacity = 0
22.7087 	EXP 	window1: mouseVisible = False
22.7242 	EXP 	demo_fixation: opacity = 0
22.7254 	EXP 	window1: mouseVisible = False
22.7409 	EXP 	demo_fixation: opacity = 0
22.7422 	EXP 	window1: mouseVisible = False
22.7576 	EXP 	demo_fixation: opacity = 0
22.7588 	EXP 	window1: mouseVisible = False
22.7740 	EXP 	demo_fixation: opacity = 0
22.7756 	EXP 	window1: mouseVisible = False
22.7909 	EXP 	demo_fixation: opacity = 0
22.7921 	EXP 	window1: mouseVisible = False
22.8075 	EXP 	demo_fixation: opacity = 0
22.8087 	EXP 	window1: mouseVisible = False
22.8241 	EXP 	demo_fixation: opacity = 0
22.8257 	EXP 	window1: mouseVisible = False
22.8408 	EXP 	demo_fixation: opacity = 0
22.8428 	EXP 	window1: mouseVisible = False
22.8573 	EXP 	demo_fixation: opacity = 0
22.8585 	EXP 	window1: mouseVisible = False
22.8741 	EXP 	demo_fixation: opacity = 0
22.8753 	EXP 	window1: mouseVisible = False
22.8907 	EXP 	demo_fixation: opacity = 0
22.8920 	EXP 	window1: mouseVisible = False
22.9074 	EXP 	demo_fixation: opacity = 0
22.9099 	EXP 	window1: mouseVisible = False
22.9239 	EXP 	demo_fixation: opacity = 0
22.9254 	EXP 	window1: mouseVisible = False
22.9408 	EXP 	demo_fixation: opacity = 0
22.9421 	EXP 	window1: mouseVisible = False
22.9572 	EXP 	demo_fixation: opacity = 0
22.9585 	EXP 	window1: mouseVisible = False
22.9807 	EXP 	demo_fixation: opacity = 0
22.9807 	EXP 	demo_fixation: pos = array([-0.36481481,  0.25092593])
22.9807 	EXP 	demo_fixation: opacity = 1
22.9807 	EXP 	demo_enclosing_1: autoDraw = False
22.9807 	EXP 	demo_enclosing: autoDraw = False
22.9807 	EXP 	demo_target: autoDraw = False
22.9807 	EXP 	demo_fixation: autoDraw = False
22.9807 	EXP 	demo_fixation: opacity = 1
22.9807 	EXP 	demo_target_feedback: pos = array([-0.3,  0.3])
22.9807 	EXP 	demo_fixation_feedback: pos = array([-0.36481481,  0.25092593])
22.9807 	EXP 	demo_enclosing_feedback: autoDraw = True
22.9807 	EXP 	demo_target_feedback: autoDraw = True
22.9807 	EXP 	demo_fixation_feedback: autoDraw = True
23.4121 	DATA 	Mouse:  Left button up, pos=(500,850)
23.4762 	EXP 	New trial (rep=0, index=3): OrderedDict([('target_x', -0.3), ('target_y', -0.3), ('rotation', 0)])
23.4788 	EXP 	window1: mouseVisible = False
23.4914 	EXP 	demo_enclosing_feedback: autoDraw = False
23.4914 	EXP 	demo_target_feedback: autoDraw = False
23.4914 	EXP 	demo_fixation_feedback: autoDraw = False
23.4914 	EXP 	demo_target: pos = array([-0.3, -0.3])
23.4914 	EXP 	demo_fixation: pos = array([0., 0.])
23.4914 	EXP 	demo_fixation: opacity = 1
23.4914 	EXP 	demo_fixation: pos = [0, 0]
23.4914 	EXP 	demo_enclosing_1: autoDraw = True
23.4914 	EXP 	demo_enclosing: autoDraw = True
23.4914 	EXP 	demo_target: autoDraw = True
23.4914 	EXP 	demo_fixation: autoDraw = True
23.4914 	EXP 	demo_fixation: opacity = 1
23.4914 	EXP 	demo_fixation: pos = [0, 0]
23.4928 	EXP 	window1: mouseVisible = False
23.5068 	EXP 	demo_fixation: opacity = 1
23.5068 	EXP 	demo_fixation: pos = [0, 0]
23.5084 	EXP 	window1: mouseVisible = False
23.5234 	EXP 	demo_fixation: opacity = 1
23.5234 	EXP 	demo_fixation: pos = [0, 0]
23.5246 	EXP 	window1: mouseVisible = False
23.5400 	EXP 	demo_fixation: opacity = 1
23.5400 	EXP 	demo_fixation: pos = [0, 0]
23.5412 	EXP 	window1: mouseVisible = False
23.5567 	EXP 	demo_fixation: opacity = 1
23.5567 	EXP 	demo_fixation: pos = [0, 0]
23.5579 	EXP 	window1: mouseVisible = False
23.5733 	EXP 	demo_fixation: opacity = 1
23.5733 	EXP 	demo_fixation: pos = [0, 0]
23.5746 	EXP 	window1: mouseVisible = False
23.5901 	EXP 	demo_fixation: opacity = 1
23.5901 	EXP 	demo_fixation: pos = [0, 0]
23.5913 	EXP 	window1: mouseVisible = False
23.6066 	EXP 	demo_fixation: opacity = 1
23.6066 	EXP 	demo_fixation: pos = [0, 0]
23.6078 	EXP 	window1: mouseVisible = False
23.6235 	EXP 	demo_fixation: opacity = 1
23.6235 	EXP 	demo_fixation: pos = [0, 0]
23.6247 	EXP 	window1: mouseVisible = False
23.6399 	EXP 	demo_fixation: opacity = 1
23.6399 	EXP 	demo_fixation: pos = [0, 0]
23.6411 	EXP 	window1: mouseVisible = False
23.6567 	EXP 	demo_fixation: opacity = 1
23.6567 	EXP 	demo_fixation: pos = [0, 0]
23.6579 	EXP 	window1: mouseVisible = False
23.6732 	EXP 	demo_fixation: opacity = 1
23.6732 	EXP 	demo_fixation: pos = [0, 0]
23.6747 	EXP 	window1: mouseVisible = False
23.6898 	EXP 	demo_fixation: opacity = 1
23.6898 	EXP 	demo_fixation: pos = [0, 0]
23.6914 	EXP 	window1: mouseVisible = False
23.7066 	EXP 	demo_fixation: opacity = 1
23.7066 	EXP 	demo_fixation: pos = [0, 0]
23.7081 	EXP 	window1: mouseVisible = False
23.7232 	EXP 	demo_fixation: opacity = 1
23.7232 	EXP 	demo_fixation: pos = [0, 0]
23.7244 	EXP 	window1: mouseVisible = False
23.7398 	EXP 	demo_fixation: opacity = 1
23.7398 	EXP 	demo_fixation: pos = [0, 0]
23.7410 	EXP 	window1: mouseVisible = False
23.7566 	EXP 	demo_fixation: opacity = 1
23.7566 	EXP 	demo_fixation: pos = [0, 0]
23.7580 	EXP 	window1: mouseVisible = False
23.7731 	EXP 	demo_fixation: opacity = 1
23.7731 	EXP 	demo_fixation: pos = [0, 0]
23.7744 	EXP 	window1: mouseVisible = False
23.7898 	EXP 	demo_fixation: opacity = 1
23.7898 	EXP 	demo_fixation: pos = [0, 0]
23.7910 	EXP 	window1: mouseVisible = False
23.8065 	EXP 	demo_fixation: opacity = 1
23.8065 	EXP 	demo_fixation: pos = [0, 0]
23.8077 	EXP 	window1: mouseVisible = False
23.8232 	EXP 	demo_fixation: opacity = 1
23.8232 	EXP 	demo_fixation: pos = [0, 0]
23.8244 	EXP 	window1: mouseVisible = False
23.8398 	EXP 	demo_fixation: opacity = 1
23.8398 	EXP 	demo_fixation: pos = [0, 0]
23.8411 	EXP 	window1: mouseVisible = False
23.8565 	EXP 	demo_fixation: opacity = 1
23.8565 	EXP 	demo_fixation: pos = [0, 0]
23.8577 	EXP 	window1: mouseVisible = False
23.8732 	EXP 	demo_fixation: opacity = 1
23.8732 	EXP 	demo_fixation: pos = [0, 0]
23.8744 	EXP 	window1: mouseVisible = False
23.8897 	EXP 	demo_fixation: opacity = 1
23.8897 	EXP 	demo_fixation: pos = [0, 0]
23.8909 	EXP 	window1: mouseVisible = False
23.9063 	EXP 	demo_fixation: opacity = 1
23.9063 	EXP 	demo_fixation: pos = [0, 0]
23.9076 	EXP 	window1: mouseVisible = False
23.9229 	EXP 	demo_fixation: opacity = 1
23.9229 	EXP 	demo_fixation: pos = [0, 0]
23.9241 	EXP 	window1: mouseVisible = False
23.9397 	EXP 	demo_fixation: opacity = 1
23.9397 	EXP 	demo_fixation: pos = [0, 0]
23.9409 	EXP 	window1: mouseVisible = False
23.9562 	EXP 	demo_fixation: opacity = 1
23.9562 	EXP 	demo_fixation: pos = [0, 0]
23.9574 	EXP 	window1: mouseVisible = False
23.9730 	EXP 	demo_fixation: opacity = 1
23.9730 	EXP 	demo_fixation: pos = [0, 0]
23.9743 	EXP 	window1: mouseVisible = False
23.9898 	EXP 	demo_fixation: opacity = 1
23.9898 	EXP 	demo_fixation: pos = [0, 0]
23.9910 	EXP 	window1: mouseVisible = False
24.0064 	EXP 	demo_fixation: opacity = 1
24.0064 	EXP 	demo_fixation: pos = [0, 0]
24.0077 	EXP 	window1: mouseVisible = False
24.0229 	EXP 	demo_fixation: opacity = 1
24.0229 	EXP 	demo_fixation: pos = [0, 0]
24.0242 	EXP 	window1: mouseVisible = False
24.0395 	EXP 	demo_fixation: opacity = 1
24.0395 	EXP 	demo_fixation: pos = [0, 0]
24.0408 	EXP 	window1: mouseVisible = False
24.0562 	EXP 	demo_fixation: opacity = 1
24.0562 	EXP 	demo_fixation: pos = [0, 0]
24.0574 	EXP 	window1: mouseVisible = False
24.0730 	EXP 	demo_fixation: opacity = 1
24.0730 	EXP 	demo_fixation: pos = [0, 0]
24.0742 	EXP 	window1: mouseVisible = False
24.0895 	EXP 	demo_fixation: opacity = 1
24.0895 	EXP 	demo_fixation: pos = [0, 0]
24.0907 	EXP 	window1: mouseVisible = False
24.1064 	EXP 	demo_fixation: opacity = 1
24.1064 	EXP 	demo_fixation: pos = [0, 0]
24.1080 	EXP 	window1: mouseVisible = False
24.1229 	EXP 	demo_fixation: opacity = 1
24.1229 	EXP 	demo_fixation: pos = [0, 0]
24.1241 	EXP 	window1: mouseVisible = False
24.1396 	EXP 	demo_fixation: opacity = 1
24.1396 	EXP 	demo_fixation: pos = [0, 0]
24.1409 	EXP 	window1: mouseVisible = False
24.1562 	EXP 	demo_fixation: opacity = 1
24.1562 	EXP 	demo_fixation: pos = [0, 0]
24.1575 	EXP 	window1: mouseVisible = False
24.1728 	EXP 	demo_fixation: opacity = 1
24.1728 	EXP 	demo_fixation: pos = [0, 0]
24.1740 	EXP 	window1: mouseVisible = False
24.1894 	EXP 	demo_fixation: opacity = 1
24.1894 	EXP 	demo_fixation: pos = [0, 0]
24.1907 	EXP 	window1: mouseVisible = False
24.2061 	EXP 	demo_fixation: opacity = 1
24.2061 	EXP 	demo_fixation: pos = [0, 0]
24.2075 	EXP 	window1: mouseVisible = False
24.2228 	EXP 	demo_fixation: opacity = 1
24.2228 	EXP 	demo_fixation: pos = [0, 0]
24.2240 	EXP 	window1: mouseVisible = False
24.2394 	EXP 	demo_fixation: opacity = 1
24.2394 	EXP 	demo_fixation: pos = [0, 0]
24.2406 	EXP 	window1: mouseVisible = False
24.2560 	EXP 	demo_fixation: opacity = 1
24.2560 	EXP 	demo_fixation: pos = [0, 0]
24.2574 	EXP 	window1: mouseVisible = False
24.2728 	EXP 	demo_fixation: opacity = 1
24.2728 	EXP 	demo_fixation: pos = [0, 0]
24.2740 	EXP 	window1: mouseVisible = False
24.2894 	EXP 	demo_fixation: opacity = 1
24.2894 	EXP 	demo_fixation: pos = [0, 0]
24.2906 	EXP 	window1: mouseVisible = False
24.3061 	EXP 	demo_fixation: opacity = 1
24.3061 	EXP 	demo_fixation: pos = [0, 0]
24.3073 	EXP 	window1: mouseVisible = False
24.3226 	EXP 	demo_fixation: opacity = 1
24.3226 	EXP 	demo_fixation: pos = [0, 0]
24.3238 	EXP 	window1: mouseVisible = False
24.3394 	EXP 	demo_fixation: opacity = 1
24.3394 	EXP 	demo_fixation: pos = [0, 0]
24.3406 	EXP 	window1: mouseVisible = False
24.3560 	EXP 	demo_fixation: opacity = 1
24.3560 	EXP 	demo_fixation: pos = [0, 0]
24.3572 	EXP 	window1: mouseVisible = False
24.3726 	EXP 	demo_fixation: opacity = 1
24.3726 	EXP 	demo_fixation: pos = [0, 0]
24.3739 	EXP 	window1: mouseVisible = False
24.3892 	EXP 	demo_fixation: opacity = 1
24.3892 	EXP 	demo_fixation: pos = [0, 0]
24.3905 	EXP 	window1: mouseVisible = False
24.4059 	EXP 	demo_fixation: opacity = 1
24.4059 	EXP 	demo_fixation: pos = [0, 0]
24.4071 	EXP 	window1: mouseVisible = False
24.4226 	EXP 	demo_fixation: opacity = 1
24.4226 	EXP 	demo_fixation: pos = [0, 0]
24.4239 	EXP 	window1: mouseVisible = False
24.4392 	EXP 	demo_fixation: opacity = 1
24.4392 	EXP 	demo_fixation: pos = [0, 0]
24.4406 	EXP 	window1: mouseVisible = False
24.4558 	EXP 	demo_fixation: opacity = 1
24.4558 	EXP 	demo_fixation: pos = [0, 0]
24.4571 	EXP 	window1: mouseVisible = False
24.4725 	EXP 	demo_fixation: opacity = 1
24.4725 	EXP 	demo_fixation: pos = [0, 0]
24.4738 	EXP 	window1: mouseVisible = False
24.4891 	EXP 	demo_fixation: opacity = 1
24.4891 	EXP 	demo_fixation: pos = [0, 0]
24.4903 	EXP 	window1: mouseVisible = False
24.5058 	EXP 	demo_fixation: opacity = 1
24.5058 	EXP 	demo_fixation: pos = [0, 0]
24.5080 	EXP 	window1: mouseVisible = False
24.5225 	EXP 	demo_fixation: opacity = 1
24.5225 	EXP 	demo_fixation: pos = [0, 0]
24.5237 	EXP 	window1: mouseVisible = False
24.5391 	EXP 	demo_fixation: opacity = 1
24.5391 	EXP 	demo_fixation: pos = [0, 0]
24.5403 	EXP 	window1: mouseVisible = False
24.5558 	EXP 	demo_fixation: opacity = 1
24.5558 	EXP 	demo_fixation: pos = [0, 0]
24.5570 	EXP 	window1: mouseVisible = False
24.5723 	EXP 	demo_fixation: opacity = 1
24.5723 	EXP 	demo_fixation: pos = [0, 0]
24.5736 	EXP 	window1: mouseVisible = False
24.5889 	EXP 	demo_fixation: opacity = 1
24.5889 	EXP 	demo_fixation: pos = [0, 0]
24.5902 	EXP 	window1: mouseVisible = False
24.6058 	EXP 	demo_fixation: opacity = 1
24.6058 	EXP 	demo_fixation: pos = [0, 0]
24.6071 	EXP 	window1: mouseVisible = False
24.6222 	EXP 	demo_fixation: opacity = 1
24.6222 	EXP 	demo_fixation: pos = [0, 0]
24.6235 	EXP 	window1: mouseVisible = False
24.6391 	EXP 	demo_fixation: opacity = 1
24.6391 	EXP 	demo_fixation: pos = [0, 0]
24.6404 	EXP 	window1: mouseVisible = False
24.6557 	EXP 	demo_fixation: opacity = 1
24.6557 	EXP 	demo_fixation: pos = [0, 0]
24.6573 	EXP 	window1: mouseVisible = False
24.6723 	EXP 	demo_fixation: opacity = 1
24.6723 	EXP 	demo_fixation: pos = [0, 0]
24.6736 	EXP 	window1: mouseVisible = False
24.6889 	EXP 	demo_fixation: opacity = 1
24.6889 	EXP 	demo_fixation: pos = [0, 0]
24.6902 	EXP 	window1: mouseVisible = False
24.7057 	EXP 	demo_fixation: opacity = 1
24.7057 	EXP 	demo_fixation: pos = [0, 0]
24.7070 	EXP 	window1: mouseVisible = False
24.7223 	EXP 	demo_fixation: opacity = 1
24.7223 	EXP 	demo_fixation: pos = [0, 0]
24.7236 	EXP 	window1: mouseVisible = False
24.7391 	EXP 	demo_fixation: opacity = 1
24.7391 	EXP 	demo_fixation: pos = [0, 0]
24.7403 	EXP 	window1: mouseVisible = False
24.7557 	EXP 	demo_fixation: opacity = 1
24.7557 	EXP 	demo_fixation: pos = [0, 0]
24.7569 	EXP 	window1: mouseVisible = False
24.7722 	EXP 	demo_fixation: opacity = 1
24.7722 	EXP 	demo_fixation: pos = [0, 0]
24.7734 	EXP 	window1: mouseVisible = False
24.7890 	EXP 	demo_fixation: opacity = 1
24.7890 	EXP 	demo_fixation: pos = [0, 0]
24.7902 	EXP 	window1: mouseVisible = False
24.8056 	EXP 	demo_fixation: opacity = 1
24.8056 	EXP 	demo_fixation: pos = [0, 0]
24.8068 	EXP 	window1: mouseVisible = False
24.8224 	EXP 	demo_fixation: opacity = 1
24.8224 	EXP 	demo_fixation: pos = [0, 0]
24.8236 	EXP 	window1: mouseVisible = False
24.8389 	EXP 	demo_fixation: opacity = 1
24.8389 	EXP 	demo_fixation: pos = [0, 0]
24.8401 	EXP 	window1: mouseVisible = False
24.8556 	EXP 	demo_fixation: opacity = 1
24.8556 	EXP 	demo_fixation: pos = [0, 0]
24.8568 	EXP 	window1: mouseVisible = False
24.8722 	EXP 	demo_fixation: opacity = 1
24.8722 	EXP 	demo_fixation: pos = [0, 0]
24.8738 	EXP 	window1: mouseVisible = False
24.8888 	EXP 	demo_fixation: opacity = 1
24.8888 	EXP 	demo_fixation: pos = [0, 0]
24.8903 	EXP 	window1: mouseVisible = False
24.9055 	EXP 	demo_fixation: opacity = 1
24.9055 	EXP 	demo_fixation: pos = [0, 0]
24.9067 	EXP 	window1: mouseVisible = False
24.9221 	EXP 	demo_fixation: opacity = 1
24.9221 	EXP 	demo_fixation: pos = [0, 0]
24.9233 	EXP 	window1: mouseVisible = False
24.9388 	EXP 	demo_fixation: opacity = 1
24.9388 	EXP 	demo_fixation: pos = [0, 0]
24.9401 	EXP 	window1: mouseVisible = False
24.9554 	EXP 	demo_fixation: opacity = 1
24.9554 	EXP 	demo_fixation: pos = [0, 0]
24.9566 	EXP 	window1: mouseVisible = False
24.9720 	EXP 	demo_fixation: opacity = 1
24.9720 	EXP 	demo_fixation: pos = [0, 0]
24.9733 	EXP 	window1: mouseVisible = False
24.9888 	EXP 	demo_fixation: opacity = 1
24.9888 	EXP 	demo_fixation: pos = [0, 0]
24.9901 	EXP 	window1: mouseVisible = False
25.0054 	EXP 	demo_fixation: opacity = 1
25.0054 	EXP 	demo_fixation: pos = [0, 0]
25.0067 	EXP 	window1: mouseVisible = False
25.0220 	EXP 	demo_fixation: opacity = 1
25.0220 	EXP 	demo_fixation: pos = [0, 0]
25.0233 	EXP 	window1: mouseVisible = False
25.0386 	EXP 	demo_fixation: opacity = 1
25.0386 	EXP 	demo_fixation: pos = [0, 0]
25.0398 	EXP 	window1: mouseVisible = False
25.0554 	EXP 	demo_fixation: opacity = 1
25.0554 	EXP 	demo_fixation: pos = [0, 0]
25.0566 	EXP 	window1: mouseVisible = False
25.0720 	EXP 	demo_fixation: opacity = 1
25.0720 	EXP 	demo_fixation: pos = [0, 0]
25.0733 	EXP 	window1: mouseVisible = False
25.0886 	EXP 	demo_fixation: opacity = 1
25.0886 	EXP 	demo_fixation: pos = [0, 0]
25.0899 	EXP 	window1: mouseVisible = False
25.1053 	EXP 	demo_fixation: opacity = 1
25.1053 	EXP 	demo_fixation: pos = [0, 0]
25.1068 	EXP 	window1: mouseVisible = False
25.1218 	EXP 	demo_fixation: opacity = 1
25.1218 	EXP 	demo_fixation: pos = [0, 0]
25.1231 	EXP 	window1: mouseVisible = False
25.1387 	EXP 	demo_fixation: opacity = 1
25.1387 	EXP 	demo_fixation: pos = [0, 0]
25.1401 	EXP 	window1: mouseVisible = False
25.1552 	EXP 	demo_fixation: opacity = 1
25.1552 	EXP 	demo_fixation: pos = [0, 0]
25.1565 	EXP 	window1: mouseVisible = False
25.1718 	EXP 	demo_fixation: opacity = 1
25.1718 	EXP 	demo_fixation: pos = [0, 0]
25.1731 	EXP 	window1: mouseVisible = False
25.1885 	EXP 	demo_fixation: opacity = 1
25.1885 	EXP 	demo_fixation: pos = [0, 0]
25.1898 	EXP 	window1: mouseVisible = False
25.2051 	EXP 	demo_fixation: opacity = 1
25.2051 	EXP 	demo_fixation: pos = [0, 0]
25.2064 	EXP 	window1: mouseVisible = False
25.2226 	EXP 	demo_fixation: opacity = 1
25.2226 	EXP 	demo_fixation: pos = [0, 0]
25.2238 	EXP 	window1: mouseVisible = False
25.2386 	EXP 	demo_fixation: opacity = 1
25.2386 	EXP 	demo_fixation: pos = [0, 0]
25.2398 	EXP 	window1: mouseVisible = False
25.2551 	EXP 	demo_fixation: opacity = 1
25.2551 	EXP 	demo_fixation: pos = [0, 0]
25.2563 	EXP 	window1: mouseVisible = False
25.2718 	EXP 	demo_fixation: opacity = 1
25.2718 	EXP 	demo_fixation: pos = [0, 0]
25.2730 	EXP 	window1: mouseVisible = False
25.2885 	EXP 	demo_fixation: opacity = 1
25.2885 	EXP 	demo_fixation: pos = [0, 0]
25.2897 	EXP 	window1: mouseVisible = False
25.3050 	EXP 	demo_fixation: opacity = 1
25.3050 	EXP 	demo_fixation: pos = [0, 0]
25.3076 	EXP 	window1: mouseVisible = False
25.3216 	EXP 	demo_fixation: opacity = 1
25.3216 	EXP 	demo_fixation: pos = [0, 0]
25.3229 	EXP 	window1: mouseVisible = False
25.3384 	EXP 	demo_fixation: opacity = 1
25.3384 	EXP 	demo_fixation: pos = [0, 0]
25.3396 	EXP 	window1: mouseVisible = False
25.3551 	EXP 	demo_fixation: opacity = 1
25.3551 	EXP 	demo_fixation: pos = [0, 0]
25.3563 	EXP 	window1: mouseVisible = False
25.3717 	EXP 	demo_fixation: opacity = 1
25.3717 	EXP 	demo_fixation: pos = [0, 0]
25.3729 	EXP 	window1: mouseVisible = False
25.3884 	EXP 	demo_fixation: opacity = 1
25.3884 	EXP 	demo_fixation: pos = [0, 0]
25.3897 	EXP 	window1: mouseVisible = False
25.4050 	EXP 	demo_fixation: opacity = 1
25.4050 	EXP 	demo_fixation: pos = [0, 0]
25.4063 	EXP 	window1: mouseVisible = False
25.4216 	EXP 	demo_fixation: opacity = 1
25.4216 	EXP 	demo_fixation: pos = [0, 0]
25.4232 	EXP 	window1: mouseVisible = False
25.4383 	EXP 	demo_fixation: opacity = 1
25.4383 	EXP 	demo_fixation: pos = [0, 0]
25.4398 	EXP 	window1: mouseVisible = False
25.4549 	EXP 	demo_fixation: opacity = 1
25.4549 	EXP 	demo_fixation: pos = [0, 0]
25.4561 	EXP 	window1: mouseVisible = False
25.4715 	EXP 	demo_fixation: opacity = 1
25.4715 	EXP 	demo_fixation: pos = [0, 0]
25.4727 	EXP 	window1: mouseVisible = False
25.4883 	EXP 	demo_fixation: opacity = 1
25.4883 	EXP 	demo_fixation: pos = [0, 0]
25.4896 	EXP 	window1: mouseVisible = False
25.5049 	EXP 	demo_fixation: opacity = 1
25.5049 	EXP 	demo_fixation: pos = [0, 0]
25.5062 	EXP 	window1: mouseVisible = False
25.5215 	EXP 	demo_fixation: opacity = 1
25.5215 	EXP 	demo_fixation: pos = [0, 0]
25.5228 	EXP 	window1: mouseVisible = False
25.5382 	EXP 	demo_fixation: opacity = 1
25.5382 	EXP 	demo_fixation: pos = [0, 0]
25.5395 	EXP 	window1: mouseVisible = False
25.5548 	EXP 	demo_fixation: opacity = 1
25.5548 	EXP 	demo_fixation: pos = [0, 0]
25.5560 	EXP 	window1: mouseVisible = False
25.5715 	EXP 	demo_fixation: opacity = 1
25.5715 	EXP 	demo_fixation: pos = [0, 0]
25.5728 	EXP 	window1: mouseVisible = False
25.5880 	EXP 	demo_fixation: opacity = 1
25.5880 	EXP 	demo_fixation: pos = [0, 0]
25.5893 	EXP 	window1: mouseVisible = False
25.6049 	EXP 	demo_fixation: opacity = 1
25.6049 	EXP 	demo_fixation: pos = [0, 0]
25.6064 	EXP 	window1: mouseVisible = False
25.6214 	EXP 	demo_fixation: opacity = 1
25.6214 	EXP 	demo_fixation: pos = [0, 0]
25.6227 	EXP 	window1: mouseVisible = False
25.6381 	EXP 	demo_fixation: opacity = 1
25.6381 	EXP 	demo_fixation: pos = [0, 0]
25.6401 	EXP 	window1: mouseVisible = False
25.6548 	EXP 	demo_fixation: opacity = 1
25.6548 	EXP 	demo_fixation: pos = [0, 0]
25.6561 	EXP 	window1: mouseVisible = False
25.6714 	EXP 	demo_fixation: opacity = 1
25.6714 	EXP 	demo_fixation: pos = [0, 0]
25.6727 	EXP 	window1: mouseVisible = False
25.6880 	EXP 	demo_fixation: opacity = 1
25.6880 	EXP 	demo_fixation: pos = [0, 0]
25.6893 	EXP 	window1: mouseVisible = False
25.7047 	EXP 	demo_fixation: opacity = 1
25.7047 	EXP 	demo_fixation: pos = [0, 0]
25.7059 	EXP 	window1: mouseVisible = False
25.7211 	EXP 	demo_fixation: opacity = 1
25.7211 	EXP 	demo_fixation: pos = [0, 0]
25.7224 	EXP 	window1: mouseVisible = False
25.7380 	EXP 	demo_fixation: opacity = 1
25.7380 	EXP 	demo_fixation: pos = [0, 0]
25.7393 	EXP 	window1: mouseVisible = False
25.7551 	EXP 	demo_fixation: opacity = 1
25.7551 	EXP 	demo_fixation: pos = [0, 0]
25.7565 	EXP 	window1: mouseVisible = False
25.7713 	EXP 	demo_fixation: opacity = 1
25.7713 	EXP 	demo_fixation: pos = [0, 0]
25.7726 	EXP 	window1: mouseVisible = False
25.7880 	EXP 	demo_fixation: opacity = 1
25.7880 	EXP 	demo_fixation: pos = [0, 0]
25.7892 	EXP 	window1: mouseVisible = False
25.8047 	EXP 	demo_fixation: opacity = 1
25.8047 	EXP 	demo_fixation: pos = [0, 0]
25.8059 	EXP 	window1: mouseVisible = False
25.8213 	EXP 	demo_fixation: opacity = 1
25.8213 	EXP 	demo_fixation: pos = [0, 0]
25.8225 	EXP 	window1: mouseVisible = False
25.8378 	EXP 	demo_fixation: opacity = 1
25.8378 	EXP 	demo_fixation: pos = [0, 0]
25.8390 	EXP 	window1: mouseVisible = False
25.8544 	EXP 	demo_fixation: opacity = 1
25.8544 	EXP 	demo_fixation: pos = [0, 0]
25.8557 	EXP 	window1: mouseVisible = False
25.8712 	EXP 	demo_fixation: opacity = 1
25.8712 	EXP 	demo_fixation: pos = [0, 0]
25.8728 	EXP 	window1: mouseVisible = False
25.8945 	EXP 	demo_fixation: opacity = 1
25.8945 	EXP 	demo_fixation: pos = [0, 0]
25.8956 	EXP 	window1: mouseVisible = False
25.9191 	EXP 	demo_fixation: opacity = 1
25.9191 	EXP 	demo_fixation: pos = [0, 0]
25.9199 	EXP 	window1: mouseVisible = False
25.9382 	EXP 	demo_fixation: opacity = 1
25.9382 	EXP 	demo_fixation: pos = [0, 0]
25.9395 	EXP 	window1: mouseVisible = False
25.9545 	EXP 	demo_fixation: opacity = 1
25.9545 	EXP 	demo_fixation: pos = [0, 0]
25.9559 	EXP 	window1: mouseVisible = False
25.9711 	EXP 	demo_fixation: opacity = 1
25.9711 	EXP 	demo_fixation: pos = [0, 0]
25.9724 	EXP 	window1: mouseVisible = False
25.9877 	EXP 	demo_fixation: opacity = 1
25.9877 	EXP 	demo_fixation: pos = [0, 0]
25.9890 	EXP 	window1: mouseVisible = False
26.0045 	EXP 	demo_fixation: opacity = 1
26.0045 	EXP 	demo_fixation: pos = [0, 0]
26.0057 	EXP 	window1: mouseVisible = False
26.0211 	EXP 	demo_fixation: opacity = 1
26.0211 	EXP 	demo_fixation: pos = [0, 0]
26.0223 	EXP 	window1: mouseVisible = False
26.0378 	EXP 	demo_fixation: opacity = 1
26.0378 	EXP 	demo_fixation: pos = [0, 0]
26.0391 	EXP 	window1: mouseVisible = False
26.0544 	EXP 	demo_fixation: opacity = 1
26.0544 	EXP 	demo_fixation: pos = [0, 0]
26.0557 	EXP 	window1: mouseVisible = False
26.0710 	EXP 	demo_fixation: opacity = 1
26.0710 	EXP 	demo_fixation: pos = [0, 0]
26.0724 	EXP 	window1: mouseVisible = False
26.0877 	EXP 	demo_fixation: opacity = 1
26.0877 	EXP 	demo_fixation: pos = [0, 0]
26.0889 	EXP 	window1: mouseVisible = False
26.1044 	EXP 	demo_fixation: opacity = 1
26.1044 	EXP 	demo_fixation: pos = [0, 0]
26.1056 	EXP 	window1: mouseVisible = False
26.1211 	EXP 	demo_fixation: opacity = 1
26.1211 	EXP 	demo_fixation: pos = [0, 0]
26.1224 	EXP 	window1: mouseVisible = False
26.1378 	EXP 	demo_fixation: opacity = 1
26.1378 	EXP 	demo_fixation: pos = [0, 0]
26.1390 	EXP 	window1: mouseVisible = False
26.1543 	EXP 	demo_fixation: opacity = 1
26.1543 	EXP 	demo_fixation: pos = [0, 0]
26.1556 	EXP 	window1: mouseVisible = False
26.1709 	EXP 	demo_fixation: opacity = 1
26.1709 	EXP 	demo_fixation: pos = [0, 0]
26.1722 	EXP 	window1: mouseVisible = False
26.1876 	EXP 	demo_fixation: opacity = 1
26.1876 	EXP 	demo_fixation: pos = [0, 0]
26.1893 	EXP 	window1: mouseVisible = False
26.2043 	EXP 	demo_fixation: opacity = 1
26.2043 	EXP 	demo_fixation: pos = [0, 0]
26.2055 	EXP 	window1: mouseVisible = False
26.2211 	EXP 	demo_fixation: opacity = 1
26.2211 	EXP 	demo_fixation: pos = [0, 0]
26.2224 	EXP 	window1: mouseVisible = False
26.2375 	EXP 	demo_fixation: opacity = 1
26.2375 	EXP 	demo_fixation: pos = [0, 0]
26.2387 	EXP 	window1: mouseVisible = False
26.2542 	EXP 	demo_fixation: opacity = 1
26.2542 	EXP 	demo_fixation: pos = [0, 0]
26.2554 	EXP 	window1: mouseVisible = False
26.2713 	EXP 	demo_fixation: opacity = 1
26.2713 	EXP 	demo_fixation: pos = [0, 0]
26.2726 	EXP 	window1: mouseVisible = False
26.2875 	EXP 	demo_fixation: opacity = 1
26.2875 	EXP 	demo_fixation: pos = [0, 0]
26.2888 	EXP 	window1: mouseVisible = False
26.3041 	EXP 	demo_fixation: opacity = 1
26.3041 	EXP 	demo_fixation: pos = [0, 0]
26.3053 	EXP 	window1: mouseVisible = False
26.3207 	EXP 	demo_fixation: opacity = 1
26.3207 	EXP 	demo_fixation: pos = [0, 0]
26.3219 	EXP 	window1: mouseVisible = False
26.3375 	EXP 	demo_fixation: opacity = 1
26.3375 	EXP 	demo_fixation: pos = [0, 0]
26.3388 	EXP 	window1: mouseVisible = False
26.3541 	EXP 	demo_fixation: opacity = 1
26.3541 	EXP 	demo_fixation: pos = [0, 0]
26.3554 	EXP 	window1: mouseVisible = False
26.3709 	EXP 	demo_fixation: opacity = 1
26.3709 	EXP 	demo_fixation: pos = [0, 0]
26.3721 	EXP 	window1: mouseVisible = False
26.3874 	EXP 	demo_fixation: opacity = 1
26.3874 	EXP 	demo_fixation: pos = [0, 0]
26.3887 	EXP 	window1: mouseVisible = False
26.4041 	EXP 	demo_fixation: opacity = 1
26.4041 	EXP 	demo_fixation: pos = [0, 0]
26.4057 	EXP 	window1: mouseVisible = False
26.4207 	EXP 	demo_fixation: opacity = 1
26.4207 	EXP 	demo_fixation: pos = [0, 0]
26.4219 	EXP 	window1: mouseVisible = False
26.4374 	EXP 	demo_fixation: opacity = 1
26.4374 	EXP 	demo_fixation: pos = [0, 0]
26.4386 	EXP 	window1: mouseVisible = False
26.4540 	EXP 	demo_fixation: opacity = 1
26.4540 	EXP 	demo_fixation: pos = [0, 0]
26.4552 	EXP 	window1: mouseVisible = False
26.4705 	EXP 	demo_fixation: opacity = 1
26.4705 	EXP 	demo_fixation: pos = [0, 0]
26.4718 	EXP 	window1: mouseVisible = False
26.4873 	EXP 	demo_fixation: opacity = 1
26.4873 	EXP 	demo_fixation: pos = [0, 0]
26.4885 	EXP 	window1: mouseVisible = False
26.5039 	EXP 	demo_fixation: opacity = 1
26.5039 	EXP 	demo_fixation: pos = [0, 0]
26.5051 	EXP 	window1: mouseVisible = False
26.5205 	EXP 	demo_fixation: opacity = 1
26.5205 	EXP 	demo_fixation: pos = [0, 0]
26.5218 	EXP 	window1: mouseVisible = False
26.5373 	EXP 	demo_fixation: opacity = 1
26.5373 	EXP 	demo_fixation: pos = [0, 0]
26.5385 	EXP 	window1: mouseVisible = False
26.5540 	EXP 	demo_fixation: opacity = 1
26.5540 	EXP 	demo_fixation: pos = [0, 0]
26.5552 	EXP 	window1: mouseVisible = False
26.5705 	EXP 	demo_fixation: opacity = 1
26.5705 	EXP 	demo_fixation: pos = [0, 0]
26.5717 	EXP 	window1: mouseVisible = False
26.5872 	EXP 	demo_fixation: opacity = 1
26.5872 	EXP 	demo_fixation: pos = [0, 0]
26.5884 	EXP 	window1: mouseVisible = False
26.6038 	EXP 	demo_fixation: opacity = 1
26.6038 	EXP 	demo_fixation: pos = [0, 0]
26.6051 	EXP 	window1: mouseVisible = False
26.6205 	EXP 	demo_fixation: opacity = 1
26.6205 	EXP 	demo_fixation: pos = [0, 0]
26.6222 	EXP 	window1: mouseVisible = False
26.6372 	EXP 	demo_fixation: opacity = 1
26.6372 	EXP 	demo_fixation: pos = [0, 0]
26.6386 	EXP 	window1: mouseVisible = False
26.6538 	EXP 	demo_fixation: opacity = 1
26.6538 	EXP 	demo_fixation: pos = [0, 0]
26.6550 	EXP 	window1: mouseVisible = False
26.6705 	EXP 	demo_fixation: opacity = 1
26.6705 	EXP 	demo_fixation: pos = [0, 0]
26.6717 	EXP 	window1: mouseVisible = False
26.6871 	EXP 	demo_fixation: opacity = 1
26.6871 	EXP 	demo_fixation: pos = [0, 0]
26.6883 	EXP 	window1: mouseVisible = False
26.7038 	EXP 	demo_fixation: opacity = 1
26.7038 	EXP 	demo_fixation: pos = [0, 0]
26.7050 	EXP 	window1: mouseVisible = False
26.7205 	EXP 	demo_fixation: opacity = 1
26.7205 	EXP 	demo_fixation: pos = [0, 0]
26.7217 	EXP 	window1: mouseVisible = False
26.7370 	EXP 	demo_fixation: opacity = 1
26.7370 	EXP 	demo_fixation: pos = [0, 0]
26.7382 	EXP 	window1: mouseVisible = False
26.7538 	EXP 	demo_fixation: opacity = 1
26.7538 	EXP 	demo_fixation: pos = [0, 0]
26.7550 	EXP 	window1: mouseVisible = False
26.7705 	EXP 	demo_fixation: opacity = 1
26.7705 	EXP 	demo_fixation: pos = [0, 0]
26.7717 	EXP 	window1: mouseVisible = False
26.7870 	EXP 	demo_fixation: opacity = 1
26.7870 	EXP 	demo_fixation: pos = [0, 0]
26.7882 	EXP 	window1: mouseVisible = False
26.8037 	EXP 	demo_fixation: opacity = 1
26.8037 	EXP 	demo_fixation: pos = [0, 0]
26.8049 	EXP 	window1: mouseVisible = False
26.8204 	EXP 	demo_fixation: opacity = 1
26.8204 	EXP 	demo_fixation: pos = [0, 0]
26.8217 	EXP 	window1: mouseVisible = False
26.8369 	EXP 	demo_fixation: opacity = 1
26.8369 	EXP 	demo_fixation: pos = [0, 0]
26.8382 	EXP 	window1: mouseVisible = False
26.8535 	EXP 	demo_fixation: opacity = 1
26.8535 	EXP 	demo_fixation: pos = [0, 0]
26.8547 	EXP 	window1: mouseVisible = False
26.8702 	EXP 	demo_fixation: opacity = 1
26.8702 	EXP 	demo_fixation: pos = [0, 0]
26.8714 	EXP 	window1: mouseVisible = False
26.8868 	EXP 	demo_fixation: opacity = 1
26.8868 	EXP 	demo_fixation: pos = [0, 0]
26.8883 	EXP 	window1: mouseVisible = False
26.9037 	EXP 	demo_fixation: opacity = 1
26.9037 	EXP 	demo_fixation: pos = [0, 0]
26.9050 	EXP 	window1: mouseVisible = False
26.9204 	EXP 	demo_fixation: opacity = 1
26.9204 	EXP 	demo_fixation: pos = [0, 0]
26.9216 	EXP 	window1: mouseVisible = False
26.9369 	EXP 	demo_fixation: opacity = 1
26.9369 	EXP 	demo_fixation: pos = [0, 0]
26.9384 	EXP 	window1: mouseVisible = False
26.9535 	EXP 	demo_fixation: opacity = 1
26.9535 	EXP 	demo_fixation: pos = [0, 0]
26.9548 	EXP 	window1: mouseVisible = False
26.9701 	EXP 	demo_fixation: opacity = 1
26.9701 	EXP 	demo_fixation: pos = [0, 0]
26.9714 	EXP 	window1: mouseVisible = False
26.9868 	EXP 	demo_fixation: opacity = 1
26.9868 	EXP 	demo_fixation: pos = [0, 0]
26.9880 	EXP 	window1: mouseVisible = False
27.0035 	EXP 	demo_fixation: opacity = 1
27.0035 	EXP 	demo_fixation: pos = [0, 0]
27.0047 	EXP 	window1: mouseVisible = False
27.0202 	EXP 	demo_fixation: opacity = 1
27.0202 	EXP 	demo_fixation: pos = [0, 0]
27.0214 	EXP 	window1: mouseVisible = False
27.0367 	EXP 	demo_fixation: opacity = 1
27.0367 	EXP 	demo_fixation: pos = [0, 0]
27.0380 	EXP 	window1: mouseVisible = False
27.0534 	EXP 	demo_fixation: opacity = 1
27.0534 	EXP 	demo_fixation: pos = [0, 0]
27.0546 	EXP 	window1: mouseVisible = False
27.0701 	EXP 	demo_fixation: opacity = 1
27.0701 	EXP 	demo_fixation: pos = [0, 0]
27.0714 	EXP 	window1: mouseVisible = False
27.0868 	EXP 	demo_fixation: opacity = 1
27.0868 	EXP 	demo_fixation: pos = [0, 0]
27.0880 	EXP 	window1: mouseVisible = False
27.1034 	EXP 	demo_fixation: opacity = 1
27.1034 	EXP 	demo_fixation: pos = [0, 0]
27.1047 	EXP 	window1: mouseVisible = False
27.1201 	EXP 	demo_fixation: opacity = 1
27.1201 	EXP 	demo_fixation: pos = [0, 0]
27.1213 	EXP 	window1: mouseVisible = False
27.1366 	EXP 	demo_fixation: opacity = 1
27.1366 	EXP 	demo_fixation: pos = [0, 0]
27.1382 	EXP 	window1: mouseVisible = False
27.1535 	EXP 	demo_fixation: opacity = 1
27.1535 	EXP 	demo_fixation: pos = [0, 0]
27.1548 	EXP 	window1: mouseVisible = False
27.1698 	EXP 	demo_fixation: opacity = 1
27.1698 	EXP 	demo_fixation: pos = [0, 0]
27.1713 	EXP 	window1: mouseVisible = False
27.1867 	EXP 	demo_fixation: opacity = 1
27.1867 	EXP 	demo_fixation: pos = [0, 0]
27.1881 	EXP 	window1: mouseVisible = False
27.2034 	EXP 	demo_fixation: opacity = 1
27.2034 	EXP 	demo_fixation: pos = [0, 0]
27.2047 	EXP 	window1: mouseVisible = False
27.2200 	EXP 	demo_fixation: opacity = 1
27.2200 	EXP 	demo_fixation: pos = [0, 0]
27.2213 	EXP 	window1: mouseVisible = False
27.2366 	EXP 	demo_fixation: opacity = 1
27.2366 	EXP 	demo_fixation: pos = [0, 0]
27.2378 	EXP 	window1: mouseVisible = False
27.2533 	EXP 	demo_fixation: opacity = 1
27.2533 	EXP 	demo_fixation: pos = [0, 0]
27.2545 	EXP 	window1: mouseVisible = False
27.2699 	EXP 	demo_fixation: opacity = 1
27.2699 	EXP 	demo_fixation: pos = [0, 0]
27.2711 	EXP 	window1: mouseVisible = False
27.2866 	EXP 	demo_fixation: opacity = 1
27.2866 	EXP 	demo_fixation: pos = [0, 0]
27.2878 	EXP 	window1: mouseVisible = False
27.3032 	EXP 	demo_fixation: opacity = 1
27.3032 	EXP 	demo_fixation: pos = [0, 0]
27.3044 	EXP 	window1: mouseVisible = False
27.3199 	EXP 	demo_fixation: opacity = 1
27.3199 	EXP 	demo_fixation: pos = [0, 0]
27.3212 	EXP 	window1: mouseVisible = False
27.3366 	EXP 	demo_fixation: opacity = 1
27.3366 	EXP 	demo_fixation: pos = [0, 0]
27.3381 	EXP 	window1: mouseVisible = False
27.3531 	EXP 	demo_fixation: opacity = 1
27.3531 	EXP 	demo_fixation: pos = [0, 0]
27.3543 	EXP 	window1: mouseVisible = False
27.3699 	EXP 	demo_fixation: opacity = 1
27.3699 	EXP 	demo_fixation: pos = [0, 0]
27.3712 	EXP 	window1: mouseVisible = False
27.3864 	EXP 	demo_fixation: opacity = 1
27.3864 	EXP 	demo_fixation: pos = [0, 0]
27.3876 	EXP 	window1: mouseVisible = False
27.4031 	EXP 	demo_fixation: opacity = 1
27.4031 	EXP 	demo_fixation: pos = [0, 0]
27.4043 	EXP 	window1: mouseVisible = False
27.4197 	EXP 	demo_fixation: opacity = 1
27.4197 	EXP 	demo_fixation: pos = [0, 0]
27.4209 	EXP 	window1: mouseVisible = False
27.4364 	EXP 	demo_fixation: opacity = 1
27.4364 	EXP 	demo_fixation: pos = [0, 0]
27.4377 	EXP 	window1: mouseVisible = False
27.4531 	EXP 	demo_fixation: opacity = 1
27.4531 	EXP 	demo_fixation: pos = [0, 0]
27.4543 	EXP 	window1: mouseVisible = False
27.4697 	EXP 	demo_fixation: opacity = 1
27.4697 	EXP 	demo_fixation: pos = [0, 0]
27.4709 	EXP 	window1: mouseVisible = False
27.4864 	EXP 	demo_fixation: opacity = 1
27.4864 	EXP 	demo_fixation: pos = [0, 0]
27.4878 	EXP 	window1: mouseVisible = False
27.5030 	EXP 	demo_fixation: opacity = 1
27.5030 	EXP 	demo_fixation: pos = [0, 0]
27.5042 	EXP 	window1: mouseVisible = False
27.5197 	EXP 	demo_fixation: opacity = 1
27.5197 	EXP 	demo_fixation: pos = [0, 0]
27.5209 	EXP 	window1: mouseVisible = False
27.5363 	EXP 	demo_fixation: opacity = 1
27.5363 	EXP 	demo_fixation: pos = [0, 0]
27.5376 	EXP 	window1: mouseVisible = False
27.5531 	EXP 	demo_fixation: opacity = 1
27.5531 	EXP 	demo_fixation: pos = [0, 0]
27.5543 	EXP 	window1: mouseVisible = False
27.5695 	EXP 	demo_fixation: opacity = 1
27.5695 	EXP 	demo_fixation: pos = [0, 0]
27.5707 	EXP 	window1: mouseVisible = False
27.5861 	EXP 	demo_fixation: opacity = 1
27.5861 	EXP 	demo_fixation: pos = [0, 0]
27.5874 	EXP 	window1: mouseVisible = False
27.6030 	EXP 	demo_fixation: opacity = 1
27.6030 	EXP 	demo_fixation: pos = [0, 0]
27.6042 	EXP 	window1: mouseVisible = False
27.6196 	EXP 	demo_fixation: opacity = 1
27.6196 	EXP 	demo_fixation: pos = [0, 0]
27.6208 	EXP 	window1: mouseVisible = False
27.6363 	EXP 	demo_fixation: opacity = 1
27.6363 	EXP 	demo_fixation: pos = [0, 0]
27.6375 	EXP 	window1: mouseVisible = False
27.6527 	EXP 	demo_fixation: opacity = 1
27.6527 	EXP 	demo_fixation: pos = [0, 0]
27.6539 	EXP 	window1: mouseVisible = False
27.6696 	EXP 	demo_fixation: opacity = 1
27.6696 	EXP 	demo_fixation: pos = [0, 0]
27.6708 	EXP 	window1: mouseVisible = False
27.6862 	EXP 	demo_fixation: opacity = 1
27.6862 	EXP 	demo_fixation: pos = [0, 0]
27.6875 	EXP 	window1: mouseVisible = False
27.7029 	EXP 	demo_fixation: opacity = 1
27.7029 	EXP 	demo_fixation: pos = [0, 0]
27.7043 	EXP 	window1: mouseVisible = False
27.7194 	EXP 	demo_fixation: opacity = 1
27.7194 	EXP 	demo_fixation: pos = [0, 0]
27.7215 	EXP 	window1: mouseVisible = False
27.7362 	EXP 	demo_fixation: opacity = 1
27.7362 	EXP 	demo_fixation: pos = [0, 0]
27.7375 	EXP 	window1: mouseVisible = False
27.7528 	EXP 	demo_fixation: opacity = 1
27.7528 	EXP 	demo_fixation: pos = [0, 0]
27.7542 	EXP 	window1: mouseVisible = False
27.7694 	EXP 	demo_fixation: opacity = 1
27.7694 	EXP 	demo_fixation: pos = [0, 0]
27.7706 	EXP 	window1: mouseVisible = False
27.7860 	EXP 	demo_fixation: opacity = 1
27.7860 	EXP 	demo_fixation: pos = [0, 0]
27.7873 	EXP 	window1: mouseVisible = False
27.8027 	EXP 	demo_fixation: opacity = 1
27.8027 	EXP 	demo_fixation: pos = [0, 0]
27.8041 	EXP 	window1: mouseVisible = False
27.8193 	EXP 	demo_fixation: opacity = 1
27.8193 	EXP 	demo_fixation: pos = [0, 0]
27.8212 	DATA 	Mouse: Left button down, pos=(960,540)
27.8223 	EXP 	window1: mouseVisible = False
27.8360 	EXP 	demo_fixation: opacity = 0
27.8367 	EXP 	window1: mouseVisible = False
27.8528 	EXP 	demo_fixation: opacity = 0
27.8535 	EXP 	window1: mouseVisible = False
27.8692 	EXP 	demo_fixation: opacity = 0
27.8699 	EXP 	window1: mouseVisible = False
27.8858 	EXP 	demo_fixation: opacity = 0
27.8866 	EXP 	window1: mouseVisible = False
27.9028 	EXP 	demo_fixation: opacity = 0
27.9035 	EXP 	window1: mouseVisible = False
27.9200 	EXP 	demo_fixation: opacity = 0
27.9207 	EXP 	window1: mouseVisible = False
27.9359 	EXP 	demo_fixation: opacity = 0
27.9367 	EXP 	window1: mouseVisible = False
27.9526 	EXP 	demo_fixation: opacity = 0
27.9533 	EXP 	window1: mouseVisible = False
27.9693 	EXP 	demo_fixation: opacity = 0
27.9701 	EXP 	window1: mouseVisible = False
27.9859 	EXP 	demo_fixation: opacity = 0
27.9866 	EXP 	window1: mouseVisible = False
28.0026 	EXP 	demo_fixation: opacity = 0
28.0033 	EXP 	window1: mouseVisible = False
28.0191 	EXP 	demo_fixation: opacity = 0
28.0199 	EXP 	window1: mouseVisible = False
28.0358 	EXP 	demo_fixation: opacity = 0
28.0365 	EXP 	window1: mouseVisible = False
28.0526 	EXP 	demo_fixation: opacity = 0
28.0533 	EXP 	window1: mouseVisible = False
28.0691 	EXP 	demo_fixation: opacity = 0
28.0699 	EXP 	window1: mouseVisible = False
28.0860 	EXP 	demo_fixation: opacity = 0
28.0874 	EXP 	window1: mouseVisible = False
28.1023 	EXP 	demo_fixation: opacity = 0
28.1035 	EXP 	window1: mouseVisible = False
28.1192 	EXP 	demo_fixation: opacity = 0
28.1205 	EXP 	window1: mouseVisible = False
28.1357 	EXP 	demo_fixation: opacity = 0
28.1372 	EXP 	window1: mouseVisible = False
28.1525 	EXP 	demo_fixation: opacity = 0
28.1539 	EXP 	window1: mouseVisible = False
28.1690 	EXP 	demo_fixation: opacity = 0
28.1703 	EXP 	window1: mouseVisible = False
28.1859 	EXP 	demo_fixation: opacity = 0
28.1875 	EXP 	window1: mouseVisible = False
28.2024 	EXP 	demo_fixation: opacity = 0
28.2036 	EXP 	window1: mouseVisible = False
28.2194 	EXP 	demo_fixation: opacity = 0
28.2207 	EXP 	window1: mouseVisible = False
28.2357 	EXP 	demo_fixation: opacity = 0
28.2370 	EXP 	window1: mouseVisible = False
28.2522 	EXP 	demo_fixation: opacity = 0
28.2541 	EXP 	window1: mouseVisible = False
28.2694 	EXP 	demo_fixation: opacity = 0
28.2707 	EXP 	window1: mouseVisible = False
28.2857 	EXP 	demo_fixation: opacity = 0
28.2869 	EXP 	window1: mouseVisible = False
28.3023 	EXP 	demo_fixation: opacity = 0
28.3035 	EXP 	window1: mouseVisible = False
28.3190 	EXP 	demo_fixation: opacity = 0
28.3207 	EXP 	window1: mouseVisible = False
28.3361 	EXP 	demo_fixation: opacity = 0
28.3373 	EXP 	window1: mouseVisible = False
28.3523 	EXP 	demo_fixation: opacity = 0
28.3535 	EXP 	window1: mouseVisible = False
28.3689 	EXP 	demo_fixation: opacity = 0
28.3701 	EXP 	window1: mouseVisible = False
28.3855 	EXP 	demo_fixation: opacity = 0
28.3870 	EXP 	window1: mouseVisible = False
28.4022 	EXP 	demo_fixation: opacity = 0
28.4035 	EXP 	window1: mouseVisible = False
28.4324 	EXP 	demo_fixation: opacity = 0
28.4324 	EXP 	demo_fixation: pos = array([-0.3462963 , -0.27685185])
28.4324 	EXP 	demo_fixation: opacity = 1
28.4324 	EXP 	demo_enclosing_1: autoDraw = False
28.4324 	EXP 	demo_enclosing: autoDraw = False
28.4324 	EXP 	demo_target: autoDraw = False
28.4324 	EXP 	demo_fixation: autoDraw = False
28.4324 	EXP 	demo_fixation: opacity = 1
28.4324 	EXP 	demo_target_feedback: pos = array([-0.3, -0.3])
28.4324 	EXP 	demo_fixation_feedback: pos = array([-0.3462963 , -0.27685185])
28.4324 	EXP 	demo_enclosing_feedback: autoDraw = True
28.4324 	EXP 	demo_target_feedback: autoDraw = True
28.4324 	EXP 	demo_fixation_feedback: autoDraw = True
28.8897 	DATA 	Mouse:  Left button up, pos=(506,186)
28.9235 	EXP 	New trial (rep=1, index=0): None
28.9357 	EXP 	demo_enclosing_feedback: autoDraw = False
28.9357 	EXP 	demo_target_feedback: autoDraw = False
28.9357 	EXP 	demo_fixation_feedback: autoDraw = False
28.9357 	EXP 	demo_enclosing_feedback: autoDraw = False
28.9357 	EXP 	demo_target_feedback: autoDraw = False
28.9357 	EXP 	demo_fixation_feedback: autoDraw = False
28.9357 	EXP 	text: autoDraw = True
31.0019 	DATA 	Keypress: escape
31.3004 	EXP 	window1: mouseVisible = True
