3.3847 	WARNING 	We strongly recommend you activate the PTB sound engine in PsychoPy prefs as the preferred audio engine. Its timing is vastly superior. Your prefs are currently set to use ['sounddevice', 'PTB', 'pyo', 'pygame'] (in that order).
22.0006 	WARNING 	Couldn't measure a consistent frame rate.
  - Is your graphics card set to sync to vertical blank?
  - Are you running other processes on your computer?

22.0032 	EXP 	Created window1 = Window(allowGUI=False, allowStencil=False, args=UNKNOWN, autoLog=True, bitsMode=UNKNOWN, blendMode='avg', bpc=(8, 8, 8), color=array([0., 0., 0.]), colorSpace='rgb', depthBits=8, fullscr=<method-wrapper '__getattribute__' of attributeSetter object at 0x00000121F29DC278>, gamma=None, gammaErrorPolicy='raise', kwargs=UNKNOWN, lms=UNKNOWN, monitor=<psychopy.monitors.calibTools.Monitor object at 0x00000121F28B82B0>, multiSample=False, name='window1', numSamples=2, pos=[0.0, 0.0], screen=0, size=array([1920, 1080]), stencilBits=0, stereo=False, units='height', useFBO=True, useRetina=False, viewOri=0.0, viewPos=None, viewScale=None, waitBlanking=True, winType='pyglet')
22.0048 	EXP 	window1: mouseVisible = True
22.0050 	EXP 	window1: recordFrameIntervals = False
22.1635 	EXP 	window1: recordFrameIntervals = True
22.2537 	WARNING 	t of last frame was 20.24ms (=1/49)
22.3541 	WARNING 	t of last frame was 22.90ms (=1/43)
22.4594 	WARNING 	t of last frame was 28.91ms (=1/34)
22.4852 	WARNING 	t of last frame was 21.71ms (=1/46)
22.5359 	WARNING 	Multiple dropped frames have occurred - I'll stop bothering you about them!
23.8843 	WARNING 	Couldn't measure a consistent frame rate.
  - Is your graphics card set to sync to vertical blank?
  - Are you running other processes on your computer?

24.3343 	EXP 	Created Welcome = TextStim(__class__=<class 'psychopy.visual.text.TextStim'>, alignHoriz=method-wrapper(...), alignText='center', alignVert=method-wrapper(...), anchorHoriz='center', anchorVert='center', antialias=True, autoLog=True, bold=False, color='white', colorSpace='named', contrast=1.0, depth=0.0, flipHoriz=False, flipVert=False, font='Arial', fontFiles=[], height=0.04, italic=False, languageStyle='LTR', name='Welcome', opacity=1.0, ori=0, pos=array([0., 0.]), rgb=array([255., 255., 255.]), text=str(...), units='height', win=Window(...), wrapWidth=1)
24.3344 	EXP 	window1: mouseVisible = True
24.3506 	EXP 	Created text = TextStim(__class__=<class 'psychopy.visual.text.TextStim'>, alignHoriz=method-wrapper(...), alignText='center', alignVert=method-wrapper(...), anchorHoriz='center', anchorVert='center', antialias=True, autoLog=True, bold=False, color='white', colorSpace='named', contrast=1.0, depth=0.0, flipHoriz=False, flipVert=False, font='Arial', fontFiles=[], height=0.04, italic=False, languageStyle='LTR', name='text', opacity=1.0, ori=0, pos=array([0., 0.]), rgb=array([255., 255., 255.]), text=str(...), units='height', win=Window(...), wrapWidth=1)
24.3508 	EXP 	window1: mouseVisible = True
24.3601 	EXP 	Created demo_enclosing_1 = Polygon(__class__=<class 'psychopy.visual.polygon.Polygon'>, autoDraw=False, autoLog=True, closeShape=True, color=method-wrapper(...), colorSpace=None, contrast=1.0, depth=-1.0, fillColor=array([0., 0., 0.]), fillColorSpace='rgb', fillRGB=array([0., 0., 0.]), interpolate=True, lineColor=array([-1., -1., -1.]), lineColorSpace='rgb', lineRGB=array([-1., -1., -1.]), lineWidth=1, name='demo_enclosing_1', opacity=1.0, ori=array(0.), pos=array([0., 0.]), size=array([0.89, 0.89]), units='height', vertices=ndarray(...), win=Window(...))
24.3642 	EXP 	Created demo_enclosing = Polygon(__class__=<class 'psychopy.visual.polygon.Polygon'>, autoDraw=False, autoLog=True, closeShape=True, color=method-wrapper(...), colorSpace=None, contrast=1.0, depth=-2.0, fillColor=array([0., 0., 0.]), fillColorSpace='rgb', fillRGB=array([0., 0., 0.]), interpolate=True, lineColor=array([-1., -1., -1.]), lineColorSpace='rgb', lineRGB=array([-1., -1., -1.]), lineWidth=1, name='demo_enclosing', opacity=1.0, ori=array(0.), pos=array([0., 0.]), size=array([0.8, 0.8]), units='height', vertices=ndarray(...), win=Window(...))
24.3662 	EXP 	Created demo_target = ShapeStim(__class__=<class 'psychopy.visual.shape.ShapeStim'>, autoDraw=False, autoLog=True, closeShape=True, contrast=1.0, depth=-3.0, fillColor=array([1., 1., 1.]), fillColorSpace='rgb', interpolate=True, lineColor=array([1., 1., 1.]), lineColorSpace='rgb', lineWidth=1, name='demo_target', opacity=1.0, ori=array(45.), pos=array([0., 0.]), size=array([0.05, 0.05]), units='height', vertices=ndarray(...), win=Window(...), windingRule=None)
24.3691 	EXP 	Created demo_fixation = Polygon(__class__=<class 'psychopy.visual.polygon.Polygon'>, autoDraw=False, autoLog=True, closeShape=True, color=method-wrapper(...), colorSpace=None, contrast=1.0, depth=-4.0, fillColor=array([1., 0., 0.]), fillColorSpace='rgb', fillRGB=array([1., 0., 0.]), interpolate=True, lineColor=array([1., 0., 0.]), lineColorSpace='rgb', lineRGB=array([1., 0., 0.]), lineWidth=1, name='demo_fixation', opacity=1.0, ori=array(0.), pos=array([0., 0.]), size=array([0.025, 0.025]), units='height', vertices=ndarray(...), win=Window(...))
24.3692 	EXP 	window1: mouseVisible = True
24.3793 	EXP 	Created demo_enclosing_feedback_1 = Polygon(__class__=<class 'psychopy.visual.polygon.Polygon'>, autoDraw=False, autoLog=True, closeShape=True, color=method-wrapper(...), colorSpace=None, contrast=1.0, depth=0.0, fillColor=array([0., 0., 0.]), fillColorSpace='rgb', fillRGB=array([0., 0., 0.]), interpolate=True, lineColor=array([-1., -1., -1.]), lineColorSpace='rgb', lineRGB=array([-1., -1., -1.]), lineWidth=1, name='demo_enclosing_feedback_1', opacity=1.0, ori=array(0.), pos=array([0., 0.]), size=array([0.9, 0.9]), units='height', vertices=ndarray(...), win=Window(...))
24.3874 	EXP 	Created demo_enclosing_feedback = Polygon(__class__=<class 'psychopy.visual.polygon.Polygon'>, autoDraw=False, autoLog=True, closeShape=True, color=method-wrapper(...), colorSpace=None, contrast=1.0, depth=-1.0, fillColor=array([0., 0., 0.]), fillColorSpace='rgb', fillRGB=array([0., 0., 0.]), interpolate=True, lineColor=array([-1., -1., -1.]), lineColorSpace='rgb', lineRGB=array([-1., -1., -1.]), lineWidth=1, name='demo_enclosing_feedback', opacity=1.0, ori=array(0.), pos=array([0., 0.]), size=array([0.79, 0.79]), units='height', vertices=ndarray(...), win=Window(...))
24.3914 	EXP 	Created demo_target_feedback = ShapeStim(__class__=<class 'psychopy.visual.shape.ShapeStim'>, autoDraw=False, autoLog=True, closeShape=True, contrast=1.0, depth=-2.0, fillColor=array([1., 1., 1.]), fillColorSpace='rgb', interpolate=True, lineColor=array([1., 1., 1.]), lineColorSpace='rgb', lineWidth=1, name='demo_target_feedback', opacity=1.0, ori=array(45.), pos=array([0., 0.]), size=array([0.05, 0.05]), units='height', vertices=ndarray(...), win=Window(...), windingRule=None)
24.3965 	EXP 	Created demo_fixation_feedback = Polygon(__class__=<class 'psychopy.visual.polygon.Polygon'>, autoDraw=False, autoLog=True, closeShape=True, color=method-wrapper(...), colorSpace=None, contrast=1.0, depth=-3.0, fillColor=array([1., 0., 0.]), fillColorSpace='rgb', fillRGB=array([1., 0., 0.]), interpolate=True, lineColor=array([1., 0., 0.]), lineColorSpace='rgb', lineRGB=array([1., 0., 0.]), lineWidth=1, name='demo_fixation_feedback', opacity=1.0, ori=array(0.), pos=array([0., 0.]), size=array([0.025, 0.025]), units='height', vertices=ndarray(...), win=Window(...))
24.4108 	EXP 	Created demo_score_text = TextStim(__class__=<class 'psychopy.visual.text.TextStim'>, alignHoriz=method-wrapper(...), alignText='center', alignVert=method-wrapper(...), anchorHoriz='center', anchorVert='center', antialias=True, autoLog=True, bold=False, color='green', colorSpace='named', contrast=1.0, depth=-5.0, flipHoriz=False, flipVert=False, font='Arial', fontFiles=[], height=0.04, italic=False, languageStyle='LTR', name='demo_score_text', opacity=1.0, ori=0, pos=array([0.4, 0.4]), rgb=array([  0., 128.,   0.]), text='default text', units='height', win=Window(...), wrapWidth=1)
24.4346 	EXP 	Created text_3 = TextStim(__class__=<class 'psychopy.visual.text.TextStim'>, alignHoriz=method-wrapper(...), alignText='center', alignVert=method-wrapper(...), anchorHoriz='center', anchorVert='center', antialias=True, autoLog=True, bold=False, color='white', colorSpace='named', contrast=1.0, depth=0.0, flipHoriz=False, flipVert=False, font='Arial', fontFiles=[], height=0.04, italic=False, languageStyle='LTR', name='text_3', opacity=1.0, ori=0, pos=array([0., 0.]), rgb=array([255., 255., 255.]), text=str(...), units='height', win=Window(...), wrapWidth=1)
24.4348 	EXP 	window1: mouseVisible = True
24.4440 	EXP 	Created baseline_enclosing_1 = Polygon(__class__=<class 'psychopy.visual.polygon.Polygon'>, autoDraw=False, autoLog=True, closeShape=True, color=method-wrapper(...), colorSpace=None, contrast=1.0, depth=-1.0, fillColor=array([0., 0., 0.]), fillColorSpace='rgb', fillRGB=array([0., 0., 0.]), interpolate=True, lineColor=array([-1., -1., -1.]), lineColorSpace='rgb', lineRGB=array([-1., -1., -1.]), lineWidth=1, name='baseline_enclosing_1', opacity=1.0, ori=array(0.), pos=array([0., 0.]), size=array([0.89, 0.89]), units='height', vertices=ndarray(...), win=Window(...))
24.4540 	EXP 	Created baseline_enclosing = Polygon(__class__=<class 'psychopy.visual.polygon.Polygon'>, autoDraw=False, autoLog=True, closeShape=True, color=method-wrapper(...), colorSpace=None, contrast=1.0, depth=-2.0, fillColor=array([0., 0., 0.]), fillColorSpace='rgb', fillRGB=array([0., 0., 0.]), interpolate=True, lineColor=array([-1., -1., -1.]), lineColorSpace='rgb', lineRGB=array([-1., -1., -1.]), lineWidth=1, name='baseline_enclosing', opacity=1.0, ori=array(0.), pos=array([0., 0.]), size=array([0.8, 0.8]), units='height', vertices=ndarray(...), win=Window(...))
24.4597 	EXP 	Created baseline_target = ShapeStim(__class__=<class 'psychopy.visual.shape.ShapeStim'>, autoDraw=False, autoLog=True, closeShape=True, contrast=1.0, depth=-3.0, fillColor=array([1., 1., 1.]), fillColorSpace='rgb', interpolate=True, lineColor=array([1., 1., 1.]), lineColorSpace='rgb', lineWidth=1, name='baseline_target', opacity=1.0, ori=array(45.), pos=array([0., 0.]), size=array([0.05, 0.05]), units='height', vertices=ndarray(...), win=Window(...), windingRule=None)
24.4641 	EXP 	Created baseline_fixation = Polygon(__class__=<class 'psychopy.visual.polygon.Polygon'>, autoDraw=False, autoLog=True, closeShape=True, color=method-wrapper(...), colorSpace=None, contrast=1.0, depth=-4.0, fillColor=array([1., 0., 0.]), fillColorSpace='rgb', fillRGB=array([1., 0., 0.]), interpolate=True, lineColor=array([1., 0., 0.]), lineColorSpace='rgb', lineRGB=array([1., 0., 0.]), lineWidth=1, name='baseline_fixation', opacity=1.0, ori=array(0.), pos=array([0., 0.]), size=array([0.025, 0.025]), units='height', vertices=ndarray(...), win=Window(...))
24.4643 	EXP 	window1: mouseVisible = True
24.4749 	EXP 	Created baseline_enclosing_feedback_1 = Polygon(__class__=<class 'psychopy.visual.polygon.Polygon'>, autoDraw=False, autoLog=True, closeShape=True, color=method-wrapper(...), colorSpace=None, contrast=1.0, depth=0.0, fillColor=array([0., 0., 0.]), fillColorSpace='rgb', fillRGB=array([0., 0., 0.]), interpolate=True, lineColor=array([-1., -1., -1.]), lineColorSpace='rgb', lineRGB=array([-1., -1., -1.]), lineWidth=1, name='baseline_enclosing_feedback_1', opacity=1.0, ori=array(0.), pos=array([0., 0.]), size=array([0.9, 0.9]), units='height', vertices=ndarray(...), win=Window(...))
24.4839 	EXP 	Created baseline_enclosing_feedback = Polygon(__class__=<class 'psychopy.visual.polygon.Polygon'>, autoDraw=False, autoLog=True, closeShape=True, color=method-wrapper(...), colorSpace=None, contrast=1.0, depth=-1.0, fillColor=array([0., 0., 0.]), fillColorSpace='rgb', fillRGB=array([0., 0., 0.]), interpolate=True, lineColor=array([-1., -1., -1.]), lineColorSpace='rgb', lineRGB=array([-1., -1., -1.]), lineWidth=1, name='baseline_enclosing_feedback', opacity=1.0, ori=array(0.), pos=array([0., 0.]), size=array([0.8, 0.8]), units='height', vertices=ndarray(...), win=Window(...))
24.4862 	EXP 	Created baseline_target_feedback = ShapeStim(__class__=<class 'psychopy.visual.shape.ShapeStim'>, autoDraw=False, autoLog=True, closeShape=True, contrast=1.0, depth=-2.0, fillColor=array([1., 1., 1.]), fillColorSpace='rgb', interpolate=True, lineColor=array([1., 1., 1.]), lineColorSpace='rgb', lineWidth=1, name='baseline_target_feedback', opacity=1.0, ori=array(45.), pos=array([0., 0.]), size=array([0.05, 0.05]), units='height', vertices=ndarray(...), win=Window(...), windingRule=None)
24.4913 	EXP 	Created baseline_fixation_feedback = Polygon(__class__=<class 'psychopy.visual.polygon.Polygon'>, autoDraw=False, autoLog=True, closeShape=True, color=method-wrapper(...), colorSpace=None, contrast=1.0, depth=-3.0, fillColor=array([1., 0., 0.]), fillColorSpace='rgb', fillRGB=array([1., 0., 0.]), interpolate=True, lineColor=array([1., 0., 0.]), lineColorSpace='rgb', lineRGB=array([1., 0., 0.]), lineWidth=1, name='baseline_fixation_feedback', opacity=1.0, ori=array(0.), pos=array([0., 0.]), size=array([0.025, 0.025]), units='height', vertices=ndarray(...), win=Window(...))
24.4956 	EXP 	Created baseline_score_text = TextStim(__class__=<class 'psychopy.visual.text.TextStim'>, alignHoriz=method-wrapper(...), alignText='center', alignVert=method-wrapper(...), anchorHoriz='center', anchorVert='center', antialias=True, autoLog=True, bold=False, color='green', colorSpace='named', contrast=1.0, depth=-5.0, flipHoriz=False, flipVert=False, font='Arial', fontFiles=[], height=0.04, italic=False, languageStyle='LTR', name='baseline_score_text', opacity=1.0, ori=0, pos=array([0.4, 0.4]), rgb=array([  0., 128.,   0.]), text='default text', units='height', win=Window(...), wrapWidth=1)
24.5275 	EXP 	Created text_2 = TextStim(__class__=<class 'psychopy.visual.text.TextStim'>, alignHoriz=method-wrapper(...), alignText='center', alignVert=method-wrapper(...), anchorHoriz='center', anchorVert='center', antialias=True, autoLog=True, bold=False, color='white', colorSpace='named', contrast=1.0, depth=0.0, flipHoriz=False, flipVert=False, font='Arial', fontFiles=[], height=0.04, italic=False, languageStyle='LTR', name='text_2', opacity=1.0, ori=0, pos=array([0., 0.]), rgb=array([255., 255., 255.]), text=str(...), units='height', win=Window(...), wrapWidth=1)
24.5276 	EXP 	window1: mouseVisible = True
24.5374 	EXP 	Created rotated_enclosing_1 = Polygon(__class__=<class 'psychopy.visual.polygon.Polygon'>, autoDraw=False, autoLog=True, closeShape=True, color=method-wrapper(...), colorSpace=None, contrast=1.0, depth=-1.0, fillColor=array([0., 0., 0.]), fillColorSpace='rgb', fillRGB=array([0., 0., 0.]), interpolate=True, lineColor=array([-1., -1., -1.]), lineColorSpace='rgb', lineRGB=array([-1., -1., -1.]), lineWidth=1, name='rotated_enclosing_1', opacity=1.0, ori=array(0.), pos=array([0., 0.]), size=array([0.89, 0.89]), units='height', vertices=ndarray(...), win=Window(...))
24.5528 	EXP 	Created rotated_enclosing = Polygon(__class__=<class 'psychopy.visual.polygon.Polygon'>, autoDraw=False, autoLog=True, closeShape=True, color=method-wrapper(...), colorSpace=None, contrast=1.0, depth=-2.0, fillColor=array([0., 0., 0.]), fillColorSpace='rgb', fillRGB=array([0., 0., 0.]), interpolate=True, lineColor=array([-1., -1., -1.]), lineColorSpace='rgb', lineRGB=array([-1., -1., -1.]), lineWidth=1, name='rotated_enclosing', opacity=1.0, ori=array(0.), pos=array([0., 0.]), size=array([0.8, 0.8]), units='height', vertices=ndarray(...), win=Window(...))
24.5558 	EXP 	Created rotated_target = ShapeStim(__class__=<class 'psychopy.visual.shape.ShapeStim'>, autoDraw=False, autoLog=True, closeShape=True, contrast=1.0, depth=-3.0, fillColor=array([1., 1., 1.]), fillColorSpace='rgb', interpolate=True, lineColor=array([1., 1., 1.]), lineColorSpace='rgb', lineWidth=1, name='rotated_target', opacity=1.0, ori=array(45.), pos=array([0., 0.]), size=array([0.05, 0.05]), units='height', vertices=ndarray(...), win=Window(...), windingRule=None)
24.5597 	EXP 	Created rotated_fixation = Polygon(__class__=<class 'psychopy.visual.polygon.Polygon'>, autoDraw=False, autoLog=True, closeShape=True, color=method-wrapper(...), colorSpace=None, contrast=1.0, depth=-4.0, fillColor=array([1., 0., 0.]), fillColorSpace='rgb', fillRGB=array([1., 0., 0.]), interpolate=True, lineColor=array([1., 0., 0.]), lineColorSpace='rgb', lineRGB=array([1., 0., 0.]), lineWidth=1, name='rotated_fixation', opacity=1.0, ori=array(0.), pos=array([0., 0.]), size=array([0.025, 0.025]), units='height', vertices=ndarray(...), win=Window(...))
24.5599 	EXP 	window1: mouseVisible = True
24.5735 	EXP 	Created rotated_enclosing_feedback_1 = Polygon(__class__=<class 'psychopy.visual.polygon.Polygon'>, autoDraw=False, autoLog=True, closeShape=True, color=method-wrapper(...), colorSpace=None, contrast=1.0, depth=0.0, fillColor=array([0., 0., 0.]), fillColorSpace='rgb', fillRGB=array([0., 0., 0.]), interpolate=True, lineColor=array([-1., -1., -1.]), lineColorSpace='rgb', lineRGB=array([-1., -1., -1.]), lineWidth=1, name='rotated_enclosing_feedback_1', opacity=1.0, ori=array(0.), pos=array([0., 0.]), size=array([0.89, 0.89]), units='height', vertices=ndarray(...), win=Window(...))
24.5804 	EXP 	Created rotated_enclosing_feedback = Polygon(__class__=<class 'psychopy.visual.polygon.Polygon'>, autoDraw=False, autoLog=True, closeShape=True, color=method-wrapper(...), colorSpace=None, contrast=1.0, depth=-1.0, fillColor=array([0., 0., 0.]), fillColorSpace='rgb', fillRGB=array([0., 0., 0.]), interpolate=True, lineColor=array([-1., -1., -1.]), lineColorSpace='rgb', lineRGB=array([-1., -1., -1.]), lineWidth=1, name='rotated_enclosing_feedback', opacity=1.0, ori=array(0.), pos=array([0., 0.]), size=array([0.8, 0.8]), units='height', vertices=ndarray(...), win=Window(...))
24.5839 	EXP 	Created rotated_target_feedback = ShapeStim(__class__=<class 'psychopy.visual.shape.ShapeStim'>, autoDraw=False, autoLog=True, closeShape=True, contrast=1.0, depth=-2.0, fillColor=array([1., 1., 1.]), fillColorSpace='rgb', interpolate=True, lineColor=array([1., 1., 1.]), lineColorSpace='rgb', lineWidth=1, name='rotated_target_feedback', opacity=1.0, ori=array(45.), pos=array([0., 0.]), size=array([0.05, 0.05]), units='height', vertices=ndarray(...), win=Window(...), windingRule=None)
24.5889 	EXP 	Created rotated_fixation_feedback = Polygon(__class__=<class 'psychopy.visual.polygon.Polygon'>, autoDraw=False, autoLog=True, closeShape=True, color=method-wrapper(...), colorSpace=None, contrast=1.0, depth=-3.0, fillColor=array([1., 0., 0.]), fillColorSpace='rgb', fillRGB=array([1., 0., 0.]), interpolate=True, lineColor=array([1., 0., 0.]), lineColorSpace='rgb', lineRGB=array([1., 0., 0.]), lineWidth=1, name='rotated_fixation_feedback', opacity=1.0, ori=array(0.), pos=array([0., 0.]), size=array([0.025, 0.025]), units='height', vertices=ndarray(...), win=Window(...))
24.5965 	EXP 	Created rotated_score_text = TextStim(__class__=<class 'psychopy.visual.text.TextStim'>, alignHoriz=method-wrapper(...), alignText='center', alignVert=method-wrapper(...), anchorHoriz='center', anchorVert='center', antialias=True, autoLog=True, bold=False, color='green', colorSpace='named', contrast=1.0, depth=-5.0, flipHoriz=False, flipVert=False, font='Arial', fontFiles=[], height=0.04, italic=False, languageStyle='LTR', name='rotated_score_text', opacity=1.0, ori=0, pos=array([0.4, 0.4]), rgb=array([  0., 128.,   0.]), text='default text', units='height', win=Window(...), wrapWidth=1)
24.6131 	EXP 	Created rotated_breaks = TextStim(__class__=<class 'psychopy.visual.text.TextStim'>, alignHoriz=method-wrapper(...), alignText='center', alignVert=method-wrapper(...), anchorHoriz='center', anchorVert='center', antialias=True, autoLog=True, bold=False, color='white', colorSpace='named', contrast=1.0, depth=0.0, flipHoriz=False, flipVert=False, font='Arial', fontFiles=[], height=0.04, italic=False, languageStyle='LTR', name='rotated_breaks', opacity=1.0, ori=0, pos=array([0., 0.]), rgb=array([255., 255., 255.]), text=str(...), units='height', win=Window(...), wrapWidth=1)
24.6132 	EXP 	window1: mouseVisible = True
24.6160 	EXP 	Created transfer_target = ShapeStim(__class__=<class 'psychopy.visual.shape.ShapeStim'>, autoDraw=False, autoLog=True, closeShape=True, contrast=1.0, depth=0.0, fillColor=array([1., 1., 1.]), fillColorSpace='rgb', interpolate=True, lineColor=array([1., 1., 1.]), lineColorSpace='rgb', lineWidth=1, name='transfer_target', opacity=1.0, ori=array(45.), pos=array([0., 0.]), size=array([0.05, 0.05]), units='height', vertices=ndarray(...), win=Window(...), windingRule=None)
24.6295 	EXP 	Created transfer_fixation = Polygon(__class__=<class 'psychopy.visual.polygon.Polygon'>, autoDraw=False, autoLog=True, closeShape=True, color=method-wrapper(...), colorSpace=None, contrast=1.0, depth=-1.0, fillColor=array([1., 0., 0.]), fillColorSpace='rgb', fillRGB=array([1., 0., 0.]), interpolate=True, lineColor=array([1., 0., 0.]), lineColorSpace='rgb', lineRGB=array([1., 0., 0.]), lineWidth=1, name='transfer_fixation', opacity=1.0, ori=array(0.), pos=array([0., 0.]), size=array([0.025, 0.025]), units='height', vertices=ndarray(...), win=Window(...))
24.6296 	EXP 	window1: mouseVisible = True
24.6322 	EXP 	Created transfer_target_feedback = ShapeStim(__class__=<class 'psychopy.visual.shape.ShapeStim'>, autoDraw=False, autoLog=True, closeShape=True, contrast=1.0, depth=0.0, fillColor=array([1., 1., 1.]), fillColorSpace='rgb', interpolate=True, lineColor=array([1., 1., 1.]), lineColorSpace='rgb', lineWidth=1, name='transfer_target_feedback', opacity=1.0, ori=array(45.), pos=array([0., 0.]), size=array([0.05, 0.05]), units='height', vertices=ndarray(...), win=Window(...), windingRule=None)
24.6363 	EXP 	Created transfer_fixation_feedback = Polygon(__class__=<class 'psychopy.visual.polygon.Polygon'>, autoDraw=False, autoLog=True, closeShape=True, color=method-wrapper(...), colorSpace=None, contrast=1.0, depth=-1.0, fillColor=array([1., 0., 0.]), fillColorSpace='rgb', fillRGB=array([1., 0., 0.]), interpolate=True, lineColor=array([1., 0., 0.]), lineColorSpace='rgb', lineRGB=array([1., 0., 0.]), lineWidth=1, name='transfer_fixation_feedback', opacity=1.0, ori=array(0.), pos=array([0., 0.]), size=array([0.025, 0.025]), units='height', vertices=ndarray(...), win=Window(...))
24.6523 	EXP 	Created done_text = TextStim(__class__=<class 'psychopy.visual.text.TextStim'>, alignHoriz=method-wrapper(...), alignText='center', alignVert=method-wrapper(...), anchorHoriz='center', anchorVert='center', antialias=True, autoLog=True, bold=False, color='white', colorSpace='named', contrast=1.0, depth=0.0, flipHoriz=False, flipVert=False, font='Arial', fontFiles=[], height=0.04, italic=False, languageStyle='LTR', name='done_text', opacity=1.0, ori=0, pos=array([0., 0.]), rgb=array([255., 255., 255.]), text=str(...), units='height', win=Window(...), wrapWidth=1)
24.6525 	EXP 	window1: mouseVisible = True
24.6921 	EXP 	Welcome: autoDraw = True
25.5836 	DATA 	Mouse: Left button down, pos=(783,627)
25.6031 	EXP 	Created sequence: random, trialTypes=1, nReps=0, seed=None
25.6213 	EXP 	Welcome: autoDraw = False
25.6213 	EXP 	text_3: autoDraw = True
25.7319 	DATA 	Mouse:  Left button up, pos=(783,627)
26.8909 	DATA 	Mouse: Left button down, pos=(783,627)
26.9635 	EXP 	Imported conditions_baseline.xlsx as conditions, 16 conditions, 3 params
26.9639 	EXP 	Created sequence: random, trialTypes=16, nReps=0, seed=None
26.9736 	EXP 	text_3: autoDraw = False
26.9736 	EXP 	text_2: autoDraw = True
27.0612 	DATA 	Mouse:  Left button up, pos=(783,627)
28.1791 	DATA 	Mouse: Left button down, pos=(783,627)
28.1823 	EXP 	Created sequence: random, trialTypes=1, nReps=10, seed=None
28.1834 	EXP 	New trial (rep=0, index=0): None
28.2077 	EXP 	Imported conditions_baseline.xlsx as conditions, 16 conditions, 3 params
28.2086 	EXP 	Created sequence: random, trialTypes=16, nReps=4, seed=None
28.2090 	EXP 	New trial (rep=0, index=0): OrderedDict([('target_x', -0.3), ('target_y', -0.3), ('rotation', 0)])
28.2094 	EXP 	window1: mouseVisible = False
28.2179 	EXP 	text_2: autoDraw = False
28.2179 	EXP 	rotated_fixation: opacity = 1
28.2179 	EXP 	rotated_fixation: pos = [0, 0]
28.2179 	EXP 	rotated_fixation: opacity = 0
28.2179 	EXP 	rotated_enclosing_1: autoDraw = True
28.2179 	EXP 	rotated_enclosing: autoDraw = True
28.2179 	EXP 	rotated_fixation: autoDraw = True
28.2186 	EXP 	window1: mouseVisible = False
28.2394 	EXP 	rotated_fixation: opacity = 0
28.2396 	EXP 	window1: mouseVisible = False
28.2574 	EXP 	rotated_fixation: opacity = 0
28.2575 	EXP 	window1: mouseVisible = False
28.2736 	EXP 	rotated_fixation: opacity = 0
28.2738 	EXP 	window1: mouseVisible = False
28.2893 	EXP 	rotated_fixation: opacity = 0
28.2895 	EXP 	window1: mouseVisible = False
28.3079 	EXP 	rotated_fixation: opacity = 0
28.3083 	EXP 	window1: mouseVisible = False
28.3276 	EXP 	rotated_fixation: opacity = 0
28.3281 	EXP 	window1: mouseVisible = False
28.3473 	EXP 	rotated_fixation: opacity = 0
28.3476 	EXP 	window1: mouseVisible = False
28.3484 	DATA 	Mouse:  Left button up, pos=(783,627)
28.3634 	EXP 	rotated_fixation: opacity = 1
28.3634 	EXP 	rotated_fixation: pos = [0, 0]
28.3636 	EXP 	window1: mouseVisible = False
28.3759 	EXP 	rotated_fixation: opacity = 1
28.3759 	EXP 	rotated_fixation: pos = [0, 0]
28.3761 	EXP 	window1: mouseVisible = False
28.3930 	EXP 	rotated_fixation: opacity = 1
28.3930 	EXP 	rotated_fixation: pos = [0, 0]
28.3933 	EXP 	window1: mouseVisible = False
28.4104 	EXP 	rotated_fixation: opacity = 1
28.4104 	EXP 	rotated_fixation: pos = [0, 0]
28.4107 	EXP 	window1: mouseVisible = False
28.4307 	EXP 	rotated_fixation: opacity = 1
28.4307 	EXP 	rotated_fixation: pos = [0, 0]
28.4313 	EXP 	window1: mouseVisible = False
28.4439 	EXP 	rotated_fixation: opacity = 1
28.4439 	EXP 	rotated_fixation: pos = [0, 0]
28.4443 	EXP 	window1: mouseVisible = False
28.4588 	EXP 	rotated_fixation: opacity = 1
28.4588 	EXP 	rotated_fixation: pos = [0, 0]
28.4592 	EXP 	window1: mouseVisible = False
28.4765 	EXP 	rotated_fixation: opacity = 1
28.4765 	EXP 	rotated_fixation: pos = [0, 0]
28.4772 	EXP 	window1: mouseVisible = False
28.4910 	EXP 	rotated_fixation: opacity = 1
28.4910 	EXP 	rotated_fixation: pos = [0, 0]
28.4912 	EXP 	window1: mouseVisible = False
28.5066 	EXP 	rotated_fixation: opacity = 1
28.5066 	EXP 	rotated_fixation: pos = [0, 0]
28.5067 	EXP 	window1: mouseVisible = False
28.5249 	EXP 	rotated_fixation: opacity = 1
28.5249 	EXP 	rotated_fixation: pos = [0, 0]
28.5254 	EXP 	window1: mouseVisible = False
28.5473 	EXP 	rotated_fixation: opacity = 1
28.5473 	EXP 	rotated_fixation: pos = [0, 0]
28.5479 	EXP 	window1: mouseVisible = False
28.5614 	EXP 	rotated_fixation: opacity = 1
28.5614 	EXP 	rotated_fixation: pos = [0, 0]
28.5617 	EXP 	window1: mouseVisible = False
28.5783 	EXP 	rotated_fixation: opacity = 1
28.5783 	EXP 	rotated_fixation: pos = [0, 0]
28.5788 	EXP 	window1: mouseVisible = False
28.5968 	EXP 	rotated_fixation: opacity = 1
28.5968 	EXP 	rotated_fixation: pos = [0, 0]
28.5971 	EXP 	window1: mouseVisible = False
28.6140 	EXP 	rotated_fixation: opacity = 1
28.6140 	EXP 	rotated_fixation: pos = [0, 0]
28.6144 	EXP 	window1: mouseVisible = False
28.6256 	EXP 	rotated_fixation: opacity = 1
28.6256 	EXP 	rotated_fixation: pos = [0, 0]
28.6257 	EXP 	window1: mouseVisible = False
28.6422 	EXP 	rotated_fixation: opacity = 1
28.6422 	EXP 	rotated_fixation: pos = [0, 0]
28.6425 	EXP 	window1: mouseVisible = False
28.6589 	EXP 	rotated_fixation: opacity = 1
28.6589 	EXP 	rotated_fixation: pos = [0, 0]
28.6596 	EXP 	window1: mouseVisible = False
28.6769 	EXP 	rotated_fixation: opacity = 1
28.6769 	EXP 	rotated_fixation: pos = [0, 0]
28.6773 	EXP 	window1: mouseVisible = False
28.6941 	EXP 	rotated_fixation: opacity = 1
28.6941 	EXP 	rotated_fixation: pos = [0, 0]
28.6945 	EXP 	window1: mouseVisible = False
28.7096 	EXP 	rotated_fixation: opacity = 1
28.7096 	EXP 	rotated_fixation: pos = [0, 0]
28.7103 	EXP 	window1: mouseVisible = False
28.7269 	EXP 	rotated_fixation: opacity = 1
28.7269 	EXP 	rotated_fixation: pos = [0, 0]
28.7276 	EXP 	window1: mouseVisible = False
28.7458 	EXP 	rotated_fixation: opacity = 1
28.7458 	EXP 	rotated_fixation: pos = [0, 0]
28.7463 	EXP 	window1: mouseVisible = False
28.7594 	EXP 	rotated_fixation: opacity = 1
28.7594 	EXP 	rotated_fixation: pos = [0, 0]
28.7603 	EXP 	window1: mouseVisible = False
28.7811 	EXP 	rotated_fixation: opacity = 1
28.7811 	EXP 	rotated_fixation: pos = [0, 0]
28.7816 	EXP 	window1: mouseVisible = False
28.7919 	EXP 	rotated_fixation: opacity = 1
28.7919 	EXP 	rotated_fixation: pos = [0, 0]
28.7920 	EXP 	window1: mouseVisible = False
28.8089 	EXP 	rotated_fixation: opacity = 1
28.8089 	EXP 	rotated_fixation: pos = [0, 0]
28.8094 	EXP 	window1: mouseVisible = False
28.8276 	EXP 	rotated_fixation: opacity = 1
28.8276 	EXP 	rotated_fixation: pos = [0, 0]
28.8280 	EXP 	window1: mouseVisible = False
28.8403 	EXP 	rotated_fixation: opacity = 1
28.8403 	EXP 	rotated_fixation: pos = [0, 0]
28.8411 	EXP 	window1: mouseVisible = False
28.8578 	EXP 	rotated_fixation: opacity = 1
28.8578 	EXP 	rotated_fixation: pos = [0, 0]
28.8587 	EXP 	window1: mouseVisible = False
28.8819 	EXP 	rotated_fixation: opacity = 1
28.8819 	EXP 	rotated_fixation: pos = [0, 0]
28.8832 	EXP 	window1: mouseVisible = False
28.9078 	EXP 	rotated_fixation: opacity = 1
28.9078 	EXP 	rotated_fixation: pos = [0, 0]
28.9078 	EXP 	rotated_target: autoDraw = True
28.9082 	EXP 	window1: mouseVisible = False
28.9275 	EXP 	rotated_fixation: opacity = 1
28.9275 	EXP 	rotated_fixation: pos = [0, 0]
28.9285 	EXP 	window1: mouseVisible = False
28.9533 	EXP 	rotated_fixation: opacity = 1
28.9533 	EXP 	rotated_fixation: pos = [0, 0]
28.9538 	EXP 	window1: mouseVisible = False
28.9759 	EXP 	rotated_fixation: opacity = 1
28.9759 	EXP 	rotated_fixation: pos = [0, 0]
28.9762 	EXP 	window1: mouseVisible = False
28.9908 	EXP 	rotated_fixation: opacity = 1
28.9908 	EXP 	rotated_fixation: pos = [0, 0]
28.9910 	EXP 	window1: mouseVisible = False
29.0083 	EXP 	rotated_fixation: opacity = 1
29.0083 	EXP 	rotated_fixation: pos = [0, 0]
29.0088 	EXP 	window1: mouseVisible = False
29.0305 	EXP 	rotated_fixation: opacity = 1
29.0305 	EXP 	rotated_fixation: pos = [0, 0]
29.0313 	EXP 	window1: mouseVisible = False
29.0454 	EXP 	rotated_fixation: opacity = 1
29.0454 	EXP 	rotated_fixation: pos = [0, 0]
29.0457 	EXP 	window1: mouseVisible = False
29.0764 	EXP 	rotated_fixation: opacity = 1
29.0764 	EXP 	rotated_fixation: pos = [0, 0]
29.0768 	EXP 	window1: mouseVisible = False
29.0914 	EXP 	rotated_fixation: opacity = 1
29.0914 	EXP 	rotated_fixation: pos = [0, 0]
29.0920 	EXP 	window1: mouseVisible = False
29.1101 	EXP 	rotated_fixation: opacity = 1
29.1101 	EXP 	rotated_fixation: pos = [0, 0]
29.1106 	EXP 	window1: mouseVisible = False
29.1283 	EXP 	rotated_fixation: opacity = 1
29.1283 	EXP 	rotated_fixation: pos = [0, 0]
29.1286 	EXP 	window1: mouseVisible = False
29.1417 	EXP 	rotated_fixation: opacity = 1
29.1417 	EXP 	rotated_fixation: pos = [0, 0]
29.1424 	EXP 	window1: mouseVisible = False
29.1703 	EXP 	rotated_fixation: opacity = 1
29.1703 	EXP 	rotated_fixation: pos = [0, 0]
29.1709 	EXP 	window1: mouseVisible = False
29.1924 	EXP 	rotated_fixation: opacity = 1
29.1924 	EXP 	rotated_fixation: pos = [0, 0]
29.1931 	EXP 	window1: mouseVisible = False
29.2113 	EXP 	rotated_fixation: opacity = 1
29.2113 	EXP 	rotated_fixation: pos = [0, 0]
29.2122 	EXP 	window1: mouseVisible = False
29.2319 	EXP 	rotated_fixation: opacity = 1
29.2319 	EXP 	rotated_fixation: pos = [0, 0]
29.2324 	EXP 	window1: mouseVisible = False
29.2562 	EXP 	rotated_fixation: opacity = 1
29.2562 	EXP 	rotated_fixation: pos = [0, 0]
29.2566 	EXP 	window1: mouseVisible = False
29.2771 	EXP 	rotated_fixation: opacity = 1
29.2771 	EXP 	rotated_fixation: pos = [0, 0]
29.2775 	EXP 	window1: mouseVisible = False
29.2952 	EXP 	rotated_fixation: opacity = 1
29.2952 	EXP 	rotated_fixation: pos = [0, 0]
29.2956 	EXP 	window1: mouseVisible = False
29.3175 	EXP 	rotated_fixation: opacity = 1
29.3175 	EXP 	rotated_fixation: pos = [0, 0]
29.3184 	EXP 	window1: mouseVisible = False
29.3292 	EXP 	rotated_fixation: opacity = 1
29.3292 	EXP 	rotated_fixation: pos = [0, 0]
29.3299 	EXP 	window1: mouseVisible = False
29.3533 	EXP 	rotated_fixation: opacity = 1
29.3533 	EXP 	rotated_fixation: pos = [0, 0]
29.3537 	EXP 	window1: mouseVisible = False
29.3796 	EXP 	rotated_fixation: opacity = 1
29.3796 	EXP 	rotated_fixation: pos = [0, 0]
29.3798 	EXP 	window1: mouseVisible = False
29.3945 	EXP 	rotated_fixation: opacity = 1
29.3945 	EXP 	rotated_fixation: pos = [0, 0]
29.3948 	EXP 	window1: mouseVisible = False
29.4120 	EXP 	rotated_fixation: opacity = 1
29.4120 	EXP 	rotated_fixation: pos = [0, 0]
29.4128 	EXP 	window1: mouseVisible = False
29.4397 	EXP 	rotated_fixation: opacity = 1
29.4397 	EXP 	rotated_fixation: pos = [0, 0]
29.4400 	EXP 	window1: mouseVisible = False
29.4410 	DATA 	Mouse: Left button down, pos=(960,540)
29.4490 	EXP 	rotated_fixation: opacity = 0
29.4499 	EXP 	window1: mouseVisible = False
29.4736 	EXP 	rotated_fixation: opacity = 0
29.4741 	EXP 	window1: mouseVisible = False
29.4949 	EXP 	rotated_fixation: opacity = 0
29.4953 	EXP 	window1: mouseVisible = False
29.5091 	EXP 	rotated_fixation: opacity = 0
29.5093 	EXP 	window1: mouseVisible = False
29.5272 	EXP 	rotated_fixation: opacity = 0
29.5278 	EXP 	window1: mouseVisible = False
29.5426 	EXP 	rotated_fixation: opacity = 0
29.5431 	EXP 	window1: mouseVisible = False
29.5558 	EXP 	rotated_fixation: opacity = 0
29.5565 	EXP 	window1: mouseVisible = False
29.5788 	EXP 	rotated_fixation: opacity = 0
29.5791 	EXP 	window1: mouseVisible = False
29.6000 	EXP 	rotated_fixation: opacity = 0
29.6004 	EXP 	window1: mouseVisible = False
29.6133 	EXP 	rotated_fixation: opacity = 0
29.6139 	EXP 	window1: mouseVisible = False
29.6358 	EXP 	rotated_fixation: opacity = 0
29.6363 	EXP 	window1: mouseVisible = False
29.6616 	EXP 	rotated_fixation: opacity = 0
29.6621 	EXP 	window1: mouseVisible = False
29.6833 	EXP 	rotated_fixation: opacity = 0
29.6839 	EXP 	window1: mouseVisible = False
29.6949 	EXP 	rotated_fixation: opacity = 0
29.6952 	EXP 	window1: mouseVisible = False
29.7081 	EXP 	rotated_fixation: opacity = 0
29.7085 	EXP 	window1: mouseVisible = False
29.7256 	EXP 	rotated_fixation: opacity = 0
29.7261 	EXP 	window1: mouseVisible = False
29.7458 	EXP 	rotated_fixation: opacity = 0
29.7461 	EXP 	window1: mouseVisible = False
29.7620 	EXP 	rotated_fixation: opacity = 0
29.7624 	EXP 	window1: mouseVisible = False
29.7849 	EXP 	rotated_fixation: opacity = 0
29.7855 	EXP 	window1: mouseVisible = False
29.8103 	EXP 	rotated_fixation: opacity = 0
29.8105 	EXP 	window1: mouseVisible = False
29.8503 	EXP 	rotated_fixation: opacity = 0
29.8503 	EXP 	rotated_fixation: pos = [-0.18611111111111114, 0.3768518518518518]
29.8503 	EXP 	rotated_fixation: opacity = 1
29.8503 	EXP 	rotated_enclosing_1: autoDraw = False
29.8503 	EXP 	rotated_enclosing: autoDraw = False
29.8503 	EXP 	rotated_target: autoDraw = False
29.8503 	EXP 	rotated_fixation: autoDraw = False
29.8503 	EXP 	rotated_fixation: opacity = 1
29.8503 	EXP 	rotated_target_feedback: pos = array([-0.3, -0.3])
29.8503 	EXP 	rotated_fixation_feedback: pos = array([0., 0.])
29.8503 	EXP 	rotated_score_text: text = 'Your score: 10'
29.8503 	EXP 	rotated_enclosing_feedback_1: autoDraw = True
29.8503 	EXP 	rotated_enclosing_feedback: autoDraw = True
29.8503 	EXP 	rotated_target_feedback: autoDraw = True
29.8503 	EXP 	rotated_fixation_feedback: autoDraw = True
29.8503 	EXP 	rotated_score_text: autoDraw = True
30.3565 	EXP 	rotated_fixation_feedback: autoDraw = False
30.6309 	DATA 	Mouse:  Left button up, pos=(347,227)
30.8422 	EXP 	New trial (rep=0, index=1): OrderedDict([('target_x', 0.3), ('target_y', 0.3), ('rotation', 0)])
30.8425 	EXP 	window1: mouseVisible = False
30.8635 	EXP 	rotated_enclosing_feedback_1: autoDraw = False
30.8635 	EXP 	rotated_enclosing_feedback: autoDraw = False
30.8635 	EXP 	rotated_target_feedback: autoDraw = False
30.8635 	EXP 	rotated_fixation_feedback: autoDraw = False
30.8635 	EXP 	rotated_score_text: autoDraw = False
30.8635 	EXP 	rotated_fixation: opacity = 1
30.8635 	EXP 	rotated_fixation: pos = [0, 0]
30.8635 	EXP 	rotated_fixation: opacity = 1
30.8635 	EXP 	rotated_fixation: pos = [0, 0]
30.8635 	EXP 	rotated_enclosing_1: autoDraw = True
30.8635 	EXP 	rotated_enclosing: autoDraw = True
30.8635 	EXP 	rotated_fixation: autoDraw = True
30.8650 	EXP 	window1: mouseVisible = False
30.8731 	EXP 	rotated_fixation: opacity = 1
30.8731 	EXP 	rotated_fixation: pos = [0, 0]
30.8734 	EXP 	window1: mouseVisible = False
30.8901 	EXP 	rotated_fixation: opacity = 1
30.8901 	EXP 	rotated_fixation: pos = [0, 0]
30.8909 	EXP 	window1: mouseVisible = False
30.9110 	EXP 	rotated_fixation: opacity = 1
30.9110 	EXP 	rotated_fixation: pos = [0, 0]
30.9118 	EXP 	window1: mouseVisible = False
30.9447 	EXP 	rotated_fixation: opacity = 1
30.9447 	EXP 	rotated_fixation: pos = [0, 0]
30.9451 	EXP 	window1: mouseVisible = False
30.9583 	EXP 	rotated_fixation: opacity = 1
30.9583 	EXP 	rotated_fixation: pos = [0, 0]
30.9589 	EXP 	window1: mouseVisible = False
30.9746 	EXP 	rotated_fixation: opacity = 1
30.9746 	EXP 	rotated_fixation: pos = [0, 0]
30.9753 	EXP 	window1: mouseVisible = False
30.9978 	EXP 	rotated_fixation: opacity = 1
30.9978 	EXP 	rotated_fixation: pos = [0, 0]
30.9983 	EXP 	window1: mouseVisible = False
31.0054 	EXP 	rotated_fixation: opacity = 1
31.0054 	EXP 	rotated_fixation: pos = [0, 0]
31.0056 	EXP 	window1: mouseVisible = False
31.0238 	EXP 	rotated_fixation: opacity = 1
31.0238 	EXP 	rotated_fixation: pos = [0, 0]
31.0243 	EXP 	window1: mouseVisible = False
31.0393 	EXP 	rotated_fixation: opacity = 1
31.0393 	EXP 	rotated_fixation: pos = [0, 0]
31.0397 	EXP 	window1: mouseVisible = False
31.0587 	EXP 	rotated_fixation: opacity = 1
31.0587 	EXP 	rotated_fixation: pos = [0, 0]
31.0594 	EXP 	window1: mouseVisible = False
31.0748 	EXP 	rotated_fixation: opacity = 1
31.0748 	EXP 	rotated_fixation: pos = [0, 0]
31.0751 	EXP 	window1: mouseVisible = False
31.0928 	EXP 	rotated_fixation: opacity = 1
31.0928 	EXP 	rotated_fixation: pos = [0, 0]
31.0932 	EXP 	window1: mouseVisible = False
31.1143 	EXP 	rotated_fixation: opacity = 1
31.1143 	EXP 	rotated_fixation: pos = [0, 0]
31.1147 	EXP 	window1: mouseVisible = False
31.1421 	EXP 	rotated_fixation: opacity = 1
31.1421 	EXP 	rotated_fixation: pos = [0, 0]
31.1427 	EXP 	window1: mouseVisible = False
31.1564 	EXP 	rotated_fixation: opacity = 1
31.1564 	EXP 	rotated_fixation: pos = [0, 0]
31.1571 	EXP 	window1: mouseVisible = False
31.1728 	EXP 	rotated_fixation: opacity = 1
31.1728 	EXP 	rotated_fixation: pos = [0, 0]
31.1737 	EXP 	window1: mouseVisible = False
31.1906 	EXP 	rotated_fixation: opacity = 1
31.1906 	EXP 	rotated_fixation: pos = [0, 0]
31.1913 	EXP 	window1: mouseVisible = False
31.2108 	EXP 	rotated_fixation: opacity = 1
31.2108 	EXP 	rotated_fixation: pos = [0, 0]
31.2111 	EXP 	window1: mouseVisible = False
31.2253 	EXP 	rotated_fixation: opacity = 1
31.2253 	EXP 	rotated_fixation: pos = [0, 0]
31.2260 	EXP 	window1: mouseVisible = False
31.2474 	EXP 	rotated_fixation: opacity = 1
31.2474 	EXP 	rotated_fixation: pos = [0, 0]
31.2477 	EXP 	window1: mouseVisible = False
31.2589 	EXP 	rotated_fixation: opacity = 1
31.2589 	EXP 	rotated_fixation: pos = [0, 0]
31.2596 	EXP 	window1: mouseVisible = False
31.2731 	EXP 	rotated_fixation: opacity = 1
31.2731 	EXP 	rotated_fixation: pos = [0, 0]
31.2734 	EXP 	window1: mouseVisible = False
31.2910 	EXP 	rotated_fixation: opacity = 1
31.2910 	EXP 	rotated_fixation: pos = [0, 0]
31.2915 	EXP 	window1: mouseVisible = False
31.3105 	EXP 	rotated_fixation: opacity = 1
31.3105 	EXP 	rotated_fixation: pos = [0, 0]
31.3111 	EXP 	window1: mouseVisible = False
31.3466 	EXP 	rotated_fixation: opacity = 1
31.3466 	EXP 	rotated_fixation: pos = [0, 0]
31.3474 	EXP 	window1: mouseVisible = False
31.3733 	EXP 	rotated_fixation: opacity = 1
31.3733 	EXP 	rotated_fixation: pos = [0, 0]
31.3737 	EXP 	window1: mouseVisible = False
31.3867 	EXP 	rotated_fixation: opacity = 1
31.3867 	EXP 	rotated_fixation: pos = [0, 0]
31.3875 	EXP 	window1: mouseVisible = False
31.4074 	EXP 	rotated_fixation: opacity = 1
31.4074 	EXP 	rotated_fixation: pos = [0, 0]
31.4077 	EXP 	window1: mouseVisible = False
31.4241 	EXP 	rotated_fixation: opacity = 1
31.4241 	EXP 	rotated_fixation: pos = [0, 0]
31.4248 	EXP 	window1: mouseVisible = False
31.4428 	EXP 	rotated_fixation: opacity = 1
31.4428 	EXP 	rotated_fixation: pos = [0, 0]
31.4431 	EXP 	window1: mouseVisible = False
31.4705 	EXP 	rotated_fixation: opacity = 1
31.4705 	EXP 	rotated_fixation: pos = [0, 0]
31.4708 	EXP 	window1: mouseVisible = False
31.4922 	EXP 	rotated_fixation: opacity = 1
31.4922 	EXP 	rotated_fixation: pos = [0, 0]
31.4931 	EXP 	window1: mouseVisible = False
31.5121 	EXP 	rotated_fixation: opacity = 1
31.5121 	EXP 	rotated_fixation: pos = [0, 0]
31.5125 	EXP 	window1: mouseVisible = False
31.5257 	EXP 	rotated_fixation: opacity = 1
31.5257 	EXP 	rotated_fixation: pos = [0, 0]
31.5263 	EXP 	window1: mouseVisible = False
31.5438 	EXP 	rotated_fixation: opacity = 1
31.5438 	EXP 	rotated_fixation: pos = [0, 0]
31.5440 	EXP 	window1: mouseVisible = False
31.5564 	EXP 	rotated_fixation: opacity = 1
31.5564 	EXP 	rotated_fixation: pos = [0, 0]
31.5566 	EXP 	window1: mouseVisible = False
31.5740 	EXP 	rotated_fixation: opacity = 1
31.5740 	EXP 	rotated_fixation: pos = [0, 0]
31.5747 	EXP 	window1: mouseVisible = False
31.5917 	EXP 	rotated_fixation: opacity = 1
31.5917 	EXP 	rotated_fixation: pos = [0, 0]
31.5922 	EXP 	window1: mouseVisible = False
31.6066 	EXP 	rotated_fixation: opacity = 1
31.6066 	EXP 	rotated_fixation: pos = [0, 0]
31.6071 	EXP 	window1: mouseVisible = False
31.6274 	EXP 	rotated_fixation: opacity = 1
31.6274 	EXP 	rotated_fixation: pos = [0, 0]
31.6280 	EXP 	window1: mouseVisible = False
31.6500 	EXP 	rotated_fixation: opacity = 1
31.6500 	EXP 	rotated_fixation: pos = [0, 0]
31.6500 	EXP 	rotated_target: autoDraw = True
31.6508 	EXP 	window1: mouseVisible = False
31.6637 	EXP 	rotated_fixation: opacity = 1
31.6637 	EXP 	rotated_fixation: pos = [0, 0]
31.6641 	EXP 	window1: mouseVisible = False
31.6869 	EXP 	rotated_fixation: opacity = 1
31.6869 	EXP 	rotated_fixation: pos = [0, 0]
31.6873 	EXP 	window1: mouseVisible = False
31.7077 	EXP 	rotated_fixation: opacity = 1
31.7077 	EXP 	rotated_fixation: pos = [0, 0]
31.7083 	EXP 	window1: mouseVisible = False
31.7213 	EXP 	rotated_fixation: opacity = 1
31.7213 	EXP 	rotated_fixation: pos = [0, 0]
31.7215 	EXP 	window1: mouseVisible = False
31.7367 	EXP 	rotated_fixation: opacity = 1
31.7367 	EXP 	rotated_fixation: pos = [0, 0]
31.7372 	EXP 	window1: mouseVisible = False
31.7530 	EXP 	rotated_fixation: opacity = 1
31.7530 	EXP 	rotated_fixation: pos = [0, 0]
31.7532 	EXP 	window1: mouseVisible = False
31.7712 	EXP 	rotated_fixation: opacity = 1
31.7712 	EXP 	rotated_fixation: pos = [0, 0]
31.7716 	EXP 	window1: mouseVisible = False
31.7869 	EXP 	rotated_fixation: opacity = 1
31.7869 	EXP 	rotated_fixation: pos = [0, 0]
31.7871 	EXP 	window1: mouseVisible = False
31.8034 	EXP 	rotated_fixation: opacity = 1
31.8034 	EXP 	rotated_fixation: pos = [0, 0]
31.8035 	EXP 	window1: mouseVisible = False
31.8200 	EXP 	rotated_fixation: opacity = 1
31.8200 	EXP 	rotated_fixation: pos = [0, 0]
31.8201 	EXP 	window1: mouseVisible = False
31.8389 	EXP 	rotated_fixation: opacity = 1
31.8389 	EXP 	rotated_fixation: pos = [0, 0]
31.8392 	EXP 	window1: mouseVisible = False
31.8578 	EXP 	rotated_fixation: opacity = 1
31.8578 	EXP 	rotated_fixation: pos = [0, 0]
31.8581 	EXP 	window1: mouseVisible = False
31.8731 	EXP 	rotated_fixation: opacity = 1
31.8731 	EXP 	rotated_fixation: pos = [0, 0]
31.8735 	EXP 	window1: mouseVisible = False
31.8907 	EXP 	rotated_fixation: opacity = 1
31.8907 	EXP 	rotated_fixation: pos = [0, 0]
31.8911 	EXP 	window1: mouseVisible = False
31.9051 	EXP 	rotated_fixation: opacity = 1
31.9051 	EXP 	rotated_fixation: pos = [0, 0]
31.9054 	EXP 	window1: mouseVisible = False
31.9236 	EXP 	rotated_fixation: opacity = 1
31.9236 	EXP 	rotated_fixation: pos = [0, 0]
31.9240 	EXP 	window1: mouseVisible = False
31.9378 	EXP 	rotated_fixation: opacity = 1
31.9378 	EXP 	rotated_fixation: pos = [0, 0]
31.9380 	EXP 	window1: mouseVisible = False
31.9535 	EXP 	rotated_fixation: opacity = 1
31.9535 	EXP 	rotated_fixation: pos = [0, 0]
31.9539 	EXP 	window1: mouseVisible = False
31.9708 	EXP 	rotated_fixation: opacity = 1
31.9708 	EXP 	rotated_fixation: pos = [0, 0]
31.9711 	EXP 	window1: mouseVisible = False
31.9874 	EXP 	rotated_fixation: opacity = 1
31.9874 	EXP 	rotated_fixation: pos = [0, 0]
31.9876 	EXP 	window1: mouseVisible = False
32.0035 	EXP 	rotated_fixation: opacity = 1
32.0035 	EXP 	rotated_fixation: pos = [0, 0]
32.0037 	EXP 	window1: mouseVisible = False
32.0215 	EXP 	rotated_fixation: opacity = 1
32.0215 	EXP 	rotated_fixation: pos = [0, 0]
32.0219 	EXP 	window1: mouseVisible = False
32.0381 	EXP 	rotated_fixation: opacity = 1
32.0381 	EXP 	rotated_fixation: pos = [0, 0]
32.0390 	EXP 	window1: mouseVisible = False
32.0579 	EXP 	rotated_fixation: opacity = 1
32.0579 	EXP 	rotated_fixation: pos = [0, 0]
32.0583 	EXP 	window1: mouseVisible = False
32.0597 	DATA 	Mouse: Left button down, pos=(960,540)
32.0736 	EXP 	rotated_fixation: opacity = 0
32.0740 	EXP 	window1: mouseVisible = False
32.0887 	EXP 	rotated_fixation: opacity = 0
32.0891 	EXP 	window1: mouseVisible = False
32.1042 	EXP 	rotated_fixation: opacity = 0
32.1044 	EXP 	window1: mouseVisible = False
32.1204 	EXP 	rotated_fixation: opacity = 0
32.1205 	EXP 	window1: mouseVisible = False
32.1410 	EXP 	rotated_fixation: opacity = 0
32.1413 	EXP 	window1: mouseVisible = False
32.1554 	EXP 	rotated_fixation: opacity = 0
32.1560 	EXP 	window1: mouseVisible = False
32.1725 	EXP 	rotated_fixation: opacity = 0
32.1728 	EXP 	window1: mouseVisible = False
32.1876 	EXP 	rotated_fixation: opacity = 0
32.1882 	EXP 	window1: mouseVisible = False
32.2086 	EXP 	rotated_fixation: opacity = 0
32.2090 	EXP 	window1: mouseVisible = False
32.2224 	EXP 	rotated_fixation: opacity = 0
32.2229 	EXP 	window1: mouseVisible = False
32.2380 	EXP 	rotated_fixation: opacity = 0
32.2390 	EXP 	window1: mouseVisible = False
32.2565 	EXP 	rotated_fixation: opacity = 0
32.2567 	EXP 	window1: mouseVisible = False
32.2731 	EXP 	rotated_fixation: opacity = 0
32.2734 	EXP 	window1: mouseVisible = False
32.2885 	EXP 	rotated_fixation: opacity = 0
32.2890 	EXP 	window1: mouseVisible = False
32.3092 	EXP 	rotated_fixation: opacity = 0
32.3097 	EXP 	window1: mouseVisible = False
32.3357 	EXP 	rotated_fixation: opacity = 0
32.3360 	EXP 	window1: mouseVisible = False
32.3526 	EXP 	rotated_fixation: opacity = 0
32.3528 	EXP 	window1: mouseVisible = False
32.3710 	EXP 	rotated_fixation: opacity = 0
32.3712 	EXP 	window1: mouseVisible = False
32.3898 	EXP 	rotated_fixation: opacity = 0
32.3904 	EXP 	window1: mouseVisible = False
32.4054 	EXP 	rotated_fixation: opacity = 0
32.4059 	EXP 	window1: mouseVisible = False
32.4233 	EXP 	rotated_fixation: opacity = 0
32.4236 	EXP 	window1: mouseVisible = False
32.4385 	EXP 	rotated_fixation: opacity = 0
32.4390 	EXP 	window1: mouseVisible = False
32.4534 	EXP 	rotated_fixation: opacity = 0
32.4538 	EXP 	window1: mouseVisible = False
32.4696 	EXP 	rotated_fixation: opacity = 0
32.4697 	EXP 	window1: mouseVisible = False
32.4882 	EXP 	rotated_fixation: opacity = 0
32.4884 	EXP 	window1: mouseVisible = False
32.5046 	EXP 	rotated_fixation: opacity = 0
32.5049 	EXP 	window1: mouseVisible = False
32.5204 	EXP 	rotated_fixation: opacity = 0
32.5208 	EXP 	window1: mouseVisible = False
32.5400 	EXP 	rotated_fixation: opacity = 0
32.5404 	EXP 	window1: mouseVisible = False
32.5693 	EXP 	rotated_fixation: opacity = 0
32.5693 	EXP 	rotated_fixation: pos = [0.3111111111111111, -0.2833333333333333]
32.5693 	EXP 	rotated_fixation: opacity = 1
32.5693 	EXP 	rotated_enclosing_1: autoDraw = False
32.5693 	EXP 	rotated_enclosing: autoDraw = False
32.5693 	EXP 	rotated_target: autoDraw = False
32.5693 	EXP 	rotated_fixation: autoDraw = False
32.5693 	EXP 	rotated_fixation: opacity = 1
32.5693 	EXP 	rotated_target_feedback: pos = array([0.3, 0.3])
32.5693 	EXP 	rotated_fixation_feedback: pos = array([0., 0.])
32.5693 	EXP 	rotated_score_text: text = 'Your score: 10'
32.5693 	EXP 	rotated_enclosing_feedback_1: autoDraw = True
32.5693 	EXP 	rotated_enclosing_feedback: autoDraw = True
32.5693 	EXP 	rotated_target_feedback: autoDraw = True
32.5693 	EXP 	rotated_fixation_feedback: autoDraw = True
32.5693 	EXP 	rotated_score_text: autoDraw = True
33.0272 	DATA 	Mouse:  Left button up, pos=(1427,1080)
33.0689 	EXP 	rotated_fixation_feedback: autoDraw = False
33.5614 	EXP 	New trial (rep=0, index=2): OrderedDict([('target_x', -0.3), ('target_y', 0.3), ('rotation', 0)])
33.5625 	EXP 	window1: mouseVisible = False
33.5751 	EXP 	rotated_enclosing_feedback_1: autoDraw = False
33.5751 	EXP 	rotated_enclosing_feedback: autoDraw = False
33.5751 	EXP 	rotated_target_feedback: autoDraw = False
33.5751 	EXP 	rotated_fixation_feedback: autoDraw = False
33.5751 	EXP 	rotated_score_text: autoDraw = False
33.5751 	EXP 	rotated_fixation: opacity = 1
33.5751 	EXP 	rotated_fixation: pos = [0, 0]
33.5751 	EXP 	rotated_fixation: opacity = 1
33.5751 	EXP 	rotated_fixation: pos = [0, 0]
33.5751 	EXP 	rotated_enclosing_1: autoDraw = True
33.5751 	EXP 	rotated_enclosing: autoDraw = True
33.5751 	EXP 	rotated_fixation: autoDraw = True
33.5757 	EXP 	window1: mouseVisible = False
33.5987 	EXP 	rotated_fixation: opacity = 1
33.5987 	EXP 	rotated_fixation: pos = [0, 0]
33.5990 	EXP 	window1: mouseVisible = False
33.6248 	EXP 	rotated_fixation: opacity = 1
33.6248 	EXP 	rotated_fixation: pos = [0, 0]
33.6250 	EXP 	window1: mouseVisible = False
33.6377 	EXP 	rotated_fixation: opacity = 1
33.6377 	EXP 	rotated_fixation: pos = [0, 0]
33.6383 	EXP 	window1: mouseVisible = False
33.6561 	EXP 	rotated_fixation: opacity = 1
33.6561 	EXP 	rotated_fixation: pos = [0, 0]
33.6565 	EXP 	window1: mouseVisible = False
33.6750 	EXP 	rotated_fixation: opacity = 1
33.6750 	EXP 	rotated_fixation: pos = [0, 0]
33.6753 	EXP 	window1: mouseVisible = False
33.6898 	EXP 	rotated_fixation: opacity = 1
33.6898 	EXP 	rotated_fixation: pos = [0, 0]
33.6901 	EXP 	window1: mouseVisible = False
33.7005 	EXP 	rotated_fixation: opacity = 1
33.7005 	EXP 	rotated_fixation: pos = [0, 0]
33.7008 	EXP 	window1: mouseVisible = False
33.7232 	EXP 	rotated_fixation: opacity = 1
33.7232 	EXP 	rotated_fixation: pos = [0, 0]
33.7237 	EXP 	window1: mouseVisible = False
33.7372 	EXP 	rotated_fixation: opacity = 1
33.7372 	EXP 	rotated_fixation: pos = [0, 0]
33.7376 	EXP 	window1: mouseVisible = False
33.7550 	EXP 	rotated_fixation: opacity = 1
33.7550 	EXP 	rotated_fixation: pos = [0, 0]
33.7555 	EXP 	window1: mouseVisible = False
33.7715 	EXP 	rotated_fixation: opacity = 1
33.7715 	EXP 	rotated_fixation: pos = [0, 0]
33.7723 	EXP 	window1: mouseVisible = False
33.7888 	EXP 	rotated_fixation: opacity = 1
33.7888 	EXP 	rotated_fixation: pos = [0, 0]
33.7893 	EXP 	window1: mouseVisible = False
33.8107 	EXP 	rotated_fixation: opacity = 1
33.8107 	EXP 	rotated_fixation: pos = [0, 0]
33.8112 	EXP 	window1: mouseVisible = False
33.8269 	EXP 	rotated_fixation: opacity = 1
33.8269 	EXP 	rotated_fixation: pos = [0, 0]
33.8275 	EXP 	window1: mouseVisible = False
33.8485 	EXP 	rotated_fixation: opacity = 1
33.8485 	EXP 	rotated_fixation: pos = [0, 0]
33.8492 	EXP 	window1: mouseVisible = False
33.8771 	EXP 	rotated_fixation: opacity = 1
33.8771 	EXP 	rotated_fixation: pos = [0, 0]
33.8778 	EXP 	window1: mouseVisible = False
33.8928 	EXP 	rotated_fixation: opacity = 1
33.8928 	EXP 	rotated_fixation: pos = [0, 0]
33.8937 	EXP 	window1: mouseVisible = False
33.9238 	EXP 	rotated_fixation: opacity = 1
33.9238 	EXP 	rotated_fixation: pos = [0, 0]
33.9245 	EXP 	window1: mouseVisible = False
33.9431 	EXP 	rotated_fixation: opacity = 1
33.9431 	EXP 	rotated_fixation: pos = [0, 0]
33.9434 	EXP 	window1: mouseVisible = False
33.9669 	EXP 	rotated_fixation: opacity = 1
33.9669 	EXP 	rotated_fixation: pos = [0, 0]
33.9673 	EXP 	window1: mouseVisible = False
33.9888 	EXP 	rotated_fixation: opacity = 1
33.9888 	EXP 	rotated_fixation: pos = [0, 0]
33.9895 	EXP 	window1: mouseVisible = False
34.0072 	EXP 	rotated_fixation: opacity = 1
34.0072 	EXP 	rotated_fixation: pos = [0, 0]
34.0075 	EXP 	window1: mouseVisible = False
34.0329 	EXP 	rotated_fixation: opacity = 1
34.0329 	EXP 	rotated_fixation: pos = [0, 0]
34.0334 	EXP 	window1: mouseVisible = False
34.0595 	EXP 	rotated_fixation: opacity = 1
34.0595 	EXP 	rotated_fixation: pos = [0, 0]
34.0603 	EXP 	window1: mouseVisible = False
34.0760 	EXP 	rotated_fixation: opacity = 1
34.0760 	EXP 	rotated_fixation: pos = [0, 0]
34.0765 	EXP 	window1: mouseVisible = False
34.1050 	EXP 	rotated_fixation: opacity = 1
34.1050 	EXP 	rotated_fixation: pos = [0, 0]
34.1056 	EXP 	window1: mouseVisible = False
34.1246 	EXP 	rotated_fixation: opacity = 1
34.1246 	EXP 	rotated_fixation: pos = [0, 0]
34.1251 	EXP 	window1: mouseVisible = False
34.1498 	EXP 	rotated_fixation: opacity = 1
34.1498 	EXP 	rotated_fixation: pos = [0, 0]
34.1501 	EXP 	window1: mouseVisible = False
34.1749 	EXP 	rotated_fixation: opacity = 1
34.1749 	EXP 	rotated_fixation: pos = [0, 0]
34.1754 	EXP 	window1: mouseVisible = False
34.2030 	EXP 	rotated_fixation: opacity = 1
34.2030 	EXP 	rotated_fixation: pos = [0, 0]
34.2034 	EXP 	window1: mouseVisible = False
34.2130 	EXP 	rotated_fixation: opacity = 1
34.2130 	EXP 	rotated_fixation: pos = [0, 0]
34.2137 	EXP 	window1: mouseVisible = False
34.2360 	EXP 	rotated_fixation: opacity = 1
34.2360 	EXP 	rotated_fixation: pos = [0, 0]
34.2363 	EXP 	window1: mouseVisible = False
34.2545 	EXP 	rotated_fixation: opacity = 1
34.2545 	EXP 	rotated_fixation: pos = [0, 0]
34.2549 	EXP 	window1: mouseVisible = False
34.2775 	EXP 	rotated_fixation: opacity = 1
34.2775 	EXP 	rotated_fixation: pos = [0, 0]
34.2779 	EXP 	window1: mouseVisible = False
34.2913 	EXP 	rotated_fixation: opacity = 1
34.2913 	EXP 	rotated_fixation: pos = [0, 0]
34.2919 	EXP 	window1: mouseVisible = False
34.3146 	EXP 	rotated_fixation: opacity = 1
34.3146 	EXP 	rotated_fixation: pos = [0, 0]
34.3151 	EXP 	window1: mouseVisible = False
34.3419 	EXP 	rotated_fixation: opacity = 1
34.3419 	EXP 	rotated_fixation: pos = [0, 0]
34.3425 	EXP 	window1: mouseVisible = False
34.3576 	EXP 	rotated_fixation: opacity = 1
34.3576 	EXP 	rotated_fixation: pos = [0, 0]
34.3582 	EXP 	window1: mouseVisible = False
34.3844 	EXP 	rotated_fixation: opacity = 1
34.3844 	EXP 	rotated_fixation: pos = [0, 0]
34.3851 	EXP 	window1: mouseVisible = False
34.4085 	EXP 	rotated_fixation: opacity = 1
34.4085 	EXP 	rotated_fixation: pos = [0, 0]
34.4090 	EXP 	window1: mouseVisible = False
34.4269 	EXP 	rotated_fixation: opacity = 1
34.4269 	EXP 	rotated_fixation: pos = [0, 0]
34.4277 	EXP 	window1: mouseVisible = False
34.4541 	EXP 	rotated_fixation: opacity = 1
34.4541 	EXP 	rotated_fixation: pos = [0, 0]
34.4544 	EXP 	window1: mouseVisible = False
34.4896 	EXP 	rotated_fixation: opacity = 1
34.4896 	EXP 	rotated_fixation: pos = [0, 0]
34.4900 	EXP 	window1: mouseVisible = False
34.5065 	EXP 	rotated_fixation: opacity = 1
34.5065 	EXP 	rotated_fixation: pos = [0, 0]
34.5071 	EXP 	window1: mouseVisible = False
34.5263 	EXP 	rotated_fixation: opacity = 1
34.5263 	EXP 	rotated_fixation: pos = [0, 0]
34.5267 	EXP 	window1: mouseVisible = False
34.5374 	EXP 	rotated_fixation: opacity = 1
34.5374 	EXP 	rotated_fixation: pos = [0, 0]
34.5379 	EXP 	window1: mouseVisible = False
34.5557 	EXP 	rotated_fixation: opacity = 1
34.5557 	EXP 	rotated_fixation: pos = [0, 0]
34.5564 	EXP 	window1: mouseVisible = False
34.5829 	EXP 	rotated_fixation: opacity = 1
34.5829 	EXP 	rotated_fixation: pos = [0, 0]
34.5835 	EXP 	window1: mouseVisible = False
34.5915 	EXP 	rotated_fixation: opacity = 1
34.5915 	EXP 	rotated_fixation: pos = [0, 0]
34.5919 	EXP 	window1: mouseVisible = False
34.6048 	EXP 	rotated_fixation: opacity = 1
34.6048 	EXP 	rotated_fixation: pos = [0, 0]
34.6052 	EXP 	window1: mouseVisible = False
34.6193 	EXP 	rotated_fixation: opacity = 1
34.6193 	EXP 	rotated_fixation: pos = [0, 0]
34.6199 	EXP 	window1: mouseVisible = False
34.6371 	EXP 	rotated_fixation: opacity = 1
34.6371 	EXP 	rotated_fixation: pos = [0, 0]
34.6377 	EXP 	window1: mouseVisible = False
34.6545 	EXP 	rotated_fixation: opacity = 1
34.6545 	EXP 	rotated_fixation: pos = [0, 0]
34.6549 	EXP 	window1: mouseVisible = False
34.6750 	EXP 	rotated_fixation: opacity = 1
34.6750 	EXP 	rotated_fixation: pos = [0, 0]
34.6755 	EXP 	window1: mouseVisible = False
34.6928 	EXP 	rotated_fixation: opacity = 1
34.6928 	EXP 	rotated_fixation: pos = [0, 0]
34.6941 	EXP 	window1: mouseVisible = False
34.7168 	EXP 	rotated_fixation: opacity = 1
34.7168 	EXP 	rotated_fixation: pos = [0, 0]
34.7172 	EXP 	window1: mouseVisible = False
34.7390 	EXP 	rotated_fixation: opacity = 1
34.7390 	EXP 	rotated_fixation: pos = [0, 0]
34.7396 	EXP 	window1: mouseVisible = False
34.7567 	EXP 	rotated_fixation: opacity = 1
34.7567 	EXP 	rotated_fixation: pos = [0, 0]
34.7570 	EXP 	window1: mouseVisible = False
34.7641 	DATA 	Mouse: Left button down, pos=(960,540)
34.7708 	EXP 	rotated_fixation: opacity = 1
34.7708 	EXP 	rotated_fixation: pos = [0, 0]
34.7708 	EXP 	rotated_target: autoDraw = True
34.7713 	EXP 	window1: mouseVisible = False
34.7882 	EXP 	rotated_fixation: opacity = 0
34.7886 	EXP 	window1: mouseVisible = False
34.8021 	EXP 	rotated_fixation: opacity = 0
34.8025 	EXP 	window1: mouseVisible = False
34.8241 	EXP 	rotated_fixation: opacity = 0
34.8245 	EXP 	window1: mouseVisible = False
34.8382 	EXP 	rotated_fixation: opacity = 0
34.8389 	EXP 	window1: mouseVisible = False
34.8542 	EXP 	rotated_fixation: opacity = 0
34.8549 	EXP 	window1: mouseVisible = False
34.8807 	EXP 	rotated_fixation: opacity = 0
34.8811 	EXP 	window1: mouseVisible = False
34.8909 	EXP 	rotated_fixation: opacity = 0
34.8911 	EXP 	window1: mouseVisible = False
34.9101 	EXP 	rotated_fixation: opacity = 0
34.9109 	EXP 	window1: mouseVisible = False
34.9260 	EXP 	rotated_fixation: opacity = 0
34.9267 	EXP 	window1: mouseVisible = False
34.9423 	EXP 	rotated_fixation: opacity = 0
34.9430 	EXP 	window1: mouseVisible = False
34.9658 	EXP 	rotated_fixation: opacity = 0
34.9661 	EXP 	window1: mouseVisible = False
34.9825 	EXP 	rotated_fixation: opacity = 0
34.9829 	EXP 	window1: mouseVisible = False
35.0060 	EXP 	rotated_fixation: opacity = 0
35.0065 	EXP 	window1: mouseVisible = False
35.0270 	EXP 	rotated_fixation: opacity = 0
35.0274 	EXP 	window1: mouseVisible = False
35.0452 	EXP 	rotated_fixation: opacity = 0
35.0460 	EXP 	window1: mouseVisible = False
35.0716 	EXP 	rotated_fixation: opacity = 0
35.0719 	EXP 	window1: mouseVisible = False
35.0907 	EXP 	rotated_fixation: opacity = 0
35.0910 	EXP 	window1: mouseVisible = False
35.1014 	EXP 	rotated_fixation: opacity = 0
35.1019 	EXP 	window1: mouseVisible = False
35.1270 	EXP 	rotated_fixation: opacity = 0
35.1279 	EXP 	window1: mouseVisible = False
35.1442 	EXP 	rotated_fixation: opacity = 0
35.1445 	EXP 	window1: mouseVisible = False
35.1688 	EXP 	rotated_fixation: opacity = 0
35.1692 	EXP 	window1: mouseVisible = False
35.1882 	EXP 	rotated_fixation: opacity = 0
35.1886 	EXP 	window1: mouseVisible = False
35.2043 	EXP 	rotated_fixation: opacity = 0
35.2047 	EXP 	window1: mouseVisible = False
35.2160 	EXP 	rotated_fixation: opacity = 0
35.2165 	EXP 	window1: mouseVisible = False
35.2409 	EXP 	rotated_fixation: opacity = 0
35.2414 	EXP 	window1: mouseVisible = False
35.2544 	EXP 	rotated_fixation: opacity = 0
35.2548 	EXP 	window1: mouseVisible = False
35.2759 	EXP 	rotated_fixation: opacity = 0
35.2764 	EXP 	window1: mouseVisible = False
35.2903 	EXP 	rotated_fixation: opacity = 0
35.2905 	EXP 	window1: mouseVisible = False
35.3139 	EXP 	rotated_fixation: opacity = 0
35.3139 	EXP 	rotated_fixation: pos = [0.15740740740740738, 0.38796296296296295]
35.3139 	EXP 	rotated_fixation: opacity = 1
35.3139 	EXP 	rotated_enclosing_1: autoDraw = False
35.3139 	EXP 	rotated_enclosing: autoDraw = False
35.3139 	EXP 	rotated_target: autoDraw = False
35.3139 	EXP 	rotated_fixation: autoDraw = False
35.3139 	EXP 	rotated_fixation: opacity = 1
35.3139 	EXP 	rotated_target_feedback: pos = array([-0.3,  0.3])
35.3139 	EXP 	rotated_fixation_feedback: pos = array([0., 0.])
35.3139 	EXP 	rotated_score_text: text = 'Your score: 10'
35.3139 	EXP 	rotated_enclosing_feedback_1: autoDraw = True
35.3139 	EXP 	rotated_enclosing_feedback: autoDraw = True
35.3139 	EXP 	rotated_target_feedback: autoDraw = True
35.3139 	EXP 	rotated_fixation_feedback: autoDraw = True
35.3139 	EXP 	rotated_score_text: autoDraw = True
35.8190 	EXP 	rotated_fixation_feedback: autoDraw = False
35.9057 	DATA 	Mouse:  Left button up, pos=(283,818)
36.3140 	EXP 	New trial (rep=0, index=3): OrderedDict([('target_x', -0.3), ('target_y', -0.3), ('rotation', 0)])
36.3146 	EXP 	window1: mouseVisible = False
36.3227 	EXP 	rotated_enclosing_feedback_1: autoDraw = False
36.3227 	EXP 	rotated_enclosing_feedback: autoDraw = False
36.3227 	EXP 	rotated_target_feedback: autoDraw = False
36.3227 	EXP 	rotated_fixation_feedback: autoDraw = False
36.3227 	EXP 	rotated_score_text: autoDraw = False
36.3227 	EXP 	rotated_fixation: opacity = 1
36.3227 	EXP 	rotated_fixation: pos = [0, 0]
36.3227 	EXP 	rotated_fixation: opacity = 1
36.3227 	EXP 	rotated_fixation: pos = [0, 0]
36.3227 	EXP 	rotated_enclosing_1: autoDraw = True
36.3227 	EXP 	rotated_enclosing: autoDraw = True
36.3227 	EXP 	rotated_fixation: autoDraw = True
36.3229 	EXP 	window1: mouseVisible = False
36.3395 	EXP 	rotated_fixation: opacity = 1
36.3395 	EXP 	rotated_fixation: pos = [0, 0]
36.3398 	EXP 	window1: mouseVisible = False
36.3508 	EXP 	rotated_fixation: opacity = 1
36.3508 	EXP 	rotated_fixation: pos = [0, 0]
36.3513 	EXP 	window1: mouseVisible = False
36.3674 	EXP 	rotated_fixation: opacity = 1
36.3674 	EXP 	rotated_fixation: pos = [0, 0]
36.3677 	EXP 	window1: mouseVisible = False
36.3851 	EXP 	rotated_fixation: opacity = 1
36.3851 	EXP 	rotated_fixation: pos = [0, 0]
36.3856 	EXP 	window1: mouseVisible = False
36.4050 	EXP 	rotated_fixation: opacity = 1
36.4050 	EXP 	rotated_fixation: pos = [0, 0]
36.4053 	EXP 	window1: mouseVisible = False
36.4224 	EXP 	rotated_fixation: opacity = 1
36.4224 	EXP 	rotated_fixation: pos = [0, 0]
36.4231 	EXP 	window1: mouseVisible = False
36.4402 	EXP 	rotated_fixation: opacity = 1
36.4402 	EXP 	rotated_fixation: pos = [0, 0]
36.4405 	EXP 	window1: mouseVisible = False
36.4512 	EXP 	rotated_fixation: opacity = 1
36.4512 	EXP 	rotated_fixation: pos = [0, 0]
36.4513 	EXP 	window1: mouseVisible = False
36.4668 	EXP 	rotated_fixation: opacity = 1
36.4668 	EXP 	rotated_fixation: pos = [0, 0]
36.4670 	EXP 	window1: mouseVisible = False
36.4853 	EXP 	rotated_fixation: opacity = 1
36.4853 	EXP 	rotated_fixation: pos = [0, 0]
36.4856 	EXP 	window1: mouseVisible = False
36.5078 	EXP 	rotated_fixation: opacity = 1
36.5078 	EXP 	rotated_fixation: pos = [0, 0]
36.5083 	EXP 	window1: mouseVisible = False
36.5165 	EXP 	rotated_fixation: opacity = 1
36.5165 	EXP 	rotated_fixation: pos = [0, 0]
36.5167 	EXP 	window1: mouseVisible = False
36.5339 	EXP 	rotated_fixation: opacity = 1
36.5339 	EXP 	rotated_fixation: pos = [0, 0]
36.5342 	EXP 	window1: mouseVisible = False
36.5534 	EXP 	rotated_fixation: opacity = 1
36.5534 	EXP 	rotated_fixation: pos = [0, 0]
36.5536 	EXP 	window1: mouseVisible = False
36.5713 	EXP 	rotated_fixation: opacity = 1
36.5713 	EXP 	rotated_fixation: pos = [0, 0]
36.5718 	EXP 	window1: mouseVisible = False
36.5882 	EXP 	rotated_fixation: opacity = 1
36.5882 	EXP 	rotated_fixation: pos = [0, 0]
36.5887 	EXP 	window1: mouseVisible = False
36.5996 	EXP 	rotated_fixation: opacity = 1
36.5996 	EXP 	rotated_fixation: pos = [0, 0]
36.5999 	EXP 	window1: mouseVisible = False
36.6191 	EXP 	rotated_fixation: opacity = 1
36.6191 	EXP 	rotated_fixation: pos = [0, 0]
36.6192 	EXP 	window1: mouseVisible = False
36.6419 	EXP 	rotated_fixation: opacity = 1
36.6419 	EXP 	rotated_fixation: pos = [0, 0]
36.6423 	EXP 	window1: mouseVisible = False
36.6504 	EXP 	rotated_fixation: opacity = 1
36.6504 	EXP 	rotated_fixation: pos = [0, 0]
36.6505 	EXP 	window1: mouseVisible = False
36.6657 	EXP 	rotated_fixation: opacity = 1
36.6657 	EXP 	rotated_fixation: pos = [0, 0]
36.6659 	EXP 	window1: mouseVisible = False
36.6857 	EXP 	rotated_fixation: opacity = 1
36.6857 	EXP 	rotated_fixation: pos = [0, 0]
36.6860 	EXP 	window1: mouseVisible = False
36.7047 	EXP 	rotated_fixation: opacity = 1
36.7047 	EXP 	rotated_fixation: pos = [0, 0]
36.7050 	EXP 	window1: mouseVisible = False
36.7219 	EXP 	rotated_fixation: opacity = 1
36.7219 	EXP 	rotated_fixation: pos = [0, 0]
36.7224 	EXP 	window1: mouseVisible = False
36.7341 	EXP 	rotated_fixation: opacity = 1
36.7341 	EXP 	rotated_fixation: pos = [0, 0]
36.7346 	EXP 	window1: mouseVisible = False
36.7488 	EXP 	rotated_fixation: opacity = 1
36.7488 	EXP 	rotated_fixation: pos = [0, 0]
36.7490 	EXP 	window1: mouseVisible = False
36.7669 	EXP 	rotated_fixation: opacity = 1
36.7669 	EXP 	rotated_fixation: pos = [0, 0]
36.7673 	EXP 	window1: mouseVisible = False
36.7867 	EXP 	rotated_fixation: opacity = 1
36.7867 	EXP 	rotated_fixation: pos = [0, 0]
36.7869 	EXP 	window1: mouseVisible = False
36.7996 	EXP 	rotated_fixation: opacity = 1
36.7996 	EXP 	rotated_fixation: pos = [0, 0]
36.7998 	EXP 	window1: mouseVisible = False
36.8157 	EXP 	rotated_fixation: opacity = 1
36.8157 	EXP 	rotated_fixation: pos = [0, 0]
36.8158 	EXP 	window1: mouseVisible = False
36.8318 	EXP 	rotated_fixation: opacity = 1
36.8318 	EXP 	rotated_fixation: pos = [0, 0]
36.8319 	EXP 	window1: mouseVisible = False
36.8487 	EXP 	rotated_fixation: opacity = 1
36.8487 	EXP 	rotated_fixation: pos = [0, 0]
36.8487 	EXP 	rotated_target: autoDraw = True
36.8489 	EXP 	window1: mouseVisible = False
36.8693 	EXP 	rotated_fixation: opacity = 1
36.8693 	EXP 	rotated_fixation: pos = [0, 0]
36.8695 	EXP 	window1: mouseVisible = False
36.8876 	EXP 	rotated_fixation: opacity = 1
36.8876 	EXP 	rotated_fixation: pos = [0, 0]
36.8882 	EXP 	window1: mouseVisible = False
36.9119 	EXP 	rotated_fixation: opacity = 1
36.9119 	EXP 	rotated_fixation: pos = [0, 0]
36.9123 	EXP 	window1: mouseVisible = False
36.9197 	EXP 	rotated_fixation: opacity = 1
36.9197 	EXP 	rotated_fixation: pos = [0, 0]
36.9199 	EXP 	window1: mouseVisible = False
36.9327 	EXP 	rotated_fixation: opacity = 1
36.9327 	EXP 	rotated_fixation: pos = [0, 0]
36.9328 	EXP 	window1: mouseVisible = False
36.9517 	EXP 	rotated_fixation: opacity = 1
36.9517 	EXP 	rotated_fixation: pos = [0, 0]
36.9520 	EXP 	window1: mouseVisible = False
36.9792 	EXP 	rotated_fixation: opacity = 1
36.9792 	EXP 	rotated_fixation: pos = [0, 0]
36.9797 	EXP 	window1: mouseVisible = False
36.9930 	EXP 	rotated_fixation: opacity = 1
36.9930 	EXP 	rotated_fixation: pos = [0, 0]
36.9936 	EXP 	window1: mouseVisible = False
37.0166 	EXP 	rotated_fixation: opacity = 1
37.0166 	EXP 	rotated_fixation: pos = [0, 0]
37.0171 	EXP 	window1: mouseVisible = False
37.0329 	EXP 	rotated_fixation: opacity = 1
37.0329 	EXP 	rotated_fixation: pos = [0, 0]
37.0331 	EXP 	window1: mouseVisible = False
37.0476 	EXP 	rotated_fixation: opacity = 1
37.0476 	EXP 	rotated_fixation: pos = [0, 0]
37.0481 	EXP 	window1: mouseVisible = False
37.0655 	EXP 	rotated_fixation: opacity = 1
37.0655 	EXP 	rotated_fixation: pos = [0, 0]
37.0657 	EXP 	window1: mouseVisible = False
37.0814 	EXP 	rotated_fixation: opacity = 1
37.0814 	EXP 	rotated_fixation: pos = [0, 0]
37.0816 	EXP 	window1: mouseVisible = False
37.0982 	EXP 	rotated_fixation: opacity = 1
37.0982 	EXP 	rotated_fixation: pos = [0, 0]
37.0984 	EXP 	window1: mouseVisible = False
37.1182 	EXP 	rotated_fixation: opacity = 1
37.1182 	EXP 	rotated_fixation: pos = [0, 0]
37.1186 	EXP 	window1: mouseVisible = False
37.1339 	EXP 	rotated_fixation: opacity = 1
37.1339 	EXP 	rotated_fixation: pos = [0, 0]
37.1344 	EXP 	window1: mouseVisible = False
37.1507 	EXP 	rotated_fixation: opacity = 1
37.1507 	EXP 	rotated_fixation: pos = [0, 0]
37.1509 	EXP 	window1: mouseVisible = False
37.1684 	EXP 	rotated_fixation: opacity = 1
37.1684 	EXP 	rotated_fixation: pos = [0, 0]
37.1685 	EXP 	window1: mouseVisible = False
37.1868 	EXP 	rotated_fixation: opacity = 1
37.1868 	EXP 	rotated_fixation: pos = [0, 0]
37.1872 	EXP 	window1: mouseVisible = False
37.2029 	EXP 	rotated_fixation: opacity = 1
37.2029 	EXP 	rotated_fixation: pos = [0, 0]
37.2031 	EXP 	window1: mouseVisible = False
37.2196 	EXP 	rotated_fixation: opacity = 1
37.2196 	EXP 	rotated_fixation: pos = [0, 0]
37.2200 	EXP 	window1: mouseVisible = False
37.2359 	EXP 	rotated_fixation: opacity = 1
37.2359 	EXP 	rotated_fixation: pos = [0, 0]
37.2364 	EXP 	window1: mouseVisible = False
37.2524 	EXP 	rotated_fixation: opacity = 1
37.2524 	EXP 	rotated_fixation: pos = [0, 0]
37.2527 	EXP 	window1: mouseVisible = False
37.2668 	EXP 	rotated_fixation: opacity = 1
37.2668 	EXP 	rotated_fixation: pos = [0, 0]
37.2674 	EXP 	window1: mouseVisible = False
37.2843 	EXP 	rotated_fixation: opacity = 1
37.2843 	EXP 	rotated_fixation: pos = [0, 0]
37.2848 	EXP 	window1: mouseVisible = False
37.3031 	EXP 	rotated_fixation: opacity = 1
37.3031 	EXP 	rotated_fixation: pos = [0, 0]
37.3036 	EXP 	window1: mouseVisible = False
37.3292 	EXP 	rotated_fixation: opacity = 1
37.3292 	EXP 	rotated_fixation: pos = [0, 0]
37.3295 	EXP 	window1: mouseVisible = False
37.3547 	EXP 	rotated_fixation: opacity = 1
37.3547 	EXP 	rotated_fixation: pos = [0, 0]
37.3551 	EXP 	window1: mouseVisible = False
37.3722 	EXP 	rotated_fixation: opacity = 1
37.3722 	EXP 	rotated_fixation: pos = [0, 0]
37.3729 	EXP 	window1: mouseVisible = False
37.3986 	EXP 	rotated_fixation: opacity = 1
37.3986 	EXP 	rotated_fixation: pos = [0, 0]
37.3991 	EXP 	window1: mouseVisible = False
37.4150 	EXP 	rotated_fixation: opacity = 1
37.4150 	EXP 	rotated_fixation: pos = [0, 0]
37.4155 	EXP 	window1: mouseVisible = False
37.4369 	EXP 	rotated_fixation: opacity = 1
37.4369 	EXP 	rotated_fixation: pos = [0, 0]
37.4373 	EXP 	window1: mouseVisible = False
37.4550 	EXP 	rotated_fixation: opacity = 1
37.4550 	EXP 	rotated_fixation: pos = [0, 0]
37.4553 	EXP 	window1: mouseVisible = False
37.4699 	EXP 	rotated_fixation: opacity = 1
37.4699 	EXP 	rotated_fixation: pos = [0, 0]
37.4703 	EXP 	window1: mouseVisible = False
37.4879 	EXP 	rotated_fixation: opacity = 1
37.4879 	EXP 	rotated_fixation: pos = [0, 0]
37.4882 	EXP 	window1: mouseVisible = False
37.5035 	EXP 	rotated_fixation: opacity = 1
37.5035 	EXP 	rotated_fixation: pos = [0, 0]
37.5043 	EXP 	window1: mouseVisible = False
37.5183 	EXP 	rotated_fixation: opacity = 1
37.5183 	EXP 	rotated_fixation: pos = [0, 0]
37.5186 	EXP 	window1: mouseVisible = False
37.5370 	EXP 	rotated_fixation: opacity = 1
37.5370 	EXP 	rotated_fixation: pos = [0, 0]
37.5374 	EXP 	window1: mouseVisible = False
37.5625 	EXP 	rotated_fixation: opacity = 1
37.5625 	EXP 	rotated_fixation: pos = [0, 0]
37.5633 	EXP 	window1: mouseVisible = False
37.5863 	EXP 	rotated_fixation: opacity = 1
37.5863 	EXP 	rotated_fixation: pos = [0, 0]
37.5869 	EXP 	window1: mouseVisible = False
37.6032 	EXP 	rotated_fixation: opacity = 1
37.6032 	EXP 	rotated_fixation: pos = [0, 0]
37.6037 	EXP 	window1: mouseVisible = False
37.6198 	EXP 	rotated_fixation: opacity = 1
37.6198 	EXP 	rotated_fixation: pos = [0, 0]
37.6202 	EXP 	window1: mouseVisible = False
37.6432 	EXP 	rotated_fixation: opacity = 1
37.6432 	EXP 	rotated_fixation: pos = [0, 0]
37.6438 	EXP 	window1: mouseVisible = False
37.6682 	EXP 	rotated_fixation: opacity = 1
37.6682 	EXP 	rotated_fixation: pos = [0, 0]
37.6689 	EXP 	window1: mouseVisible = False
37.6854 	EXP 	rotated_fixation: opacity = 1
37.6854 	EXP 	rotated_fixation: pos = [0, 0]
37.6859 	EXP 	window1: mouseVisible = False
37.7017 	EXP 	rotated_fixation: opacity = 1
37.7017 	EXP 	rotated_fixation: pos = [0, 0]
37.7020 	EXP 	window1: mouseVisible = False
37.7171 	EXP 	rotated_fixation: opacity = 1
37.7171 	EXP 	rotated_fixation: pos = [0, 0]
37.7173 	EXP 	window1: mouseVisible = False
37.7353 	EXP 	rotated_fixation: opacity = 1
37.7353 	EXP 	rotated_fixation: pos = [0, 0]
37.7357 	EXP 	window1: mouseVisible = False
37.7372 	DATA 	Mouse: Left button down, pos=(960,540)
37.7565 	EXP 	rotated_fixation: opacity = 0
37.7571 	EXP 	window1: mouseVisible = False
37.7732 	EXP 	rotated_fixation: opacity = 0
37.7735 	EXP 	window1: mouseVisible = False
37.7965 	EXP 	rotated_fixation: opacity = 0
37.7969 	EXP 	window1: mouseVisible = False
37.8213 	EXP 	rotated_fixation: opacity = 0
37.8216 	EXP 	window1: mouseVisible = False
37.8354 	EXP 	rotated_fixation: opacity = 0
37.8355 	EXP 	window1: mouseVisible = False
37.8507 	EXP 	rotated_fixation: opacity = 0
37.8512 	EXP 	window1: mouseVisible = False
37.8684 	EXP 	rotated_fixation: opacity = 0
37.8685 	EXP 	window1: mouseVisible = False
37.8818 	EXP 	rotated_fixation: opacity = 0
37.8823 	EXP 	window1: mouseVisible = False
37.8992 	EXP 	rotated_fixation: opacity = 0
37.8995 	EXP 	window1: mouseVisible = False
37.9186 	EXP 	rotated_fixation: opacity = 0
37.9194 	EXP 	window1: mouseVisible = False
37.9409 	EXP 	rotated_fixation: opacity = 0
37.9415 	EXP 	window1: mouseVisible = False
37.9565 	EXP 	rotated_fixation: opacity = 0
37.9573 	EXP 	window1: mouseVisible = False
37.9869 	EXP 	rotated_fixation: opacity = 0
37.9874 	EXP 	window1: mouseVisible = False
38.0029 	EXP 	rotated_fixation: opacity = 0
38.0033 	EXP 	window1: mouseVisible = False
38.0207 	EXP 	rotated_fixation: opacity = 0
38.0210 	EXP 	window1: mouseVisible = False
38.0343 	EXP 	rotated_fixation: opacity = 0
38.0349 	EXP 	window1: mouseVisible = False
38.0554 	EXP 	rotated_fixation: opacity = 0
38.0557 	EXP 	window1: mouseVisible = False
38.0702 	EXP 	rotated_fixation: opacity = 0
38.0704 	EXP 	window1: mouseVisible = False
38.0847 	EXP 	rotated_fixation: opacity = 0
38.0849 	EXP 	window1: mouseVisible = False
38.1008 	EXP 	rotated_fixation: opacity = 0
38.1017 	EXP 	window1: mouseVisible = False
38.1243 	EXP 	rotated_fixation: opacity = 0
38.1248 	EXP 	window1: mouseVisible = False
38.1397 	EXP 	rotated_fixation: opacity = 0
38.1402 	EXP 	window1: mouseVisible = False
38.1692 	EXP 	rotated_fixation: opacity = 0
38.1695 	EXP 	window1: mouseVisible = False
38.1752 	DATA 	Mouse:  Left button up, pos=(935,499)
38.1845 	EXP 	rotated_fixation: opacity = 0
38.1849 	EXP 	window1: mouseVisible = False
38.2023 	EXP 	rotated_fixation: opacity = 1
38.2023 	EXP 	rotated_fixation: pos = [0, 0]
38.2027 	EXP 	window1: mouseVisible = False
38.2134 	EXP 	rotated_fixation: opacity = 1
38.2134 	EXP 	rotated_fixation: pos = [0, 0]
38.2136 	EXP 	window1: mouseVisible = False
38.2372 	EXP 	rotated_fixation: opacity = 1
38.2372 	EXP 	rotated_fixation: pos = [0, 0]
38.2380 	EXP 	window1: mouseVisible = False
38.2728 	EXP 	rotated_fixation: opacity = 1
38.2728 	EXP 	rotated_fixation: pos = [0, 0]
38.2730 	EXP 	window1: mouseVisible = False
38.2847 	EXP 	rotated_fixation: opacity = 1
38.2847 	EXP 	rotated_fixation: pos = [0, 0]
38.2851 	EXP 	window1: mouseVisible = False
38.3038 	EXP 	rotated_fixation: opacity = 1
38.3038 	EXP 	rotated_fixation: pos = [0, 0]
38.3044 	EXP 	window1: mouseVisible = False
38.3224 	EXP 	rotated_fixation: opacity = 1
38.3224 	EXP 	rotated_fixation: pos = [0, 0]
38.3227 	EXP 	window1: mouseVisible = False
38.3472 	EXP 	rotated_fixation: opacity = 1
38.3472 	EXP 	rotated_fixation: pos = [0, 0]
38.3475 	EXP 	window1: mouseVisible = False
38.3658 	EXP 	rotated_fixation: opacity = 1
38.3658 	EXP 	rotated_fixation: pos = [0, 0]
38.3660 	EXP 	window1: mouseVisible = False
38.3857 	EXP 	rotated_fixation: opacity = 1
38.3857 	EXP 	rotated_fixation: pos = [0, 0]
38.3861 	EXP 	window1: mouseVisible = False
38.4002 	EXP 	rotated_fixation: opacity = 1
38.4002 	EXP 	rotated_fixation: pos = [0, 0]
38.4009 	EXP 	window1: mouseVisible = False
38.4216 	EXP 	rotated_fixation: opacity = 1
38.4216 	EXP 	rotated_fixation: pos = [0, 0]
38.4219 	EXP 	window1: mouseVisible = False
38.4339 	EXP 	rotated_fixation: opacity = 1
38.4339 	EXP 	rotated_fixation: pos = [0, 0]
38.4347 	EXP 	window1: mouseVisible = False
38.4582 	EXP 	rotated_fixation: opacity = 1
38.4582 	EXP 	rotated_fixation: pos = [0, 0]
38.4588 	EXP 	window1: mouseVisible = False
38.4688 	EXP 	rotated_fixation: opacity = 1
38.4688 	EXP 	rotated_fixation: pos = [0, 0]
38.4690 	EXP 	window1: mouseVisible = False
38.4878 	EXP 	rotated_fixation: opacity = 1
38.4878 	EXP 	rotated_fixation: pos = [0, 0]
38.4886 	EXP 	window1: mouseVisible = False
38.5052 	EXP 	rotated_fixation: opacity = 1
38.5052 	EXP 	rotated_fixation: pos = [0, 0]
38.5055 	EXP 	window1: mouseVisible = False
38.5314 	EXP 	rotated_fixation: opacity = 1
38.5314 	EXP 	rotated_fixation: pos = [0, 0]
38.5319 	EXP 	window1: mouseVisible = False
38.5492 	EXP 	rotated_fixation: opacity = 1
38.5492 	EXP 	rotated_fixation: pos = [0, 0]
38.5494 	EXP 	window1: mouseVisible = False
38.5638 	EXP 	rotated_fixation: opacity = 1
38.5638 	EXP 	rotated_fixation: pos = [0, 0]
38.5643 	EXP 	window1: mouseVisible = False
38.5841 	EXP 	rotated_fixation: opacity = 1
38.5841 	EXP 	rotated_fixation: pos = [0, 0]
38.5845 	EXP 	window1: mouseVisible = False
38.6005 	EXP 	rotated_fixation: opacity = 1
38.6005 	EXP 	rotated_fixation: pos = [0, 0]
38.6009 	EXP 	window1: mouseVisible = False
38.6182 	EXP 	rotated_fixation: opacity = 1
38.6182 	EXP 	rotated_fixation: pos = [0, 0]
38.6186 	EXP 	window1: mouseVisible = False
38.6483 	EXP 	rotated_fixation: opacity = 1
38.6483 	EXP 	rotated_fixation: pos = [0, 0]
38.6489 	EXP 	window1: mouseVisible = False
38.6734 	EXP 	rotated_fixation: opacity = 1
38.6734 	EXP 	rotated_fixation: pos = [0, 0]
38.6739 	EXP 	window1: mouseVisible = False
38.6849 	EXP 	rotated_fixation: opacity = 1
38.6849 	EXP 	rotated_fixation: pos = [0, 0]
38.6854 	EXP 	window1: mouseVisible = False
38.6984 	EXP 	rotated_fixation: opacity = 1
38.6984 	EXP 	rotated_fixation: pos = [0, 0]
38.6987 	EXP 	window1: mouseVisible = False
38.7176 	EXP 	rotated_fixation: opacity = 1
38.7176 	EXP 	rotated_fixation: pos = [0, 0]
38.7179 	EXP 	window1: mouseVisible = False
38.7328 	EXP 	rotated_fixation: opacity = 1
38.7328 	EXP 	rotated_fixation: pos = [0, 0]
38.7336 	EXP 	window1: mouseVisible = False
38.7534 	EXP 	rotated_fixation: opacity = 1
38.7534 	EXP 	rotated_fixation: pos = [0, 0]
38.7539 	EXP 	window1: mouseVisible = False
38.7681 	EXP 	rotated_fixation: opacity = 1
38.7681 	EXP 	rotated_fixation: pos = [0, 0]
38.7687 	EXP 	window1: mouseVisible = False
38.7847 	EXP 	rotated_fixation: opacity = 1
38.7847 	EXP 	rotated_fixation: pos = [0, 0]
38.7850 	EXP 	window1: mouseVisible = False
38.8032 	EXP 	rotated_fixation: opacity = 1
38.8032 	EXP 	rotated_fixation: pos = [0, 0]
38.8035 	EXP 	window1: mouseVisible = False
38.8375 	EXP 	rotated_fixation: opacity = 1
38.8375 	EXP 	rotated_fixation: pos = [0, 0]
38.8377 	EXP 	window1: mouseVisible = False
38.8483 	EXP 	rotated_fixation: opacity = 1
38.8483 	EXP 	rotated_fixation: pos = [0, 0]
38.8489 	EXP 	window1: mouseVisible = False
38.8716 	EXP 	rotated_fixation: opacity = 1
38.8716 	EXP 	rotated_fixation: pos = [0, 0]
38.8721 	EXP 	window1: mouseVisible = False
38.8840 	EXP 	rotated_fixation: opacity = 1
38.8840 	EXP 	rotated_fixation: pos = [0, 0]
38.8844 	EXP 	window1: mouseVisible = False
38.9005 	EXP 	rotated_fixation: opacity = 1
38.9005 	EXP 	rotated_fixation: pos = [0, 0]
38.9011 	EXP 	window1: mouseVisible = False
38.9245 	EXP 	rotated_fixation: opacity = 1
38.9245 	EXP 	rotated_fixation: pos = [0, 0]
38.9251 	EXP 	window1: mouseVisible = False
38.9488 	EXP 	rotated_fixation: opacity = 1
38.9488 	EXP 	rotated_fixation: pos = [0, 0]
38.9492 	EXP 	window1: mouseVisible = False
38.9504 	DATA 	Mouse: Left button down, pos=(960,540)
38.9647 	EXP 	rotated_fixation: opacity = 0
38.9648 	EXP 	window1: mouseVisible = False
38.9938 	EXP 	rotated_fixation: opacity = 0
38.9939 	EXP 	window1: mouseVisible = False
39.0023 	EXP 	rotated_fixation: opacity = 0
39.0026 	EXP 	window1: mouseVisible = False
39.0242 	EXP 	rotated_fixation: opacity = 0
39.0248 	EXP 	window1: mouseVisible = False
39.0428 	EXP 	rotated_fixation: opacity = 0
39.0441 	EXP 	window1: mouseVisible = False
39.0763 	EXP 	rotated_fixation: opacity = 0
39.0771 	EXP 	window1: mouseVisible = False
39.0898 	EXP 	rotated_fixation: opacity = 0
39.0902 	EXP 	window1: mouseVisible = False
39.1113 	EXP 	rotated_fixation: opacity = 0
39.1117 	EXP 	window1: mouseVisible = False
39.1379 	EXP 	rotated_fixation: opacity = 0
39.1383 	EXP 	window1: mouseVisible = False
39.1509 	EXP 	rotated_fixation: opacity = 0
39.1511 	EXP 	window1: mouseVisible = False
39.1657 	EXP 	rotated_fixation: opacity = 0
39.1662 	EXP 	window1: mouseVisible = False
39.1856 	EXP 	rotated_fixation: opacity = 0
39.1860 	EXP 	window1: mouseVisible = False
39.1992 	EXP 	rotated_fixation: opacity = 0
39.1998 	EXP 	window1: mouseVisible = False
39.2137 	EXP 	rotated_fixation: opacity = 0
39.2142 	EXP 	window1: mouseVisible = False
39.2305 	EXP 	rotated_fixation: opacity = 0
39.2307 	EXP 	window1: mouseVisible = False
39.2508 	EXP 	rotated_fixation: opacity = 0
39.2514 	EXP 	window1: mouseVisible = False
39.2713 	EXP 	rotated_fixation: opacity = 0
39.2718 	EXP 	window1: mouseVisible = False
39.2825 	EXP 	rotated_fixation: opacity = 0
39.2827 	EXP 	window1: mouseVisible = False
39.2980 	EXP 	rotated_fixation: opacity = 0
39.2987 	EXP 	window1: mouseVisible = False
39.3222 	EXP 	rotated_fixation: opacity = 0
39.3230 	EXP 	window1: mouseVisible = False
39.3351 	EXP 	rotated_fixation: opacity = 0
39.3352 	EXP 	window1: mouseVisible = False
39.3542 	EXP 	rotated_fixation: opacity = 0
39.3549 	EXP 	window1: mouseVisible = False
39.3710 	EXP 	rotated_fixation: opacity = 0
39.3717 	EXP 	window1: mouseVisible = False
39.3975 	EXP 	rotated_fixation: opacity = 0
39.3978 	EXP 	window1: mouseVisible = False
39.4131 	EXP 	rotated_fixation: opacity = 0
39.4132 	EXP 	window1: mouseVisible = False
39.4322 	EXP 	rotated_fixation: opacity = 0
39.4324 	EXP 	window1: mouseVisible = False
39.4502 	EXP 	rotated_fixation: opacity = 0
39.4507 	EXP 	window1: mouseVisible = False
39.4637 	EXP 	rotated_fixation: opacity = 0
39.4639 	EXP 	window1: mouseVisible = False
39.4644 	DATA 	Mouse:  Left button up, pos=(775,600)
39.4790 	EXP 	rotated_fixation: opacity = 1
39.4790 	EXP 	rotated_fixation: pos = [0, 0]
39.4791 	EXP 	window1: mouseVisible = False
39.5005 	EXP 	rotated_fixation: opacity = 1
39.5005 	EXP 	rotated_fixation: pos = [0, 0]
39.5008 	EXP 	window1: mouseVisible = False
39.5259 	EXP 	rotated_fixation: opacity = 1
39.5259 	EXP 	rotated_fixation: pos = [0, 0]
39.5265 	EXP 	window1: mouseVisible = False
39.5374 	EXP 	rotated_fixation: opacity = 1
39.5374 	EXP 	rotated_fixation: pos = [0, 0]
39.5377 	EXP 	window1: mouseVisible = False
39.5620 	EXP 	rotated_fixation: opacity = 1
39.5620 	EXP 	rotated_fixation: pos = [0, 0]
39.5624 	EXP 	window1: mouseVisible = False
39.5833 	EXP 	rotated_fixation: opacity = 1
39.5833 	EXP 	rotated_fixation: pos = [0, 0]
39.5836 	EXP 	window1: mouseVisible = False
39.5973 	EXP 	rotated_fixation: opacity = 1
39.5973 	EXP 	rotated_fixation: pos = [0, 0]
39.5976 	EXP 	window1: mouseVisible = False
39.6163 	EXP 	rotated_fixation: opacity = 1
39.6163 	EXP 	rotated_fixation: pos = [0, 0]
39.6165 	EXP 	window1: mouseVisible = False
39.6401 	EXP 	rotated_fixation: opacity = 1
39.6401 	EXP 	rotated_fixation: pos = [0, 0]
39.6404 	EXP 	window1: mouseVisible = False
39.6510 	EXP 	rotated_fixation: opacity = 1
39.6510 	EXP 	rotated_fixation: pos = [0, 0]
39.6515 	EXP 	window1: mouseVisible = False
39.6684 	EXP 	rotated_fixation: opacity = 1
39.6684 	EXP 	rotated_fixation: pos = [0, 0]
39.6688 	EXP 	window1: mouseVisible = False
39.6859 	EXP 	rotated_fixation: opacity = 1
39.6859 	EXP 	rotated_fixation: pos = [0, 0]
39.6865 	EXP 	window1: mouseVisible = False
39.7086 	EXP 	rotated_fixation: opacity = 1
39.7086 	EXP 	rotated_fixation: pos = [0, 0]
39.7090 	EXP 	window1: mouseVisible = False
39.7233 	EXP 	rotated_fixation: opacity = 1
39.7233 	EXP 	rotated_fixation: pos = [0, 0]
39.7240 	EXP 	window1: mouseVisible = False
39.7482 	EXP 	rotated_fixation: opacity = 1
39.7482 	EXP 	rotated_fixation: pos = [0, 0]
39.7486 	EXP 	window1: mouseVisible = False
39.7692 	EXP 	rotated_fixation: opacity = 1
39.7692 	EXP 	rotated_fixation: pos = [0, 0]
39.7701 	EXP 	window1: mouseVisible = False
39.8020 	EXP 	rotated_fixation: opacity = 1
39.8020 	EXP 	rotated_fixation: pos = [0, 0]
39.8023 	EXP 	window1: mouseVisible = False
39.8180 	EXP 	rotated_fixation: opacity = 1
39.8180 	EXP 	rotated_fixation: pos = [0, 0]
39.8186 	EXP 	window1: mouseVisible = False
39.8407 	EXP 	rotated_fixation: opacity = 1
39.8407 	EXP 	rotated_fixation: pos = [0, 0]
39.8414 	EXP 	window1: mouseVisible = False
39.8521 	EXP 	rotated_fixation: opacity = 1
39.8521 	EXP 	rotated_fixation: pos = [0, 0]
39.8526 	EXP 	window1: mouseVisible = False
39.8754 	EXP 	rotated_fixation: opacity = 1
39.8754 	EXP 	rotated_fixation: pos = [0, 0]
39.8758 	EXP 	window1: mouseVisible = False
39.8892 	EXP 	rotated_fixation: opacity = 1
39.8892 	EXP 	rotated_fixation: pos = [0, 0]
39.8899 	EXP 	window1: mouseVisible = False
39.9046 	EXP 	rotated_fixation: opacity = 1
39.9046 	EXP 	rotated_fixation: pos = [0, 0]
39.9050 	EXP 	window1: mouseVisible = False
39.9272 	EXP 	rotated_fixation: opacity = 1
39.9272 	EXP 	rotated_fixation: pos = [0, 0]
39.9277 	EXP 	window1: mouseVisible = False
39.9498 	EXP 	rotated_fixation: opacity = 1
39.9498 	EXP 	rotated_fixation: pos = [0, 0]
39.9501 	EXP 	window1: mouseVisible = False
39.9670 	EXP 	rotated_fixation: opacity = 1
39.9670 	EXP 	rotated_fixation: pos = [0, 0]
39.9674 	EXP 	window1: mouseVisible = False
39.9843 	EXP 	rotated_fixation: opacity = 1
39.9843 	EXP 	rotated_fixation: pos = [0, 0]
39.9849 	EXP 	window1: mouseVisible = False
40.0115 	EXP 	rotated_fixation: opacity = 1
40.0115 	EXP 	rotated_fixation: pos = [0, 0]
40.0124 	EXP 	window1: mouseVisible = False
40.0215 	EXP 	rotated_fixation: opacity = 1
40.0215 	EXP 	rotated_fixation: pos = [0, 0]
40.0217 	EXP 	window1: mouseVisible = False
40.0466 	EXP 	rotated_fixation: opacity = 1
40.0466 	EXP 	rotated_fixation: pos = [0, 0]
40.0471 	EXP 	window1: mouseVisible = False
40.0689 	EXP 	rotated_fixation: opacity = 1
40.0689 	EXP 	rotated_fixation: pos = [0, 0]
40.0696 	EXP 	window1: mouseVisible = False
40.0972 	EXP 	rotated_fixation: opacity = 1
40.0972 	EXP 	rotated_fixation: pos = [0, 0]
40.0976 	EXP 	window1: mouseVisible = False
40.1179 	EXP 	rotated_fixation: opacity = 1
40.1179 	EXP 	rotated_fixation: pos = [0, 0]
40.1187 	EXP 	window1: mouseVisible = False
40.1428 	EXP 	rotated_fixation: opacity = 1
40.1428 	EXP 	rotated_fixation: pos = [0, 0]
40.1436 	EXP 	window1: mouseVisible = False
40.1709 	EXP 	rotated_fixation: opacity = 1
40.1709 	EXP 	rotated_fixation: pos = [0, 0]
40.1713 	EXP 	window1: mouseVisible = False
40.1818 	EXP 	rotated_fixation: opacity = 1
40.1818 	EXP 	rotated_fixation: pos = [0, 0]
40.1822 	EXP 	window1: mouseVisible = False
40.1970 	EXP 	rotated_fixation: opacity = 1
40.1970 	EXP 	rotated_fixation: pos = [0, 0]
40.1976 	EXP 	window1: mouseVisible = False
40.2176 	EXP 	rotated_fixation: opacity = 1
40.2176 	EXP 	rotated_fixation: pos = [0, 0]
40.2185 	EXP 	window1: mouseVisible = False
40.2216 	DATA 	Mouse: Left button down, pos=(960,540)
40.2517 	EXP 	rotated_fixation: opacity = 0
40.2519 	EXP 	window1: mouseVisible = False
40.2714 	EXP 	rotated_fixation: opacity = 0
40.2722 	EXP 	window1: mouseVisible = False
40.2848 	EXP 	rotated_fixation: opacity = 0
40.2851 	EXP 	window1: mouseVisible = False
40.3071 	EXP 	rotated_fixation: opacity = 0
40.3078 	EXP 	window1: mouseVisible = False
40.3290 	EXP 	rotated_fixation: opacity = 0
40.3291 	EXP 	window1: mouseVisible = False
40.3382 	EXP 	rotated_fixation: opacity = 0
40.3386 	EXP 	window1: mouseVisible = False
40.3703 	EXP 	rotated_fixation: opacity = 0
40.3706 	EXP 	window1: mouseVisible = False
40.3865 	EXP 	rotated_fixation: opacity = 0
40.3869 	EXP 	window1: mouseVisible = False
40.4121 	EXP 	rotated_fixation: opacity = 0
40.4123 	EXP 	window1: mouseVisible = False
40.4327 	EXP 	rotated_fixation: opacity = 0
40.4332 	EXP 	window1: mouseVisible = False
40.4477 	EXP 	rotated_fixation: opacity = 0
40.4480 	EXP 	window1: mouseVisible = False
40.4620 	EXP 	rotated_fixation: opacity = 0
40.4621 	EXP 	window1: mouseVisible = False
40.4870 	EXP 	rotated_fixation: opacity = 0
40.4877 	EXP 	window1: mouseVisible = False
40.5054 	EXP 	rotated_fixation: opacity = 0
40.5060 	EXP 	window1: mouseVisible = False
40.5320 	EXP 	rotated_fixation: opacity = 0
40.5323 	EXP 	window1: mouseVisible = False
40.5455 	EXP 	rotated_fixation: opacity = 0
40.5458 	EXP 	window1: mouseVisible = False
40.5659 	EXP 	rotated_fixation: opacity = 0
40.5661 	EXP 	window1: mouseVisible = False
40.5833 	EXP 	rotated_fixation: opacity = 0
40.5837 	EXP 	window1: mouseVisible = False
40.6003 	EXP 	rotated_fixation: opacity = 0
40.6010 	EXP 	window1: mouseVisible = False
40.6205 	EXP 	rotated_fixation: opacity = 0
40.6211 	EXP 	window1: mouseVisible = False
40.6395 	EXP 	rotated_fixation: opacity = 0
40.6401 	EXP 	window1: mouseVisible = False
40.6637 	EXP 	rotated_fixation: opacity = 0
40.6644 	EXP 	window1: mouseVisible = False
40.6901 	EXP 	rotated_fixation: opacity = 0
40.6906 	EXP 	window1: mouseVisible = False
40.6979 	EXP 	rotated_fixation: opacity = 0
40.6981 	EXP 	window1: mouseVisible = False
40.7160 	EXP 	rotated_fixation: opacity = 0
40.7165 	EXP 	window1: mouseVisible = False
40.7303 	EXP 	rotated_fixation: opacity = 0
40.7307 	EXP 	window1: mouseVisible = False
40.7480 	EXP 	rotated_fixation: opacity = 0
40.7480 	EXP 	rotated_fixation: pos = [-0.32685185185185184, 0.2611111111111111]
40.7480 	EXP 	rotated_fixation: opacity = 1
40.7480 	EXP 	rotated_enclosing_1: autoDraw = False
40.7480 	EXP 	rotated_enclosing: autoDraw = False
40.7480 	EXP 	rotated_target: autoDraw = False
40.7480 	EXP 	rotated_fixation: autoDraw = False
40.7480 	EXP 	rotated_fixation: opacity = 1
40.7480 	EXP 	rotated_target_feedback: pos = array([-0.3, -0.3])
40.7480 	EXP 	rotated_fixation_feedback: pos = array([0., 0.])
40.7480 	EXP 	rotated_score_text: text = 'Your score: 10'
40.7480 	EXP 	rotated_enclosing_feedback_1: autoDraw = True
40.7480 	EXP 	rotated_enclosing_feedback: autoDraw = True
40.7480 	EXP 	rotated_target_feedback: autoDraw = True
40.7480 	EXP 	rotated_fixation_feedback: autoDraw = True
40.7480 	EXP 	rotated_score_text: autoDraw = True
41.2093 	DATA 	Mouse:  Left button up, pos=(422,1)
41.2596 	EXP 	rotated_fixation_feedback: autoDraw = False
41.7418 	EXP 	New trial (rep=0, index=4): OrderedDict([('target_x', 0.3), ('target_y', 0.3), ('rotation', 0)])
41.7432 	EXP 	window1: mouseVisible = False
41.7532 	EXP 	rotated_enclosing_feedback_1: autoDraw = False
41.7532 	EXP 	rotated_enclosing_feedback: autoDraw = False
41.7532 	EXP 	rotated_target_feedback: autoDraw = False
41.7532 	EXP 	rotated_score_text: autoDraw = False
41.7532 	EXP 	rotated_enclosing_feedback_1: autoDraw = False
41.7532 	EXP 	rotated_enclosing_feedback: autoDraw = False
41.7532 	EXP 	rotated_target_feedback: autoDraw = False
41.7532 	EXP 	rotated_fixation_feedback: autoDraw = False
41.7532 	EXP 	rotated_score_text: autoDraw = False
41.7532 	EXP 	rotated_fixation: opacity = 1
41.7532 	EXP 	rotated_fixation: pos = [0, 0]
41.7532 	EXP 	rotated_fixation: opacity = 1
41.7532 	EXP 	rotated_fixation: pos = [0, 0]
41.7532 	EXP 	rotated_enclosing_1: autoDraw = True
41.7532 	EXP 	rotated_enclosing: autoDraw = True
41.7532 	EXP 	rotated_fixation: autoDraw = True
41.7539 	EXP 	window1: mouseVisible = False
41.7750 	EXP 	rotated_fixation: opacity = 1
41.7750 	EXP 	rotated_fixation: pos = [0, 0]
41.7753 	EXP 	window1: mouseVisible = False
41.7970 	EXP 	rotated_fixation: opacity = 1
41.7970 	EXP 	rotated_fixation: pos = [0, 0]
41.7973 	EXP 	window1: mouseVisible = False
41.8116 	EXP 	rotated_fixation: opacity = 1
41.8116 	EXP 	rotated_fixation: pos = [0, 0]
41.8118 	EXP 	window1: mouseVisible = False
41.8327 	EXP 	rotated_fixation: opacity = 1
41.8327 	EXP 	rotated_fixation: pos = [0, 0]
41.8330 	EXP 	window1: mouseVisible = False
41.8463 	EXP 	rotated_fixation: opacity = 1
41.8463 	EXP 	rotated_fixation: pos = [0, 0]
41.8467 	EXP 	window1: mouseVisible = False
41.8629 	EXP 	rotated_fixation: opacity = 1
41.8629 	EXP 	rotated_fixation: pos = [0, 0]
41.8633 	EXP 	window1: mouseVisible = False
41.8773 	EXP 	rotated_fixation: opacity = 1
41.8773 	EXP 	rotated_fixation: pos = [0, 0]
41.8776 	EXP 	window1: mouseVisible = False
41.8971 	EXP 	rotated_fixation: opacity = 1
41.8971 	EXP 	rotated_fixation: pos = [0, 0]
41.8975 	EXP 	window1: mouseVisible = False
41.9009 	DATA 	Keypress: escape
41.9125 	EXP 	rotated_fixation: opacity = 1
41.9125 	EXP 	rotated_fixation: pos = [0, 0]
41.9129 	EXP 	window1: mouseVisible = False
41.9310 	EXP 	rotated_fixation: opacity = 1
41.9310 	EXP 	rotated_fixation: pos = [0, 0]
41.9313 	EXP 	window1: mouseVisible = False
41.9445 	EXP 	rotated_fixation: opacity = 1
41.9445 	EXP 	rotated_fixation: pos = [0, 0]
41.9447 	EXP 	window1: mouseVisible = False
41.9607 	EXP 	rotated_fixation: opacity = 1
41.9607 	EXP 	rotated_fixation: pos = [0, 0]
41.9610 	EXP 	window1: mouseVisible = False
41.9787 	EXP 	rotated_fixation: opacity = 1
41.9787 	EXP 	rotated_fixation: pos = [0, 0]
41.9793 	EXP 	window1: mouseVisible = False
41.9984 	EXP 	rotated_fixation: opacity = 1
41.9984 	EXP 	rotated_fixation: pos = [0, 0]
41.9988 	EXP 	window1: mouseVisible = False
42.0094 	EXP 	rotated_fixation: opacity = 1
42.0094 	EXP 	rotated_fixation: pos = [0, 0]
42.0098 	EXP 	window1: mouseVisible = False
42.0321 	EXP 	rotated_fixation: opacity = 1
42.0321 	EXP 	rotated_fixation: pos = [0, 0]
42.0324 	EXP 	window1: mouseVisible = False
42.0492 	EXP 	rotated_fixation: opacity = 1
42.0492 	EXP 	rotated_fixation: pos = [0, 0]
42.0497 	EXP 	window1: mouseVisible = False
42.0715 	EXP 	rotated_fixation: opacity = 1
42.0715 	EXP 	rotated_fixation: pos = [0, 0]
42.0721 	EXP 	window1: mouseVisible = False
42.0846 	EXP 	rotated_fixation: opacity = 1
42.0846 	EXP 	rotated_fixation: pos = [0, 0]
42.0849 	EXP 	window1: mouseVisible = False
42.2407 	EXP 	window1: mouseVisible = True
