1.4666 	WARNING 	We strongly recommend you activate the PTB sound engine in PsychoPy prefs as the preferred audio engine. Its timing is vastly superior. Your prefs are currently set to use ['sounddevice', 'PTB', 'pyo', 'pygame'] (in that order).
11.3241 	EXP 	Created window1 = Window(allowGUI=False, allowStencil=False, args=UNKNOWN, autoLog=True, bitsMode=UNKNOWN, blendMode='avg', bpc=(8, 8, 8), color=array([0., 0., 0.]), colorSpace='rgb', depthBits=8, fullscr=<method-wrapper '__getattribute__' of attributeSetter object at 0x000001B3FFB368D0>, gamma=None, gammaErrorPolicy='raise', kwargs=UNKNOWN, lms=UNKNOWN, monitor=<psychopy.monitors.calibTools.Monitor object at 0x000001B3FF88B908>, multiSample=False, name='window1', numSamples=2, pos=[0.0, 0.0], screen=0, size=array([1920, 1080]), stencilBits=0, stereo=False, units='height', useFBO=True, useRetina=False, viewOri=0.0, viewPos=None, viewScale=None, waitBlanking=True, winType='pyglet')
11.3249 	EXP 	window1: mouseVisible = True
11.3250 	EXP 	window1: recordFrameIntervals = False
11.4893 	EXP 	window1: recordFrameIntervals = True
11.6731 	EXP 	window1: recordFrameIntervals = False
12.0473 	EXP 	Created Welcome = TextStim(__class__=<class 'psychopy.visual.text.TextStim'>, alignHoriz=method-wrapper(...), alignText='center', alignVert=method-wrapper(...), anchorHoriz='center', anchorVert='center', antialias=True, autoLog=True, bold=False, color='white', colorSpace='named', contrast=1.0, depth=0.0, flipHoriz=False, flipVert=False, font='Arial', fontFiles=[], height=0.04, italic=False, languageStyle='LTR', name='Welcome', opacity=1.0, ori=0, pos=array([0., 0.]), rgb=array([255., 255., 255.]), text=str(...), units='height', win=Window(...), wrapWidth=1)
12.0474 	EXP 	window1: mouseVisible = True
12.0575 	EXP 	Created text = TextStim(__class__=<class 'psychopy.visual.text.TextStim'>, alignHoriz=method-wrapper(...), alignText='center', alignVert=method-wrapper(...), anchorHoriz='center', anchorVert='center', antialias=True, autoLog=True, bold=False, color='white', colorSpace='named', contrast=1.0, depth=0.0, flipHoriz=False, flipVert=False, font='Arial', fontFiles=[], height=0.04, italic=False, languageStyle='LTR', name='text', opacity=1.0, ori=0, pos=array([0., 0.]), rgb=array([255., 255., 255.]), text=str(...), units='height', win=Window(...), wrapWidth=1)
12.0576 	EXP 	window1: mouseVisible = True
12.0646 	EXP 	Created demo_enclosing = Polygon(__class__=<class 'psychopy.visual.polygon.Polygon'>, autoDraw=False, autoLog=True, closeShape=True, color=method-wrapper(...), colorSpace=None, contrast=1.0, depth=0.0, fillColor=array([0., 0., 0.]), fillColorSpace='rgb', fillRGB=array([0., 0., 0.]), interpolate=True, lineColor=array([-1., -1., -1.]), lineColorSpace='rgb', lineRGB=array([-1., -1., -1.]), lineWidth=80, name='demo_enclosing', opacity=1.0, ori=array(0.), pos=array([0., 0.]), size=array([0.84, 0.84]), units='height', vertices=ndarray(...), win=Window(...))
12.0675 	EXP 	Created demo_target = ShapeStim(__class__=<class 'psychopy.visual.shape.ShapeStim'>, autoDraw=False, autoLog=True, closeShape=True, contrast=1.0, depth=-1.0, fillColor=array([1., 1., 1.]), fillColorSpace='rgb', interpolate=True, lineColor=array([1., 1., 1.]), lineColorSpace='rgb', lineWidth=1, name='demo_target', opacity=1.0, ori=array(45.), pos=array([0., 0.]), size=array([0.05, 0.05]), units='height', vertices=ndarray(...), win=Window(...), windingRule=None)
12.0714 	EXP 	Created demo_fixation = Polygon(__class__=<class 'psychopy.visual.polygon.Polygon'>, autoDraw=False, autoLog=True, closeShape=True, color=method-wrapper(...), colorSpace=None, contrast=1.0, depth=-2.0, fillColor=array([1., 0., 0.]), fillColorSpace='rgb', fillRGB=array([1., 0., 0.]), interpolate=True, lineColor=array([1., 0., 0.]), lineColorSpace='rgb', lineRGB=array([1., 0., 0.]), lineWidth=1, name='demo_fixation', opacity=1.0, ori=array(0.), pos=array([0., 0.]), size=array([0.025, 0.025]), units='height', vertices=ndarray(...), win=Window(...))
12.0715 	EXP 	window1: mouseVisible = True
12.0774 	EXP 	Created demo_enclosing_feedback = Polygon(__class__=<class 'psychopy.visual.polygon.Polygon'>, autoDraw=False, autoLog=True, closeShape=True, color=method-wrapper(...), colorSpace=None, contrast=1.0, depth=0.0, fillColor=array([0., 0., 0.]), fillColorSpace='rgb', fillRGB=array([0., 0., 0.]), interpolate=True, lineColor=array([-1., -1., -1.]), lineColorSpace='rgb', lineRGB=array([-1., -1., -1.]), lineWidth=80, name='demo_enclosing_feedback', opacity=1.0, ori=array(0.), pos=array([0., 0.]), size=array([0.84, 0.84]), units='height', vertices=ndarray(...), win=Window(...))
12.0804 	EXP 	Created demo_target_feedback = ShapeStim(__class__=<class 'psychopy.visual.shape.ShapeStim'>, autoDraw=False, autoLog=True, closeShape=True, contrast=1.0, depth=-1.0, fillColor=array([1., 1., 1.]), fillColorSpace='rgb', interpolate=True, lineColor=array([1., 1., 1.]), lineColorSpace='rgb', lineWidth=1, name='demo_target_feedback', opacity=1.0, ori=array(45.), pos=array([0., 0.]), size=array([0.05, 0.05]), units='height', vertices=ndarray(...), win=Window(...), windingRule=None)
12.0848 	EXP 	Created demo_fixation_feedback = Polygon(__class__=<class 'psychopy.visual.polygon.Polygon'>, autoDraw=False, autoLog=True, closeShape=True, color=method-wrapper(...), colorSpace=None, contrast=1.0, depth=-2.0, fillColor=array([1., 0., 0.]), fillColorSpace='rgb', fillRGB=array([1., 0., 0.]), interpolate=True, lineColor=array([1., 0., 0.]), lineColorSpace='rgb', lineRGB=array([1., 0., 0.]), lineWidth=1, name='demo_fixation_feedback', opacity=1.0, ori=array(0.), pos=array([0., 0.]), size=array([0.025, 0.025]), units='height', vertices=ndarray(...), win=Window(...))
12.1033 	EXP 	Created text_3 = TextStim(__class__=<class 'psychopy.visual.text.TextStim'>, alignHoriz=method-wrapper(...), alignText='center', alignVert=method-wrapper(...), anchorHoriz='center', anchorVert='center', antialias=True, autoLog=True, bold=False, color='white', colorSpace='named', contrast=1.0, depth=0.0, flipHoriz=False, flipVert=False, font='Arial', fontFiles=[], height=0.04, italic=False, languageStyle='LTR', name='text_3', opacity=1.0, ori=0, pos=array([0., 0.]), rgb=array([255., 255., 255.]), text=str(...), units='height', win=Window(...), wrapWidth=1)
12.1034 	EXP 	window1: mouseVisible = True
12.1065 	EXP 	Created baseline_target = ShapeStim(__class__=<class 'psychopy.visual.shape.ShapeStim'>, autoDraw=False, autoLog=True, closeShape=True, contrast=1.0, depth=0.0, fillColor=array([1., 1., 1.]), fillColorSpace='rgb', interpolate=True, lineColor=array([1., 1., 1.]), lineColorSpace='rgb', lineWidth=1, name='baseline_target', opacity=1.0, ori=array(45.), pos=array([0., 0.]), size=array([0.05, 0.05]), units='height', vertices=ndarray(...), win=Window(...), windingRule=None)
12.1114 	EXP 	Created baseline_fixation = Polygon(__class__=<class 'psychopy.visual.polygon.Polygon'>, autoDraw=False, autoLog=True, closeShape=True, color=method-wrapper(...), colorSpace=None, contrast=1.0, depth=-1.0, fillColor=array([1., 0., 0.]), fillColorSpace='rgb', fillRGB=array([1., 0., 0.]), interpolate=True, lineColor=array([1., 0., 0.]), lineColorSpace='rgb', lineRGB=array([1., 0., 0.]), lineWidth=1, name='baseline_fixation', opacity=1.0, ori=array(0.), pos=array([0., 0.]), size=array([0.025, 0.025]), units='height', vertices=ndarray(...), win=Window(...))
12.1116 	EXP 	window1: mouseVisible = True
12.1147 	EXP 	Created baseline_target_feedback = ShapeStim(__class__=<class 'psychopy.visual.shape.ShapeStim'>, autoDraw=False, autoLog=True, closeShape=True, contrast=1.0, depth=0.0, fillColor=array([1., 1., 1.]), fillColorSpace='rgb', interpolate=True, lineColor=array([1., 1., 1.]), lineColorSpace='rgb', lineWidth=1, name='baseline_target_feedback', opacity=1.0, ori=array(45.), pos=array([0., 0.]), size=array([0.05, 0.05]), units='height', vertices=ndarray(...), win=Window(...), windingRule=None)
12.1194 	EXP 	Created baseline_fixation_feedback = Polygon(__class__=<class 'psychopy.visual.polygon.Polygon'>, autoDraw=False, autoLog=True, closeShape=True, color=method-wrapper(...), colorSpace=None, contrast=1.0, depth=-1.0, fillColor=array([1., 0., 0.]), fillColorSpace='rgb', fillRGB=array([1., 0., 0.]), interpolate=True, lineColor=array([1., 0., 0.]), lineColorSpace='rgb', lineRGB=array([1., 0., 0.]), lineWidth=1, name='baseline_fixation_feedback', opacity=1.0, ori=array(0.), pos=array([0., 0.]), size=array([0.025, 0.025]), units='height', vertices=ndarray(...), win=Window(...))
12.1477 	EXP 	Created text_2 = TextStim(__class__=<class 'psychopy.visual.text.TextStim'>, alignHoriz=method-wrapper(...), alignText='center', alignVert=method-wrapper(...), anchorHoriz='center', anchorVert='center', antialias=True, autoLog=True, bold=False, color='white', colorSpace='named', contrast=1.0, depth=0.0, flipHoriz=False, flipVert=False, font='Arial', fontFiles=[], height=0.04, italic=False, languageStyle='LTR', name='text_2', opacity=1.0, ori=0, pos=array([0., 0.]), rgb=array([255., 255., 255.]), text=str(...), units='height', win=Window(...), wrapWidth=1)
12.1479 	EXP 	window1: mouseVisible = True
12.1510 	EXP 	Created rotated_target = ShapeStim(__class__=<class 'psychopy.visual.shape.ShapeStim'>, autoDraw=False, autoLog=True, closeShape=True, contrast=1.0, depth=0.0, fillColor=array([1., 1., 1.]), fillColorSpace='rgb', interpolate=True, lineColor=array([1., 1., 1.]), lineColorSpace='rgb', lineWidth=1, name='rotated_target', opacity=1.0, ori=array(45.), pos=array([0., 0.]), size=array([0.05, 0.05]), units='height', vertices=ndarray(...), win=Window(...), windingRule=None)
12.1554 	EXP 	Created rotated_fixation = Polygon(__class__=<class 'psychopy.visual.polygon.Polygon'>, autoDraw=False, autoLog=True, closeShape=True, color=method-wrapper(...), colorSpace=None, contrast=1.0, depth=-1.0, fillColor=array([1., 0., 0.]), fillColorSpace='rgb', fillRGB=array([1., 0., 0.]), interpolate=True, lineColor=array([1., 0., 0.]), lineColorSpace='rgb', lineRGB=array([1., 0., 0.]), lineWidth=1, name='rotated_fixation', opacity=1.0, ori=array(0.), pos=array([0., 0.]), size=array([0.025, 0.025]), units='height', vertices=ndarray(...), win=Window(...))
12.1555 	EXP 	window1: mouseVisible = True
12.1585 	EXP 	Created rotated_target_feedback = ShapeStim(__class__=<class 'psychopy.visual.shape.ShapeStim'>, autoDraw=False, autoLog=True, closeShape=True, contrast=1.0, depth=0.0, fillColor=array([1., 1., 1.]), fillColorSpace='rgb', interpolate=True, lineColor=array([1., 1., 1.]), lineColorSpace='rgb', lineWidth=1, name='rotated_target_feedback', opacity=1.0, ori=array(45.), pos=array([0., 0.]), size=array([0.05, 0.05]), units='height', vertices=ndarray(...), win=Window(...), windingRule=None)
12.1628 	EXP 	Created rotated_fixation_feedback = Polygon(__class__=<class 'psychopy.visual.polygon.Polygon'>, autoDraw=False, autoLog=True, closeShape=True, color=method-wrapper(...), colorSpace=None, contrast=1.0, depth=-1.0, fillColor=array([1., 0., 0.]), fillColorSpace='rgb', fillRGB=array([1., 0., 0.]), interpolate=True, lineColor=array([1., 0., 0.]), lineColorSpace='rgb', lineRGB=array([1., 0., 0.]), lineWidth=1, name='rotated_fixation_feedback', opacity=1.0, ori=array(0.), pos=array([0., 0.]), size=array([0.025, 0.025]), units='height', vertices=ndarray(...), win=Window(...))
12.1788 	EXP 	Created rotated_breaks = TextStim(__class__=<class 'psychopy.visual.text.TextStim'>, alignHoriz=method-wrapper(...), alignText='center', alignVert=method-wrapper(...), anchorHoriz='center', anchorVert='center', antialias=True, autoLog=True, bold=False, color='white', colorSpace='named', contrast=1.0, depth=0.0, flipHoriz=False, flipVert=False, font='Arial', fontFiles=[], height=0.04, italic=False, languageStyle='LTR', name='rotated_breaks', opacity=1.0, ori=0, pos=array([0., 0.]), rgb=array([255., 255., 255.]), text=str(...), units='height', win=Window(...), wrapWidth=1)
12.1789 	EXP 	window1: mouseVisible = True
12.1808 	EXP 	Created transfer_target = ShapeStim(__class__=<class 'psychopy.visual.shape.ShapeStim'>, autoDraw=False, autoLog=True, closeShape=True, contrast=1.0, depth=0.0, fillColor=array([1., 1., 1.]), fillColorSpace='rgb', interpolate=True, lineColor=array([1., 1., 1.]), lineColorSpace='rgb', lineWidth=1, name='transfer_target', opacity=1.0, ori=array(45.), pos=array([0., 0.]), size=array([0.05, 0.05]), units='height', vertices=ndarray(...), win=Window(...), windingRule=None)
12.1836 	EXP 	Created transfer_fixation = Polygon(__class__=<class 'psychopy.visual.polygon.Polygon'>, autoDraw=False, autoLog=True, closeShape=True, color=method-wrapper(...), colorSpace=None, contrast=1.0, depth=-1.0, fillColor=array([1., 0., 0.]), fillColorSpace='rgb', fillRGB=array([1., 0., 0.]), interpolate=True, lineColor=array([1., 0., 0.]), lineColorSpace='rgb', lineRGB=array([1., 0., 0.]), lineWidth=1, name='transfer_fixation', opacity=1.0, ori=array(0.), pos=array([0., 0.]), size=array([0.025, 0.025]), units='height', vertices=ndarray(...), win=Window(...))
12.1837 	EXP 	window1: mouseVisible = True
12.1855 	EXP 	Created transfer_target_feedback = ShapeStim(__class__=<class 'psychopy.visual.shape.ShapeStim'>, autoDraw=False, autoLog=True, closeShape=True, contrast=1.0, depth=0.0, fillColor=array([1., 1., 1.]), fillColorSpace='rgb', interpolate=True, lineColor=array([1., 1., 1.]), lineColorSpace='rgb', lineWidth=1, name='transfer_target_feedback', opacity=1.0, ori=array(45.), pos=array([0., 0.]), size=array([0.05, 0.05]), units='height', vertices=ndarray(...), win=Window(...), windingRule=None)
12.1882 	EXP 	Created transfer_fixation_feedback = Polygon(__class__=<class 'psychopy.visual.polygon.Polygon'>, autoDraw=False, autoLog=True, closeShape=True, color=method-wrapper(...), colorSpace=None, contrast=1.0, depth=-1.0, fillColor=array([1., 0., 0.]), fillColorSpace='rgb', fillRGB=array([1., 0., 0.]), interpolate=True, lineColor=array([1., 0., 0.]), lineColorSpace='rgb', lineRGB=array([1., 0., 0.]), lineWidth=1, name='transfer_fixation_feedback', opacity=1.0, ori=array(0.), pos=array([0., 0.]), size=array([0.025, 0.025]), units='height', vertices=ndarray(...), win=Window(...))
12.2009 	EXP 	Created done_text = TextStim(__class__=<class 'psychopy.visual.text.TextStim'>, alignHoriz=method-wrapper(...), alignText='center', alignVert=method-wrapper(...), anchorHoriz='center', anchorVert='center', antialias=True, autoLog=True, bold=False, color='white', colorSpace='named', contrast=1.0, depth=0.0, flipHoriz=False, flipVert=False, font='Arial', fontFiles=[], height=0.04, italic=False, languageStyle='LTR', name='done_text', opacity=1.0, ori=0, pos=array([0., 0.]), rgb=array([255., 255., 255.]), text=str(...), units='height', win=Window(...), wrapWidth=1)
12.2011 	EXP 	window1: mouseVisible = True
12.2372 	EXP 	Welcome: autoDraw = True
13.3224 	DATA 	Mouse: Left button down, pos=(836,620)
13.3263 	EXP 	Created sequence: random, trialTypes=1, nReps=2, seed=None
13.3276 	EXP 	New trial (rep=0, index=0): None
13.3379 	EXP 	Welcome: autoDraw = False
13.3379 	EXP 	text: autoDraw = True
13.4250 	DATA 	Mouse:  Left button up, pos=(836,620)
14.4192 	DATA 	Mouse: wheel shift=(0,0), pos=(839,625)
14.4202 	DATA 	Mouse: wheel shift=(0,0), pos=(839,625)
14.4388 	DATA 	Mouse: wheel shift=(0,0), pos=(839,625)
14.4736 	DATA 	Mouse: wheel shift=(0,0), pos=(839,625)
14.4910 	DATA 	Mouse: wheel shift=(0,0), pos=(839,625)
14.5077 	DATA 	Mouse: wheel shift=(0,0), pos=(839,625)
14.5577 	DATA 	Mouse: wheel shift=(0,0), pos=(839,625)
14.5712 	DATA 	Mouse: wheel shift=(0,0), pos=(839,625)
14.7548 	DATA 	Mouse: Left button down, pos=(840,623)
14.8812 	EXP 	Imported conditions_demo.xlsx as conditions, 4 conditions, 3 params
14.8818 	EXP 	Created sequence: random, trialTypes=4, nReps=1, seed=None
14.8825 	EXP 	New trial (rep=0, index=0): OrderedDict([('target_x', -0.3), ('target_y', 0.3), ('rotation', 0)])
14.8843 	EXP 	window1: mouseVisible = False
14.8932 	EXP 	text: autoDraw = False
14.8932 	EXP 	demo_target: pos = array([-0.3,  0.3])
14.8932 	EXP 	demo_fixation: pos = array([0., 0.])
14.8932 	EXP 	demo_fixation: opacity = 1
14.8932 	EXP 	demo_fixation: pos = [0, 0]
14.8932 	EXP 	demo_enclosing: autoDraw = True
14.8932 	EXP 	demo_target: autoDraw = True
14.8932 	EXP 	demo_fixation: autoDraw = True
14.8932 	EXP 	demo_fixation: opacity = 0
14.8947 	DATA 	Mouse:  Left button up, pos=(840,623)
14.8949 	EXP 	window1: mouseVisible = False
14.9168 	EXP 	demo_fixation: opacity = 1
14.9168 	EXP 	demo_fixation: pos = [0, 0]
14.9173 	EXP 	window1: mouseVisible = False
14.9356 	EXP 	demo_fixation: opacity = 1
14.9356 	EXP 	demo_fixation: pos = [0, 0]
14.9371 	EXP 	window1: mouseVisible = False
14.9525 	EXP 	demo_fixation: opacity = 1
14.9525 	EXP 	demo_fixation: pos = [0, 0]
14.9538 	EXP 	window1: mouseVisible = False
14.9690 	EXP 	demo_fixation: opacity = 1
14.9690 	EXP 	demo_fixation: pos = [0, 0]
14.9709 	EXP 	window1: mouseVisible = False
14.9857 	EXP 	demo_fixation: opacity = 1
14.9857 	EXP 	demo_fixation: pos = [0, 0]
14.9870 	EXP 	window1: mouseVisible = False
15.0026 	EXP 	demo_fixation: opacity = 1
15.0026 	EXP 	demo_fixation: pos = [0, 0]
15.0038 	EXP 	window1: mouseVisible = False
15.0193 	EXP 	demo_fixation: opacity = 1
15.0193 	EXP 	demo_fixation: pos = [0, 0]
15.0206 	EXP 	window1: mouseVisible = False
15.0357 	EXP 	demo_fixation: opacity = 1
15.0357 	EXP 	demo_fixation: pos = [0, 0]
15.0371 	EXP 	window1: mouseVisible = False
15.0524 	EXP 	demo_fixation: opacity = 1
15.0524 	EXP 	demo_fixation: pos = [0, 0]
15.0540 	EXP 	window1: mouseVisible = False
15.0691 	EXP 	demo_fixation: opacity = 1
15.0691 	EXP 	demo_fixation: pos = [0, 0]
15.0703 	EXP 	window1: mouseVisible = False
15.0855 	EXP 	demo_fixation: opacity = 1
15.0855 	EXP 	demo_fixation: pos = [0, 0]
15.0868 	EXP 	window1: mouseVisible = False
15.1024 	EXP 	demo_fixation: opacity = 1
15.1024 	EXP 	demo_fixation: pos = [0, 0]
15.1036 	EXP 	window1: mouseVisible = False
15.1193 	EXP 	demo_fixation: opacity = 1
15.1193 	EXP 	demo_fixation: pos = [0, 0]
15.1205 	EXP 	window1: mouseVisible = False
15.1355 	EXP 	demo_fixation: opacity = 1
15.1355 	EXP 	demo_fixation: pos = [0, 0]
15.1367 	EXP 	window1: mouseVisible = False
15.1522 	EXP 	demo_fixation: opacity = 1
15.1522 	EXP 	demo_fixation: pos = [0, 0]
15.1535 	EXP 	window1: mouseVisible = False
15.1690 	EXP 	demo_fixation: opacity = 1
15.1690 	EXP 	demo_fixation: pos = [0, 0]
15.1702 	EXP 	window1: mouseVisible = False
15.1856 	EXP 	demo_fixation: opacity = 1
15.1856 	EXP 	demo_fixation: pos = [0, 0]
15.1869 	EXP 	window1: mouseVisible = False
15.2023 	EXP 	demo_fixation: opacity = 1
15.2023 	EXP 	demo_fixation: pos = [0, 0]
15.2035 	EXP 	window1: mouseVisible = False
15.2189 	EXP 	demo_fixation: opacity = 1
15.2189 	EXP 	demo_fixation: pos = [0, 0]
15.2203 	EXP 	window1: mouseVisible = False
15.2356 	EXP 	demo_fixation: opacity = 1
15.2356 	EXP 	demo_fixation: pos = [0, 0]
15.2368 	EXP 	window1: mouseVisible = False
15.2523 	EXP 	demo_fixation: opacity = 1
15.2523 	EXP 	demo_fixation: pos = [0, 0]
15.2535 	EXP 	window1: mouseVisible = False
15.2687 	EXP 	demo_fixation: opacity = 1
15.2687 	EXP 	demo_fixation: pos = [0, 0]
15.2699 	EXP 	window1: mouseVisible = False
15.2856 	EXP 	demo_fixation: opacity = 1
15.2856 	EXP 	demo_fixation: pos = [0, 0]
15.2872 	EXP 	window1: mouseVisible = False
15.3021 	EXP 	demo_fixation: opacity = 1
15.3021 	EXP 	demo_fixation: pos = [0, 0]
15.3036 	EXP 	window1: mouseVisible = False
15.3189 	EXP 	demo_fixation: opacity = 1
15.3189 	EXP 	demo_fixation: pos = [0, 0]
15.3201 	EXP 	window1: mouseVisible = False
15.3357 	EXP 	demo_fixation: opacity = 1
15.3357 	EXP 	demo_fixation: pos = [0, 0]
15.3376 	EXP 	window1: mouseVisible = False
15.3523 	EXP 	demo_fixation: opacity = 1
15.3523 	EXP 	demo_fixation: pos = [0, 0]
15.3535 	EXP 	window1: mouseVisible = False
15.3687 	EXP 	demo_fixation: opacity = 1
15.3687 	EXP 	demo_fixation: pos = [0, 0]
15.3699 	EXP 	window1: mouseVisible = False
15.3854 	EXP 	demo_fixation: opacity = 1
15.3854 	EXP 	demo_fixation: pos = [0, 0]
15.3867 	EXP 	window1: mouseVisible = False
15.4019 	EXP 	demo_fixation: opacity = 1
15.4019 	EXP 	demo_fixation: pos = [0, 0]
15.4031 	EXP 	window1: mouseVisible = False
15.4186 	EXP 	demo_fixation: opacity = 1
15.4186 	EXP 	demo_fixation: pos = [0, 0]
15.4200 	EXP 	window1: mouseVisible = False
15.4354 	EXP 	demo_fixation: opacity = 1
15.4354 	EXP 	demo_fixation: pos = [0, 0]
15.4367 	EXP 	window1: mouseVisible = False
15.4520 	EXP 	demo_fixation: opacity = 1
15.4520 	EXP 	demo_fixation: pos = [0, 0]
15.4532 	EXP 	window1: mouseVisible = False
15.4687 	EXP 	demo_fixation: opacity = 1
15.4687 	EXP 	demo_fixation: pos = [0, 0]
15.4706 	EXP 	window1: mouseVisible = False
15.4853 	EXP 	demo_fixation: opacity = 1
15.4853 	EXP 	demo_fixation: pos = [0, 0]
15.4865 	EXP 	window1: mouseVisible = False
15.5020 	EXP 	demo_fixation: opacity = 1
15.5020 	EXP 	demo_fixation: pos = [0, 0]
15.5032 	EXP 	window1: mouseVisible = False
15.5187 	EXP 	demo_fixation: opacity = 1
15.5187 	EXP 	demo_fixation: pos = [0, 0]
15.5199 	EXP 	window1: mouseVisible = False
15.5353 	EXP 	demo_fixation: opacity = 1
15.5353 	EXP 	demo_fixation: pos = [0, 0]
15.5365 	EXP 	window1: mouseVisible = False
15.5519 	EXP 	demo_fixation: opacity = 1
15.5519 	EXP 	demo_fixation: pos = [0, 0]
15.5532 	EXP 	window1: mouseVisible = False
15.5687 	EXP 	demo_fixation: opacity = 1
15.5687 	EXP 	demo_fixation: pos = [0, 0]
15.5701 	EXP 	window1: mouseVisible = False
15.5852 	EXP 	demo_fixation: opacity = 1
15.5852 	EXP 	demo_fixation: pos = [0, 0]
15.5864 	EXP 	window1: mouseVisible = False
15.6020 	EXP 	demo_fixation: opacity = 1
15.6020 	EXP 	demo_fixation: pos = [0, 0]
15.6032 	EXP 	window1: mouseVisible = False
15.6187 	EXP 	demo_fixation: opacity = 1
15.6187 	EXP 	demo_fixation: pos = [0, 0]
15.6199 	EXP 	window1: mouseVisible = False
15.6352 	EXP 	demo_fixation: opacity = 1
15.6352 	EXP 	demo_fixation: pos = [0, 0]
15.6364 	EXP 	window1: mouseVisible = False
15.6519 	EXP 	demo_fixation: opacity = 1
15.6519 	EXP 	demo_fixation: pos = [0, 0]
15.6532 	EXP 	window1: mouseVisible = False
15.6684 	EXP 	demo_fixation: opacity = 1
15.6684 	EXP 	demo_fixation: pos = [0, 0]
15.6697 	EXP 	window1: mouseVisible = False
15.6852 	EXP 	demo_fixation: opacity = 1
15.6852 	EXP 	demo_fixation: pos = [0, 0]
15.6864 	EXP 	window1: mouseVisible = False
15.7017 	EXP 	demo_fixation: opacity = 1
15.7017 	EXP 	demo_fixation: pos = [0, 0]
15.7029 	EXP 	window1: mouseVisible = False
15.7186 	EXP 	demo_fixation: opacity = 1
15.7186 	EXP 	demo_fixation: pos = [0, 0]
15.7198 	EXP 	window1: mouseVisible = False
15.7351 	EXP 	demo_fixation: opacity = 1
15.7351 	EXP 	demo_fixation: pos = [0, 0]
15.7363 	EXP 	window1: mouseVisible = False
15.7519 	EXP 	demo_fixation: opacity = 1
15.7519 	EXP 	demo_fixation: pos = [0, 0]
15.7531 	EXP 	window1: mouseVisible = False
15.7684 	EXP 	demo_fixation: opacity = 1
15.7684 	EXP 	demo_fixation: pos = [0, 0]
15.7697 	EXP 	window1: mouseVisible = False
15.7850 	EXP 	demo_fixation: opacity = 1
15.7850 	EXP 	demo_fixation: pos = [0, 0]
15.7862 	EXP 	window1: mouseVisible = False
15.8017 	EXP 	demo_fixation: opacity = 1
15.8017 	EXP 	demo_fixation: pos = [0, 0]
15.8030 	EXP 	window1: mouseVisible = False
15.8182 	EXP 	demo_fixation: opacity = 1
15.8182 	EXP 	demo_fixation: pos = [0, 0]
15.8194 	EXP 	window1: mouseVisible = False
15.8350 	EXP 	demo_fixation: opacity = 1
15.8350 	EXP 	demo_fixation: pos = [0, 0]
15.8363 	EXP 	window1: mouseVisible = False
15.8517 	EXP 	demo_fixation: opacity = 1
15.8517 	EXP 	demo_fixation: pos = [0, 0]
15.8529 	EXP 	window1: mouseVisible = False
15.8682 	EXP 	demo_fixation: opacity = 1
15.8682 	EXP 	demo_fixation: pos = [0, 0]
15.8694 	EXP 	window1: mouseVisible = False
15.8851 	EXP 	demo_fixation: opacity = 1
15.8851 	EXP 	demo_fixation: pos = [0, 0]
15.8870 	EXP 	window1: mouseVisible = False
15.9016 	EXP 	demo_fixation: opacity = 1
15.9016 	EXP 	demo_fixation: pos = [0, 0]
15.9028 	EXP 	window1: mouseVisible = False
15.9190 	EXP 	demo_fixation: opacity = 1
15.9190 	EXP 	demo_fixation: pos = [0, 0]
15.9203 	EXP 	window1: mouseVisible = False
15.9350 	EXP 	demo_fixation: opacity = 1
15.9350 	EXP 	demo_fixation: pos = [0, 0]
15.9362 	EXP 	window1: mouseVisible = False
15.9517 	EXP 	demo_fixation: opacity = 1
15.9517 	EXP 	demo_fixation: pos = [0, 0]
15.9529 	EXP 	window1: mouseVisible = False
15.9681 	EXP 	demo_fixation: opacity = 1
15.9681 	EXP 	demo_fixation: pos = [0, 0]
15.9693 	EXP 	window1: mouseVisible = False
15.9849 	EXP 	demo_fixation: opacity = 1
15.9849 	EXP 	demo_fixation: pos = [0, 0]
15.9861 	EXP 	window1: mouseVisible = False
16.0016 	EXP 	demo_fixation: opacity = 1
16.0016 	EXP 	demo_fixation: pos = [0, 0]
16.0028 	EXP 	window1: mouseVisible = False
16.0183 	EXP 	demo_fixation: opacity = 1
16.0183 	EXP 	demo_fixation: pos = [0, 0]
16.0197 	EXP 	window1: mouseVisible = False
16.0349 	EXP 	demo_fixation: opacity = 1
16.0349 	EXP 	demo_fixation: pos = [0, 0]
16.0361 	EXP 	window1: mouseVisible = False
16.0513 	EXP 	demo_fixation: opacity = 1
16.0513 	EXP 	demo_fixation: pos = [0, 0]
16.0526 	EXP 	window1: mouseVisible = False
16.0681 	EXP 	demo_fixation: opacity = 1
16.0681 	EXP 	demo_fixation: pos = [0, 0]
16.0694 	EXP 	window1: mouseVisible = False
16.0847 	EXP 	demo_fixation: opacity = 1
16.0847 	EXP 	demo_fixation: pos = [0, 0]
16.0859 	EXP 	window1: mouseVisible = False
16.1015 	EXP 	demo_fixation: opacity = 1
16.1015 	EXP 	demo_fixation: pos = [0, 0]
16.1027 	EXP 	window1: mouseVisible = False
16.1185 	EXP 	demo_fixation: opacity = 1
16.1185 	EXP 	demo_fixation: pos = [0, 0]
16.1197 	EXP 	window1: mouseVisible = False
16.1348 	EXP 	demo_fixation: opacity = 1
16.1348 	EXP 	demo_fixation: pos = [0, 0]
16.1362 	EXP 	window1: mouseVisible = False
16.1515 	EXP 	demo_fixation: opacity = 1
16.1515 	EXP 	demo_fixation: pos = [0, 0]
16.1527 	EXP 	window1: mouseVisible = False
16.1681 	EXP 	demo_fixation: opacity = 1
16.1681 	EXP 	demo_fixation: pos = [0, 0]
16.1694 	EXP 	window1: mouseVisible = False
16.1845 	EXP 	demo_fixation: opacity = 1
16.1845 	EXP 	demo_fixation: pos = [0, 0]
16.1858 	EXP 	window1: mouseVisible = False
16.2015 	EXP 	demo_fixation: opacity = 1
16.2015 	EXP 	demo_fixation: pos = [0, 0]
16.2027 	EXP 	window1: mouseVisible = False
16.2180 	EXP 	demo_fixation: opacity = 1
16.2180 	EXP 	demo_fixation: pos = [0, 0]
16.2192 	EXP 	window1: mouseVisible = False
16.2347 	EXP 	demo_fixation: opacity = 1
16.2347 	EXP 	demo_fixation: pos = [0, 0]
16.2362 	EXP 	window1: mouseVisible = False
16.2512 	EXP 	demo_fixation: opacity = 1
16.2512 	EXP 	demo_fixation: pos = [0, 0]
16.2524 	EXP 	window1: mouseVisible = False
16.2679 	EXP 	demo_fixation: opacity = 1
16.2679 	EXP 	demo_fixation: pos = [0, 0]
16.2694 	EXP 	window1: mouseVisible = False
16.2845 	EXP 	demo_fixation: opacity = 1
16.2845 	EXP 	demo_fixation: pos = [0, 0]
16.2857 	EXP 	window1: mouseVisible = False
16.3015 	EXP 	demo_fixation: opacity = 1
16.3015 	EXP 	demo_fixation: pos = [0, 0]
16.3027 	EXP 	window1: mouseVisible = False
16.3180 	EXP 	demo_fixation: opacity = 1
16.3180 	EXP 	demo_fixation: pos = [0, 0]
16.3192 	EXP 	window1: mouseVisible = False
16.3345 	EXP 	demo_fixation: opacity = 1
16.3345 	EXP 	demo_fixation: pos = [0, 0]
16.3357 	EXP 	window1: mouseVisible = False
16.3510 	EXP 	demo_fixation: opacity = 1
16.3510 	EXP 	demo_fixation: pos = [0, 0]
16.3526 	EXP 	window1: mouseVisible = False
16.3678 	EXP 	demo_fixation: opacity = 1
16.3678 	EXP 	demo_fixation: pos = [0, 0]
16.3690 	EXP 	window1: mouseVisible = False
16.3846 	EXP 	demo_fixation: opacity = 1
16.3846 	EXP 	demo_fixation: pos = [0, 0]
16.3858 	EXP 	window1: mouseVisible = False
16.4011 	EXP 	demo_fixation: opacity = 1
16.4011 	EXP 	demo_fixation: pos = [0, 0]
16.4023 	EXP 	window1: mouseVisible = False
16.4176 	EXP 	demo_fixation: opacity = 1
16.4176 	EXP 	demo_fixation: pos = [0, 0]
16.4189 	EXP 	window1: mouseVisible = False
16.4345 	EXP 	demo_fixation: opacity = 1
16.4345 	EXP 	demo_fixation: pos = [0, 0]
16.4358 	EXP 	window1: mouseVisible = False
16.4510 	EXP 	demo_fixation: opacity = 1
16.4510 	EXP 	demo_fixation: pos = [0, 0]
16.4523 	EXP 	window1: mouseVisible = False
16.4678 	EXP 	demo_fixation: opacity = 1
16.4678 	EXP 	demo_fixation: pos = [0, 0]
16.4691 	EXP 	window1: mouseVisible = False
16.4844 	EXP 	demo_fixation: opacity = 1
16.4844 	EXP 	demo_fixation: pos = [0, 0]
16.4859 	EXP 	window1: mouseVisible = False
16.5011 	EXP 	demo_fixation: opacity = 1
16.5011 	EXP 	demo_fixation: pos = [0, 0]
16.5024 	EXP 	window1: mouseVisible = False
16.5177 	EXP 	demo_fixation: opacity = 1
16.5177 	EXP 	demo_fixation: pos = [0, 0]
16.5189 	EXP 	window1: mouseVisible = False
16.5342 	EXP 	demo_fixation: opacity = 1
16.5342 	EXP 	demo_fixation: pos = [0, 0]
16.5354 	EXP 	window1: mouseVisible = False
16.5510 	EXP 	demo_fixation: opacity = 1
16.5510 	EXP 	demo_fixation: pos = [0, 0]
16.5522 	EXP 	window1: mouseVisible = False
16.5676 	EXP 	demo_fixation: opacity = 1
16.5676 	EXP 	demo_fixation: pos = [0, 0]
16.5701 	DATA 	Mouse: Left button down, pos=(960,540)
16.5705 	EXP 	window1: mouseVisible = False
16.5842 	EXP 	demo_fixation: opacity = 0
16.5849 	EXP 	window1: mouseVisible = False
16.6010 	EXP 	demo_fixation: opacity = 0
16.6017 	EXP 	window1: mouseVisible = False
16.6176 	EXP 	demo_fixation: opacity = 0
16.6184 	EXP 	window1: mouseVisible = False
16.6343 	EXP 	demo_fixation: opacity = 0
16.6350 	EXP 	window1: mouseVisible = False
16.6509 	EXP 	demo_fixation: opacity = 0
16.6516 	EXP 	window1: mouseVisible = False
16.6676 	EXP 	demo_fixation: opacity = 0
16.6683 	EXP 	window1: mouseVisible = False
16.6841 	EXP 	demo_fixation: opacity = 0
16.6848 	EXP 	window1: mouseVisible = False
16.7009 	EXP 	demo_fixation: opacity = 0
16.7016 	EXP 	window1: mouseVisible = False
16.7174 	EXP 	demo_fixation: opacity = 0
16.7181 	EXP 	window1: mouseVisible = False
16.7342 	EXP 	demo_fixation: opacity = 0
16.7351 	EXP 	window1: mouseVisible = False
16.7507 	EXP 	demo_fixation: opacity = 0
16.7514 	EXP 	window1: mouseVisible = False
16.7673 	EXP 	demo_fixation: opacity = 0
16.7680 	EXP 	window1: mouseVisible = False
16.7843 	EXP 	demo_fixation: opacity = 0
16.7850 	EXP 	window1: mouseVisible = False
16.8006 	EXP 	demo_fixation: opacity = 0
16.8016 	EXP 	window1: mouseVisible = False
16.8176 	EXP 	demo_fixation: opacity = 0
16.8183 	EXP 	window1: mouseVisible = False
16.8339 	EXP 	demo_fixation: opacity = 0
16.8349 	EXP 	window1: mouseVisible = False
16.8506 	EXP 	demo_fixation: opacity = 0
16.8519 	EXP 	window1: mouseVisible = False
16.8673 	EXP 	demo_fixation: opacity = 0
16.8689 	EXP 	window1: mouseVisible = False
16.8840 	EXP 	demo_fixation: opacity = 0
16.8852 	EXP 	window1: mouseVisible = False
16.9005 	EXP 	demo_fixation: opacity = 0
16.9019 	EXP 	window1: mouseVisible = False
16.9173 	EXP 	demo_fixation: opacity = 0
16.9198 	EXP 	window1: mouseVisible = False
16.9340 	EXP 	demo_fixation: opacity = 0
16.9352 	EXP 	window1: mouseVisible = False
16.9508 	EXP 	demo_fixation: opacity = 0
16.9520 	EXP 	window1: mouseVisible = False
16.9671 	EXP 	demo_fixation: opacity = 0
16.9683 	EXP 	window1: mouseVisible = False
16.9840 	EXP 	demo_fixation: opacity = 0
16.9868 	EXP 	window1: mouseVisible = False
17.0005 	EXP 	demo_fixation: opacity = 0
17.0018 	EXP 	window1: mouseVisible = False
17.0170 	EXP 	demo_fixation: opacity = 0
17.0185 	EXP 	window1: mouseVisible = False
17.0341 	EXP 	demo_fixation: opacity = 0
17.0355 	EXP 	window1: mouseVisible = False
17.0504 	EXP 	demo_fixation: opacity = 0
17.0520 	EXP 	window1: mouseVisible = False
17.0673 	EXP 	demo_fixation: opacity = 0
17.0685 	EXP 	window1: mouseVisible = False
17.0837 	EXP 	demo_fixation: opacity = 0
17.0849 	EXP 	window1: mouseVisible = False
17.1005 	EXP 	demo_fixation: opacity = 0
17.1019 	EXP 	window1: mouseVisible = False
17.1171 	EXP 	demo_fixation: opacity = 0
17.1186 	EXP 	window1: mouseVisible = False
17.1340 	EXP 	demo_fixation: opacity = 0
17.1352 	EXP 	window1: mouseVisible = False
17.1505 	EXP 	demo_fixation: opacity = 0
17.1518 	EXP 	window1: mouseVisible = False
17.1669 	EXP 	demo_fixation: opacity = 0
17.1684 	EXP 	window1: mouseVisible = False
17.1838 	EXP 	demo_fixation: opacity = 0
17.1851 	EXP 	window1: mouseVisible = False
17.2005 	EXP 	demo_fixation: opacity = 0
17.2016 	EXP 	window1: mouseVisible = False
17.2172 	EXP 	demo_fixation: opacity = 0
17.2186 	EXP 	window1: mouseVisible = False
17.2336 	EXP 	demo_fixation: opacity = 0
17.2362 	EXP 	window1: mouseVisible = False
17.2638 	EXP 	demo_fixation: opacity = 0
17.2638 	EXP 	demo_fixation: pos = array([-0.33425926,  0.28888889])
17.2638 	EXP 	demo_fixation: opacity = 1
17.2638 	EXP 	demo_enclosing: autoDraw = False
17.2638 	EXP 	demo_target: autoDraw = False
17.2638 	EXP 	demo_fixation: autoDraw = False
17.2638 	EXP 	demo_fixation: opacity = 1
17.2638 	EXP 	demo_target_feedback: pos = array([-0.3,  0.3])
17.2638 	EXP 	demo_fixation_feedback: pos = array([-0.33425926,  0.28888889])
17.2638 	EXP 	demo_enclosing_feedback: autoDraw = True
17.2638 	EXP 	demo_target_feedback: autoDraw = True
17.2638 	EXP 	demo_fixation_feedback: autoDraw = True
17.7565 	EXP 	New trial (rep=0, index=1): OrderedDict([('target_x', -0.3), ('target_y', -0.3), ('rotation', 0)])
17.7593 	EXP 	window1: mouseVisible = False
17.7701 	EXP 	demo_enclosing_feedback: autoDraw = False
17.7701 	EXP 	demo_target_feedback: autoDraw = False
17.7701 	EXP 	demo_fixation_feedback: autoDraw = False
17.7701 	EXP 	demo_enclosing_feedback: autoDraw = False
17.7701 	EXP 	demo_target_feedback: autoDraw = False
17.7701 	EXP 	demo_fixation_feedback: autoDraw = False
17.7701 	EXP 	demo_target: pos = array([-0.3, -0.3])
17.7701 	EXP 	demo_fixation: pos = array([0., 0.])
17.7701 	EXP 	demo_fixation: opacity = 1
17.7701 	EXP 	demo_fixation: pos = [0, 0]
17.7701 	EXP 	demo_enclosing: autoDraw = True
17.7701 	EXP 	demo_target: autoDraw = True
17.7701 	EXP 	demo_fixation: autoDraw = True
17.7701 	EXP 	demo_fixation: opacity = 0
17.7710 	EXP 	window1: mouseVisible = False
17.7831 	EXP 	demo_fixation: opacity = 0
17.7844 	EXP 	window1: mouseVisible = False
17.7999 	EXP 	demo_fixation: opacity = 0
17.8006 	EXP 	window1: mouseVisible = False
17.8162 	EXP 	demo_fixation: opacity = 0
17.8169 	EXP 	window1: mouseVisible = False
17.8332 	EXP 	demo_fixation: opacity = 0
17.8346 	DATA 	Mouse:  Left button up, pos=(548,895)
17.8348 	EXP 	window1: mouseVisible = False
17.8498 	EXP 	demo_fixation: opacity = 1
17.8498 	EXP 	demo_fixation: pos = [0, 0]
17.8510 	EXP 	window1: mouseVisible = False
17.8664 	EXP 	demo_fixation: opacity = 1
17.8664 	EXP 	demo_fixation: pos = [0, 0]
17.8681 	EXP 	window1: mouseVisible = False
17.8830 	EXP 	demo_fixation: opacity = 1
17.8830 	EXP 	demo_fixation: pos = [0, 0]
17.8846 	EXP 	window1: mouseVisible = False
17.8998 	EXP 	demo_fixation: opacity = 1
17.8998 	EXP 	demo_fixation: pos = [0, 0]
17.9010 	EXP 	window1: mouseVisible = False
17.9165 	EXP 	demo_fixation: opacity = 1
17.9165 	EXP 	demo_fixation: pos = [0, 0]
17.9177 	EXP 	window1: mouseVisible = False
17.9331 	EXP 	demo_fixation: opacity = 1
17.9331 	EXP 	demo_fixation: pos = [0, 0]
17.9343 	EXP 	window1: mouseVisible = False
17.9497 	EXP 	demo_fixation: opacity = 1
17.9497 	EXP 	demo_fixation: pos = [0, 0]
17.9509 	EXP 	window1: mouseVisible = False
17.9664 	EXP 	demo_fixation: opacity = 1
17.9664 	EXP 	demo_fixation: pos = [0, 0]
17.9676 	EXP 	window1: mouseVisible = False
17.9831 	EXP 	demo_fixation: opacity = 1
17.9831 	EXP 	demo_fixation: pos = [0, 0]
17.9843 	EXP 	window1: mouseVisible = False
17.9997 	EXP 	demo_fixation: opacity = 1
17.9997 	EXP 	demo_fixation: pos = [0, 0]
18.0009 	EXP 	window1: mouseVisible = False
18.0162 	EXP 	demo_fixation: opacity = 1
18.0162 	EXP 	demo_fixation: pos = [0, 0]
18.0175 	EXP 	window1: mouseVisible = False
18.0331 	EXP 	demo_fixation: opacity = 1
18.0331 	EXP 	demo_fixation: pos = [0, 0]
18.0343 	EXP 	window1: mouseVisible = False
18.0495 	EXP 	demo_fixation: opacity = 1
18.0495 	EXP 	demo_fixation: pos = [0, 0]
18.0508 	EXP 	window1: mouseVisible = False
18.0663 	EXP 	demo_fixation: opacity = 1
18.0663 	EXP 	demo_fixation: pos = [0, 0]
18.0676 	EXP 	window1: mouseVisible = False
18.0829 	EXP 	demo_fixation: opacity = 1
18.0829 	EXP 	demo_fixation: pos = [0, 0]
18.0841 	EXP 	window1: mouseVisible = False
18.0996 	EXP 	demo_fixation: opacity = 1
18.0996 	EXP 	demo_fixation: pos = [0, 0]
18.1012 	EXP 	window1: mouseVisible = False
18.1162 	EXP 	demo_fixation: opacity = 1
18.1162 	EXP 	demo_fixation: pos = [0, 0]
18.1179 	EXP 	window1: mouseVisible = False
18.1329 	EXP 	demo_fixation: opacity = 1
18.1329 	EXP 	demo_fixation: pos = [0, 0]
18.1341 	EXP 	window1: mouseVisible = False
18.1496 	EXP 	demo_fixation: opacity = 1
18.1496 	EXP 	demo_fixation: pos = [0, 0]
18.1509 	EXP 	window1: mouseVisible = False
18.1662 	EXP 	demo_fixation: opacity = 1
18.1662 	EXP 	demo_fixation: pos = [0, 0]
18.1675 	EXP 	window1: mouseVisible = False
18.1827 	EXP 	demo_fixation: opacity = 1
18.1827 	EXP 	demo_fixation: pos = [0, 0]
18.1840 	EXP 	window1: mouseVisible = False
18.1996 	EXP 	demo_fixation: opacity = 1
18.1996 	EXP 	demo_fixation: pos = [0, 0]
18.2008 	EXP 	window1: mouseVisible = False
18.2160 	EXP 	demo_fixation: opacity = 1
18.2160 	EXP 	demo_fixation: pos = [0, 0]
18.2172 	EXP 	window1: mouseVisible = False
18.2329 	EXP 	demo_fixation: opacity = 1
18.2329 	EXP 	demo_fixation: pos = [0, 0]
18.2341 	EXP 	window1: mouseVisible = False
18.2493 	EXP 	demo_fixation: opacity = 1
18.2493 	EXP 	demo_fixation: pos = [0, 0]
18.2505 	EXP 	window1: mouseVisible = False
18.2661 	EXP 	demo_fixation: opacity = 1
18.2661 	EXP 	demo_fixation: pos = [0, 0]
18.2673 	EXP 	window1: mouseVisible = False
18.2826 	EXP 	demo_fixation: opacity = 1
18.2826 	EXP 	demo_fixation: pos = [0, 0]
18.2841 	EXP 	window1: mouseVisible = False
18.3004 	EXP 	demo_fixation: opacity = 1
18.3004 	EXP 	demo_fixation: pos = [0, 0]
18.3016 	EXP 	window1: mouseVisible = False
18.3159 	EXP 	demo_fixation: opacity = 1
18.3159 	EXP 	demo_fixation: pos = [0, 0]
18.3172 	EXP 	window1: mouseVisible = False
18.3332 	EXP 	demo_fixation: opacity = 1
18.3332 	EXP 	demo_fixation: pos = [0, 0]
18.3345 	EXP 	window1: mouseVisible = False
18.3496 	EXP 	demo_fixation: opacity = 1
18.3496 	EXP 	demo_fixation: pos = [0, 0]
18.3509 	EXP 	window1: mouseVisible = False
18.3661 	EXP 	demo_fixation: opacity = 1
18.3661 	EXP 	demo_fixation: pos = [0, 0]
18.3675 	EXP 	window1: mouseVisible = False
18.3828 	EXP 	demo_fixation: opacity = 1
18.3828 	EXP 	demo_fixation: pos = [0, 0]
18.3840 	EXP 	window1: mouseVisible = False
18.3993 	EXP 	demo_fixation: opacity = 1
18.3993 	EXP 	demo_fixation: pos = [0, 0]
18.4006 	EXP 	window1: mouseVisible = False
18.4160 	EXP 	demo_fixation: opacity = 1
18.4160 	EXP 	demo_fixation: pos = [0, 0]
18.4172 	EXP 	window1: mouseVisible = False
18.4325 	EXP 	demo_fixation: opacity = 1
18.4325 	EXP 	demo_fixation: pos = [0, 0]
18.4338 	EXP 	window1: mouseVisible = False
18.4492 	EXP 	demo_fixation: opacity = 1
18.4492 	EXP 	demo_fixation: pos = [0, 0]
18.4504 	EXP 	window1: mouseVisible = False
18.4666 	EXP 	demo_fixation: opacity = 1
18.4666 	EXP 	demo_fixation: pos = [0, 0]
18.4679 	EXP 	window1: mouseVisible = False
18.4825 	EXP 	demo_fixation: opacity = 1
18.4825 	EXP 	demo_fixation: pos = [0, 0]
18.4837 	EXP 	window1: mouseVisible = False
18.4991 	EXP 	demo_fixation: opacity = 1
18.4991 	EXP 	demo_fixation: pos = [0, 0]
18.5004 	EXP 	window1: mouseVisible = False
18.5159 	EXP 	demo_fixation: opacity = 1
18.5159 	EXP 	demo_fixation: pos = [0, 0]
18.5172 	EXP 	window1: mouseVisible = False
18.5326 	EXP 	demo_fixation: opacity = 1
18.5326 	EXP 	demo_fixation: pos = [0, 0]
18.5338 	EXP 	window1: mouseVisible = False
18.5490 	EXP 	demo_fixation: opacity = 1
18.5490 	EXP 	demo_fixation: pos = [0, 0]
18.5503 	EXP 	window1: mouseVisible = False
18.5658 	EXP 	demo_fixation: opacity = 1
18.5658 	EXP 	demo_fixation: pos = [0, 0]
18.5670 	EXP 	window1: mouseVisible = False
18.5825 	EXP 	demo_fixation: opacity = 1
18.5825 	EXP 	demo_fixation: pos = [0, 0]
18.5837 	EXP 	window1: mouseVisible = False
18.5991 	EXP 	demo_fixation: opacity = 1
18.5991 	EXP 	demo_fixation: pos = [0, 0]
18.6003 	EXP 	window1: mouseVisible = False
18.6157 	EXP 	demo_fixation: opacity = 1
18.6157 	EXP 	demo_fixation: pos = [0, 0]
18.6171 	EXP 	window1: mouseVisible = False
18.6323 	EXP 	demo_fixation: opacity = 1
18.6323 	EXP 	demo_fixation: pos = [0, 0]
18.6335 	EXP 	window1: mouseVisible = False
18.6491 	EXP 	demo_fixation: opacity = 1
18.6491 	EXP 	demo_fixation: pos = [0, 0]
18.6507 	EXP 	window1: mouseVisible = False
18.6657 	EXP 	demo_fixation: opacity = 1
18.6657 	EXP 	demo_fixation: pos = [0, 0]
18.6673 	EXP 	window1: mouseVisible = False
18.6823 	EXP 	demo_fixation: opacity = 1
18.6823 	EXP 	demo_fixation: pos = [0, 0]
18.6835 	EXP 	window1: mouseVisible = False
18.6990 	EXP 	demo_fixation: opacity = 1
18.6990 	EXP 	demo_fixation: pos = [0, 0]
18.7002 	EXP 	window1: mouseVisible = False
18.7157 	EXP 	demo_fixation: opacity = 1
18.7157 	EXP 	demo_fixation: pos = [0, 0]
18.7170 	EXP 	window1: mouseVisible = False
18.7324 	EXP 	demo_fixation: opacity = 1
18.7324 	EXP 	demo_fixation: pos = [0, 0]
18.7337 	EXP 	window1: mouseVisible = False
18.7490 	EXP 	demo_fixation: opacity = 1
18.7490 	EXP 	demo_fixation: pos = [0, 0]
18.7505 	EXP 	window1: mouseVisible = False
18.7655 	EXP 	demo_fixation: opacity = 1
18.7655 	EXP 	demo_fixation: pos = [0, 0]
18.7667 	EXP 	window1: mouseVisible = False
18.7823 	EXP 	demo_fixation: opacity = 1
18.7823 	EXP 	demo_fixation: pos = [0, 0]
18.7835 	EXP 	window1: mouseVisible = False
18.7988 	EXP 	demo_fixation: opacity = 1
18.7988 	EXP 	demo_fixation: pos = [0, 0]
18.8001 	EXP 	window1: mouseVisible = False
18.8154 	EXP 	demo_fixation: opacity = 1
18.8154 	EXP 	demo_fixation: pos = [0, 0]
18.8177 	DATA 	Mouse: Left button down, pos=(960,540)
18.8181 	EXP 	window1: mouseVisible = False
18.8321 	EXP 	demo_fixation: opacity = 0
18.8328 	EXP 	window1: mouseVisible = False
18.8490 	EXP 	demo_fixation: opacity = 0
18.8497 	EXP 	window1: mouseVisible = False
18.8653 	EXP 	demo_fixation: opacity = 0
18.8660 	EXP 	window1: mouseVisible = False
18.8822 	EXP 	demo_fixation: opacity = 0
18.8829 	EXP 	window1: mouseVisible = False
18.8988 	EXP 	demo_fixation: opacity = 0
18.8995 	EXP 	window1: mouseVisible = False
18.9155 	EXP 	demo_fixation: opacity = 0
18.9162 	EXP 	window1: mouseVisible = False
18.9322 	EXP 	demo_fixation: opacity = 0
18.9329 	EXP 	window1: mouseVisible = False
18.9488 	EXP 	demo_fixation: opacity = 0
18.9496 	EXP 	window1: mouseVisible = False
18.9652 	EXP 	demo_fixation: opacity = 0
18.9659 	EXP 	window1: mouseVisible = False
18.9823 	EXP 	demo_fixation: opacity = 0
18.9830 	EXP 	window1: mouseVisible = False
18.9986 	EXP 	demo_fixation: opacity = 0
18.9994 	EXP 	window1: mouseVisible = False
19.0154 	EXP 	demo_fixation: opacity = 0
19.0161 	EXP 	window1: mouseVisible = False
19.0318 	EXP 	demo_fixation: opacity = 0
19.0325 	EXP 	window1: mouseVisible = False
19.0485 	EXP 	demo_fixation: opacity = 0
19.0493 	EXP 	window1: mouseVisible = False
19.0651 	EXP 	demo_fixation: opacity = 0
19.0659 	EXP 	window1: mouseVisible = False
19.0822 	EXP 	demo_fixation: opacity = 0
19.0838 	EXP 	window1: mouseVisible = False
19.0985 	EXP 	demo_fixation: opacity = 0
19.0997 	EXP 	window1: mouseVisible = False
19.1152 	EXP 	demo_fixation: opacity = 0
19.1166 	EXP 	window1: mouseVisible = False
19.1318 	EXP 	demo_fixation: opacity = 0
19.1332 	EXP 	window1: mouseVisible = False
19.1487 	EXP 	demo_fixation: opacity = 0
19.1502 	EXP 	window1: mouseVisible = False
19.1652 	EXP 	demo_fixation: opacity = 0
19.1667 	EXP 	window1: mouseVisible = False
19.1819 	EXP 	demo_fixation: opacity = 0
19.1836 	EXP 	window1: mouseVisible = False
19.1984 	EXP 	demo_fixation: opacity = 0
19.1997 	EXP 	window1: mouseVisible = False
19.2151 	EXP 	demo_fixation: opacity = 0
19.2163 	EXP 	window1: mouseVisible = False
19.2318 	EXP 	demo_fixation: opacity = 0
19.2330 	EXP 	window1: mouseVisible = False
19.2484 	EXP 	demo_fixation: opacity = 0
19.2509 	EXP 	window1: mouseVisible = False
19.2653 	EXP 	demo_fixation: opacity = 0
19.2668 	EXP 	window1: mouseVisible = False
19.2820 	EXP 	demo_fixation: opacity = 0
19.2833 	EXP 	window1: mouseVisible = False
19.2987 	EXP 	demo_fixation: opacity = 0
19.3001 	EXP 	window1: mouseVisible = False
19.3151 	EXP 	demo_fixation: opacity = 0
19.3171 	EXP 	window1: mouseVisible = False
19.3329 	EXP 	demo_fixation: opacity = 0
19.3348 	EXP 	window1: mouseVisible = False
19.3485 	EXP 	demo_fixation: opacity = 0
19.3499 	EXP 	window1: mouseVisible = False
19.3650 	EXP 	demo_fixation: opacity = 0
19.3667 	EXP 	window1: mouseVisible = False
19.3817 	EXP 	demo_fixation: opacity = 0
19.3837 	EXP 	window1: mouseVisible = False
19.3983 	EXP 	demo_fixation: opacity = 0
19.3997 	EXP 	window1: mouseVisible = False
19.4155 	EXP 	demo_fixation: opacity = 0
19.4178 	EXP 	window1: mouseVisible = False
19.4316 	EXP 	demo_fixation: opacity = 0
19.4329 	EXP 	window1: mouseVisible = False
19.4482 	EXP 	demo_fixation: opacity = 0
19.4496 	EXP 	window1: mouseVisible = False
19.4649 	EXP 	demo_fixation: opacity = 0
19.4662 	EXP 	window1: mouseVisible = False
19.4816 	EXP 	demo_fixation: opacity = 0
19.4828 	EXP 	window1: mouseVisible = False
19.4981 	EXP 	demo_fixation: opacity = 0
19.4998 	EXP 	window1: mouseVisible = False
19.5150 	EXP 	demo_fixation: opacity = 0
19.5164 	EXP 	window1: mouseVisible = False
19.5322 	EXP 	demo_fixation: opacity = 0
19.5335 	EXP 	window1: mouseVisible = False
19.5481 	EXP 	demo_fixation: opacity = 0
19.5489 	EXP 	window1: mouseVisible = False
19.5648 	EXP 	demo_fixation: opacity = 0
19.5670 	EXP 	window1: mouseVisible = False
19.5898 	EXP 	demo_fixation: opacity = 0
19.5898 	EXP 	demo_fixation: pos = array([-0.23981481, -0.36944444])
19.5898 	EXP 	demo_fixation: opacity = 1
19.5898 	EXP 	demo_enclosing: autoDraw = False
19.5898 	EXP 	demo_target: autoDraw = False
19.5898 	EXP 	demo_fixation: autoDraw = False
19.5898 	EXP 	demo_fixation: opacity = 1
19.5898 	EXP 	demo_target_feedback: pos = array([-0.3, -0.3])
19.5898 	EXP 	demo_fixation_feedback: pos = array([-0.23981481, -0.36944444])
19.5898 	EXP 	demo_enclosing_feedback: autoDraw = True
19.5898 	EXP 	demo_target_feedback: autoDraw = True
19.5898 	EXP 	demo_fixation_feedback: autoDraw = True
20.0840 	EXP 	New trial (rep=0, index=2): OrderedDict([('target_x', 0.3), ('target_y', -0.3), ('rotation', 0)])
20.0866 	EXP 	window1: mouseVisible = False
20.0985 	EXP 	demo_enclosing_feedback: autoDraw = False
20.0985 	EXP 	demo_target_feedback: autoDraw = False
20.0985 	EXP 	demo_fixation_feedback: autoDraw = False
20.0985 	EXP 	demo_target: pos = array([ 0.3, -0.3])
20.0985 	EXP 	demo_fixation: pos = array([0., 0.])
20.0985 	EXP 	demo_fixation: opacity = 1
20.0985 	EXP 	demo_fixation: pos = [0, 0]
20.0985 	EXP 	demo_enclosing: autoDraw = True
20.0985 	EXP 	demo_target: autoDraw = True
20.0985 	EXP 	demo_fixation: autoDraw = True
20.0985 	EXP 	demo_fixation: opacity = 0
20.0994 	EXP 	window1: mouseVisible = False
20.1142 	EXP 	demo_fixation: opacity = 0
20.1149 	EXP 	window1: mouseVisible = False
20.1308 	EXP 	demo_fixation: opacity = 0
20.1318 	EXP 	window1: mouseVisible = False
20.1476 	EXP 	demo_fixation: opacity = 0
20.1483 	EXP 	window1: mouseVisible = False
20.1643 	EXP 	demo_fixation: opacity = 0
20.1651 	EXP 	window1: mouseVisible = False
20.1816 	EXP 	demo_fixation: opacity = 0
20.1823 	EXP 	window1: mouseVisible = False
20.1975 	EXP 	demo_fixation: opacity = 0
20.1982 	EXP 	window1: mouseVisible = False
20.2143 	EXP 	demo_fixation: opacity = 0
20.2150 	EXP 	window1: mouseVisible = False
20.2307 	EXP 	demo_fixation: opacity = 0
20.2314 	EXP 	window1: mouseVisible = False
20.2474 	EXP 	demo_fixation: opacity = 0
20.2481 	EXP 	window1: mouseVisible = False
20.2642 	EXP 	demo_fixation: opacity = 0
20.2649 	EXP 	window1: mouseVisible = False
20.2807 	EXP 	demo_fixation: opacity = 0
20.2815 	EXP 	window1: mouseVisible = False
20.2975 	EXP 	demo_fixation: opacity = 0
20.2982 	EXP 	window1: mouseVisible = False
20.3140 	EXP 	demo_fixation: opacity = 0
20.3147 	EXP 	window1: mouseVisible = False
20.3308 	EXP 	demo_fixation: opacity = 0
20.3324 	DATA 	Mouse:  Left button up, pos=(681,106)
20.3326 	EXP 	window1: mouseVisible = False
20.3475 	EXP 	demo_fixation: opacity = 1
20.3475 	EXP 	demo_fixation: pos = [0, 0]
20.3488 	EXP 	window1: mouseVisible = False
20.3641 	EXP 	demo_fixation: opacity = 1
20.3641 	EXP 	demo_fixation: pos = [0, 0]
20.3656 	EXP 	window1: mouseVisible = False
20.3808 	EXP 	demo_fixation: opacity = 1
20.3808 	EXP 	demo_fixation: pos = [0, 0]
20.3821 	EXP 	window1: mouseVisible = False
20.3973 	EXP 	demo_fixation: opacity = 1
20.3973 	EXP 	demo_fixation: pos = [0, 0]
20.3989 	EXP 	window1: mouseVisible = False
20.4142 	EXP 	demo_fixation: opacity = 1
20.4142 	EXP 	demo_fixation: pos = [0, 0]
20.4153 	EXP 	window1: mouseVisible = False
20.4306 	EXP 	demo_fixation: opacity = 1
20.4306 	EXP 	demo_fixation: pos = [0, 0]
20.4318 	EXP 	window1: mouseVisible = False
20.4473 	EXP 	demo_fixation: opacity = 1
20.4473 	EXP 	demo_fixation: pos = [0, 0]
20.4485 	EXP 	window1: mouseVisible = False
20.4641 	EXP 	demo_fixation: opacity = 1
20.4641 	EXP 	demo_fixation: pos = [0, 0]
20.4654 	EXP 	window1: mouseVisible = False
20.4807 	EXP 	demo_fixation: opacity = 1
20.4807 	EXP 	demo_fixation: pos = [0, 0]
20.4819 	EXP 	window1: mouseVisible = False
20.4974 	EXP 	demo_fixation: opacity = 1
20.4974 	EXP 	demo_fixation: pos = [0, 0]
20.4986 	EXP 	window1: mouseVisible = False
20.5140 	EXP 	demo_fixation: opacity = 1
20.5140 	EXP 	demo_fixation: pos = [0, 0]
20.5152 	EXP 	window1: mouseVisible = False
20.5306 	EXP 	demo_fixation: opacity = 1
20.5306 	EXP 	demo_fixation: pos = [0, 0]
20.5318 	EXP 	window1: mouseVisible = False
20.5472 	EXP 	demo_fixation: opacity = 1
20.5472 	EXP 	demo_fixation: pos = [0, 0]
20.5485 	EXP 	window1: mouseVisible = False
20.5640 	EXP 	demo_fixation: opacity = 1
20.5640 	EXP 	demo_fixation: pos = [0, 0]
20.5652 	EXP 	window1: mouseVisible = False
20.5806 	EXP 	demo_fixation: opacity = 1
20.5806 	EXP 	demo_fixation: pos = [0, 0]
20.5818 	EXP 	window1: mouseVisible = False
20.5973 	EXP 	demo_fixation: opacity = 1
20.5973 	EXP 	demo_fixation: pos = [0, 0]
20.5985 	EXP 	window1: mouseVisible = False
20.6139 	EXP 	demo_fixation: opacity = 1
20.6139 	EXP 	demo_fixation: pos = [0, 0]
20.6151 	EXP 	window1: mouseVisible = False
20.6306 	EXP 	demo_fixation: opacity = 1
20.6306 	EXP 	demo_fixation: pos = [0, 0]
20.6318 	EXP 	window1: mouseVisible = False
20.6472 	EXP 	demo_fixation: opacity = 1
20.6472 	EXP 	demo_fixation: pos = [0, 0]
20.6484 	EXP 	window1: mouseVisible = False
20.6636 	EXP 	demo_fixation: opacity = 1
20.6636 	EXP 	demo_fixation: pos = [0, 0]
20.6652 	EXP 	window1: mouseVisible = False
20.6804 	EXP 	demo_fixation: opacity = 1
20.6804 	EXP 	demo_fixation: pos = [0, 0]
20.6816 	EXP 	window1: mouseVisible = False
20.6970 	EXP 	demo_fixation: opacity = 1
20.6970 	EXP 	demo_fixation: pos = [0, 0]
20.6982 	EXP 	window1: mouseVisible = False
20.7138 	EXP 	demo_fixation: opacity = 1
20.7138 	EXP 	demo_fixation: pos = [0, 0]
20.7150 	EXP 	window1: mouseVisible = False
20.7305 	EXP 	demo_fixation: opacity = 1
20.7305 	EXP 	demo_fixation: pos = [0, 0]
20.7317 	EXP 	window1: mouseVisible = False
20.7470 	EXP 	demo_fixation: opacity = 1
20.7470 	EXP 	demo_fixation: pos = [0, 0]
20.7483 	EXP 	window1: mouseVisible = False
20.7638 	EXP 	demo_fixation: opacity = 1
20.7638 	EXP 	demo_fixation: pos = [0, 0]
20.7650 	EXP 	window1: mouseVisible = False
20.7803 	EXP 	demo_fixation: opacity = 1
20.7803 	EXP 	demo_fixation: pos = [0, 0]
20.7817 	EXP 	window1: mouseVisible = False
20.7971 	EXP 	demo_fixation: opacity = 1
20.7971 	EXP 	demo_fixation: pos = [0, 0]
20.7984 	EXP 	window1: mouseVisible = False
20.8138 	EXP 	demo_fixation: opacity = 1
20.8138 	EXP 	demo_fixation: pos = [0, 0]
20.8150 	EXP 	window1: mouseVisible = False
20.8304 	EXP 	demo_fixation: opacity = 1
20.8304 	EXP 	demo_fixation: pos = [0, 0]
20.8316 	EXP 	window1: mouseVisible = False
20.8468 	EXP 	demo_fixation: opacity = 1
20.8468 	EXP 	demo_fixation: pos = [0, 0]
20.8481 	EXP 	window1: mouseVisible = False
20.8636 	EXP 	demo_fixation: opacity = 1
20.8636 	EXP 	demo_fixation: pos = [0, 0]
20.8649 	EXP 	window1: mouseVisible = False
20.8803 	EXP 	demo_fixation: opacity = 1
20.8803 	EXP 	demo_fixation: pos = [0, 0]
20.8816 	EXP 	window1: mouseVisible = False
20.8969 	EXP 	demo_fixation: opacity = 1
20.8969 	EXP 	demo_fixation: pos = [0, 0]
20.8982 	EXP 	window1: mouseVisible = False
20.9137 	EXP 	demo_fixation: opacity = 1
20.9137 	EXP 	demo_fixation: pos = [0, 0]
20.9149 	EXP 	window1: mouseVisible = False
20.9302 	EXP 	demo_fixation: opacity = 1
20.9302 	EXP 	demo_fixation: pos = [0, 0]
20.9315 	EXP 	window1: mouseVisible = False
20.9470 	EXP 	demo_fixation: opacity = 1
20.9470 	EXP 	demo_fixation: pos = [0, 0]
20.9486 	EXP 	window1: mouseVisible = False
20.9634 	EXP 	demo_fixation: opacity = 1
20.9634 	EXP 	demo_fixation: pos = [0, 0]
20.9647 	EXP 	window1: mouseVisible = False
20.9802 	EXP 	demo_fixation: opacity = 1
20.9802 	EXP 	demo_fixation: pos = [0, 0]
20.9815 	EXP 	window1: mouseVisible = False
20.9969 	EXP 	demo_fixation: opacity = 1
20.9969 	EXP 	demo_fixation: pos = [0, 0]
20.9982 	EXP 	window1: mouseVisible = False
21.0135 	EXP 	demo_fixation: opacity = 1
21.0135 	EXP 	demo_fixation: pos = [0, 0]
21.0147 	EXP 	window1: mouseVisible = False
21.0302 	EXP 	demo_fixation: opacity = 1
21.0302 	EXP 	demo_fixation: pos = [0, 0]
21.0314 	EXP 	window1: mouseVisible = False
21.0468 	EXP 	demo_fixation: opacity = 1
21.0468 	EXP 	demo_fixation: pos = [0, 0]
21.0481 	EXP 	window1: mouseVisible = False
21.0634 	EXP 	demo_fixation: opacity = 1
21.0634 	EXP 	demo_fixation: pos = [0, 0]
21.0646 	EXP 	window1: mouseVisible = False
21.0800 	EXP 	demo_fixation: opacity = 1
21.0800 	EXP 	demo_fixation: pos = [0, 0]
21.0812 	EXP 	window1: mouseVisible = False
21.0966 	EXP 	demo_fixation: opacity = 1
21.0966 	EXP 	demo_fixation: pos = [0, 0]
21.0978 	EXP 	window1: mouseVisible = False
21.1135 	EXP 	demo_fixation: opacity = 1
21.1135 	EXP 	demo_fixation: pos = [0, 0]
21.1147 	EXP 	window1: mouseVisible = False
21.1301 	EXP 	demo_fixation: opacity = 1
21.1301 	EXP 	demo_fixation: pos = [0, 0]
21.1313 	EXP 	window1: mouseVisible = False
21.1468 	EXP 	demo_fixation: opacity = 1
21.1468 	EXP 	demo_fixation: pos = [0, 0]
21.1480 	EXP 	window1: mouseVisible = False
21.1634 	EXP 	demo_fixation: opacity = 1
21.1634 	EXP 	demo_fixation: pos = [0, 0]
21.1649 	EXP 	window1: mouseVisible = False
21.1799 	EXP 	demo_fixation: opacity = 1
21.1799 	EXP 	demo_fixation: pos = [0, 0]
21.1813 	EXP 	window1: mouseVisible = False
21.1964 	EXP 	demo_fixation: opacity = 1
21.1964 	EXP 	demo_fixation: pos = [0, 0]
21.1984 	EXP 	window1: mouseVisible = False
21.2133 	EXP 	demo_fixation: opacity = 1
21.2133 	EXP 	demo_fixation: pos = [0, 0]
21.2146 	EXP 	window1: mouseVisible = False
21.2300 	EXP 	demo_fixation: opacity = 1
21.2300 	EXP 	demo_fixation: pos = [0, 0]
21.2312 	EXP 	window1: mouseVisible = False
21.2467 	EXP 	demo_fixation: opacity = 1
21.2467 	EXP 	demo_fixation: pos = [0, 0]
21.2479 	EXP 	window1: mouseVisible = False
21.2633 	EXP 	demo_fixation: opacity = 1
21.2633 	EXP 	demo_fixation: pos = [0, 0]
21.2647 	EXP 	window1: mouseVisible = False
21.2799 	EXP 	demo_fixation: opacity = 1
21.2799 	EXP 	demo_fixation: pos = [0, 0]
21.2820 	DATA 	Mouse: Left button down, pos=(960,540)
21.2826 	EXP 	window1: mouseVisible = False
21.2965 	EXP 	demo_fixation: opacity = 0
21.2972 	EXP 	window1: mouseVisible = False
21.3133 	EXP 	demo_fixation: opacity = 0
21.3140 	EXP 	window1: mouseVisible = False
21.3302 	EXP 	demo_fixation: opacity = 0
21.3309 	EXP 	window1: mouseVisible = False
21.3465 	EXP 	demo_fixation: opacity = 0
21.3472 	EXP 	window1: mouseVisible = False
21.3632 	EXP 	demo_fixation: opacity = 0
21.3639 	EXP 	window1: mouseVisible = False
21.3799 	EXP 	demo_fixation: opacity = 0
21.3806 	EXP 	window1: mouseVisible = False
21.3963 	EXP 	demo_fixation: opacity = 0
21.3970 	EXP 	window1: mouseVisible = False
21.4129 	EXP 	demo_fixation: opacity = 0
21.4136 	EXP 	window1: mouseVisible = False
21.4298 	EXP 	demo_fixation: opacity = 0
21.4306 	EXP 	window1: mouseVisible = False
21.4464 	EXP 	demo_fixation: opacity = 0
21.4471 	EXP 	window1: mouseVisible = False
21.4631 	EXP 	demo_fixation: opacity = 0
21.4638 	EXP 	window1: mouseVisible = False
21.4797 	EXP 	demo_fixation: opacity = 0
21.4805 	EXP 	window1: mouseVisible = False
21.4962 	EXP 	demo_fixation: opacity = 0
21.4970 	EXP 	window1: mouseVisible = False
21.5131 	EXP 	demo_fixation: opacity = 0
21.5138 	EXP 	window1: mouseVisible = False
21.5297 	EXP 	demo_fixation: opacity = 0
21.5307 	EXP 	window1: mouseVisible = False
21.5463 	EXP 	demo_fixation: opacity = 0
21.5475 	EXP 	window1: mouseVisible = False
21.5630 	EXP 	demo_fixation: opacity = 0
21.5643 	EXP 	window1: mouseVisible = False
21.5797 	EXP 	demo_fixation: opacity = 0
21.5817 	EXP 	window1: mouseVisible = False
21.5962 	EXP 	demo_fixation: opacity = 0
21.5973 	EXP 	window1: mouseVisible = False
21.6130 	EXP 	demo_fixation: opacity = 0
21.6142 	EXP 	window1: mouseVisible = False
21.6295 	EXP 	demo_fixation: opacity = 0
21.6309 	EXP 	window1: mouseVisible = False
21.6464 	EXP 	demo_fixation: opacity = 0
21.6479 	EXP 	window1: mouseVisible = False
21.6631 	EXP 	demo_fixation: opacity = 0
21.6642 	EXP 	window1: mouseVisible = False
21.6793 	EXP 	demo_fixation: opacity = 0
21.6807 	EXP 	window1: mouseVisible = False
21.6962 	EXP 	demo_fixation: opacity = 0
21.6976 	EXP 	window1: mouseVisible = False
21.7128 	EXP 	demo_fixation: opacity = 0
21.7143 	EXP 	window1: mouseVisible = False
21.7296 	EXP 	demo_fixation: opacity = 0
21.7309 	EXP 	window1: mouseVisible = False
21.7521 	EXP 	demo_fixation: opacity = 0
21.7521 	EXP 	demo_fixation: pos = array([ 0.34074074, -0.29722222])
21.7521 	EXP 	demo_fixation: opacity = 1
21.7521 	EXP 	demo_enclosing: autoDraw = False
21.7521 	EXP 	demo_target: autoDraw = False
21.7521 	EXP 	demo_fixation: autoDraw = False
21.7521 	EXP 	demo_fixation: opacity = 1
21.7521 	EXP 	demo_target_feedback: pos = array([ 0.3, -0.3])
21.7521 	EXP 	demo_fixation_feedback: pos = array([ 0.34074074, -0.29722222])
21.7521 	EXP 	demo_enclosing_feedback: autoDraw = True
21.7521 	EXP 	demo_target_feedback: autoDraw = True
21.7521 	EXP 	demo_fixation_feedback: autoDraw = True
22.2486 	EXP 	New trial (rep=0, index=3): OrderedDict([('target_x', 0.3), ('target_y', 0.3), ('rotation', 0)])
22.2512 	EXP 	window1: mouseVisible = False
22.2632 	EXP 	demo_enclosing_feedback: autoDraw = False
22.2632 	EXP 	demo_target_feedback: autoDraw = False
22.2632 	EXP 	demo_fixation_feedback: autoDraw = False
22.2632 	EXP 	demo_target: pos = array([0.3, 0.3])
22.2632 	EXP 	demo_fixation: pos = array([0., 0.])
22.2632 	EXP 	demo_fixation: opacity = 1
22.2632 	EXP 	demo_fixation: pos = [0, 0]
22.2632 	EXP 	demo_enclosing: autoDraw = True
22.2632 	EXP 	demo_target: autoDraw = True
22.2632 	EXP 	demo_fixation: autoDraw = True
22.2632 	EXP 	demo_fixation: opacity = 0
22.2642 	EXP 	window1: mouseVisible = False
22.2788 	EXP 	demo_fixation: opacity = 0
22.2796 	EXP 	window1: mouseVisible = False
22.2955 	EXP 	demo_fixation: opacity = 0
22.2963 	EXP 	window1: mouseVisible = False
22.3123 	EXP 	demo_fixation: opacity = 0
22.3130 	EXP 	window1: mouseVisible = False
22.3289 	EXP 	demo_fixation: opacity = 0
22.3300 	EXP 	window1: mouseVisible = False
22.3457 	EXP 	demo_fixation: opacity = 0
22.3473 	DATA 	Mouse:  Left button up, pos=(1437,112)
22.3475 	EXP 	window1: mouseVisible = False
22.3624 	EXP 	demo_fixation: opacity = 1
22.3624 	EXP 	demo_fixation: pos = [0, 0]
22.3636 	EXP 	window1: mouseVisible = False
22.3790 	EXP 	demo_fixation: opacity = 1
22.3790 	EXP 	demo_fixation: pos = [0, 0]
22.3804 	EXP 	window1: mouseVisible = False
22.3954 	EXP 	demo_fixation: opacity = 1
22.3954 	EXP 	demo_fixation: pos = [0, 0]
22.3967 	EXP 	window1: mouseVisible = False
22.4123 	EXP 	demo_fixation: opacity = 1
22.4123 	EXP 	demo_fixation: pos = [0, 0]
22.4136 	EXP 	window1: mouseVisible = False
22.4287 	EXP 	demo_fixation: opacity = 1
22.4287 	EXP 	demo_fixation: pos = [0, 0]
22.4302 	EXP 	window1: mouseVisible = False
22.4456 	EXP 	demo_fixation: opacity = 1
22.4456 	EXP 	demo_fixation: pos = [0, 0]
22.4468 	EXP 	window1: mouseVisible = False
22.4620 	EXP 	demo_fixation: opacity = 1
22.4620 	EXP 	demo_fixation: pos = [0, 0]
22.4633 	EXP 	window1: mouseVisible = False
22.4787 	EXP 	demo_fixation: opacity = 1
22.4787 	EXP 	demo_fixation: pos = [0, 0]
22.4803 	EXP 	window1: mouseVisible = False
22.4955 	EXP 	demo_fixation: opacity = 1
22.4955 	EXP 	demo_fixation: pos = [0, 0]
22.4967 	EXP 	window1: mouseVisible = False
22.5120 	EXP 	demo_fixation: opacity = 1
22.5120 	EXP 	demo_fixation: pos = [0, 0]
22.5132 	EXP 	window1: mouseVisible = False
22.5289 	EXP 	demo_fixation: opacity = 1
22.5289 	EXP 	demo_fixation: pos = [0, 0]
22.5301 	EXP 	window1: mouseVisible = False
22.5453 	EXP 	demo_fixation: opacity = 1
22.5453 	EXP 	demo_fixation: pos = [0, 0]
22.5473 	EXP 	window1: mouseVisible = False
22.5621 	EXP 	demo_fixation: opacity = 1
22.5621 	EXP 	demo_fixation: pos = [0, 0]
22.5634 	EXP 	window1: mouseVisible = False
22.5786 	EXP 	demo_fixation: opacity = 1
22.5786 	EXP 	demo_fixation: pos = [0, 0]
22.5798 	EXP 	window1: mouseVisible = False
22.5953 	EXP 	demo_fixation: opacity = 1
22.5953 	EXP 	demo_fixation: pos = [0, 0]
22.5965 	EXP 	window1: mouseVisible = False
22.6120 	EXP 	demo_fixation: opacity = 1
22.6120 	EXP 	demo_fixation: pos = [0, 0]
22.6133 	EXP 	window1: mouseVisible = False
22.6286 	EXP 	demo_fixation: opacity = 1
22.6286 	EXP 	demo_fixation: pos = [0, 0]
22.6298 	EXP 	window1: mouseVisible = False
22.6454 	EXP 	demo_fixation: opacity = 1
22.6454 	EXP 	demo_fixation: pos = [0, 0]
22.6466 	EXP 	window1: mouseVisible = False
22.6618 	EXP 	demo_fixation: opacity = 1
22.6618 	EXP 	demo_fixation: pos = [0, 0]
22.6630 	EXP 	window1: mouseVisible = False
22.6786 	EXP 	demo_fixation: opacity = 1
22.6786 	EXP 	demo_fixation: pos = [0, 0]
22.6802 	EXP 	window1: mouseVisible = False
22.6953 	EXP 	demo_fixation: opacity = 1
22.6953 	EXP 	demo_fixation: pos = [0, 0]
22.6969 	EXP 	window1: mouseVisible = False
22.7118 	EXP 	demo_fixation: opacity = 1
22.7118 	EXP 	demo_fixation: pos = [0, 0]
22.7130 	EXP 	window1: mouseVisible = False
22.7286 	EXP 	demo_fixation: opacity = 1
22.7286 	EXP 	demo_fixation: pos = [0, 0]
22.7298 	EXP 	window1: mouseVisible = False
22.7451 	EXP 	demo_fixation: opacity = 1
22.7451 	EXP 	demo_fixation: pos = [0, 0]
22.7463 	EXP 	window1: mouseVisible = False
22.7617 	EXP 	demo_fixation: opacity = 1
22.7617 	EXP 	demo_fixation: pos = [0, 0]
22.7629 	EXP 	window1: mouseVisible = False
22.7785 	EXP 	demo_fixation: opacity = 1
22.7785 	EXP 	demo_fixation: pos = [0, 0]
22.7797 	EXP 	window1: mouseVisible = False
22.7953 	EXP 	demo_fixation: opacity = 1
22.7953 	EXP 	demo_fixation: pos = [0, 0]
22.7965 	EXP 	window1: mouseVisible = False
22.8118 	EXP 	demo_fixation: opacity = 1
22.8118 	EXP 	demo_fixation: pos = [0, 0]
22.8130 	EXP 	window1: mouseVisible = False
22.8282 	EXP 	demo_fixation: opacity = 1
22.8282 	EXP 	demo_fixation: pos = [0, 0]
22.8295 	EXP 	window1: mouseVisible = False
22.8452 	EXP 	demo_fixation: opacity = 1
22.8452 	EXP 	demo_fixation: pos = [0, 0]
22.8464 	EXP 	window1: mouseVisible = False
22.8616 	EXP 	demo_fixation: opacity = 1
22.8616 	EXP 	demo_fixation: pos = [0, 0]
22.8628 	EXP 	window1: mouseVisible = False
22.8784 	EXP 	demo_fixation: opacity = 1
22.8784 	EXP 	demo_fixation: pos = [0, 0]
22.8797 	EXP 	window1: mouseVisible = False
22.8951 	EXP 	demo_fixation: opacity = 1
22.8951 	EXP 	demo_fixation: pos = [0, 0]
22.8980 	DATA 	Mouse: Left button down, pos=(960,540)
22.8985 	EXP 	window1: mouseVisible = False
22.9116 	EXP 	demo_fixation: opacity = 0
22.9124 	EXP 	window1: mouseVisible = False
22.9284 	EXP 	demo_fixation: opacity = 0
22.9291 	EXP 	window1: mouseVisible = False
22.9449 	EXP 	demo_fixation: opacity = 0
22.9456 	EXP 	window1: mouseVisible = False
22.9616 	EXP 	demo_fixation: opacity = 0
22.9623 	EXP 	window1: mouseVisible = False
22.9783 	EXP 	demo_fixation: opacity = 0
22.9790 	EXP 	window1: mouseVisible = False
22.9949 	EXP 	demo_fixation: opacity = 0
22.9957 	EXP 	window1: mouseVisible = False
23.0118 	EXP 	demo_fixation: opacity = 0
23.0125 	EXP 	window1: mouseVisible = False
23.0281 	EXP 	demo_fixation: opacity = 0
23.0290 	EXP 	window1: mouseVisible = False
23.0449 	EXP 	demo_fixation: opacity = 0
23.0456 	EXP 	window1: mouseVisible = False
23.0615 	EXP 	demo_fixation: opacity = 0
23.0622 	EXP 	window1: mouseVisible = False
23.0780 	EXP 	demo_fixation: opacity = 0
23.0787 	EXP 	window1: mouseVisible = False
23.0948 	EXP 	demo_fixation: opacity = 0
23.0958 	EXP 	window1: mouseVisible = False
23.1114 	EXP 	demo_fixation: opacity = 0
23.1122 	EXP 	window1: mouseVisible = False
23.1286 	EXP 	demo_fixation: opacity = 0
23.1297 	EXP 	window1: mouseVisible = False
23.1447 	EXP 	demo_fixation: opacity = 0
23.1466 	EXP 	window1: mouseVisible = False
23.1616 	EXP 	demo_fixation: opacity = 0
23.1629 	EXP 	window1: mouseVisible = False
23.1785 	EXP 	demo_fixation: opacity = 0
23.1805 	EXP 	window1: mouseVisible = False
23.1947 	EXP 	demo_fixation: opacity = 0
23.1959 	EXP 	window1: mouseVisible = False
23.2113 	EXP 	demo_fixation: opacity = 0
23.2135 	EXP 	window1: mouseVisible = False
23.2281 	EXP 	demo_fixation: opacity = 0
23.2294 	EXP 	window1: mouseVisible = False
23.2454 	EXP 	demo_fixation: opacity = 0
23.2466 	EXP 	window1: mouseVisible = False
23.2614 	EXP 	demo_fixation: opacity = 0
23.2626 	EXP 	window1: mouseVisible = False
23.2782 	EXP 	demo_fixation: opacity = 0
23.2802 	EXP 	window1: mouseVisible = False
23.2948 	EXP 	demo_fixation: opacity = 0
23.2960 	EXP 	window1: mouseVisible = False
23.3116 	EXP 	demo_fixation: opacity = 0
23.3128 	EXP 	window1: mouseVisible = False
23.3283 	EXP 	demo_fixation: opacity = 0
23.3305 	EXP 	window1: mouseVisible = False
23.3458 	EXP 	demo_fixation: opacity = 0
23.3481 	EXP 	window1: mouseVisible = False
23.3617 	EXP 	demo_fixation: opacity = 0
23.3633 	EXP 	window1: mouseVisible = False
23.3780 	EXP 	demo_fixation: opacity = 0
23.3800 	EXP 	window1: mouseVisible = False
23.3946 	EXP 	demo_fixation: opacity = 0
23.3960 	EXP 	window1: mouseVisible = False
23.4114 	EXP 	demo_fixation: opacity = 0
23.4126 	EXP 	window1: mouseVisible = False
23.4335 	EXP 	demo_fixation: opacity = 0
23.4335 	EXP 	demo_fixation: pos = array([0.34537037, 0.28981481])
23.4335 	EXP 	demo_fixation: opacity = 1
23.4335 	EXP 	demo_enclosing: autoDraw = False
23.4335 	EXP 	demo_target: autoDraw = False
23.4335 	EXP 	demo_fixation: autoDraw = False
23.4335 	EXP 	demo_fixation: opacity = 1
23.4335 	EXP 	demo_target_feedback: pos = array([0.3, 0.3])
23.4335 	EXP 	demo_fixation_feedback: pos = array([0.34537037, 0.28981481])
23.4335 	EXP 	demo_enclosing_feedback: autoDraw = True
23.4335 	EXP 	demo_target_feedback: autoDraw = True
23.4335 	EXP 	demo_fixation_feedback: autoDraw = True
23.9303 	EXP 	New trial (rep=1, index=0): None
23.9443 	EXP 	demo_enclosing_feedback: autoDraw = False
23.9443 	EXP 	demo_target_feedback: autoDraw = False
23.9443 	EXP 	demo_fixation_feedback: autoDraw = False
23.9443 	EXP 	text: autoDraw = True
23.9497 	DATA 	Mouse:  Left button up, pos=(1413,954)
24.9610 	DATA 	Keypress: escape
25.2977 	EXP 	window1: mouseVisible = True
