1.6616 	WARNING 	We strongly recommend you activate the PTB sound engine in PsychoPy prefs as the preferred audio engine. Its timing is vastly superior. Your prefs are currently set to use ['sounddevice', 'PTB', 'pyo', 'pygame'] (in that order).
10.5720 	EXP 	Created window1 = Window(allowGUI=False, allowStencil=False, args=UNKNOWN, autoLog=True, bitsMode=UNKNOWN, blendMode='avg', bpc=(8, 8, 8), color=array([0., 0., 0.]), colorSpace='rgb', depthBits=8, fullscr=<method-wrapper '__getattribute__' of attributeSetter object at 0x0000011343873D68>, gamma=None, gammaErrorPolicy='raise', kwargs=UNKNOWN, lms=UNKNOWN, monitor=<psychopy.monitors.calibTools.Monitor object at 0x0000011343416DA0>, multiSample=False, name='window1', numSamples=2, pos=[0.0, 0.0], screen=0, size=array([1920, 1080]), stencilBits=0, stereo=False, units='height', useFBO=True, useRetina=False, viewOri=0.0, viewPos=None, viewScale=None, waitBlanking=True, winType='pyglet')
10.5727 	EXP 	window1: mouseVisible = True
10.5728 	EXP 	window1: recordFrameIntervals = False
10.7369 	EXP 	window1: recordFrameIntervals = True
10.9215 	EXP 	window1: recordFrameIntervals = False
11.4124 	EXP 	Created Welcome = TextStim(__class__=<class 'psychopy.visual.text.TextStim'>, alignHoriz=method-wrapper(...), alignText='center', alignVert=method-wrapper(...), anchorHoriz='center', anchorVert='center', antialias=True, autoLog=True, bold=False, color='white', colorSpace='named', contrast=1.0, depth=0.0, flipHoriz=False, flipVert=False, font='Arial', fontFiles=[], height=0.04, italic=False, languageStyle='LTR', name='Welcome', opacity=1.0, ori=0, pos=array([0., 0.]), rgb=array([255., 255., 255.]), text=str(...), units='height', win=Window(...), wrapWidth=1)
11.4126 	EXP 	window1: mouseVisible = True
11.4374 	EXP 	Created text = TextStim(__class__=<class 'psychopy.visual.text.TextStim'>, alignHoriz=method-wrapper(...), alignText='center', alignVert=method-wrapper(...), anchorHoriz='center', anchorVert='center', antialias=True, autoLog=True, bold=False, color='white', colorSpace='named', contrast=1.0, depth=0.0, flipHoriz=False, flipVert=False, font='Arial', fontFiles=[], height=0.04, italic=False, languageStyle='LTR', name='text', opacity=1.0, ori=0, pos=array([0., 0.]), rgb=array([255., 255., 255.]), text=str(...), units='height', win=Window(...), wrapWidth=1)
11.4376 	EXP 	window1: mouseVisible = True
11.4557 	EXP 	Created demo_enclosing_1 = Polygon(__class__=<class 'psychopy.visual.polygon.Polygon'>, autoDraw=False, autoLog=True, closeShape=True, color=method-wrapper(...), colorSpace=None, contrast=1.0, depth=-1.0, fillColor=array([0., 0., 0.]), fillColorSpace='rgb', fillRGB=array([0., 0., 0.]), interpolate=True, lineColor=array([-1., -1., -1.]), lineColorSpace='rgb', lineRGB=array([-1., -1., -1.]), lineWidth=1, name='demo_enclosing_1', opacity=1.0, ori=array(0.), pos=array([0., 0.]), size=array([0.9, 0.9]), units='height', vertices=ndarray(...), win=Window(...))
11.4719 	EXP 	Created demo_enclosing = Polygon(__class__=<class 'psychopy.visual.polygon.Polygon'>, autoDraw=False, autoLog=True, closeShape=True, color=method-wrapper(...), colorSpace=None, contrast=1.0, depth=-2.0, fillColor=array([0., 0., 0.]), fillColorSpace='rgb', fillRGB=array([0., 0., 0.]), interpolate=True, lineColor=array([-1., -1., -1.]), lineColorSpace='rgb', lineRGB=array([-1., -1., -1.]), lineWidth=1, name='demo_enclosing', opacity=1.0, ori=array(0.), pos=array([0., 0.]), size=array([0.8, 0.8]), units='height', vertices=ndarray(...), win=Window(...))
11.4793 	EXP 	Created demo_target = ShapeStim(__class__=<class 'psychopy.visual.shape.ShapeStim'>, autoDraw=False, autoLog=True, closeShape=True, contrast=1.0, depth=-3.0, fillColor=array([1., 1., 1.]), fillColorSpace='rgb', interpolate=True, lineColor=array([1., 1., 1.]), lineColorSpace='rgb', lineWidth=1, name='demo_target', opacity=1.0, ori=array(45.), pos=array([0., 0.]), size=array([0.05, 0.05]), units='height', vertices=ndarray(...), win=Window(...), windingRule=None)
11.4908 	EXP 	Created demo_fixation = Polygon(__class__=<class 'psychopy.visual.polygon.Polygon'>, autoDraw=False, autoLog=True, closeShape=True, color=method-wrapper(...), colorSpace=None, contrast=1.0, depth=-4.0, fillColor=array([1., 0., 0.]), fillColorSpace='rgb', fillRGB=array([1., 0., 0.]), interpolate=True, lineColor=array([1., 0., 0.]), lineColorSpace='rgb', lineRGB=array([1., 0., 0.]), lineWidth=1, name='demo_fixation', opacity=1.0, ori=array(0.), pos=array([0., 0.]), size=array([0.025, 0.025]), units='height', vertices=ndarray(...), win=Window(...))
11.4911 	EXP 	window1: mouseVisible = True
11.5132 	EXP 	Created demo_enclosing_feedback_1 = Polygon(__class__=<class 'psychopy.visual.polygon.Polygon'>, autoDraw=False, autoLog=True, closeShape=True, color=method-wrapper(...), colorSpace=None, contrast=1.0, depth=0.0, fillColor=array([0., 0., 0.]), fillColorSpace='rgb', fillRGB=array([0., 0., 0.]), interpolate=True, lineColor=array([-1., -1., -1.]), lineColorSpace='rgb', lineRGB=array([-1., -1., -1.]), lineWidth=1, name='demo_enclosing_feedback_1', opacity=1.0, ori=array(0.), pos=array([0., 0.]), size=array([0.9, 0.9]), units='height', vertices=ndarray(...), win=Window(...))
11.5248 	EXP 	Created demo_enclosing_feedback = Polygon(__class__=<class 'psychopy.visual.polygon.Polygon'>, autoDraw=False, autoLog=True, closeShape=True, color=method-wrapper(...), colorSpace=None, contrast=1.0, depth=-1.0, fillColor=array([0., 0., 0.]), fillColorSpace='rgb', fillRGB=array([0., 0., 0.]), interpolate=True, lineColor=array([-1., -1., -1.]), lineColorSpace='rgb', lineRGB=array([-1., -1., -1.]), lineWidth=1, name='demo_enclosing_feedback', opacity=1.0, ori=array(0.), pos=array([0., 0.]), size=array([0.79, 0.79]), units='height', vertices=ndarray(...), win=Window(...))
11.5294 	EXP 	Created demo_target_feedback = ShapeStim(__class__=<class 'psychopy.visual.shape.ShapeStim'>, autoDraw=False, autoLog=True, closeShape=True, contrast=1.0, depth=-2.0, fillColor=array([1., 1., 1.]), fillColorSpace='rgb', interpolate=True, lineColor=array([1., 1., 1.]), lineColorSpace='rgb', lineWidth=1, name='demo_target_feedback', opacity=1.0, ori=array(45.), pos=array([0., 0.]), size=array([0.05, 0.05]), units='height', vertices=ndarray(...), win=Window(...), windingRule=None)
11.5358 	EXP 	Created demo_fixation_feedback = Polygon(__class__=<class 'psychopy.visual.polygon.Polygon'>, autoDraw=False, autoLog=True, closeShape=True, color=method-wrapper(...), colorSpace=None, contrast=1.0, depth=-3.0, fillColor=array([1., 0., 0.]), fillColorSpace='rgb', fillRGB=array([1., 0., 0.]), interpolate=True, lineColor=array([1., 0., 0.]), lineColorSpace='rgb', lineRGB=array([1., 0., 0.]), lineWidth=1, name='demo_fixation_feedback', opacity=1.0, ori=array(0.), pos=array([0., 0.]), size=array([0.025, 0.025]), units='height', vertices=ndarray(...), win=Window(...))
11.5434 	EXP 	Created text_4 = TextStim(__class__=<class 'psychopy.visual.text.TextStim'>, alignHoriz=method-wrapper(...), alignText='center', alignVert=method-wrapper(...), anchorHoriz='center', anchorVert='center', antialias=True, autoLog=True, bold=False, color='green', colorSpace='named', contrast=1.0, depth=-5.0, flipHoriz=False, flipVert=False, font='Arial', fontFiles=[], height=0.04, italic=False, languageStyle='LTR', name='text_4', opacity=1.0, ori=0, pos=array([0.4, 0.4]), rgb=array([  0., 128.,   0.]), text='default text', units='height', win=Window(...), wrapWidth=1)
11.5586 	EXP 	Created text_3 = TextStim(__class__=<class 'psychopy.visual.text.TextStim'>, alignHoriz=method-wrapper(...), alignText='center', alignVert=method-wrapper(...), anchorHoriz='center', anchorVert='center', antialias=True, autoLog=True, bold=False, color='white', colorSpace='named', contrast=1.0, depth=0.0, flipHoriz=False, flipVert=False, font='Arial', fontFiles=[], height=0.04, italic=False, languageStyle='LTR', name='text_3', opacity=1.0, ori=0, pos=array([0., 0.]), rgb=array([255., 255., 255.]), text=str(...), units='height', win=Window(...), wrapWidth=1)
11.5587 	EXP 	window1: mouseVisible = True
11.5608 	EXP 	Created baseline_target = ShapeStim(__class__=<class 'psychopy.visual.shape.ShapeStim'>, autoDraw=False, autoLog=True, closeShape=True, contrast=1.0, depth=0.0, fillColor=array([1., 1., 1.]), fillColorSpace='rgb', interpolate=True, lineColor=array([1., 1., 1.]), lineColorSpace='rgb', lineWidth=1, name='baseline_target', opacity=1.0, ori=array(45.), pos=array([0., 0.]), size=array([0.05, 0.05]), units='height', vertices=ndarray(...), win=Window(...), windingRule=None)
11.5647 	EXP 	Created baseline_fixation = Polygon(__class__=<class 'psychopy.visual.polygon.Polygon'>, autoDraw=False, autoLog=True, closeShape=True, color=method-wrapper(...), colorSpace=None, contrast=1.0, depth=-1.0, fillColor=array([1., 0., 0.]), fillColorSpace='rgb', fillRGB=array([1., 0., 0.]), interpolate=True, lineColor=array([1., 0., 0.]), lineColorSpace='rgb', lineRGB=array([1., 0., 0.]), lineWidth=1, name='baseline_fixation', opacity=1.0, ori=array(0.), pos=array([0., 0.]), size=array([0.025, 0.025]), units='height', vertices=ndarray(...), win=Window(...))
11.5648 	EXP 	window1: mouseVisible = True
11.5683 	EXP 	Created baseline_target_feedback = ShapeStim(__class__=<class 'psychopy.visual.shape.ShapeStim'>, autoDraw=False, autoLog=True, closeShape=True, contrast=1.0, depth=0.0, fillColor=array([1., 1., 1.]), fillColorSpace='rgb', interpolate=True, lineColor=array([1., 1., 1.]), lineColorSpace='rgb', lineWidth=1, name='baseline_target_feedback', opacity=1.0, ori=array(45.), pos=array([0., 0.]), size=array([0.05, 0.05]), units='height', vertices=ndarray(...), win=Window(...), windingRule=None)
11.5738 	EXP 	Created baseline_fixation_feedback = Polygon(__class__=<class 'psychopy.visual.polygon.Polygon'>, autoDraw=False, autoLog=True, closeShape=True, color=method-wrapper(...), colorSpace=None, contrast=1.0, depth=-1.0, fillColor=array([1., 0., 0.]), fillColorSpace='rgb', fillRGB=array([1., 0., 0.]), interpolate=True, lineColor=array([1., 0., 0.]), lineColorSpace='rgb', lineRGB=array([1., 0., 0.]), lineWidth=1, name='baseline_fixation_feedback', opacity=1.0, ori=array(0.), pos=array([0., 0.]), size=array([0.025, 0.025]), units='height', vertices=ndarray(...), win=Window(...))
11.6083 	EXP 	Created text_2 = TextStim(__class__=<class 'psychopy.visual.text.TextStim'>, alignHoriz=method-wrapper(...), alignText='center', alignVert=method-wrapper(...), anchorHoriz='center', anchorVert='center', antialias=True, autoLog=True, bold=False, color='white', colorSpace='named', contrast=1.0, depth=0.0, flipHoriz=False, flipVert=False, font='Arial', fontFiles=[], height=0.04, italic=False, languageStyle='LTR', name='text_2', opacity=1.0, ori=0, pos=array([0., 0.]), rgb=array([255., 255., 255.]), text=str(...), units='height', win=Window(...), wrapWidth=1)
11.6084 	EXP 	window1: mouseVisible = True
11.6105 	EXP 	Created rotated_target = ShapeStim(__class__=<class 'psychopy.visual.shape.ShapeStim'>, autoDraw=False, autoLog=True, closeShape=True, contrast=1.0, depth=0.0, fillColor=array([1., 1., 1.]), fillColorSpace='rgb', interpolate=True, lineColor=array([1., 1., 1.]), lineColorSpace='rgb', lineWidth=1, name='rotated_target', opacity=1.0, ori=array(45.), pos=array([0., 0.]), size=array([0.05, 0.05]), units='height', vertices=ndarray(...), win=Window(...), windingRule=None)
11.6135 	EXP 	Created rotated_fixation = Polygon(__class__=<class 'psychopy.visual.polygon.Polygon'>, autoDraw=False, autoLog=True, closeShape=True, color=method-wrapper(...), colorSpace=None, contrast=1.0, depth=-1.0, fillColor=array([1., 0., 0.]), fillColorSpace='rgb', fillRGB=array([1., 0., 0.]), interpolate=True, lineColor=array([1., 0., 0.]), lineColorSpace='rgb', lineRGB=array([1., 0., 0.]), lineWidth=1, name='rotated_fixation', opacity=1.0, ori=array(0.), pos=array([0., 0.]), size=array([0.025, 0.025]), units='height', vertices=ndarray(...), win=Window(...))
11.6136 	EXP 	window1: mouseVisible = True
11.6157 	EXP 	Created rotated_target_feedback = ShapeStim(__class__=<class 'psychopy.visual.shape.ShapeStim'>, autoDraw=False, autoLog=True, closeShape=True, contrast=1.0, depth=0.0, fillColor=array([1., 1., 1.]), fillColorSpace='rgb', interpolate=True, lineColor=array([1., 1., 1.]), lineColorSpace='rgb', lineWidth=1, name='rotated_target_feedback', opacity=1.0, ori=array(45.), pos=array([0., 0.]), size=array([0.05, 0.05]), units='height', vertices=ndarray(...), win=Window(...), windingRule=None)
11.6186 	EXP 	Created rotated_fixation_feedback = Polygon(__class__=<class 'psychopy.visual.polygon.Polygon'>, autoDraw=False, autoLog=True, closeShape=True, color=method-wrapper(...), colorSpace=None, contrast=1.0, depth=-1.0, fillColor=array([1., 0., 0.]), fillColorSpace='rgb', fillRGB=array([1., 0., 0.]), interpolate=True, lineColor=array([1., 0., 0.]), lineColorSpace='rgb', lineRGB=array([1., 0., 0.]), lineWidth=1, name='rotated_fixation_feedback', opacity=1.0, ori=array(0.), pos=array([0., 0.]), size=array([0.025, 0.025]), units='height', vertices=ndarray(...), win=Window(...))
11.6339 	EXP 	Created rotated_breaks = TextStim(__class__=<class 'psychopy.visual.text.TextStim'>, alignHoriz=method-wrapper(...), alignText='center', alignVert=method-wrapper(...), anchorHoriz='center', anchorVert='center', antialias=True, autoLog=True, bold=False, color='white', colorSpace='named', contrast=1.0, depth=0.0, flipHoriz=False, flipVert=False, font='Arial', fontFiles=[], height=0.04, italic=False, languageStyle='LTR', name='rotated_breaks', opacity=1.0, ori=0, pos=array([0., 0.]), rgb=array([255., 255., 255.]), text=str(...), units='height', win=Window(...), wrapWidth=1)
11.6340 	EXP 	window1: mouseVisible = True
11.6361 	EXP 	Created transfer_target = ShapeStim(__class__=<class 'psychopy.visual.shape.ShapeStim'>, autoDraw=False, autoLog=True, closeShape=True, contrast=1.0, depth=0.0, fillColor=array([1., 1., 1.]), fillColorSpace='rgb', interpolate=True, lineColor=array([1., 1., 1.]), lineColorSpace='rgb', lineWidth=1, name='transfer_target', opacity=1.0, ori=array(45.), pos=array([0., 0.]), size=array([0.05, 0.05]), units='height', vertices=ndarray(...), win=Window(...), windingRule=None)
11.6391 	EXP 	Created transfer_fixation = Polygon(__class__=<class 'psychopy.visual.polygon.Polygon'>, autoDraw=False, autoLog=True, closeShape=True, color=method-wrapper(...), colorSpace=None, contrast=1.0, depth=-1.0, fillColor=array([1., 0., 0.]), fillColorSpace='rgb', fillRGB=array([1., 0., 0.]), interpolate=True, lineColor=array([1., 0., 0.]), lineColorSpace='rgb', lineRGB=array([1., 0., 0.]), lineWidth=1, name='transfer_fixation', opacity=1.0, ori=array(0.), pos=array([0., 0.]), size=array([0.025, 0.025]), units='height', vertices=ndarray(...), win=Window(...))
11.6392 	EXP 	window1: mouseVisible = True
11.6411 	EXP 	Created transfer_target_feedback = ShapeStim(__class__=<class 'psychopy.visual.shape.ShapeStim'>, autoDraw=False, autoLog=True, closeShape=True, contrast=1.0, depth=0.0, fillColor=array([1., 1., 1.]), fillColorSpace='rgb', interpolate=True, lineColor=array([1., 1., 1.]), lineColorSpace='rgb', lineWidth=1, name='transfer_target_feedback', opacity=1.0, ori=array(45.), pos=array([0., 0.]), size=array([0.05, 0.05]), units='height', vertices=ndarray(...), win=Window(...), windingRule=None)
11.6441 	EXP 	Created transfer_fixation_feedback = Polygon(__class__=<class 'psychopy.visual.polygon.Polygon'>, autoDraw=False, autoLog=True, closeShape=True, color=method-wrapper(...), colorSpace=None, contrast=1.0, depth=-1.0, fillColor=array([1., 0., 0.]), fillColorSpace='rgb', fillRGB=array([1., 0., 0.]), interpolate=True, lineColor=array([1., 0., 0.]), lineColorSpace='rgb', lineRGB=array([1., 0., 0.]), lineWidth=1, name='transfer_fixation_feedback', opacity=1.0, ori=array(0.), pos=array([0., 0.]), size=array([0.025, 0.025]), units='height', vertices=ndarray(...), win=Window(...))
11.6541 	EXP 	Created done_text = TextStim(__class__=<class 'psychopy.visual.text.TextStim'>, alignHoriz=method-wrapper(...), alignText='center', alignVert=method-wrapper(...), anchorHoriz='center', anchorVert='center', antialias=True, autoLog=True, bold=False, color='white', colorSpace='named', contrast=1.0, depth=0.0, flipHoriz=False, flipVert=False, font='Arial', fontFiles=[], height=0.04, italic=False, languageStyle='LTR', name='done_text', opacity=1.0, ori=0, pos=array([0., 0.]), rgb=array([255., 255., 255.]), text=str(...), units='height', win=Window(...), wrapWidth=1)
11.6542 	EXP 	window1: mouseVisible = True
11.6920 	EXP 	Welcome: autoDraw = True
12.4017 	DATA 	Mouse: Left button down, pos=(828,643)
12.4043 	EXP 	Created sequence: random, trialTypes=1, nReps=2, seed=None
12.4047 	EXP 	New trial (rep=0, index=0): None
12.4172 	EXP 	Welcome: autoDraw = False
12.4172 	EXP 	text: autoDraw = True
12.5397 	DATA 	Mouse:  Left button up, pos=(828,643)
14.1040 	DATA 	Mouse: Left button down, pos=(828,643)
14.2253 	EXP 	Imported conditions_demo.xlsx as conditions, 4 conditions, 3 params
14.2259 	EXP 	Created sequence: random, trialTypes=4, nReps=1, seed=None
14.2263 	EXP 	New trial (rep=0, index=0): OrderedDict([('target_x', 0.3), ('target_y', -0.3), ('rotation', 0)])
14.2274 	EXP 	window1: mouseVisible = False
14.2471 	EXP 	text: autoDraw = False
14.2471 	EXP 	demo_fixation: opacity = 1
14.2471 	EXP 	demo_fixation: pos = [0, 0]
14.2471 	EXP 	demo_target: pos = array([ 0.3, -0.3])
14.2471 	EXP 	demo_fixation: pos = array([0., 0.])
14.2471 	EXP 	demo_fixation: opacity = 0
14.2471 	EXP 	demo_enclosing_1: autoDraw = True
14.2471 	EXP 	demo_enclosing: autoDraw = True
14.2471 	EXP 	demo_fixation: autoDraw = True
14.2474 	EXP 	window1: mouseVisible = False
14.2483 	DATA 	Mouse:  Left button up, pos=(828,643)
14.2570 	EXP 	demo_fixation: opacity = 1
14.2570 	EXP 	demo_fixation: pos = [0, 0]
14.2574 	EXP 	window1: mouseVisible = False
14.2702 	EXP 	demo_fixation: opacity = 1
14.2702 	EXP 	demo_fixation: pos = [0, 0]
14.2705 	EXP 	window1: mouseVisible = False
14.2841 	EXP 	demo_fixation: opacity = 1
14.2841 	EXP 	demo_fixation: pos = [0, 0]
14.2848 	EXP 	window1: mouseVisible = False
14.2998 	EXP 	demo_fixation: opacity = 1
14.2998 	EXP 	demo_fixation: pos = [0, 0]
14.3004 	EXP 	window1: mouseVisible = False
14.3167 	EXP 	demo_fixation: opacity = 1
14.3167 	EXP 	demo_fixation: pos = [0, 0]
14.3170 	EXP 	window1: mouseVisible = False
14.3332 	EXP 	demo_fixation: opacity = 1
14.3332 	EXP 	demo_fixation: pos = [0, 0]
14.3336 	EXP 	window1: mouseVisible = False
14.3497 	EXP 	demo_fixation: opacity = 1
14.3497 	EXP 	demo_fixation: pos = [0, 0]
14.3505 	EXP 	window1: mouseVisible = False
14.3666 	EXP 	demo_fixation: opacity = 1
14.3666 	EXP 	demo_fixation: pos = [0, 0]
14.3669 	EXP 	window1: mouseVisible = False
14.3831 	EXP 	demo_fixation: opacity = 1
14.3831 	EXP 	demo_fixation: pos = [0, 0]
14.3835 	EXP 	window1: mouseVisible = False
14.3997 	EXP 	demo_fixation: opacity = 1
14.3997 	EXP 	demo_fixation: pos = [0, 0]
14.4001 	EXP 	window1: mouseVisible = False
14.4164 	EXP 	demo_fixation: opacity = 1
14.4164 	EXP 	demo_fixation: pos = [0, 0]
14.4168 	EXP 	window1: mouseVisible = False
14.4331 	EXP 	demo_fixation: opacity = 1
14.4331 	EXP 	demo_fixation: pos = [0, 0]
14.4335 	EXP 	window1: mouseVisible = False
14.4498 	EXP 	demo_fixation: opacity = 1
14.4498 	EXP 	demo_fixation: pos = [0, 0]
14.4502 	EXP 	window1: mouseVisible = False
14.4664 	EXP 	demo_fixation: opacity = 1
14.4664 	EXP 	demo_fixation: pos = [0, 0]
14.4668 	EXP 	window1: mouseVisible = False
14.4830 	EXP 	demo_fixation: opacity = 1
14.4830 	EXP 	demo_fixation: pos = [0, 0]
14.4834 	EXP 	window1: mouseVisible = False
14.4997 	EXP 	demo_fixation: opacity = 1
14.4997 	EXP 	demo_fixation: pos = [0, 0]
14.5001 	EXP 	window1: mouseVisible = False
14.5165 	EXP 	demo_fixation: opacity = 1
14.5165 	EXP 	demo_fixation: pos = [0, 0]
14.5169 	EXP 	window1: mouseVisible = False
14.5330 	EXP 	demo_fixation: opacity = 1
14.5330 	EXP 	demo_fixation: pos = [0, 0]
14.5333 	EXP 	window1: mouseVisible = False
14.5497 	EXP 	demo_fixation: opacity = 1
14.5497 	EXP 	demo_fixation: pos = [0, 0]
14.5502 	EXP 	window1: mouseVisible = False
14.5663 	EXP 	demo_fixation: opacity = 1
14.5663 	EXP 	demo_fixation: pos = [0, 0]
14.5667 	EXP 	window1: mouseVisible = False
14.5830 	EXP 	demo_fixation: opacity = 1
14.5830 	EXP 	demo_fixation: pos = [0, 0]
14.5834 	EXP 	window1: mouseVisible = False
14.5994 	EXP 	demo_fixation: opacity = 1
14.5994 	EXP 	demo_fixation: pos = [0, 0]
14.5998 	EXP 	window1: mouseVisible = False
14.6163 	EXP 	demo_fixation: opacity = 1
14.6163 	EXP 	demo_fixation: pos = [0, 0]
14.6167 	EXP 	window1: mouseVisible = False
14.6329 	EXP 	demo_fixation: opacity = 1
14.6329 	EXP 	demo_fixation: pos = [0, 0]
14.6333 	EXP 	window1: mouseVisible = False
14.6497 	EXP 	demo_fixation: opacity = 1
14.6497 	EXP 	demo_fixation: pos = [0, 0]
14.6501 	EXP 	window1: mouseVisible = False
14.6662 	EXP 	demo_fixation: opacity = 1
14.6662 	EXP 	demo_fixation: pos = [0, 0]
14.6666 	EXP 	window1: mouseVisible = False
14.6828 	EXP 	demo_fixation: opacity = 1
14.6828 	EXP 	demo_fixation: pos = [0, 0]
14.6832 	EXP 	window1: mouseVisible = False
14.6997 	EXP 	demo_fixation: opacity = 1
14.6997 	EXP 	demo_fixation: pos = [0, 0]
14.7001 	EXP 	window1: mouseVisible = False
14.7162 	EXP 	demo_fixation: opacity = 1
14.7162 	EXP 	demo_fixation: pos = [0, 0]
14.7165 	EXP 	window1: mouseVisible = False
14.7328 	EXP 	demo_fixation: opacity = 1
14.7328 	EXP 	demo_fixation: pos = [0, 0]
14.7332 	EXP 	window1: mouseVisible = False
14.7495 	EXP 	demo_fixation: opacity = 1
14.7495 	EXP 	demo_fixation: pos = [0, 0]
14.7499 	EXP 	window1: mouseVisible = False
14.7661 	EXP 	demo_fixation: opacity = 1
14.7661 	EXP 	demo_fixation: pos = [0, 0]
14.7666 	EXP 	window1: mouseVisible = False
14.7828 	EXP 	demo_fixation: opacity = 1
14.7828 	EXP 	demo_fixation: pos = [0, 0]
14.7832 	EXP 	window1: mouseVisible = False
14.7993 	EXP 	demo_fixation: opacity = 1
14.7993 	EXP 	demo_fixation: pos = [0, 0]
14.7997 	EXP 	window1: mouseVisible = False
14.8161 	EXP 	demo_fixation: opacity = 1
14.8161 	EXP 	demo_fixation: pos = [0, 0]
14.8165 	EXP 	window1: mouseVisible = False
14.8328 	EXP 	demo_fixation: opacity = 1
14.8328 	EXP 	demo_fixation: pos = [0, 0]
14.8332 	EXP 	window1: mouseVisible = False
14.8497 	EXP 	demo_fixation: opacity = 1
14.8497 	EXP 	demo_fixation: pos = [0, 0]
14.8502 	EXP 	window1: mouseVisible = False
14.8662 	EXP 	demo_fixation: opacity = 1
14.8662 	EXP 	demo_fixation: pos = [0, 0]
14.8665 	EXP 	window1: mouseVisible = False
14.8827 	EXP 	demo_fixation: opacity = 1
14.8827 	EXP 	demo_fixation: pos = [0, 0]
14.8831 	EXP 	window1: mouseVisible = False
14.8993 	EXP 	demo_fixation: opacity = 1
14.8993 	EXP 	demo_fixation: pos = [0, 0]
14.8997 	EXP 	window1: mouseVisible = False
14.9167 	EXP 	demo_fixation: opacity = 1
14.9167 	EXP 	demo_fixation: pos = [0, 0]
14.9170 	EXP 	window1: mouseVisible = False
14.9327 	EXP 	demo_fixation: opacity = 1
14.9327 	EXP 	demo_fixation: pos = [0, 0]
14.9331 	EXP 	window1: mouseVisible = False
14.9492 	EXP 	demo_fixation: opacity = 1
14.9492 	EXP 	demo_fixation: pos = [0, 0]
14.9495 	EXP 	window1: mouseVisible = False
14.9666 	EXP 	demo_fixation: opacity = 1
14.9666 	EXP 	demo_fixation: pos = [0, 0]
14.9670 	EXP 	window1: mouseVisible = False
14.9822 	EXP 	demo_fixation: opacity = 1
14.9822 	EXP 	demo_fixation: pos = [0, 0]
14.9824 	EXP 	window1: mouseVisible = False
14.9981 	EXP 	demo_fixation: opacity = 1
14.9981 	EXP 	demo_fixation: pos = [0, 0]
14.9984 	EXP 	window1: mouseVisible = False
15.0149 	EXP 	demo_fixation: opacity = 1
15.0149 	EXP 	demo_fixation: pos = [0, 0]
15.0151 	EXP 	window1: mouseVisible = False
15.0313 	EXP 	demo_fixation: opacity = 1
15.0313 	EXP 	demo_fixation: pos = [0, 0]
15.0315 	EXP 	window1: mouseVisible = False
15.0480 	EXP 	demo_fixation: opacity = 1
15.0480 	EXP 	demo_fixation: pos = [0, 0]
15.0482 	EXP 	window1: mouseVisible = False
15.0648 	EXP 	demo_fixation: opacity = 1
15.0648 	EXP 	demo_fixation: pos = [0, 0]
15.0651 	EXP 	window1: mouseVisible = False
15.0815 	EXP 	demo_fixation: opacity = 1
15.0815 	EXP 	demo_fixation: pos = [0, 0]
15.0817 	EXP 	window1: mouseVisible = False
15.0982 	EXP 	demo_fixation: opacity = 1
15.0982 	EXP 	demo_fixation: pos = [0, 0]
15.0985 	EXP 	window1: mouseVisible = False
15.1146 	EXP 	demo_fixation: opacity = 1
15.1146 	EXP 	demo_fixation: pos = [0, 0]
15.1149 	EXP 	window1: mouseVisible = False
15.1313 	EXP 	demo_fixation: opacity = 1
15.1313 	EXP 	demo_fixation: pos = [0, 0]
15.1315 	EXP 	window1: mouseVisible = False
15.1480 	EXP 	demo_fixation: opacity = 1
15.1480 	EXP 	demo_fixation: pos = [0, 0]
15.1482 	EXP 	window1: mouseVisible = False
15.1650 	EXP 	demo_fixation: opacity = 1
15.1650 	EXP 	demo_fixation: pos = [0, 0]
15.1652 	EXP 	window1: mouseVisible = False
15.1811 	EXP 	demo_fixation: opacity = 1
15.1811 	EXP 	demo_fixation: pos = [0, 0]
15.1813 	EXP 	window1: mouseVisible = False
15.1979 	EXP 	demo_fixation: opacity = 1
15.1979 	EXP 	demo_fixation: pos = [0, 0]
15.1981 	EXP 	window1: mouseVisible = False
15.2146 	EXP 	demo_fixation: opacity = 1
15.2146 	EXP 	demo_fixation: pos = [0, 0]
15.2148 	EXP 	window1: mouseVisible = False
15.2312 	EXP 	demo_fixation: opacity = 1
15.2312 	EXP 	demo_fixation: pos = [0, 0]
15.2314 	EXP 	window1: mouseVisible = False
15.2479 	EXP 	demo_fixation: opacity = 1
15.2479 	EXP 	demo_fixation: pos = [0, 0]
15.2481 	EXP 	window1: mouseVisible = False
15.2643 	EXP 	demo_fixation: opacity = 1
15.2643 	EXP 	demo_fixation: pos = [0, 0]
15.2645 	EXP 	window1: mouseVisible = False
15.2812 	EXP 	demo_fixation: opacity = 1
15.2812 	EXP 	demo_fixation: pos = [0, 0]
15.2814 	EXP 	window1: mouseVisible = False
15.2977 	EXP 	demo_fixation: opacity = 1
15.2977 	EXP 	demo_fixation: pos = [0, 0]
15.2979 	EXP 	window1: mouseVisible = False
15.3145 	EXP 	demo_fixation: opacity = 1
15.3145 	EXP 	demo_fixation: pos = [0, 0]
15.3147 	EXP 	window1: mouseVisible = False
15.3311 	EXP 	demo_fixation: opacity = 1
15.3311 	EXP 	demo_fixation: pos = [0, 0]
15.3314 	EXP 	window1: mouseVisible = False
15.3485 	EXP 	demo_fixation: opacity = 1
15.3485 	EXP 	demo_fixation: pos = [0, 0]
15.3487 	EXP 	window1: mouseVisible = False
15.3646 	EXP 	demo_fixation: opacity = 1
15.3646 	EXP 	demo_fixation: pos = [0, 0]
15.3648 	EXP 	window1: mouseVisible = False
15.3812 	EXP 	demo_fixation: opacity = 1
15.3812 	EXP 	demo_fixation: pos = [0, 0]
15.3814 	EXP 	window1: mouseVisible = False
15.3987 	EXP 	demo_fixation: opacity = 1
15.3987 	EXP 	demo_fixation: pos = [0, 0]
15.3990 	EXP 	window1: mouseVisible = False
15.4157 	EXP 	demo_fixation: opacity = 1
15.4157 	EXP 	demo_fixation: pos = [0, 0]
15.4161 	EXP 	window1: mouseVisible = False
15.4321 	EXP 	demo_fixation: opacity = 1
15.4321 	EXP 	demo_fixation: pos = [0, 0]
15.4325 	EXP 	window1: mouseVisible = False
15.4490 	EXP 	demo_fixation: opacity = 1
15.4490 	EXP 	demo_fixation: pos = [0, 0]
15.4494 	EXP 	window1: mouseVisible = False
15.4655 	EXP 	demo_fixation: opacity = 1
15.4655 	EXP 	demo_fixation: pos = [0, 0]
15.4660 	EXP 	window1: mouseVisible = False
15.4822 	EXP 	demo_fixation: opacity = 1
15.4822 	EXP 	demo_fixation: pos = [0, 0]
15.4826 	EXP 	window1: mouseVisible = False
15.4987 	EXP 	demo_fixation: opacity = 1
15.4987 	EXP 	demo_fixation: pos = [0, 0]
15.4990 	EXP 	window1: mouseVisible = False
15.5154 	EXP 	demo_fixation: opacity = 1
15.5154 	EXP 	demo_fixation: pos = [0, 0]
15.5154 	EXP 	demo_target: autoDraw = True
15.5158 	EXP 	window1: mouseVisible = False
15.5320 	EXP 	demo_fixation: opacity = 1
15.5320 	EXP 	demo_fixation: pos = [0, 0]
15.5323 	EXP 	window1: mouseVisible = False
15.5486 	EXP 	demo_fixation: opacity = 1
15.5486 	EXP 	demo_fixation: pos = [0, 0]
15.5490 	EXP 	window1: mouseVisible = False
15.5654 	EXP 	demo_fixation: opacity = 1
15.5654 	EXP 	demo_fixation: pos = [0, 0]
15.5658 	EXP 	window1: mouseVisible = False
15.5820 	EXP 	demo_fixation: opacity = 1
15.5820 	EXP 	demo_fixation: pos = [0, 0]
15.5824 	EXP 	window1: mouseVisible = False
15.5993 	EXP 	demo_fixation: opacity = 1
15.5993 	EXP 	demo_fixation: pos = [0, 0]
15.5998 	EXP 	window1: mouseVisible = False
15.6154 	EXP 	demo_fixation: opacity = 1
15.6154 	EXP 	demo_fixation: pos = [0, 0]
15.6157 	EXP 	window1: mouseVisible = False
15.6320 	EXP 	demo_fixation: opacity = 1
15.6320 	EXP 	demo_fixation: pos = [0, 0]
15.6323 	EXP 	window1: mouseVisible = False
15.6486 	EXP 	demo_fixation: opacity = 1
15.6486 	EXP 	demo_fixation: pos = [0, 0]
15.6490 	EXP 	window1: mouseVisible = False
15.6652 	EXP 	demo_fixation: opacity = 1
15.6652 	EXP 	demo_fixation: pos = [0, 0]
15.6656 	EXP 	window1: mouseVisible = False
15.6820 	EXP 	demo_fixation: opacity = 1
15.6820 	EXP 	demo_fixation: pos = [0, 0]
15.6823 	EXP 	window1: mouseVisible = False
15.6985 	EXP 	demo_fixation: opacity = 1
15.6985 	EXP 	demo_fixation: pos = [0, 0]
15.6989 	EXP 	window1: mouseVisible = False
15.7153 	EXP 	demo_fixation: opacity = 1
15.7153 	EXP 	demo_fixation: pos = [0, 0]
15.7157 	EXP 	window1: mouseVisible = False
15.7318 	EXP 	demo_fixation: opacity = 1
15.7318 	EXP 	demo_fixation: pos = [0, 0]
15.7322 	EXP 	window1: mouseVisible = False
15.7485 	EXP 	demo_fixation: opacity = 1
15.7485 	EXP 	demo_fixation: pos = [0, 0]
15.7488 	EXP 	window1: mouseVisible = False
15.7657 	EXP 	demo_fixation: opacity = 1
15.7657 	EXP 	demo_fixation: pos = [0, 0]
15.7661 	EXP 	window1: mouseVisible = False
15.7819 	EXP 	demo_fixation: opacity = 1
15.7819 	EXP 	demo_fixation: pos = [0, 0]
15.7823 	EXP 	window1: mouseVisible = False
15.7984 	EXP 	demo_fixation: opacity = 1
15.7984 	EXP 	demo_fixation: pos = [0, 0]
15.7988 	EXP 	window1: mouseVisible = False
15.8153 	EXP 	demo_fixation: opacity = 1
15.8153 	EXP 	demo_fixation: pos = [0, 0]
15.8156 	EXP 	window1: mouseVisible = False
15.8316 	EXP 	demo_fixation: opacity = 1
15.8316 	EXP 	demo_fixation: pos = [0, 0]
15.8321 	EXP 	window1: mouseVisible = False
15.8492 	EXP 	demo_fixation: opacity = 1
15.8492 	EXP 	demo_fixation: pos = [0, 0]
15.8498 	EXP 	window1: mouseVisible = False
15.8651 	EXP 	demo_fixation: opacity = 1
15.8651 	EXP 	demo_fixation: pos = [0, 0]
15.8655 	EXP 	window1: mouseVisible = False
15.8817 	EXP 	demo_fixation: opacity = 1
15.8817 	EXP 	demo_fixation: pos = [0, 0]
15.8821 	EXP 	window1: mouseVisible = False
15.8984 	EXP 	demo_fixation: opacity = 1
15.8984 	EXP 	demo_fixation: pos = [0, 0]
15.8988 	EXP 	window1: mouseVisible = False
15.9151 	EXP 	demo_fixation: opacity = 1
15.9151 	EXP 	demo_fixation: pos = [0, 0]
15.9155 	EXP 	window1: mouseVisible = False
15.9316 	EXP 	demo_fixation: opacity = 1
15.9316 	EXP 	demo_fixation: pos = [0, 0]
15.9320 	EXP 	window1: mouseVisible = False
15.9484 	EXP 	demo_fixation: opacity = 1
15.9484 	EXP 	demo_fixation: pos = [0, 0]
15.9487 	EXP 	window1: mouseVisible = False
15.9650 	EXP 	demo_fixation: opacity = 1
15.9650 	EXP 	demo_fixation: pos = [0, 0]
15.9654 	EXP 	window1: mouseVisible = False
15.9815 	EXP 	demo_fixation: opacity = 1
15.9815 	EXP 	demo_fixation: pos = [0, 0]
15.9819 	EXP 	window1: mouseVisible = False
15.9983 	EXP 	demo_fixation: opacity = 1
15.9983 	EXP 	demo_fixation: pos = [0, 0]
15.9986 	EXP 	window1: mouseVisible = False
16.0150 	EXP 	demo_fixation: opacity = 1
16.0150 	EXP 	demo_fixation: pos = [0, 0]
16.0153 	EXP 	window1: mouseVisible = False
16.0316 	EXP 	demo_fixation: opacity = 1
16.0316 	EXP 	demo_fixation: pos = [0, 0]
16.0320 	EXP 	window1: mouseVisible = False
16.0487 	EXP 	demo_fixation: opacity = 1
16.0487 	EXP 	demo_fixation: pos = [0, 0]
16.0491 	EXP 	window1: mouseVisible = False
16.0651 	EXP 	demo_fixation: opacity = 1
16.0651 	EXP 	demo_fixation: pos = [0, 0]
16.0656 	EXP 	window1: mouseVisible = False
16.0818 	EXP 	demo_fixation: opacity = 1
16.0818 	EXP 	demo_fixation: pos = [0, 0]
16.0823 	EXP 	window1: mouseVisible = False
16.0991 	EXP 	demo_fixation: opacity = 1
16.0991 	EXP 	demo_fixation: pos = [0, 0]
16.0995 	EXP 	window1: mouseVisible = False
16.1151 	EXP 	demo_fixation: opacity = 1
16.1151 	EXP 	demo_fixation: pos = [0, 0]
16.1155 	EXP 	window1: mouseVisible = False
16.1313 	EXP 	demo_fixation: opacity = 1
16.1313 	EXP 	demo_fixation: pos = [0, 0]
16.1317 	EXP 	window1: mouseVisible = False
16.1353 	DATA 	Mouse: Left button down, pos=(960,540)
16.1483 	EXP 	demo_fixation: opacity = 0
16.1487 	EXP 	window1: mouseVisible = False
16.1649 	EXP 	demo_fixation: opacity = 0
16.1653 	EXP 	window1: mouseVisible = False
16.1814 	EXP 	demo_fixation: opacity = 0
16.1818 	EXP 	window1: mouseVisible = False
16.1981 	EXP 	demo_fixation: opacity = 0
16.1985 	EXP 	window1: mouseVisible = False
16.2146 	EXP 	demo_fixation: opacity = 0
16.2150 	EXP 	window1: mouseVisible = False
16.2313 	EXP 	demo_fixation: opacity = 0
16.2316 	EXP 	window1: mouseVisible = False
16.2479 	EXP 	demo_fixation: opacity = 0
16.2483 	EXP 	window1: mouseVisible = False
16.2647 	EXP 	demo_fixation: opacity = 0
16.2651 	EXP 	window1: mouseVisible = False
16.2815 	EXP 	demo_fixation: opacity = 0
16.2818 	EXP 	window1: mouseVisible = False
16.2983 	EXP 	demo_fixation: opacity = 0
16.2986 	EXP 	window1: mouseVisible = False
16.3147 	EXP 	demo_fixation: opacity = 0
16.3151 	EXP 	window1: mouseVisible = False
16.3312 	EXP 	demo_fixation: opacity = 0
16.3316 	EXP 	window1: mouseVisible = False
16.3483 	EXP 	demo_fixation: opacity = 0
16.3487 	EXP 	window1: mouseVisible = False
16.3652 	EXP 	demo_fixation: opacity = 0
16.3656 	EXP 	window1: mouseVisible = False
16.3813 	EXP 	demo_fixation: opacity = 0
16.3817 	EXP 	window1: mouseVisible = False
16.3981 	EXP 	demo_fixation: opacity = 0
16.3984 	EXP 	window1: mouseVisible = False
16.4146 	EXP 	demo_fixation: opacity = 0
16.4150 	EXP 	window1: mouseVisible = False
16.4312 	EXP 	demo_fixation: opacity = 0
16.4316 	EXP 	window1: mouseVisible = False
16.4481 	EXP 	demo_fixation: opacity = 0
16.4485 	EXP 	window1: mouseVisible = False
16.4645 	EXP 	demo_fixation: opacity = 0
16.4649 	EXP 	window1: mouseVisible = False
16.4813 	EXP 	demo_fixation: opacity = 0
16.4817 	EXP 	window1: mouseVisible = False
16.4977 	EXP 	demo_fixation: opacity = 0
16.4981 	EXP 	window1: mouseVisible = False
16.5146 	EXP 	demo_fixation: opacity = 0
16.5150 	EXP 	window1: mouseVisible = False
16.5312 	EXP 	demo_fixation: opacity = 0
16.5317 	EXP 	window1: mouseVisible = False
16.5478 	EXP 	demo_fixation: opacity = 0
16.5481 	EXP 	window1: mouseVisible = False
16.5643 	EXP 	demo_fixation: opacity = 0
16.5647 	EXP 	window1: mouseVisible = False
16.5816 	EXP 	demo_fixation: opacity = 0
16.5820 	EXP 	window1: mouseVisible = False
16.5979 	EXP 	demo_fixation: opacity = 0
16.5982 	EXP 	window1: mouseVisible = False
16.6145 	EXP 	demo_fixation: opacity = 0
16.6150 	EXP 	window1: mouseVisible = False
16.6314 	EXP 	demo_fixation: opacity = 0
16.6318 	EXP 	window1: mouseVisible = False
16.6479 	EXP 	demo_fixation: opacity = 0
16.6482 	EXP 	window1: mouseVisible = False
16.6643 	EXP 	demo_fixation: opacity = 0
16.6647 	EXP 	window1: mouseVisible = False
16.6810 	EXP 	demo_fixation: opacity = 0
16.6814 	EXP 	window1: mouseVisible = False
16.6978 	EXP 	demo_fixation: opacity = 0
16.6981 	EXP 	window1: mouseVisible = False
16.7146 	EXP 	demo_fixation: opacity = 0
16.7156 	EXP 	window1: mouseVisible = False
16.7312 	EXP 	demo_fixation: opacity = 0
16.7317 	EXP 	window1: mouseVisible = False
16.7919 	EXP 	demo_fixation: opacity = 0
16.7919 	EXP 	demo_fixation: pos = array([ 0.23796296, -0.33888889])
16.7919 	EXP 	demo_fixation: opacity = 1
16.7919 	EXP 	demo_enclosing_1: autoDraw = False
16.7919 	EXP 	demo_enclosing: autoDraw = False
16.7919 	EXP 	demo_target: autoDraw = False
16.7919 	EXP 	demo_fixation: autoDraw = False
16.7919 	EXP 	demo_fixation: opacity = 1
16.7919 	EXP 	demo_target_feedback: pos = array([ 0.3, -0.3])
16.7919 	EXP 	demo_fixation_feedback: pos = array([ 0.23796296, -0.33888889])
16.7919 	EXP 	text_4: text = 'Your score: 29'
16.7919 	EXP 	demo_enclosing_feedback_1: autoDraw = True
16.7919 	EXP 	demo_enclosing_feedback: autoDraw = True
16.7919 	EXP 	demo_target_feedback: autoDraw = True
16.7919 	EXP 	demo_fixation_feedback: autoDraw = True
16.7919 	EXP 	text_4: autoDraw = True
17.2862 	DATA 	Mouse:  Left button up, pos=(1238,149)
17.2970 	EXP 	demo_fixation_feedback: autoDraw = False
17.7691 	EXP 	New trial (rep=0, index=1): OrderedDict([('target_x', -0.3), ('target_y', 0.3), ('rotation', 0)])
17.7712 	EXP 	window1: mouseVisible = False
17.7845 	EXP 	demo_enclosing_feedback_1: autoDraw = False
17.7845 	EXP 	demo_enclosing_feedback: autoDraw = False
17.7845 	EXP 	demo_target_feedback: autoDraw = False
17.7845 	EXP 	demo_fixation_feedback: autoDraw = False
17.7845 	EXP 	text_4: autoDraw = False
17.7845 	EXP 	demo_fixation: opacity = 1
17.7845 	EXP 	demo_fixation: pos = [0, 0]
17.7845 	EXP 	demo_target: pos = array([-0.3,  0.3])
17.7845 	EXP 	demo_fixation: pos = array([0., 0.])
17.7845 	EXP 	demo_fixation: opacity = 1
17.7845 	EXP 	demo_fixation: pos = [0, 0]
17.7845 	EXP 	demo_enclosing_1: autoDraw = True
17.7845 	EXP 	demo_enclosing: autoDraw = True
17.7845 	EXP 	demo_fixation: autoDraw = True
17.7850 	EXP 	window1: mouseVisible = False
17.7989 	EXP 	demo_fixation: opacity = 1
17.7989 	EXP 	demo_fixation: pos = [0, 0]
17.7993 	EXP 	window1: mouseVisible = False
17.8131 	EXP 	demo_fixation: opacity = 1
17.8131 	EXP 	demo_fixation: pos = [0, 0]
17.8135 	EXP 	window1: mouseVisible = False
17.8298 	EXP 	demo_fixation: opacity = 1
17.8298 	EXP 	demo_fixation: pos = [0, 0]
17.8302 	EXP 	window1: mouseVisible = False
17.8464 	EXP 	demo_fixation: opacity = 1
17.8464 	EXP 	demo_fixation: pos = [0, 0]
17.8468 	EXP 	window1: mouseVisible = False
17.8637 	EXP 	demo_fixation: opacity = 1
17.8637 	EXP 	demo_fixation: pos = [0, 0]
17.8641 	EXP 	window1: mouseVisible = False
17.8799 	EXP 	demo_fixation: opacity = 1
17.8799 	EXP 	demo_fixation: pos = [0, 0]
17.8807 	EXP 	window1: mouseVisible = False
17.8965 	EXP 	demo_fixation: opacity = 1
17.8965 	EXP 	demo_fixation: pos = [0, 0]
17.8969 	EXP 	window1: mouseVisible = False
17.9132 	EXP 	demo_fixation: opacity = 1
17.9132 	EXP 	demo_fixation: pos = [0, 0]
17.9135 	EXP 	window1: mouseVisible = False
17.9297 	EXP 	demo_fixation: opacity = 1
17.9297 	EXP 	demo_fixation: pos = [0, 0]
17.9301 	EXP 	window1: mouseVisible = False
17.9464 	EXP 	demo_fixation: opacity = 1
17.9464 	EXP 	demo_fixation: pos = [0, 0]
17.9467 	EXP 	window1: mouseVisible = False
17.9627 	EXP 	demo_fixation: opacity = 1
17.9627 	EXP 	demo_fixation: pos = [0, 0]
17.9630 	EXP 	window1: mouseVisible = False
17.9786 	EXP 	demo_fixation: opacity = 1
17.9786 	EXP 	demo_fixation: pos = [0, 0]
17.9788 	EXP 	window1: mouseVisible = False
17.9952 	EXP 	demo_fixation: opacity = 1
17.9952 	EXP 	demo_fixation: pos = [0, 0]
17.9954 	EXP 	window1: mouseVisible = False
18.0119 	EXP 	demo_fixation: opacity = 1
18.0119 	EXP 	demo_fixation: pos = [0, 0]
18.0121 	EXP 	window1: mouseVisible = False
18.0286 	EXP 	demo_fixation: opacity = 1
18.0286 	EXP 	demo_fixation: pos = [0, 0]
18.0288 	EXP 	window1: mouseVisible = False
18.0452 	EXP 	demo_fixation: opacity = 1
18.0452 	EXP 	demo_fixation: pos = [0, 0]
18.0454 	EXP 	window1: mouseVisible = False
18.0619 	EXP 	demo_fixation: opacity = 1
18.0619 	EXP 	demo_fixation: pos = [0, 0]
18.0621 	EXP 	window1: mouseVisible = False
18.0785 	EXP 	demo_fixation: opacity = 1
18.0785 	EXP 	demo_fixation: pos = [0, 0]
18.0787 	EXP 	window1: mouseVisible = False
18.0955 	EXP 	demo_fixation: opacity = 1
18.0955 	EXP 	demo_fixation: pos = [0, 0]
18.0959 	EXP 	window1: mouseVisible = False
18.1122 	EXP 	demo_fixation: opacity = 1
18.1122 	EXP 	demo_fixation: pos = [0, 0]
18.1124 	EXP 	window1: mouseVisible = False
18.1285 	EXP 	demo_fixation: opacity = 1
18.1285 	EXP 	demo_fixation: pos = [0, 0]
18.1287 	EXP 	window1: mouseVisible = False
18.1452 	EXP 	demo_fixation: opacity = 1
18.1452 	EXP 	demo_fixation: pos = [0, 0]
18.1454 	EXP 	window1: mouseVisible = False
18.1617 	EXP 	demo_fixation: opacity = 1
18.1617 	EXP 	demo_fixation: pos = [0, 0]
18.1619 	EXP 	window1: mouseVisible = False
18.1784 	EXP 	demo_fixation: opacity = 1
18.1784 	EXP 	demo_fixation: pos = [0, 0]
18.1786 	EXP 	window1: mouseVisible = False
18.1952 	EXP 	demo_fixation: opacity = 1
18.1952 	EXP 	demo_fixation: pos = [0, 0]
18.1954 	EXP 	window1: mouseVisible = False
18.2117 	EXP 	demo_fixation: opacity = 1
18.2117 	EXP 	demo_fixation: pos = [0, 0]
18.2119 	EXP 	window1: mouseVisible = False
18.2284 	EXP 	demo_fixation: opacity = 1
18.2284 	EXP 	demo_fixation: pos = [0, 0]
18.2286 	EXP 	window1: mouseVisible = False
18.2451 	EXP 	demo_fixation: opacity = 1
18.2451 	EXP 	demo_fixation: pos = [0, 0]
18.2453 	EXP 	window1: mouseVisible = False
18.2617 	EXP 	demo_fixation: opacity = 1
18.2617 	EXP 	demo_fixation: pos = [0, 0]
18.2619 	EXP 	window1: mouseVisible = False
18.2785 	EXP 	demo_fixation: opacity = 1
18.2785 	EXP 	demo_fixation: pos = [0, 0]
18.2787 	EXP 	window1: mouseVisible = False
18.2952 	EXP 	demo_fixation: opacity = 1
18.2952 	EXP 	demo_fixation: pos = [0, 0]
18.2952 	EXP 	demo_target: autoDraw = True
18.2954 	EXP 	window1: mouseVisible = False
18.3126 	EXP 	demo_fixation: opacity = 1
18.3126 	EXP 	demo_fixation: pos = [0, 0]
18.3130 	EXP 	window1: mouseVisible = False
18.3293 	EXP 	demo_fixation: opacity = 1
18.3293 	EXP 	demo_fixation: pos = [0, 0]
18.3297 	EXP 	window1: mouseVisible = False
18.3462 	EXP 	demo_fixation: opacity = 1
18.3462 	EXP 	demo_fixation: pos = [0, 0]
18.3465 	EXP 	window1: mouseVisible = False
18.3627 	EXP 	demo_fixation: opacity = 1
18.3627 	EXP 	demo_fixation: pos = [0, 0]
18.3631 	EXP 	window1: mouseVisible = False
18.3793 	EXP 	demo_fixation: opacity = 1
18.3793 	EXP 	demo_fixation: pos = [0, 0]
18.3797 	EXP 	window1: mouseVisible = False
18.3960 	EXP 	demo_fixation: opacity = 1
18.3960 	EXP 	demo_fixation: pos = [0, 0]
18.3964 	EXP 	window1: mouseVisible = False
18.4127 	EXP 	demo_fixation: opacity = 1
18.4127 	EXP 	demo_fixation: pos = [0, 0]
18.4131 	EXP 	window1: mouseVisible = False
18.4293 	EXP 	demo_fixation: opacity = 1
18.4293 	EXP 	demo_fixation: pos = [0, 0]
18.4297 	EXP 	window1: mouseVisible = False
18.4459 	EXP 	demo_fixation: opacity = 1
18.4459 	EXP 	demo_fixation: pos = [0, 0]
18.4463 	EXP 	window1: mouseVisible = False
18.4626 	EXP 	demo_fixation: opacity = 1
18.4626 	EXP 	demo_fixation: pos = [0, 0]
18.4630 	EXP 	window1: mouseVisible = False
18.4796 	EXP 	demo_fixation: opacity = 1
18.4796 	EXP 	demo_fixation: pos = [0, 0]
18.4799 	EXP 	window1: mouseVisible = False
18.4960 	EXP 	demo_fixation: opacity = 1
18.4960 	EXP 	demo_fixation: pos = [0, 0]
18.4963 	EXP 	window1: mouseVisible = False
18.5126 	EXP 	demo_fixation: opacity = 1
18.5126 	EXP 	demo_fixation: pos = [0, 0]
18.5130 	EXP 	window1: mouseVisible = False
18.5293 	EXP 	demo_fixation: opacity = 1
18.5293 	EXP 	demo_fixation: pos = [0, 0]
18.5297 	EXP 	window1: mouseVisible = False
18.5459 	EXP 	demo_fixation: opacity = 1
18.5459 	EXP 	demo_fixation: pos = [0, 0]
18.5463 	EXP 	window1: mouseVisible = False
18.5630 	EXP 	demo_fixation: opacity = 1
18.5630 	EXP 	demo_fixation: pos = [0, 0]
18.5634 	EXP 	window1: mouseVisible = False
18.5792 	EXP 	demo_fixation: opacity = 1
18.5792 	EXP 	demo_fixation: pos = [0, 0]
18.5795 	EXP 	window1: mouseVisible = False
18.5958 	EXP 	demo_fixation: opacity = 1
18.5958 	EXP 	demo_fixation: pos = [0, 0]
18.5962 	EXP 	window1: mouseVisible = False
18.6127 	EXP 	demo_fixation: opacity = 1
18.6127 	EXP 	demo_fixation: pos = [0, 0]
18.6132 	EXP 	window1: mouseVisible = False
18.6291 	EXP 	demo_fixation: opacity = 1
18.6291 	EXP 	demo_fixation: pos = [0, 0]
18.6295 	EXP 	window1: mouseVisible = False
18.6459 	EXP 	demo_fixation: opacity = 1
18.6459 	EXP 	demo_fixation: pos = [0, 0]
18.6462 	EXP 	window1: mouseVisible = False
18.6626 	EXP 	demo_fixation: opacity = 1
18.6626 	EXP 	demo_fixation: pos = [0, 0]
18.6629 	EXP 	window1: mouseVisible = False
18.6790 	EXP 	demo_fixation: opacity = 1
18.6790 	EXP 	demo_fixation: pos = [0, 0]
18.6794 	EXP 	window1: mouseVisible = False
18.6959 	EXP 	demo_fixation: opacity = 1
18.6959 	EXP 	demo_fixation: pos = [0, 0]
18.6963 	EXP 	window1: mouseVisible = False
18.7125 	EXP 	demo_fixation: opacity = 1
18.7125 	EXP 	demo_fixation: pos = [0, 0]
18.7128 	EXP 	window1: mouseVisible = False
18.7289 	EXP 	demo_fixation: opacity = 1
18.7289 	EXP 	demo_fixation: pos = [0, 0]
18.7293 	EXP 	window1: mouseVisible = False
18.7458 	EXP 	demo_fixation: opacity = 1
18.7458 	EXP 	demo_fixation: pos = [0, 0]
18.7461 	EXP 	window1: mouseVisible = False
18.7623 	EXP 	demo_fixation: opacity = 1
18.7623 	EXP 	demo_fixation: pos = [0, 0]
18.7627 	EXP 	window1: mouseVisible = False
18.7790 	EXP 	demo_fixation: opacity = 1
18.7790 	EXP 	demo_fixation: pos = [0, 0]
18.7793 	EXP 	window1: mouseVisible = False
18.7958 	EXP 	demo_fixation: opacity = 1
18.7958 	EXP 	demo_fixation: pos = [0, 0]
18.7961 	EXP 	window1: mouseVisible = False
18.8026 	DATA 	Mouse: Left button down, pos=(960,540)
18.8122 	EXP 	demo_fixation: opacity = 1
18.8122 	EXP 	demo_fixation: pos = [0, 0]
18.8126 	EXP 	window1: mouseVisible = False
18.8291 	EXP 	demo_fixation: opacity = 0
18.8294 	EXP 	window1: mouseVisible = False
18.8457 	EXP 	demo_fixation: opacity = 0
18.8461 	EXP 	window1: mouseVisible = False
18.8627 	EXP 	demo_fixation: opacity = 0
18.8630 	EXP 	window1: mouseVisible = False
18.8788 	EXP 	demo_fixation: opacity = 0
18.8792 	EXP 	window1: mouseVisible = False
18.8954 	EXP 	demo_fixation: opacity = 0
18.8958 	EXP 	window1: mouseVisible = False
18.9123 	EXP 	demo_fixation: opacity = 0
18.9126 	EXP 	window1: mouseVisible = False
18.9289 	EXP 	demo_fixation: opacity = 0
18.9293 	EXP 	window1: mouseVisible = False
18.9455 	EXP 	demo_fixation: opacity = 0
18.9459 	EXP 	window1: mouseVisible = False
18.9621 	EXP 	demo_fixation: opacity = 0
18.9625 	EXP 	window1: mouseVisible = False
18.9789 	EXP 	demo_fixation: opacity = 0
18.9793 	EXP 	window1: mouseVisible = False
18.9954 	EXP 	demo_fixation: opacity = 0
18.9957 	EXP 	window1: mouseVisible = False
19.0122 	EXP 	demo_fixation: opacity = 0
19.0126 	EXP 	window1: mouseVisible = False
19.0289 	EXP 	demo_fixation: opacity = 0
19.0292 	EXP 	window1: mouseVisible = False
19.0456 	EXP 	demo_fixation: opacity = 0
19.0460 	EXP 	window1: mouseVisible = False
19.0620 	EXP 	demo_fixation: opacity = 0
19.0624 	EXP 	window1: mouseVisible = False
19.0788 	EXP 	demo_fixation: opacity = 0
19.0791 	EXP 	window1: mouseVisible = False
19.0962 	EXP 	demo_fixation: opacity = 0
19.0967 	EXP 	window1: mouseVisible = False
19.1130 	EXP 	demo_fixation: opacity = 0
19.1135 	EXP 	window1: mouseVisible = False
19.1287 	EXP 	demo_fixation: opacity = 0
19.1292 	EXP 	window1: mouseVisible = False
19.1453 	EXP 	demo_fixation: opacity = 0
19.1457 	EXP 	window1: mouseVisible = False
19.1620 	EXP 	demo_fixation: opacity = 0
19.1624 	EXP 	window1: mouseVisible = False
19.1785 	EXP 	demo_fixation: opacity = 0
19.1789 	EXP 	window1: mouseVisible = False
19.1953 	EXP 	demo_fixation: opacity = 0
19.1957 	EXP 	window1: mouseVisible = False
19.2119 	EXP 	demo_fixation: opacity = 0
19.2122 	EXP 	window1: mouseVisible = False
19.2291 	EXP 	demo_fixation: opacity = 0
19.2294 	EXP 	window1: mouseVisible = False
19.2451 	EXP 	demo_fixation: opacity = 0
19.2455 	EXP 	window1: mouseVisible = False
19.2620 	EXP 	demo_fixation: opacity = 0
19.2624 	EXP 	window1: mouseVisible = False
19.2785 	EXP 	demo_fixation: opacity = 0
19.2788 	EXP 	window1: mouseVisible = False
19.3222 	EXP 	demo_fixation: opacity = 0
19.3222 	EXP 	demo_fixation: pos = array([-0.38888889, -0.14722222])
19.3222 	EXP 	demo_fixation: opacity = 1
19.3222 	EXP 	demo_enclosing_1: autoDraw = False
19.3222 	EXP 	demo_enclosing: autoDraw = False
19.3222 	EXP 	demo_target: autoDraw = False
19.3222 	EXP 	demo_fixation: autoDraw = False
19.3222 	EXP 	demo_fixation: opacity = 1
19.3222 	EXP 	demo_target_feedback: pos = array([-0.3,  0.3])
19.3222 	EXP 	demo_fixation_feedback: pos = array([-0.38888889, -0.14722222])
19.3222 	EXP 	text_4: text = 'Your score: 19'
19.3222 	EXP 	demo_enclosing_feedback_1: autoDraw = True
19.3222 	EXP 	demo_enclosing_feedback: autoDraw = True
19.3222 	EXP 	demo_target_feedback: autoDraw = True
19.3222 	EXP 	demo_fixation_feedback: autoDraw = True
19.3222 	EXP 	text_4: autoDraw = True
19.7174 	DATA 	Mouse:  Left button up, pos=(431,333)
19.8280 	EXP 	demo_fixation_feedback: autoDraw = False
20.2981 	EXP 	New trial (rep=0, index=2): OrderedDict([('target_x', -0.3), ('target_y', -0.3), ('rotation', 0)])
20.3002 	EXP 	window1: mouseVisible = False
20.3138 	EXP 	demo_enclosing_feedback_1: autoDraw = False
20.3138 	EXP 	demo_enclosing_feedback: autoDraw = False
20.3138 	EXP 	demo_target_feedback: autoDraw = False
20.3138 	EXP 	demo_fixation_feedback: autoDraw = False
20.3138 	EXP 	text_4: autoDraw = False
20.3138 	EXP 	demo_fixation: opacity = 1
20.3138 	EXP 	demo_fixation: pos = [0, 0]
20.3138 	EXP 	demo_target: pos = array([-0.3, -0.3])
20.3138 	EXP 	demo_fixation: pos = array([0., 0.])
20.3138 	EXP 	demo_fixation: opacity = 1
20.3138 	EXP 	demo_fixation: pos = [0, 0]
20.3138 	EXP 	demo_enclosing_1: autoDraw = True
20.3138 	EXP 	demo_enclosing: autoDraw = True
20.3138 	EXP 	demo_fixation: autoDraw = True
20.3144 	EXP 	window1: mouseVisible = False
20.3276 	EXP 	demo_fixation: opacity = 1
20.3276 	EXP 	demo_fixation: pos = [0, 0]
20.3280 	EXP 	window1: mouseVisible = False
20.3445 	EXP 	demo_fixation: opacity = 1
20.3445 	EXP 	demo_fixation: pos = [0, 0]
20.3448 	EXP 	window1: mouseVisible = False
20.3609 	EXP 	demo_fixation: opacity = 1
20.3609 	EXP 	demo_fixation: pos = [0, 0]
20.3614 	EXP 	window1: mouseVisible = False
20.3774 	EXP 	demo_fixation: opacity = 1
20.3774 	EXP 	demo_fixation: pos = [0, 0]
20.3778 	EXP 	window1: mouseVisible = False
20.3942 	EXP 	demo_fixation: opacity = 1
20.3942 	EXP 	demo_fixation: pos = [0, 0]
20.3946 	EXP 	window1: mouseVisible = False
20.4109 	EXP 	demo_fixation: opacity = 1
20.4109 	EXP 	demo_fixation: pos = [0, 0]
20.4113 	EXP 	window1: mouseVisible = False
20.4276 	EXP 	demo_fixation: opacity = 1
20.4276 	EXP 	demo_fixation: pos = [0, 0]
20.4279 	EXP 	window1: mouseVisible = False
20.4443 	EXP 	demo_fixation: opacity = 1
20.4443 	EXP 	demo_fixation: pos = [0, 0]
20.4446 	EXP 	window1: mouseVisible = False
20.4607 	EXP 	demo_fixation: opacity = 1
20.4607 	EXP 	demo_fixation: pos = [0, 0]
20.4611 	EXP 	window1: mouseVisible = False
20.4774 	EXP 	demo_fixation: opacity = 1
20.4774 	EXP 	demo_fixation: pos = [0, 0]
20.4778 	EXP 	window1: mouseVisible = False
20.4941 	EXP 	demo_fixation: opacity = 1
20.4941 	EXP 	demo_fixation: pos = [0, 0]
20.4945 	EXP 	window1: mouseVisible = False
20.5108 	EXP 	demo_fixation: opacity = 1
20.5108 	EXP 	demo_fixation: pos = [0, 0]
20.5111 	EXP 	window1: mouseVisible = False
20.5273 	EXP 	demo_fixation: opacity = 1
20.5273 	EXP 	demo_fixation: pos = [0, 0]
20.5277 	EXP 	window1: mouseVisible = False
20.5442 	EXP 	demo_fixation: opacity = 1
20.5442 	EXP 	demo_fixation: pos = [0, 0]
20.5445 	EXP 	window1: mouseVisible = False
20.5606 	EXP 	demo_fixation: opacity = 1
20.5606 	EXP 	demo_fixation: pos = [0, 0]
20.5610 	EXP 	window1: mouseVisible = False
20.5772 	EXP 	demo_fixation: opacity = 1
20.5772 	EXP 	demo_fixation: pos = [0, 0]
20.5776 	EXP 	window1: mouseVisible = False
20.5942 	EXP 	demo_fixation: opacity = 1
20.5942 	EXP 	demo_fixation: pos = [0, 0]
20.5945 	EXP 	window1: mouseVisible = False
20.6108 	EXP 	demo_fixation: opacity = 1
20.6108 	EXP 	demo_fixation: pos = [0, 0]
20.6111 	EXP 	window1: mouseVisible = False
20.6273 	EXP 	demo_fixation: opacity = 1
20.6273 	EXP 	demo_fixation: pos = [0, 0]
20.6276 	EXP 	window1: mouseVisible = False
20.6442 	EXP 	demo_fixation: opacity = 1
20.6442 	EXP 	demo_fixation: pos = [0, 0]
20.6445 	EXP 	window1: mouseVisible = False
20.6606 	EXP 	demo_fixation: opacity = 1
20.6606 	EXP 	demo_fixation: pos = [0, 0]
20.6610 	EXP 	window1: mouseVisible = False
20.6772 	EXP 	demo_fixation: opacity = 1
20.6772 	EXP 	demo_fixation: pos = [0, 0]
20.6776 	EXP 	window1: mouseVisible = False
20.6941 	EXP 	demo_fixation: opacity = 1
20.6941 	EXP 	demo_fixation: pos = [0, 0]
20.6945 	EXP 	window1: mouseVisible = False
20.7106 	EXP 	demo_fixation: opacity = 1
20.7106 	EXP 	demo_fixation: pos = [0, 0]
20.7111 	EXP 	window1: mouseVisible = False
20.7271 	EXP 	demo_fixation: opacity = 1
20.7271 	EXP 	demo_fixation: pos = [0, 0]
20.7275 	EXP 	window1: mouseVisible = False
20.7438 	EXP 	demo_fixation: opacity = 1
20.7438 	EXP 	demo_fixation: pos = [0, 0]
20.7442 	EXP 	window1: mouseVisible = False
20.7604 	EXP 	demo_fixation: opacity = 1
20.7604 	EXP 	demo_fixation: pos = [0, 0]
20.7608 	EXP 	window1: mouseVisible = False
20.7771 	EXP 	demo_fixation: opacity = 1
20.7771 	EXP 	demo_fixation: pos = [0, 0]
20.7774 	EXP 	window1: mouseVisible = False
20.7938 	EXP 	demo_fixation: opacity = 1
20.7938 	EXP 	demo_fixation: pos = [0, 0]
20.7942 	EXP 	window1: mouseVisible = False
20.8104 	EXP 	demo_fixation: opacity = 1
20.8104 	EXP 	demo_fixation: pos = [0, 0]
20.8108 	EXP 	window1: mouseVisible = False
20.8272 	EXP 	demo_fixation: opacity = 1
20.8272 	EXP 	demo_fixation: pos = [0, 0]
20.8276 	EXP 	window1: mouseVisible = False
20.8438 	EXP 	demo_fixation: opacity = 1
20.8438 	EXP 	demo_fixation: pos = [0, 0]
20.8441 	EXP 	window1: mouseVisible = False
20.8605 	EXP 	demo_fixation: opacity = 1
20.8605 	EXP 	demo_fixation: pos = [0, 0]
20.8608 	EXP 	window1: mouseVisible = False
20.8769 	EXP 	demo_fixation: opacity = 1
20.8769 	EXP 	demo_fixation: pos = [0, 0]
20.8773 	EXP 	window1: mouseVisible = False
20.8938 	EXP 	demo_fixation: opacity = 1
20.8938 	EXP 	demo_fixation: pos = [0, 0]
20.8942 	EXP 	window1: mouseVisible = False
20.9105 	EXP 	demo_fixation: opacity = 1
20.9105 	EXP 	demo_fixation: pos = [0, 0]
20.9108 	EXP 	window1: mouseVisible = False
20.9270 	EXP 	demo_fixation: opacity = 1
20.9270 	EXP 	demo_fixation: pos = [0, 0]
20.9275 	EXP 	window1: mouseVisible = False
20.9438 	EXP 	demo_fixation: opacity = 1
20.9438 	EXP 	demo_fixation: pos = [0, 0]
20.9442 	EXP 	window1: mouseVisible = False
20.9602 	EXP 	demo_fixation: opacity = 1
20.9602 	EXP 	demo_fixation: pos = [0, 0]
20.9606 	EXP 	window1: mouseVisible = False
20.9768 	EXP 	demo_fixation: opacity = 1
20.9768 	EXP 	demo_fixation: pos = [0, 0]
20.9772 	EXP 	window1: mouseVisible = False
20.9936 	EXP 	demo_fixation: opacity = 1
20.9936 	EXP 	demo_fixation: pos = [0, 0]
20.9940 	EXP 	window1: mouseVisible = False
21.0103 	EXP 	demo_fixation: opacity = 1
21.0103 	EXP 	demo_fixation: pos = [0, 0]
21.0107 	EXP 	window1: mouseVisible = False
21.0269 	EXP 	demo_fixation: opacity = 1
21.0269 	EXP 	demo_fixation: pos = [0, 0]
21.0272 	EXP 	window1: mouseVisible = False
21.0438 	EXP 	demo_fixation: opacity = 1
21.0438 	EXP 	demo_fixation: pos = [0, 0]
21.0441 	EXP 	window1: mouseVisible = False
21.0603 	EXP 	demo_fixation: opacity = 1
21.0603 	EXP 	demo_fixation: pos = [0, 0]
21.0606 	EXP 	window1: mouseVisible = False
21.0767 	EXP 	demo_fixation: opacity = 1
21.0767 	EXP 	demo_fixation: pos = [0, 0]
21.0771 	EXP 	window1: mouseVisible = False
21.0936 	EXP 	demo_fixation: opacity = 1
21.0936 	EXP 	demo_fixation: pos = [0, 0]
21.0940 	EXP 	window1: mouseVisible = False
21.1102 	EXP 	demo_fixation: opacity = 1
21.1102 	EXP 	demo_fixation: pos = [0, 0]
21.1105 	EXP 	window1: mouseVisible = False
21.1265 	EXP 	demo_fixation: opacity = 1
21.1265 	EXP 	demo_fixation: pos = [0, 0]
21.1268 	EXP 	window1: mouseVisible = False
21.1436 	EXP 	demo_fixation: opacity = 1
21.1436 	EXP 	demo_fixation: pos = [0, 0]
21.1439 	EXP 	window1: mouseVisible = False
21.1601 	EXP 	demo_fixation: opacity = 1
21.1601 	EXP 	demo_fixation: pos = [0, 0]
21.1605 	EXP 	window1: mouseVisible = False
21.1767 	EXP 	demo_fixation: opacity = 1
21.1767 	EXP 	demo_fixation: pos = [0, 0]
21.1770 	EXP 	window1: mouseVisible = False
21.1934 	EXP 	demo_fixation: opacity = 1
21.1934 	EXP 	demo_fixation: pos = [0, 0]
21.1938 	EXP 	window1: mouseVisible = False
21.2101 	EXP 	demo_fixation: opacity = 1
21.2101 	EXP 	demo_fixation: pos = [0, 0]
21.2104 	EXP 	window1: mouseVisible = False
21.2267 	EXP 	demo_fixation: opacity = 1
21.2267 	EXP 	demo_fixation: pos = [0, 0]
21.2270 	EXP 	window1: mouseVisible = False
21.2434 	EXP 	demo_fixation: opacity = 1
21.2434 	EXP 	demo_fixation: pos = [0, 0]
21.2438 	EXP 	window1: mouseVisible = False
21.2600 	EXP 	demo_fixation: opacity = 1
21.2600 	EXP 	demo_fixation: pos = [0, 0]
21.2604 	EXP 	window1: mouseVisible = False
21.2766 	EXP 	demo_fixation: opacity = 1
21.2766 	EXP 	demo_fixation: pos = [0, 0]
21.2769 	EXP 	window1: mouseVisible = False
21.2935 	EXP 	demo_fixation: opacity = 1
21.2935 	EXP 	demo_fixation: pos = [0, 0]
21.2938 	EXP 	window1: mouseVisible = False
21.3100 	EXP 	demo_fixation: opacity = 1
21.3100 	EXP 	demo_fixation: pos = [0, 0]
21.3103 	EXP 	window1: mouseVisible = False
21.3266 	EXP 	demo_fixation: opacity = 1
21.3266 	EXP 	demo_fixation: pos = [0, 0]
21.3270 	EXP 	window1: mouseVisible = False
21.3434 	EXP 	demo_fixation: opacity = 1
21.3434 	EXP 	demo_fixation: pos = [0, 0]
21.3438 	EXP 	window1: mouseVisible = False
21.3601 	EXP 	demo_fixation: opacity = 1
21.3601 	EXP 	demo_fixation: pos = [0, 0]
21.3604 	EXP 	window1: mouseVisible = False
21.3772 	EXP 	demo_fixation: opacity = 1
21.3772 	EXP 	demo_fixation: pos = [0, 0]
21.3776 	EXP 	window1: mouseVisible = False
21.3938 	EXP 	demo_fixation: opacity = 1
21.3938 	EXP 	demo_fixation: pos = [0, 0]
21.3941 	EXP 	window1: mouseVisible = False
21.4099 	EXP 	demo_fixation: opacity = 1
21.4099 	EXP 	demo_fixation: pos = [0, 0]
21.4102 	EXP 	window1: mouseVisible = False
21.4265 	EXP 	demo_fixation: opacity = 1
21.4265 	EXP 	demo_fixation: pos = [0, 0]
21.4269 	EXP 	window1: mouseVisible = False
21.4435 	EXP 	demo_fixation: opacity = 1
21.4435 	EXP 	demo_fixation: pos = [0, 0]
21.4435 	EXP 	demo_target: autoDraw = True
21.4439 	EXP 	window1: mouseVisible = False
21.4599 	EXP 	demo_fixation: opacity = 1
21.4599 	EXP 	demo_fixation: pos = [0, 0]
21.4603 	EXP 	window1: mouseVisible = False
21.4764 	EXP 	demo_fixation: opacity = 1
21.4764 	EXP 	demo_fixation: pos = [0, 0]
21.4769 	EXP 	window1: mouseVisible = False
21.4934 	EXP 	demo_fixation: opacity = 1
21.4934 	EXP 	demo_fixation: pos = [0, 0]
21.4938 	EXP 	window1: mouseVisible = False
21.5105 	EXP 	demo_fixation: opacity = 1
21.5105 	EXP 	demo_fixation: pos = [0, 0]
21.5110 	EXP 	window1: mouseVisible = False
21.5264 	EXP 	demo_fixation: opacity = 1
21.5264 	EXP 	demo_fixation: pos = [0, 0]
21.5270 	EXP 	window1: mouseVisible = False
21.5433 	EXP 	demo_fixation: opacity = 1
21.5433 	EXP 	demo_fixation: pos = [0, 0]
21.5437 	EXP 	window1: mouseVisible = False
21.5597 	EXP 	demo_fixation: opacity = 1
21.5597 	EXP 	demo_fixation: pos = [0, 0]
21.5601 	EXP 	window1: mouseVisible = False
21.5764 	EXP 	demo_fixation: opacity = 1
21.5764 	EXP 	demo_fixation: pos = [0, 0]
21.5767 	EXP 	window1: mouseVisible = False
21.5932 	EXP 	demo_fixation: opacity = 1
21.5932 	EXP 	demo_fixation: pos = [0, 0]
21.5935 	EXP 	window1: mouseVisible = False
21.6097 	EXP 	demo_fixation: opacity = 1
21.6097 	EXP 	demo_fixation: pos = [0, 0]
21.6100 	EXP 	window1: mouseVisible = False
21.6270 	EXP 	demo_fixation: opacity = 1
21.6270 	EXP 	demo_fixation: pos = [0, 0]
21.6273 	EXP 	window1: mouseVisible = False
21.6431 	EXP 	demo_fixation: opacity = 1
21.6431 	EXP 	demo_fixation: pos = [0, 0]
21.6435 	EXP 	window1: mouseVisible = False
21.6597 	EXP 	demo_fixation: opacity = 1
21.6597 	EXP 	demo_fixation: pos = [0, 0]
21.6602 	EXP 	window1: mouseVisible = False
21.6767 	EXP 	demo_fixation: opacity = 1
21.6767 	EXP 	demo_fixation: pos = [0, 0]
21.6771 	EXP 	window1: mouseVisible = False
21.6930 	EXP 	demo_fixation: opacity = 1
21.6930 	EXP 	demo_fixation: pos = [0, 0]
21.6934 	EXP 	window1: mouseVisible = False
21.7098 	EXP 	demo_fixation: opacity = 1
21.7098 	EXP 	demo_fixation: pos = [0, 0]
21.7103 	EXP 	window1: mouseVisible = False
21.7264 	EXP 	demo_fixation: opacity = 1
21.7264 	EXP 	demo_fixation: pos = [0, 0]
21.7268 	EXP 	window1: mouseVisible = False
21.7429 	EXP 	demo_fixation: opacity = 1
21.7429 	EXP 	demo_fixation: pos = [0, 0]
21.7433 	EXP 	window1: mouseVisible = False
21.7594 	EXP 	demo_fixation: opacity = 1
21.7594 	EXP 	demo_fixation: pos = [0, 0]
21.7598 	EXP 	window1: mouseVisible = False
21.7764 	EXP 	demo_fixation: opacity = 1
21.7764 	EXP 	demo_fixation: pos = [0, 0]
21.7768 	EXP 	window1: mouseVisible = False
21.7939 	EXP 	demo_fixation: opacity = 1
21.7939 	EXP 	demo_fixation: pos = [0, 0]
21.7943 	EXP 	window1: mouseVisible = False
21.8094 	EXP 	demo_fixation: opacity = 1
21.8094 	EXP 	demo_fixation: pos = [0, 0]
21.8098 	EXP 	window1: mouseVisible = False
21.8263 	EXP 	demo_fixation: opacity = 1
21.8263 	EXP 	demo_fixation: pos = [0, 0]
21.8267 	EXP 	window1: mouseVisible = False
21.8429 	EXP 	demo_fixation: opacity = 1
21.8429 	EXP 	demo_fixation: pos = [0, 0]
21.8432 	EXP 	window1: mouseVisible = False
21.8596 	EXP 	demo_fixation: opacity = 1
21.8596 	EXP 	demo_fixation: pos = [0, 0]
21.8600 	EXP 	window1: mouseVisible = False
21.8767 	EXP 	demo_fixation: opacity = 1
21.8767 	EXP 	demo_fixation: pos = [0, 0]
21.8771 	EXP 	window1: mouseVisible = False
21.8943 	EXP 	demo_fixation: opacity = 1
21.8943 	EXP 	demo_fixation: pos = [0, 0]
21.8948 	EXP 	window1: mouseVisible = False
21.9091 	EXP 	demo_fixation: opacity = 1
21.9091 	EXP 	demo_fixation: pos = [0, 0]
21.9095 	EXP 	window1: mouseVisible = False
21.9265 	EXP 	demo_fixation: opacity = 1
21.9265 	EXP 	demo_fixation: pos = [0, 0]
21.9269 	EXP 	window1: mouseVisible = False
21.9428 	EXP 	demo_fixation: opacity = 1
21.9428 	EXP 	demo_fixation: pos = [0, 0]
21.9432 	EXP 	window1: mouseVisible = False
21.9595 	EXP 	demo_fixation: opacity = 1
21.9595 	EXP 	demo_fixation: pos = [0, 0]
21.9599 	EXP 	window1: mouseVisible = False
21.9764 	EXP 	demo_fixation: opacity = 1
21.9764 	EXP 	demo_fixation: pos = [0, 0]
21.9769 	EXP 	window1: mouseVisible = False
21.9852 	DATA 	Mouse: Left button down, pos=(960,540)
21.9940 	EXP 	demo_fixation: opacity = 1
21.9940 	EXP 	demo_fixation: pos = [0, 0]
21.9944 	EXP 	window1: mouseVisible = False
22.0092 	EXP 	demo_fixation: opacity = 0
22.0096 	EXP 	window1: mouseVisible = False
22.0259 	EXP 	demo_fixation: opacity = 0
22.0262 	EXP 	window1: mouseVisible = False
22.0428 	EXP 	demo_fixation: opacity = 0
22.0431 	EXP 	window1: mouseVisible = False
22.0607 	EXP 	demo_fixation: opacity = 0
22.0612 	EXP 	window1: mouseVisible = False
22.0759 	EXP 	demo_fixation: opacity = 0
22.0763 	EXP 	window1: mouseVisible = False
22.0934 	EXP 	demo_fixation: opacity = 0
22.0938 	EXP 	window1: mouseVisible = False
22.1101 	EXP 	demo_fixation: opacity = 0
22.1104 	EXP 	window1: mouseVisible = False
22.1271 	EXP 	demo_fixation: opacity = 0
22.1274 	EXP 	window1: mouseVisible = False
22.1429 	EXP 	demo_fixation: opacity = 0
22.1433 	EXP 	window1: mouseVisible = False
22.1594 	EXP 	demo_fixation: opacity = 0
22.1599 	EXP 	window1: mouseVisible = False
22.1768 	EXP 	demo_fixation: opacity = 0
22.1773 	EXP 	window1: mouseVisible = False
22.1927 	EXP 	demo_fixation: opacity = 0
22.1931 	EXP 	window1: mouseVisible = False
22.2090 	EXP 	demo_fixation: opacity = 0
22.2094 	EXP 	window1: mouseVisible = False
22.2258 	EXP 	demo_fixation: opacity = 0
22.2261 	EXP 	window1: mouseVisible = False
22.2425 	EXP 	demo_fixation: opacity = 0
22.2428 	EXP 	window1: mouseVisible = False
22.2591 	EXP 	demo_fixation: opacity = 0
22.2594 	EXP 	window1: mouseVisible = False
22.2761 	EXP 	demo_fixation: opacity = 0
22.2765 	EXP 	window1: mouseVisible = False
22.2926 	EXP 	demo_fixation: opacity = 0
22.2930 	EXP 	window1: mouseVisible = False
22.3090 	EXP 	demo_fixation: opacity = 0
22.3093 	EXP 	window1: mouseVisible = False
22.3257 	EXP 	demo_fixation: opacity = 0
22.3260 	EXP 	window1: mouseVisible = False
22.3426 	EXP 	demo_fixation: opacity = 0
22.3429 	EXP 	window1: mouseVisible = False
22.3592 	EXP 	demo_fixation: opacity = 0
22.3597 	EXP 	window1: mouseVisible = False
22.3767 	EXP 	demo_fixation: opacity = 0
22.3771 	EXP 	window1: mouseVisible = False
22.3924 	EXP 	demo_fixation: opacity = 0
22.3928 	EXP 	window1: mouseVisible = False
22.4090 	EXP 	demo_fixation: opacity = 0
22.4094 	EXP 	window1: mouseVisible = False
22.4263 	EXP 	demo_fixation: opacity = 0
22.4267 	EXP 	window1: mouseVisible = False
22.4424 	EXP 	demo_fixation: opacity = 0
22.4427 	EXP 	window1: mouseVisible = False
22.4593 	EXP 	demo_fixation: opacity = 0
22.4597 	EXP 	window1: mouseVisible = False
22.4755 	EXP 	demo_fixation: opacity = 0
22.4759 	EXP 	window1: mouseVisible = False
22.4925 	EXP 	demo_fixation: opacity = 0
22.4928 	EXP 	window1: mouseVisible = False
22.5090 	EXP 	demo_fixation: opacity = 0
22.5093 	EXP 	window1: mouseVisible = False
22.5260 	EXP 	demo_fixation: opacity = 0
22.5263 	EXP 	window1: mouseVisible = False
22.5422 	EXP 	demo_fixation: opacity = 0
22.5426 	EXP 	window1: mouseVisible = False
22.5588 	EXP 	demo_fixation: opacity = 0
22.5592 	EXP 	window1: mouseVisible = False
22.5759 	EXP 	demo_fixation: opacity = 0
22.5762 	EXP 	window1: mouseVisible = False
22.5924 	EXP 	demo_fixation: opacity = 0
22.5929 	EXP 	window1: mouseVisible = False
22.6088 	EXP 	demo_fixation: opacity = 0
22.6092 	EXP 	window1: mouseVisible = False
22.6263 	EXP 	demo_fixation: opacity = 0
22.6267 	EXP 	window1: mouseVisible = False
22.6421 	EXP 	demo_fixation: opacity = 0
22.6424 	EXP 	window1: mouseVisible = False
22.6588 	EXP 	demo_fixation: opacity = 0
22.6592 	EXP 	window1: mouseVisible = False
22.6754 	EXP 	demo_fixation: opacity = 0
22.6759 	EXP 	window1: mouseVisible = False
22.6928 	EXP 	demo_fixation: opacity = 0
22.6932 	EXP 	window1: mouseVisible = False
22.7086 	EXP 	demo_fixation: opacity = 0
22.7089 	EXP 	window1: mouseVisible = False
22.7254 	EXP 	demo_fixation: opacity = 0
22.7257 	EXP 	window1: mouseVisible = False
22.7420 	EXP 	demo_fixation: opacity = 0
22.7424 	EXP 	window1: mouseVisible = False
22.7587 	EXP 	demo_fixation: opacity = 0
22.7590 	EXP 	window1: mouseVisible = False
22.7755 	EXP 	demo_fixation: opacity = 0
22.7761 	EXP 	window1: mouseVisible = False
22.7920 	EXP 	demo_fixation: opacity = 0
22.7923 	EXP 	window1: mouseVisible = False
22.8086 	EXP 	demo_fixation: opacity = 0
22.8089 	EXP 	window1: mouseVisible = False
22.8251 	EXP 	demo_fixation: opacity = 0
22.8255 	EXP 	window1: mouseVisible = False
22.8427 	EXP 	demo_fixation: opacity = 0
22.8431 	EXP 	window1: mouseVisible = False
22.8588 	EXP 	demo_fixation: opacity = 0
22.8592 	EXP 	window1: mouseVisible = False
22.8757 	EXP 	demo_fixation: opacity = 0
22.8760 	EXP 	window1: mouseVisible = False
22.8917 	EXP 	demo_fixation: opacity = 0
22.8921 	EXP 	window1: mouseVisible = False
22.9085 	EXP 	demo_fixation: opacity = 0
22.9089 	EXP 	window1: mouseVisible = False
22.9250 	EXP 	demo_fixation: opacity = 0
22.9254 	EXP 	window1: mouseVisible = False
22.9418 	EXP 	demo_fixation: opacity = 0
22.9421 	EXP 	window1: mouseVisible = False
22.9584 	EXP 	demo_fixation: opacity = 0
22.9588 	EXP 	window1: mouseVisible = False
22.9751 	EXP 	demo_fixation: opacity = 0
22.9755 	EXP 	window1: mouseVisible = False
22.9919 	EXP 	demo_fixation: opacity = 0
22.9922 	EXP 	window1: mouseVisible = False
23.0179 	EXP 	demo_fixation: opacity = 0
23.0179 	EXP 	demo_fixation: pos = array([ 0.16203704, -0.38055556])
23.0179 	EXP 	demo_fixation: opacity = 1
23.0179 	EXP 	demo_enclosing_1: autoDraw = False
23.0179 	EXP 	demo_enclosing: autoDraw = False
23.0179 	EXP 	demo_target: autoDraw = False
23.0179 	EXP 	demo_fixation: autoDraw = False
23.0179 	EXP 	demo_fixation: opacity = 1
23.0179 	EXP 	demo_target_feedback: pos = array([-0.3, -0.3])
23.0179 	EXP 	demo_fixation_feedback: pos = array([ 0.16203704, -0.38055556])
23.0179 	EXP 	text_4: text = 'Your score: 19'
23.0179 	EXP 	demo_enclosing_feedback_1: autoDraw = True
23.0179 	EXP 	demo_enclosing_feedback: autoDraw = True
23.0179 	EXP 	demo_target_feedback: autoDraw = True
23.0179 	EXP 	demo_fixation_feedback: autoDraw = True
23.0179 	EXP 	text_4: autoDraw = True
23.5246 	EXP 	demo_fixation_feedback: autoDraw = False
23.5808 	DATA 	Mouse:  Left button up, pos=(1179,58)
24.0121 	EXP 	New trial (rep=0, index=3): OrderedDict([('target_x', 0.3), ('target_y', 0.3), ('rotation', 0)])
24.0143 	EXP 	window1: mouseVisible = False
24.0277 	EXP 	demo_enclosing_feedback_1: autoDraw = False
24.0277 	EXP 	demo_enclosing_feedback: autoDraw = False
24.0277 	EXP 	demo_target_feedback: autoDraw = False
24.0277 	EXP 	demo_fixation_feedback: autoDraw = False
24.0277 	EXP 	text_4: autoDraw = False
24.0277 	EXP 	demo_fixation: opacity = 1
24.0277 	EXP 	demo_fixation: pos = [0, 0]
24.0277 	EXP 	demo_target: pos = array([0.3, 0.3])
24.0277 	EXP 	demo_fixation: pos = array([0., 0.])
24.0277 	EXP 	demo_fixation: opacity = 1
24.0277 	EXP 	demo_fixation: pos = [0, 0]
24.0277 	EXP 	demo_enclosing_1: autoDraw = True
24.0277 	EXP 	demo_enclosing: autoDraw = True
24.0277 	EXP 	demo_fixation: autoDraw = True
24.0282 	EXP 	window1: mouseVisible = False
24.0410 	EXP 	demo_fixation: opacity = 1
24.0410 	EXP 	demo_fixation: pos = [0, 0]
24.0414 	EXP 	window1: mouseVisible = False
24.0574 	EXP 	demo_fixation: opacity = 1
24.0574 	EXP 	demo_fixation: pos = [0, 0]
24.0577 	EXP 	window1: mouseVisible = False
24.0745 	EXP 	demo_fixation: opacity = 1
24.0745 	EXP 	demo_fixation: pos = [0, 0]
24.0749 	EXP 	window1: mouseVisible = False
24.0910 	EXP 	demo_fixation: opacity = 1
24.0910 	EXP 	demo_fixation: pos = [0, 0]
24.0915 	EXP 	window1: mouseVisible = False
24.1077 	EXP 	demo_fixation: opacity = 1
24.1077 	EXP 	demo_fixation: pos = [0, 0]
24.1081 	EXP 	window1: mouseVisible = False
24.1246 	EXP 	demo_fixation: opacity = 1
24.1246 	EXP 	demo_fixation: pos = [0, 0]
24.1251 	EXP 	window1: mouseVisible = False
24.1416 	EXP 	demo_fixation: opacity = 1
24.1416 	EXP 	demo_fixation: pos = [0, 0]
24.1420 	EXP 	window1: mouseVisible = False
24.1573 	EXP 	demo_fixation: opacity = 1
24.1573 	EXP 	demo_fixation: pos = [0, 0]
24.1576 	EXP 	window1: mouseVisible = False
24.1739 	EXP 	demo_fixation: opacity = 1
24.1739 	EXP 	demo_fixation: pos = [0, 0]
24.1743 	EXP 	window1: mouseVisible = False
24.1907 	EXP 	demo_fixation: opacity = 1
24.1907 	EXP 	demo_fixation: pos = [0, 0]
24.1911 	EXP 	window1: mouseVisible = False
24.2073 	EXP 	demo_fixation: opacity = 1
24.2073 	EXP 	demo_fixation: pos = [0, 0]
24.2076 	EXP 	window1: mouseVisible = False
24.2248 	EXP 	demo_fixation: opacity = 1
24.2248 	EXP 	demo_fixation: pos = [0, 0]
24.2253 	EXP 	window1: mouseVisible = False
24.2414 	EXP 	demo_fixation: opacity = 1
24.2414 	EXP 	demo_fixation: pos = [0, 0]
24.2418 	EXP 	window1: mouseVisible = False
24.2575 	EXP 	demo_fixation: opacity = 1
24.2575 	EXP 	demo_fixation: pos = [0, 0]
24.2579 	EXP 	window1: mouseVisible = False
24.2748 	EXP 	demo_fixation: opacity = 1
24.2748 	EXP 	demo_fixation: pos = [0, 0]
24.2752 	EXP 	window1: mouseVisible = False
24.2910 	EXP 	demo_fixation: opacity = 1
24.2910 	EXP 	demo_fixation: pos = [0, 0]
24.2915 	EXP 	window1: mouseVisible = False
24.3071 	EXP 	demo_fixation: opacity = 1
24.3071 	EXP 	demo_fixation: pos = [0, 0]
24.3075 	EXP 	window1: mouseVisible = False
24.3238 	EXP 	demo_fixation: opacity = 1
24.3238 	EXP 	demo_fixation: pos = [0, 0]
24.3241 	EXP 	window1: mouseVisible = False
24.3404 	EXP 	demo_fixation: opacity = 1
24.3404 	EXP 	demo_fixation: pos = [0, 0]
24.3408 	EXP 	window1: mouseVisible = False
24.3574 	EXP 	demo_fixation: opacity = 1
24.3574 	EXP 	demo_fixation: pos = [0, 0]
24.3578 	EXP 	window1: mouseVisible = False
24.3743 	EXP 	demo_fixation: opacity = 1
24.3743 	EXP 	demo_fixation: pos = [0, 0]
24.3748 	EXP 	window1: mouseVisible = False
24.3907 	EXP 	demo_fixation: opacity = 1
24.3907 	EXP 	demo_fixation: pos = [0, 0]
24.3912 	EXP 	window1: mouseVisible = False
24.4077 	EXP 	demo_fixation: opacity = 1
24.4077 	EXP 	demo_fixation: pos = [0, 0]
24.4082 	EXP 	window1: mouseVisible = False
24.4239 	EXP 	demo_fixation: opacity = 1
24.4239 	EXP 	demo_fixation: pos = [0, 0]
24.4243 	EXP 	window1: mouseVisible = False
24.4404 	EXP 	demo_fixation: opacity = 1
24.4404 	EXP 	demo_fixation: pos = [0, 0]
24.4410 	EXP 	window1: mouseVisible = False
24.4578 	EXP 	demo_fixation: opacity = 1
24.4578 	EXP 	demo_fixation: pos = [0, 0]
24.4582 	EXP 	window1: mouseVisible = False
24.4740 	EXP 	demo_fixation: opacity = 1
24.4740 	EXP 	demo_fixation: pos = [0, 0]
24.4744 	EXP 	window1: mouseVisible = False
24.4906 	EXP 	demo_fixation: opacity = 1
24.4906 	EXP 	demo_fixation: pos = [0, 0]
24.4910 	EXP 	window1: mouseVisible = False
24.5070 	EXP 	demo_fixation: opacity = 1
24.5070 	EXP 	demo_fixation: pos = [0, 0]
24.5073 	EXP 	window1: mouseVisible = False
24.5238 	EXP 	demo_fixation: opacity = 1
24.5238 	EXP 	demo_fixation: pos = [0, 0]
24.5241 	EXP 	window1: mouseVisible = False
24.5403 	EXP 	demo_fixation: opacity = 1
24.5403 	EXP 	demo_fixation: pos = [0, 0]
24.5407 	EXP 	window1: mouseVisible = False
24.5569 	EXP 	demo_fixation: opacity = 1
24.5569 	EXP 	demo_fixation: pos = [0, 0]
24.5573 	EXP 	window1: mouseVisible = False
24.5736 	EXP 	demo_fixation: opacity = 1
24.5736 	EXP 	demo_fixation: pos = [0, 0]
24.5739 	EXP 	window1: mouseVisible = False
24.5903 	EXP 	demo_fixation: opacity = 1
24.5903 	EXP 	demo_fixation: pos = [0, 0]
24.5907 	EXP 	window1: mouseVisible = False
24.6068 	EXP 	demo_fixation: opacity = 1
24.6068 	EXP 	demo_fixation: pos = [0, 0]
24.6073 	EXP 	window1: mouseVisible = False
24.6236 	EXP 	demo_fixation: opacity = 1
24.6236 	EXP 	demo_fixation: pos = [0, 0]
24.6240 	EXP 	window1: mouseVisible = False
24.6402 	EXP 	demo_fixation: opacity = 1
24.6402 	EXP 	demo_fixation: pos = [0, 0]
24.6405 	EXP 	window1: mouseVisible = False
24.6569 	EXP 	demo_fixation: opacity = 1
24.6569 	EXP 	demo_fixation: pos = [0, 0]
24.6572 	EXP 	window1: mouseVisible = False
24.6738 	EXP 	demo_fixation: opacity = 1
24.6738 	EXP 	demo_fixation: pos = [0, 0]
24.6741 	EXP 	window1: mouseVisible = False
24.6901 	EXP 	demo_fixation: opacity = 1
24.6901 	EXP 	demo_fixation: pos = [0, 0]
24.6906 	EXP 	window1: mouseVisible = False
24.7067 	EXP 	demo_fixation: opacity = 1
24.7067 	EXP 	demo_fixation: pos = [0, 0]
24.7071 	EXP 	window1: mouseVisible = False
24.7235 	EXP 	demo_fixation: opacity = 1
24.7235 	EXP 	demo_fixation: pos = [0, 0]
24.7239 	EXP 	window1: mouseVisible = False
24.7400 	EXP 	demo_fixation: opacity = 1
24.7400 	EXP 	demo_fixation: pos = [0, 0]
24.7404 	EXP 	window1: mouseVisible = False
24.7567 	EXP 	demo_fixation: opacity = 1
24.7567 	EXP 	demo_fixation: pos = [0, 0]
24.7571 	EXP 	window1: mouseVisible = False
24.7735 	EXP 	demo_fixation: opacity = 1
24.7735 	EXP 	demo_fixation: pos = [0, 0]
24.7738 	EXP 	window1: mouseVisible = False
24.7902 	EXP 	demo_fixation: opacity = 1
24.7902 	EXP 	demo_fixation: pos = [0, 0]
24.7906 	EXP 	window1: mouseVisible = False
24.8067 	EXP 	demo_fixation: opacity = 1
24.8067 	EXP 	demo_fixation: pos = [0, 0]
24.8071 	EXP 	window1: mouseVisible = False
24.8233 	EXP 	demo_fixation: opacity = 1
24.8233 	EXP 	demo_fixation: pos = [0, 0]
24.8237 	EXP 	window1: mouseVisible = False
24.8399 	EXP 	demo_fixation: opacity = 1
24.8399 	EXP 	demo_fixation: pos = [0, 0]
24.8403 	EXP 	window1: mouseVisible = False
24.8567 	EXP 	demo_fixation: opacity = 1
24.8567 	EXP 	demo_fixation: pos = [0, 0]
24.8570 	EXP 	window1: mouseVisible = False
24.8734 	EXP 	demo_fixation: opacity = 1
24.8734 	EXP 	demo_fixation: pos = [0, 0]
24.8738 	EXP 	window1: mouseVisible = False
24.8898 	EXP 	demo_fixation: opacity = 1
24.8898 	EXP 	demo_fixation: pos = [0, 0]
24.8901 	EXP 	window1: mouseVisible = False
24.9067 	EXP 	demo_fixation: opacity = 1
24.9067 	EXP 	demo_fixation: pos = [0, 0]
24.9072 	EXP 	window1: mouseVisible = False
24.9234 	EXP 	demo_fixation: opacity = 1
24.9234 	EXP 	demo_fixation: pos = [0, 0]
24.9238 	EXP 	window1: mouseVisible = False
24.9399 	EXP 	demo_fixation: opacity = 1
24.9399 	EXP 	demo_fixation: pos = [0, 0]
24.9402 	EXP 	window1: mouseVisible = False
24.9565 	EXP 	demo_fixation: opacity = 1
24.9565 	EXP 	demo_fixation: pos = [0, 0]
24.9569 	EXP 	window1: mouseVisible = False
24.9733 	EXP 	demo_fixation: opacity = 1
24.9733 	EXP 	demo_fixation: pos = [0, 0]
24.9737 	EXP 	window1: mouseVisible = False
24.9901 	EXP 	demo_fixation: opacity = 1
24.9901 	EXP 	demo_fixation: pos = [0, 0]
24.9904 	EXP 	window1: mouseVisible = False
25.0065 	EXP 	demo_fixation: opacity = 1
25.0065 	EXP 	demo_fixation: pos = [0, 0]
25.0068 	EXP 	window1: mouseVisible = False
25.0235 	EXP 	demo_fixation: opacity = 1
25.0235 	EXP 	demo_fixation: pos = [0, 0]
25.0239 	EXP 	window1: mouseVisible = False
25.0398 	EXP 	demo_fixation: opacity = 1
25.0398 	EXP 	demo_fixation: pos = [0, 0]
25.0401 	EXP 	window1: mouseVisible = False
25.0566 	EXP 	demo_fixation: opacity = 1
25.0566 	EXP 	demo_fixation: pos = [0, 0]
25.0570 	EXP 	window1: mouseVisible = False
25.0731 	EXP 	demo_fixation: opacity = 1
25.0731 	EXP 	demo_fixation: pos = [0, 0]
25.0735 	EXP 	window1: mouseVisible = False
25.0899 	EXP 	demo_fixation: opacity = 1
25.0899 	EXP 	demo_fixation: pos = [0, 0]
25.0903 	EXP 	window1: mouseVisible = False
25.1063 	EXP 	demo_fixation: opacity = 1
25.1063 	EXP 	demo_fixation: pos = [0, 0]
25.1067 	EXP 	window1: mouseVisible = False
25.1242 	EXP 	demo_fixation: opacity = 1
25.1242 	EXP 	demo_fixation: pos = [0, 0]
25.1246 	EXP 	window1: mouseVisible = False
25.1394 	EXP 	demo_fixation: opacity = 1
25.1394 	EXP 	demo_fixation: pos = [0, 0]
25.1399 	EXP 	window1: mouseVisible = False
25.1563 	EXP 	demo_fixation: opacity = 1
25.1563 	EXP 	demo_fixation: pos = [0, 0]
25.1567 	EXP 	window1: mouseVisible = False
25.1731 	EXP 	demo_fixation: opacity = 1
25.1731 	EXP 	demo_fixation: pos = [0, 0]
25.1734 	EXP 	window1: mouseVisible = False
25.1896 	EXP 	demo_fixation: opacity = 1
25.1896 	EXP 	demo_fixation: pos = [0, 0]
25.1900 	EXP 	window1: mouseVisible = False
25.2062 	EXP 	demo_fixation: opacity = 1
25.2062 	EXP 	demo_fixation: pos = [0, 0]
25.2066 	EXP 	window1: mouseVisible = False
25.2230 	EXP 	demo_fixation: opacity = 1
25.2230 	EXP 	demo_fixation: pos = [0, 0]
25.2234 	EXP 	window1: mouseVisible = False
25.2396 	EXP 	demo_fixation: opacity = 1
25.2396 	EXP 	demo_fixation: pos = [0, 0]
25.2399 	EXP 	window1: mouseVisible = False
25.2562 	EXP 	demo_fixation: opacity = 1
25.2562 	EXP 	demo_fixation: pos = [0, 0]
25.2566 	EXP 	window1: mouseVisible = False
25.2730 	EXP 	demo_fixation: opacity = 1
25.2730 	EXP 	demo_fixation: pos = [0, 0]
25.2734 	EXP 	window1: mouseVisible = False
25.2895 	EXP 	demo_fixation: opacity = 1
25.2895 	EXP 	demo_fixation: pos = [0, 0]
25.2899 	EXP 	window1: mouseVisible = False
25.3061 	EXP 	demo_fixation: opacity = 1
25.3061 	EXP 	demo_fixation: pos = [0, 0]
25.3065 	EXP 	window1: mouseVisible = False
25.3230 	EXP 	demo_fixation: opacity = 1
25.3230 	EXP 	demo_fixation: pos = [0, 0]
25.3233 	EXP 	window1: mouseVisible = False
25.3395 	EXP 	demo_fixation: opacity = 1
25.3395 	EXP 	demo_fixation: pos = [0, 0]
25.3398 	EXP 	window1: mouseVisible = False
25.3562 	EXP 	demo_fixation: opacity = 1
25.3562 	EXP 	demo_fixation: pos = [0, 0]
25.3565 	EXP 	window1: mouseVisible = False
25.3728 	EXP 	demo_fixation: opacity = 1
25.3728 	EXP 	demo_fixation: pos = [0, 0]
25.3732 	EXP 	window1: mouseVisible = False
25.3892 	EXP 	demo_fixation: opacity = 1
25.3892 	EXP 	demo_fixation: pos = [0, 0]
25.3896 	EXP 	window1: mouseVisible = False
25.4060 	EXP 	demo_fixation: opacity = 1
25.4060 	EXP 	demo_fixation: pos = [0, 0]
25.4064 	EXP 	window1: mouseVisible = False
25.4227 	EXP 	demo_fixation: opacity = 1
25.4227 	EXP 	demo_fixation: pos = [0, 0]
25.4231 	EXP 	window1: mouseVisible = False
25.4395 	EXP 	demo_fixation: opacity = 1
25.4395 	EXP 	demo_fixation: pos = [0, 0]
25.4399 	EXP 	window1: mouseVisible = False
25.4563 	EXP 	demo_fixation: opacity = 1
25.4563 	EXP 	demo_fixation: pos = [0, 0]
25.4567 	EXP 	window1: mouseVisible = False
25.4726 	EXP 	demo_fixation: opacity = 1
25.4726 	EXP 	demo_fixation: pos = [0, 0]
25.4726 	EXP 	demo_target: autoDraw = True
25.4730 	EXP 	window1: mouseVisible = False
25.4894 	EXP 	demo_fixation: opacity = 1
25.4894 	EXP 	demo_fixation: pos = [0, 0]
25.4898 	EXP 	window1: mouseVisible = False
25.5059 	EXP 	demo_fixation: opacity = 1
25.5059 	EXP 	demo_fixation: pos = [0, 0]
25.5063 	EXP 	window1: mouseVisible = False
25.5227 	EXP 	demo_fixation: opacity = 1
25.5227 	EXP 	demo_fixation: pos = [0, 0]
25.5231 	EXP 	window1: mouseVisible = False
25.5393 	EXP 	demo_fixation: opacity = 1
25.5393 	EXP 	demo_fixation: pos = [0, 0]
25.5397 	EXP 	window1: mouseVisible = False
25.5559 	EXP 	demo_fixation: opacity = 1
25.5559 	EXP 	demo_fixation: pos = [0, 0]
25.5563 	EXP 	window1: mouseVisible = False
25.5726 	EXP 	demo_fixation: opacity = 1
25.5726 	EXP 	demo_fixation: pos = [0, 0]
25.5729 	EXP 	window1: mouseVisible = False
25.5892 	EXP 	demo_fixation: opacity = 1
25.5892 	EXP 	demo_fixation: pos = [0, 0]
25.5896 	EXP 	window1: mouseVisible = False
25.6061 	EXP 	demo_fixation: opacity = 1
25.6061 	EXP 	demo_fixation: pos = [0, 0]
25.6065 	EXP 	window1: mouseVisible = False
25.6225 	EXP 	demo_fixation: opacity = 1
25.6225 	EXP 	demo_fixation: pos = [0, 0]
25.6229 	EXP 	window1: mouseVisible = False
25.6394 	EXP 	demo_fixation: opacity = 1
25.6394 	EXP 	demo_fixation: pos = [0, 0]
25.6397 	EXP 	window1: mouseVisible = False
25.6559 	EXP 	demo_fixation: opacity = 1
25.6559 	EXP 	demo_fixation: pos = [0, 0]
25.6563 	EXP 	window1: mouseVisible = False
25.6725 	EXP 	demo_fixation: opacity = 1
25.6725 	EXP 	demo_fixation: pos = [0, 0]
25.6729 	EXP 	window1: mouseVisible = False
25.6892 	EXP 	demo_fixation: opacity = 1
25.6892 	EXP 	demo_fixation: pos = [0, 0]
25.6896 	EXP 	window1: mouseVisible = False
25.7059 	EXP 	demo_fixation: opacity = 1
25.7059 	EXP 	demo_fixation: pos = [0, 0]
25.7063 	EXP 	window1: mouseVisible = False
25.7224 	EXP 	demo_fixation: opacity = 1
25.7224 	EXP 	demo_fixation: pos = [0, 0]
25.7228 	EXP 	window1: mouseVisible = False
25.7391 	EXP 	demo_fixation: opacity = 1
25.7391 	EXP 	demo_fixation: pos = [0, 0]
25.7395 	EXP 	window1: mouseVisible = False
25.7559 	EXP 	demo_fixation: opacity = 1
25.7559 	EXP 	demo_fixation: pos = [0, 0]
25.7562 	EXP 	window1: mouseVisible = False
25.7726 	EXP 	demo_fixation: opacity = 1
25.7726 	EXP 	demo_fixation: pos = [0, 0]
25.7729 	EXP 	window1: mouseVisible = False
25.7892 	EXP 	demo_fixation: opacity = 1
25.7892 	EXP 	demo_fixation: pos = [0, 0]
25.7895 	EXP 	window1: mouseVisible = False
25.8059 	EXP 	demo_fixation: opacity = 1
25.8059 	EXP 	demo_fixation: pos = [0, 0]
25.8062 	EXP 	window1: mouseVisible = False
25.8223 	EXP 	demo_fixation: opacity = 1
25.8223 	EXP 	demo_fixation: pos = [0, 0]
25.8227 	EXP 	window1: mouseVisible = False
25.8390 	EXP 	demo_fixation: opacity = 1
25.8390 	EXP 	demo_fixation: pos = [0, 0]
25.8396 	EXP 	window1: mouseVisible = False
25.8557 	EXP 	demo_fixation: opacity = 1
25.8557 	EXP 	demo_fixation: pos = [0, 0]
25.8561 	EXP 	window1: mouseVisible = False
25.8723 	EXP 	demo_fixation: opacity = 1
25.8723 	EXP 	demo_fixation: pos = [0, 0]
25.8727 	EXP 	window1: mouseVisible = False
25.8888 	EXP 	demo_fixation: opacity = 1
25.8888 	EXP 	demo_fixation: pos = [0, 0]
25.8892 	EXP 	window1: mouseVisible = False
25.9057 	EXP 	demo_fixation: opacity = 1
25.9057 	EXP 	demo_fixation: pos = [0, 0]
25.9060 	EXP 	window1: mouseVisible = False
25.9224 	EXP 	demo_fixation: opacity = 1
25.9224 	EXP 	demo_fixation: pos = [0, 0]
25.9227 	EXP 	window1: mouseVisible = False
25.9389 	EXP 	demo_fixation: opacity = 1
25.9389 	EXP 	demo_fixation: pos = [0, 0]
25.9393 	EXP 	window1: mouseVisible = False
25.9557 	EXP 	demo_fixation: opacity = 1
25.9557 	EXP 	demo_fixation: pos = [0, 0]
25.9561 	EXP 	window1: mouseVisible = False
25.9722 	EXP 	demo_fixation: opacity = 1
25.9722 	EXP 	demo_fixation: pos = [0, 0]
25.9726 	EXP 	window1: mouseVisible = False
25.9893 	EXP 	demo_fixation: opacity = 1
25.9893 	EXP 	demo_fixation: pos = [0, 0]
25.9896 	EXP 	window1: mouseVisible = False
25.9929 	DATA 	Mouse: Left button down, pos=(960,540)
26.0055 	EXP 	demo_fixation: opacity = 0
26.0059 	EXP 	window1: mouseVisible = False
26.0222 	EXP 	demo_fixation: opacity = 0
26.0226 	EXP 	window1: mouseVisible = False
26.0389 	EXP 	demo_fixation: opacity = 0
26.0392 	EXP 	window1: mouseVisible = False
26.0561 	EXP 	demo_fixation: opacity = 0
26.0565 	EXP 	window1: mouseVisible = False
26.0720 	EXP 	demo_fixation: opacity = 0
26.0724 	EXP 	window1: mouseVisible = False
26.0891 	EXP 	demo_fixation: opacity = 0
26.0896 	EXP 	window1: mouseVisible = False
26.1064 	EXP 	demo_fixation: opacity = 0
26.1069 	EXP 	window1: mouseVisible = False
26.1222 	EXP 	demo_fixation: opacity = 0
26.1226 	EXP 	window1: mouseVisible = False
26.1393 	EXP 	demo_fixation: opacity = 0
26.1396 	EXP 	window1: mouseVisible = False
26.1556 	EXP 	demo_fixation: opacity = 0
26.1559 	EXP 	window1: mouseVisible = False
26.1720 	EXP 	demo_fixation: opacity = 0
26.1723 	EXP 	window1: mouseVisible = False
26.1887 	EXP 	demo_fixation: opacity = 0
26.1891 	EXP 	window1: mouseVisible = False
26.2059 	EXP 	demo_fixation: opacity = 0
26.2063 	EXP 	window1: mouseVisible = False
26.2226 	EXP 	demo_fixation: opacity = 0
26.2230 	EXP 	window1: mouseVisible = False
26.2386 	EXP 	demo_fixation: opacity = 0
26.2389 	EXP 	window1: mouseVisible = False
26.2554 	EXP 	demo_fixation: opacity = 0
26.2558 	EXP 	window1: mouseVisible = False
26.2720 	EXP 	demo_fixation: opacity = 0
26.2724 	EXP 	window1: mouseVisible = False
26.2885 	EXP 	demo_fixation: opacity = 0
26.2888 	EXP 	window1: mouseVisible = False
26.3053 	EXP 	demo_fixation: opacity = 0
26.3057 	EXP 	window1: mouseVisible = False
26.3220 	EXP 	demo_fixation: opacity = 0
26.3224 	EXP 	window1: mouseVisible = False
26.3387 	EXP 	demo_fixation: opacity = 0
26.3390 	EXP 	window1: mouseVisible = False
26.3552 	EXP 	demo_fixation: opacity = 0
26.3556 	EXP 	window1: mouseVisible = False
26.3718 	EXP 	demo_fixation: opacity = 0
26.3721 	EXP 	window1: mouseVisible = False
26.3887 	EXP 	demo_fixation: opacity = 0
26.3890 	EXP 	window1: mouseVisible = False
26.4050 	EXP 	demo_fixation: opacity = 0
26.4054 	EXP 	window1: mouseVisible = False
26.4218 	EXP 	demo_fixation: opacity = 0
26.4221 	EXP 	window1: mouseVisible = False
26.4385 	EXP 	demo_fixation: opacity = 0
26.4388 	EXP 	window1: mouseVisible = False
26.4556 	EXP 	demo_fixation: opacity = 0
26.4562 	EXP 	window1: mouseVisible = False
26.4717 	EXP 	demo_fixation: opacity = 0
26.4720 	EXP 	window1: mouseVisible = False
26.4886 	EXP 	demo_fixation: opacity = 0
26.4890 	EXP 	window1: mouseVisible = False
26.5051 	EXP 	demo_fixation: opacity = 0
26.5055 	EXP 	window1: mouseVisible = False
26.5218 	EXP 	demo_fixation: opacity = 0
26.5221 	EXP 	window1: mouseVisible = False
26.5383 	EXP 	demo_fixation: opacity = 0
26.5387 	EXP 	window1: mouseVisible = False
26.5553 	EXP 	demo_fixation: opacity = 0
26.5558 	EXP 	window1: mouseVisible = False
26.5720 	EXP 	demo_fixation: opacity = 0
26.5723 	EXP 	window1: mouseVisible = False
26.5884 	EXP 	demo_fixation: opacity = 0
26.5888 	EXP 	window1: mouseVisible = False
26.6050 	EXP 	demo_fixation: opacity = 0
26.6056 	EXP 	window1: mouseVisible = False
26.6216 	EXP 	demo_fixation: opacity = 0
26.6220 	EXP 	window1: mouseVisible = False
26.6385 	EXP 	demo_fixation: opacity = 0
26.6390 	EXP 	window1: mouseVisible = False
26.6550 	EXP 	demo_fixation: opacity = 0
26.6553 	EXP 	window1: mouseVisible = False
26.6715 	EXP 	demo_fixation: opacity = 0
26.6718 	EXP 	window1: mouseVisible = False
26.6884 	EXP 	demo_fixation: opacity = 0
26.6887 	EXP 	window1: mouseVisible = False
26.7053 	EXP 	demo_fixation: opacity = 0
26.7057 	EXP 	window1: mouseVisible = False
26.7215 	EXP 	demo_fixation: opacity = 0
26.7218 	EXP 	window1: mouseVisible = False
26.7381 	EXP 	demo_fixation: opacity = 0
26.7385 	EXP 	window1: mouseVisible = False
26.7548 	EXP 	demo_fixation: opacity = 0
26.7552 	EXP 	window1: mouseVisible = False
26.7918 	EXP 	demo_fixation: opacity = 0
26.7918 	EXP 	demo_fixation: pos = array([-0.40648148,  0.07592593])
26.7918 	EXP 	demo_fixation: opacity = 1
26.7918 	EXP 	demo_enclosing_1: autoDraw = False
26.7918 	EXP 	demo_enclosing: autoDraw = False
26.7918 	EXP 	demo_target: autoDraw = False
26.7918 	EXP 	demo_fixation: autoDraw = False
26.7918 	EXP 	demo_fixation: opacity = 1
26.7918 	EXP 	demo_target_feedback: pos = array([0.3, 0.3])
26.7918 	EXP 	demo_fixation_feedback: pos = array([-0.40648148,  0.07592593])
26.7918 	EXP 	text_4: text = 'Your score: 9'
26.7918 	EXP 	demo_enclosing_feedback_1: autoDraw = True
26.7918 	EXP 	demo_enclosing_feedback: autoDraw = True
26.7918 	EXP 	demo_target_feedback: autoDraw = True
26.7918 	EXP 	demo_fixation_feedback: autoDraw = True
26.7918 	EXP 	text_4: autoDraw = True
27.2435 	DATA 	Mouse:  Left button up, pos=(455,652)
27.3044 	EXP 	demo_fixation_feedback: autoDraw = False
27.7744 	EXP 	New trial (rep=1, index=0): None
27.7875 	EXP 	demo_enclosing_feedback_1: autoDraw = False
27.7875 	EXP 	demo_enclosing_feedback: autoDraw = False
27.7875 	EXP 	demo_target_feedback: autoDraw = False
27.7875 	EXP 	demo_fixation_feedback: autoDraw = False
27.7875 	EXP 	text_4: autoDraw = False
27.7875 	EXP 	text: autoDraw = True
28.2244 	DATA 	Keypress: escape
28.5872 	EXP 	window1: mouseVisible = True
