1.6854 	WARNING 	We strongly recommend you activate the PTB sound engine in PsychoPy prefs as the preferred audio engine. Its timing is vastly superior. Your prefs are currently set to use ['sounddevice', 'PTB', 'pyo', 'pygame'] (in that order).
11.7919 	EXP 	Created window1 = Window(allowGUI=False, allowStencil=False, args=UNKNOWN, autoLog=True, bitsMode=UNKNOWN, blendMode='avg', bpc=(8, 8, 8), color=array([0., 0., 0.]), colorSpace='rgb', depthBits=8, fullscr=<method-wrapper '__getattribute__' of attributeSetter object at 0x000002099DB167F0>, gamma=None, gammaErrorPolicy='raise', kwargs=UNKNOWN, lms=UNKNOWN, monitor=<psychopy.monitors.calibTools.Monitor object at 0x000002099D76F828>, multiSample=False, name='window1', numSamples=2, pos=[0.0, 0.0], screen=0, size=array([1920, 1080]), stencilBits=0, stereo=False, units='height', useFBO=True, useRetina=False, viewOri=0.0, viewPos=None, viewScale=None, waitBlanking=True, winType='pyglet')
11.7927 	EXP 	window1: mouseVisible = True
11.7928 	EXP 	window1: recordFrameIntervals = False
11.9566 	EXP 	window1: recordFrameIntervals = True
12.1403 	EXP 	window1: recordFrameIntervals = False
12.7845 	EXP 	Created Welcome = TextStim(__class__=<class 'psychopy.visual.text.TextStim'>, alignHoriz=method-wrapper(...), alignText='center', alignVert=method-wrapper(...), anchorHoriz='center', anchorVert='center', antialias=True, autoLog=True, bold=False, color='white', colorSpace='named', contrast=1.0, depth=0.0, flipHoriz=False, flipVert=False, font='Arial', fontFiles=[], height=0.04, italic=False, languageStyle='LTR', name='Welcome', opacity=1.0, ori=0, pos=array([0., 0.]), rgb=array([255., 255., 255.]), text=str(...), units='height', win=Window(...), wrapWidth=1)
12.7848 	EXP 	window1: mouseVisible = True
12.8111 	EXP 	Created text = TextStim(__class__=<class 'psychopy.visual.text.TextStim'>, alignHoriz=method-wrapper(...), alignText='center', alignVert=method-wrapper(...), anchorHoriz='center', anchorVert='center', antialias=True, autoLog=True, bold=False, color='white', colorSpace='named', contrast=1.0, depth=0.0, flipHoriz=False, flipVert=False, font='Arial', fontFiles=[], height=0.04, italic=False, languageStyle='LTR', name='text', opacity=1.0, ori=0, pos=array([0., 0.]), rgb=array([255., 255., 255.]), text=str(...), units='height', win=Window(...), wrapWidth=1)
12.8113 	EXP 	window1: mouseVisible = True
12.8172 	EXP 	Created demo_target = ShapeStim(__class__=<class 'psychopy.visual.shape.ShapeStim'>, autoDraw=False, autoLog=True, closeShape=True, contrast=1.0, depth=0.0, fillColor=array([1., 1., 1.]), fillColorSpace='rgb', interpolate=True, lineColor=array([1., 1., 1.]), lineColorSpace='rgb', lineWidth=1, name='demo_target', opacity=1.0, ori=array(45.), pos=array([0., 0.]), size=array([0.05, 0.05]), units='height', vertices=ndarray(...), win=Window(...), windingRule=None)
12.8315 	EXP 	Created demo_fixation = Polygon(__class__=<class 'psychopy.visual.polygon.Polygon'>, autoDraw=False, autoLog=True, closeShape=True, color=method-wrapper(...), colorSpace=None, contrast=1.0, depth=-1.0, fillColor=array([1., 0., 0.]), fillColorSpace='rgb', fillRGB=array([1., 0., 0.]), interpolate=True, lineColor=array([1., 0., 0.]), lineColorSpace='rgb', lineRGB=array([1., 0., 0.]), lineWidth=1, name='demo_fixation', opacity=1.0, ori=array(0.), pos=array([0., 0.]), size=array([0.025, 0.025]), units='height', vertices=ndarray(...), win=Window(...))
12.8318 	EXP 	window1: mouseVisible = True
12.8576 	EXP 	Created demo_enclosing = Polygon(__class__=<class 'psychopy.visual.polygon.Polygon'>, autoDraw=False, autoLog=True, closeShape=True, color=method-wrapper(...), colorSpace=None, contrast=1.0, depth=-4.0, fillColor=array([0., 0., 0.]), fillColorSpace='rgb', fillRGB=array([0., 0., 0.]), interpolate=True, lineColor=array([1., 1., 1.]), lineColorSpace='rgb', lineRGB=array([1., 1., 1.]), lineWidth=1, name='demo_enclosing', opacity=1.0, ori=array(0.), pos=array([0., 0.]), size=array([0.84, 0.84]), units='height', vertices=ndarray(...), win=Window(...))
12.8633 	EXP 	Created demo_target_feedback = ShapeStim(__class__=<class 'psychopy.visual.shape.ShapeStim'>, autoDraw=False, autoLog=True, closeShape=True, contrast=1.0, depth=0.0, fillColor=array([1., 1., 1.]), fillColorSpace='rgb', interpolate=True, lineColor=array([1., 1., 1.]), lineColorSpace='rgb', lineWidth=1, name='demo_target_feedback', opacity=1.0, ori=array(45.), pos=array([0., 0.]), size=array([0.05, 0.05]), units='height', vertices=ndarray(...), win=Window(...), windingRule=None)
12.8715 	EXP 	Created demo_fixation_feedback = Polygon(__class__=<class 'psychopy.visual.polygon.Polygon'>, autoDraw=False, autoLog=True, closeShape=True, color=method-wrapper(...), colorSpace=None, contrast=1.0, depth=-1.0, fillColor=array([1., 0., 0.]), fillColorSpace='rgb', fillRGB=array([1., 0., 0.]), interpolate=True, lineColor=array([1., 0., 0.]), lineColorSpace='rgb', lineRGB=array([1., 0., 0.]), lineWidth=1, name='demo_fixation_feedback', opacity=1.0, ori=array(0.), pos=array([0., 0.]), size=array([0.025, 0.025]), units='height', vertices=ndarray(...), win=Window(...))
12.9070 	EXP 	Created text_3 = TextStim(__class__=<class 'psychopy.visual.text.TextStim'>, alignHoriz=method-wrapper(...), alignText='center', alignVert=method-wrapper(...), anchorHoriz='center', anchorVert='center', antialias=True, autoLog=True, bold=False, color='white', colorSpace='named', contrast=1.0, depth=0.0, flipHoriz=False, flipVert=False, font='Arial', fontFiles=[], height=0.04, italic=False, languageStyle='LTR', name='text_3', opacity=1.0, ori=0, pos=array([0., 0.]), rgb=array([255., 255., 255.]), text=str(...), units='height', win=Window(...), wrapWidth=1)
12.9073 	EXP 	window1: mouseVisible = True
12.9130 	EXP 	Created baseline_target = ShapeStim(__class__=<class 'psychopy.visual.shape.ShapeStim'>, autoDraw=False, autoLog=True, closeShape=True, contrast=1.0, depth=0.0, fillColor=array([1., 1., 1.]), fillColorSpace='rgb', interpolate=True, lineColor=array([1., 1., 1.]), lineColorSpace='rgb', lineWidth=1, name='baseline_target', opacity=1.0, ori=array(45.), pos=array([0., 0.]), size=array([0.05, 0.05]), units='height', vertices=ndarray(...), win=Window(...), windingRule=None)
12.9218 	EXP 	Created baseline_fixation = Polygon(__class__=<class 'psychopy.visual.polygon.Polygon'>, autoDraw=False, autoLog=True, closeShape=True, color=method-wrapper(...), colorSpace=None, contrast=1.0, depth=-1.0, fillColor=array([1., 0., 0.]), fillColorSpace='rgb', fillRGB=array([1., 0., 0.]), interpolate=True, lineColor=array([1., 0., 0.]), lineColorSpace='rgb', lineRGB=array([1., 0., 0.]), lineWidth=1, name='baseline_fixation', opacity=1.0, ori=array(0.), pos=array([0., 0.]), size=array([0.025, 0.025]), units='height', vertices=ndarray(...), win=Window(...))
12.9220 	EXP 	window1: mouseVisible = True
12.9275 	EXP 	Created baseline_target_feedback = ShapeStim(__class__=<class 'psychopy.visual.shape.ShapeStim'>, autoDraw=False, autoLog=True, closeShape=True, contrast=1.0, depth=0.0, fillColor=array([1., 1., 1.]), fillColorSpace='rgb', interpolate=True, lineColor=array([1., 1., 1.]), lineColorSpace='rgb', lineWidth=1, name='baseline_target_feedback', opacity=1.0, ori=array(45.), pos=array([0., 0.]), size=array([0.05, 0.05]), units='height', vertices=ndarray(...), win=Window(...), windingRule=None)
12.9360 	EXP 	Created baseline_fixation_feedback = Polygon(__class__=<class 'psychopy.visual.polygon.Polygon'>, autoDraw=False, autoLog=True, closeShape=True, color=method-wrapper(...), colorSpace=None, contrast=1.0, depth=-1.0, fillColor=array([1., 0., 0.]), fillColorSpace='rgb', fillRGB=array([1., 0., 0.]), interpolate=True, lineColor=array([1., 0., 0.]), lineColorSpace='rgb', lineRGB=array([1., 0., 0.]), lineWidth=1, name='baseline_fixation_feedback', opacity=1.0, ori=array(0.), pos=array([0., 0.]), size=array([0.025, 0.025]), units='height', vertices=ndarray(...), win=Window(...))
12.9906 	EXP 	Created text_2 = TextStim(__class__=<class 'psychopy.visual.text.TextStim'>, alignHoriz=method-wrapper(...), alignText='center', alignVert=method-wrapper(...), anchorHoriz='center', anchorVert='center', antialias=True, autoLog=True, bold=False, color='white', colorSpace='named', contrast=1.0, depth=0.0, flipHoriz=False, flipVert=False, font='Arial', fontFiles=[], height=0.04, italic=False, languageStyle='LTR', name='text_2', opacity=1.0, ori=0, pos=array([0., 0.]), rgb=array([255., 255., 255.]), text=str(...), units='height', win=Window(...), wrapWidth=1)
12.9909 	EXP 	window1: mouseVisible = True
12.9969 	EXP 	Created rotated_target = ShapeStim(__class__=<class 'psychopy.visual.shape.ShapeStim'>, autoDraw=False, autoLog=True, closeShape=True, contrast=1.0, depth=0.0, fillColor=array([1., 1., 1.]), fillColorSpace='rgb', interpolate=True, lineColor=array([1., 1., 1.]), lineColorSpace='rgb', lineWidth=1, name='rotated_target', opacity=1.0, ori=array(45.), pos=array([0., 0.]), size=array([0.05, 0.05]), units='height', vertices=ndarray(...), win=Window(...), windingRule=None)
13.0055 	EXP 	Created rotated_fixation = Polygon(__class__=<class 'psychopy.visual.polygon.Polygon'>, autoDraw=False, autoLog=True, closeShape=True, color=method-wrapper(...), colorSpace=None, contrast=1.0, depth=-1.0, fillColor=array([1., 0., 0.]), fillColorSpace='rgb', fillRGB=array([1., 0., 0.]), interpolate=True, lineColor=array([1., 0., 0.]), lineColorSpace='rgb', lineRGB=array([1., 0., 0.]), lineWidth=1, name='rotated_fixation', opacity=1.0, ori=array(0.), pos=array([0., 0.]), size=array([0.025, 0.025]), units='height', vertices=ndarray(...), win=Window(...))
13.0058 	EXP 	window1: mouseVisible = True
13.0116 	EXP 	Created rotated_target_feedback = ShapeStim(__class__=<class 'psychopy.visual.shape.ShapeStim'>, autoDraw=False, autoLog=True, closeShape=True, contrast=1.0, depth=0.0, fillColor=array([1., 1., 1.]), fillColorSpace='rgb', interpolate=True, lineColor=array([1., 1., 1.]), lineColorSpace='rgb', lineWidth=1, name='rotated_target_feedback', opacity=1.0, ori=array(45.), pos=array([0., 0.]), size=array([0.05, 0.05]), units='height', vertices=ndarray(...), win=Window(...), windingRule=None)
13.0198 	EXP 	Created rotated_fixation_feedback = Polygon(__class__=<class 'psychopy.visual.polygon.Polygon'>, autoDraw=False, autoLog=True, closeShape=True, color=method-wrapper(...), colorSpace=None, contrast=1.0, depth=-1.0, fillColor=array([1., 0., 0.]), fillColorSpace='rgb', fillRGB=array([1., 0., 0.]), interpolate=True, lineColor=array([1., 0., 0.]), lineColorSpace='rgb', lineRGB=array([1., 0., 0.]), lineWidth=1, name='rotated_fixation_feedback', opacity=1.0, ori=array(0.), pos=array([0., 0.]), size=array([0.025, 0.025]), units='height', vertices=ndarray(...), win=Window(...))
13.0555 	EXP 	Created rotated_breaks = TextStim(__class__=<class 'psychopy.visual.text.TextStim'>, alignHoriz=method-wrapper(...), alignText='center', alignVert=method-wrapper(...), anchorHoriz='center', anchorVert='center', antialias=True, autoLog=True, bold=False, color='white', colorSpace='named', contrast=1.0, depth=0.0, flipHoriz=False, flipVert=False, font='Arial', fontFiles=[], height=0.04, italic=False, languageStyle='LTR', name='rotated_breaks', opacity=1.0, ori=0, pos=array([0., 0.]), rgb=array([255., 255., 255.]), text=str(...), units='height', win=Window(...), wrapWidth=1)
13.0557 	EXP 	window1: mouseVisible = True
13.0615 	EXP 	Created transfer_target = ShapeStim(__class__=<class 'psychopy.visual.shape.ShapeStim'>, autoDraw=False, autoLog=True, closeShape=True, contrast=1.0, depth=0.0, fillColor=array([1., 1., 1.]), fillColorSpace='rgb', interpolate=True, lineColor=array([1., 1., 1.]), lineColorSpace='rgb', lineWidth=1, name='transfer_target', opacity=1.0, ori=array(45.), pos=array([0., 0.]), size=array([0.05, 0.05]), units='height', vertices=ndarray(...), win=Window(...), windingRule=None)
13.0670 	EXP 	Created transfer_fixation = Polygon(__class__=<class 'psychopy.visual.polygon.Polygon'>, autoDraw=False, autoLog=True, closeShape=True, color=method-wrapper(...), colorSpace=None, contrast=1.0, depth=-1.0, fillColor=array([1., 0., 0.]), fillColorSpace='rgb', fillRGB=array([1., 0., 0.]), interpolate=True, lineColor=array([1., 0., 0.]), lineColorSpace='rgb', lineRGB=array([1., 0., 0.]), lineWidth=1, name='transfer_fixation', opacity=1.0, ori=array(0.), pos=array([0., 0.]), size=array([0.025, 0.025]), units='height', vertices=ndarray(...), win=Window(...))
13.0671 	EXP 	window1: mouseVisible = True
13.0706 	EXP 	Created transfer_target_feedback = ShapeStim(__class__=<class 'psychopy.visual.shape.ShapeStim'>, autoDraw=False, autoLog=True, closeShape=True, contrast=1.0, depth=0.0, fillColor=array([1., 1., 1.]), fillColorSpace='rgb', interpolate=True, lineColor=array([1., 1., 1.]), lineColorSpace='rgb', lineWidth=1, name='transfer_target_feedback', opacity=1.0, ori=array(45.), pos=array([0., 0.]), size=array([0.05, 0.05]), units='height', vertices=ndarray(...), win=Window(...), windingRule=None)
13.0747 	EXP 	Created transfer_fixation_feedback = Polygon(__class__=<class 'psychopy.visual.polygon.Polygon'>, autoDraw=False, autoLog=True, closeShape=True, color=method-wrapper(...), colorSpace=None, contrast=1.0, depth=-1.0, fillColor=array([1., 0., 0.]), fillColorSpace='rgb', fillRGB=array([1., 0., 0.]), interpolate=True, lineColor=array([1., 0., 0.]), lineColorSpace='rgb', lineRGB=array([1., 0., 0.]), lineWidth=1, name='transfer_fixation_feedback', opacity=1.0, ori=array(0.), pos=array([0., 0.]), size=array([0.025, 0.025]), units='height', vertices=ndarray(...), win=Window(...))
13.0880 	EXP 	Created done_text = TextStim(__class__=<class 'psychopy.visual.text.TextStim'>, alignHoriz=method-wrapper(...), alignText='center', alignVert=method-wrapper(...), anchorHoriz='center', anchorVert='center', antialias=True, autoLog=True, bold=False, color='white', colorSpace='named', contrast=1.0, depth=0.0, flipHoriz=False, flipVert=False, font='Arial', fontFiles=[], height=0.04, italic=False, languageStyle='LTR', name='done_text', opacity=1.0, ori=0, pos=array([0., 0.]), rgb=array([255., 255., 255.]), text=str(...), units='height', win=Window(...), wrapWidth=1)
13.0882 	EXP 	window1: mouseVisible = True
13.1240 	EXP 	Welcome: autoDraw = True
14.1064 	DATA 	Mouse: Left button down, pos=(837,628)
14.1100 	EXP 	Created sequence: random, trialTypes=1, nReps=2, seed=None
14.1108 	EXP 	New trial (rep=0, index=0): None
14.1208 	EXP 	Welcome: autoDraw = False
14.1208 	EXP 	text: autoDraw = True
14.2583 	DATA 	Mouse:  Left button up, pos=(837,628)
15.2723 	DATA 	Mouse: Left button down, pos=(837,628)
15.3780 	EXP 	Imported conditions_demo.xlsx as conditions, 4 conditions, 3 params
15.3785 	EXP 	Created sequence: random, trialTypes=4, nReps=1, seed=None
15.3791 	EXP 	New trial (rep=0, index=0): OrderedDict([('target_x', 0.3), ('target_y', 0.3), ('rotation', 0)])
15.3804 	EXP 	window1: mouseVisible = False
15.3963 	EXP 	text: autoDraw = False
15.3963 	EXP 	demo_target: pos = array([0.3, 0.3])
15.3963 	EXP 	demo_fixation: pos = array([0., 0.])
15.3963 	EXP 	demo_fixation: opacity = 1
15.3963 	EXP 	demo_fixation: pos = [0, 0]
15.3963 	EXP 	demo_target: autoDraw = True
15.3963 	EXP 	demo_fixation: autoDraw = True
15.3963 	EXP 	demo_fixation: opacity = 0
15.3963 	EXP 	demo_enclosing: autoDraw = True
15.3966 	EXP 	window1: mouseVisible = False
15.4050 	EXP 	demo_fixation: opacity = 0
15.4054 	EXP 	window1: mouseVisible = False
15.4189 	EXP 	demo_fixation: opacity = 0
15.4200 	DATA 	Mouse:  Left button up, pos=(837,628)
15.4201 	EXP 	window1: mouseVisible = False
15.4356 	EXP 	demo_fixation: opacity = 1
15.4356 	EXP 	demo_fixation: pos = [0, 0]
15.4364 	EXP 	window1: mouseVisible = False
15.4530 	EXP 	demo_fixation: opacity = 1
15.4530 	EXP 	demo_fixation: pos = [0, 0]
15.4544 	EXP 	window1: mouseVisible = False
15.4697 	EXP 	demo_fixation: opacity = 1
15.4697 	EXP 	demo_fixation: pos = [0, 0]
15.4713 	EXP 	window1: mouseVisible = False
15.4865 	EXP 	demo_fixation: opacity = 1
15.4865 	EXP 	demo_fixation: pos = [0, 0]
15.4880 	EXP 	window1: mouseVisible = False
15.5031 	EXP 	demo_fixation: opacity = 1
15.5031 	EXP 	demo_fixation: pos = [0, 0]
15.5046 	EXP 	window1: mouseVisible = False
15.5196 	EXP 	demo_fixation: opacity = 1
15.5196 	EXP 	demo_fixation: pos = [0, 0]
15.5209 	EXP 	window1: mouseVisible = False
15.5365 	EXP 	demo_fixation: opacity = 1
15.5365 	EXP 	demo_fixation: pos = [0, 0]
15.5379 	EXP 	window1: mouseVisible = False
15.5531 	EXP 	demo_fixation: opacity = 1
15.5531 	EXP 	demo_fixation: pos = [0, 0]
15.5544 	EXP 	window1: mouseVisible = False
15.5696 	EXP 	demo_fixation: opacity = 1
15.5696 	EXP 	demo_fixation: pos = [0, 0]
15.5709 	EXP 	window1: mouseVisible = False
15.5863 	EXP 	demo_fixation: opacity = 1
15.5863 	EXP 	demo_fixation: pos = [0, 0]
15.5883 	EXP 	window1: mouseVisible = False
15.6031 	EXP 	demo_fixation: opacity = 1
15.6031 	EXP 	demo_fixation: pos = [0, 0]
15.6043 	EXP 	window1: mouseVisible = False
15.6196 	EXP 	demo_fixation: opacity = 1
15.6196 	EXP 	demo_fixation: pos = [0, 0]
15.6208 	EXP 	window1: mouseVisible = False
15.6364 	EXP 	demo_fixation: opacity = 1
15.6364 	EXP 	demo_fixation: pos = [0, 0]
15.6376 	EXP 	window1: mouseVisible = False
15.6529 	EXP 	demo_fixation: opacity = 1
15.6529 	EXP 	demo_fixation: pos = [0, 0]
15.6544 	EXP 	window1: mouseVisible = False
15.6697 	EXP 	demo_fixation: opacity = 1
15.6697 	EXP 	demo_fixation: pos = [0, 0]
15.6710 	EXP 	window1: mouseVisible = False
15.6861 	EXP 	demo_fixation: opacity = 1
15.6861 	EXP 	demo_fixation: pos = [0, 0]
15.6874 	EXP 	window1: mouseVisible = False
15.7028 	EXP 	demo_fixation: opacity = 1
15.7028 	EXP 	demo_fixation: pos = [0, 0]
15.7040 	EXP 	window1: mouseVisible = False
15.7196 	EXP 	demo_fixation: opacity = 1
15.7196 	EXP 	demo_fixation: pos = [0, 0]
15.7208 	EXP 	window1: mouseVisible = False
15.7361 	EXP 	demo_fixation: opacity = 1
15.7361 	EXP 	demo_fixation: pos = [0, 0]
15.7373 	EXP 	window1: mouseVisible = False
15.7528 	EXP 	demo_fixation: opacity = 1
15.7528 	EXP 	demo_fixation: pos = [0, 0]
15.7543 	EXP 	window1: mouseVisible = False
15.7694 	EXP 	demo_fixation: opacity = 1
15.7694 	EXP 	demo_fixation: pos = [0, 0]
15.7711 	EXP 	window1: mouseVisible = False
15.7862 	EXP 	demo_fixation: opacity = 1
15.7862 	EXP 	demo_fixation: pos = [0, 0]
15.7874 	EXP 	window1: mouseVisible = False
15.8029 	EXP 	demo_fixation: opacity = 1
15.8029 	EXP 	demo_fixation: pos = [0, 0]
15.8041 	EXP 	window1: mouseVisible = False
15.8193 	EXP 	demo_fixation: opacity = 1
15.8193 	EXP 	demo_fixation: pos = [0, 0]
15.8206 	EXP 	window1: mouseVisible = False
15.8361 	EXP 	demo_fixation: opacity = 1
15.8361 	EXP 	demo_fixation: pos = [0, 0]
15.8374 	EXP 	window1: mouseVisible = False
15.8528 	EXP 	demo_fixation: opacity = 1
15.8528 	EXP 	demo_fixation: pos = [0, 0]
15.8540 	EXP 	window1: mouseVisible = False
15.8695 	EXP 	demo_fixation: opacity = 1
15.8695 	EXP 	demo_fixation: pos = [0, 0]
15.8709 	EXP 	window1: mouseVisible = False
15.8862 	EXP 	demo_fixation: opacity = 1
15.8862 	EXP 	demo_fixation: pos = [0, 0]
15.8876 	EXP 	window1: mouseVisible = False
15.9028 	EXP 	demo_fixation: opacity = 1
15.9028 	EXP 	demo_fixation: pos = [0, 0]
15.9040 	EXP 	window1: mouseVisible = False
15.9194 	EXP 	demo_fixation: opacity = 1
15.9194 	EXP 	demo_fixation: pos = [0, 0]
15.9207 	EXP 	window1: mouseVisible = False
15.9359 	EXP 	demo_fixation: opacity = 1
15.9359 	EXP 	demo_fixation: pos = [0, 0]
15.9372 	EXP 	window1: mouseVisible = False
15.9528 	EXP 	demo_fixation: opacity = 1
15.9528 	EXP 	demo_fixation: pos = [0, 0]
15.9540 	EXP 	window1: mouseVisible = False
15.9694 	EXP 	demo_fixation: opacity = 1
15.9694 	EXP 	demo_fixation: pos = [0, 0]
15.9708 	EXP 	window1: mouseVisible = False
15.9860 	EXP 	demo_fixation: opacity = 1
15.9860 	EXP 	demo_fixation: pos = [0, 0]
15.9872 	EXP 	window1: mouseVisible = False
16.0026 	EXP 	demo_fixation: opacity = 1
16.0026 	EXP 	demo_fixation: pos = [0, 0]
16.0044 	EXP 	window1: mouseVisible = False
16.0192 	EXP 	demo_fixation: opacity = 1
16.0192 	EXP 	demo_fixation: pos = [0, 0]
16.0209 	EXP 	window1: mouseVisible = False
16.0360 	EXP 	demo_fixation: opacity = 1
16.0360 	EXP 	demo_fixation: pos = [0, 0]
16.0374 	EXP 	window1: mouseVisible = False
16.0525 	EXP 	demo_fixation: opacity = 1
16.0525 	EXP 	demo_fixation: pos = [0, 0]
16.0537 	EXP 	window1: mouseVisible = False
16.0694 	EXP 	demo_fixation: opacity = 1
16.0694 	EXP 	demo_fixation: pos = [0, 0]
16.0709 	EXP 	window1: mouseVisible = False
16.0859 	EXP 	demo_fixation: opacity = 1
16.0859 	EXP 	demo_fixation: pos = [0, 0]
16.0871 	EXP 	window1: mouseVisible = False
16.1026 	EXP 	demo_fixation: opacity = 1
16.1026 	EXP 	demo_fixation: pos = [0, 0]
16.1038 	EXP 	window1: mouseVisible = False
16.1190 	EXP 	demo_fixation: opacity = 1
16.1190 	EXP 	demo_fixation: pos = [0, 0]
16.1209 	EXP 	window1: mouseVisible = False
16.1357 	EXP 	demo_fixation: opacity = 1
16.1357 	EXP 	demo_fixation: pos = [0, 0]
16.1370 	EXP 	window1: mouseVisible = False
16.1523 	EXP 	demo_fixation: opacity = 1
16.1523 	EXP 	demo_fixation: pos = [0, 0]
16.1536 	EXP 	window1: mouseVisible = False
16.1693 	EXP 	demo_fixation: opacity = 1
16.1693 	EXP 	demo_fixation: pos = [0, 0]
16.1705 	EXP 	window1: mouseVisible = False
16.1859 	EXP 	demo_fixation: opacity = 1
16.1859 	EXP 	demo_fixation: pos = [0, 0]
16.1873 	EXP 	window1: mouseVisible = False
16.2023 	EXP 	demo_fixation: opacity = 1
16.2023 	EXP 	demo_fixation: pos = [0, 0]
16.2035 	EXP 	window1: mouseVisible = False
16.2190 	EXP 	demo_fixation: opacity = 1
16.2190 	EXP 	demo_fixation: pos = [0, 0]
16.2202 	EXP 	window1: mouseVisible = False
16.2356 	EXP 	demo_fixation: opacity = 1
16.2356 	EXP 	demo_fixation: pos = [0, 0]
16.2368 	EXP 	window1: mouseVisible = False
16.2525 	EXP 	demo_fixation: opacity = 1
16.2525 	EXP 	demo_fixation: pos = [0, 0]
16.2541 	EXP 	window1: mouseVisible = False
16.2691 	EXP 	demo_fixation: opacity = 1
16.2691 	EXP 	demo_fixation: pos = [0, 0]
16.2703 	EXP 	window1: mouseVisible = False
16.2857 	EXP 	demo_fixation: opacity = 1
16.2857 	EXP 	demo_fixation: pos = [0, 0]
16.2870 	EXP 	window1: mouseVisible = False
16.3023 	EXP 	demo_fixation: opacity = 1
16.3023 	EXP 	demo_fixation: pos = [0, 0]
16.3040 	EXP 	window1: mouseVisible = False
16.3190 	EXP 	demo_fixation: opacity = 1
16.3190 	EXP 	demo_fixation: pos = [0, 0]
16.3202 	EXP 	window1: mouseVisible = False
16.3355 	EXP 	demo_fixation: opacity = 1
16.3355 	EXP 	demo_fixation: pos = [0, 0]
16.3368 	EXP 	window1: mouseVisible = False
16.3522 	EXP 	demo_fixation: opacity = 1
16.3522 	EXP 	demo_fixation: pos = [0, 0]
16.3534 	EXP 	window1: mouseVisible = False
16.3690 	EXP 	demo_fixation: opacity = 1
16.3690 	EXP 	demo_fixation: pos = [0, 0]
16.3702 	EXP 	window1: mouseVisible = False
16.3854 	EXP 	demo_fixation: opacity = 1
16.3854 	EXP 	demo_fixation: pos = [0, 0]
16.3867 	EXP 	window1: mouseVisible = False
16.4022 	EXP 	demo_fixation: opacity = 1
16.4022 	EXP 	demo_fixation: pos = [0, 0]
16.4036 	EXP 	window1: mouseVisible = False
16.4188 	EXP 	demo_fixation: opacity = 1
16.4188 	EXP 	demo_fixation: pos = [0, 0]
16.4206 	EXP 	window1: mouseVisible = False
16.4356 	EXP 	demo_fixation: opacity = 1
16.4356 	EXP 	demo_fixation: pos = [0, 0]
16.4369 	EXP 	window1: mouseVisible = False
16.4523 	EXP 	demo_fixation: opacity = 1
16.4523 	EXP 	demo_fixation: pos = [0, 0]
16.4535 	EXP 	window1: mouseVisible = False
16.4687 	EXP 	demo_fixation: opacity = 1
16.4687 	EXP 	demo_fixation: pos = [0, 0]
16.4700 	EXP 	window1: mouseVisible = False
16.4855 	EXP 	demo_fixation: opacity = 1
16.4855 	EXP 	demo_fixation: pos = [0, 0]
16.4868 	EXP 	window1: mouseVisible = False
16.5021 	EXP 	demo_fixation: opacity = 1
16.5021 	EXP 	demo_fixation: pos = [0, 0]
16.5039 	EXP 	window1: mouseVisible = False
16.5188 	EXP 	demo_fixation: opacity = 1
16.5188 	EXP 	demo_fixation: pos = [0, 0]
16.5201 	EXP 	window1: mouseVisible = False
16.5354 	EXP 	demo_fixation: opacity = 1
16.5354 	EXP 	demo_fixation: pos = [0, 0]
16.5374 	EXP 	window1: mouseVisible = False
16.5522 	EXP 	demo_fixation: opacity = 1
16.5522 	EXP 	demo_fixation: pos = [0, 0]
16.5536 	EXP 	window1: mouseVisible = False
16.5686 	EXP 	demo_fixation: opacity = 1
16.5686 	EXP 	demo_fixation: pos = [0, 0]
16.5699 	EXP 	window1: mouseVisible = False
16.5855 	EXP 	demo_fixation: opacity = 1
16.5855 	EXP 	demo_fixation: pos = [0, 0]
16.5868 	EXP 	window1: mouseVisible = False
16.6019 	EXP 	demo_fixation: opacity = 1
16.6019 	EXP 	demo_fixation: pos = [0, 0]
16.6037 	EXP 	window1: mouseVisible = False
16.6188 	EXP 	demo_fixation: opacity = 1
16.6188 	EXP 	demo_fixation: pos = [0, 0]
16.6202 	EXP 	window1: mouseVisible = False
16.6353 	EXP 	demo_fixation: opacity = 1
16.6353 	EXP 	demo_fixation: pos = [0, 0]
16.6368 	EXP 	window1: mouseVisible = False
16.6519 	EXP 	demo_fixation: opacity = 1
16.6519 	EXP 	demo_fixation: pos = [0, 0]
16.6532 	EXP 	window1: mouseVisible = False
16.6687 	EXP 	demo_fixation: opacity = 1
16.6687 	EXP 	demo_fixation: pos = [0, 0]
16.6699 	EXP 	window1: mouseVisible = False
16.6854 	EXP 	demo_fixation: opacity = 1
16.6854 	EXP 	demo_fixation: pos = [0, 0]
16.6867 	EXP 	window1: mouseVisible = False
16.7019 	EXP 	demo_fixation: opacity = 1
16.7019 	EXP 	demo_fixation: pos = [0, 0]
16.7031 	EXP 	window1: mouseVisible = False
16.7187 	EXP 	demo_fixation: opacity = 1
16.7187 	EXP 	demo_fixation: pos = [0, 0]
16.7204 	EXP 	window1: mouseVisible = False
16.7353 	EXP 	demo_fixation: opacity = 1
16.7353 	EXP 	demo_fixation: pos = [0, 0]
16.7365 	EXP 	window1: mouseVisible = False
16.7517 	EXP 	demo_fixation: opacity = 1
16.7517 	EXP 	demo_fixation: pos = [0, 0]
16.7530 	EXP 	window1: mouseVisible = False
16.7685 	EXP 	demo_fixation: opacity = 1
16.7685 	EXP 	demo_fixation: pos = [0, 0]
16.7697 	EXP 	window1: mouseVisible = False
16.7852 	EXP 	demo_fixation: opacity = 1
16.7852 	EXP 	demo_fixation: pos = [0, 0]
16.7865 	EXP 	window1: mouseVisible = False
16.8020 	EXP 	demo_fixation: opacity = 1
16.8020 	EXP 	demo_fixation: pos = [0, 0]
16.8034 	EXP 	window1: mouseVisible = False
16.8186 	EXP 	demo_fixation: opacity = 1
16.8186 	EXP 	demo_fixation: pos = [0, 0]
16.8198 	EXP 	window1: mouseVisible = False
16.8352 	EXP 	demo_fixation: opacity = 1
16.8352 	EXP 	demo_fixation: pos = [0, 0]
16.8369 	EXP 	window1: mouseVisible = False
16.8517 	EXP 	demo_fixation: opacity = 1
16.8517 	EXP 	demo_fixation: pos = [0, 0]
16.8529 	EXP 	window1: mouseVisible = False
16.8685 	EXP 	demo_fixation: opacity = 1
16.8685 	EXP 	demo_fixation: pos = [0, 0]
16.8698 	EXP 	window1: mouseVisible = False
16.8850 	EXP 	demo_fixation: opacity = 1
16.8850 	EXP 	demo_fixation: pos = [0, 0]
16.8862 	EXP 	window1: mouseVisible = False
16.9018 	EXP 	demo_fixation: opacity = 1
16.9018 	EXP 	demo_fixation: pos = [0, 0]
16.9031 	EXP 	window1: mouseVisible = False
16.9185 	EXP 	demo_fixation: opacity = 1
16.9185 	EXP 	demo_fixation: pos = [0, 0]
16.9198 	EXP 	window1: mouseVisible = False
16.9351 	EXP 	demo_fixation: opacity = 1
16.9351 	EXP 	demo_fixation: pos = [0, 0]
16.9363 	EXP 	window1: mouseVisible = False
16.9515 	EXP 	demo_fixation: opacity = 1
16.9515 	EXP 	demo_fixation: pos = [0, 0]
16.9527 	EXP 	window1: mouseVisible = False
16.9682 	EXP 	demo_fixation: opacity = 1
16.9682 	EXP 	demo_fixation: pos = [0, 0]
16.9694 	EXP 	window1: mouseVisible = False
16.9850 	EXP 	demo_fixation: opacity = 1
16.9850 	EXP 	demo_fixation: pos = [0, 0]
16.9862 	EXP 	window1: mouseVisible = False
17.0017 	EXP 	demo_fixation: opacity = 1
17.0017 	EXP 	demo_fixation: pos = [0, 0]
17.0029 	EXP 	window1: mouseVisible = False
17.0183 	EXP 	demo_fixation: opacity = 1
17.0183 	EXP 	demo_fixation: pos = [0, 0]
17.0200 	EXP 	window1: mouseVisible = False
17.0349 	EXP 	demo_fixation: opacity = 1
17.0349 	EXP 	demo_fixation: pos = [0, 0]
17.0361 	EXP 	window1: mouseVisible = False
17.0515 	EXP 	demo_fixation: opacity = 1
17.0515 	EXP 	demo_fixation: pos = [0, 0]
17.0528 	EXP 	window1: mouseVisible = False
17.0682 	EXP 	demo_fixation: opacity = 1
17.0682 	EXP 	demo_fixation: pos = [0, 0]
17.0694 	EXP 	window1: mouseVisible = False
17.0850 	EXP 	demo_fixation: opacity = 1
17.0850 	EXP 	demo_fixation: pos = [0, 0]
17.0862 	EXP 	window1: mouseVisible = False
17.1017 	EXP 	demo_fixation: opacity = 1
17.1017 	EXP 	demo_fixation: pos = [0, 0]
17.1029 	EXP 	window1: mouseVisible = False
17.1182 	EXP 	demo_fixation: opacity = 1
17.1182 	EXP 	demo_fixation: pos = [0, 0]
17.1194 	EXP 	window1: mouseVisible = False
17.1356 	EXP 	demo_fixation: opacity = 1
17.1356 	EXP 	demo_fixation: pos = [0, 0]
17.1371 	EXP 	window1: mouseVisible = False
17.1516 	EXP 	demo_fixation: opacity = 1
17.1516 	EXP 	demo_fixation: pos = [0, 0]
17.1528 	EXP 	window1: mouseVisible = False
17.1681 	EXP 	demo_fixation: opacity = 1
17.1681 	EXP 	demo_fixation: pos = [0, 0]
17.1693 	EXP 	window1: mouseVisible = False
17.1847 	EXP 	demo_fixation: opacity = 1
17.1847 	EXP 	demo_fixation: pos = [0, 0]
17.1859 	EXP 	window1: mouseVisible = False
17.2015 	EXP 	demo_fixation: opacity = 1
17.2015 	EXP 	demo_fixation: pos = [0, 0]
17.2028 	EXP 	window1: mouseVisible = False
17.2187 	EXP 	demo_fixation: opacity = 1
17.2187 	EXP 	demo_fixation: pos = [0, 0]
17.2199 	EXP 	window1: mouseVisible = False
17.2348 	EXP 	demo_fixation: opacity = 1
17.2348 	EXP 	demo_fixation: pos = [0, 0]
17.2360 	EXP 	window1: mouseVisible = False
17.2513 	EXP 	demo_fixation: opacity = 1
17.2513 	EXP 	demo_fixation: pos = [0, 0]
17.2534 	EXP 	window1: mouseVisible = False
17.2681 	EXP 	demo_fixation: opacity = 1
17.2681 	EXP 	demo_fixation: pos = [0, 0]
17.2693 	EXP 	window1: mouseVisible = False
17.2846 	EXP 	demo_fixation: opacity = 1
17.2846 	EXP 	demo_fixation: pos = [0, 0]
17.2859 	EXP 	window1: mouseVisible = False
17.3013 	EXP 	demo_fixation: opacity = 1
17.3013 	EXP 	demo_fixation: pos = [0, 0]
17.3026 	EXP 	window1: mouseVisible = False
17.3180 	EXP 	demo_fixation: opacity = 1
17.3180 	EXP 	demo_fixation: pos = [0, 0]
17.3193 	EXP 	window1: mouseVisible = False
17.3347 	EXP 	demo_fixation: opacity = 1
17.3347 	EXP 	demo_fixation: pos = [0, 0]
17.3359 	EXP 	window1: mouseVisible = False
17.3514 	EXP 	demo_fixation: opacity = 1
17.3514 	EXP 	demo_fixation: pos = [0, 0]
17.3529 	EXP 	window1: mouseVisible = False
17.3680 	EXP 	demo_fixation: opacity = 1
17.3680 	EXP 	demo_fixation: pos = [0, 0]
17.3698 	EXP 	window1: mouseVisible = False
17.3846 	EXP 	demo_fixation: opacity = 1
17.3846 	EXP 	demo_fixation: pos = [0, 0]
17.3858 	EXP 	window1: mouseVisible = False
17.4014 	EXP 	demo_fixation: opacity = 1
17.4014 	EXP 	demo_fixation: pos = [0, 0]
17.4027 	EXP 	window1: mouseVisible = False
17.4179 	EXP 	demo_fixation: opacity = 1
17.4179 	EXP 	demo_fixation: pos = [0, 0]
17.4191 	EXP 	window1: mouseVisible = False
17.4347 	EXP 	demo_fixation: opacity = 1
17.4347 	EXP 	demo_fixation: pos = [0, 0]
17.4360 	EXP 	window1: mouseVisible = False
17.4514 	EXP 	demo_fixation: opacity = 1
17.4514 	EXP 	demo_fixation: pos = [0, 0]
17.4527 	EXP 	window1: mouseVisible = False
17.4679 	EXP 	demo_fixation: opacity = 1
17.4679 	EXP 	demo_fixation: pos = [0, 0]
17.4692 	EXP 	window1: mouseVisible = False
17.4844 	EXP 	demo_fixation: opacity = 1
17.4844 	EXP 	demo_fixation: pos = [0, 0]
17.4856 	EXP 	window1: mouseVisible = False
17.5012 	EXP 	demo_fixation: opacity = 1
17.5012 	EXP 	demo_fixation: pos = [0, 0]
17.5032 	EXP 	window1: mouseVisible = False
17.5180 	EXP 	demo_fixation: opacity = 1
17.5180 	EXP 	demo_fixation: pos = [0, 0]
17.5192 	EXP 	window1: mouseVisible = False
17.5346 	EXP 	demo_fixation: opacity = 1
17.5346 	EXP 	demo_fixation: pos = [0, 0]
17.5358 	EXP 	window1: mouseVisible = False
17.5512 	EXP 	demo_fixation: opacity = 1
17.5512 	EXP 	demo_fixation: pos = [0, 0]
17.5528 	EXP 	window1: mouseVisible = False
17.5677 	EXP 	demo_fixation: opacity = 1
17.5677 	EXP 	demo_fixation: pos = [0, 0]
17.5689 	EXP 	window1: mouseVisible = False
17.5844 	EXP 	demo_fixation: opacity = 1
17.5844 	EXP 	demo_fixation: pos = [0, 0]
17.5856 	EXP 	window1: mouseVisible = False
17.6010 	EXP 	demo_fixation: opacity = 1
17.6010 	EXP 	demo_fixation: pos = [0, 0]
17.6023 	EXP 	window1: mouseVisible = False
17.6178 	EXP 	demo_fixation: opacity = 1
17.6178 	EXP 	demo_fixation: pos = [0, 0]
17.6190 	EXP 	window1: mouseVisible = False
17.6345 	EXP 	demo_fixation: opacity = 1
17.6345 	EXP 	demo_fixation: pos = [0, 0]
17.6358 	EXP 	window1: mouseVisible = False
17.6510 	EXP 	demo_fixation: opacity = 1
17.6510 	EXP 	demo_fixation: pos = [0, 0]
17.6523 	EXP 	window1: mouseVisible = False
17.6676 	EXP 	demo_fixation: opacity = 1
17.6676 	EXP 	demo_fixation: pos = [0, 0]
17.6694 	EXP 	window1: mouseVisible = False
17.6842 	EXP 	demo_fixation: opacity = 1
17.6842 	EXP 	demo_fixation: pos = [0, 0]
17.6855 	EXP 	window1: mouseVisible = False
17.7010 	EXP 	demo_fixation: opacity = 1
17.7010 	EXP 	demo_fixation: pos = [0, 0]
17.7022 	EXP 	window1: mouseVisible = False
17.7176 	EXP 	demo_fixation: opacity = 1
17.7176 	EXP 	demo_fixation: pos = [0, 0]
17.7188 	EXP 	window1: mouseVisible = False
17.7343 	EXP 	demo_fixation: opacity = 1
17.7343 	EXP 	demo_fixation: pos = [0, 0]
17.7357 	EXP 	window1: mouseVisible = False
17.7510 	EXP 	demo_fixation: opacity = 1
17.7510 	EXP 	demo_fixation: pos = [0, 0]
17.7524 	EXP 	window1: mouseVisible = False
17.7676 	EXP 	demo_fixation: opacity = 1
17.7676 	EXP 	demo_fixation: pos = [0, 0]
17.7689 	EXP 	window1: mouseVisible = False
17.7843 	EXP 	demo_fixation: opacity = 1
17.7843 	EXP 	demo_fixation: pos = [0, 0]
17.7859 	EXP 	window1: mouseVisible = False
17.8008 	EXP 	demo_fixation: opacity = 1
17.8008 	EXP 	demo_fixation: pos = [0, 0]
17.8020 	EXP 	window1: mouseVisible = False
17.8177 	EXP 	demo_fixation: opacity = 1
17.8177 	EXP 	demo_fixation: pos = [0, 0]
17.8191 	EXP 	window1: mouseVisible = False
17.8342 	EXP 	demo_fixation: opacity = 1
17.8342 	EXP 	demo_fixation: pos = [0, 0]
17.8355 	EXP 	window1: mouseVisible = False
17.8508 	EXP 	demo_fixation: opacity = 1
17.8508 	EXP 	demo_fixation: pos = [0, 0]
17.8520 	EXP 	window1: mouseVisible = False
17.8677 	EXP 	demo_fixation: opacity = 1
17.8677 	EXP 	demo_fixation: pos = [0, 0]
17.8692 	EXP 	window1: mouseVisible = False
17.8842 	EXP 	demo_fixation: opacity = 1
17.8842 	EXP 	demo_fixation: pos = [0, 0]
17.8855 	EXP 	window1: mouseVisible = False
17.9009 	EXP 	demo_fixation: opacity = 1
17.9009 	EXP 	demo_fixation: pos = [0, 0]
17.9021 	EXP 	window1: mouseVisible = False
17.9176 	EXP 	demo_fixation: opacity = 1
17.9176 	EXP 	demo_fixation: pos = [0, 0]
17.9188 	EXP 	window1: mouseVisible = False
17.9342 	EXP 	demo_fixation: opacity = 1
17.9342 	EXP 	demo_fixation: pos = [0, 0]
17.9354 	EXP 	window1: mouseVisible = False
17.9509 	EXP 	demo_fixation: opacity = 1
17.9509 	EXP 	demo_fixation: pos = [0, 0]
17.9521 	EXP 	window1: mouseVisible = False
17.9674 	EXP 	demo_fixation: opacity = 1
17.9674 	EXP 	demo_fixation: pos = [0, 0]
17.9689 	EXP 	window1: mouseVisible = False
17.9841 	EXP 	demo_fixation: opacity = 1
17.9841 	EXP 	demo_fixation: pos = [0, 0]
17.9853 	EXP 	window1: mouseVisible = False
18.0007 	EXP 	demo_fixation: opacity = 1
18.0007 	EXP 	demo_fixation: pos = [0, 0]
18.0019 	EXP 	window1: mouseVisible = False
18.0173 	EXP 	demo_fixation: opacity = 1
18.0173 	EXP 	demo_fixation: pos = [0, 0]
18.0202 	EXP 	window1: mouseVisible = False
18.0341 	EXP 	demo_fixation: opacity = 1
18.0341 	EXP 	demo_fixation: pos = [0, 0]
18.0353 	EXP 	window1: mouseVisible = False
18.0508 	EXP 	demo_fixation: opacity = 1
18.0508 	EXP 	demo_fixation: pos = [0, 0]
18.0520 	EXP 	window1: mouseVisible = False
18.0674 	EXP 	demo_fixation: opacity = 1
18.0674 	EXP 	demo_fixation: pos = [0, 0]
18.0687 	EXP 	window1: mouseVisible = False
18.0841 	EXP 	demo_fixation: opacity = 1
18.0841 	EXP 	demo_fixation: pos = [0, 0]
18.0858 	EXP 	window1: mouseVisible = False
18.1008 	EXP 	demo_fixation: opacity = 1
18.1008 	EXP 	demo_fixation: pos = [0, 0]
18.1020 	EXP 	window1: mouseVisible = False
18.1172 	EXP 	demo_fixation: opacity = 1
18.1172 	EXP 	demo_fixation: pos = [0, 0]
18.1184 	EXP 	window1: mouseVisible = False
18.1339 	EXP 	demo_fixation: opacity = 1
18.1339 	EXP 	demo_fixation: pos = [0, 0]
18.1351 	EXP 	window1: mouseVisible = False
18.1507 	EXP 	demo_fixation: opacity = 1
18.1507 	EXP 	demo_fixation: pos = [0, 0]
18.1519 	EXP 	window1: mouseVisible = False
18.1672 	EXP 	demo_fixation: opacity = 1
18.1672 	EXP 	demo_fixation: pos = [0, 0]
18.1684 	EXP 	window1: mouseVisible = False
18.1840 	EXP 	demo_fixation: opacity = 1
18.1840 	EXP 	demo_fixation: pos = [0, 0]
18.1852 	EXP 	window1: mouseVisible = False
18.2005 	EXP 	demo_fixation: opacity = 1
18.2005 	EXP 	demo_fixation: pos = [0, 0]
18.2023 	EXP 	window1: mouseVisible = False
18.2173 	EXP 	demo_fixation: opacity = 1
18.2173 	EXP 	demo_fixation: pos = [0, 0]
18.2185 	EXP 	window1: mouseVisible = False
18.2340 	EXP 	demo_fixation: opacity = 1
18.2340 	EXP 	demo_fixation: pos = [0, 0]
18.2352 	EXP 	window1: mouseVisible = False
18.2505 	EXP 	demo_fixation: opacity = 1
18.2505 	EXP 	demo_fixation: pos = [0, 0]
18.2525 	EXP 	window1: mouseVisible = False
18.2673 	EXP 	demo_fixation: opacity = 1
18.2673 	EXP 	demo_fixation: pos = [0, 0]
18.2687 	EXP 	window1: mouseVisible = False
18.2840 	EXP 	demo_fixation: opacity = 1
18.2840 	EXP 	demo_fixation: pos = [0, 0]
18.2853 	EXP 	window1: mouseVisible = False
18.3004 	EXP 	demo_fixation: opacity = 1
18.3004 	EXP 	demo_fixation: pos = [0, 0]
18.3016 	EXP 	window1: mouseVisible = False
18.3170 	EXP 	demo_fixation: opacity = 1
18.3170 	EXP 	demo_fixation: pos = [0, 0]
18.3184 	EXP 	window1: mouseVisible = False
18.3338 	EXP 	demo_fixation: opacity = 1
18.3338 	EXP 	demo_fixation: pos = [0, 0]
18.3351 	EXP 	window1: mouseVisible = False
18.3504 	EXP 	demo_fixation: opacity = 1
18.3504 	EXP 	demo_fixation: pos = [0, 0]
18.3518 	EXP 	window1: mouseVisible = False
18.3671 	EXP 	demo_fixation: opacity = 1
18.3671 	EXP 	demo_fixation: pos = [0, 0]
18.3684 	EXP 	window1: mouseVisible = False
18.3836 	EXP 	demo_fixation: opacity = 1
18.3836 	EXP 	demo_fixation: pos = [0, 0]
18.3853 	EXP 	window1: mouseVisible = False
18.4003 	EXP 	demo_fixation: opacity = 1
18.4003 	EXP 	demo_fixation: pos = [0, 0]
18.4015 	EXP 	window1: mouseVisible = False
18.4169 	EXP 	demo_fixation: opacity = 1
18.4169 	EXP 	demo_fixation: pos = [0, 0]
18.4181 	EXP 	window1: mouseVisible = False
18.4335 	EXP 	demo_fixation: opacity = 1
18.4335 	EXP 	demo_fixation: pos = [0, 0]
18.4347 	EXP 	window1: mouseVisible = False
18.4503 	EXP 	demo_fixation: opacity = 1
18.4503 	EXP 	demo_fixation: pos = [0, 0]
18.4515 	EXP 	window1: mouseVisible = False
18.4669 	EXP 	demo_fixation: opacity = 1
18.4669 	EXP 	demo_fixation: pos = [0, 0]
18.4681 	EXP 	window1: mouseVisible = False
18.4838 	EXP 	demo_fixation: opacity = 1
18.4838 	EXP 	demo_fixation: pos = [0, 0]
18.4850 	EXP 	window1: mouseVisible = False
18.5001 	EXP 	demo_fixation: opacity = 1
18.5001 	EXP 	demo_fixation: pos = [0, 0]
18.5019 	EXP 	window1: mouseVisible = False
18.5170 	EXP 	demo_fixation: opacity = 1
18.5170 	EXP 	demo_fixation: pos = [0, 0]
18.5182 	EXP 	window1: mouseVisible = False
18.5336 	EXP 	demo_fixation: opacity = 1
18.5336 	EXP 	demo_fixation: pos = [0, 0]
18.5349 	EXP 	window1: mouseVisible = False
18.5501 	EXP 	demo_fixation: opacity = 1
18.5501 	EXP 	demo_fixation: pos = [0, 0]
18.5516 	EXP 	window1: mouseVisible = False
18.5668 	EXP 	demo_fixation: opacity = 1
18.5668 	EXP 	demo_fixation: pos = [0, 0]
18.5680 	EXP 	window1: mouseVisible = False
18.5834 	EXP 	demo_fixation: opacity = 1
18.5834 	EXP 	demo_fixation: pos = [0, 0]
18.5851 	EXP 	window1: mouseVisible = False
18.6003 	EXP 	demo_fixation: opacity = 1
18.6003 	EXP 	demo_fixation: pos = [0, 0]
18.6015 	EXP 	window1: mouseVisible = False
18.6169 	EXP 	demo_fixation: opacity = 1
18.6169 	EXP 	demo_fixation: pos = [0, 0]
18.6184 	EXP 	window1: mouseVisible = False
18.6333 	EXP 	demo_fixation: opacity = 1
18.6333 	EXP 	demo_fixation: pos = [0, 0]
18.6345 	EXP 	window1: mouseVisible = False
18.6502 	EXP 	demo_fixation: opacity = 1
18.6502 	EXP 	demo_fixation: pos = [0, 0]
18.6514 	EXP 	window1: mouseVisible = False
18.6668 	EXP 	demo_fixation: opacity = 1
18.6668 	EXP 	demo_fixation: pos = [0, 0]
18.6681 	EXP 	window1: mouseVisible = False
18.6837 	EXP 	demo_fixation: opacity = 1
18.6837 	EXP 	demo_fixation: pos = [0, 0]
18.6852 	EXP 	window1: mouseVisible = False
18.7001 	EXP 	demo_fixation: opacity = 1
18.7001 	EXP 	demo_fixation: pos = [0, 0]
18.7013 	EXP 	window1: mouseVisible = False
18.7168 	EXP 	demo_fixation: opacity = 1
18.7168 	EXP 	demo_fixation: pos = [0, 0]
18.7180 	EXP 	window1: mouseVisible = False
18.7334 	EXP 	demo_fixation: opacity = 1
18.7334 	EXP 	demo_fixation: pos = [0, 0]
18.7351 	EXP 	window1: mouseVisible = False
18.7501 	EXP 	demo_fixation: opacity = 1
18.7501 	EXP 	demo_fixation: pos = [0, 0]
18.7513 	EXP 	window1: mouseVisible = False
18.7667 	EXP 	demo_fixation: opacity = 1
18.7667 	EXP 	demo_fixation: pos = [0, 0]
18.7679 	EXP 	window1: mouseVisible = False
18.7834 	EXP 	demo_fixation: opacity = 1
18.7834 	EXP 	demo_fixation: pos = [0, 0]
18.7852 	EXP 	window1: mouseVisible = False
18.7999 	EXP 	demo_fixation: opacity = 1
18.7999 	EXP 	demo_fixation: pos = [0, 0]
18.8012 	EXP 	window1: mouseVisible = False
18.8178 	EXP 	demo_fixation: opacity = 1
18.8178 	EXP 	demo_fixation: pos = [0, 0]
18.8190 	EXP 	window1: mouseVisible = False
18.8332 	EXP 	demo_fixation: opacity = 1
18.8332 	EXP 	demo_fixation: pos = [0, 0]
18.8345 	EXP 	window1: mouseVisible = False
18.8497 	EXP 	demo_fixation: opacity = 1
18.8497 	EXP 	demo_fixation: pos = [0, 0]
18.8511 	EXP 	window1: mouseVisible = False
18.8666 	EXP 	demo_fixation: opacity = 1
18.8666 	EXP 	demo_fixation: pos = [0, 0]
18.8680 	EXP 	window1: mouseVisible = False
18.8834 	EXP 	demo_fixation: opacity = 1
18.8834 	EXP 	demo_fixation: pos = [0, 0]
18.8846 	EXP 	window1: mouseVisible = False
18.9000 	EXP 	demo_fixation: opacity = 1
18.9000 	EXP 	demo_fixation: pos = [0, 0]
18.9012 	EXP 	window1: mouseVisible = False
18.9164 	EXP 	demo_fixation: opacity = 1
18.9164 	EXP 	demo_fixation: pos = [0, 0]
18.9181 	EXP 	window1: mouseVisible = False
18.9331 	EXP 	demo_fixation: opacity = 1
18.9331 	EXP 	demo_fixation: pos = [0, 0]
18.9343 	EXP 	window1: mouseVisible = False
18.9497 	EXP 	demo_fixation: opacity = 1
18.9497 	EXP 	demo_fixation: pos = [0, 0]
18.9509 	EXP 	window1: mouseVisible = False
18.9664 	EXP 	demo_fixation: opacity = 1
18.9664 	EXP 	demo_fixation: pos = [0, 0]
18.9677 	EXP 	window1: mouseVisible = False
18.9831 	EXP 	demo_fixation: opacity = 1
18.9831 	EXP 	demo_fixation: pos = [0, 0]
18.9844 	EXP 	window1: mouseVisible = False
18.9997 	EXP 	demo_fixation: opacity = 1
18.9997 	EXP 	demo_fixation: pos = [0, 0]
19.0010 	EXP 	window1: mouseVisible = False
19.0165 	EXP 	demo_fixation: opacity = 1
19.0165 	EXP 	demo_fixation: pos = [0, 0]
19.0177 	EXP 	window1: mouseVisible = False
19.0331 	EXP 	demo_fixation: opacity = 1
19.0331 	EXP 	demo_fixation: pos = [0, 0]
19.0348 	EXP 	window1: mouseVisible = False
19.0496 	EXP 	demo_fixation: opacity = 1
19.0496 	EXP 	demo_fixation: pos = [0, 0]
19.0509 	EXP 	window1: mouseVisible = False
19.0665 	EXP 	demo_fixation: opacity = 1
19.0665 	EXP 	demo_fixation: pos = [0, 0]
19.0680 	EXP 	window1: mouseVisible = False
19.0829 	EXP 	demo_fixation: opacity = 1
19.0829 	EXP 	demo_fixation: pos = [0, 0]
19.0842 	EXP 	window1: mouseVisible = False
19.0998 	EXP 	demo_fixation: opacity = 1
19.0998 	EXP 	demo_fixation: pos = [0, 0]
19.1014 	EXP 	window1: mouseVisible = False
19.1165 	EXP 	demo_fixation: opacity = 1
19.1165 	EXP 	demo_fixation: pos = [0, 0]
19.1177 	EXP 	window1: mouseVisible = False
19.1330 	EXP 	demo_fixation: opacity = 1
19.1330 	EXP 	demo_fixation: pos = [0, 0]
19.1351 	DATA 	Keypress: escape
19.1355 	EXP 	window1: mouseVisible = False
19.1496 	EXP 	demo_fixation: opacity = 1
19.1496 	EXP 	demo_fixation: pos = [0, 0]
19.1508 	EXP 	window1: mouseVisible = False
19.1662 	EXP 	demo_fixation: opacity = 1
19.1662 	EXP 	demo_fixation: pos = [0, 0]
19.1674 	EXP 	window1: mouseVisible = False
19.1830 	EXP 	demo_fixation: opacity = 1
19.1830 	EXP 	demo_fixation: pos = [0, 0]
19.1842 	EXP 	window1: mouseVisible = False
19.1995 	EXP 	demo_fixation: opacity = 1
19.1995 	EXP 	demo_fixation: pos = [0, 0]
19.2009 	EXP 	window1: mouseVisible = False
19.2169 	EXP 	demo_fixation: opacity = 1
19.2169 	EXP 	demo_fixation: pos = [0, 0]
19.2182 	EXP 	window1: mouseVisible = False
19.2329 	EXP 	demo_fixation: opacity = 1
19.2329 	EXP 	demo_fixation: pos = [0, 0]
19.2341 	EXP 	window1: mouseVisible = False
19.2496 	EXP 	demo_fixation: opacity = 1
19.2496 	EXP 	demo_fixation: pos = [0, 0]
19.2508 	EXP 	window1: mouseVisible = False
19.2661 	EXP 	demo_fixation: opacity = 1
19.2661 	EXP 	demo_fixation: pos = [0, 0]
19.2673 	EXP 	window1: mouseVisible = False
19.2828 	EXP 	demo_fixation: opacity = 1
19.2828 	EXP 	demo_fixation: pos = [0, 0]
19.2846 	EXP 	window1: mouseVisible = False
19.2995 	EXP 	demo_fixation: opacity = 1
19.2995 	EXP 	demo_fixation: pos = [0, 0]
19.3008 	EXP 	window1: mouseVisible = False
19.3159 	EXP 	demo_fixation: opacity = 1
19.3159 	EXP 	demo_fixation: pos = [0, 0]
19.3171 	EXP 	window1: mouseVisible = False
19.3328 	EXP 	demo_fixation: opacity = 1
19.3328 	EXP 	demo_fixation: pos = [0, 0]
19.3353 	EXP 	window1: mouseVisible = False
19.4611 	EXP 	window1: mouseVisible = True
