1.0516 	WARNING 	We strongly recommend you activate the PTB sound engine in PsychoPy prefs as the preferred audio engine. Its timing is vastly superior. Your prefs are currently set to use ['sounddevice', 'PTB', 'pyo', 'pygame'] (in that order).
7.2921 	EXP 	Created window1 = Window(allowGUI=False, allowStencil=False, args=UNKNOWN, autoLog=True, bitsMode=UNKNOWN, blendMode='avg', bpc=(8, 8, 8), color=array([0., 0., 0.]), colorSpace='rgb', depthBits=8, fullscr=<method-wrapper '__getattribute__' of attributeSetter object at 0x000002360D6074A8>, gamma=None, gammaErrorPolicy='raise', kwargs=UNKNOWN, lms=UNKNOWN, monitor=<psychopy.monitors.calibTools.Monitor object at 0x000002360D5174E0>, multiSample=False, name='window1', numSamples=2, pos=[0.0, 0.0], screen=0, size=array([1920, 1080]), stencilBits=0, stereo=False, units='height', useFBO=True, useRetina=False, viewOri=0.0, viewPos=None, viewScale=None, waitBlanking=True, winType='pyglet')
7.2925 	EXP 	window1: mouseVisible = True
7.2926 	EXP 	window1: recordFrameIntervals = False
7.4563 	EXP 	window1: recordFrameIntervals = True
7.6406 	EXP 	window1: recordFrameIntervals = False
7.8398 	EXP 	Created Welcome = TextStim(__class__=<class 'psychopy.visual.text.TextStim'>, alignHoriz=method-wrapper(...), alignText='center', alignVert=method-wrapper(...), anchorHoriz='center', anchorVert='center', antialias=True, autoLog=True, bold=False, color='white', colorSpace='named', contrast=1.0, depth=0.0, flipHoriz=False, flipVert=False, font='Arial', fontFiles=[], height=0.04, italic=False, languageStyle='LTR', name='Welcome', opacity=1.0, ori=0, pos=array([0., 0.]), rgb=array([255., 255., 255.]), text=str(...), units='height', win=Window(...), wrapWidth=1)
7.8399 	EXP 	window1: mouseVisible = True
7.8464 	EXP 	Created text = TextStim(__class__=<class 'psychopy.visual.text.TextStim'>, alignHoriz=method-wrapper(...), alignText='center', alignVert=method-wrapper(...), anchorHoriz='center', anchorVert='center', antialias=True, autoLog=True, bold=False, color='white', colorSpace='named', contrast=1.0, depth=0.0, flipHoriz=False, flipVert=False, font='Arial', fontFiles=[], height=0.04, italic=False, languageStyle='LTR', name='text', opacity=1.0, ori=0, pos=array([0., 0.]), rgb=array([255., 255., 255.]), text=str(...), units='height', win=Window(...), wrapWidth=1)
7.8465 	EXP 	window1: mouseVisible = True
7.8504 	EXP 	Created demo_enclosing_1 = Polygon(__class__=<class 'psychopy.visual.polygon.Polygon'>, autoDraw=False, autoLog=True, closeShape=True, color=method-wrapper(...), colorSpace=None, contrast=1.0, depth=-1.0, fillColor=array([0., 0., 0.]), fillColorSpace='rgb', fillRGB=array([0., 0., 0.]), interpolate=True, lineColor=array([-1., -1., -1.]), lineColorSpace='rgb', lineRGB=array([-1., -1., -1.]), lineWidth=1, name='demo_enclosing_1', opacity=1.0, ori=array(0.), pos=array([0., 0.]), size=array([0.9, 0.9]), units='height', vertices=ndarray(...), win=Window(...))
7.8528 	EXP 	Created demo_enclosing = Polygon(__class__=<class 'psychopy.visual.polygon.Polygon'>, autoDraw=False, autoLog=True, closeShape=True, color=method-wrapper(...), colorSpace=None, contrast=1.0, depth=-2.0, fillColor=array([0., 0., 0.]), fillColorSpace='rgb', fillRGB=array([0., 0., 0.]), interpolate=True, lineColor=array([-1., -1., -1.]), lineColorSpace='rgb', lineRGB=array([-1., -1., -1.]), lineWidth=1, name='demo_enclosing', opacity=1.0, ori=array(0.), pos=array([0., 0.]), size=array([0.8, 0.8]), units='height', vertices=ndarray(...), win=Window(...))
7.8540 	EXP 	Created demo_target = ShapeStim(__class__=<class 'psychopy.visual.shape.ShapeStim'>, autoDraw=False, autoLog=True, closeShape=True, contrast=1.0, depth=-3.0, fillColor=array([1., 1., 1.]), fillColorSpace='rgb', interpolate=True, lineColor=array([1., 1., 1.]), lineColorSpace='rgb', lineWidth=1, name='demo_target', opacity=1.0, ori=array(45.), pos=array([0., 0.]), size=array([0.05, 0.05]), units='height', vertices=ndarray(...), win=Window(...), windingRule=None)
7.8556 	EXP 	Created demo_fixation = Polygon(__class__=<class 'psychopy.visual.polygon.Polygon'>, autoDraw=False, autoLog=True, closeShape=True, color=method-wrapper(...), colorSpace=None, contrast=1.0, depth=-4.0, fillColor=array([1., 0., 0.]), fillColorSpace='rgb', fillRGB=array([1., 0., 0.]), interpolate=True, lineColor=array([1., 0., 0.]), lineColorSpace='rgb', lineRGB=array([1., 0., 0.]), lineWidth=1, name='demo_fixation', opacity=1.0, ori=array(0.), pos=array([0., 0.]), size=array([0.025, 0.025]), units='height', vertices=ndarray(...), win=Window(...))
7.8557 	EXP 	window1: mouseVisible = True
7.8595 	EXP 	Created demo_enclosing_feedback_1 = Polygon(__class__=<class 'psychopy.visual.polygon.Polygon'>, autoDraw=False, autoLog=True, closeShape=True, color=method-wrapper(...), colorSpace=None, contrast=1.0, depth=0.0, fillColor=array([0., 0., 0.]), fillColorSpace='rgb', fillRGB=array([0., 0., 0.]), interpolate=True, lineColor=array([-1., -1., -1.]), lineColorSpace='rgb', lineRGB=array([-1., -1., -1.]), lineWidth=1, name='demo_enclosing_feedback_1', opacity=1.0, ori=array(0.), pos=array([0., 0.]), size=array([0.9, 0.9]), units='height', vertices=ndarray(...), win=Window(...))
7.8618 	EXP 	Created demo_enclosing_feedback = Polygon(__class__=<class 'psychopy.visual.polygon.Polygon'>, autoDraw=False, autoLog=True, closeShape=True, color=method-wrapper(...), colorSpace=None, contrast=1.0, depth=-1.0, fillColor=array([0., 0., 0.]), fillColorSpace='rgb', fillRGB=array([0., 0., 0.]), interpolate=True, lineColor=array([-1., -1., -1.]), lineColorSpace='rgb', lineRGB=array([-1., -1., -1.]), lineWidth=1, name='demo_enclosing_feedback', opacity=1.0, ori=array(0.), pos=array([0., 0.]), size=array([0.8, 0.8]), units='height', vertices=ndarray(...), win=Window(...))
7.8629 	EXP 	Created demo_target_feedback = ShapeStim(__class__=<class 'psychopy.visual.shape.ShapeStim'>, autoDraw=False, autoLog=True, closeShape=True, contrast=1.0, depth=-2.0, fillColor=array([1., 1., 1.]), fillColorSpace='rgb', interpolate=True, lineColor=array([1., 1., 1.]), lineColorSpace='rgb', lineWidth=1, name='demo_target_feedback', opacity=1.0, ori=array(45.), pos=array([0., 0.]), size=array([0.05, 0.05]), units='height', vertices=ndarray(...), win=Window(...), windingRule=None)
7.8645 	EXP 	Created demo_fixation_feedback = Polygon(__class__=<class 'psychopy.visual.polygon.Polygon'>, autoDraw=False, autoLog=True, closeShape=True, color=method-wrapper(...), colorSpace=None, contrast=1.0, depth=-3.0, fillColor=array([1., 0., 0.]), fillColorSpace='rgb', fillRGB=array([1., 0., 0.]), interpolate=True, lineColor=array([1., 0., 0.]), lineColorSpace='rgb', lineRGB=array([1., 0., 0.]), lineWidth=1, name='demo_fixation_feedback', opacity=1.0, ori=array(0.), pos=array([0., 0.]), size=array([0.025, 0.025]), units='height', vertices=ndarray(...), win=Window(...))
7.8672 	EXP 	Created demo_score_text = TextStim(__class__=<class 'psychopy.visual.text.TextStim'>, alignHoriz=method-wrapper(...), alignText='center', alignVert=method-wrapper(...), anchorHoriz='center', anchorVert='center', antialias=True, autoLog=True, bold=False, color='green', colorSpace='named', contrast=1.0, depth=-5.0, flipHoriz=False, flipVert=False, font='Arial', fontFiles=[], height=0.04, italic=False, languageStyle='LTR', name='demo_score_text', opacity=1.0, ori=0, pos=array([0., 0.]), rgb=array([  0., 128.,   0.]), text='default text', units='height', win=Window(...), wrapWidth=1)
7.8766 	EXP 	Created text_3 = TextStim(__class__=<class 'psychopy.visual.text.TextStim'>, alignHoriz=method-wrapper(...), alignText='center', alignVert=method-wrapper(...), anchorHoriz='center', anchorVert='center', antialias=True, autoLog=True, bold=False, color='white', colorSpace='named', contrast=1.0, depth=0.0, flipHoriz=False, flipVert=False, font='Arial', fontFiles=[], height=0.04, italic=False, languageStyle='LTR', name='text_3', opacity=1.0, ori=0, pos=array([0., 0.]), rgb=array([255., 255., 255.]), text=str(...), units='height', win=Window(...), wrapWidth=1)
7.8767 	EXP 	window1: mouseVisible = True
7.8805 	EXP 	Created baseline_enclosing_1 = Polygon(__class__=<class 'psychopy.visual.polygon.Polygon'>, autoDraw=False, autoLog=True, closeShape=True, color=method-wrapper(...), colorSpace=None, contrast=1.0, depth=0.0, fillColor=array([0., 0., 0.]), fillColorSpace='rgb', fillRGB=array([0., 0., 0.]), interpolate=True, lineColor=array([-1., -1., -1.]), lineColorSpace='rgb', lineRGB=array([-1., -1., -1.]), lineWidth=1, name='baseline_enclosing_1', opacity=1.0, ori=array(0.), pos=array([0., 0.]), size=array([0.9, 0.9]), units='height', vertices=ndarray(...), win=Window(...))
7.8842 	EXP 	Created baseline_enclosing = Polygon(__class__=<class 'psychopy.visual.polygon.Polygon'>, autoDraw=False, autoLog=True, closeShape=True, color=method-wrapper(...), colorSpace=None, contrast=1.0, depth=-1.0, fillColor=array([0., 0., 0.]), fillColorSpace='rgb', fillRGB=array([0., 0., 0.]), interpolate=True, lineColor=array([-1., -1., -1.]), lineColorSpace='rgb', lineRGB=array([-1., -1., -1.]), lineWidth=1, name='baseline_enclosing', opacity=1.0, ori=array(0.), pos=array([0., 0.]), size=array([0.8, 0.8]), units='height', vertices=ndarray(...), win=Window(...))
7.8854 	EXP 	Created baseline_target = ShapeStim(__class__=<class 'psychopy.visual.shape.ShapeStim'>, autoDraw=False, autoLog=True, closeShape=True, contrast=1.0, depth=-2.0, fillColor=array([1., 1., 1.]), fillColorSpace='rgb', interpolate=True, lineColor=array([1., 1., 1.]), lineColorSpace='rgb', lineWidth=1, name='baseline_target', opacity=1.0, ori=array(45.), pos=array([0., 0.]), size=array([0.05, 0.05]), units='height', vertices=ndarray(...), win=Window(...), windingRule=None)
7.8870 	EXP 	Created baseline_fixation = Polygon(__class__=<class 'psychopy.visual.polygon.Polygon'>, autoDraw=False, autoLog=True, closeShape=True, color=method-wrapper(...), colorSpace=None, contrast=1.0, depth=-3.0, fillColor=array([1., 0., 0.]), fillColorSpace='rgb', fillRGB=array([1., 0., 0.]), interpolate=True, lineColor=array([1., 0., 0.]), lineColorSpace='rgb', lineRGB=array([1., 0., 0.]), lineWidth=1, name='baseline_fixation', opacity=1.0, ori=array(0.), pos=array([0., 0.]), size=array([0.025, 0.025]), units='height', vertices=ndarray(...), win=Window(...))
7.8871 	EXP 	window1: mouseVisible = True
7.8909 	EXP 	Created baseline_enclosing_feedback_1 = Polygon(__class__=<class 'psychopy.visual.polygon.Polygon'>, autoDraw=False, autoLog=True, closeShape=True, color=method-wrapper(...), colorSpace=None, contrast=1.0, depth=0.0, fillColor=array([0., 0., 0.]), fillColorSpace='rgb', fillRGB=array([0., 0., 0.]), interpolate=True, lineColor=array([-1., -1., -1.]), lineColorSpace='rgb', lineRGB=array([-1., -1., -1.]), lineWidth=1, name='baseline_enclosing_feedback_1', opacity=1.0, ori=array(0.), pos=array([0., 0.]), size=array([0.9, 0.9]), units='height', vertices=ndarray(...), win=Window(...))
7.8944 	EXP 	Created baseline_enclosing_feedback = Polygon(__class__=<class 'psychopy.visual.polygon.Polygon'>, autoDraw=False, autoLog=True, closeShape=True, color=method-wrapper(...), colorSpace=None, contrast=1.0, depth=-1.0, fillColor=array([0., 0., 0.]), fillColorSpace='rgb', fillRGB=array([0., 0., 0.]), interpolate=True, lineColor=array([-1., -1., -1.]), lineColorSpace='rgb', lineRGB=array([-1., -1., -1.]), lineWidth=1, name='baseline_enclosing_feedback', opacity=1.0, ori=array(0.), pos=array([0., 0.]), size=array([0.8, 0.8]), units='height', vertices=ndarray(...), win=Window(...))
7.8956 	EXP 	Created baseline_target_feedback = ShapeStim(__class__=<class 'psychopy.visual.shape.ShapeStim'>, autoDraw=False, autoLog=True, closeShape=True, contrast=1.0, depth=-2.0, fillColor=array([1., 1., 1.]), fillColorSpace='rgb', interpolate=True, lineColor=array([1., 1., 1.]), lineColorSpace='rgb', lineWidth=1, name='baseline_target_feedback', opacity=1.0, ori=array(45.), pos=array([0., 0.]), size=array([0.05, 0.05]), units='height', vertices=ndarray(...), win=Window(...), windingRule=None)
7.8972 	EXP 	Created baseline_fixation_feedback = Polygon(__class__=<class 'psychopy.visual.polygon.Polygon'>, autoDraw=False, autoLog=True, closeShape=True, color=method-wrapper(...), colorSpace=None, contrast=1.0, depth=-3.0, fillColor=array([1., 0., 0.]), fillColorSpace='rgb', fillRGB=array([1., 0., 0.]), interpolate=True, lineColor=array([1., 0., 0.]), lineColorSpace='rgb', lineRGB=array([1., 0., 0.]), lineWidth=1, name='baseline_fixation_feedback', opacity=1.0, ori=array(0.), pos=array([0., 0.]), size=array([0.025, 0.025]), units='height', vertices=ndarray(...), win=Window(...))
7.8997 	EXP 	Created baseline_score_text = TextStim(__class__=<class 'psychopy.visual.text.TextStim'>, alignHoriz=method-wrapper(...), alignText='center', alignVert=method-wrapper(...), anchorHoriz='center', anchorVert='center', antialias=True, autoLog=True, bold=False, color='green', colorSpace='named', contrast=1.0, depth=-5.0, flipHoriz=False, flipVert=False, font='Arial', fontFiles=[], height=0.04, italic=False, languageStyle='LTR', name='baseline_score_text', opacity=1.0, ori=0, pos=array([0., 0.]), rgb=array([  0., 128.,   0.]), text='default text', units='height', win=Window(...), wrapWidth=1)
7.9107 	EXP 	Created text_2 = TextStim(__class__=<class 'psychopy.visual.text.TextStim'>, alignHoriz=method-wrapper(...), alignText='center', alignVert=method-wrapper(...), anchorHoriz='center', anchorVert='center', antialias=True, autoLog=True, bold=False, color='white', colorSpace='named', contrast=1.0, depth=0.0, flipHoriz=False, flipVert=False, font='Arial', fontFiles=[], height=0.04, italic=False, languageStyle='LTR', name='text_2', opacity=1.0, ori=0, pos=array([0., 0.]), rgb=array([255., 255., 255.]), text=str(...), units='height', win=Window(...), wrapWidth=1)
7.9110 	EXP 	window1: mouseVisible = True
7.9151 	EXP 	Created rotated_enclosing_1 = Polygon(__class__=<class 'psychopy.visual.polygon.Polygon'>, autoDraw=False, autoLog=True, closeShape=True, color=method-wrapper(...), colorSpace=None, contrast=1.0, depth=0.0, fillColor=array([0., 0., 0.]), fillColorSpace='rgb', fillRGB=array([0., 0., 0.]), interpolate=True, lineColor=array([-1., -1., -1.]), lineColorSpace='rgb', lineRGB=array([-1., -1., -1.]), lineWidth=1, name='rotated_enclosing_1', opacity=1.0, ori=array(0.), pos=array([0., 0.]), size=array([0.9, 0.9]), units='height', vertices=ndarray(...), win=Window(...))
7.9194 	EXP 	Created rotated_enclosing = Polygon(__class__=<class 'psychopy.visual.polygon.Polygon'>, autoDraw=False, autoLog=True, closeShape=True, color=method-wrapper(...), colorSpace=None, contrast=1.0, depth=-1.0, fillColor=array([0., 0., 0.]), fillColorSpace='rgb', fillRGB=array([0., 0., 0.]), interpolate=True, lineColor=array([-1., -1., -1.]), lineColorSpace='rgb', lineRGB=array([-1., -1., -1.]), lineWidth=1, name='rotated_enclosing', opacity=1.0, ori=array(0.), pos=array([0., 0.]), size=array([0.8, 0.8]), units='height', vertices=ndarray(...), win=Window(...))
7.9206 	EXP 	Created rotated_target = ShapeStim(__class__=<class 'psychopy.visual.shape.ShapeStim'>, autoDraw=False, autoLog=True, closeShape=True, contrast=1.0, depth=-2.0, fillColor=array([1., 1., 1.]), fillColorSpace='rgb', interpolate=True, lineColor=array([1., 1., 1.]), lineColorSpace='rgb', lineWidth=1, name='rotated_target', opacity=1.0, ori=array(45.), pos=array([0., 0.]), size=array([0.05, 0.05]), units='height', vertices=ndarray(...), win=Window(...), windingRule=None)
7.9223 	EXP 	Created rotated_fixation = Polygon(__class__=<class 'psychopy.visual.polygon.Polygon'>, autoDraw=False, autoLog=True, closeShape=True, color=method-wrapper(...), colorSpace=None, contrast=1.0, depth=-3.0, fillColor=array([1., 0., 0.]), fillColorSpace='rgb', fillRGB=array([1., 0., 0.]), interpolate=True, lineColor=array([1., 0., 0.]), lineColorSpace='rgb', lineRGB=array([1., 0., 0.]), lineWidth=1, name='rotated_fixation', opacity=1.0, ori=array(0.), pos=array([0., 0.]), size=array([0.025, 0.025]), units='height', vertices=ndarray(...), win=Window(...))
7.9224 	EXP 	window1: mouseVisible = True
7.9259 	EXP 	Created rotated_enclosing_feedback_1 = Polygon(__class__=<class 'psychopy.visual.polygon.Polygon'>, autoDraw=False, autoLog=True, closeShape=True, color=method-wrapper(...), colorSpace=None, contrast=1.0, depth=0.0, fillColor=array([0., 0., 0.]), fillColorSpace='rgb', fillRGB=array([0., 0., 0.]), interpolate=True, lineColor=array([-1., -1., -1.]), lineColorSpace='rgb', lineRGB=array([-1., -1., -1.]), lineWidth=1, name='rotated_enclosing_feedback_1', opacity=1.0, ori=array(0.), pos=array([0., 0.]), size=array([0.9, 0.9]), units='height', vertices=ndarray(...), win=Window(...))
7.9295 	EXP 	Created rotated_enclosing_feedback = Polygon(__class__=<class 'psychopy.visual.polygon.Polygon'>, autoDraw=False, autoLog=True, closeShape=True, color=method-wrapper(...), colorSpace=None, contrast=1.0, depth=-1.0, fillColor=array([0., 0., 0.]), fillColorSpace='rgb', fillRGB=array([0., 0., 0.]), interpolate=True, lineColor=array([-1., -1., -1.]), lineColorSpace='rgb', lineRGB=array([-1., -1., -1.]), lineWidth=1, name='rotated_enclosing_feedback', opacity=1.0, ori=array(0.), pos=array([0., 0.]), size=array([0.8, 0.8]), units='height', vertices=ndarray(...), win=Window(...))
7.9306 	EXP 	Created rotated_target_feedback = ShapeStim(__class__=<class 'psychopy.visual.shape.ShapeStim'>, autoDraw=False, autoLog=True, closeShape=True, contrast=1.0, depth=-2.0, fillColor=array([1., 1., 1.]), fillColorSpace='rgb', interpolate=True, lineColor=array([1., 1., 1.]), lineColorSpace='rgb', lineWidth=1, name='rotated_target_feedback', opacity=1.0, ori=array(45.), pos=array([0., 0.]), size=array([0.05, 0.05]), units='height', vertices=ndarray(...), win=Window(...), windingRule=None)
7.9323 	EXP 	Created rotated_fixation_feedback = Polygon(__class__=<class 'psychopy.visual.polygon.Polygon'>, autoDraw=False, autoLog=True, closeShape=True, color=method-wrapper(...), colorSpace=None, contrast=1.0, depth=-3.0, fillColor=array([1., 0., 0.]), fillColorSpace='rgb', fillRGB=array([1., 0., 0.]), interpolate=True, lineColor=array([1., 0., 0.]), lineColorSpace='rgb', lineRGB=array([1., 0., 0.]), lineWidth=1, name='rotated_fixation_feedback', opacity=1.0, ori=array(0.), pos=array([0., 0.]), size=array([0.025, 0.025]), units='height', vertices=ndarray(...), win=Window(...))
7.9352 	EXP 	Created rotated_score_text = TextStim(__class__=<class 'psychopy.visual.text.TextStim'>, alignHoriz=method-wrapper(...), alignText='center', alignVert=method-wrapper(...), anchorHoriz='center', anchorVert='center', antialias=True, autoLog=True, bold=False, color='green', colorSpace='named', contrast=1.0, depth=-5.0, flipHoriz=False, flipVert=False, font='Arial', fontFiles=[], height=0.04, italic=False, languageStyle='LTR', name='rotated_score_text', opacity=1.0, ori=0, pos=array([0., 0.]), rgb=array([  0., 128.,   0.]), text='default text', units='height', win=Window(...), wrapWidth=1)
7.9432 	EXP 	Created rotated_breaks = TextStim(__class__=<class 'psychopy.visual.text.TextStim'>, alignHoriz=method-wrapper(...), alignText='center', alignVert=method-wrapper(...), anchorHoriz='center', anchorVert='center', antialias=True, autoLog=True, bold=False, color='white', colorSpace='named', contrast=1.0, depth=0.0, flipHoriz=False, flipVert=False, font='Arial', fontFiles=[], height=0.04, italic=False, languageStyle='LTR', name='rotated_breaks', opacity=1.0, ori=0, pos=array([0., 0.]), rgb=array([255., 255., 255.]), text=str(...), units='height', win=Window(...), wrapWidth=1)
7.9433 	EXP 	window1: mouseVisible = True
7.9483 	EXP 	Created transfer_enclosing_1 = Polygon(__class__=<class 'psychopy.visual.polygon.Polygon'>, autoDraw=False, autoLog=True, closeShape=True, color=method-wrapper(...), colorSpace=None, contrast=1.0, depth=-1.0, fillColor=array([0., 0., 0.]), fillColorSpace='rgb', fillRGB=array([0., 0., 0.]), interpolate=True, lineColor=array([-1., -1., -1.]), lineColorSpace='rgb', lineRGB=array([-1., -1., -1.]), lineWidth=1, name='transfer_enclosing_1', opacity=1.0, ori=array(0.), pos=array([0., 0.]), size=array([0.9, 0.9]), units='height', vertices=ndarray(...), win=Window(...))
7.9523 	EXP 	Created transfer_enclosing = Polygon(__class__=<class 'psychopy.visual.polygon.Polygon'>, autoDraw=False, autoLog=True, closeShape=True, color=method-wrapper(...), colorSpace=None, contrast=1.0, depth=-2.0, fillColor=array([0., 0., 0.]), fillColorSpace='rgb', fillRGB=array([0., 0., 0.]), interpolate=True, lineColor=array([-1., -1., -1.]), lineColorSpace='rgb', lineRGB=array([-1., -1., -1.]), lineWidth=1, name='transfer_enclosing', opacity=1.0, ori=array(0.), pos=array([0., 0.]), size=array([0.8, 0.8]), units='height', vertices=ndarray(...), win=Window(...))
7.9536 	EXP 	Created transfer_target = ShapeStim(__class__=<class 'psychopy.visual.shape.ShapeStim'>, autoDraw=False, autoLog=True, closeShape=True, contrast=1.0, depth=-3.0, fillColor=array([1., 1., 1.]), fillColorSpace='rgb', interpolate=True, lineColor=array([1., 1., 1.]), lineColorSpace='rgb', lineWidth=1, name='transfer_target', opacity=1.0, ori=array(45.), pos=array([0., 0.]), size=array([0.05, 0.05]), units='height', vertices=ndarray(...), win=Window(...), windingRule=None)
7.9553 	EXP 	Created transfer_fixation = Polygon(__class__=<class 'psychopy.visual.polygon.Polygon'>, autoDraw=False, autoLog=True, closeShape=True, color=method-wrapper(...), colorSpace=None, contrast=1.0, depth=-4.0, fillColor=array([1., 0., 0.]), fillColorSpace='rgb', fillRGB=array([1., 0., 0.]), interpolate=True, lineColor=array([1., 0., 0.]), lineColorSpace='rgb', lineRGB=array([1., 0., 0.]), lineWidth=1, name='transfer_fixation', opacity=1.0, ori=array(0.), pos=array([0., 0.]), size=array([0.025, 0.025]), units='height', vertices=ndarray(...), win=Window(...))
7.9554 	EXP 	window1: mouseVisible = True
7.9590 	EXP 	Created transfer_enclosing_feedback_1 = Polygon(__class__=<class 'psychopy.visual.polygon.Polygon'>, autoDraw=False, autoLog=True, closeShape=True, color=method-wrapper(...), colorSpace=None, contrast=1.0, depth=0.0, fillColor=array([0., 0., 0.]), fillColorSpace='rgb', fillRGB=array([0., 0., 0.]), interpolate=True, lineColor=array([-1., -1., -1.]), lineColorSpace='rgb', lineRGB=array([-1., -1., -1.]), lineWidth=1, name='transfer_enclosing_feedback_1', opacity=1.0, ori=array(0.), pos=array([0., 0.]), size=array([0.9, 0.9]), units='height', vertices=ndarray(...), win=Window(...))
7.9625 	EXP 	Created transfer_enclosing_feedback = Polygon(__class__=<class 'psychopy.visual.polygon.Polygon'>, autoDraw=False, autoLog=True, closeShape=True, color=method-wrapper(...), colorSpace=None, contrast=1.0, depth=-1.0, fillColor=array([0., 0., 0.]), fillColorSpace='rgb', fillRGB=array([0., 0., 0.]), interpolate=True, lineColor=array([-1., -1., -1.]), lineColorSpace='rgb', lineRGB=array([-1., -1., -1.]), lineWidth=1, name='transfer_enclosing_feedback', opacity=1.0, ori=array(0.), pos=array([0., 0.]), size=array([0.8, 0.8]), units='height', vertices=ndarray(...), win=Window(...))
7.9636 	EXP 	Created transfer_target_feedback = ShapeStim(__class__=<class 'psychopy.visual.shape.ShapeStim'>, autoDraw=False, autoLog=True, closeShape=True, contrast=1.0, depth=-2.0, fillColor=array([1., 1., 1.]), fillColorSpace='rgb', interpolate=True, lineColor=array([1., 1., 1.]), lineColorSpace='rgb', lineWidth=1, name='transfer_target_feedback', opacity=1.0, ori=array(45.), pos=array([0., 0.]), size=array([0.05, 0.05]), units='height', vertices=ndarray(...), win=Window(...), windingRule=None)
7.9653 	EXP 	Created transfer_fixation_feedback = Polygon(__class__=<class 'psychopy.visual.polygon.Polygon'>, autoDraw=False, autoLog=True, closeShape=True, color=method-wrapper(...), colorSpace=None, contrast=1.0, depth=-3.0, fillColor=array([1., 0., 0.]), fillColorSpace='rgb', fillRGB=array([1., 0., 0.]), interpolate=True, lineColor=array([1., 0., 0.]), lineColorSpace='rgb', lineRGB=array([1., 0., 0.]), lineWidth=1, name='transfer_fixation_feedback', opacity=1.0, ori=array(0.), pos=array([0., 0.]), size=array([0.025, 0.025]), units='height', vertices=ndarray(...), win=Window(...))
7.9678 	EXP 	Created text_4 = TextStim(__class__=<class 'psychopy.visual.text.TextStim'>, alignHoriz=method-wrapper(...), alignText='center', alignVert=method-wrapper(...), anchorHoriz='center', anchorVert='center', antialias=True, autoLog=True, bold=False, color='green', colorSpace='named', contrast=1.0, depth=-5.0, flipHoriz=False, flipVert=False, font='Arial', fontFiles=[], height=0.04, italic=False, languageStyle='LTR', name='text_4', opacity=1.0, ori=0, pos=array([0., 0.]), rgb=array([  0., 128.,   0.]), text='default text', units='height', win=Window(...), wrapWidth=1)
7.9746 	EXP 	Created done_text = TextStim(__class__=<class 'psychopy.visual.text.TextStim'>, alignHoriz=method-wrapper(...), alignText='center', alignVert=method-wrapper(...), anchorHoriz='center', anchorVert='center', antialias=True, autoLog=True, bold=False, color='white', colorSpace='named', contrast=1.0, depth=0.0, flipHoriz=False, flipVert=False, font='Arial', fontFiles=[], height=0.04, italic=False, languageStyle='LTR', name='done_text', opacity=1.0, ori=0, pos=array([0., 0.]), rgb=array([255., 255., 255.]), text=str(...), units='height', win=Window(...), wrapWidth=1)
7.9746 	EXP 	window1: mouseVisible = True
8.0060 	EXP 	Welcome: autoDraw = True
31.0219 	DATA 	Mouse: Left button down, pos=(1263,437)
31.0245 	EXP 	Created sequence: random, trialTypes=1, nReps=2, seed=None
31.0247 	EXP 	New trial (rep=0, index=0): None
31.0340 	EXP 	Welcome: autoDraw = False
31.0340 	EXP 	text: autoDraw = True
31.1048 	DATA 	Mouse:  Left button up, pos=(1433,566)
32.1854 	DATA 	Mouse: Left button down, pos=(1288,454)
32.2152 	EXP 	Imported conditions_demo.xlsx as conditions, 4 conditions, 3 params
32.2155 	EXP 	Created sequence: random, trialTypes=4, nReps=1, seed=None
32.2157 	EXP 	New trial (rep=0, index=0): OrderedDict([('target_x', 0.3), ('target_y', 0.3), ('rotation', 0)])
32.2162 	EXP 	window1: mouseVisible = False
32.2251 	EXP 	text: autoDraw = False
32.2251 	EXP 	demo_fixation: opacity = 1
32.2251 	EXP 	demo_fixation: pos = [0, 0]
32.2251 	EXP 	demo_target: pos = array([0.3, 0.3])
32.2251 	EXP 	demo_fixation: pos = array([0., 0.])
32.2251 	EXP 	demo_fixation: opacity = 0
32.2251 	EXP 	demo_fixation: pos = array([0., 0.])
32.2251 	EXP 	demo_enclosing_1: autoDraw = True
32.2251 	EXP 	demo_enclosing: autoDraw = True
32.2251 	EXP 	demo_fixation: autoDraw = True
32.2252 	EXP 	window1: mouseVisible = False
32.2371 	EXP 	demo_fixation: opacity = 0
32.2371 	EXP 	demo_fixation: pos = array([0.00833333, 0.00555556])
32.2372 	EXP 	window1: mouseVisible = False
32.2490 	EXP 	demo_fixation: opacity = 0
32.2490 	EXP 	demo_fixation: pos = array([0.01481481, 0.01111111])
32.2491 	EXP 	window1: mouseVisible = False
32.2654 	EXP 	demo_fixation: opacity = 0
32.2654 	EXP 	demo_fixation: pos = array([0.02592593, 0.0212963 ])
32.2656 	EXP 	window1: mouseVisible = False
32.2820 	EXP 	demo_fixation: opacity = 0
32.2820 	EXP 	demo_fixation: pos = array([0.03055556, 0.02685185])
32.2821 	EXP 	window1: mouseVisible = False
32.2835 	DATA 	Mouse:  Left button up, pos=(1371,519)
32.2987 	EXP 	demo_fixation: opacity = 1
32.2987 	EXP 	demo_fixation: pos = [0, 0]
32.2988 	EXP 	window1: mouseVisible = False
32.3151 	EXP 	demo_fixation: opacity = 1
32.3151 	EXP 	demo_fixation: pos = [0, 0]
32.3153 	EXP 	window1: mouseVisible = False
32.3323 	EXP 	demo_fixation: opacity = 1
32.3323 	EXP 	demo_fixation: pos = [0, 0]
32.3326 	EXP 	window1: mouseVisible = False
32.3489 	EXP 	demo_fixation: opacity = 1
32.3489 	EXP 	demo_fixation: pos = [0, 0]
32.3491 	EXP 	window1: mouseVisible = False
32.3656 	EXP 	demo_fixation: opacity = 1
32.3656 	EXP 	demo_fixation: pos = [0, 0]
32.3659 	EXP 	window1: mouseVisible = False
32.3822 	EXP 	demo_fixation: opacity = 1
32.3822 	EXP 	demo_fixation: pos = [0, 0]
32.3825 	EXP 	window1: mouseVisible = False
32.3990 	EXP 	demo_fixation: opacity = 1
32.3990 	EXP 	demo_fixation: pos = [0, 0]
32.3992 	EXP 	window1: mouseVisible = False
32.4156 	EXP 	demo_fixation: opacity = 1
32.4156 	EXP 	demo_fixation: pos = [0, 0]
32.4158 	EXP 	window1: mouseVisible = False
32.4322 	EXP 	demo_fixation: opacity = 1
32.4322 	EXP 	demo_fixation: pos = [0, 0]
32.4325 	EXP 	window1: mouseVisible = False
32.4489 	EXP 	demo_fixation: opacity = 1
32.4489 	EXP 	demo_fixation: pos = [0, 0]
32.4491 	EXP 	window1: mouseVisible = False
32.4654 	EXP 	demo_fixation: opacity = 1
32.4654 	EXP 	demo_fixation: pos = [0, 0]
32.4658 	EXP 	window1: mouseVisible = False
32.4822 	EXP 	demo_fixation: opacity = 1
32.4822 	EXP 	demo_fixation: pos = [0, 0]
32.4824 	EXP 	window1: mouseVisible = False
32.4987 	EXP 	demo_fixation: opacity = 1
32.4987 	EXP 	demo_fixation: pos = [0, 0]
32.4990 	EXP 	window1: mouseVisible = False
32.5155 	EXP 	demo_fixation: opacity = 1
32.5155 	EXP 	demo_fixation: pos = [0, 0]
32.5157 	EXP 	window1: mouseVisible = False
32.5321 	EXP 	demo_fixation: opacity = 1
32.5321 	EXP 	demo_fixation: pos = [0, 0]
32.5324 	EXP 	window1: mouseVisible = False
32.5488 	EXP 	demo_fixation: opacity = 1
32.5488 	EXP 	demo_fixation: pos = [0, 0]
32.5490 	EXP 	window1: mouseVisible = False
32.5660 	EXP 	demo_fixation: opacity = 1
32.5660 	EXP 	demo_fixation: pos = [0, 0]
32.5663 	EXP 	window1: mouseVisible = False
32.5821 	EXP 	demo_fixation: opacity = 1
32.5821 	EXP 	demo_fixation: pos = [0, 0]
32.5823 	EXP 	window1: mouseVisible = False
32.5987 	EXP 	demo_fixation: opacity = 1
32.5987 	EXP 	demo_fixation: pos = [0, 0]
32.5990 	EXP 	window1: mouseVisible = False
32.6153 	EXP 	demo_fixation: opacity = 1
32.6153 	EXP 	demo_fixation: pos = [0, 0]
32.6156 	EXP 	window1: mouseVisible = False
32.6321 	EXP 	demo_fixation: opacity = 1
32.6321 	EXP 	demo_fixation: pos = [0, 0]
32.6323 	EXP 	window1: mouseVisible = False
32.6488 	EXP 	demo_fixation: opacity = 1
32.6488 	EXP 	demo_fixation: pos = [0, 0]
32.6490 	EXP 	window1: mouseVisible = False
32.6653 	EXP 	demo_fixation: opacity = 1
32.6653 	EXP 	demo_fixation: pos = [0, 0]
32.6655 	EXP 	window1: mouseVisible = False
32.6819 	EXP 	demo_fixation: opacity = 1
32.6819 	EXP 	demo_fixation: pos = [0, 0]
32.6822 	EXP 	window1: mouseVisible = False
32.6987 	EXP 	demo_fixation: opacity = 1
32.6987 	EXP 	demo_fixation: pos = [0, 0]
32.6989 	EXP 	window1: mouseVisible = False
32.7152 	EXP 	demo_fixation: opacity = 1
32.7152 	EXP 	demo_fixation: pos = [0, 0]
32.7155 	EXP 	window1: mouseVisible = False
32.7319 	EXP 	demo_fixation: opacity = 1
32.7319 	EXP 	demo_fixation: pos = [0, 0]
32.7322 	EXP 	window1: mouseVisible = False
32.7492 	EXP 	demo_fixation: opacity = 1
32.7492 	EXP 	demo_fixation: pos = [0, 0]
32.7494 	EXP 	window1: mouseVisible = False
32.7652 	EXP 	demo_fixation: opacity = 1
32.7652 	EXP 	demo_fixation: pos = [0, 0]
32.7655 	EXP 	window1: mouseVisible = False
32.7818 	EXP 	demo_fixation: opacity = 1
32.7818 	EXP 	demo_fixation: pos = [0, 0]
32.7821 	EXP 	window1: mouseVisible = False
32.7986 	EXP 	demo_fixation: opacity = 1
32.7986 	EXP 	demo_fixation: pos = [0, 0]
32.7988 	EXP 	window1: mouseVisible = False
32.8152 	EXP 	demo_fixation: opacity = 1
32.8152 	EXP 	demo_fixation: pos = [0, 0]
32.8154 	EXP 	window1: mouseVisible = False
32.8319 	EXP 	demo_fixation: opacity = 1
32.8319 	EXP 	demo_fixation: pos = [0, 0]
32.8321 	EXP 	window1: mouseVisible = False
32.8485 	EXP 	demo_fixation: opacity = 1
32.8485 	EXP 	demo_fixation: pos = [0, 0]
32.8487 	EXP 	window1: mouseVisible = False
32.8651 	EXP 	demo_fixation: opacity = 1
32.8651 	EXP 	demo_fixation: pos = [0, 0]
32.8654 	EXP 	window1: mouseVisible = False
32.8818 	EXP 	demo_fixation: opacity = 1
32.8818 	EXP 	demo_fixation: pos = [0, 0]
32.8820 	EXP 	window1: mouseVisible = False
32.8985 	EXP 	demo_fixation: opacity = 1
32.8985 	EXP 	demo_fixation: pos = [0, 0]
32.8987 	EXP 	window1: mouseVisible = False
32.9151 	EXP 	demo_fixation: opacity = 1
32.9151 	EXP 	demo_fixation: pos = [0, 0]
32.9154 	EXP 	window1: mouseVisible = False
32.9316 	EXP 	demo_fixation: opacity = 1
32.9316 	EXP 	demo_fixation: pos = [0, 0]
32.9320 	EXP 	window1: mouseVisible = False
32.9484 	EXP 	demo_fixation: opacity = 1
32.9484 	EXP 	demo_fixation: pos = [0, 0]
32.9487 	EXP 	window1: mouseVisible = False
32.9650 	EXP 	demo_fixation: opacity = 1
32.9650 	EXP 	demo_fixation: pos = [0, 0]
32.9653 	EXP 	window1: mouseVisible = False
32.9817 	EXP 	demo_fixation: opacity = 1
32.9817 	EXP 	demo_fixation: pos = [0, 0]
32.9820 	EXP 	window1: mouseVisible = False
32.9989 	EXP 	demo_fixation: opacity = 1
32.9989 	EXP 	demo_fixation: pos = [0, 0]
32.9992 	EXP 	window1: mouseVisible = False
33.0148 	EXP 	demo_fixation: opacity = 1
33.0148 	EXP 	demo_fixation: pos = [0, 0]
33.0151 	EXP 	window1: mouseVisible = False
33.0317 	EXP 	demo_fixation: opacity = 1
33.0317 	EXP 	demo_fixation: pos = [0, 0]
33.0320 	EXP 	window1: mouseVisible = False
33.0483 	EXP 	demo_fixation: opacity = 1
33.0483 	EXP 	demo_fixation: pos = [0, 0]
33.0485 	EXP 	window1: mouseVisible = False
33.0649 	EXP 	demo_fixation: opacity = 1
33.0649 	EXP 	demo_fixation: pos = [0, 0]
33.0652 	EXP 	window1: mouseVisible = False
33.0816 	EXP 	demo_fixation: opacity = 1
33.0816 	EXP 	demo_fixation: pos = [0, 0]
33.0819 	EXP 	window1: mouseVisible = False
33.0983 	EXP 	demo_fixation: opacity = 1
33.0983 	EXP 	demo_fixation: pos = [0, 0]
33.0985 	EXP 	window1: mouseVisible = False
33.1150 	EXP 	demo_fixation: opacity = 1
33.1150 	EXP 	demo_fixation: pos = [0, 0]
33.1152 	EXP 	window1: mouseVisible = False
33.1316 	EXP 	demo_fixation: opacity = 1
33.1316 	EXP 	demo_fixation: pos = [0, 0]
33.1318 	EXP 	window1: mouseVisible = False
33.1483 	EXP 	demo_fixation: opacity = 1
33.1483 	EXP 	demo_fixation: pos = [0, 0]
33.1485 	EXP 	window1: mouseVisible = False
33.1649 	EXP 	demo_fixation: opacity = 1
33.1649 	EXP 	demo_fixation: pos = [0, 0]
33.1651 	EXP 	window1: mouseVisible = False
33.1813 	EXP 	demo_fixation: opacity = 1
33.1813 	EXP 	demo_fixation: pos = [0, 0]
33.1816 	EXP 	window1: mouseVisible = False
33.1982 	EXP 	demo_fixation: opacity = 1
33.1982 	EXP 	demo_fixation: pos = [0, 0]
33.1984 	EXP 	window1: mouseVisible = False
33.2148 	EXP 	demo_fixation: opacity = 1
33.2148 	EXP 	demo_fixation: pos = [0, 0]
33.2151 	EXP 	window1: mouseVisible = False
33.2319 	EXP 	demo_fixation: opacity = 1
33.2319 	EXP 	demo_fixation: pos = [0, 0]
33.2321 	EXP 	window1: mouseVisible = False
33.2480 	EXP 	demo_fixation: opacity = 1
33.2480 	EXP 	demo_fixation: pos = [0, 0]
33.2483 	EXP 	window1: mouseVisible = False
33.2648 	EXP 	demo_fixation: opacity = 1
33.2648 	EXP 	demo_fixation: pos = [0, 0]
33.2651 	EXP 	window1: mouseVisible = False
33.2814 	EXP 	demo_fixation: opacity = 1
33.2814 	EXP 	demo_fixation: pos = [0, 0]
33.2817 	EXP 	window1: mouseVisible = False
33.2981 	EXP 	demo_fixation: opacity = 1
33.2981 	EXP 	demo_fixation: pos = [0, 0]
33.2983 	EXP 	window1: mouseVisible = False
33.3147 	EXP 	demo_fixation: opacity = 1
33.3147 	EXP 	demo_fixation: pos = [0, 0]
33.3150 	EXP 	window1: mouseVisible = False
33.3313 	EXP 	demo_fixation: opacity = 1
33.3313 	EXP 	demo_fixation: pos = [0, 0]
33.3316 	EXP 	window1: mouseVisible = False
33.3481 	EXP 	demo_fixation: opacity = 1
33.3481 	EXP 	demo_fixation: pos = [0, 0]
33.3483 	EXP 	window1: mouseVisible = False
33.3648 	EXP 	demo_fixation: opacity = 1
33.3648 	EXP 	demo_fixation: pos = [0, 0]
33.3651 	EXP 	window1: mouseVisible = False
33.3814 	EXP 	demo_fixation: opacity = 1
33.3814 	EXP 	demo_fixation: pos = [0, 0]
33.3817 	EXP 	window1: mouseVisible = False
33.3983 	EXP 	demo_fixation: opacity = 1
33.3983 	EXP 	demo_fixation: pos = [0, 0]
33.3983 	EXP 	demo_target: autoDraw = True
33.3986 	EXP 	window1: mouseVisible = False
33.4155 	EXP 	demo_fixation: opacity = 1
33.4155 	EXP 	demo_fixation: pos = [0, 0]
33.4159 	EXP 	window1: mouseVisible = False
33.4320 	EXP 	demo_fixation: opacity = 1
33.4320 	EXP 	demo_fixation: pos = [0, 0]
33.4323 	EXP 	window1: mouseVisible = False
33.4479 	EXP 	demo_fixation: opacity = 1
33.4479 	EXP 	demo_fixation: pos = [0, 0]
33.4481 	EXP 	window1: mouseVisible = False
33.4644 	EXP 	demo_fixation: opacity = 1
33.4644 	EXP 	demo_fixation: pos = [0, 0]
33.4647 	EXP 	window1: mouseVisible = False
33.4812 	EXP 	demo_fixation: opacity = 1
33.4812 	EXP 	demo_fixation: pos = [0, 0]
33.4814 	EXP 	window1: mouseVisible = False
33.4978 	EXP 	demo_fixation: opacity = 1
33.4978 	EXP 	demo_fixation: pos = [0, 0]
33.4980 	EXP 	window1: mouseVisible = False
33.5145 	EXP 	demo_fixation: opacity = 1
33.5145 	EXP 	demo_fixation: pos = [0, 0]
33.5148 	EXP 	window1: mouseVisible = False
33.5311 	EXP 	demo_fixation: opacity = 1
33.5311 	EXP 	demo_fixation: pos = [0, 0]
33.5313 	EXP 	window1: mouseVisible = False
33.5476 	EXP 	demo_fixation: opacity = 1
33.5476 	EXP 	demo_fixation: pos = [0, 0]
33.5478 	EXP 	window1: mouseVisible = False
33.5643 	EXP 	demo_fixation: opacity = 1
33.5643 	EXP 	demo_fixation: pos = [0, 0]
33.5646 	EXP 	window1: mouseVisible = False
33.5811 	EXP 	demo_fixation: opacity = 1
33.5811 	EXP 	demo_fixation: pos = [0, 0]
33.5813 	EXP 	window1: mouseVisible = False
33.5977 	EXP 	demo_fixation: opacity = 1
33.5977 	EXP 	demo_fixation: pos = [0, 0]
33.5980 	EXP 	window1: mouseVisible = False
33.6143 	EXP 	demo_fixation: opacity = 1
33.6143 	EXP 	demo_fixation: pos = [0, 0]
33.6146 	EXP 	window1: mouseVisible = False
33.6310 	EXP 	demo_fixation: opacity = 1
33.6310 	EXP 	demo_fixation: pos = [0, 0]
33.6313 	EXP 	window1: mouseVisible = False
33.6477 	EXP 	demo_fixation: opacity = 1
33.6477 	EXP 	demo_fixation: pos = [0, 0]
33.6480 	EXP 	window1: mouseVisible = False
33.6648 	EXP 	demo_fixation: opacity = 1
33.6648 	EXP 	demo_fixation: pos = [0, 0]
33.6650 	EXP 	window1: mouseVisible = False
33.6807 	EXP 	demo_fixation: opacity = 1
33.6807 	EXP 	demo_fixation: pos = [0, 0]
33.6810 	EXP 	window1: mouseVisible = False
33.6976 	EXP 	demo_fixation: opacity = 1
33.6976 	EXP 	demo_fixation: pos = [0, 0]
33.6979 	EXP 	window1: mouseVisible = False
33.7142 	EXP 	demo_fixation: opacity = 1
33.7142 	EXP 	demo_fixation: pos = [0, 0]
33.7145 	EXP 	window1: mouseVisible = False
33.7308 	EXP 	demo_fixation: opacity = 1
33.7308 	EXP 	demo_fixation: pos = [0, 0]
33.7311 	EXP 	window1: mouseVisible = False
33.7477 	EXP 	demo_fixation: opacity = 1
33.7477 	EXP 	demo_fixation: pos = [0, 0]
33.7479 	EXP 	window1: mouseVisible = False
33.7646 	EXP 	demo_fixation: opacity = 1
33.7646 	EXP 	demo_fixation: pos = [0, 0]
33.7649 	EXP 	window1: mouseVisible = False
33.7809 	EXP 	demo_fixation: opacity = 1
33.7809 	EXP 	demo_fixation: pos = [0, 0]
33.7812 	EXP 	window1: mouseVisible = False
33.7975 	EXP 	demo_fixation: opacity = 1
33.7975 	EXP 	demo_fixation: pos = [0, 0]
33.7977 	EXP 	window1: mouseVisible = False
33.8140 	EXP 	demo_fixation: opacity = 1
33.8140 	EXP 	demo_fixation: pos = [0, 0]
33.8143 	EXP 	window1: mouseVisible = False
33.8307 	EXP 	demo_fixation: opacity = 1
33.8307 	EXP 	demo_fixation: pos = [0, 0]
33.8310 	EXP 	window1: mouseVisible = False
33.8479 	EXP 	demo_fixation: opacity = 1
33.8479 	EXP 	demo_fixation: pos = [0, 0]
33.8481 	EXP 	window1: mouseVisible = False
33.8641 	EXP 	demo_fixation: opacity = 1
33.8641 	EXP 	demo_fixation: pos = [0, 0]
33.8644 	EXP 	window1: mouseVisible = False
33.8808 	EXP 	demo_fixation: opacity = 1
33.8808 	EXP 	demo_fixation: pos = [0, 0]
33.8810 	EXP 	window1: mouseVisible = False
33.8975 	EXP 	demo_fixation: opacity = 1
33.8975 	EXP 	demo_fixation: pos = [0, 0]
33.8978 	EXP 	window1: mouseVisible = False
33.9141 	EXP 	demo_fixation: opacity = 1
33.9141 	EXP 	demo_fixation: pos = [0, 0]
33.9143 	EXP 	window1: mouseVisible = False
33.9308 	EXP 	demo_fixation: opacity = 1
33.9308 	EXP 	demo_fixation: pos = [0, 0]
33.9311 	EXP 	window1: mouseVisible = False
33.9474 	EXP 	demo_fixation: opacity = 1
33.9474 	EXP 	demo_fixation: pos = [0, 0]
33.9476 	EXP 	window1: mouseVisible = False
33.9640 	EXP 	demo_fixation: opacity = 1
33.9640 	EXP 	demo_fixation: pos = [0, 0]
33.9642 	EXP 	window1: mouseVisible = False
33.9806 	EXP 	demo_fixation: opacity = 1
33.9806 	EXP 	demo_fixation: pos = [0, 0]
33.9809 	EXP 	window1: mouseVisible = False
33.9974 	EXP 	demo_fixation: opacity = 1
33.9974 	EXP 	demo_fixation: pos = [0, 0]
33.9977 	EXP 	window1: mouseVisible = False
34.0139 	EXP 	demo_fixation: opacity = 1
34.0139 	EXP 	demo_fixation: pos = [0, 0]
34.0142 	EXP 	window1: mouseVisible = False
34.0307 	EXP 	demo_fixation: opacity = 1
34.0307 	EXP 	demo_fixation: pos = [0, 0]
34.0309 	EXP 	window1: mouseVisible = False
34.0471 	EXP 	demo_fixation: opacity = 1
34.0471 	EXP 	demo_fixation: pos = [0, 0]
34.0473 	EXP 	window1: mouseVisible = False
34.0637 	EXP 	demo_fixation: opacity = 1
34.0637 	EXP 	demo_fixation: pos = [0, 0]
34.0639 	EXP 	window1: mouseVisible = False
34.0687 	DATA 	Mouse: Left button down, pos=(1013,529)
34.0825 	EXP 	demo_fixation: opacity = 0
34.0825 	EXP 	demo_fixation: pos = array([0., 0.])
34.0828 	EXP 	window1: mouseVisible = False
34.0990 	EXP 	demo_fixation: opacity = 0
34.0990 	EXP 	demo_fixation: pos = array([0.01388889, 0.01018519])
34.0993 	EXP 	window1: mouseVisible = False
34.1139 	EXP 	demo_fixation: opacity = 0
34.1139 	EXP 	demo_fixation: pos = array([0.04444444, 0.03333333])
34.1141 	EXP 	window1: mouseVisible = False
34.1303 	EXP 	demo_fixation: opacity = 0
34.1303 	EXP 	demo_fixation: pos = array([0.08148148, 0.06111111])
34.1305 	EXP 	window1: mouseVisible = False
34.1474 	EXP 	demo_fixation: opacity = 0
34.1474 	EXP 	demo_fixation: pos = array([0.09814815, 0.07592593])
34.1476 	EXP 	window1: mouseVisible = False
34.1646 	EXP 	demo_fixation: opacity = 0
34.1646 	EXP 	demo_fixation: pos = array([0.13796296, 0.10648148])
34.1649 	EXP 	window1: mouseVisible = False
34.1805 	EXP 	demo_fixation: opacity = 0
34.1805 	EXP 	demo_fixation: pos = array([0.17314815, 0.13518519])
34.1807 	EXP 	window1: mouseVisible = False
34.1974 	EXP 	demo_fixation: opacity = 0
34.1974 	EXP 	demo_fixation: pos = array([0.20740741, 0.16296296])
34.1976 	EXP 	window1: mouseVisible = False
34.2139 	EXP 	demo_fixation: opacity = 0
34.2139 	EXP 	demo_fixation: pos = array([0.22037037, 0.17685185])
34.2141 	EXP 	window1: mouseVisible = False
34.2308 	EXP 	demo_fixation: opacity = 0
34.2308 	EXP 	demo_fixation: pos = array([0.25092593, 0.20277778])
34.2310 	EXP 	window1: mouseVisible = False
34.2473 	EXP 	demo_fixation: opacity = 0
34.2473 	EXP 	demo_fixation: pos = array([0.26388889, 0.21296296])
34.2475 	EXP 	window1: mouseVisible = False
34.2640 	EXP 	demo_fixation: opacity = 0
34.2640 	EXP 	demo_fixation: pos = array([0.30185185, 0.2462963 ])
34.2642 	EXP 	window1: mouseVisible = False
34.2935 	EXP 	demo_fixation: opacity = 0
34.2935 	EXP 	demo_fixation: pos = array([0.32314815, 0.26388889])
34.2935 	EXP 	demo_fixation: pos = array([0.32314815, 0.26388889])
34.2935 	EXP 	demo_fixation: opacity = 1
34.2935 	EXP 	demo_enclosing_1: autoDraw = False
34.2935 	EXP 	demo_enclosing: autoDraw = False
34.2935 	EXP 	demo_target: autoDraw = False
34.2935 	EXP 	demo_fixation: autoDraw = False
34.2935 	EXP 	demo_fixation: opacity = 1
34.2935 	EXP 	demo_target_feedback: pos = array([0.3, 0.3])
34.2935 	EXP 	demo_fixation_feedback: pos = array([0.32314815, 0.26388889])
34.2935 	EXP 	demo_score_text: text = 'Your score: 0'
34.2935 	EXP 	demo_enclosing_feedback_1: autoDraw = True
34.2935 	EXP 	demo_enclosing_feedback: autoDraw = True
34.2935 	EXP 	demo_target_feedback: autoDraw = True
34.2935 	EXP 	demo_fixation_feedback: autoDraw = True
34.2935 	EXP 	demo_score_text: autoDraw = True
34.4674 	DATA 	Mouse:  Left button up, pos=(1512,936)
34.7963 	EXP 	demo_fixation_feedback: autoDraw = False
35.2839 	EXP 	New trial (rep=0, index=1): OrderedDict([('target_x', -0.3), ('target_y', 0.3), ('rotation', 0)])
35.2852 	EXP 	window1: mouseVisible = False
35.2970 	EXP 	demo_enclosing_feedback_1: autoDraw = False
35.2970 	EXP 	demo_enclosing_feedback: autoDraw = False
35.2970 	EXP 	demo_target_feedback: autoDraw = False
35.2970 	EXP 	demo_fixation_feedback: autoDraw = False
35.2970 	EXP 	demo_score_text: autoDraw = False
35.2970 	EXP 	demo_fixation: opacity = 1
35.2970 	EXP 	demo_fixation: pos = [0, 0]
35.2970 	EXP 	demo_target: pos = array([-0.3,  0.3])
35.2970 	EXP 	demo_fixation: pos = array([0., 0.])
35.2970 	EXP 	demo_fixation: opacity = 1
35.2970 	EXP 	demo_fixation: pos = [0, 0]
35.2970 	EXP 	demo_enclosing_1: autoDraw = True
35.2970 	EXP 	demo_enclosing: autoDraw = True
35.2970 	EXP 	demo_fixation: autoDraw = True
35.2974 	EXP 	window1: mouseVisible = False
35.3128 	EXP 	demo_fixation: opacity = 1
35.3128 	EXP 	demo_fixation: pos = [0, 0]
35.3130 	EXP 	window1: mouseVisible = False
35.3287 	EXP 	demo_fixation: opacity = 1
35.3287 	EXP 	demo_fixation: pos = [0, 0]
35.3289 	EXP 	window1: mouseVisible = False
35.3454 	EXP 	demo_fixation: opacity = 1
35.3454 	EXP 	demo_fixation: pos = [0, 0]
35.3455 	EXP 	window1: mouseVisible = False
35.3623 	EXP 	demo_fixation: opacity = 1
35.3623 	EXP 	demo_fixation: pos = [0, 0]
35.3625 	EXP 	window1: mouseVisible = False
35.3789 	EXP 	demo_fixation: opacity = 1
35.3789 	EXP 	demo_fixation: pos = [0, 0]
35.3790 	EXP 	window1: mouseVisible = False
35.3954 	EXP 	demo_fixation: opacity = 1
35.3954 	EXP 	demo_fixation: pos = [0, 0]
35.3956 	EXP 	window1: mouseVisible = False
35.4124 	EXP 	demo_fixation: opacity = 1
35.4124 	EXP 	demo_fixation: pos = [0, 0]
35.4125 	EXP 	window1: mouseVisible = False
35.4291 	EXP 	demo_fixation: opacity = 1
35.4291 	EXP 	demo_fixation: pos = [0, 0]
35.4293 	EXP 	window1: mouseVisible = False
35.4455 	EXP 	demo_fixation: opacity = 1
35.4455 	EXP 	demo_fixation: pos = [0, 0]
35.4457 	EXP 	window1: mouseVisible = False
35.4621 	EXP 	demo_fixation: opacity = 1
35.4621 	EXP 	demo_fixation: pos = [0, 0]
35.4623 	EXP 	window1: mouseVisible = False
35.4790 	EXP 	demo_fixation: opacity = 1
35.4790 	EXP 	demo_fixation: pos = [0, 0]
35.4791 	EXP 	window1: mouseVisible = False
35.4955 	EXP 	demo_fixation: opacity = 1
35.4955 	EXP 	demo_fixation: pos = [0, 0]
35.4956 	EXP 	window1: mouseVisible = False
35.5128 	EXP 	demo_fixation: opacity = 1
35.5128 	EXP 	demo_fixation: pos = [0, 0]
35.5131 	EXP 	window1: mouseVisible = False
35.5287 	EXP 	demo_fixation: opacity = 1
35.5287 	EXP 	demo_fixation: pos = [0, 0]
35.5288 	EXP 	window1: mouseVisible = False
35.5453 	EXP 	demo_fixation: opacity = 1
35.5453 	EXP 	demo_fixation: pos = [0, 0]
35.5455 	EXP 	window1: mouseVisible = False
35.5622 	EXP 	demo_fixation: opacity = 1
35.5622 	EXP 	demo_fixation: pos = [0, 0]
35.5624 	EXP 	window1: mouseVisible = False
35.5787 	EXP 	demo_fixation: opacity = 1
35.5787 	EXP 	demo_fixation: pos = [0, 0]
35.5789 	EXP 	window1: mouseVisible = False
35.5953 	EXP 	demo_fixation: opacity = 1
35.5953 	EXP 	demo_fixation: pos = [0, 0]
35.5955 	EXP 	window1: mouseVisible = False
35.6121 	EXP 	demo_fixation: opacity = 1
35.6121 	EXP 	demo_fixation: pos = [0, 0]
35.6122 	EXP 	window1: mouseVisible = False
35.6286 	EXP 	demo_fixation: opacity = 1
35.6286 	EXP 	demo_fixation: pos = [0, 0]
35.6288 	EXP 	window1: mouseVisible = False
35.6453 	EXP 	demo_fixation: opacity = 1
35.6453 	EXP 	demo_fixation: pos = [0, 0]
35.6455 	EXP 	window1: mouseVisible = False
35.6623 	EXP 	demo_fixation: opacity = 1
35.6623 	EXP 	demo_fixation: pos = [0, 0]
35.6625 	EXP 	window1: mouseVisible = False
35.6787 	EXP 	demo_fixation: opacity = 1
35.6787 	EXP 	demo_fixation: pos = [0, 0]
35.6789 	EXP 	window1: mouseVisible = False
35.6952 	EXP 	demo_fixation: opacity = 1
35.6952 	EXP 	demo_fixation: pos = [0, 0]
35.6953 	EXP 	window1: mouseVisible = False
35.7118 	EXP 	demo_fixation: opacity = 1
35.7118 	EXP 	demo_fixation: pos = [0, 0]
35.7120 	EXP 	window1: mouseVisible = False
35.7285 	EXP 	demo_fixation: opacity = 1
35.7285 	EXP 	demo_fixation: pos = [0, 0]
35.7287 	EXP 	window1: mouseVisible = False
35.7452 	EXP 	demo_fixation: opacity = 1
35.7452 	EXP 	demo_fixation: pos = [0, 0]
35.7453 	EXP 	window1: mouseVisible = False
35.7619 	EXP 	demo_fixation: opacity = 1
35.7619 	EXP 	demo_fixation: pos = [0, 0]
35.7620 	EXP 	window1: mouseVisible = False
35.7787 	EXP 	demo_fixation: opacity = 1
35.7787 	EXP 	demo_fixation: pos = [0, 0]
35.7788 	EXP 	window1: mouseVisible = False
35.7958 	EXP 	demo_fixation: opacity = 1
35.7958 	EXP 	demo_fixation: pos = [0, 0]
35.7959 	EXP 	window1: mouseVisible = False
35.8117 	EXP 	demo_fixation: opacity = 1
35.8117 	EXP 	demo_fixation: pos = [0, 0]
35.8118 	EXP 	window1: mouseVisible = False
35.8289 	EXP 	demo_fixation: opacity = 1
35.8289 	EXP 	demo_fixation: pos = [0, 0]
35.8290 	EXP 	window1: mouseVisible = False
35.8453 	EXP 	demo_fixation: opacity = 1
35.8453 	EXP 	demo_fixation: pos = [0, 0]
35.8454 	EXP 	window1: mouseVisible = False
35.8629 	EXP 	demo_fixation: opacity = 1
35.8629 	EXP 	demo_fixation: pos = [0, 0]
35.8631 	EXP 	window1: mouseVisible = False
35.8795 	EXP 	demo_fixation: opacity = 1
35.8795 	EXP 	demo_fixation: pos = [0, 0]
35.8798 	EXP 	window1: mouseVisible = False
35.8970 	EXP 	demo_fixation: opacity = 1
35.8970 	EXP 	demo_fixation: pos = [0, 0]
35.8974 	EXP 	window1: mouseVisible = False
35.9133 	EXP 	demo_fixation: opacity = 1
35.9133 	EXP 	demo_fixation: pos = [0, 0]
35.9136 	EXP 	window1: mouseVisible = False
35.9297 	EXP 	demo_fixation: opacity = 1
35.9297 	EXP 	demo_fixation: pos = [0, 0]
35.9300 	EXP 	window1: mouseVisible = False
35.9451 	EXP 	demo_fixation: opacity = 1
35.9451 	EXP 	demo_fixation: pos = [0, 0]
35.9453 	EXP 	window1: mouseVisible = False
35.9617 	EXP 	demo_fixation: opacity = 1
35.9617 	EXP 	demo_fixation: pos = [0, 0]
35.9619 	EXP 	window1: mouseVisible = False
35.9785 	EXP 	demo_fixation: opacity = 1
35.9785 	EXP 	demo_fixation: pos = [0, 0]
35.9786 	EXP 	window1: mouseVisible = False
35.9952 	EXP 	demo_fixation: opacity = 1
35.9952 	EXP 	demo_fixation: pos = [0, 0]
35.9954 	EXP 	window1: mouseVisible = False
36.0121 	EXP 	demo_fixation: opacity = 1
36.0121 	EXP 	demo_fixation: pos = [0, 0]
36.0124 	EXP 	window1: mouseVisible = False
36.0288 	EXP 	demo_fixation: opacity = 1
36.0288 	EXP 	demo_fixation: pos = [0, 0]
36.0291 	EXP 	window1: mouseVisible = False
36.0457 	EXP 	demo_fixation: opacity = 1
36.0457 	EXP 	demo_fixation: pos = [0, 0]
36.0459 	EXP 	window1: mouseVisible = False
36.0621 	EXP 	demo_fixation: opacity = 1
36.0621 	EXP 	demo_fixation: pos = [0, 0]
36.0624 	EXP 	window1: mouseVisible = False
36.0789 	EXP 	demo_fixation: opacity = 1
36.0789 	EXP 	demo_fixation: pos = [0, 0]
36.0792 	EXP 	window1: mouseVisible = False
36.0957 	EXP 	demo_fixation: opacity = 1
36.0957 	EXP 	demo_fixation: pos = [0, 0]
36.0960 	EXP 	window1: mouseVisible = False
36.1124 	EXP 	demo_fixation: opacity = 1
36.1124 	EXP 	demo_fixation: pos = [0, 0]
36.1127 	EXP 	window1: mouseVisible = False
36.1294 	EXP 	demo_fixation: opacity = 1
36.1294 	EXP 	demo_fixation: pos = [0, 0]
36.1297 	EXP 	window1: mouseVisible = False
36.1457 	EXP 	demo_fixation: opacity = 1
36.1457 	EXP 	demo_fixation: pos = [0, 0]
36.1460 	EXP 	window1: mouseVisible = False
36.1623 	EXP 	demo_fixation: opacity = 1
36.1623 	EXP 	demo_fixation: pos = [0, 0]
36.1626 	EXP 	window1: mouseVisible = False
36.1787 	EXP 	demo_fixation: opacity = 1
36.1787 	EXP 	demo_fixation: pos = [0, 0]
36.1790 	EXP 	window1: mouseVisible = False
36.1959 	EXP 	demo_fixation: opacity = 1
36.1959 	EXP 	demo_fixation: pos = [0, 0]
36.1961 	EXP 	window1: mouseVisible = False
36.2122 	EXP 	demo_fixation: opacity = 1
36.2122 	EXP 	demo_fixation: pos = [0, 0]
36.2125 	EXP 	window1: mouseVisible = False
36.2287 	EXP 	demo_fixation: opacity = 1
36.2287 	EXP 	demo_fixation: pos = [0, 0]
36.2290 	EXP 	window1: mouseVisible = False
36.2455 	EXP 	demo_fixation: opacity = 1
36.2455 	EXP 	demo_fixation: pos = [0, 0]
36.2458 	EXP 	window1: mouseVisible = False
36.2621 	EXP 	demo_fixation: opacity = 1
36.2621 	EXP 	demo_fixation: pos = [0, 0]
36.2624 	EXP 	window1: mouseVisible = False
36.2788 	EXP 	demo_fixation: opacity = 1
36.2788 	EXP 	demo_fixation: pos = [0, 0]
36.2791 	EXP 	window1: mouseVisible = False
36.2954 	EXP 	demo_fixation: opacity = 1
36.2954 	EXP 	demo_fixation: pos = [0, 0]
36.2957 	EXP 	window1: mouseVisible = False
36.3121 	EXP 	demo_fixation: opacity = 1
36.3121 	EXP 	demo_fixation: pos = [0, 0]
36.3124 	EXP 	window1: mouseVisible = False
36.3288 	EXP 	demo_fixation: opacity = 1
36.3288 	EXP 	demo_fixation: pos = [0, 0]
36.3291 	EXP 	window1: mouseVisible = False
36.3461 	EXP 	demo_fixation: opacity = 1
36.3461 	EXP 	demo_fixation: pos = [0, 0]
36.3464 	EXP 	window1: mouseVisible = False
36.3621 	EXP 	demo_fixation: opacity = 1
36.3621 	EXP 	demo_fixation: pos = [0, 0]
36.3621 	EXP 	demo_target: autoDraw = True
36.3624 	EXP 	window1: mouseVisible = False
36.3793 	EXP 	demo_fixation: opacity = 1
36.3793 	EXP 	demo_fixation: pos = [0, 0]
36.3796 	EXP 	window1: mouseVisible = False
36.3954 	EXP 	demo_fixation: opacity = 1
36.3954 	EXP 	demo_fixation: pos = [0, 0]
36.3957 	EXP 	window1: mouseVisible = False
36.4128 	EXP 	demo_fixation: opacity = 1
36.4128 	EXP 	demo_fixation: pos = [0, 0]
36.4131 	EXP 	window1: mouseVisible = False
36.4284 	EXP 	demo_fixation: opacity = 1
36.4284 	EXP 	demo_fixation: pos = [0, 0]
36.4287 	EXP 	window1: mouseVisible = False
36.4458 	EXP 	demo_fixation: opacity = 1
36.4458 	EXP 	demo_fixation: pos = [0, 0]
36.4461 	EXP 	window1: mouseVisible = False
36.4618 	EXP 	demo_fixation: opacity = 1
36.4618 	EXP 	demo_fixation: pos = [0, 0]
36.4621 	EXP 	window1: mouseVisible = False
36.4786 	EXP 	demo_fixation: opacity = 1
36.4786 	EXP 	demo_fixation: pos = [0, 0]
36.4789 	EXP 	window1: mouseVisible = False
36.4952 	EXP 	demo_fixation: opacity = 1
36.4952 	EXP 	demo_fixation: pos = [0, 0]
36.4956 	EXP 	window1: mouseVisible = False
36.5118 	EXP 	demo_fixation: opacity = 1
36.5118 	EXP 	demo_fixation: pos = [0, 0]
36.5121 	EXP 	window1: mouseVisible = False
36.5285 	EXP 	demo_fixation: opacity = 1
36.5285 	EXP 	demo_fixation: pos = [0, 0]
36.5288 	EXP 	window1: mouseVisible = False
36.5452 	EXP 	demo_fixation: opacity = 1
36.5452 	EXP 	demo_fixation: pos = [0, 0]
36.5455 	EXP 	window1: mouseVisible = False
36.5618 	EXP 	demo_fixation: opacity = 1
36.5618 	EXP 	demo_fixation: pos = [0, 0]
36.5621 	EXP 	window1: mouseVisible = False
36.5785 	EXP 	demo_fixation: opacity = 1
36.5785 	EXP 	demo_fixation: pos = [0, 0]
36.5788 	EXP 	window1: mouseVisible = False
36.5951 	EXP 	demo_fixation: opacity = 1
36.5951 	EXP 	demo_fixation: pos = [0, 0]
36.5954 	EXP 	window1: mouseVisible = False
36.6119 	EXP 	demo_fixation: opacity = 1
36.6119 	EXP 	demo_fixation: pos = [0, 0]
36.6122 	EXP 	window1: mouseVisible = False
36.6284 	EXP 	demo_fixation: opacity = 1
36.6284 	EXP 	demo_fixation: pos = [0, 0]
36.6287 	EXP 	window1: mouseVisible = False
36.6452 	EXP 	demo_fixation: opacity = 1
36.6452 	EXP 	demo_fixation: pos = [0, 0]
36.6455 	EXP 	window1: mouseVisible = False
36.6618 	EXP 	demo_fixation: opacity = 1
36.6618 	EXP 	demo_fixation: pos = [0, 0]
36.6621 	EXP 	window1: mouseVisible = False
36.6782 	EXP 	demo_fixation: opacity = 1
36.6782 	EXP 	demo_fixation: pos = [0, 0]
36.6785 	EXP 	window1: mouseVisible = False
36.6955 	EXP 	demo_fixation: opacity = 1
36.6955 	EXP 	demo_fixation: pos = [0, 0]
36.6958 	EXP 	window1: mouseVisible = False
36.7115 	EXP 	demo_fixation: opacity = 1
36.7115 	EXP 	demo_fixation: pos = [0, 0]
36.7118 	EXP 	window1: mouseVisible = False
36.7284 	EXP 	demo_fixation: opacity = 1
36.7284 	EXP 	demo_fixation: pos = [0, 0]
36.7286 	EXP 	window1: mouseVisible = False
36.7455 	EXP 	demo_fixation: opacity = 1
36.7455 	EXP 	demo_fixation: pos = [0, 0]
36.7458 	EXP 	window1: mouseVisible = False
36.7617 	EXP 	demo_fixation: opacity = 1
36.7617 	EXP 	demo_fixation: pos = [0, 0]
36.7619 	EXP 	window1: mouseVisible = False
36.7782 	EXP 	demo_fixation: opacity = 1
36.7782 	EXP 	demo_fixation: pos = [0, 0]
36.7785 	EXP 	window1: mouseVisible = False
36.7950 	EXP 	demo_fixation: opacity = 1
36.7950 	EXP 	demo_fixation: pos = [0, 0]
36.7953 	EXP 	window1: mouseVisible = False
36.8111 	EXP 	demo_fixation: opacity = 1
36.8111 	EXP 	demo_fixation: pos = [0, 0]
36.8114 	EXP 	window1: mouseVisible = False
36.8278 	EXP 	demo_fixation: opacity = 1
36.8278 	EXP 	demo_fixation: pos = [0, 0]
36.8280 	EXP 	window1: mouseVisible = False
36.8443 	EXP 	demo_fixation: opacity = 1
36.8443 	EXP 	demo_fixation: pos = [0, 0]
36.8445 	EXP 	window1: mouseVisible = False
36.8610 	EXP 	demo_fixation: opacity = 1
36.8610 	EXP 	demo_fixation: pos = [0, 0]
36.8612 	EXP 	window1: mouseVisible = False
36.8657 	DATA 	Mouse: Left button down, pos=(992,518)
36.8786 	EXP 	demo_fixation: opacity = 0
36.8786 	EXP 	demo_fixation: pos = array([0., 0.])
36.8787 	EXP 	window1: mouseVisible = False
36.8944 	EXP 	demo_fixation: opacity = 0
36.8944 	EXP 	demo_fixation: pos = array([-0.01296296, -0.01759259])
36.8945 	EXP 	window1: mouseVisible = False
36.9113 	EXP 	demo_fixation: opacity = 0
36.9113 	EXP 	demo_fixation: pos = array([-0.04351852, -0.06481481])
36.9116 	EXP 	window1: mouseVisible = False
36.9277 	EXP 	demo_fixation: opacity = 0
36.9277 	EXP 	demo_fixation: pos = array([-0.07407407, -0.12037037])
36.9279 	EXP 	window1: mouseVisible = False
36.9445 	EXP 	demo_fixation: opacity = 0
36.9445 	EXP 	demo_fixation: pos = array([-0.10277778, -0.17314815])
36.9446 	EXP 	window1: mouseVisible = False
36.9610 	EXP 	demo_fixation: opacity = 0
36.9610 	EXP 	demo_fixation: pos = array([-0.11851852, -0.19907407])
36.9611 	EXP 	window1: mouseVisible = False
36.9778 	EXP 	demo_fixation: opacity = 0
36.9778 	EXP 	demo_fixation: pos = array([-0.13981481, -0.23796296])
36.9779 	EXP 	window1: mouseVisible = False
36.9942 	EXP 	demo_fixation: opacity = 0
36.9942 	EXP 	demo_fixation: pos = array([-0.15462963, -0.26296296])
36.9943 	EXP 	window1: mouseVisible = False
37.0110 	EXP 	demo_fixation: opacity = 0
37.0110 	EXP 	demo_fixation: pos = array([-0.16759259, -0.28055556])
37.0112 	EXP 	window1: mouseVisible = False
37.0277 	EXP 	demo_fixation: opacity = 0
37.0277 	EXP 	demo_fixation: pos = array([-0.17222222, -0.28888889])
37.0279 	EXP 	window1: mouseVisible = False
37.0445 	EXP 	demo_fixation: opacity = 0
37.0445 	EXP 	demo_fixation: pos = array([-0.17777778, -0.3       ])
37.0447 	EXP 	window1: mouseVisible = False
37.0611 	EXP 	demo_fixation: opacity = 0
37.0611 	EXP 	demo_fixation: pos = array([-0.18148148, -0.30833333])
37.0613 	EXP 	window1: mouseVisible = False
37.0778 	EXP 	demo_fixation: opacity = 0
37.0778 	EXP 	demo_fixation: pos = array([-0.18425926, -0.31574074])
37.0780 	EXP 	window1: mouseVisible = False
37.0944 	EXP 	demo_fixation: opacity = 0
37.0944 	EXP 	demo_fixation: pos = array([-0.18518519, -0.31759259])
37.0946 	EXP 	window1: mouseVisible = False
37.1111 	EXP 	demo_fixation: opacity = 0
37.1111 	EXP 	demo_fixation: pos = array([-0.18611111, -0.3212963 ])
37.1113 	EXP 	window1: mouseVisible = False
37.1277 	EXP 	demo_fixation: opacity = 0
37.1277 	EXP 	demo_fixation: pos = array([-0.18796296, -0.325     ])
37.1279 	EXP 	window1: mouseVisible = False
37.1443 	EXP 	demo_fixation: opacity = 0
37.1443 	EXP 	demo_fixation: pos = array([-0.18888889, -0.32777778])
37.1445 	EXP 	window1: mouseVisible = False
37.1611 	EXP 	demo_fixation: opacity = 0
37.1611 	EXP 	demo_fixation: pos = array([-0.18981481, -0.32962963])
37.1614 	EXP 	window1: mouseVisible = False
37.1775 	EXP 	demo_fixation: opacity = 0
37.1775 	EXP 	demo_fixation: pos = array([-0.19166667, -0.33333333])
37.1777 	EXP 	window1: mouseVisible = False
37.1943 	EXP 	demo_fixation: opacity = 0
37.1943 	EXP 	demo_fixation: pos = array([-0.19259259, -0.33796296])
37.1945 	EXP 	window1: mouseVisible = False
37.2108 	EXP 	demo_fixation: opacity = 0
37.2108 	EXP 	demo_fixation: pos = array([-0.19444444, -0.34074074])
37.2110 	EXP 	window1: mouseVisible = False
37.2276 	EXP 	demo_fixation: opacity = 0
37.2276 	EXP 	demo_fixation: pos = array([-0.19537037, -0.34259259])
37.2278 	EXP 	window1: mouseVisible = False
37.2442 	EXP 	demo_fixation: opacity = 0
37.2442 	EXP 	demo_fixation: pos = array([-0.1962963 , -0.34444444])
37.2444 	EXP 	window1: mouseVisible = False
37.2609 	EXP 	demo_fixation: opacity = 0
37.2609 	EXP 	demo_fixation: pos = array([-0.19722222, -0.3462963 ])
37.2611 	EXP 	window1: mouseVisible = False
37.2787 	EXP 	demo_fixation: opacity = 0
37.2787 	EXP 	demo_fixation: pos = array([-0.19814815, -0.34722222])
37.2787 	EXP 	demo_fixation: pos = array([-0.19814815, -0.34722222])
37.2787 	EXP 	demo_fixation: opacity = 1
37.2787 	EXP 	demo_enclosing_1: autoDraw = False
37.2787 	EXP 	demo_enclosing: autoDraw = False
37.2787 	EXP 	demo_target: autoDraw = False
37.2787 	EXP 	demo_fixation: autoDraw = False
37.2787 	EXP 	demo_fixation: opacity = 1
37.2787 	EXP 	demo_target_feedback: pos = array([-0.3,  0.3])
37.2787 	EXP 	demo_fixation_feedback: pos = array([-0.19814815, -0.34722222])
37.2787 	EXP 	demo_score_text: text = 'Your score: 0'
37.2787 	EXP 	demo_enclosing_feedback_1: autoDraw = True
37.2787 	EXP 	demo_enclosing_feedback: autoDraw = True
37.2787 	EXP 	demo_target_feedback: autoDraw = True
37.2787 	EXP 	demo_fixation_feedback: autoDraw = True
37.2787 	EXP 	demo_score_text: autoDraw = True
37.3989 	DATA 	Mouse:  Left button up, pos=(750,97)
37.7938 	EXP 	demo_fixation_feedback: autoDraw = False
38.2790 	EXP 	New trial (rep=0, index=2): OrderedDict([('target_x', 0.3), ('target_y', -0.3), ('rotation', 0)])
38.2801 	EXP 	window1: mouseVisible = False
38.2932 	EXP 	demo_enclosing_feedback_1: autoDraw = False
38.2932 	EXP 	demo_enclosing_feedback: autoDraw = False
38.2932 	EXP 	demo_target_feedback: autoDraw = False
38.2932 	EXP 	demo_fixation_feedback: autoDraw = False
38.2932 	EXP 	demo_score_text: autoDraw = False
38.2932 	EXP 	demo_fixation: opacity = 1
38.2932 	EXP 	demo_fixation: pos = [0, 0]
38.2932 	EXP 	demo_target: pos = array([ 0.3, -0.3])
38.2932 	EXP 	demo_fixation: pos = array([0., 0.])
38.2932 	EXP 	demo_fixation: opacity = 1
38.2932 	EXP 	demo_fixation: pos = [0, 0]
38.2932 	EXP 	demo_enclosing_1: autoDraw = True
38.2932 	EXP 	demo_enclosing: autoDraw = True
38.2932 	EXP 	demo_fixation: autoDraw = True
38.2935 	EXP 	window1: mouseVisible = False
38.3099 	EXP 	demo_fixation: opacity = 1
38.3099 	EXP 	demo_fixation: pos = [0, 0]
38.3101 	EXP 	window1: mouseVisible = False
38.3266 	EXP 	demo_fixation: opacity = 1
38.3266 	EXP 	demo_fixation: pos = [0, 0]
38.3268 	EXP 	window1: mouseVisible = False
38.3433 	EXP 	demo_fixation: opacity = 1
38.3433 	EXP 	demo_fixation: pos = [0, 0]
38.3435 	EXP 	window1: mouseVisible = False
38.3601 	EXP 	demo_fixation: opacity = 1
38.3601 	EXP 	demo_fixation: pos = [0, 0]
38.3603 	EXP 	window1: mouseVisible = False
38.3768 	EXP 	demo_fixation: opacity = 1
38.3768 	EXP 	demo_fixation: pos = [0, 0]
38.3771 	EXP 	window1: mouseVisible = False
38.3934 	EXP 	demo_fixation: opacity = 1
38.3934 	EXP 	demo_fixation: pos = [0, 0]
38.3937 	EXP 	window1: mouseVisible = False
38.4101 	EXP 	demo_fixation: opacity = 1
38.4101 	EXP 	demo_fixation: pos = [0, 0]
38.4104 	EXP 	window1: mouseVisible = False
38.4267 	EXP 	demo_fixation: opacity = 1
38.4267 	EXP 	demo_fixation: pos = [0, 0]
38.4271 	EXP 	window1: mouseVisible = False
38.4436 	EXP 	demo_fixation: opacity = 1
38.4436 	EXP 	demo_fixation: pos = [0, 0]
38.4439 	EXP 	window1: mouseVisible = False
38.4600 	EXP 	demo_fixation: opacity = 1
38.4600 	EXP 	demo_fixation: pos = [0, 0]
38.4602 	EXP 	window1: mouseVisible = False
38.4766 	EXP 	demo_fixation: opacity = 1
38.4766 	EXP 	demo_fixation: pos = [0, 0]
38.4769 	EXP 	window1: mouseVisible = False
38.4933 	EXP 	demo_fixation: opacity = 1
38.4933 	EXP 	demo_fixation: pos = [0, 0]
38.4936 	EXP 	window1: mouseVisible = False
38.5100 	EXP 	demo_fixation: opacity = 1
38.5100 	EXP 	demo_fixation: pos = [0, 0]
38.5103 	EXP 	window1: mouseVisible = False
38.5267 	EXP 	demo_fixation: opacity = 1
38.5267 	EXP 	demo_fixation: pos = [0, 0]
38.5269 	EXP 	window1: mouseVisible = False
38.5433 	EXP 	demo_fixation: opacity = 1
38.5433 	EXP 	demo_fixation: pos = [0, 0]
38.5436 	EXP 	window1: mouseVisible = False
38.5600 	EXP 	demo_fixation: opacity = 1
38.5600 	EXP 	demo_fixation: pos = [0, 0]
38.5603 	EXP 	window1: mouseVisible = False
38.5766 	EXP 	demo_fixation: opacity = 1
38.5766 	EXP 	demo_fixation: pos = [0, 0]
38.5769 	EXP 	window1: mouseVisible = False
38.5933 	EXP 	demo_fixation: opacity = 1
38.5933 	EXP 	demo_fixation: pos = [0, 0]
38.5936 	EXP 	window1: mouseVisible = False
38.6099 	EXP 	demo_fixation: opacity = 1
38.6099 	EXP 	demo_fixation: pos = [0, 0]
38.6102 	EXP 	window1: mouseVisible = False
38.6265 	EXP 	demo_fixation: opacity = 1
38.6265 	EXP 	demo_fixation: pos = [0, 0]
38.6268 	EXP 	window1: mouseVisible = False
38.6437 	EXP 	demo_fixation: opacity = 1
38.6437 	EXP 	demo_fixation: pos = [0, 0]
38.6440 	EXP 	window1: mouseVisible = False
38.6604 	EXP 	demo_fixation: opacity = 1
38.6604 	EXP 	demo_fixation: pos = [0, 0]
38.6608 	EXP 	window1: mouseVisible = False
38.6764 	EXP 	demo_fixation: opacity = 1
38.6764 	EXP 	demo_fixation: pos = [0, 0]
38.6766 	EXP 	window1: mouseVisible = False
38.6926 	EXP 	demo_fixation: opacity = 1
38.6926 	EXP 	demo_fixation: pos = [0, 0]
38.6928 	EXP 	window1: mouseVisible = False
38.7092 	EXP 	demo_fixation: opacity = 1
38.7092 	EXP 	demo_fixation: pos = [0, 0]
38.7094 	EXP 	window1: mouseVisible = False
38.7260 	EXP 	demo_fixation: opacity = 1
38.7260 	EXP 	demo_fixation: pos = [0, 0]
38.7262 	EXP 	window1: mouseVisible = False
38.7433 	EXP 	demo_fixation: opacity = 1
38.7433 	EXP 	demo_fixation: pos = [0, 0]
38.7435 	EXP 	window1: mouseVisible = False
38.7593 	EXP 	demo_fixation: opacity = 1
38.7593 	EXP 	demo_fixation: pos = [0, 0]
38.7595 	EXP 	window1: mouseVisible = False
38.7760 	EXP 	demo_fixation: opacity = 1
38.7760 	EXP 	demo_fixation: pos = [0, 0]
38.7762 	EXP 	window1: mouseVisible = False
38.7932 	EXP 	demo_fixation: opacity = 1
38.7932 	EXP 	demo_fixation: pos = [0, 0]
38.7934 	EXP 	window1: mouseVisible = False
38.8092 	EXP 	demo_fixation: opacity = 1
38.8092 	EXP 	demo_fixation: pos = [0, 0]
38.8094 	EXP 	window1: mouseVisible = False
38.8260 	EXP 	demo_fixation: opacity = 1
38.8260 	EXP 	demo_fixation: pos = [0, 0]
38.8262 	EXP 	window1: mouseVisible = False
38.8427 	EXP 	demo_fixation: opacity = 1
38.8427 	EXP 	demo_fixation: pos = [0, 0]
38.8429 	EXP 	window1: mouseVisible = False
38.8594 	EXP 	demo_fixation: opacity = 1
38.8594 	EXP 	demo_fixation: pos = [0, 0]
38.8596 	EXP 	window1: mouseVisible = False
38.8763 	EXP 	demo_fixation: opacity = 1
38.8763 	EXP 	demo_fixation: pos = [0, 0]
38.8765 	EXP 	window1: mouseVisible = False
38.8928 	EXP 	demo_fixation: opacity = 1
38.8928 	EXP 	demo_fixation: pos = [0, 0]
38.8931 	EXP 	window1: mouseVisible = False
38.9095 	EXP 	demo_fixation: opacity = 1
38.9095 	EXP 	demo_fixation: pos = [0, 0]
38.9098 	EXP 	window1: mouseVisible = False
38.9262 	EXP 	demo_fixation: opacity = 1
38.9262 	EXP 	demo_fixation: pos = [0, 0]
38.9264 	EXP 	window1: mouseVisible = False
38.9428 	EXP 	demo_fixation: opacity = 1
38.9428 	EXP 	demo_fixation: pos = [0, 0]
38.9430 	EXP 	window1: mouseVisible = False
38.9594 	EXP 	demo_fixation: opacity = 1
38.9594 	EXP 	demo_fixation: pos = [0, 0]
38.9596 	EXP 	window1: mouseVisible = False
38.9761 	EXP 	demo_fixation: opacity = 1
38.9761 	EXP 	demo_fixation: pos = [0, 0]
38.9764 	EXP 	window1: mouseVisible = False
38.9928 	EXP 	demo_fixation: opacity = 1
38.9928 	EXP 	demo_fixation: pos = [0, 0]
38.9930 	EXP 	window1: mouseVisible = False
39.0097 	EXP 	demo_fixation: opacity = 1
39.0097 	EXP 	demo_fixation: pos = [0, 0]
39.0100 	EXP 	window1: mouseVisible = False
39.0265 	EXP 	demo_fixation: opacity = 1
39.0265 	EXP 	demo_fixation: pos = [0, 0]
39.0267 	EXP 	window1: mouseVisible = False
39.0433 	EXP 	demo_fixation: opacity = 1
39.0433 	EXP 	demo_fixation: pos = [0, 0]
39.0436 	EXP 	window1: mouseVisible = False
39.0595 	EXP 	demo_fixation: opacity = 1
39.0595 	EXP 	demo_fixation: pos = [0, 0]
39.0599 	EXP 	window1: mouseVisible = False
39.0760 	EXP 	demo_fixation: opacity = 1
39.0760 	EXP 	demo_fixation: pos = [0, 0]
39.0762 	EXP 	window1: mouseVisible = False
39.0926 	EXP 	demo_fixation: opacity = 1
39.0926 	EXP 	demo_fixation: pos = [0, 0]
39.0929 	EXP 	window1: mouseVisible = False
39.1093 	EXP 	demo_fixation: opacity = 1
39.1093 	EXP 	demo_fixation: pos = [0, 0]
39.1096 	EXP 	window1: mouseVisible = False
39.1260 	EXP 	demo_fixation: opacity = 1
39.1260 	EXP 	demo_fixation: pos = [0, 0]
39.1262 	EXP 	window1: mouseVisible = False
39.1426 	EXP 	demo_fixation: opacity = 1
39.1426 	EXP 	demo_fixation: pos = [0, 0]
39.1429 	EXP 	window1: mouseVisible = False
39.1591 	EXP 	demo_fixation: opacity = 1
39.1591 	EXP 	demo_fixation: pos = [0, 0]
39.1593 	EXP 	window1: mouseVisible = False
39.1762 	EXP 	demo_fixation: opacity = 1
39.1762 	EXP 	demo_fixation: pos = [0, 0]
39.1764 	EXP 	window1: mouseVisible = False
39.1929 	EXP 	demo_fixation: opacity = 1
39.1929 	EXP 	demo_fixation: pos = [0, 0]
39.1932 	EXP 	window1: mouseVisible = False
39.2092 	EXP 	demo_fixation: opacity = 1
39.2092 	EXP 	demo_fixation: pos = [0, 0]
39.2094 	EXP 	window1: mouseVisible = False
39.2259 	EXP 	demo_fixation: opacity = 1
39.2259 	EXP 	demo_fixation: pos = [0, 0]
39.2261 	EXP 	window1: mouseVisible = False
39.2425 	EXP 	demo_fixation: opacity = 1
39.2425 	EXP 	demo_fixation: pos = [0, 0]
39.2427 	EXP 	window1: mouseVisible = False
39.2590 	EXP 	demo_fixation: opacity = 1
39.2590 	EXP 	demo_fixation: pos = [0, 0]
39.2593 	EXP 	window1: mouseVisible = False
39.2758 	EXP 	demo_fixation: opacity = 1
39.2758 	EXP 	demo_fixation: pos = [0, 0]
39.2758 	EXP 	demo_target: autoDraw = True
39.2761 	EXP 	window1: mouseVisible = False
39.2924 	EXP 	demo_fixation: opacity = 1
39.2924 	EXP 	demo_fixation: pos = [0, 0]
39.2926 	EXP 	window1: mouseVisible = False
39.3090 	EXP 	demo_fixation: opacity = 1
39.3090 	EXP 	demo_fixation: pos = [0, 0]
39.3093 	EXP 	window1: mouseVisible = False
39.3258 	EXP 	demo_fixation: opacity = 1
39.3258 	EXP 	demo_fixation: pos = [0, 0]
39.3260 	EXP 	window1: mouseVisible = False
39.3425 	EXP 	demo_fixation: opacity = 1
39.3425 	EXP 	demo_fixation: pos = [0, 0]
39.3427 	EXP 	window1: mouseVisible = False
39.3591 	EXP 	demo_fixation: opacity = 1
39.3591 	EXP 	demo_fixation: pos = [0, 0]
39.3593 	EXP 	window1: mouseVisible = False
39.3756 	EXP 	demo_fixation: opacity = 1
39.3756 	EXP 	demo_fixation: pos = [0, 0]
39.3759 	EXP 	window1: mouseVisible = False
39.3923 	EXP 	demo_fixation: opacity = 1
39.3923 	EXP 	demo_fixation: pos = [0, 0]
39.3926 	EXP 	window1: mouseVisible = False
39.4089 	EXP 	demo_fixation: opacity = 1
39.4089 	EXP 	demo_fixation: pos = [0, 0]
39.4092 	EXP 	window1: mouseVisible = False
39.4257 	EXP 	demo_fixation: opacity = 1
39.4257 	EXP 	demo_fixation: pos = [0, 0]
39.4259 	EXP 	window1: mouseVisible = False
39.4422 	EXP 	demo_fixation: opacity = 1
39.4422 	EXP 	demo_fixation: pos = [0, 0]
39.4425 	EXP 	window1: mouseVisible = False
39.4588 	EXP 	demo_fixation: opacity = 1
39.4588 	EXP 	demo_fixation: pos = [0, 0]
39.4591 	EXP 	window1: mouseVisible = False
39.4756 	EXP 	demo_fixation: opacity = 1
39.4756 	EXP 	demo_fixation: pos = [0, 0]
39.4759 	EXP 	window1: mouseVisible = False
39.4927 	EXP 	demo_fixation: opacity = 1
39.4927 	EXP 	demo_fixation: pos = [0, 0]
39.4929 	EXP 	window1: mouseVisible = False
39.5089 	EXP 	demo_fixation: opacity = 1
39.5089 	EXP 	demo_fixation: pos = [0, 0]
39.5092 	EXP 	window1: mouseVisible = False
39.5256 	EXP 	demo_fixation: opacity = 1
39.5256 	EXP 	demo_fixation: pos = [0, 0]
39.5258 	EXP 	window1: mouseVisible = False
39.5427 	EXP 	demo_fixation: opacity = 1
39.5427 	EXP 	demo_fixation: pos = [0, 0]
39.5429 	EXP 	window1: mouseVisible = False
39.5589 	EXP 	demo_fixation: opacity = 1
39.5589 	EXP 	demo_fixation: pos = [0, 0]
39.5592 	EXP 	window1: mouseVisible = False
39.5755 	EXP 	demo_fixation: opacity = 1
39.5755 	EXP 	demo_fixation: pos = [0, 0]
39.5758 	EXP 	window1: mouseVisible = False
39.5922 	EXP 	demo_fixation: opacity = 1
39.5922 	EXP 	demo_fixation: pos = [0, 0]
39.5924 	EXP 	window1: mouseVisible = False
39.6094 	EXP 	demo_fixation: opacity = 1
39.6094 	EXP 	demo_fixation: pos = [0, 0]
39.6097 	EXP 	window1: mouseVisible = False
39.6259 	EXP 	demo_fixation: opacity = 1
39.6259 	EXP 	demo_fixation: pos = [0, 0]
39.6261 	EXP 	window1: mouseVisible = False
39.6422 	EXP 	demo_fixation: opacity = 1
39.6422 	EXP 	demo_fixation: pos = [0, 0]
39.6424 	EXP 	window1: mouseVisible = False
39.6593 	EXP 	demo_fixation: opacity = 1
39.6593 	EXP 	demo_fixation: pos = [0, 0]
39.6596 	EXP 	window1: mouseVisible = False
39.6752 	EXP 	demo_fixation: opacity = 1
39.6752 	EXP 	demo_fixation: pos = [0, 0]
39.6755 	EXP 	window1: mouseVisible = False
39.6920 	EXP 	demo_fixation: opacity = 1
39.6920 	EXP 	demo_fixation: pos = [0, 0]
39.6922 	EXP 	window1: mouseVisible = False
39.7087 	EXP 	demo_fixation: opacity = 1
39.7087 	EXP 	demo_fixation: pos = [0, 0]
39.7090 	EXP 	window1: mouseVisible = False
39.7253 	EXP 	demo_fixation: opacity = 1
39.7253 	EXP 	demo_fixation: pos = [0, 0]
39.7256 	EXP 	window1: mouseVisible = False
39.7421 	EXP 	demo_fixation: opacity = 1
39.7421 	EXP 	demo_fixation: pos = [0, 0]
39.7423 	EXP 	window1: mouseVisible = False
39.7592 	EXP 	demo_fixation: opacity = 1
39.7592 	EXP 	demo_fixation: pos = [0, 0]
39.7595 	EXP 	window1: mouseVisible = False
39.7753 	EXP 	demo_fixation: opacity = 1
39.7753 	EXP 	demo_fixation: pos = [0, 0]
39.7755 	EXP 	window1: mouseVisible = False
39.7919 	EXP 	demo_fixation: opacity = 1
39.7919 	EXP 	demo_fixation: pos = [0, 0]
39.7922 	EXP 	window1: mouseVisible = False
39.8086 	EXP 	demo_fixation: opacity = 1
39.8086 	EXP 	demo_fixation: pos = [0, 0]
39.8088 	EXP 	window1: mouseVisible = False
39.8251 	EXP 	demo_fixation: opacity = 1
39.8251 	EXP 	demo_fixation: pos = [0, 0]
39.8253 	EXP 	window1: mouseVisible = False
39.8417 	EXP 	demo_fixation: opacity = 1
39.8417 	EXP 	demo_fixation: pos = [0, 0]
39.8419 	EXP 	window1: mouseVisible = False
39.8582 	EXP 	demo_fixation: opacity = 1
39.8582 	EXP 	demo_fixation: pos = [0, 0]
39.8584 	EXP 	window1: mouseVisible = False
39.8749 	EXP 	demo_fixation: opacity = 1
39.8749 	EXP 	demo_fixation: pos = [0, 0]
39.8751 	EXP 	window1: mouseVisible = False
39.8832 	DATA 	Mouse: Left button down, pos=(1011,534)
39.8924 	EXP 	demo_fixation: opacity = 1
39.8924 	EXP 	demo_fixation: pos = [0, 0]
39.8927 	EXP 	window1: mouseVisible = False
39.9083 	EXP 	demo_fixation: opacity = 0
39.9083 	EXP 	demo_fixation: pos = array([0., 0.])
39.9085 	EXP 	window1: mouseVisible = False
39.9251 	EXP 	demo_fixation: opacity = 0
39.9251 	EXP 	demo_fixation: pos = array([ 0.01481481, -0.01759259])
39.9252 	EXP 	window1: mouseVisible = False
39.9419 	EXP 	demo_fixation: opacity = 0
39.9419 	EXP 	demo_fixation: pos = array([ 0.02962963, -0.03611111])
39.9421 	EXP 	window1: mouseVisible = False
39.9581 	EXP 	demo_fixation: opacity = 0
39.9581 	EXP 	demo_fixation: pos = array([ 0.03796296, -0.04814815])
39.9583 	EXP 	window1: mouseVisible = False
39.9752 	EXP 	demo_fixation: opacity = 0
39.9752 	EXP 	demo_fixation: pos = array([ 0.05462963, -0.0712963 ])
39.9753 	EXP 	window1: mouseVisible = False
39.9915 	EXP 	demo_fixation: opacity = 0
39.9915 	EXP 	demo_fixation: pos = array([ 0.075     , -0.09907407])
39.9917 	EXP 	window1: mouseVisible = False
40.0082 	EXP 	demo_fixation: opacity = 0
40.0082 	EXP 	demo_fixation: pos = array([ 0.0962963 , -0.13055556])
40.0083 	EXP 	window1: mouseVisible = False
40.0249 	EXP 	demo_fixation: opacity = 0
40.0249 	EXP 	demo_fixation: pos = array([ 0.10555556, -0.14444444])
40.0251 	EXP 	window1: mouseVisible = False
40.0415 	EXP 	demo_fixation: opacity = 0
40.0415 	EXP 	demo_fixation: pos = array([ 0.12962963, -0.17407407])
40.0416 	EXP 	window1: mouseVisible = False
40.0583 	EXP 	demo_fixation: opacity = 0
40.0583 	EXP 	demo_fixation: pos = array([ 0.15277778, -0.20092593])
40.0585 	EXP 	window1: mouseVisible = False
40.0750 	EXP 	demo_fixation: opacity = 0
40.0750 	EXP 	demo_fixation: pos = array([ 0.17685185, -0.22685185])
40.0752 	EXP 	window1: mouseVisible = False
40.0916 	EXP 	demo_fixation: opacity = 0
40.0916 	EXP 	demo_fixation: pos = array([ 0.18981481, -0.23796296])
40.0918 	EXP 	window1: mouseVisible = False
40.1085 	EXP 	demo_fixation: opacity = 0
40.1085 	EXP 	demo_fixation: pos = array([ 0.21388889, -0.26018519])
40.1086 	EXP 	window1: mouseVisible = False
40.1250 	EXP 	demo_fixation: opacity = 0
40.1250 	EXP 	demo_fixation: pos = array([ 0.23518519, -0.27777778])
40.1252 	EXP 	window1: mouseVisible = False
40.1416 	EXP 	demo_fixation: opacity = 0
40.1416 	EXP 	demo_fixation: pos = array([ 0.25462963, -0.29351852])
40.1418 	EXP 	window1: mouseVisible = False
40.1582 	EXP 	demo_fixation: opacity = 0
40.1582 	EXP 	demo_fixation: pos = array([ 0.26388889, -0.3       ])
40.1584 	EXP 	window1: mouseVisible = False
40.1761 	EXP 	demo_fixation: opacity = 0
40.1761 	EXP 	demo_fixation: pos = array([ 0.2787037 , -0.31203704])
40.1761 	EXP 	demo_fixation: pos = array([ 0.2787037 , -0.31203704])
40.1761 	EXP 	demo_fixation: opacity = 1
40.1761 	EXP 	demo_enclosing_1: autoDraw = False
40.1761 	EXP 	demo_enclosing: autoDraw = False
40.1761 	EXP 	demo_target: autoDraw = False
40.1761 	EXP 	demo_fixation: autoDraw = False
40.1761 	EXP 	demo_fixation: opacity = 1
40.1761 	EXP 	demo_target_feedback: pos = array([ 0.3, -0.3])
40.1761 	EXP 	demo_fixation_feedback: pos = array([ 0.2787037 , -0.31203704])
40.1761 	EXP 	demo_score_text: text = 'Your score: 0'
40.1761 	EXP 	demo_enclosing_feedback_1: autoDraw = True
40.1761 	EXP 	demo_enclosing_feedback: autoDraw = True
40.1761 	EXP 	demo_target_feedback: autoDraw = True
40.1761 	EXP 	demo_fixation_feedback: autoDraw = True
40.1761 	EXP 	demo_score_text: autoDraw = True
40.4791 	DATA 	Mouse:  Left button up, pos=(1414,112)
40.6918 	EXP 	demo_fixation_feedback: autoDraw = False
41.0283 	DATA 	Keypress: escape
41.1760 	EXP 	New trial (rep=0, index=3): OrderedDict([('target_x', -0.3), ('target_y', -0.3), ('rotation', 0)])
41.1768 	EXP 	window1: mouseVisible = False
41.1903 	EXP 	demo_enclosing_feedback_1: autoDraw = False
41.1903 	EXP 	demo_enclosing_feedback: autoDraw = False
41.1903 	EXP 	demo_target_feedback: autoDraw = False
41.1903 	EXP 	demo_fixation_feedback: autoDraw = False
41.1903 	EXP 	demo_score_text: autoDraw = False
41.1903 	EXP 	demo_fixation: opacity = 1
41.1903 	EXP 	demo_fixation: pos = [0, 0]
41.1903 	EXP 	demo_target: pos = array([-0.3, -0.3])
41.1903 	EXP 	demo_fixation: pos = array([0., 0.])
41.1903 	EXP 	demo_fixation: opacity = 1
41.1903 	EXP 	demo_fixation: pos = [0, 0]
41.1903 	EXP 	demo_enclosing_1: autoDraw = True
41.1903 	EXP 	demo_enclosing: autoDraw = True
41.1903 	EXP 	demo_fixation: autoDraw = True
41.1905 	EXP 	window1: mouseVisible = False
41.2600 	EXP 	window1: mouseVisible = True
