2.6277 	WARNING 	We strongly recommend you activate the PTB sound engine in PsychoPy prefs as the preferred audio engine. Its timing is vastly superior. Your prefs are currently set to use ['sounddevice', 'PTB', 'pyo', 'pygame'] (in that order).
17.8288 	WARNING 	Couldn't measure a consistent frame rate.
  - Is your graphics card set to sync to vertical blank?
  - Are you running other processes on your computer?

17.8297 	EXP 	Created window1 = Window(allowGUI=False, allowStencil=False, args=UNKNOWN, autoLog=True, bitsMode=UNKNOWN, blendMode='avg', bpc=(8, 8, 8), color=array([0., 0., 0.]), colorSpace='rgb', depthBits=8, fullscr=<method-wrapper '__getattribute__' of attributeSetter object at 0x0000019C4FB8C278>, gamma=None, gammaErrorPolicy='raise', kwargs=UNKNOWN, lms=UNKNOWN, monitor=<psychopy.monitors.calibTools.Monitor object at 0x0000019C4FA782B0>, multiSample=False, name='window1', numSamples=2, pos=[0.0, 0.0], screen=0, size=array([1920, 1080]), stencilBits=0, stereo=False, units='height', useFBO=True, useRetina=False, viewOri=0.0, viewPos=None, viewScale=None, waitBlanking=True, winType='pyglet')
17.8308 	EXP 	window1: mouseVisible = True
17.8309 	EXP 	window1: recordFrameIntervals = False
17.9946 	EXP 	window1: recordFrameIntervals = True
18.1209 	WARNING 	t of last frame was 25.79ms (=1/38)
18.1881 	WARNING 	t of last frame was 26.51ms (=1/37)
18.2498 	WARNING 	t of last frame was 20.11ms (=1/49)
18.2845 	WARNING 	t of last frame was 25.28ms (=1/39)
18.3667 	WARNING 	Multiple dropped frames have occurred - I'll stop bothering you about them!
19.7252 	WARNING 	Couldn't measure a consistent frame rate.
  - Is your graphics card set to sync to vertical blank?
  - Are you running other processes on your computer?

20.1181 	EXP 	Created Welcome = TextStim(__class__=<class 'psychopy.visual.text.TextStim'>, alignHoriz=method-wrapper(...), alignText='center', alignVert=method-wrapper(...), anchorHoriz='center', anchorVert='center', antialias=True, autoLog=True, bold=False, color='white', colorSpace='named', contrast=1.0, depth=0.0, flipHoriz=False, flipVert=False, font='Arial', fontFiles=[], height=0.04, italic=False, languageStyle='LTR', name='Welcome', opacity=1.0, ori=0, pos=array([0., 0.]), rgb=array([255., 255., 255.]), text=str(...), units='height', win=Window(...), wrapWidth=1)
20.1184 	EXP 	window1: mouseVisible = True
20.1268 	EXP 	Created text = TextStim(__class__=<class 'psychopy.visual.text.TextStim'>, alignHoriz=method-wrapper(...), alignText='center', alignVert=method-wrapper(...), anchorHoriz='center', anchorVert='center', antialias=True, autoLog=True, bold=False, color='white', colorSpace='named', contrast=1.0, depth=0.0, flipHoriz=False, flipVert=False, font='Arial', fontFiles=[], height=0.04, italic=False, languageStyle='LTR', name='text', opacity=1.0, ori=0, pos=array([0., 0.]), rgb=array([255., 255., 255.]), text=str(...), units='height', win=Window(...), wrapWidth=1)
20.1268 	EXP 	window1: mouseVisible = True
20.1318 	EXP 	Created demo_enclosing_1 = Polygon(__class__=<class 'psychopy.visual.polygon.Polygon'>, autoDraw=False, autoLog=True, closeShape=True, color=method-wrapper(...), colorSpace=None, contrast=1.0, depth=-1.0, fillColor=array([0., 0., 0.]), fillColorSpace='rgb', fillRGB=array([0., 0., 0.]), interpolate=True, lineColor=array([-1., -1., -1.]), lineColorSpace='rgb', lineRGB=array([-1., -1., -1.]), lineWidth=1, name='demo_enclosing_1', opacity=1.0, ori=array(0.), pos=array([0., 0.]), size=array([0.89, 0.89]), units='height', vertices=ndarray(...), win=Window(...))
20.1373 	EXP 	Created demo_enclosing = Polygon(__class__=<class 'psychopy.visual.polygon.Polygon'>, autoDraw=False, autoLog=True, closeShape=True, color=method-wrapper(...), colorSpace=None, contrast=1.0, depth=-2.0, fillColor=array([0., 0., 0.]), fillColorSpace='rgb', fillRGB=array([0., 0., 0.]), interpolate=True, lineColor=array([-1., -1., -1.]), lineColorSpace='rgb', lineRGB=array([-1., -1., -1.]), lineWidth=1, name='demo_enclosing', opacity=1.0, ori=array(0.), pos=array([0., 0.]), size=array([0.8, 0.8]), units='height', vertices=ndarray(...), win=Window(...))
20.1390 	EXP 	Created demo_target = ShapeStim(__class__=<class 'psychopy.visual.shape.ShapeStim'>, autoDraw=False, autoLog=True, closeShape=True, contrast=1.0, depth=-3.0, fillColor=array([1., 1., 1.]), fillColorSpace='rgb', interpolate=True, lineColor=array([1., 1., 1.]), lineColorSpace='rgb', lineWidth=1, name='demo_target', opacity=1.0, ori=array(45.), pos=array([0., 0.]), size=array([0.05, 0.05]), units='height', vertices=ndarray(...), win=Window(...), windingRule=None)
20.1412 	EXP 	Created demo_fixation = Polygon(__class__=<class 'psychopy.visual.polygon.Polygon'>, autoDraw=False, autoLog=True, closeShape=True, color=method-wrapper(...), colorSpace=None, contrast=1.0, depth=-4.0, fillColor=array([1., 0., 0.]), fillColorSpace='rgb', fillRGB=array([1., 0., 0.]), interpolate=True, lineColor=array([1., 0., 0.]), lineColorSpace='rgb', lineRGB=array([1., 0., 0.]), lineWidth=1, name='demo_fixation', opacity=1.0, ori=array(0.), pos=array([0., 0.]), size=array([0.025, 0.025]), units='height', vertices=ndarray(...), win=Window(...))
20.1413 	EXP 	window1: mouseVisible = True
20.1462 	EXP 	Created demo_enclosing_feedback_1 = Polygon(__class__=<class 'psychopy.visual.polygon.Polygon'>, autoDraw=False, autoLog=True, closeShape=True, color=method-wrapper(...), colorSpace=None, contrast=1.0, depth=0.0, fillColor=array([0., 0., 0.]), fillColorSpace='rgb', fillRGB=array([0., 0., 0.]), interpolate=True, lineColor=array([-1., -1., -1.]), lineColorSpace='rgb', lineRGB=array([-1., -1., -1.]), lineWidth=1, name='demo_enclosing_feedback_1', opacity=1.0, ori=array(0.), pos=array([0., 0.]), size=array([0.9, 0.9]), units='height', vertices=ndarray(...), win=Window(...))
20.1503 	EXP 	Created demo_enclosing_feedback = Polygon(__class__=<class 'psychopy.visual.polygon.Polygon'>, autoDraw=False, autoLog=True, closeShape=True, color=method-wrapper(...), colorSpace=None, contrast=1.0, depth=-1.0, fillColor=array([0., 0., 0.]), fillColorSpace='rgb', fillRGB=array([0., 0., 0.]), interpolate=True, lineColor=array([-1., -1., -1.]), lineColorSpace='rgb', lineRGB=array([-1., -1., -1.]), lineWidth=1, name='demo_enclosing_feedback', opacity=1.0, ori=array(0.), pos=array([0., 0.]), size=array([0.79, 0.79]), units='height', vertices=ndarray(...), win=Window(...))
20.1550 	EXP 	Created demo_target_feedback = ShapeStim(__class__=<class 'psychopy.visual.shape.ShapeStim'>, autoDraw=False, autoLog=True, closeShape=True, contrast=1.0, depth=-2.0, fillColor=array([1., 1., 1.]), fillColorSpace='rgb', interpolate=True, lineColor=array([1., 1., 1.]), lineColorSpace='rgb', lineWidth=1, name='demo_target_feedback', opacity=1.0, ori=array(45.), pos=array([0., 0.]), size=array([0.05, 0.05]), units='height', vertices=ndarray(...), win=Window(...), windingRule=None)
20.1580 	EXP 	Created demo_fixation_feedback = Polygon(__class__=<class 'psychopy.visual.polygon.Polygon'>, autoDraw=False, autoLog=True, closeShape=True, color=method-wrapper(...), colorSpace=None, contrast=1.0, depth=-3.0, fillColor=array([1., 0., 0.]), fillColorSpace='rgb', fillRGB=array([1., 0., 0.]), interpolate=True, lineColor=array([1., 0., 0.]), lineColorSpace='rgb', lineRGB=array([1., 0., 0.]), lineWidth=1, name='demo_fixation_feedback', opacity=1.0, ori=array(0.), pos=array([0., 0.]), size=array([0.025, 0.025]), units='height', vertices=ndarray(...), win=Window(...))
20.1647 	EXP 	Created demo_score_text = TextStim(__class__=<class 'psychopy.visual.text.TextStim'>, alignHoriz=method-wrapper(...), alignText='center', alignVert=method-wrapper(...), anchorHoriz='center', anchorVert='center', antialias=True, autoLog=True, bold=False, color='green', colorSpace='named', contrast=1.0, depth=-5.0, flipHoriz=False, flipVert=False, font='Arial', fontFiles=[], height=0.04, italic=False, languageStyle='LTR', name='demo_score_text', opacity=1.0, ori=0, pos=array([0.4, 0.4]), rgb=array([  0., 128.,   0.]), text='default text', units='height', win=Window(...), wrapWidth=1)
20.1839 	EXP 	Created text_3 = TextStim(__class__=<class 'psychopy.visual.text.TextStim'>, alignHoriz=method-wrapper(...), alignText='center', alignVert=method-wrapper(...), anchorHoriz='center', anchorVert='center', antialias=True, autoLog=True, bold=False, color='white', colorSpace='named', contrast=1.0, depth=0.0, flipHoriz=False, flipVert=False, font='Arial', fontFiles=[], height=0.04, italic=False, languageStyle='LTR', name='text_3', opacity=1.0, ori=0, pos=array([0., 0.]), rgb=array([255., 255., 255.]), text=str(...), units='height', win=Window(...), wrapWidth=1)
20.1841 	EXP 	window1: mouseVisible = True
20.1894 	EXP 	Created baseline_enclosing_1 = Polygon(__class__=<class 'psychopy.visual.polygon.Polygon'>, autoDraw=False, autoLog=True, closeShape=True, color=method-wrapper(...), colorSpace=None, contrast=1.0, depth=-1.0, fillColor=array([0., 0., 0.]), fillColorSpace='rgb', fillRGB=array([0., 0., 0.]), interpolate=True, lineColor=array([-1., -1., -1.]), lineColorSpace='rgb', lineRGB=array([-1., -1., -1.]), lineWidth=1, name='baseline_enclosing_1', opacity=1.0, ori=array(0.), pos=array([0., 0.]), size=array([0.89, 0.89]), units='height', vertices=ndarray(...), win=Window(...))
20.1957 	EXP 	Created baseline_enclosing = Polygon(__class__=<class 'psychopy.visual.polygon.Polygon'>, autoDraw=False, autoLog=True, closeShape=True, color=method-wrapper(...), colorSpace=None, contrast=1.0, depth=-2.0, fillColor=array([0., 0., 0.]), fillColorSpace='rgb', fillRGB=array([0., 0., 0.]), interpolate=True, lineColor=array([-1., -1., -1.]), lineColorSpace='rgb', lineRGB=array([-1., -1., -1.]), lineWidth=1, name='baseline_enclosing', opacity=1.0, ori=array(0.), pos=array([0., 0.]), size=array([0.8, 0.8]), units='height', vertices=ndarray(...), win=Window(...))
20.1975 	EXP 	Created baseline_target = ShapeStim(__class__=<class 'psychopy.visual.shape.ShapeStim'>, autoDraw=False, autoLog=True, closeShape=True, contrast=1.0, depth=-3.0, fillColor=array([1., 1., 1.]), fillColorSpace='rgb', interpolate=True, lineColor=array([1., 1., 1.]), lineColorSpace='rgb', lineWidth=1, name='baseline_target', opacity=1.0, ori=array(45.), pos=array([0., 0.]), size=array([0.05, 0.05]), units='height', vertices=ndarray(...), win=Window(...), windingRule=None)
20.2043 	EXP 	Created baseline_fixation = Polygon(__class__=<class 'psychopy.visual.polygon.Polygon'>, autoDraw=False, autoLog=True, closeShape=True, color=method-wrapper(...), colorSpace=None, contrast=1.0, depth=-4.0, fillColor=array([1., 0., 0.]), fillColorSpace='rgb', fillRGB=array([1., 0., 0.]), interpolate=True, lineColor=array([1., 0., 0.]), lineColorSpace='rgb', lineRGB=array([1., 0., 0.]), lineWidth=1, name='baseline_fixation', opacity=1.0, ori=array(0.), pos=array([0., 0.]), size=array([0.025, 0.025]), units='height', vertices=ndarray(...), win=Window(...))
20.2044 	EXP 	window1: mouseVisible = True
20.2146 	EXP 	Created baseline_enclosing_feedback_1 = Polygon(__class__=<class 'psychopy.visual.polygon.Polygon'>, autoDraw=False, autoLog=True, closeShape=True, color=method-wrapper(...), colorSpace=None, contrast=1.0, depth=0.0, fillColor=array([0., 0., 0.]), fillColorSpace='rgb', fillRGB=array([0., 0., 0.]), interpolate=True, lineColor=array([-1., -1., -1.]), lineColorSpace='rgb', lineRGB=array([-1., -1., -1.]), lineWidth=1, name='baseline_enclosing_feedback_1', opacity=1.0, ori=array(0.), pos=array([0., 0.]), size=array([0.9, 0.9]), units='height', vertices=ndarray(...), win=Window(...))
20.2256 	EXP 	Created baseline_enclosing_feedback = Polygon(__class__=<class 'psychopy.visual.polygon.Polygon'>, autoDraw=False, autoLog=True, closeShape=True, color=method-wrapper(...), colorSpace=None, contrast=1.0, depth=-1.0, fillColor=array([0., 0., 0.]), fillColorSpace='rgb', fillRGB=array([0., 0., 0.]), interpolate=True, lineColor=array([-1., -1., -1.]), lineColorSpace='rgb', lineRGB=array([-1., -1., -1.]), lineWidth=1, name='baseline_enclosing_feedback', opacity=1.0, ori=array(0.), pos=array([0., 0.]), size=array([0.8, 0.8]), units='height', vertices=ndarray(...), win=Window(...))
20.2276 	EXP 	Created baseline_target_feedback = ShapeStim(__class__=<class 'psychopy.visual.shape.ShapeStim'>, autoDraw=False, autoLog=True, closeShape=True, contrast=1.0, depth=-2.0, fillColor=array([1., 1., 1.]), fillColorSpace='rgb', interpolate=True, lineColor=array([1., 1., 1.]), lineColorSpace='rgb', lineWidth=1, name='baseline_target_feedback', opacity=1.0, ori=array(45.), pos=array([0., 0.]), size=array([0.05, 0.05]), units='height', vertices=ndarray(...), win=Window(...), windingRule=None)
20.2299 	EXP 	Created baseline_fixation_feedback = Polygon(__class__=<class 'psychopy.visual.polygon.Polygon'>, autoDraw=False, autoLog=True, closeShape=True, color=method-wrapper(...), colorSpace=None, contrast=1.0, depth=-3.0, fillColor=array([1., 0., 0.]), fillColorSpace='rgb', fillRGB=array([1., 0., 0.]), interpolate=True, lineColor=array([1., 0., 0.]), lineColorSpace='rgb', lineRGB=array([1., 0., 0.]), lineWidth=1, name='baseline_fixation_feedback', opacity=1.0, ori=array(0.), pos=array([0., 0.]), size=array([0.025, 0.025]), units='height', vertices=ndarray(...), win=Window(...))
20.2357 	EXP 	Created baseline_score_text = TextStim(__class__=<class 'psychopy.visual.text.TextStim'>, alignHoriz=method-wrapper(...), alignText='center', alignVert=method-wrapper(...), anchorHoriz='center', anchorVert='center', antialias=True, autoLog=True, bold=False, color='green', colorSpace='named', contrast=1.0, depth=-5.0, flipHoriz=False, flipVert=False, font='Arial', fontFiles=[], height=0.04, italic=False, languageStyle='LTR', name='baseline_score_text', opacity=1.0, ori=0, pos=array([0.4, 0.4]), rgb=array([  0., 128.,   0.]), text='default text', units='height', win=Window(...), wrapWidth=1)
20.2618 	EXP 	Created text_2 = TextStim(__class__=<class 'psychopy.visual.text.TextStim'>, alignHoriz=method-wrapper(...), alignText='center', alignVert=method-wrapper(...), anchorHoriz='center', anchorVert='center', antialias=True, autoLog=True, bold=False, color='white', colorSpace='named', contrast=1.0, depth=0.0, flipHoriz=False, flipVert=False, font='Arial', fontFiles=[], height=0.04, italic=False, languageStyle='LTR', name='text_2', opacity=1.0, ori=0, pos=array([0., 0.]), rgb=array([255., 255., 255.]), text=str(...), units='height', win=Window(...), wrapWidth=1)
20.2619 	EXP 	window1: mouseVisible = True
20.2689 	EXP 	Created rotated_enclosing_1 = Polygon(__class__=<class 'psychopy.visual.polygon.Polygon'>, autoDraw=False, autoLog=True, closeShape=True, color=method-wrapper(...), colorSpace=None, contrast=1.0, depth=-1.0, fillColor=array([0., 0., 0.]), fillColorSpace='rgb', fillRGB=array([0., 0., 0.]), interpolate=True, lineColor=array([-1., -1., -1.]), lineColorSpace='rgb', lineRGB=array([-1., -1., -1.]), lineWidth=1, name='rotated_enclosing_1', opacity=1.0, ori=array(0.), pos=array([0., 0.]), size=array([0.89, 0.89]), units='height', vertices=ndarray(...), win=Window(...))
20.2748 	EXP 	Created rotated_enclosing = Polygon(__class__=<class 'psychopy.visual.polygon.Polygon'>, autoDraw=False, autoLog=True, closeShape=True, color=method-wrapper(...), colorSpace=None, contrast=1.0, depth=-2.0, fillColor=array([0., 0., 0.]), fillColorSpace='rgb', fillRGB=array([0., 0., 0.]), interpolate=True, lineColor=array([-1., -1., -1.]), lineColorSpace='rgb', lineRGB=array([-1., -1., -1.]), lineWidth=1, name='rotated_enclosing', opacity=1.0, ori=array(0.), pos=array([0., 0.]), size=array([0.8, 0.8]), units='height', vertices=ndarray(...), win=Window(...))
20.2765 	EXP 	Created rotated_target = ShapeStim(__class__=<class 'psychopy.visual.shape.ShapeStim'>, autoDraw=False, autoLog=True, closeShape=True, contrast=1.0, depth=-3.0, fillColor=array([1., 1., 1.]), fillColorSpace='rgb', interpolate=True, lineColor=array([1., 1., 1.]), lineColorSpace='rgb', lineWidth=1, name='rotated_target', opacity=1.0, ori=array(45.), pos=array([0., 0.]), size=array([0.05, 0.05]), units='height', vertices=ndarray(...), win=Window(...), windingRule=None)
20.2788 	EXP 	Created rotated_fixation = Polygon(__class__=<class 'psychopy.visual.polygon.Polygon'>, autoDraw=False, autoLog=True, closeShape=True, color=method-wrapper(...), colorSpace=None, contrast=1.0, depth=-4.0, fillColor=array([1., 0., 0.]), fillColorSpace='rgb', fillRGB=array([1., 0., 0.]), interpolate=True, lineColor=array([1., 0., 0.]), lineColorSpace='rgb', lineRGB=array([1., 0., 0.]), lineWidth=1, name='rotated_fixation', opacity=1.0, ori=array(0.), pos=array([0., 0.]), size=array([0.025, 0.025]), units='height', vertices=ndarray(...), win=Window(...))
20.2789 	EXP 	window1: mouseVisible = True
20.2875 	EXP 	Created rotated_enclosing_feedback_1 = Polygon(__class__=<class 'psychopy.visual.polygon.Polygon'>, autoDraw=False, autoLog=True, closeShape=True, color=method-wrapper(...), colorSpace=None, contrast=1.0, depth=0.0, fillColor=array([0., 0., 0.]), fillColorSpace='rgb', fillRGB=array([0., 0., 0.]), interpolate=True, lineColor=array([-1., -1., -1.]), lineColorSpace='rgb', lineRGB=array([-1., -1., -1.]), lineWidth=1, name='rotated_enclosing_feedback_1', opacity=1.0, ori=array(0.), pos=array([0., 0.]), size=array([0.89, 0.89]), units='height', vertices=ndarray(...), win=Window(...))
20.2928 	EXP 	Created rotated_enclosing_feedback = Polygon(__class__=<class 'psychopy.visual.polygon.Polygon'>, autoDraw=False, autoLog=True, closeShape=True, color=method-wrapper(...), colorSpace=None, contrast=1.0, depth=-1.0, fillColor=array([0., 0., 0.]), fillColorSpace='rgb', fillRGB=array([0., 0., 0.]), interpolate=True, lineColor=array([-1., -1., -1.]), lineColorSpace='rgb', lineRGB=array([-1., -1., -1.]), lineWidth=1, name='rotated_enclosing_feedback', opacity=1.0, ori=array(0.), pos=array([0., 0.]), size=array([0.79, 0.79]), units='height', vertices=ndarray(...), win=Window(...))
20.2944 	EXP 	Created rotated_target_feedback = ShapeStim(__class__=<class 'psychopy.visual.shape.ShapeStim'>, autoDraw=False, autoLog=True, closeShape=True, contrast=1.0, depth=-2.0, fillColor=array([1., 1., 1.]), fillColorSpace='rgb', interpolate=True, lineColor=array([1., 1., 1.]), lineColorSpace='rgb', lineWidth=1, name='rotated_target_feedback', opacity=1.0, ori=array(45.), pos=array([0., 0.]), size=array([0.05, 0.05]), units='height', vertices=ndarray(...), win=Window(...), windingRule=None)
20.2967 	EXP 	Created rotated_fixation_feedback = Polygon(__class__=<class 'psychopy.visual.polygon.Polygon'>, autoDraw=False, autoLog=True, closeShape=True, color=method-wrapper(...), colorSpace=None, contrast=1.0, depth=-3.0, fillColor=array([1., 0., 0.]), fillColorSpace='rgb', fillRGB=array([1., 0., 0.]), interpolate=True, lineColor=array([1., 0., 0.]), lineColorSpace='rgb', lineRGB=array([1., 0., 0.]), lineWidth=1, name='rotated_fixation_feedback', opacity=1.0, ori=array(0.), pos=array([0., 0.]), size=array([0.025, 0.025]), units='height', vertices=ndarray(...), win=Window(...))
20.3026 	EXP 	Created rotated_score_text = TextStim(__class__=<class 'psychopy.visual.text.TextStim'>, alignHoriz=method-wrapper(...), alignText='center', alignVert=method-wrapper(...), anchorHoriz='center', anchorVert='center', antialias=True, autoLog=True, bold=False, color='green', colorSpace='named', contrast=1.0, depth=-5.0, flipHoriz=False, flipVert=False, font='Arial', fontFiles=[], height=0.04, italic=False, languageStyle='LTR', name='rotated_score_text', opacity=1.0, ori=0, pos=array([0.4, 0.4]), rgb=array([  0., 128.,   0.]), text='default text', units='height', win=Window(...), wrapWidth=1)
20.3221 	EXP 	Created rotated_breaks = TextStim(__class__=<class 'psychopy.visual.text.TextStim'>, alignHoriz=method-wrapper(...), alignText='center', alignVert=method-wrapper(...), anchorHoriz='center', anchorVert='center', antialias=True, autoLog=True, bold=False, color='white', colorSpace='named', contrast=1.0, depth=0.0, flipHoriz=False, flipVert=False, font='Arial', fontFiles=[], height=0.04, italic=False, languageStyle='LTR', name='rotated_breaks', opacity=1.0, ori=0, pos=array([0., 0.]), rgb=array([255., 255., 255.]), text=str(...), units='height', win=Window(...), wrapWidth=1)
20.3223 	EXP 	window1: mouseVisible = True
20.3241 	EXP 	Created transfer_target = ShapeStim(__class__=<class 'psychopy.visual.shape.ShapeStim'>, autoDraw=False, autoLog=True, closeShape=True, contrast=1.0, depth=0.0, fillColor=array([1., 1., 1.]), fillColorSpace='rgb', interpolate=True, lineColor=array([1., 1., 1.]), lineColorSpace='rgb', lineWidth=1, name='transfer_target', opacity=1.0, ori=array(45.), pos=array([0., 0.]), size=array([0.05, 0.05]), units='height', vertices=ndarray(...), win=Window(...), windingRule=None)
20.3311 	EXP 	Created transfer_fixation = Polygon(__class__=<class 'psychopy.visual.polygon.Polygon'>, autoDraw=False, autoLog=True, closeShape=True, color=method-wrapper(...), colorSpace=None, contrast=1.0, depth=-1.0, fillColor=array([1., 0., 0.]), fillColorSpace='rgb', fillRGB=array([1., 0., 0.]), interpolate=True, lineColor=array([1., 0., 0.]), lineColorSpace='rgb', lineRGB=array([1., 0., 0.]), lineWidth=1, name='transfer_fixation', opacity=1.0, ori=array(0.), pos=array([0., 0.]), size=array([0.025, 0.025]), units='height', vertices=ndarray(...), win=Window(...))
20.3313 	EXP 	window1: mouseVisible = True
20.3378 	EXP 	Created transfer_target_feedback = ShapeStim(__class__=<class 'psychopy.visual.shape.ShapeStim'>, autoDraw=False, autoLog=True, closeShape=True, contrast=1.0, depth=0.0, fillColor=array([1., 1., 1.]), fillColorSpace='rgb', interpolate=True, lineColor=array([1., 1., 1.]), lineColorSpace='rgb', lineWidth=1, name='transfer_target_feedback', opacity=1.0, ori=array(45.), pos=array([0., 0.]), size=array([0.05, 0.05]), units='height', vertices=ndarray(...), win=Window(...), windingRule=None)
20.3445 	EXP 	Created transfer_fixation_feedback = Polygon(__class__=<class 'psychopy.visual.polygon.Polygon'>, autoDraw=False, autoLog=True, closeShape=True, color=method-wrapper(...), colorSpace=None, contrast=1.0, depth=-1.0, fillColor=array([1., 0., 0.]), fillColorSpace='rgb', fillRGB=array([1., 0., 0.]), interpolate=True, lineColor=array([1., 0., 0.]), lineColorSpace='rgb', lineRGB=array([1., 0., 0.]), lineWidth=1, name='transfer_fixation_feedback', opacity=1.0, ori=array(0.), pos=array([0., 0.]), size=array([0.025, 0.025]), units='height', vertices=ndarray(...), win=Window(...))
20.3564 	EXP 	Created done_text = TextStim(__class__=<class 'psychopy.visual.text.TextStim'>, alignHoriz=method-wrapper(...), alignText='center', alignVert=method-wrapper(...), anchorHoriz='center', anchorVert='center', antialias=True, autoLog=True, bold=False, color='white', colorSpace='named', contrast=1.0, depth=0.0, flipHoriz=False, flipVert=False, font='Arial', fontFiles=[], height=0.04, italic=False, languageStyle='LTR', name='done_text', opacity=1.0, ori=0, pos=array([0., 0.]), rgb=array([255., 255., 255.]), text=str(...), units='height', win=Window(...), wrapWidth=1)
20.3565 	EXP 	window1: mouseVisible = True
20.3939 	EXP 	Welcome: autoDraw = True
23.3735 	DATA 	Mouse: Right button down, pos=(835,635)
23.3755 	EXP 	Created sequence: random, trialTypes=1, nReps=0, seed=None
23.3876 	EXP 	Welcome: autoDraw = False
23.3876 	EXP 	text_3: autoDraw = True
23.5574 	DATA 	Mouse:  Right button up, pos=(835,635)
24.7243 	DATA 	Mouse: Right button down, pos=(808,659)
24.8164 	EXP 	Imported conditions_baseline.xlsx as conditions, 16 conditions, 3 params
24.8168 	EXP 	Created sequence: random, trialTypes=16, nReps=0, seed=None
24.8197 	DATA 	Mouse:  Right button up, pos=(808,659)
24.8220 	EXP 	text_3: autoDraw = False
24.8220 	EXP 	text_2: autoDraw = True
26.6389 	DATA 	Mouse: Left button down, pos=(808,659)
26.6416 	EXP 	Created sequence: random, trialTypes=1, nReps=10, seed=None
26.6422 	EXP 	New trial (rep=0, index=0): None
26.6666 	EXP 	Imported conditions_baseline.xlsx as conditions, 16 conditions, 3 params
26.6675 	EXP 	Created sequence: random, trialTypes=16, nReps=4, seed=None
26.6680 	EXP 	New trial (rep=0, index=0): OrderedDict([('target_x', 0.3), ('target_y', -0.3), ('rotation', 0)])
26.6684 	EXP 	window1: mouseVisible = False
26.6799 	EXP 	text_2: autoDraw = False
26.6799 	EXP 	rotated_fixation: opacity = 1
26.6799 	EXP 	rotated_fixation: pos = [0, 0]
26.6799 	EXP 	rotated_fixation: opacity = 0
26.6799 	EXP 	rotated_enclosing_1: autoDraw = True
26.6799 	EXP 	rotated_enclosing: autoDraw = True
26.6799 	EXP 	rotated_fixation: autoDraw = True
26.6806 	EXP 	window1: mouseVisible = False
26.7023 	EXP 	rotated_fixation: opacity = 0
26.7029 	EXP 	window1: mouseVisible = False
26.7196 	EXP 	rotated_fixation: opacity = 0
26.7202 	EXP 	window1: mouseVisible = False
26.7478 	EXP 	rotated_fixation: opacity = 0
26.7483 	EXP 	window1: mouseVisible = False
26.7496 	DATA 	Mouse:  Left button up, pos=(808,659)
26.7585 	EXP 	rotated_fixation: opacity = 1
26.7585 	EXP 	rotated_fixation: pos = [0, 0]
26.7587 	EXP 	window1: mouseVisible = False
26.7903 	EXP 	rotated_fixation: opacity = 1
26.7903 	EXP 	rotated_fixation: pos = [0, 0]
26.7907 	EXP 	window1: mouseVisible = False
26.8041 	EXP 	rotated_fixation: opacity = 1
26.8041 	EXP 	rotated_fixation: pos = [0, 0]
26.8047 	EXP 	window1: mouseVisible = False
26.8214 	EXP 	rotated_fixation: opacity = 1
26.8214 	EXP 	rotated_fixation: pos = [0, 0]
26.8219 	EXP 	window1: mouseVisible = False
26.8430 	EXP 	rotated_fixation: opacity = 1
26.8430 	EXP 	rotated_fixation: pos = [0, 0]
26.8439 	EXP 	window1: mouseVisible = False
26.8564 	EXP 	rotated_fixation: opacity = 1
26.8564 	EXP 	rotated_fixation: pos = [0, 0]
26.8567 	EXP 	window1: mouseVisible = False
26.8729 	EXP 	rotated_fixation: opacity = 1
26.8729 	EXP 	rotated_fixation: pos = [0, 0]
26.8734 	EXP 	window1: mouseVisible = False
26.8944 	EXP 	rotated_fixation: opacity = 1
26.8944 	EXP 	rotated_fixation: pos = [0, 0]
26.8946 	EXP 	window1: mouseVisible = False
26.9171 	EXP 	rotated_fixation: opacity = 1
26.9171 	EXP 	rotated_fixation: pos = [0, 0]
26.9173 	EXP 	window1: mouseVisible = False
26.9512 	EXP 	rotated_fixation: opacity = 1
26.9512 	EXP 	rotated_fixation: pos = [0, 0]
26.9514 	EXP 	window1: mouseVisible = False
26.9576 	EXP 	rotated_fixation: opacity = 1
26.9576 	EXP 	rotated_fixation: pos = [0, 0]
26.9578 	EXP 	window1: mouseVisible = False
26.9923 	EXP 	rotated_fixation: opacity = 1
26.9923 	EXP 	rotated_fixation: pos = [0, 0]
26.9926 	EXP 	window1: mouseVisible = False
27.0001 	EXP 	rotated_fixation: opacity = 1
27.0001 	EXP 	rotated_fixation: pos = [0, 0]
27.0005 	EXP 	window1: mouseVisible = False
27.0175 	EXP 	rotated_fixation: opacity = 1
27.0175 	EXP 	rotated_fixation: pos = [0, 0]
27.0178 	EXP 	window1: mouseVisible = False
27.0362 	EXP 	rotated_fixation: opacity = 1
27.0362 	EXP 	rotated_fixation: pos = [0, 0]
27.0367 	EXP 	window1: mouseVisible = False
27.0538 	EXP 	rotated_fixation: opacity = 1
27.0538 	EXP 	rotated_fixation: pos = [0, 0]
27.0541 	EXP 	window1: mouseVisible = False
27.0686 	EXP 	rotated_fixation: opacity = 1
27.0686 	EXP 	rotated_fixation: pos = [0, 0]
27.0690 	EXP 	window1: mouseVisible = False
27.0853 	EXP 	rotated_fixation: opacity = 1
27.0853 	EXP 	rotated_fixation: pos = [0, 0]
27.0858 	EXP 	window1: mouseVisible = False
27.1093 	EXP 	rotated_fixation: opacity = 1
27.1093 	EXP 	rotated_fixation: pos = [0, 0]
27.1097 	EXP 	window1: mouseVisible = False
27.1197 	EXP 	rotated_fixation: opacity = 1
27.1197 	EXP 	rotated_fixation: pos = [0, 0]
27.1202 	EXP 	window1: mouseVisible = False
27.1337 	EXP 	rotated_fixation: opacity = 1
27.1337 	EXP 	rotated_fixation: pos = [0, 0]
27.1340 	EXP 	window1: mouseVisible = False
27.1519 	EXP 	rotated_fixation: opacity = 1
27.1519 	EXP 	rotated_fixation: pos = [0, 0]
27.1524 	EXP 	window1: mouseVisible = False
27.1676 	EXP 	rotated_fixation: opacity = 1
27.1676 	EXP 	rotated_fixation: pos = [0, 0]
27.1678 	EXP 	window1: mouseVisible = False
27.1838 	EXP 	rotated_fixation: opacity = 1
27.1838 	EXP 	rotated_fixation: pos = [0, 0]
27.1842 	EXP 	window1: mouseVisible = False
27.2007 	EXP 	rotated_fixation: opacity = 1
27.2007 	EXP 	rotated_fixation: pos = [0, 0]
27.2011 	EXP 	window1: mouseVisible = False
27.2189 	EXP 	rotated_fixation: opacity = 1
27.2189 	EXP 	rotated_fixation: pos = [0, 0]
27.2191 	EXP 	window1: mouseVisible = False
27.2345 	EXP 	rotated_fixation: opacity = 1
27.2345 	EXP 	rotated_fixation: pos = [0, 0]
27.2346 	EXP 	window1: mouseVisible = False
27.2503 	EXP 	rotated_fixation: opacity = 1
27.2503 	EXP 	rotated_fixation: pos = [0, 0]
27.2505 	EXP 	window1: mouseVisible = False
27.2681 	EXP 	rotated_fixation: opacity = 1
27.2681 	EXP 	rotated_fixation: pos = [0, 0]
27.2685 	EXP 	window1: mouseVisible = False
27.2908 	EXP 	rotated_fixation: opacity = 1
27.2908 	EXP 	rotated_fixation: pos = [0, 0]
27.2912 	EXP 	window1: mouseVisible = False
27.2998 	EXP 	rotated_fixation: opacity = 1
27.2998 	EXP 	rotated_fixation: pos = [0, 0]
27.2999 	EXP 	window1: mouseVisible = False
27.3160 	EXP 	rotated_fixation: opacity = 1
27.3160 	EXP 	rotated_fixation: pos = [0, 0]
27.3162 	EXP 	window1: mouseVisible = False
27.3343 	EXP 	rotated_fixation: opacity = 1
27.3343 	EXP 	rotated_fixation: pos = [0, 0]
27.3345 	EXP 	window1: mouseVisible = False
27.3549 	EXP 	rotated_fixation: opacity = 1
27.3549 	EXP 	rotated_fixation: pos = [0, 0]
27.3552 	EXP 	window1: mouseVisible = False
27.3722 	EXP 	rotated_fixation: opacity = 1
27.3722 	EXP 	rotated_fixation: pos = [0, 0]
27.3726 	EXP 	window1: mouseVisible = False
27.3944 	EXP 	rotated_fixation: opacity = 1
27.3944 	EXP 	rotated_fixation: pos = [0, 0]
27.3949 	EXP 	window1: mouseVisible = False
27.4035 	EXP 	rotated_fixation: opacity = 1
27.4035 	EXP 	rotated_fixation: pos = [0, 0]
27.4039 	EXP 	window1: mouseVisible = False
27.4223 	EXP 	rotated_fixation: opacity = 1
27.4223 	EXP 	rotated_fixation: pos = [0, 0]
27.4227 	EXP 	window1: mouseVisible = False
27.4560 	EXP 	rotated_fixation: opacity = 1
27.4560 	EXP 	rotated_fixation: pos = [0, 0]
27.4569 	EXP 	window1: mouseVisible = False
27.4728 	EXP 	rotated_fixation: opacity = 1
27.4728 	EXP 	rotated_fixation: pos = [0, 0]
27.4732 	EXP 	window1: mouseVisible = False
27.4992 	EXP 	rotated_fixation: opacity = 1
27.4992 	EXP 	rotated_fixation: pos = [0, 0]
27.4997 	EXP 	window1: mouseVisible = False
27.5203 	EXP 	rotated_fixation: opacity = 1
27.5203 	EXP 	rotated_fixation: pos = [0, 0]
27.5208 	EXP 	window1: mouseVisible = False
27.5392 	EXP 	rotated_fixation: opacity = 1
27.5392 	EXP 	rotated_fixation: pos = [0, 0]
27.5396 	EXP 	window1: mouseVisible = False
27.5496 	EXP 	rotated_fixation: opacity = 1
27.5496 	EXP 	rotated_fixation: pos = [0, 0]
27.5500 	EXP 	window1: mouseVisible = False
27.5714 	EXP 	rotated_fixation: opacity = 1
27.5714 	EXP 	rotated_fixation: pos = [0, 0]
27.5723 	EXP 	window1: mouseVisible = False
27.5892 	EXP 	rotated_fixation: opacity = 1
27.5892 	EXP 	rotated_fixation: pos = [0, 0]
27.5896 	EXP 	window1: mouseVisible = False
27.6205 	EXP 	rotated_fixation: opacity = 1
27.6205 	EXP 	rotated_fixation: pos = [0, 0]
27.6208 	EXP 	window1: mouseVisible = False
27.6334 	EXP 	rotated_fixation: opacity = 1
27.6334 	EXP 	rotated_fixation: pos = [0, 0]
27.6337 	EXP 	window1: mouseVisible = False
27.6574 	EXP 	rotated_fixation: opacity = 1
27.6574 	EXP 	rotated_fixation: pos = [0, 0]
27.6577 	EXP 	window1: mouseVisible = False
27.6667 	EXP 	rotated_fixation: opacity = 1
27.6667 	EXP 	rotated_fixation: pos = [0, 0]
27.6669 	EXP 	window1: mouseVisible = False
27.6847 	EXP 	rotated_fixation: opacity = 1
27.6847 	EXP 	rotated_fixation: pos = [0, 0]
27.6849 	EXP 	window1: mouseVisible = False
27.7069 	EXP 	rotated_fixation: opacity = 1
27.7069 	EXP 	rotated_fixation: pos = [0, 0]
27.7073 	EXP 	window1: mouseVisible = False
27.7179 	EXP 	rotated_fixation: opacity = 1
27.7179 	EXP 	rotated_fixation: pos = [0, 0]
27.7182 	EXP 	window1: mouseVisible = False
27.7370 	EXP 	rotated_fixation: opacity = 1
27.7370 	EXP 	rotated_fixation: pos = [0, 0]
27.7378 	EXP 	window1: mouseVisible = False
27.7630 	EXP 	rotated_fixation: opacity = 1
27.7630 	EXP 	rotated_fixation: pos = [0, 0]
27.7635 	EXP 	window1: mouseVisible = False
27.7831 	EXP 	rotated_fixation: opacity = 1
27.7831 	EXP 	rotated_fixation: pos = [0, 0]
27.7833 	EXP 	window1: mouseVisible = False
27.8032 	EXP 	rotated_fixation: opacity = 1
27.8032 	EXP 	rotated_fixation: pos = [0, 0]
27.8036 	EXP 	window1: mouseVisible = False
27.8182 	EXP 	rotated_fixation: opacity = 1
27.8182 	EXP 	rotated_fixation: pos = [0, 0]
27.8185 	EXP 	window1: mouseVisible = False
27.8358 	EXP 	rotated_fixation: opacity = 1
27.8358 	EXP 	rotated_fixation: pos = [0, 0]
27.8362 	EXP 	window1: mouseVisible = False
27.8534 	EXP 	rotated_fixation: opacity = 1
27.8534 	EXP 	rotated_fixation: pos = [0, 0]
27.8538 	EXP 	window1: mouseVisible = False
27.8692 	EXP 	rotated_fixation: opacity = 1
27.8692 	EXP 	rotated_fixation: pos = [0, 0]
27.8700 	EXP 	window1: mouseVisible = False
27.8875 	EXP 	rotated_fixation: opacity = 1
27.8875 	EXP 	rotated_fixation: pos = [0, 0]
27.8875 	EXP 	rotated_target: autoDraw = True
27.8879 	EXP 	window1: mouseVisible = False
27.9027 	EXP 	rotated_fixation: opacity = 1
27.9027 	EXP 	rotated_fixation: pos = [0, 0]
27.9031 	EXP 	window1: mouseVisible = False
27.9183 	EXP 	rotated_fixation: opacity = 1
27.9183 	EXP 	rotated_fixation: pos = [0, 0]
27.9189 	EXP 	window1: mouseVisible = False
27.9381 	EXP 	rotated_fixation: opacity = 1
27.9381 	EXP 	rotated_fixation: pos = [0, 0]
27.9385 	EXP 	window1: mouseVisible = False
27.9590 	EXP 	rotated_fixation: opacity = 1
27.9590 	EXP 	rotated_fixation: pos = [0, 0]
27.9595 	EXP 	window1: mouseVisible = False
27.9712 	EXP 	rotated_fixation: opacity = 1
27.9712 	EXP 	rotated_fixation: pos = [0, 0]
27.9715 	EXP 	window1: mouseVisible = False
27.9836 	EXP 	rotated_fixation: opacity = 1
27.9836 	EXP 	rotated_fixation: pos = [0, 0]
27.9838 	EXP 	window1: mouseVisible = False
28.0029 	EXP 	rotated_fixation: opacity = 1
28.0029 	EXP 	rotated_fixation: pos = [0, 0]
28.0034 	EXP 	window1: mouseVisible = False
28.0234 	EXP 	rotated_fixation: opacity = 1
28.0234 	EXP 	rotated_fixation: pos = [0, 0]
28.0239 	EXP 	window1: mouseVisible = False
28.0408 	EXP 	rotated_fixation: opacity = 1
28.0408 	EXP 	rotated_fixation: pos = [0, 0]
28.0417 	EXP 	window1: mouseVisible = False
28.0664 	EXP 	rotated_fixation: opacity = 1
28.0664 	EXP 	rotated_fixation: pos = [0, 0]
28.0666 	EXP 	window1: mouseVisible = False
28.0885 	EXP 	rotated_fixation: opacity = 1
28.0885 	EXP 	rotated_fixation: pos = [0, 0]
28.0900 	EXP 	window1: mouseVisible = False
28.1076 	EXP 	rotated_fixation: opacity = 1
28.1076 	EXP 	rotated_fixation: pos = [0, 0]
28.1082 	EXP 	window1: mouseVisible = False
28.1301 	EXP 	rotated_fixation: opacity = 1
28.1301 	EXP 	rotated_fixation: pos = [0, 0]
28.1306 	EXP 	window1: mouseVisible = False
28.1586 	EXP 	rotated_fixation: opacity = 1
28.1586 	EXP 	rotated_fixation: pos = [0, 0]
28.1589 	EXP 	window1: mouseVisible = False
28.1721 	EXP 	rotated_fixation: opacity = 1
28.1721 	EXP 	rotated_fixation: pos = [0, 0]
28.1724 	EXP 	window1: mouseVisible = False
28.1969 	EXP 	rotated_fixation: opacity = 1
28.1969 	EXP 	rotated_fixation: pos = [0, 0]
28.1974 	EXP 	window1: mouseVisible = False
28.2161 	EXP 	rotated_fixation: opacity = 1
28.2161 	EXP 	rotated_fixation: pos = [0, 0]
28.2165 	EXP 	window1: mouseVisible = False
28.2353 	EXP 	rotated_fixation: opacity = 1
28.2353 	EXP 	rotated_fixation: pos = [0, 0]
28.2357 	EXP 	window1: mouseVisible = False
28.2523 	EXP 	rotated_fixation: opacity = 1
28.2523 	EXP 	rotated_fixation: pos = [0, 0]
28.2526 	EXP 	window1: mouseVisible = False
28.2704 	EXP 	rotated_fixation: opacity = 1
28.2704 	EXP 	rotated_fixation: pos = [0, 0]
28.2709 	EXP 	window1: mouseVisible = False
28.2864 	EXP 	rotated_fixation: opacity = 1
28.2864 	EXP 	rotated_fixation: pos = [0, 0]
28.2868 	EXP 	window1: mouseVisible = False
28.3002 	EXP 	rotated_fixation: opacity = 1
28.3002 	EXP 	rotated_fixation: pos = [0, 0]
28.3005 	EXP 	window1: mouseVisible = False
28.3202 	EXP 	rotated_fixation: opacity = 1
28.3202 	EXP 	rotated_fixation: pos = [0, 0]
28.3208 	EXP 	window1: mouseVisible = False
28.3510 	EXP 	rotated_fixation: opacity = 1
28.3510 	EXP 	rotated_fixation: pos = [0, 0]
28.3516 	EXP 	window1: mouseVisible = False
28.3665 	EXP 	rotated_fixation: opacity = 1
28.3665 	EXP 	rotated_fixation: pos = [0, 0]
28.3668 	EXP 	window1: mouseVisible = False
28.3679 	DATA 	Mouse: Left button down, pos=(960,540)
28.3847 	EXP 	rotated_fixation: opacity = 0
28.3850 	EXP 	window1: mouseVisible = False
28.4016 	EXP 	rotated_fixation: opacity = 0
28.4021 	EXP 	window1: mouseVisible = False
28.4165 	EXP 	rotated_fixation: opacity = 0
28.4168 	EXP 	window1: mouseVisible = False
28.4398 	EXP 	rotated_fixation: opacity = 0
28.4401 	EXP 	window1: mouseVisible = False
28.4515 	EXP 	rotated_fixation: opacity = 0
28.4519 	EXP 	window1: mouseVisible = False
28.4731 	EXP 	rotated_fixation: opacity = 0
28.4737 	EXP 	window1: mouseVisible = False
28.4847 	EXP 	rotated_fixation: opacity = 0
28.4849 	EXP 	window1: mouseVisible = False
28.5013 	EXP 	rotated_fixation: opacity = 0
28.5016 	EXP 	window1: mouseVisible = False
28.5212 	EXP 	rotated_fixation: opacity = 0
28.5215 	EXP 	window1: mouseVisible = False
28.5317 	EXP 	rotated_fixation: opacity = 0
28.5320 	EXP 	window1: mouseVisible = False
28.5516 	EXP 	rotated_fixation: opacity = 0
28.5519 	EXP 	window1: mouseVisible = False
28.5680 	EXP 	rotated_fixation: opacity = 0
28.5682 	EXP 	window1: mouseVisible = False
28.5958 	EXP 	rotated_fixation: opacity = 0
28.5960 	EXP 	window1: mouseVisible = False
28.6029 	EXP 	rotated_fixation: opacity = 0
28.6032 	EXP 	window1: mouseVisible = False
28.6184 	EXP 	rotated_fixation: opacity = 0
28.6189 	EXP 	window1: mouseVisible = False
28.6345 	EXP 	rotated_fixation: opacity = 0
28.6353 	EXP 	window1: mouseVisible = False
28.6595 	EXP 	rotated_fixation: opacity = 0
28.6604 	EXP 	window1: mouseVisible = False
28.6692 	EXP 	rotated_fixation: opacity = 0
28.6696 	EXP 	window1: mouseVisible = False
28.6850 	EXP 	rotated_fixation: opacity = 0
28.6855 	EXP 	window1: mouseVisible = False
28.7063 	EXP 	rotated_fixation: opacity = 0
28.7069 	EXP 	window1: mouseVisible = False
28.7243 	EXP 	rotated_fixation: opacity = 0
28.7248 	EXP 	window1: mouseVisible = False
28.7533 	EXP 	rotated_fixation: opacity = 0
28.7536 	EXP 	window1: mouseVisible = False
28.7693 	EXP 	rotated_fixation: opacity = 0
28.7698 	EXP 	window1: mouseVisible = False
28.7849 	EXP 	rotated_fixation: opacity = 0
28.7852 	EXP 	window1: mouseVisible = False
28.7983 	EXP 	rotated_fixation: opacity = 0
28.7985 	EXP 	window1: mouseVisible = False
28.8214 	EXP 	rotated_fixation: opacity = 0
28.8216 	EXP 	window1: mouseVisible = False
28.8356 	EXP 	rotated_fixation: opacity = 0
28.8357 	EXP 	window1: mouseVisible = False
28.8486 	EXP 	rotated_fixation: opacity = 0
28.8488 	EXP 	window1: mouseVisible = False
28.8665 	EXP 	rotated_fixation: opacity = 0
28.8666 	EXP 	window1: mouseVisible = False
28.8829 	EXP 	rotated_fixation: opacity = 0
28.8831 	EXP 	window1: mouseVisible = False
28.9209 	EXP 	rotated_fixation: opacity = 0
28.9209 	EXP 	rotated_fixation: pos = [-0.32685185185185184, -0.30648148148148147]
28.9209 	EXP 	rotated_fixation: opacity = 1
28.9209 	EXP 	rotated_enclosing_1: autoDraw = False
28.9209 	EXP 	rotated_enclosing: autoDraw = False
28.9209 	EXP 	rotated_target: autoDraw = False
28.9209 	EXP 	rotated_fixation: autoDraw = False
28.9209 	EXP 	rotated_fixation: opacity = 1
28.9209 	EXP 	rotated_target_feedback: pos = array([ 0.3, -0.3])
28.9209 	EXP 	rotated_fixation_feedback: pos = array([0., 0.])
28.9209 	EXP 	rotated_score_text: text = 'Your score: 10'
28.9209 	EXP 	rotated_enclosing_feedback_1: autoDraw = True
28.9209 	EXP 	rotated_enclosing_feedback: autoDraw = True
28.9209 	EXP 	rotated_target_feedback: autoDraw = True
28.9209 	EXP 	rotated_fixation_feedback: autoDraw = True
28.9209 	EXP 	rotated_score_text: autoDraw = True
29.4210 	EXP 	rotated_fixation_feedback: autoDraw = False
29.4908 	DATA 	Mouse:  Left button up, pos=(1342,125)
29.9016 	EXP 	New trial (rep=0, index=1): OrderedDict([('target_x', -0.3), ('target_y', -0.3), ('rotation', 0)])
29.9019 	EXP 	window1: mouseVisible = False
29.9136 	EXP 	rotated_enclosing_feedback_1: autoDraw = False
29.9136 	EXP 	rotated_enclosing_feedback: autoDraw = False
29.9136 	EXP 	rotated_target_feedback: autoDraw = False
29.9136 	EXP 	rotated_fixation_feedback: autoDraw = False
29.9136 	EXP 	rotated_score_text: autoDraw = False
29.9136 	EXP 	rotated_fixation: opacity = 1
29.9136 	EXP 	rotated_fixation: pos = [0, 0]
29.9136 	EXP 	rotated_fixation: opacity = 1
29.9136 	EXP 	rotated_fixation: pos = [0, 0]
29.9136 	EXP 	rotated_enclosing_1: autoDraw = True
29.9136 	EXP 	rotated_enclosing: autoDraw = True
29.9136 	EXP 	rotated_fixation: autoDraw = True
29.9143 	EXP 	window1: mouseVisible = False
29.9413 	EXP 	rotated_fixation: opacity = 1
29.9413 	EXP 	rotated_fixation: pos = [0, 0]
29.9422 	EXP 	window1: mouseVisible = False
29.9501 	EXP 	rotated_fixation: opacity = 1
29.9501 	EXP 	rotated_fixation: pos = [0, 0]
29.9504 	EXP 	window1: mouseVisible = False
29.9671 	EXP 	rotated_fixation: opacity = 1
29.9671 	EXP 	rotated_fixation: pos = [0, 0]
29.9674 	EXP 	window1: mouseVisible = False
29.9837 	EXP 	rotated_fixation: opacity = 1
29.9837 	EXP 	rotated_fixation: pos = [0, 0]
29.9842 	EXP 	window1: mouseVisible = False
29.9979 	EXP 	rotated_fixation: opacity = 1
29.9979 	EXP 	rotated_fixation: pos = [0, 0]
29.9983 	EXP 	window1: mouseVisible = False
30.0115 	EXP 	rotated_fixation: opacity = 1
30.0115 	EXP 	rotated_fixation: pos = [0, 0]
30.0117 	EXP 	window1: mouseVisible = False
30.0358 	EXP 	rotated_fixation: opacity = 1
30.0358 	EXP 	rotated_fixation: pos = [0, 0]
30.0362 	EXP 	window1: mouseVisible = False
30.0475 	EXP 	rotated_fixation: opacity = 1
30.0475 	EXP 	rotated_fixation: pos = [0, 0]
30.0477 	EXP 	window1: mouseVisible = False
30.0657 	EXP 	rotated_fixation: opacity = 1
30.0657 	EXP 	rotated_fixation: pos = [0, 0]
30.0665 	EXP 	window1: mouseVisible = False
30.0854 	EXP 	rotated_fixation: opacity = 1
30.0854 	EXP 	rotated_fixation: pos = [0, 0]
30.0857 	EXP 	window1: mouseVisible = False
30.1002 	EXP 	rotated_fixation: opacity = 1
30.1002 	EXP 	rotated_fixation: pos = [0, 0]
30.1005 	EXP 	window1: mouseVisible = False
30.1165 	EXP 	rotated_fixation: opacity = 1
30.1165 	EXP 	rotated_fixation: pos = [0, 0]
30.1169 	EXP 	window1: mouseVisible = False
30.1359 	EXP 	rotated_fixation: opacity = 1
30.1359 	EXP 	rotated_fixation: pos = [0, 0]
30.1363 	EXP 	window1: mouseVisible = False
30.1483 	EXP 	rotated_fixation: opacity = 1
30.1483 	EXP 	rotated_fixation: pos = [0, 0]
30.1485 	EXP 	window1: mouseVisible = False
30.1661 	EXP 	rotated_fixation: opacity = 1
30.1661 	EXP 	rotated_fixation: pos = [0, 0]
30.1665 	EXP 	window1: mouseVisible = False
30.1879 	EXP 	rotated_fixation: opacity = 1
30.1879 	EXP 	rotated_fixation: pos = [0, 0]
30.1882 	EXP 	window1: mouseVisible = False
30.2008 	EXP 	rotated_fixation: opacity = 1
30.2008 	EXP 	rotated_fixation: pos = [0, 0]
30.2011 	EXP 	window1: mouseVisible = False
30.2163 	EXP 	rotated_fixation: opacity = 1
30.2163 	EXP 	rotated_fixation: pos = [0, 0]
30.2166 	EXP 	window1: mouseVisible = False
30.2300 	EXP 	rotated_fixation: opacity = 1
30.2300 	EXP 	rotated_fixation: pos = [0, 0]
30.2303 	EXP 	window1: mouseVisible = False
30.2524 	EXP 	rotated_fixation: opacity = 1
30.2524 	EXP 	rotated_fixation: pos = [0, 0]
30.2530 	EXP 	window1: mouseVisible = False
30.2679 	EXP 	rotated_fixation: opacity = 1
30.2679 	EXP 	rotated_fixation: pos = [0, 0]
30.2683 	EXP 	window1: mouseVisible = False
30.2858 	EXP 	rotated_fixation: opacity = 1
30.2858 	EXP 	rotated_fixation: pos = [0, 0]
30.2864 	EXP 	window1: mouseVisible = False
30.3042 	EXP 	rotated_fixation: opacity = 1
30.3042 	EXP 	rotated_fixation: pos = [0, 0]
30.3046 	EXP 	window1: mouseVisible = False
30.3161 	EXP 	rotated_fixation: opacity = 1
30.3161 	EXP 	rotated_fixation: pos = [0, 0]
30.3166 	EXP 	window1: mouseVisible = False
30.3373 	EXP 	rotated_fixation: opacity = 1
30.3373 	EXP 	rotated_fixation: pos = [0, 0]
30.3376 	EXP 	window1: mouseVisible = False
30.3498 	EXP 	rotated_fixation: opacity = 1
30.3498 	EXP 	rotated_fixation: pos = [0, 0]
30.3500 	EXP 	window1: mouseVisible = False
30.3715 	EXP 	rotated_fixation: opacity = 1
30.3715 	EXP 	rotated_fixation: pos = [0, 0]
30.3718 	EXP 	window1: mouseVisible = False
30.3826 	EXP 	rotated_fixation: opacity = 1
30.3826 	EXP 	rotated_fixation: pos = [0, 0]
30.3829 	EXP 	window1: mouseVisible = False
30.3998 	EXP 	rotated_fixation: opacity = 1
30.3998 	EXP 	rotated_fixation: pos = [0, 0]
30.4002 	EXP 	window1: mouseVisible = False
30.4281 	EXP 	rotated_fixation: opacity = 1
30.4281 	EXP 	rotated_fixation: pos = [0, 0]
30.4284 	EXP 	window1: mouseVisible = False
30.4357 	EXP 	rotated_fixation: opacity = 1
30.4357 	EXP 	rotated_fixation: pos = [0, 0]
30.4359 	EXP 	window1: mouseVisible = False
30.4490 	EXP 	rotated_fixation: opacity = 1
30.4490 	EXP 	rotated_fixation: pos = [0, 0]
30.4493 	EXP 	window1: mouseVisible = False
30.4729 	EXP 	rotated_fixation: opacity = 1
30.4729 	EXP 	rotated_fixation: pos = [0, 0]
30.4734 	EXP 	window1: mouseVisible = False
30.4835 	EXP 	rotated_fixation: opacity = 1
30.4835 	EXP 	rotated_fixation: pos = [0, 0]
30.4837 	EXP 	window1: mouseVisible = False
30.4981 	EXP 	rotated_fixation: opacity = 1
30.4981 	EXP 	rotated_fixation: pos = [0, 0]
30.4985 	EXP 	window1: mouseVisible = False
30.5127 	EXP 	rotated_fixation: opacity = 1
30.5127 	EXP 	rotated_fixation: pos = [0, 0]
30.5134 	EXP 	window1: mouseVisible = False
30.5377 	EXP 	rotated_fixation: opacity = 1
30.5377 	EXP 	rotated_fixation: pos = [0, 0]
30.5383 	EXP 	window1: mouseVisible = False
30.5503 	EXP 	rotated_fixation: opacity = 1
30.5503 	EXP 	rotated_fixation: pos = [0, 0]
30.5507 	EXP 	window1: mouseVisible = False
30.5688 	EXP 	rotated_fixation: opacity = 1
30.5688 	EXP 	rotated_fixation: pos = [0, 0]
30.5691 	EXP 	window1: mouseVisible = False
30.5842 	EXP 	rotated_fixation: opacity = 1
30.5842 	EXP 	rotated_fixation: pos = [0, 0]
30.5847 	EXP 	window1: mouseVisible = False
30.6013 	EXP 	rotated_fixation: opacity = 1
30.6013 	EXP 	rotated_fixation: pos = [0, 0]
30.6018 	EXP 	window1: mouseVisible = False
30.6164 	EXP 	rotated_fixation: opacity = 1
30.6164 	EXP 	rotated_fixation: pos = [0, 0]
30.6166 	EXP 	window1: mouseVisible = False
30.6298 	EXP 	rotated_fixation: opacity = 1
30.6298 	EXP 	rotated_fixation: pos = [0, 0]
30.6300 	EXP 	window1: mouseVisible = False
30.6597 	EXP 	rotated_fixation: opacity = 1
30.6597 	EXP 	rotated_fixation: pos = [0, 0]
30.6600 	EXP 	window1: mouseVisible = False
30.6669 	EXP 	rotated_fixation: opacity = 1
30.6669 	EXP 	rotated_fixation: pos = [0, 0]
30.6671 	EXP 	window1: mouseVisible = False
30.6820 	EXP 	rotated_fixation: opacity = 1
30.6820 	EXP 	rotated_fixation: pos = [0, 0]
30.6824 	EXP 	window1: mouseVisible = False
30.7003 	EXP 	rotated_fixation: opacity = 1
30.7003 	EXP 	rotated_fixation: pos = [0, 0]
30.7006 	EXP 	window1: mouseVisible = False
30.7154 	EXP 	rotated_fixation: opacity = 1
30.7154 	EXP 	rotated_fixation: pos = [0, 0]
30.7156 	EXP 	window1: mouseVisible = False
30.7315 	EXP 	rotated_fixation: opacity = 1
30.7315 	EXP 	rotated_fixation: pos = [0, 0]
30.7319 	EXP 	window1: mouseVisible = False
30.7512 	EXP 	rotated_fixation: opacity = 1
30.7512 	EXP 	rotated_fixation: pos = [0, 0]
30.7518 	EXP 	window1: mouseVisible = False
30.7692 	EXP 	rotated_fixation: opacity = 1
30.7692 	EXP 	rotated_fixation: pos = [0, 0]
30.7696 	EXP 	window1: mouseVisible = False
30.7839 	EXP 	rotated_fixation: opacity = 1
30.7839 	EXP 	rotated_fixation: pos = [0, 0]
30.7845 	EXP 	window1: mouseVisible = False
30.7977 	EXP 	rotated_fixation: opacity = 1
30.7977 	EXP 	rotated_fixation: pos = [0, 0]
30.7979 	EXP 	window1: mouseVisible = False
30.8194 	EXP 	rotated_fixation: opacity = 1
30.8194 	EXP 	rotated_fixation: pos = [0, 0]
30.8198 	EXP 	window1: mouseVisible = False
30.8331 	EXP 	rotated_fixation: opacity = 1
30.8331 	EXP 	rotated_fixation: pos = [0, 0]
30.8336 	EXP 	window1: mouseVisible = False
30.8570 	EXP 	rotated_fixation: opacity = 1
30.8570 	EXP 	rotated_fixation: pos = [0, 0]
30.8574 	EXP 	window1: mouseVisible = False
30.8676 	EXP 	rotated_fixation: opacity = 1
30.8676 	EXP 	rotated_fixation: pos = [0, 0]
30.8676 	EXP 	rotated_target: autoDraw = True
30.8682 	EXP 	window1: mouseVisible = False
30.8819 	EXP 	rotated_fixation: opacity = 1
30.8819 	EXP 	rotated_fixation: pos = [0, 0]
30.8822 	EXP 	window1: mouseVisible = False
30.9020 	EXP 	rotated_fixation: opacity = 1
30.9020 	EXP 	rotated_fixation: pos = [0, 0]
30.9024 	EXP 	window1: mouseVisible = False
30.9135 	EXP 	rotated_fixation: opacity = 1
30.9135 	EXP 	rotated_fixation: pos = [0, 0]
30.9138 	EXP 	window1: mouseVisible = False
30.9301 	EXP 	rotated_fixation: opacity = 1
30.9301 	EXP 	rotated_fixation: pos = [0, 0]
30.9303 	EXP 	window1: mouseVisible = False
30.9474 	EXP 	rotated_fixation: opacity = 1
30.9474 	EXP 	rotated_fixation: pos = [0, 0]
30.9476 	EXP 	window1: mouseVisible = False
30.9656 	EXP 	rotated_fixation: opacity = 1
30.9656 	EXP 	rotated_fixation: pos = [0, 0]
30.9660 	EXP 	window1: mouseVisible = False
30.9925 	EXP 	rotated_fixation: opacity = 1
30.9925 	EXP 	rotated_fixation: pos = [0, 0]
30.9928 	EXP 	window1: mouseVisible = False
31.0033 	EXP 	rotated_fixation: opacity = 1
31.0033 	EXP 	rotated_fixation: pos = [0, 0]
31.0037 	EXP 	window1: mouseVisible = False
31.0238 	EXP 	rotated_fixation: opacity = 1
31.0238 	EXP 	rotated_fixation: pos = [0, 0]
31.0244 	EXP 	window1: mouseVisible = False
31.0353 	EXP 	rotated_fixation: opacity = 1
31.0353 	EXP 	rotated_fixation: pos = [0, 0]
31.0357 	EXP 	window1: mouseVisible = False
31.0531 	EXP 	rotated_fixation: opacity = 1
31.0531 	EXP 	rotated_fixation: pos = [0, 0]
31.0535 	EXP 	window1: mouseVisible = False
31.0678 	EXP 	rotated_fixation: opacity = 1
31.0678 	EXP 	rotated_fixation: pos = [0, 0]
31.0682 	EXP 	window1: mouseVisible = False
31.0810 	EXP 	rotated_fixation: opacity = 1
31.0810 	EXP 	rotated_fixation: pos = [0, 0]
31.0814 	EXP 	window1: mouseVisible = False
31.0987 	EXP 	rotated_fixation: opacity = 1
31.0987 	EXP 	rotated_fixation: pos = [0, 0]
31.0991 	EXP 	window1: mouseVisible = False
31.1208 	EXP 	rotated_fixation: opacity = 1
31.1208 	EXP 	rotated_fixation: pos = [0, 0]
31.1213 	EXP 	window1: mouseVisible = False
31.1369 	EXP 	rotated_fixation: opacity = 1
31.1369 	EXP 	rotated_fixation: pos = [0, 0]
31.1375 	EXP 	window1: mouseVisible = False
31.1599 	EXP 	rotated_fixation: opacity = 1
31.1599 	EXP 	rotated_fixation: pos = [0, 0]
31.1605 	EXP 	window1: mouseVisible = False
31.1863 	EXP 	rotated_fixation: opacity = 1
31.1863 	EXP 	rotated_fixation: pos = [0, 0]
31.1868 	EXP 	window1: mouseVisible = False
31.2030 	EXP 	rotated_fixation: opacity = 1
31.2030 	EXP 	rotated_fixation: pos = [0, 0]
31.2034 	EXP 	window1: mouseVisible = False
31.2280 	EXP 	rotated_fixation: opacity = 1
31.2280 	EXP 	rotated_fixation: pos = [0, 0]
31.2284 	EXP 	window1: mouseVisible = False
31.2501 	EXP 	rotated_fixation: opacity = 1
31.2501 	EXP 	rotated_fixation: pos = [0, 0]
31.2508 	EXP 	window1: mouseVisible = False
31.2773 	EXP 	rotated_fixation: opacity = 1
31.2773 	EXP 	rotated_fixation: pos = [0, 0]
31.2775 	EXP 	window1: mouseVisible = False
31.2983 	EXP 	rotated_fixation: opacity = 1
31.2983 	EXP 	rotated_fixation: pos = [0, 0]
31.2986 	EXP 	window1: mouseVisible = False
31.3151 	EXP 	rotated_fixation: opacity = 1
31.3151 	EXP 	rotated_fixation: pos = [0, 0]
31.3155 	EXP 	window1: mouseVisible = False
31.3342 	EXP 	rotated_fixation: opacity = 1
31.3342 	EXP 	rotated_fixation: pos = [0, 0]
31.3351 	EXP 	window1: mouseVisible = False
31.3544 	EXP 	rotated_fixation: opacity = 1
31.3544 	EXP 	rotated_fixation: pos = [0, 0]
31.3551 	EXP 	window1: mouseVisible = False
31.3673 	EXP 	rotated_fixation: opacity = 1
31.3673 	EXP 	rotated_fixation: pos = [0, 0]
31.3678 	EXP 	window1: mouseVisible = False
31.3865 	EXP 	rotated_fixation: opacity = 1
31.3865 	EXP 	rotated_fixation: pos = [0, 0]
31.3868 	EXP 	window1: mouseVisible = False
31.4017 	EXP 	rotated_fixation: opacity = 1
31.4017 	EXP 	rotated_fixation: pos = [0, 0]
31.4021 	EXP 	window1: mouseVisible = False
31.4294 	EXP 	rotated_fixation: opacity = 1
31.4294 	EXP 	rotated_fixation: pos = [0, 0]
31.4296 	EXP 	window1: mouseVisible = False
31.4547 	EXP 	rotated_fixation: opacity = 1
31.4547 	EXP 	rotated_fixation: pos = [0, 0]
31.4552 	EXP 	window1: mouseVisible = False
31.4562 	DATA 	Mouse: Left button down, pos=(960,540)
31.4672 	EXP 	rotated_fixation: opacity = 0
31.4675 	EXP 	window1: mouseVisible = False
31.4821 	EXP 	rotated_fixation: opacity = 0
31.4824 	EXP 	window1: mouseVisible = False
31.4961 	EXP 	rotated_fixation: opacity = 0
31.4964 	EXP 	window1: mouseVisible = False
31.5292 	EXP 	rotated_fixation: opacity = 0
31.5295 	EXP 	window1: mouseVisible = False
31.5490 	EXP 	rotated_fixation: opacity = 0
31.5497 	EXP 	window1: mouseVisible = False
31.5669 	EXP 	rotated_fixation: opacity = 0
31.5672 	EXP 	window1: mouseVisible = False
31.5816 	EXP 	rotated_fixation: opacity = 0
31.5821 	EXP 	window1: mouseVisible = False
31.5986 	EXP 	rotated_fixation: opacity = 0
31.5992 	EXP 	window1: mouseVisible = False
31.6193 	EXP 	rotated_fixation: opacity = 0
31.6198 	EXP 	window1: mouseVisible = False
31.6397 	EXP 	rotated_fixation: opacity = 0
31.6401 	EXP 	window1: mouseVisible = False
31.6640 	EXP 	rotated_fixation: opacity = 0
31.6643 	EXP 	window1: mouseVisible = False
31.6801 	EXP 	rotated_fixation: opacity = 0
31.6805 	EXP 	window1: mouseVisible = False
31.6943 	EXP 	rotated_fixation: opacity = 0
31.6945 	EXP 	window1: mouseVisible = False
31.7199 	EXP 	rotated_fixation: opacity = 0
31.7205 	EXP 	window1: mouseVisible = False
31.7358 	EXP 	rotated_fixation: opacity = 0
31.7363 	EXP 	window1: mouseVisible = False
31.7626 	EXP 	rotated_fixation: opacity = 0
31.7628 	EXP 	window1: mouseVisible = False
31.7881 	EXP 	rotated_fixation: opacity = 0
31.7885 	EXP 	window1: mouseVisible = False
31.7959 	EXP 	rotated_fixation: opacity = 0
31.7961 	EXP 	window1: mouseVisible = False
31.8120 	EXP 	rotated_fixation: opacity = 0
31.8125 	EXP 	window1: mouseVisible = False
31.8307 	EXP 	rotated_fixation: opacity = 0
31.8313 	EXP 	window1: mouseVisible = False
31.8591 	EXP 	rotated_fixation: opacity = 0
31.8595 	EXP 	window1: mouseVisible = False
31.8676 	EXP 	rotated_fixation: opacity = 0
31.8680 	EXP 	window1: mouseVisible = False
31.9006 	EXP 	rotated_fixation: opacity = 0
31.9008 	EXP 	window1: mouseVisible = False
31.9126 	EXP 	rotated_fixation: opacity = 0
31.9130 	EXP 	window1: mouseVisible = False
31.9377 	EXP 	rotated_fixation: opacity = 0
31.9377 	EXP 	rotated_fixation: pos = [-0.2824074074074074, 0.35555555555555557]
31.9377 	EXP 	rotated_fixation: opacity = 1
31.9377 	EXP 	rotated_enclosing_1: autoDraw = False
31.9377 	EXP 	rotated_enclosing: autoDraw = False
31.9377 	EXP 	rotated_target: autoDraw = False
31.9377 	EXP 	rotated_fixation: autoDraw = False
31.9377 	EXP 	rotated_fixation: opacity = 1
31.9377 	EXP 	rotated_target_feedback: pos = array([-0.3, -0.3])
31.9377 	EXP 	rotated_fixation_feedback: pos = array([0., 0.])
31.9377 	EXP 	rotated_score_text: text = 'Your score: 10'
31.9377 	EXP 	rotated_enclosing_feedback_1: autoDraw = True
31.9377 	EXP 	rotated_enclosing_feedback: autoDraw = True
31.9377 	EXP 	rotated_target_feedback: autoDraw = True
31.9377 	EXP 	rotated_fixation_feedback: autoDraw = True
31.9377 	EXP 	rotated_score_text: autoDraw = True
32.4466 	EXP 	rotated_fixation_feedback: autoDraw = False
32.5008 	DATA 	Mouse:  Left button up, pos=(413,114)
32.9492 	EXP 	New trial (rep=0, index=2): OrderedDict([('target_x', -0.3), ('target_y', 0.3), ('rotation', 0)])
32.9499 	EXP 	window1: mouseVisible = False
32.9700 	EXP 	rotated_enclosing_feedback_1: autoDraw = False
32.9700 	EXP 	rotated_enclosing_feedback: autoDraw = False
32.9700 	EXP 	rotated_target_feedback: autoDraw = False
32.9700 	EXP 	rotated_fixation_feedback: autoDraw = False
32.9700 	EXP 	rotated_score_text: autoDraw = False
32.9700 	EXP 	rotated_fixation: opacity = 1
32.9700 	EXP 	rotated_fixation: pos = [0, 0]
32.9700 	EXP 	rotated_fixation: opacity = 1
32.9700 	EXP 	rotated_fixation: pos = [0, 0]
32.9700 	EXP 	rotated_enclosing_1: autoDraw = True
32.9700 	EXP 	rotated_enclosing: autoDraw = True
32.9700 	EXP 	rotated_fixation: autoDraw = True
32.9708 	EXP 	window1: mouseVisible = False
32.9820 	EXP 	rotated_fixation: opacity = 1
32.9820 	EXP 	rotated_fixation: pos = [0, 0]
32.9822 	EXP 	window1: mouseVisible = False
32.9961 	EXP 	rotated_fixation: opacity = 1
32.9961 	EXP 	rotated_fixation: pos = [0, 0]
32.9968 	EXP 	window1: mouseVisible = False
33.0160 	EXP 	rotated_fixation: opacity = 1
33.0160 	EXP 	rotated_fixation: pos = [0, 0]
33.0163 	EXP 	window1: mouseVisible = False
33.0335 	EXP 	rotated_fixation: opacity = 1
33.0335 	EXP 	rotated_fixation: pos = [0, 0]
33.0340 	EXP 	window1: mouseVisible = False
33.0587 	EXP 	rotated_fixation: opacity = 1
33.0587 	EXP 	rotated_fixation: pos = [0, 0]
33.0590 	EXP 	window1: mouseVisible = False
33.0822 	EXP 	rotated_fixation: opacity = 1
33.0822 	EXP 	rotated_fixation: pos = [0, 0]
33.0824 	EXP 	window1: mouseVisible = False
33.0927 	EXP 	rotated_fixation: opacity = 1
33.0927 	EXP 	rotated_fixation: pos = [0, 0]
33.0929 	EXP 	window1: mouseVisible = False
33.1154 	EXP 	rotated_fixation: opacity = 1
33.1154 	EXP 	rotated_fixation: pos = [0, 0]
33.1161 	EXP 	window1: mouseVisible = False
33.1330 	EXP 	rotated_fixation: opacity = 1
33.1330 	EXP 	rotated_fixation: pos = [0, 0]
33.1338 	EXP 	window1: mouseVisible = False
33.1566 	EXP 	rotated_fixation: opacity = 1
33.1566 	EXP 	rotated_fixation: pos = [0, 0]
33.1571 	EXP 	window1: mouseVisible = False
33.1665 	EXP 	rotated_fixation: opacity = 1
33.1665 	EXP 	rotated_fixation: pos = [0, 0]
33.1668 	EXP 	window1: mouseVisible = False
33.1885 	EXP 	rotated_fixation: opacity = 1
33.1885 	EXP 	rotated_fixation: pos = [0, 0]
33.1888 	EXP 	window1: mouseVisible = False
33.1976 	EXP 	rotated_fixation: opacity = 1
33.1976 	EXP 	rotated_fixation: pos = [0, 0]
33.1979 	EXP 	window1: mouseVisible = False
33.2175 	EXP 	rotated_fixation: opacity = 1
33.2175 	EXP 	rotated_fixation: pos = [0, 0]
33.2179 	EXP 	window1: mouseVisible = False
33.2378 	EXP 	rotated_fixation: opacity = 1
33.2378 	EXP 	rotated_fixation: pos = [0, 0]
33.2383 	EXP 	window1: mouseVisible = False
33.2614 	EXP 	rotated_fixation: opacity = 1
33.2614 	EXP 	rotated_fixation: pos = [0, 0]
33.2617 	EXP 	window1: mouseVisible = False
33.2815 	EXP 	rotated_fixation: opacity = 1
33.2815 	EXP 	rotated_fixation: pos = [0, 0]
33.2821 	EXP 	window1: mouseVisible = False
33.3015 	EXP 	rotated_fixation: opacity = 1
33.3015 	EXP 	rotated_fixation: pos = [0, 0]
33.3021 	EXP 	window1: mouseVisible = False
33.3190 	EXP 	rotated_fixation: opacity = 1
33.3190 	EXP 	rotated_fixation: pos = [0, 0]
33.3194 	EXP 	window1: mouseVisible = False
33.3424 	EXP 	rotated_fixation: opacity = 1
33.3424 	EXP 	rotated_fixation: pos = [0, 0]
33.3427 	EXP 	window1: mouseVisible = False
33.3607 	EXP 	rotated_fixation: opacity = 1
33.3607 	EXP 	rotated_fixation: pos = [0, 0]
33.3609 	EXP 	window1: mouseVisible = False
33.3815 	EXP 	rotated_fixation: opacity = 1
33.3815 	EXP 	rotated_fixation: pos = [0, 0]
33.3821 	EXP 	window1: mouseVisible = False
33.3981 	EXP 	rotated_fixation: opacity = 1
33.3981 	EXP 	rotated_fixation: pos = [0, 0]
33.3991 	EXP 	window1: mouseVisible = False
33.4216 	EXP 	rotated_fixation: opacity = 1
33.4216 	EXP 	rotated_fixation: pos = [0, 0]
33.4221 	EXP 	window1: mouseVisible = False
33.4470 	EXP 	rotated_fixation: opacity = 1
33.4470 	EXP 	rotated_fixation: pos = [0, 0]
33.4474 	EXP 	window1: mouseVisible = False
33.4611 	EXP 	rotated_fixation: opacity = 1
33.4611 	EXP 	rotated_fixation: pos = [0, 0]
33.4613 	EXP 	window1: mouseVisible = False
33.4827 	EXP 	rotated_fixation: opacity = 1
33.4827 	EXP 	rotated_fixation: pos = [0, 0]
33.4831 	EXP 	window1: mouseVisible = False
33.4955 	EXP 	rotated_fixation: opacity = 1
33.4955 	EXP 	rotated_fixation: pos = [0, 0]
33.4960 	EXP 	window1: mouseVisible = False
33.5112 	EXP 	rotated_fixation: opacity = 1
33.5112 	EXP 	rotated_fixation: pos = [0, 0]
33.5114 	EXP 	window1: mouseVisible = False
33.5285 	EXP 	rotated_fixation: opacity = 1
33.5285 	EXP 	rotated_fixation: pos = [0, 0]
33.5285 	EXP 	rotated_target: autoDraw = True
33.5292 	EXP 	window1: mouseVisible = False
33.5510 	EXP 	rotated_fixation: opacity = 1
33.5510 	EXP 	rotated_fixation: pos = [0, 0]
33.5513 	EXP 	window1: mouseVisible = False
33.5665 	EXP 	rotated_fixation: opacity = 1
33.5665 	EXP 	rotated_fixation: pos = [0, 0]
33.5668 	EXP 	window1: mouseVisible = False
33.5962 	EXP 	rotated_fixation: opacity = 1
33.5962 	EXP 	rotated_fixation: pos = [0, 0]
33.5965 	EXP 	window1: mouseVisible = False
33.6162 	EXP 	rotated_fixation: opacity = 1
33.6162 	EXP 	rotated_fixation: pos = [0, 0]
33.6188 	EXP 	window1: mouseVisible = False
33.6354 	EXP 	rotated_fixation: opacity = 1
33.6354 	EXP 	rotated_fixation: pos = [0, 0]
33.6357 	EXP 	window1: mouseVisible = False
33.6472 	EXP 	rotated_fixation: opacity = 1
33.6472 	EXP 	rotated_fixation: pos = [0, 0]
33.6475 	EXP 	window1: mouseVisible = False
33.6698 	EXP 	rotated_fixation: opacity = 1
33.6698 	EXP 	rotated_fixation: pos = [0, 0]
33.6704 	EXP 	window1: mouseVisible = False
33.6796 	EXP 	rotated_fixation: opacity = 1
33.6796 	EXP 	rotated_fixation: pos = [0, 0]
33.6798 	EXP 	window1: mouseVisible = False
33.6983 	EXP 	rotated_fixation: opacity = 1
33.6983 	EXP 	rotated_fixation: pos = [0, 0]
33.6988 	EXP 	window1: mouseVisible = False
33.7153 	EXP 	rotated_fixation: opacity = 1
33.7153 	EXP 	rotated_fixation: pos = [0, 0]
33.7156 	EXP 	window1: mouseVisible = False
33.7387 	EXP 	rotated_fixation: opacity = 1
33.7387 	EXP 	rotated_fixation: pos = [0, 0]
33.7391 	EXP 	window1: mouseVisible = False
33.7500 	EXP 	rotated_fixation: opacity = 1
33.7500 	EXP 	rotated_fixation: pos = [0, 0]
33.7505 	EXP 	window1: mouseVisible = False
33.7742 	EXP 	rotated_fixation: opacity = 1
33.7742 	EXP 	rotated_fixation: pos = [0, 0]
33.7747 	EXP 	window1: mouseVisible = False
33.8014 	EXP 	rotated_fixation: opacity = 1
33.8014 	EXP 	rotated_fixation: pos = [0, 0]
33.8021 	EXP 	window1: mouseVisible = False
33.8176 	EXP 	rotated_fixation: opacity = 1
33.8176 	EXP 	rotated_fixation: pos = [0, 0]
33.8181 	EXP 	window1: mouseVisible = False
33.8407 	EXP 	rotated_fixation: opacity = 1
33.8407 	EXP 	rotated_fixation: pos = [0, 0]
33.8413 	EXP 	window1: mouseVisible = False
33.8709 	EXP 	rotated_fixation: opacity = 1
33.8709 	EXP 	rotated_fixation: pos = [0, 0]
33.8713 	EXP 	window1: mouseVisible = False
33.8953 	EXP 	rotated_fixation: opacity = 1
33.8953 	EXP 	rotated_fixation: pos = [0, 0]
33.8956 	EXP 	window1: mouseVisible = False
33.9068 	EXP 	rotated_fixation: opacity = 1
33.9068 	EXP 	rotated_fixation: pos = [0, 0]
33.9070 	EXP 	window1: mouseVisible = False
33.9307 	EXP 	rotated_fixation: opacity = 1
33.9307 	EXP 	rotated_fixation: pos = [0, 0]
33.9309 	EXP 	window1: mouseVisible = False
33.9444 	EXP 	rotated_fixation: opacity = 1
33.9444 	EXP 	rotated_fixation: pos = [0, 0]
33.9448 	EXP 	window1: mouseVisible = False
33.9657 	EXP 	rotated_fixation: opacity = 1
33.9657 	EXP 	rotated_fixation: pos = [0, 0]
33.9664 	EXP 	window1: mouseVisible = False
33.9791 	EXP 	rotated_fixation: opacity = 1
33.9791 	EXP 	rotated_fixation: pos = [0, 0]
33.9793 	EXP 	window1: mouseVisible = False
33.9960 	EXP 	rotated_fixation: opacity = 1
33.9960 	EXP 	rotated_fixation: pos = [0, 0]
33.9963 	EXP 	window1: mouseVisible = False
34.0154 	EXP 	rotated_fixation: opacity = 1
34.0154 	EXP 	rotated_fixation: pos = [0, 0]
34.0157 	EXP 	window1: mouseVisible = False
34.0270 	EXP 	rotated_fixation: opacity = 1
34.0270 	EXP 	rotated_fixation: pos = [0, 0]
34.0273 	EXP 	window1: mouseVisible = False
34.0443 	EXP 	rotated_fixation: opacity = 1
34.0443 	EXP 	rotated_fixation: pos = [0, 0]
34.0445 	EXP 	window1: mouseVisible = False
34.0629 	EXP 	rotated_fixation: opacity = 1
34.0629 	EXP 	rotated_fixation: pos = [0, 0]
34.0632 	EXP 	window1: mouseVisible = False
34.0873 	EXP 	rotated_fixation: opacity = 1
34.0873 	EXP 	rotated_fixation: pos = [0, 0]
34.0877 	EXP 	window1: mouseVisible = False
34.1003 	EXP 	rotated_fixation: opacity = 1
34.1003 	EXP 	rotated_fixation: pos = [0, 0]
34.1006 	EXP 	window1: mouseVisible = False
34.1261 	EXP 	rotated_fixation: opacity = 1
34.1261 	EXP 	rotated_fixation: pos = [0, 0]
34.1265 	EXP 	window1: mouseVisible = False
34.1489 	EXP 	rotated_fixation: opacity = 1
34.1489 	EXP 	rotated_fixation: pos = [0, 0]
34.1496 	EXP 	window1: mouseVisible = False
34.1638 	EXP 	rotated_fixation: opacity = 1
34.1638 	EXP 	rotated_fixation: pos = [0, 0]
34.1640 	EXP 	window1: mouseVisible = False
34.1802 	EXP 	rotated_fixation: opacity = 1
34.1802 	EXP 	rotated_fixation: pos = [0, 0]
34.1806 	EXP 	window1: mouseVisible = False
34.2010 	EXP 	rotated_fixation: opacity = 1
34.2010 	EXP 	rotated_fixation: pos = [0, 0]
34.2012 	EXP 	window1: mouseVisible = False
34.2023 	DATA 	Mouse: Left button down, pos=(960,540)
34.2100 	EXP 	rotated_fixation: opacity = 0
34.2101 	EXP 	window1: mouseVisible = False
34.2271 	EXP 	rotated_fixation: opacity = 0
34.2274 	EXP 	window1: mouseVisible = False
34.2442 	EXP 	rotated_fixation: opacity = 0
34.2445 	EXP 	window1: mouseVisible = False
34.2596 	EXP 	rotated_fixation: opacity = 0
34.2598 	EXP 	window1: mouseVisible = False
34.2794 	EXP 	rotated_fixation: opacity = 0
34.2795 	EXP 	window1: mouseVisible = False
34.2965 	EXP 	rotated_fixation: opacity = 0
34.2970 	EXP 	window1: mouseVisible = False
34.3105 	EXP 	rotated_fixation: opacity = 0
34.3107 	EXP 	window1: mouseVisible = False
34.3272 	EXP 	rotated_fixation: opacity = 0
34.3276 	EXP 	window1: mouseVisible = False
34.3432 	EXP 	rotated_fixation: opacity = 0
34.3435 	EXP 	window1: mouseVisible = False
34.3616 	EXP 	rotated_fixation: opacity = 0
34.3619 	EXP 	window1: mouseVisible = False
34.3765 	EXP 	rotated_fixation: opacity = 0
34.3767 	EXP 	window1: mouseVisible = False
34.3984 	EXP 	rotated_fixation: opacity = 0
34.3990 	EXP 	window1: mouseVisible = False
34.4177 	EXP 	rotated_fixation: opacity = 0
34.4183 	EXP 	window1: mouseVisible = False
34.4343 	EXP 	rotated_fixation: opacity = 0
34.4345 	EXP 	window1: mouseVisible = False
34.4457 	EXP 	rotated_fixation: opacity = 0
34.4459 	EXP 	window1: mouseVisible = False
34.4609 	EXP 	rotated_fixation: opacity = 0
34.4611 	EXP 	window1: mouseVisible = False
34.4792 	EXP 	rotated_fixation: opacity = 0
34.4794 	EXP 	window1: mouseVisible = False
34.4997 	EXP 	rotated_fixation: opacity = 0
34.5001 	EXP 	window1: mouseVisible = False
34.5139 	EXP 	rotated_fixation: opacity = 0
34.5143 	EXP 	window1: mouseVisible = False
34.5319 	EXP 	rotated_fixation: opacity = 0
34.5323 	EXP 	window1: mouseVisible = False
34.5462 	EXP 	rotated_fixation: opacity = 0
34.5465 	EXP 	window1: mouseVisible = False
34.5674 	EXP 	rotated_fixation: opacity = 0
34.5679 	EXP 	window1: mouseVisible = False
34.5963 	EXP 	rotated_fixation: opacity = 0
34.5963 	EXP 	rotated_fixation: pos = [0.2564814814814815, 0.3592592592592593]
34.5963 	EXP 	rotated_fixation: opacity = 1
34.5963 	EXP 	rotated_enclosing_1: autoDraw = False
34.5963 	EXP 	rotated_enclosing: autoDraw = False
34.5963 	EXP 	rotated_target: autoDraw = False
34.5963 	EXP 	rotated_fixation: autoDraw = False
34.5963 	EXP 	rotated_fixation: opacity = 1
34.5963 	EXP 	rotated_target_feedback: pos = array([-0.3,  0.3])
34.5963 	EXP 	rotated_fixation_feedback: pos = array([0., 0.])
34.5963 	EXP 	rotated_score_text: text = 'Your score: 10'
34.5963 	EXP 	rotated_enclosing_feedback_1: autoDraw = True
34.5963 	EXP 	rotated_enclosing_feedback: autoDraw = True
34.5963 	EXP 	rotated_target_feedback: autoDraw = True
34.5963 	EXP 	rotated_fixation_feedback: autoDraw = True
34.5963 	EXP 	rotated_score_text: autoDraw = True
35.0944 	EXP 	rotated_fixation_feedback: autoDraw = False
35.2492 	DATA 	Mouse:  Left button up, pos=(464,905)
35.5897 	EXP 	New trial (rep=0, index=3): OrderedDict([('target_x', 0.3), ('target_y', 0.3), ('rotation', 0)])
35.5901 	EXP 	window1: mouseVisible = False
35.6044 	EXP 	rotated_enclosing_feedback_1: autoDraw = False
35.6044 	EXP 	rotated_enclosing_feedback: autoDraw = False
35.6044 	EXP 	rotated_target_feedback: autoDraw = False
35.6044 	EXP 	rotated_score_text: autoDraw = False
35.6044 	EXP 	rotated_enclosing_feedback_1: autoDraw = False
35.6044 	EXP 	rotated_enclosing_feedback: autoDraw = False
35.6044 	EXP 	rotated_target_feedback: autoDraw = False
35.6044 	EXP 	rotated_fixation_feedback: autoDraw = False
35.6044 	EXP 	rotated_score_text: autoDraw = False
35.6044 	EXP 	rotated_fixation: opacity = 1
35.6044 	EXP 	rotated_fixation: pos = [0, 0]
35.6044 	EXP 	rotated_fixation: opacity = 1
35.6044 	EXP 	rotated_fixation: pos = [0, 0]
35.6044 	EXP 	rotated_enclosing_1: autoDraw = True
35.6044 	EXP 	rotated_enclosing: autoDraw = True
35.6044 	EXP 	rotated_fixation: autoDraw = True
35.6048 	EXP 	window1: mouseVisible = False
35.6292 	EXP 	rotated_fixation: opacity = 1
35.6292 	EXP 	rotated_fixation: pos = [0, 0]
35.6296 	EXP 	window1: mouseVisible = False
35.6460 	EXP 	rotated_fixation: opacity = 1
35.6460 	EXP 	rotated_fixation: pos = [0, 0]
35.6464 	EXP 	window1: mouseVisible = False
35.6597 	EXP 	rotated_fixation: opacity = 1
35.6597 	EXP 	rotated_fixation: pos = [0, 0]
35.6600 	EXP 	window1: mouseVisible = False
35.6830 	EXP 	rotated_fixation: opacity = 1
35.6830 	EXP 	rotated_fixation: pos = [0, 0]
35.6834 	EXP 	window1: mouseVisible = False
35.6940 	EXP 	rotated_fixation: opacity = 1
35.6940 	EXP 	rotated_fixation: pos = [0, 0]
35.6945 	EXP 	window1: mouseVisible = False
35.7169 	EXP 	rotated_fixation: opacity = 1
35.7169 	EXP 	rotated_fixation: pos = [0, 0]
35.7176 	EXP 	window1: mouseVisible = False
35.7338 	EXP 	rotated_fixation: opacity = 1
35.7338 	EXP 	rotated_fixation: pos = [0, 0]
35.7344 	EXP 	window1: mouseVisible = False
35.7577 	EXP 	rotated_fixation: opacity = 1
35.7577 	EXP 	rotated_fixation: pos = [0, 0]
35.7580 	EXP 	window1: mouseVisible = False
35.7814 	EXP 	rotated_fixation: opacity = 1
35.7814 	EXP 	rotated_fixation: pos = [0, 0]
35.7818 	EXP 	window1: mouseVisible = False
35.7960 	EXP 	rotated_fixation: opacity = 1
35.7960 	EXP 	rotated_fixation: pos = [0, 0]
35.7962 	EXP 	window1: mouseVisible = False
35.8182 	EXP 	rotated_fixation: opacity = 1
35.8182 	EXP 	rotated_fixation: pos = [0, 0]
35.8186 	EXP 	window1: mouseVisible = False
35.8255 	EXP 	rotated_fixation: opacity = 1
35.8255 	EXP 	rotated_fixation: pos = [0, 0]
35.8256 	EXP 	window1: mouseVisible = False
35.8437 	EXP 	rotated_fixation: opacity = 1
35.8437 	EXP 	rotated_fixation: pos = [0, 0]
35.8441 	EXP 	window1: mouseVisible = False
35.8628 	EXP 	rotated_fixation: opacity = 1
35.8628 	EXP 	rotated_fixation: pos = [0, 0]
35.8631 	EXP 	window1: mouseVisible = False
35.8766 	EXP 	rotated_fixation: opacity = 1
35.8766 	EXP 	rotated_fixation: pos = [0, 0]
35.8770 	EXP 	window1: mouseVisible = False
35.8925 	EXP 	rotated_fixation: opacity = 1
35.8925 	EXP 	rotated_fixation: pos = [0, 0]
35.8929 	EXP 	window1: mouseVisible = False
35.9130 	EXP 	rotated_fixation: opacity = 1
35.9130 	EXP 	rotated_fixation: pos = [0, 0]
35.9134 	EXP 	window1: mouseVisible = False
35.9291 	EXP 	rotated_fixation: opacity = 1
35.9291 	EXP 	rotated_fixation: pos = [0, 0]
35.9295 	EXP 	window1: mouseVisible = False
35.9472 	EXP 	rotated_fixation: opacity = 1
35.9472 	EXP 	rotated_fixation: pos = [0, 0]
35.9476 	EXP 	window1: mouseVisible = False
35.9605 	EXP 	rotated_fixation: opacity = 1
35.9605 	EXP 	rotated_fixation: pos = [0, 0]
35.9611 	EXP 	window1: mouseVisible = False
35.9776 	EXP 	rotated_fixation: opacity = 1
35.9776 	EXP 	rotated_fixation: pos = [0, 0]
35.9780 	EXP 	window1: mouseVisible = False
35.9923 	EXP 	rotated_fixation: opacity = 1
35.9923 	EXP 	rotated_fixation: pos = [0, 0]
35.9933 	EXP 	window1: mouseVisible = False
36.0117 	EXP 	rotated_fixation: opacity = 1
36.0117 	EXP 	rotated_fixation: pos = [0, 0]
36.0124 	EXP 	window1: mouseVisible = False
36.0340 	EXP 	rotated_fixation: opacity = 1
36.0340 	EXP 	rotated_fixation: pos = [0, 0]
36.0344 	EXP 	window1: mouseVisible = False
36.0461 	EXP 	rotated_fixation: opacity = 1
36.0461 	EXP 	rotated_fixation: pos = [0, 0]
36.0465 	EXP 	window1: mouseVisible = False
36.0704 	EXP 	rotated_fixation: opacity = 1
36.0704 	EXP 	rotated_fixation: pos = [0, 0]
36.0711 	EXP 	window1: mouseVisible = False
36.0961 	EXP 	rotated_fixation: opacity = 1
36.0961 	EXP 	rotated_fixation: pos = [0, 0]
36.0964 	EXP 	window1: mouseVisible = False
36.1090 	EXP 	rotated_fixation: opacity = 1
36.1090 	EXP 	rotated_fixation: pos = [0, 0]
36.1093 	EXP 	window1: mouseVisible = False
36.1286 	EXP 	rotated_fixation: opacity = 1
36.1286 	EXP 	rotated_fixation: pos = [0, 0]
36.1291 	EXP 	window1: mouseVisible = False
36.1479 	EXP 	rotated_fixation: opacity = 1
36.1479 	EXP 	rotated_fixation: pos = [0, 0]
36.1484 	EXP 	window1: mouseVisible = False
36.1623 	EXP 	rotated_fixation: opacity = 1
36.1623 	EXP 	rotated_fixation: pos = [0, 0]
36.1627 	EXP 	window1: mouseVisible = False
36.1790 	EXP 	rotated_fixation: opacity = 1
36.1790 	EXP 	rotated_fixation: pos = [0, 0]
36.1795 	EXP 	window1: mouseVisible = False
36.2022 	EXP 	rotated_fixation: opacity = 1
36.2022 	EXP 	rotated_fixation: pos = [0, 0]
36.2031 	EXP 	window1: mouseVisible = False
36.2151 	EXP 	rotated_fixation: opacity = 1
36.2151 	EXP 	rotated_fixation: pos = [0, 0]
36.2153 	EXP 	window1: mouseVisible = False
36.2365 	EXP 	rotated_fixation: opacity = 1
36.2365 	EXP 	rotated_fixation: pos = [0, 0]
36.2369 	EXP 	window1: mouseVisible = False
36.2450 	EXP 	rotated_fixation: opacity = 1
36.2450 	EXP 	rotated_fixation: pos = [0, 0]
36.2453 	EXP 	window1: mouseVisible = False
36.2642 	EXP 	rotated_fixation: opacity = 1
36.2642 	EXP 	rotated_fixation: pos = [0, 0]
36.2646 	EXP 	window1: mouseVisible = False
36.2776 	EXP 	rotated_fixation: opacity = 1
36.2776 	EXP 	rotated_fixation: pos = [0, 0]
36.2779 	EXP 	window1: mouseVisible = False
36.2918 	EXP 	rotated_fixation: opacity = 1
36.2918 	EXP 	rotated_fixation: pos = [0, 0]
36.2919 	EXP 	window1: mouseVisible = False
36.3175 	EXP 	rotated_fixation: opacity = 1
36.3175 	EXP 	rotated_fixation: pos = [0, 0]
36.3179 	EXP 	window1: mouseVisible = False
36.3268 	EXP 	rotated_fixation: opacity = 1
36.3268 	EXP 	rotated_fixation: pos = [0, 0]
36.3271 	EXP 	window1: mouseVisible = False
36.3470 	EXP 	rotated_fixation: opacity = 1
36.3470 	EXP 	rotated_fixation: pos = [0, 0]
36.3474 	EXP 	window1: mouseVisible = False
36.3753 	EXP 	rotated_fixation: opacity = 1
36.3753 	EXP 	rotated_fixation: pos = [0, 0]
36.3756 	EXP 	window1: mouseVisible = False
36.3834 	EXP 	rotated_fixation: opacity = 1
36.3834 	EXP 	rotated_fixation: pos = [0, 0]
36.3839 	EXP 	window1: mouseVisible = False
36.4071 	EXP 	rotated_fixation: opacity = 1
36.4071 	EXP 	rotated_fixation: pos = [0, 0]
36.4079 	EXP 	window1: mouseVisible = False
36.4300 	EXP 	rotated_fixation: opacity = 1
36.4300 	EXP 	rotated_fixation: pos = [0, 0]
36.4304 	EXP 	window1: mouseVisible = False
36.4564 	EXP 	rotated_fixation: opacity = 1
36.4564 	EXP 	rotated_fixation: pos = [0, 0]
36.4566 	EXP 	window1: mouseVisible = False
36.4763 	EXP 	rotated_fixation: opacity = 1
36.4763 	EXP 	rotated_fixation: pos = [0, 0]
36.4770 	EXP 	window1: mouseVisible = False
36.4978 	EXP 	rotated_fixation: opacity = 1
36.4978 	EXP 	rotated_fixation: pos = [0, 0]
36.4984 	EXP 	window1: mouseVisible = False
36.5114 	EXP 	rotated_fixation: opacity = 1
36.5114 	EXP 	rotated_fixation: pos = [0, 0]
36.5116 	EXP 	window1: mouseVisible = False
36.5242 	EXP 	rotated_fixation: opacity = 1
36.5242 	EXP 	rotated_fixation: pos = [0, 0]
36.5246 	EXP 	window1: mouseVisible = False
36.5446 	EXP 	rotated_fixation: opacity = 1
36.5446 	EXP 	rotated_fixation: pos = [0, 0]
36.5453 	EXP 	window1: mouseVisible = False
36.5626 	EXP 	rotated_fixation: opacity = 1
36.5626 	EXP 	rotated_fixation: pos = [0, 0]
36.5636 	EXP 	window1: mouseVisible = False
36.5894 	EXP 	rotated_fixation: opacity = 1
36.5894 	EXP 	rotated_fixation: pos = [0, 0]
36.5900 	EXP 	window1: mouseVisible = False
36.6083 	EXP 	rotated_fixation: opacity = 1
36.6083 	EXP 	rotated_fixation: pos = [0, 0]
36.6088 	EXP 	window1: mouseVisible = False
36.6256 	EXP 	rotated_fixation: opacity = 1
36.6256 	EXP 	rotated_fixation: pos = [0, 0]
36.6258 	EXP 	window1: mouseVisible = False
36.6405 	EXP 	rotated_fixation: opacity = 1
36.6405 	EXP 	rotated_fixation: pos = [0, 0]
36.6412 	EXP 	window1: mouseVisible = False
36.6687 	EXP 	rotated_fixation: opacity = 1
36.6687 	EXP 	rotated_fixation: pos = [0, 0]
36.6693 	EXP 	window1: mouseVisible = False
36.6774 	EXP 	rotated_fixation: opacity = 1
36.6774 	EXP 	rotated_fixation: pos = [0, 0]
36.6776 	EXP 	window1: mouseVisible = False
36.6934 	EXP 	rotated_fixation: opacity = 1
36.6934 	EXP 	rotated_fixation: pos = [0, 0]
36.6934 	EXP 	rotated_target: autoDraw = True
36.6937 	EXP 	window1: mouseVisible = False
36.7169 	EXP 	rotated_fixation: opacity = 1
36.7169 	EXP 	rotated_fixation: pos = [0, 0]
36.7180 	EXP 	window1: mouseVisible = False
36.7335 	EXP 	rotated_fixation: opacity = 1
36.7335 	EXP 	rotated_fixation: pos = [0, 0]
36.7342 	EXP 	window1: mouseVisible = False
36.7568 	EXP 	rotated_fixation: opacity = 1
36.7568 	EXP 	rotated_fixation: pos = [0, 0]
36.7575 	EXP 	window1: mouseVisible = False
36.7771 	EXP 	rotated_fixation: opacity = 1
36.7771 	EXP 	rotated_fixation: pos = [0, 0]
36.7776 	EXP 	window1: mouseVisible = False
36.7926 	EXP 	rotated_fixation: opacity = 1
36.7926 	EXP 	rotated_fixation: pos = [0, 0]
36.7930 	EXP 	window1: mouseVisible = False
36.8146 	EXP 	rotated_fixation: opacity = 1
36.8146 	EXP 	rotated_fixation: pos = [0, 0]
36.8151 	EXP 	window1: mouseVisible = False
36.8324 	EXP 	rotated_fixation: opacity = 1
36.8324 	EXP 	rotated_fixation: pos = [0, 0]
36.8328 	EXP 	window1: mouseVisible = False
36.8464 	EXP 	rotated_fixation: opacity = 1
36.8464 	EXP 	rotated_fixation: pos = [0, 0]
36.8467 	EXP 	window1: mouseVisible = False
36.8762 	EXP 	rotated_fixation: opacity = 1
36.8762 	EXP 	rotated_fixation: pos = [0, 0]
36.8766 	EXP 	window1: mouseVisible = False
36.9004 	EXP 	rotated_fixation: opacity = 1
36.9004 	EXP 	rotated_fixation: pos = [0, 0]
36.9007 	EXP 	window1: mouseVisible = False
36.9120 	EXP 	rotated_fixation: opacity = 1
36.9120 	EXP 	rotated_fixation: pos = [0, 0]
36.9125 	EXP 	window1: mouseVisible = False
36.9314 	EXP 	rotated_fixation: opacity = 1
36.9314 	EXP 	rotated_fixation: pos = [0, 0]
36.9320 	EXP 	window1: mouseVisible = False
36.9472 	EXP 	rotated_fixation: opacity = 1
36.9472 	EXP 	rotated_fixation: pos = [0, 0]
36.9476 	EXP 	window1: mouseVisible = False
36.9669 	EXP 	rotated_fixation: opacity = 1
36.9669 	EXP 	rotated_fixation: pos = [0, 0]
36.9672 	EXP 	window1: mouseVisible = False
36.9997 	EXP 	rotated_fixation: opacity = 1
36.9997 	EXP 	rotated_fixation: pos = [0, 0]
37.0001 	EXP 	window1: mouseVisible = False
37.0116 	EXP 	rotated_fixation: opacity = 1
37.0116 	EXP 	rotated_fixation: pos = [0, 0]
37.0123 	EXP 	window1: mouseVisible = False
37.0308 	EXP 	rotated_fixation: opacity = 1
37.0308 	EXP 	rotated_fixation: pos = [0, 0]
37.0313 	EXP 	window1: mouseVisible = False
37.0455 	EXP 	rotated_fixation: opacity = 1
37.0455 	EXP 	rotated_fixation: pos = [0, 0]
37.0457 	EXP 	window1: mouseVisible = False
37.0644 	EXP 	rotated_fixation: opacity = 1
37.0644 	EXP 	rotated_fixation: pos = [0, 0]
37.0650 	EXP 	window1: mouseVisible = False
37.0888 	EXP 	rotated_fixation: opacity = 1
37.0888 	EXP 	rotated_fixation: pos = [0, 0]
37.0892 	EXP 	window1: mouseVisible = False
37.1139 	EXP 	rotated_fixation: opacity = 1
37.1139 	EXP 	rotated_fixation: pos = [0, 0]
37.1143 	EXP 	window1: mouseVisible = False
37.1407 	EXP 	rotated_fixation: opacity = 1
37.1407 	EXP 	rotated_fixation: pos = [0, 0]
37.1412 	EXP 	window1: mouseVisible = False
37.1505 	EXP 	rotated_fixation: opacity = 1
37.1505 	EXP 	rotated_fixation: pos = [0, 0]
37.1509 	EXP 	window1: mouseVisible = False
37.1784 	EXP 	rotated_fixation: opacity = 1
37.1784 	EXP 	rotated_fixation: pos = [0, 0]
37.1788 	EXP 	window1: mouseVisible = False
37.1913 	EXP 	rotated_fixation: opacity = 1
37.1913 	EXP 	rotated_fixation: pos = [0, 0]
37.1915 	EXP 	window1: mouseVisible = False
37.2086 	EXP 	rotated_fixation: opacity = 1
37.2086 	EXP 	rotated_fixation: pos = [0, 0]
37.2089 	EXP 	window1: mouseVisible = False
37.2264 	EXP 	rotated_fixation: opacity = 1
37.2264 	EXP 	rotated_fixation: pos = [0, 0]
37.2267 	EXP 	window1: mouseVisible = False
37.2456 	EXP 	rotated_fixation: opacity = 1
37.2456 	EXP 	rotated_fixation: pos = [0, 0]
37.2459 	EXP 	window1: mouseVisible = False
37.2589 	EXP 	rotated_fixation: opacity = 1
37.2589 	EXP 	rotated_fixation: pos = [0, 0]
37.2592 	EXP 	window1: mouseVisible = False
37.2736 	EXP 	rotated_fixation: opacity = 1
37.2736 	EXP 	rotated_fixation: pos = [0, 0]
37.2739 	EXP 	window1: mouseVisible = False
37.2948 	EXP 	rotated_fixation: opacity = 1
37.2948 	EXP 	rotated_fixation: pos = [0, 0]
37.2952 	EXP 	window1: mouseVisible = False
37.3195 	EXP 	rotated_fixation: opacity = 1
37.3195 	EXP 	rotated_fixation: pos = [0, 0]
37.3200 	EXP 	window1: mouseVisible = False
37.3313 	EXP 	rotated_fixation: opacity = 1
37.3313 	EXP 	rotated_fixation: pos = [0, 0]
37.3315 	EXP 	window1: mouseVisible = False
37.3568 	EXP 	rotated_fixation: opacity = 1
37.3568 	EXP 	rotated_fixation: pos = [0, 0]
37.3572 	EXP 	window1: mouseVisible = False
37.3848 	EXP 	rotated_fixation: opacity = 1
37.3848 	EXP 	rotated_fixation: pos = [0, 0]
37.3854 	EXP 	window1: mouseVisible = False
37.4081 	EXP 	rotated_fixation: opacity = 1
37.4081 	EXP 	rotated_fixation: pos = [0, 0]
37.4083 	EXP 	window1: mouseVisible = False
37.4173 	EXP 	rotated_fixation: opacity = 1
37.4173 	EXP 	rotated_fixation: pos = [0, 0]
37.4176 	EXP 	window1: mouseVisible = False
37.4428 	EXP 	rotated_fixation: opacity = 1
37.4428 	EXP 	rotated_fixation: pos = [0, 0]
37.4432 	EXP 	window1: mouseVisible = False
37.4605 	EXP 	rotated_fixation: opacity = 1
37.4605 	EXP 	rotated_fixation: pos = [0, 0]
37.4615 	EXP 	window1: mouseVisible = False
37.4860 	EXP 	rotated_fixation: opacity = 1
37.4860 	EXP 	rotated_fixation: pos = [0, 0]
37.4863 	EXP 	window1: mouseVisible = False
37.5101 	EXP 	rotated_fixation: opacity = 1
37.5101 	EXP 	rotated_fixation: pos = [0, 0]
37.5105 	EXP 	window1: mouseVisible = False
37.5252 	EXP 	rotated_fixation: opacity = 1
37.5252 	EXP 	rotated_fixation: pos = [0, 0]
37.5255 	EXP 	window1: mouseVisible = False
37.5458 	EXP 	rotated_fixation: opacity = 1
37.5458 	EXP 	rotated_fixation: pos = [0, 0]
37.5461 	EXP 	window1: mouseVisible = False
37.5587 	EXP 	rotated_fixation: opacity = 1
37.5587 	EXP 	rotated_fixation: pos = [0, 0]
37.5590 	EXP 	window1: mouseVisible = False
37.5759 	EXP 	rotated_fixation: opacity = 1
37.5759 	EXP 	rotated_fixation: pos = [0, 0]
37.5762 	EXP 	window1: mouseVisible = False
37.5963 	EXP 	rotated_fixation: opacity = 1
37.5963 	EXP 	rotated_fixation: pos = [0, 0]
37.5967 	EXP 	window1: mouseVisible = False
37.6147 	EXP 	rotated_fixation: opacity = 1
37.6147 	EXP 	rotated_fixation: pos = [0, 0]
37.6153 	EXP 	window1: mouseVisible = False
37.6374 	EXP 	rotated_fixation: opacity = 1
37.6374 	EXP 	rotated_fixation: pos = [0, 0]
37.6376 	EXP 	window1: mouseVisible = False
37.6585 	EXP 	rotated_fixation: opacity = 1
37.6585 	EXP 	rotated_fixation: pos = [0, 0]
37.6589 	EXP 	window1: mouseVisible = False
37.6775 	EXP 	rotated_fixation: opacity = 1
37.6775 	EXP 	rotated_fixation: pos = [0, 0]
37.6778 	EXP 	window1: mouseVisible = False
37.7039 	EXP 	rotated_fixation: opacity = 1
37.7039 	EXP 	rotated_fixation: pos = [0, 0]
37.7043 	EXP 	window1: mouseVisible = False
37.7122 	EXP 	rotated_fixation: opacity = 1
37.7122 	EXP 	rotated_fixation: pos = [0, 0]
37.7124 	EXP 	window1: mouseVisible = False
37.7280 	EXP 	rotated_fixation: opacity = 1
37.7280 	EXP 	rotated_fixation: pos = [0, 0]
37.7285 	EXP 	window1: mouseVisible = False
37.7470 	EXP 	rotated_fixation: opacity = 1
37.7470 	EXP 	rotated_fixation: pos = [0, 0]
37.7474 	EXP 	window1: mouseVisible = False
37.7488 	DATA 	Mouse: Left button down, pos=(960,540)
37.7714 	EXP 	rotated_fixation: opacity = 0
37.7717 	EXP 	window1: mouseVisible = False
37.7793 	EXP 	rotated_fixation: opacity = 0
37.7796 	EXP 	window1: mouseVisible = False
37.7925 	EXP 	rotated_fixation: opacity = 0
37.7928 	EXP 	window1: mouseVisible = False
37.8151 	EXP 	rotated_fixation: opacity = 0
37.8155 	EXP 	window1: mouseVisible = False
37.8272 	EXP 	rotated_fixation: opacity = 0
37.8276 	EXP 	window1: mouseVisible = False
37.8447 	EXP 	rotated_fixation: opacity = 0
37.8449 	EXP 	window1: mouseVisible = False
37.8606 	EXP 	rotated_fixation: opacity = 0
37.8610 	EXP 	window1: mouseVisible = False
37.8756 	EXP 	rotated_fixation: opacity = 0
37.8761 	EXP 	window1: mouseVisible = False
37.8933 	EXP 	rotated_fixation: opacity = 0
37.8940 	EXP 	window1: mouseVisible = False
37.9111 	EXP 	rotated_fixation: opacity = 0
37.9117 	EXP 	window1: mouseVisible = False
37.9381 	EXP 	rotated_fixation: opacity = 0
37.9388 	EXP 	window1: mouseVisible = False
37.9461 	EXP 	rotated_fixation: opacity = 0
37.9464 	EXP 	window1: mouseVisible = False
37.9745 	EXP 	rotated_fixation: opacity = 0
37.9747 	EXP 	window1: mouseVisible = False
37.9903 	EXP 	rotated_fixation: opacity = 0
37.9906 	EXP 	window1: mouseVisible = False
38.0083 	EXP 	rotated_fixation: opacity = 0
38.0085 	EXP 	window1: mouseVisible = False
38.0247 	EXP 	rotated_fixation: opacity = 0
38.0253 	EXP 	window1: mouseVisible = False
38.0451 	EXP 	rotated_fixation: opacity = 0
38.0456 	EXP 	window1: mouseVisible = False
38.0641 	EXP 	rotated_fixation: opacity = 0
38.0645 	EXP 	window1: mouseVisible = False
38.0771 	EXP 	rotated_fixation: opacity = 0
38.0774 	EXP 	window1: mouseVisible = False
38.0954 	EXP 	rotated_fixation: opacity = 0
38.0962 	EXP 	window1: mouseVisible = False
38.1161 	EXP 	rotated_fixation: opacity = 0
38.1165 	EXP 	window1: mouseVisible = False
38.1400 	EXP 	rotated_fixation: opacity = 0
38.1404 	EXP 	window1: mouseVisible = False
38.1529 	EXP 	rotated_fixation: opacity = 0
38.1531 	EXP 	window1: mouseVisible = False
38.1929 	EXP 	rotated_fixation: opacity = 0
38.1929 	EXP 	rotated_fixation: pos = [0.37222222222222223, -0.2444444444444444]
38.1929 	EXP 	rotated_fixation: opacity = 1
38.1929 	EXP 	rotated_enclosing_1: autoDraw = False
38.1929 	EXP 	rotated_enclosing: autoDraw = False
38.1929 	EXP 	rotated_target: autoDraw = False
38.1929 	EXP 	rotated_fixation: autoDraw = False
38.1929 	EXP 	rotated_fixation: opacity = 1
38.1929 	EXP 	rotated_target_feedback: pos = array([0.3, 0.3])
38.1929 	EXP 	rotated_fixation_feedback: pos = array([0., 0.])
38.1929 	EXP 	rotated_score_text: text = 'Your score: 10'
38.1929 	EXP 	rotated_enclosing_feedback_1: autoDraw = True
38.1929 	EXP 	rotated_enclosing_feedback: autoDraw = True
38.1929 	EXP 	rotated_target_feedback: autoDraw = True
38.1929 	EXP 	rotated_fixation_feedback: autoDraw = True
38.1929 	EXP 	rotated_score_text: autoDraw = True
38.6894 	EXP 	rotated_fixation_feedback: autoDraw = False
38.9759 	DATA 	Mouse:  Left button up, pos=(1304,1050)
39.1745 	EXP 	New trial (rep=0, index=4): OrderedDict([('target_x', -0.3), ('target_y', 0.3), ('rotation', 0)])
39.1749 	EXP 	window1: mouseVisible = False
39.1900 	EXP 	rotated_enclosing_feedback_1: autoDraw = False
39.1900 	EXP 	rotated_enclosing_feedback: autoDraw = False
39.1900 	EXP 	rotated_target_feedback: autoDraw = False
39.1900 	EXP 	rotated_fixation_feedback: autoDraw = False
39.1900 	EXP 	rotated_score_text: autoDraw = False
39.1900 	EXP 	rotated_fixation: opacity = 1
39.1900 	EXP 	rotated_fixation: pos = [0, 0]
39.1900 	EXP 	rotated_fixation: opacity = 1
39.1900 	EXP 	rotated_fixation: pos = [0, 0]
39.1900 	EXP 	rotated_enclosing_1: autoDraw = True
39.1900 	EXP 	rotated_enclosing: autoDraw = True
39.1900 	EXP 	rotated_fixation: autoDraw = True
39.1904 	EXP 	window1: mouseVisible = False
39.2078 	EXP 	rotated_fixation: opacity = 1
39.2078 	EXP 	rotated_fixation: pos = [0, 0]
39.2082 	EXP 	window1: mouseVisible = False
39.2280 	EXP 	rotated_fixation: opacity = 1
39.2280 	EXP 	rotated_fixation: pos = [0, 0]
39.2281 	EXP 	window1: mouseVisible = False
39.2426 	EXP 	rotated_fixation: opacity = 1
39.2426 	EXP 	rotated_fixation: pos = [0, 0]
39.2430 	EXP 	window1: mouseVisible = False
39.2575 	EXP 	rotated_fixation: opacity = 1
39.2575 	EXP 	rotated_fixation: pos = [0, 0]
39.2580 	EXP 	window1: mouseVisible = False
39.2709 	EXP 	rotated_fixation: opacity = 1
39.2709 	EXP 	rotated_fixation: pos = [0, 0]
39.2712 	EXP 	window1: mouseVisible = False
39.2881 	EXP 	rotated_fixation: opacity = 1
39.2881 	EXP 	rotated_fixation: pos = [0, 0]
39.2883 	EXP 	window1: mouseVisible = False
39.3061 	EXP 	rotated_fixation: opacity = 1
39.3061 	EXP 	rotated_fixation: pos = [0, 0]
39.3063 	EXP 	window1: mouseVisible = False
39.3248 	EXP 	rotated_fixation: opacity = 1
39.3248 	EXP 	rotated_fixation: pos = [0, 0]
39.3251 	EXP 	window1: mouseVisible = False
39.3457 	EXP 	rotated_fixation: opacity = 1
39.3457 	EXP 	rotated_fixation: pos = [0, 0]
39.3459 	EXP 	window1: mouseVisible = False
39.3557 	EXP 	rotated_fixation: opacity = 1
39.3557 	EXP 	rotated_fixation: pos = [0, 0]
39.3561 	EXP 	window1: mouseVisible = False
39.3795 	EXP 	rotated_fixation: opacity = 1
39.3795 	EXP 	rotated_fixation: pos = [0, 0]
39.3798 	EXP 	window1: mouseVisible = False
39.3915 	EXP 	rotated_fixation: opacity = 1
39.3915 	EXP 	rotated_fixation: pos = [0, 0]
39.3917 	EXP 	window1: mouseVisible = False
39.4115 	EXP 	rotated_fixation: opacity = 1
39.4115 	EXP 	rotated_fixation: pos = [0, 0]
39.4119 	EXP 	window1: mouseVisible = False
39.4380 	EXP 	rotated_fixation: opacity = 1
39.4380 	EXP 	rotated_fixation: pos = [0, 0]
39.4383 	EXP 	window1: mouseVisible = False
39.4623 	EXP 	rotated_fixation: opacity = 1
39.4623 	EXP 	rotated_fixation: pos = [0, 0]
39.4630 	EXP 	window1: mouseVisible = False
39.4758 	EXP 	rotated_fixation: opacity = 1
39.4758 	EXP 	rotated_fixation: pos = [0, 0]
39.4760 	EXP 	window1: mouseVisible = False
39.4901 	EXP 	rotated_fixation: opacity = 1
39.4901 	EXP 	rotated_fixation: pos = [0, 0]
39.4903 	EXP 	window1: mouseVisible = False
39.5065 	EXP 	rotated_fixation: opacity = 1
39.5065 	EXP 	rotated_fixation: pos = [0, 0]
39.5069 	EXP 	window1: mouseVisible = False
39.5274 	EXP 	rotated_fixation: opacity = 1
39.5274 	EXP 	rotated_fixation: pos = [0, 0]
39.5278 	EXP 	window1: mouseVisible = False
39.5456 	EXP 	rotated_fixation: opacity = 1
39.5456 	EXP 	rotated_fixation: pos = [0, 0]
39.5461 	EXP 	window1: mouseVisible = False
39.5727 	EXP 	rotated_fixation: opacity = 1
39.5727 	EXP 	rotated_fixation: pos = [0, 0]
39.5731 	EXP 	window1: mouseVisible = False
39.5898 	EXP 	rotated_fixation: opacity = 1
39.5898 	EXP 	rotated_fixation: pos = [0, 0]
39.5901 	EXP 	window1: mouseVisible = False
39.6037 	EXP 	rotated_fixation: opacity = 1
39.6037 	EXP 	rotated_fixation: pos = [0, 0]
39.6040 	EXP 	window1: mouseVisible = False
39.6288 	EXP 	rotated_fixation: opacity = 1
39.6288 	EXP 	rotated_fixation: pos = [0, 0]
39.6291 	EXP 	window1: mouseVisible = False
39.6421 	EXP 	rotated_fixation: opacity = 1
39.6421 	EXP 	rotated_fixation: pos = [0, 0]
39.6426 	EXP 	window1: mouseVisible = False
39.6581 	EXP 	rotated_fixation: opacity = 1
39.6581 	EXP 	rotated_fixation: pos = [0, 0]
39.6587 	EXP 	window1: mouseVisible = False
39.6782 	EXP 	rotated_fixation: opacity = 1
39.6782 	EXP 	rotated_fixation: pos = [0, 0]
39.6782 	EXP 	rotated_target: autoDraw = True
39.6785 	EXP 	window1: mouseVisible = False
39.6944 	EXP 	rotated_fixation: opacity = 1
39.6944 	EXP 	rotated_fixation: pos = [0, 0]
39.6949 	EXP 	window1: mouseVisible = False
39.7190 	EXP 	rotated_fixation: opacity = 1
39.7190 	EXP 	rotated_fixation: pos = [0, 0]
39.7193 	EXP 	window1: mouseVisible = False
39.7283 	EXP 	rotated_fixation: opacity = 1
39.7283 	EXP 	rotated_fixation: pos = [0, 0]
39.7286 	EXP 	window1: mouseVisible = False
39.7507 	EXP 	rotated_fixation: opacity = 1
39.7507 	EXP 	rotated_fixation: pos = [0, 0]
39.7509 	EXP 	window1: mouseVisible = False
39.7758 	EXP 	rotated_fixation: opacity = 1
39.7758 	EXP 	rotated_fixation: pos = [0, 0]
39.7765 	EXP 	window1: mouseVisible = False
39.7962 	EXP 	rotated_fixation: opacity = 1
39.7962 	EXP 	rotated_fixation: pos = [0, 0]
39.7967 	EXP 	window1: mouseVisible = False
39.8107 	EXP 	rotated_fixation: opacity = 1
39.8107 	EXP 	rotated_fixation: pos = [0, 0]
39.8112 	EXP 	window1: mouseVisible = False
39.8372 	EXP 	rotated_fixation: opacity = 1
39.8372 	EXP 	rotated_fixation: pos = [0, 0]
39.8373 	EXP 	window1: mouseVisible = False
39.8599 	EXP 	rotated_fixation: opacity = 1
39.8599 	EXP 	rotated_fixation: pos = [0, 0]
39.8604 	EXP 	window1: mouseVisible = False
39.8824 	EXP 	rotated_fixation: opacity = 1
39.8824 	EXP 	rotated_fixation: pos = [0, 0]
39.8828 	EXP 	window1: mouseVisible = False
39.8901 	EXP 	rotated_fixation: opacity = 1
39.8901 	EXP 	rotated_fixation: pos = [0, 0]
39.8902 	EXP 	window1: mouseVisible = False
39.9086 	EXP 	rotated_fixation: opacity = 1
39.9086 	EXP 	rotated_fixation: pos = [0, 0]
39.9090 	EXP 	window1: mouseVisible = False
39.9346 	EXP 	rotated_fixation: opacity = 1
39.9346 	EXP 	rotated_fixation: pos = [0, 0]
39.9349 	EXP 	window1: mouseVisible = False
39.9456 	EXP 	rotated_fixation: opacity = 1
39.9456 	EXP 	rotated_fixation: pos = [0, 0]
39.9461 	EXP 	window1: mouseVisible = False
39.9675 	EXP 	rotated_fixation: opacity = 1
39.9675 	EXP 	rotated_fixation: pos = [0, 0]
39.9679 	EXP 	window1: mouseVisible = False
39.9962 	EXP 	rotated_fixation: opacity = 1
39.9962 	EXP 	rotated_fixation: pos = [0, 0]
39.9968 	EXP 	window1: mouseVisible = False
40.0100 	EXP 	rotated_fixation: opacity = 1
40.0100 	EXP 	rotated_fixation: pos = [0, 0]
40.0102 	EXP 	window1: mouseVisible = False
40.0318 	EXP 	rotated_fixation: opacity = 1
40.0318 	EXP 	rotated_fixation: pos = [0, 0]
40.0326 	EXP 	window1: mouseVisible = False
40.0343 	DATA 	Keypress: escape
40.0573 	EXP 	rotated_fixation: opacity = 1
40.0573 	EXP 	rotated_fixation: pos = [0, 0]
40.0579 	EXP 	window1: mouseVisible = False
40.0764 	EXP 	rotated_fixation: opacity = 1
40.0764 	EXP 	rotated_fixation: pos = [0, 0]
40.0768 	EXP 	window1: mouseVisible = False
40.0892 	EXP 	rotated_fixation: opacity = 1
40.0892 	EXP 	rotated_fixation: pos = [0, 0]
40.0894 	EXP 	window1: mouseVisible = False
40.1112 	EXP 	rotated_fixation: opacity = 1
40.1112 	EXP 	rotated_fixation: pos = [0, 0]
40.1115 	EXP 	window1: mouseVisible = False
40.2258 	EXP 	window1: mouseVisible = True
