2.0849 	WARNING 	We strongly recommend you activate the PTB sound engine in PsychoPy prefs as the preferred audio engine. Its timing is vastly superior. Your prefs are currently set to use ['sounddevice', 'PTB', 'pyo', 'pygame'] (in that order).
13.5466 	EXP 	Created window1 = Window(allowGUI=False, allowStencil=False, args=UNKNOWN, autoLog=True, bitsMode=UNKNOWN, blendMode='avg', bpc=(8, 8, 8), color=array([0., 0., 0.]), colorSpace='rgb', depthBits=8, fullscr=<method-wrapper '__getattribute__' of attributeSetter object at 0x000002C964F874E0>, gamma=None, gammaErrorPolicy='raise', kwargs=UNKNOWN, lms=UNKNOWN, monitor=<psychopy.monitors.calibTools.Monitor object at 0x000002C964E97518>, multiSample=False, name='window1', numSamples=2, pos=[0.0, 0.0], screen=0, size=array([1920, 1080]), stencilBits=0, stereo=False, units='height', useFBO=True, useRetina=False, viewOri=0.0, viewPos=None, viewScale=None, waitBlanking=True, winType='pyglet')
13.5474 	EXP 	window1: mouseVisible = True
13.5475 	EXP 	window1: recordFrameIntervals = False
13.7123 	EXP 	window1: recordFrameIntervals = True
13.8958 	EXP 	window1: recordFrameIntervals = False
14.6758 	EXP 	Created Welcome = TextStim(__class__=<class 'psychopy.visual.text.TextStim'>, alignHoriz=method-wrapper(...), alignText='center', alignVert=method-wrapper(...), anchorHoriz='center', anchorVert='center', antialias=True, autoLog=True, bold=False, color='white', colorSpace='named', contrast=1.0, depth=0.0, flipHoriz=False, flipVert=False, font='Arial', fontFiles=[], height=0.04, italic=False, languageStyle='LTR', name='Welcome', opacity=1.0, ori=0, pos=array([0., 0.]), rgb=array([255., 255., 255.]), text=str(...), units='height', win=Window(...), wrapWidth=1)
14.6761 	EXP 	window1: mouseVisible = True
14.7039 	EXP 	Created text = TextStim(__class__=<class 'psychopy.visual.text.TextStim'>, alignHoriz=method-wrapper(...), alignText='center', alignVert=method-wrapper(...), anchorHoriz='center', anchorVert='center', antialias=True, autoLog=True, bold=False, color='white', colorSpace='named', contrast=1.0, depth=0.0, flipHoriz=False, flipVert=False, font='Arial', fontFiles=[], height=0.04, italic=False, languageStyle='LTR', name='text', opacity=1.0, ori=0, pos=array([0., 0.]), rgb=array([255., 255., 255.]), text=str(...), units='height', win=Window(...), wrapWidth=1)
14.7042 	EXP 	window1: mouseVisible = True
14.7224 	EXP 	Created demo_enclosing_1 = Polygon(__class__=<class 'psychopy.visual.polygon.Polygon'>, autoDraw=False, autoLog=True, closeShape=True, color=method-wrapper(...), colorSpace=None, contrast=1.0, depth=-1.0, fillColor=array([0., 0., 0.]), fillColorSpace='rgb', fillRGB=array([0., 0., 0.]), interpolate=True, lineColor=array([-1., -1., -1.]), lineColorSpace='rgb', lineRGB=array([-1., -1., -1.]), lineWidth=1, name='demo_enclosing_1', opacity=1.0, ori=array(0.), pos=array([0., 0.]), size=array([0.9, 0.9]), units='height', vertices=ndarray(...), win=Window(...))
14.7342 	EXP 	Created demo_enclosing = Polygon(__class__=<class 'psychopy.visual.polygon.Polygon'>, autoDraw=False, autoLog=True, closeShape=True, color=method-wrapper(...), colorSpace=None, contrast=1.0, depth=-2.0, fillColor=array([0., 0., 0.]), fillColorSpace='rgb', fillRGB=array([0., 0., 0.]), interpolate=True, lineColor=array([-1., -1., -1.]), lineColorSpace='rgb', lineRGB=array([-1., -1., -1.]), lineWidth=1, name='demo_enclosing', opacity=1.0, ori=array(0.), pos=array([0., 0.]), size=array([0.8, 0.8]), units='height', vertices=ndarray(...), win=Window(...))
14.7402 	EXP 	Created demo_target = ShapeStim(__class__=<class 'psychopy.visual.shape.ShapeStim'>, autoDraw=False, autoLog=True, closeShape=True, contrast=1.0, depth=-3.0, fillColor=array([1., 1., 1.]), fillColorSpace='rgb', interpolate=True, lineColor=array([1., 1., 1.]), lineColorSpace='rgb', lineWidth=1, name='demo_target', opacity=1.0, ori=array(45.), pos=array([0., 0.]), size=array([0.05, 0.05]), units='height', vertices=ndarray(...), win=Window(...), windingRule=None)
14.7485 	EXP 	Created demo_fixation = Polygon(__class__=<class 'psychopy.visual.polygon.Polygon'>, autoDraw=False, autoLog=True, closeShape=True, color=method-wrapper(...), colorSpace=None, contrast=1.0, depth=-4.0, fillColor=array([1., 0., 0.]), fillColorSpace='rgb', fillRGB=array([1., 0., 0.]), interpolate=True, lineColor=array([1., 0., 0.]), lineColorSpace='rgb', lineRGB=array([1., 0., 0.]), lineWidth=1, name='demo_fixation', opacity=1.0, ori=array(0.), pos=array([0., 0.]), size=array([0.025, 0.025]), units='height', vertices=ndarray(...), win=Window(...))
14.7488 	EXP 	window1: mouseVisible = True
14.7675 	EXP 	Created demo_enclosing_feedback_1 = Polygon(__class__=<class 'psychopy.visual.polygon.Polygon'>, autoDraw=False, autoLog=True, closeShape=True, color=method-wrapper(...), colorSpace=None, contrast=1.0, depth=0.0, fillColor=array([0., 0., 0.]), fillColorSpace='rgb', fillRGB=array([0., 0., 0.]), interpolate=True, lineColor=array([-1., -1., -1.]), lineColorSpace='rgb', lineRGB=array([-1., -1., -1.]), lineWidth=1, name='demo_enclosing_feedback_1', opacity=1.0, ori=array(0.), pos=array([0., 0.]), size=array([0.9, 0.9]), units='height', vertices=ndarray(...), win=Window(...))
14.7789 	EXP 	Created demo_enclosing_feedback = Polygon(__class__=<class 'psychopy.visual.polygon.Polygon'>, autoDraw=False, autoLog=True, closeShape=True, color=method-wrapper(...), colorSpace=None, contrast=1.0, depth=-1.0, fillColor=array([0., 0., 0.]), fillColorSpace='rgb', fillRGB=array([0., 0., 0.]), interpolate=True, lineColor=array([-1., -1., -1.]), lineColorSpace='rgb', lineRGB=array([-1., -1., -1.]), lineWidth=1, name='demo_enclosing_feedback', opacity=1.0, ori=array(0.), pos=array([0., 0.]), size=array([0.8, 0.8]), units='height', vertices=ndarray(...), win=Window(...))
14.7828 	EXP 	Created demo_target_feedback = ShapeStim(__class__=<class 'psychopy.visual.shape.ShapeStim'>, autoDraw=False, autoLog=True, closeShape=True, contrast=1.0, depth=-2.0, fillColor=array([1., 1., 1.]), fillColorSpace='rgb', interpolate=True, lineColor=array([1., 1., 1.]), lineColorSpace='rgb', lineWidth=1, name='demo_target_feedback', opacity=1.0, ori=array(45.), pos=array([0., 0.]), size=array([0.05, 0.05]), units='height', vertices=ndarray(...), win=Window(...), windingRule=None)
14.7883 	EXP 	Created demo_fixation_feedback = Polygon(__class__=<class 'psychopy.visual.polygon.Polygon'>, autoDraw=False, autoLog=True, closeShape=True, color=method-wrapper(...), colorSpace=None, contrast=1.0, depth=-3.0, fillColor=array([1., 0., 0.]), fillColorSpace='rgb', fillRGB=array([1., 0., 0.]), interpolate=True, lineColor=array([1., 0., 0.]), lineColorSpace='rgb', lineRGB=array([1., 0., 0.]), lineWidth=1, name='demo_fixation_feedback', opacity=1.0, ori=array(0.), pos=array([0., 0.]), size=array([0.025, 0.025]), units='height', vertices=ndarray(...), win=Window(...))
14.7935 	EXP 	Created demo_score_text = TextStim(__class__=<class 'psychopy.visual.text.TextStim'>, alignHoriz=method-wrapper(...), alignText='center', alignVert=method-wrapper(...), anchorHoriz='center', anchorVert='center', antialias=True, autoLog=True, bold=False, color='green', colorSpace='named', contrast=1.0, depth=-5.0, flipHoriz=False, flipVert=False, font='Arial', fontFiles=[], height=0.04, italic=False, languageStyle='LTR', name='demo_score_text', opacity=1.0, ori=0, pos=array([0., 0.]), rgb=array([  0., 128.,   0.]), text='default text', units='height', win=Window(...), wrapWidth=1)
14.8107 	EXP 	Created text_3 = TextStim(__class__=<class 'psychopy.visual.text.TextStim'>, alignHoriz=method-wrapper(...), alignText='center', alignVert=method-wrapper(...), anchorHoriz='center', anchorVert='center', antialias=True, autoLog=True, bold=False, color='white', colorSpace='named', contrast=1.0, depth=0.0, flipHoriz=False, flipVert=False, font='Arial', fontFiles=[], height=0.04, italic=False, languageStyle='LTR', name='text_3', opacity=1.0, ori=0, pos=array([0., 0.]), rgb=array([255., 255., 255.]), text=str(...), units='height', win=Window(...), wrapWidth=1)
14.8109 	EXP 	window1: mouseVisible = True
14.8206 	EXP 	Created baseline_enclosing_1 = Polygon(__class__=<class 'psychopy.visual.polygon.Polygon'>, autoDraw=False, autoLog=True, closeShape=True, color=method-wrapper(...), colorSpace=None, contrast=1.0, depth=0.0, fillColor=array([0., 0., 0.]), fillColorSpace='rgb', fillRGB=array([0., 0., 0.]), interpolate=True, lineColor=array([-1., -1., -1.]), lineColorSpace='rgb', lineRGB=array([-1., -1., -1.]), lineWidth=1, name='baseline_enclosing_1', opacity=1.0, ori=array(0.), pos=array([0., 0.]), size=array([0.9, 0.9]), units='height', vertices=ndarray(...), win=Window(...))
14.8313 	EXP 	Created baseline_enclosing = Polygon(__class__=<class 'psychopy.visual.polygon.Polygon'>, autoDraw=False, autoLog=True, closeShape=True, color=method-wrapper(...), colorSpace=None, contrast=1.0, depth=-1.0, fillColor=array([0., 0., 0.]), fillColorSpace='rgb', fillRGB=array([0., 0., 0.]), interpolate=True, lineColor=array([-1., -1., -1.]), lineColorSpace='rgb', lineRGB=array([-1., -1., -1.]), lineWidth=1, name='baseline_enclosing', opacity=1.0, ori=array(0.), pos=array([0., 0.]), size=array([0.8, 0.8]), units='height', vertices=ndarray(...), win=Window(...))
14.8346 	EXP 	Created baseline_target = ShapeStim(__class__=<class 'psychopy.visual.shape.ShapeStim'>, autoDraw=False, autoLog=True, closeShape=True, contrast=1.0, depth=-2.0, fillColor=array([1., 1., 1.]), fillColorSpace='rgb', interpolate=True, lineColor=array([1., 1., 1.]), lineColorSpace='rgb', lineWidth=1, name='baseline_target', opacity=1.0, ori=array(45.), pos=array([0., 0.]), size=array([0.05, 0.05]), units='height', vertices=ndarray(...), win=Window(...), windingRule=None)
14.8391 	EXP 	Created baseline_fixation = Polygon(__class__=<class 'psychopy.visual.polygon.Polygon'>, autoDraw=False, autoLog=True, closeShape=True, color=method-wrapper(...), colorSpace=None, contrast=1.0, depth=-3.0, fillColor=array([1., 0., 0.]), fillColorSpace='rgb', fillRGB=array([1., 0., 0.]), interpolate=True, lineColor=array([1., 0., 0.]), lineColorSpace='rgb', lineRGB=array([1., 0., 0.]), lineWidth=1, name='baseline_fixation', opacity=1.0, ori=array(0.), pos=array([0., 0.]), size=array([0.025, 0.025]), units='height', vertices=ndarray(...), win=Window(...))
14.8393 	EXP 	window1: mouseVisible = True
14.8496 	EXP 	Created baseline_enclosing_feedback_1 = Polygon(__class__=<class 'psychopy.visual.polygon.Polygon'>, autoDraw=False, autoLog=True, closeShape=True, color=method-wrapper(...), colorSpace=None, contrast=1.0, depth=0.0, fillColor=array([0., 0., 0.]), fillColorSpace='rgb', fillRGB=array([0., 0., 0.]), interpolate=True, lineColor=array([-1., -1., -1.]), lineColorSpace='rgb', lineRGB=array([-1., -1., -1.]), lineWidth=1, name='baseline_enclosing_feedback_1', opacity=1.0, ori=array(0.), pos=array([0., 0.]), size=array([0.9, 0.9]), units='height', vertices=ndarray(...), win=Window(...))
14.8619 	EXP 	Created baseline_enclosing_feedback = Polygon(__class__=<class 'psychopy.visual.polygon.Polygon'>, autoDraw=False, autoLog=True, closeShape=True, color=method-wrapper(...), colorSpace=None, contrast=1.0, depth=-1.0, fillColor=array([0., 0., 0.]), fillColorSpace='rgb', fillRGB=array([0., 0., 0.]), interpolate=True, lineColor=array([-1., -1., -1.]), lineColorSpace='rgb', lineRGB=array([-1., -1., -1.]), lineWidth=1, name='baseline_enclosing_feedback', opacity=1.0, ori=array(0.), pos=array([0., 0.]), size=array([0.8, 0.8]), units='height', vertices=ndarray(...), win=Window(...))
14.8651 	EXP 	Created baseline_target_feedback = ShapeStim(__class__=<class 'psychopy.visual.shape.ShapeStim'>, autoDraw=False, autoLog=True, closeShape=True, contrast=1.0, depth=-2.0, fillColor=array([1., 1., 1.]), fillColorSpace='rgb', interpolate=True, lineColor=array([1., 1., 1.]), lineColorSpace='rgb', lineWidth=1, name='baseline_target_feedback', opacity=1.0, ori=array(45.), pos=array([0., 0.]), size=array([0.05, 0.05]), units='height', vertices=ndarray(...), win=Window(...), windingRule=None)
14.8697 	EXP 	Created baseline_fixation_feedback = Polygon(__class__=<class 'psychopy.visual.polygon.Polygon'>, autoDraw=False, autoLog=True, closeShape=True, color=method-wrapper(...), colorSpace=None, contrast=1.0, depth=-3.0, fillColor=array([1., 0., 0.]), fillColorSpace='rgb', fillRGB=array([1., 0., 0.]), interpolate=True, lineColor=array([1., 0., 0.]), lineColorSpace='rgb', lineRGB=array([1., 0., 0.]), lineWidth=1, name='baseline_fixation_feedback', opacity=1.0, ori=array(0.), pos=array([0., 0.]), size=array([0.025, 0.025]), units='height', vertices=ndarray(...), win=Window(...))
14.8748 	EXP 	Created baseline_score_text = TextStim(__class__=<class 'psychopy.visual.text.TextStim'>, alignHoriz=method-wrapper(...), alignText='center', alignVert=method-wrapper(...), anchorHoriz='center', anchorVert='center', antialias=True, autoLog=True, bold=False, color='green', colorSpace='named', contrast=1.0, depth=-5.0, flipHoriz=False, flipVert=False, font='Arial', fontFiles=[], height=0.04, italic=False, languageStyle='LTR', name='baseline_score_text', opacity=1.0, ori=0, pos=array([0., 0.]), rgb=array([  0., 128.,   0.]), text='default text', units='height', win=Window(...), wrapWidth=1)
14.8927 	EXP 	Created text_2 = TextStim(__class__=<class 'psychopy.visual.text.TextStim'>, alignHoriz=method-wrapper(...), alignText='center', alignVert=method-wrapper(...), anchorHoriz='center', anchorVert='center', antialias=True, autoLog=True, bold=False, color='white', colorSpace='named', contrast=1.0, depth=0.0, flipHoriz=False, flipVert=False, font='Arial', fontFiles=[], height=0.04, italic=False, languageStyle='LTR', name='text_2', opacity=1.0, ori=0, pos=array([0., 0.]), rgb=array([255., 255., 255.]), text=str(...), units='height', win=Window(...), wrapWidth=1)
14.8929 	EXP 	window1: mouseVisible = True
14.9030 	EXP 	Created rotated_enclosing_1 = Polygon(__class__=<class 'psychopy.visual.polygon.Polygon'>, autoDraw=False, autoLog=True, closeShape=True, color=method-wrapper(...), colorSpace=None, contrast=1.0, depth=0.0, fillColor=array([0., 0., 0.]), fillColorSpace='rgb', fillRGB=array([0., 0., 0.]), interpolate=True, lineColor=array([-1., -1., -1.]), lineColorSpace='rgb', lineRGB=array([-1., -1., -1.]), lineWidth=1, name='rotated_enclosing_1', opacity=1.0, ori=array(0.), pos=array([0., 0.]), size=array([0.9, 0.9]), units='height', vertices=ndarray(...), win=Window(...))
14.9111 	EXP 	Created rotated_enclosing = Polygon(__class__=<class 'psychopy.visual.polygon.Polygon'>, autoDraw=False, autoLog=True, closeShape=True, color=method-wrapper(...), colorSpace=None, contrast=1.0, depth=-1.0, fillColor=array([0., 0., 0.]), fillColorSpace='rgb', fillRGB=array([0., 0., 0.]), interpolate=True, lineColor=array([-1., -1., -1.]), lineColorSpace='rgb', lineRGB=array([-1., -1., -1.]), lineWidth=1, name='rotated_enclosing', opacity=1.0, ori=array(0.), pos=array([0., 0.]), size=array([0.8, 0.8]), units='height', vertices=ndarray(...), win=Window(...))
14.9136 	EXP 	Created rotated_target = ShapeStim(__class__=<class 'psychopy.visual.shape.ShapeStim'>, autoDraw=False, autoLog=True, closeShape=True, contrast=1.0, depth=-2.0, fillColor=array([1., 1., 1.]), fillColorSpace='rgb', interpolate=True, lineColor=array([1., 1., 1.]), lineColorSpace='rgb', lineWidth=1, name='rotated_target', opacity=1.0, ori=array(45.), pos=array([0., 0.]), size=array([0.05, 0.05]), units='height', vertices=ndarray(...), win=Window(...), windingRule=None)
14.9165 	EXP 	Created rotated_fixation = Polygon(__class__=<class 'psychopy.visual.polygon.Polygon'>, autoDraw=False, autoLog=True, closeShape=True, color=method-wrapper(...), colorSpace=None, contrast=1.0, depth=-3.0, fillColor=array([1., 0., 0.]), fillColorSpace='rgb', fillRGB=array([1., 0., 0.]), interpolate=True, lineColor=array([1., 0., 0.]), lineColorSpace='rgb', lineRGB=array([1., 0., 0.]), lineWidth=1, name='rotated_fixation', opacity=1.0, ori=array(0.), pos=array([0., 0.]), size=array([0.025, 0.025]), units='height', vertices=ndarray(...), win=Window(...))
14.9166 	EXP 	window1: mouseVisible = True
14.9230 	EXP 	Created rotated_enclosing_feedback_1 = Polygon(__class__=<class 'psychopy.visual.polygon.Polygon'>, autoDraw=False, autoLog=True, closeShape=True, color=method-wrapper(...), colorSpace=None, contrast=1.0, depth=0.0, fillColor=array([0., 0., 0.]), fillColorSpace='rgb', fillRGB=array([0., 0., 0.]), interpolate=True, lineColor=array([-1., -1., -1.]), lineColorSpace='rgb', lineRGB=array([-1., -1., -1.]), lineWidth=1, name='rotated_enclosing_feedback_1', opacity=1.0, ori=array(0.), pos=array([0., 0.]), size=array([0.9, 0.9]), units='height', vertices=ndarray(...), win=Window(...))
14.9291 	EXP 	Created rotated_enclosing_feedback = Polygon(__class__=<class 'psychopy.visual.polygon.Polygon'>, autoDraw=False, autoLog=True, closeShape=True, color=method-wrapper(...), colorSpace=None, contrast=1.0, depth=-1.0, fillColor=array([0., 0., 0.]), fillColorSpace='rgb', fillRGB=array([0., 0., 0.]), interpolate=True, lineColor=array([-1., -1., -1.]), lineColorSpace='rgb', lineRGB=array([-1., -1., -1.]), lineWidth=1, name='rotated_enclosing_feedback', opacity=1.0, ori=array(0.), pos=array([0., 0.]), size=array([0.8, 0.8]), units='height', vertices=ndarray(...), win=Window(...))
14.9310 	EXP 	Created rotated_target_feedback = ShapeStim(__class__=<class 'psychopy.visual.shape.ShapeStim'>, autoDraw=False, autoLog=True, closeShape=True, contrast=1.0, depth=-2.0, fillColor=array([1., 1., 1.]), fillColorSpace='rgb', interpolate=True, lineColor=array([1., 1., 1.]), lineColorSpace='rgb', lineWidth=1, name='rotated_target_feedback', opacity=1.0, ori=array(45.), pos=array([0., 0.]), size=array([0.05, 0.05]), units='height', vertices=ndarray(...), win=Window(...), windingRule=None)
14.9338 	EXP 	Created rotated_fixation_feedback = Polygon(__class__=<class 'psychopy.visual.polygon.Polygon'>, autoDraw=False, autoLog=True, closeShape=True, color=method-wrapper(...), colorSpace=None, contrast=1.0, depth=-3.0, fillColor=array([1., 0., 0.]), fillColorSpace='rgb', fillRGB=array([1., 0., 0.]), interpolate=True, lineColor=array([1., 0., 0.]), lineColorSpace='rgb', lineRGB=array([1., 0., 0.]), lineWidth=1, name='rotated_fixation_feedback', opacity=1.0, ori=array(0.), pos=array([0., 0.]), size=array([0.025, 0.025]), units='height', vertices=ndarray(...), win=Window(...))
14.9367 	EXP 	Created rotated_score_text = TextStim(__class__=<class 'psychopy.visual.text.TextStim'>, alignHoriz=method-wrapper(...), alignText='center', alignVert=method-wrapper(...), anchorHoriz='center', anchorVert='center', antialias=True, autoLog=True, bold=False, color='green', colorSpace='named', contrast=1.0, depth=-5.0, flipHoriz=False, flipVert=False, font='Arial', fontFiles=[], height=0.04, italic=False, languageStyle='LTR', name='rotated_score_text', opacity=1.0, ori=0, pos=array([0., 0.]), rgb=array([  0., 128.,   0.]), text='default text', units='height', win=Window(...), wrapWidth=1)
14.9474 	EXP 	Created rotated_breaks = TextStim(__class__=<class 'psychopy.visual.text.TextStim'>, alignHoriz=method-wrapper(...), alignText='center', alignVert=method-wrapper(...), anchorHoriz='center', anchorVert='center', antialias=True, autoLog=True, bold=False, color='white', colorSpace='named', contrast=1.0, depth=0.0, flipHoriz=False, flipVert=False, font='Arial', fontFiles=[], height=0.04, italic=False, languageStyle='LTR', name='rotated_breaks', opacity=1.0, ori=0, pos=array([0., 0.]), rgb=array([255., 255., 255.]), text=str(...), units='height', win=Window(...), wrapWidth=1)
14.9475 	EXP 	window1: mouseVisible = True
14.9550 	EXP 	Created transfer_enclosing_1 = Polygon(__class__=<class 'psychopy.visual.polygon.Polygon'>, autoDraw=False, autoLog=True, closeShape=True, color=method-wrapper(...), colorSpace=None, contrast=1.0, depth=-1.0, fillColor=array([0., 0., 0.]), fillColorSpace='rgb', fillRGB=array([0., 0., 0.]), interpolate=True, lineColor=array([-1., -1., -1.]), lineColorSpace='rgb', lineRGB=array([-1., -1., -1.]), lineWidth=1, name='transfer_enclosing_1', opacity=1.0, ori=array(0.), pos=array([0., 0.]), size=array([0.9, 0.9]), units='height', vertices=ndarray(...), win=Window(...))
14.9612 	EXP 	Created transfer_enclosing = Polygon(__class__=<class 'psychopy.visual.polygon.Polygon'>, autoDraw=False, autoLog=True, closeShape=True, color=method-wrapper(...), colorSpace=None, contrast=1.0, depth=-2.0, fillColor=array([0., 0., 0.]), fillColorSpace='rgb', fillRGB=array([0., 0., 0.]), interpolate=True, lineColor=array([-1., -1., -1.]), lineColorSpace='rgb', lineRGB=array([-1., -1., -1.]), lineWidth=1, name='transfer_enclosing', opacity=1.0, ori=array(0.), pos=array([0., 0.]), size=array([0.8, 0.8]), units='height', vertices=ndarray(...), win=Window(...))
14.9631 	EXP 	Created transfer_target = ShapeStim(__class__=<class 'psychopy.visual.shape.ShapeStim'>, autoDraw=False, autoLog=True, closeShape=True, contrast=1.0, depth=-3.0, fillColor=array([1., 1., 1.]), fillColorSpace='rgb', interpolate=True, lineColor=array([1., 1., 1.]), lineColorSpace='rgb', lineWidth=1, name='transfer_target', opacity=1.0, ori=array(45.), pos=array([0., 0.]), size=array([0.05, 0.05]), units='height', vertices=ndarray(...), win=Window(...), windingRule=None)
14.9659 	EXP 	Created transfer_fixation = Polygon(__class__=<class 'psychopy.visual.polygon.Polygon'>, autoDraw=False, autoLog=True, closeShape=True, color=method-wrapper(...), colorSpace=None, contrast=1.0, depth=-4.0, fillColor=array([1., 0., 0.]), fillColorSpace='rgb', fillRGB=array([1., 0., 0.]), interpolate=True, lineColor=array([1., 0., 0.]), lineColorSpace='rgb', lineRGB=array([1., 0., 0.]), lineWidth=1, name='transfer_fixation', opacity=1.0, ori=array(0.), pos=array([0., 0.]), size=array([0.025, 0.025]), units='height', vertices=ndarray(...), win=Window(...))
14.9660 	EXP 	window1: mouseVisible = True
14.9722 	EXP 	Created transfer_enclosing_feedback_1 = Polygon(__class__=<class 'psychopy.visual.polygon.Polygon'>, autoDraw=False, autoLog=True, closeShape=True, color=method-wrapper(...), colorSpace=None, contrast=1.0, depth=0.0, fillColor=array([0., 0., 0.]), fillColorSpace='rgb', fillRGB=array([0., 0., 0.]), interpolate=True, lineColor=array([-1., -1., -1.]), lineColorSpace='rgb', lineRGB=array([-1., -1., -1.]), lineWidth=1, name='transfer_enclosing_feedback_1', opacity=1.0, ori=array(0.), pos=array([0., 0.]), size=array([0.9, 0.9]), units='height', vertices=ndarray(...), win=Window(...))
14.9784 	EXP 	Created transfer_enclosing_feedback = Polygon(__class__=<class 'psychopy.visual.polygon.Polygon'>, autoDraw=False, autoLog=True, closeShape=True, color=method-wrapper(...), colorSpace=None, contrast=1.0, depth=-1.0, fillColor=array([0., 0., 0.]), fillColorSpace='rgb', fillRGB=array([0., 0., 0.]), interpolate=True, lineColor=array([-1., -1., -1.]), lineColorSpace='rgb', lineRGB=array([-1., -1., -1.]), lineWidth=1, name='transfer_enclosing_feedback', opacity=1.0, ori=array(0.), pos=array([0., 0.]), size=array([0.8, 0.8]), units='height', vertices=ndarray(...), win=Window(...))
14.9803 	EXP 	Created transfer_target_feedback = ShapeStim(__class__=<class 'psychopy.visual.shape.ShapeStim'>, autoDraw=False, autoLog=True, closeShape=True, contrast=1.0, depth=-2.0, fillColor=array([1., 1., 1.]), fillColorSpace='rgb', interpolate=True, lineColor=array([1., 1., 1.]), lineColorSpace='rgb', lineWidth=1, name='transfer_target_feedback', opacity=1.0, ori=array(45.), pos=array([0., 0.]), size=array([0.05, 0.05]), units='height', vertices=ndarray(...), win=Window(...), windingRule=None)
14.9830 	EXP 	Created transfer_fixation_feedback = Polygon(__class__=<class 'psychopy.visual.polygon.Polygon'>, autoDraw=False, autoLog=True, closeShape=True, color=method-wrapper(...), colorSpace=None, contrast=1.0, depth=-3.0, fillColor=array([1., 0., 0.]), fillColorSpace='rgb', fillRGB=array([1., 0., 0.]), interpolate=True, lineColor=array([1., 0., 0.]), lineColorSpace='rgb', lineRGB=array([1., 0., 0.]), lineWidth=1, name='transfer_fixation_feedback', opacity=1.0, ori=array(0.), pos=array([0., 0.]), size=array([0.025, 0.025]), units='height', vertices=ndarray(...), win=Window(...))
14.9866 	EXP 	Created text_4 = TextStim(__class__=<class 'psychopy.visual.text.TextStim'>, alignHoriz=method-wrapper(...), alignText='center', alignVert=method-wrapper(...), anchorHoriz='center', anchorVert='center', antialias=True, autoLog=True, bold=False, color='green', colorSpace='named', contrast=1.0, depth=-5.0, flipHoriz=False, flipVert=False, font='Arial', fontFiles=[], height=0.04, italic=False, languageStyle='LTR', name='text_4', opacity=1.0, ori=0, pos=array([0., 0.]), rgb=array([  0., 128.,   0.]), text='default text', units='height', win=Window(...), wrapWidth=1)
14.9981 	EXP 	Created done_text = TextStim(__class__=<class 'psychopy.visual.text.TextStim'>, alignHoriz=method-wrapper(...), alignText='center', alignVert=method-wrapper(...), anchorHoriz='center', anchorVert='center', antialias=True, autoLog=True, bold=False, color='white', colorSpace='named', contrast=1.0, depth=0.0, flipHoriz=False, flipVert=False, font='Arial', fontFiles=[], height=0.04, italic=False, languageStyle='LTR', name='done_text', opacity=1.0, ori=0, pos=array([0., 0.]), rgb=array([255., 255., 255.]), text=str(...), units='height', win=Window(...), wrapWidth=1)
14.9982 	EXP 	window1: mouseVisible = True
15.0336 	EXP 	Welcome: autoDraw = True
15.6289 	DATA 	Mouse: Left button down, pos=(846,641)
15.6324 	EXP 	Created sequence: random, trialTypes=1, nReps=2, seed=None
15.6331 	EXP 	New trial (rep=0, index=0): None
15.6434 	EXP 	Welcome: autoDraw = False
15.6434 	EXP 	text: autoDraw = True
15.7147 	DATA 	Mouse:  Left button up, pos=(846,641)
16.5440 	DATA 	Mouse: Left button down, pos=(846,641)
16.6604 	EXP 	Imported conditions_demo.xlsx as conditions, 4 conditions, 3 params
16.6613 	EXP 	Created sequence: random, trialTypes=4, nReps=1, seed=None
16.6623 	EXP 	New trial (rep=0, index=0): OrderedDict([('target_x', -0.3), ('target_y', -0.3), ('rotation', 0)])
16.6644 	EXP 	window1: mouseVisible = False
16.6656 	DATA 	Mouse:  Left button up, pos=(846,641)
16.6772 	EXP 	text: autoDraw = False
16.6772 	EXP 	demo_fixation: opacity = 1
16.6772 	EXP 	demo_fixation: pos = [0, 0]
16.6772 	EXP 	demo_target: pos = array([-0.3, -0.3])
16.6772 	EXP 	demo_fixation: pos = array([0., 0.])
16.6772 	EXP 	demo_fixation: opacity = 1
16.6772 	EXP 	demo_fixation: pos = [0, 0]
16.6772 	EXP 	demo_enclosing_1: autoDraw = True
16.6772 	EXP 	demo_enclosing: autoDraw = True
16.6772 	EXP 	demo_fixation: autoDraw = True
16.6776 	EXP 	window1: mouseVisible = False
16.6920 	EXP 	demo_fixation: opacity = 1
16.6920 	EXP 	demo_fixation: pos = [0, 0]
16.6924 	EXP 	window1: mouseVisible = False
16.7085 	EXP 	demo_fixation: opacity = 1
16.7085 	EXP 	demo_fixation: pos = [0, 0]
16.7088 	EXP 	window1: mouseVisible = False
16.7253 	EXP 	demo_fixation: opacity = 1
16.7253 	EXP 	demo_fixation: pos = [0, 0]
16.7256 	EXP 	window1: mouseVisible = False
16.7421 	EXP 	demo_fixation: opacity = 1
16.7421 	EXP 	demo_fixation: pos = [0, 0]
16.7424 	EXP 	window1: mouseVisible = False
16.7586 	EXP 	demo_fixation: opacity = 1
16.7586 	EXP 	demo_fixation: pos = [0, 0]
16.7589 	EXP 	window1: mouseVisible = False
16.7753 	EXP 	demo_fixation: opacity = 1
16.7753 	EXP 	demo_fixation: pos = [0, 0]
16.7756 	EXP 	window1: mouseVisible = False
16.7919 	EXP 	demo_fixation: opacity = 1
16.7919 	EXP 	demo_fixation: pos = [0, 0]
16.7922 	EXP 	window1: mouseVisible = False
16.8088 	EXP 	demo_fixation: opacity = 1
16.8088 	EXP 	demo_fixation: pos = [0, 0]
16.8091 	EXP 	window1: mouseVisible = False
16.8253 	EXP 	demo_fixation: opacity = 1
16.8253 	EXP 	demo_fixation: pos = [0, 0]
16.8256 	EXP 	window1: mouseVisible = False
16.8424 	EXP 	demo_fixation: opacity = 1
16.8424 	EXP 	demo_fixation: pos = [0, 0]
16.8428 	EXP 	window1: mouseVisible = False
16.8590 	EXP 	demo_fixation: opacity = 1
16.8590 	EXP 	demo_fixation: pos = [0, 0]
16.8593 	EXP 	window1: mouseVisible = False
16.8750 	EXP 	demo_fixation: opacity = 1
16.8750 	EXP 	demo_fixation: pos = [0, 0]
16.8754 	EXP 	window1: mouseVisible = False
16.8917 	EXP 	demo_fixation: opacity = 1
16.8917 	EXP 	demo_fixation: pos = [0, 0]
16.8920 	EXP 	window1: mouseVisible = False
16.9082 	EXP 	demo_fixation: opacity = 1
16.9082 	EXP 	demo_fixation: pos = [0, 0]
16.9086 	EXP 	window1: mouseVisible = False
16.9252 	EXP 	demo_fixation: opacity = 1
16.9252 	EXP 	demo_fixation: pos = [0, 0]
16.9255 	EXP 	window1: mouseVisible = False
16.9420 	EXP 	demo_fixation: opacity = 1
16.9420 	EXP 	demo_fixation: pos = [0, 0]
16.9424 	EXP 	window1: mouseVisible = False
16.9585 	EXP 	demo_fixation: opacity = 1
16.9585 	EXP 	demo_fixation: pos = [0, 0]
16.9589 	EXP 	window1: mouseVisible = False
16.9751 	EXP 	demo_fixation: opacity = 1
16.9751 	EXP 	demo_fixation: pos = [0, 0]
16.9754 	EXP 	window1: mouseVisible = False
16.9917 	EXP 	demo_fixation: opacity = 1
16.9917 	EXP 	demo_fixation: pos = [0, 0]
16.9921 	EXP 	window1: mouseVisible = False
17.0084 	EXP 	demo_fixation: opacity = 1
17.0084 	EXP 	demo_fixation: pos = [0, 0]
17.0087 	EXP 	window1: mouseVisible = False
17.0253 	EXP 	demo_fixation: opacity = 1
17.0253 	EXP 	demo_fixation: pos = [0, 0]
17.0257 	EXP 	window1: mouseVisible = False
17.0424 	EXP 	demo_fixation: opacity = 1
17.0424 	EXP 	demo_fixation: pos = [0, 0]
17.0427 	EXP 	window1: mouseVisible = False
17.0584 	EXP 	demo_fixation: opacity = 1
17.0584 	EXP 	demo_fixation: pos = [0, 0]
17.0587 	EXP 	window1: mouseVisible = False
17.0752 	EXP 	demo_fixation: opacity = 1
17.0752 	EXP 	demo_fixation: pos = [0, 0]
17.0755 	EXP 	window1: mouseVisible = False
17.0916 	EXP 	demo_fixation: opacity = 1
17.0916 	EXP 	demo_fixation: pos = [0, 0]
17.0920 	EXP 	window1: mouseVisible = False
17.1085 	EXP 	demo_fixation: opacity = 1
17.1085 	EXP 	demo_fixation: pos = [0, 0]
17.1088 	EXP 	window1: mouseVisible = False
17.1249 	EXP 	demo_fixation: opacity = 1
17.1249 	EXP 	demo_fixation: pos = [0, 0]
17.1252 	EXP 	window1: mouseVisible = False
17.1415 	EXP 	demo_fixation: opacity = 1
17.1415 	EXP 	demo_fixation: pos = [0, 0]
17.1419 	EXP 	window1: mouseVisible = False
17.1581 	EXP 	demo_fixation: opacity = 1
17.1581 	EXP 	demo_fixation: pos = [0, 0]
17.1584 	EXP 	window1: mouseVisible = False
17.1748 	EXP 	demo_fixation: opacity = 1
17.1748 	EXP 	demo_fixation: pos = [0, 0]
17.1751 	EXP 	window1: mouseVisible = False
17.1915 	EXP 	demo_fixation: opacity = 1
17.1915 	EXP 	demo_fixation: pos = [0, 0]
17.1918 	EXP 	window1: mouseVisible = False
17.2082 	EXP 	demo_fixation: opacity = 1
17.2082 	EXP 	demo_fixation: pos = [0, 0]
17.2085 	EXP 	window1: mouseVisible = False
17.2251 	EXP 	demo_fixation: opacity = 1
17.2251 	EXP 	demo_fixation: pos = [0, 0]
17.2255 	EXP 	window1: mouseVisible = False
17.2415 	EXP 	demo_fixation: opacity = 1
17.2415 	EXP 	demo_fixation: pos = [0, 0]
17.2418 	EXP 	window1: mouseVisible = False
17.2580 	EXP 	demo_fixation: opacity = 1
17.2580 	EXP 	demo_fixation: pos = [0, 0]
17.2584 	EXP 	window1: mouseVisible = False
17.2747 	EXP 	demo_fixation: opacity = 1
17.2747 	EXP 	demo_fixation: pos = [0, 0]
17.2751 	EXP 	window1: mouseVisible = False
17.2915 	EXP 	demo_fixation: opacity = 1
17.2915 	EXP 	demo_fixation: pos = [0, 0]
17.2918 	EXP 	window1: mouseVisible = False
17.3080 	EXP 	demo_fixation: opacity = 1
17.3080 	EXP 	demo_fixation: pos = [0, 0]
17.3084 	EXP 	window1: mouseVisible = False
17.3250 	EXP 	demo_fixation: opacity = 1
17.3250 	EXP 	demo_fixation: pos = [0, 0]
17.3253 	EXP 	window1: mouseVisible = False
17.3414 	EXP 	demo_fixation: opacity = 1
17.3414 	EXP 	demo_fixation: pos = [0, 0]
17.3418 	EXP 	window1: mouseVisible = False
17.3584 	EXP 	demo_fixation: opacity = 1
17.3584 	EXP 	demo_fixation: pos = [0, 0]
17.3589 	EXP 	window1: mouseVisible = False
17.3747 	EXP 	demo_fixation: opacity = 1
17.3747 	EXP 	demo_fixation: pos = [0, 0]
17.3750 	EXP 	window1: mouseVisible = False
17.3912 	EXP 	demo_fixation: opacity = 1
17.3912 	EXP 	demo_fixation: pos = [0, 0]
17.3916 	EXP 	window1: mouseVisible = False
17.4079 	EXP 	demo_fixation: opacity = 1
17.4079 	EXP 	demo_fixation: pos = [0, 0]
17.4082 	EXP 	window1: mouseVisible = False
17.4244 	EXP 	demo_fixation: opacity = 1
17.4244 	EXP 	demo_fixation: pos = [0, 0]
17.4248 	EXP 	window1: mouseVisible = False
17.4420 	EXP 	demo_fixation: opacity = 1
17.4420 	EXP 	demo_fixation: pos = [0, 0]
17.4424 	EXP 	window1: mouseVisible = False
17.4580 	EXP 	demo_fixation: opacity = 1
17.4580 	EXP 	demo_fixation: pos = [0, 0]
17.4584 	EXP 	window1: mouseVisible = False
17.4743 	EXP 	demo_fixation: opacity = 1
17.4743 	EXP 	demo_fixation: pos = [0, 0]
17.4747 	EXP 	window1: mouseVisible = False
17.4920 	EXP 	demo_fixation: opacity = 1
17.4920 	EXP 	demo_fixation: pos = [0, 0]
17.4923 	EXP 	window1: mouseVisible = False
17.5077 	EXP 	demo_fixation: opacity = 1
17.5077 	EXP 	demo_fixation: pos = [0, 0]
17.5081 	EXP 	window1: mouseVisible = False
17.5253 	EXP 	demo_fixation: opacity = 1
17.5253 	EXP 	demo_fixation: pos = [0, 0]
17.5257 	EXP 	window1: mouseVisible = False
17.5414 	EXP 	demo_fixation: opacity = 1
17.5414 	EXP 	demo_fixation: pos = [0, 0]
17.5418 	EXP 	window1: mouseVisible = False
17.5578 	EXP 	demo_fixation: opacity = 1
17.5578 	EXP 	demo_fixation: pos = [0, 0]
17.5581 	EXP 	window1: mouseVisible = False
17.5744 	EXP 	demo_fixation: opacity = 1
17.5744 	EXP 	demo_fixation: pos = [0, 0]
17.5747 	EXP 	window1: mouseVisible = False
17.5912 	EXP 	demo_fixation: opacity = 1
17.5912 	EXP 	demo_fixation: pos = [0, 0]
17.5915 	EXP 	window1: mouseVisible = False
17.6078 	EXP 	demo_fixation: opacity = 1
17.6078 	EXP 	demo_fixation: pos = [0, 0]
17.6082 	EXP 	window1: mouseVisible = False
17.6243 	EXP 	demo_fixation: opacity = 1
17.6243 	EXP 	demo_fixation: pos = [0, 0]
17.6247 	EXP 	window1: mouseVisible = False
17.6412 	EXP 	demo_fixation: opacity = 1
17.6412 	EXP 	demo_fixation: pos = [0, 0]
17.6416 	EXP 	window1: mouseVisible = False
17.6576 	EXP 	demo_fixation: opacity = 1
17.6576 	EXP 	demo_fixation: pos = [0, 0]
17.6579 	EXP 	window1: mouseVisible = False
17.6747 	EXP 	demo_fixation: opacity = 1
17.6747 	EXP 	demo_fixation: pos = [0, 0]
17.6751 	EXP 	window1: mouseVisible = False
17.6914 	EXP 	demo_fixation: opacity = 1
17.6914 	EXP 	demo_fixation: pos = [0, 0]
17.6917 	EXP 	window1: mouseVisible = False
17.7083 	EXP 	demo_fixation: opacity = 1
17.7083 	EXP 	demo_fixation: pos = [0, 0]
17.7087 	EXP 	window1: mouseVisible = False
17.7244 	EXP 	demo_fixation: opacity = 1
17.7244 	EXP 	demo_fixation: pos = [0, 0]
17.7248 	EXP 	window1: mouseVisible = False
17.7410 	EXP 	demo_fixation: opacity = 1
17.7410 	EXP 	demo_fixation: pos = [0, 0]
17.7414 	EXP 	window1: mouseVisible = False
17.7577 	EXP 	demo_fixation: opacity = 1
17.7577 	EXP 	demo_fixation: pos = [0, 0]
17.7581 	EXP 	window1: mouseVisible = False
17.7742 	EXP 	demo_fixation: opacity = 1
17.7742 	EXP 	demo_fixation: pos = [0, 0]
17.7746 	EXP 	window1: mouseVisible = False
17.7911 	EXP 	demo_fixation: opacity = 1
17.7911 	EXP 	demo_fixation: pos = [0, 0]
17.7914 	EXP 	window1: mouseVisible = False
17.8075 	EXP 	demo_fixation: opacity = 1
17.8075 	EXP 	demo_fixation: pos = [0, 0]
17.8079 	EXP 	window1: mouseVisible = False
17.8244 	EXP 	demo_fixation: opacity = 1
17.8244 	EXP 	demo_fixation: pos = [0, 0]
17.8247 	EXP 	window1: mouseVisible = False
17.8410 	EXP 	demo_fixation: opacity = 1
17.8410 	EXP 	demo_fixation: pos = [0, 0]
17.8413 	EXP 	window1: mouseVisible = False
17.8576 	EXP 	demo_fixation: opacity = 1
17.8576 	EXP 	demo_fixation: pos = [0, 0]
17.8579 	EXP 	window1: mouseVisible = False
17.8742 	EXP 	demo_fixation: opacity = 1
17.8742 	EXP 	demo_fixation: pos = [0, 0]
17.8746 	EXP 	window1: mouseVisible = False
17.8907 	EXP 	demo_fixation: opacity = 1
17.8907 	EXP 	demo_fixation: pos = [0, 0]
17.8911 	EXP 	window1: mouseVisible = False
17.9074 	EXP 	demo_fixation: opacity = 1
17.9074 	EXP 	demo_fixation: pos = [0, 0]
17.9077 	EXP 	window1: mouseVisible = False
17.9250 	EXP 	demo_fixation: opacity = 1
17.9250 	EXP 	demo_fixation: pos = [0, 0]
17.9253 	EXP 	window1: mouseVisible = False
17.9408 	EXP 	demo_fixation: opacity = 1
17.9408 	EXP 	demo_fixation: pos = [0, 0]
17.9411 	EXP 	window1: mouseVisible = False
17.9573 	EXP 	demo_fixation: opacity = 1
17.9573 	EXP 	demo_fixation: pos = [0, 0]
17.9577 	EXP 	window1: mouseVisible = False
17.9740 	EXP 	demo_fixation: opacity = 1
17.9740 	EXP 	demo_fixation: pos = [0, 0]
17.9744 	EXP 	window1: mouseVisible = False
17.9907 	EXP 	demo_fixation: opacity = 1
17.9907 	EXP 	demo_fixation: pos = [0, 0]
17.9911 	EXP 	window1: mouseVisible = False
18.0074 	EXP 	demo_fixation: opacity = 1
18.0074 	EXP 	demo_fixation: pos = [0, 0]
18.0074 	EXP 	demo_target: autoDraw = True
18.0078 	EXP 	window1: mouseVisible = False
18.0249 	EXP 	demo_fixation: opacity = 1
18.0249 	EXP 	demo_fixation: pos = [0, 0]
18.0253 	EXP 	window1: mouseVisible = False
18.0407 	EXP 	demo_fixation: opacity = 1
18.0407 	EXP 	demo_fixation: pos = [0, 0]
18.0410 	EXP 	window1: mouseVisible = False
18.0581 	EXP 	demo_fixation: opacity = 1
18.0581 	EXP 	demo_fixation: pos = [0, 0]
18.0585 	EXP 	window1: mouseVisible = False
18.0740 	EXP 	demo_fixation: opacity = 1
18.0740 	EXP 	demo_fixation: pos = [0, 0]
18.0744 	EXP 	window1: mouseVisible = False
18.0907 	EXP 	demo_fixation: opacity = 1
18.0907 	EXP 	demo_fixation: pos = [0, 0]
18.0910 	EXP 	window1: mouseVisible = False
18.1079 	EXP 	demo_fixation: opacity = 1
18.1079 	EXP 	demo_fixation: pos = [0, 0]
18.1083 	EXP 	window1: mouseVisible = False
18.1244 	EXP 	demo_fixation: opacity = 1
18.1244 	EXP 	demo_fixation: pos = [0, 0]
18.1247 	EXP 	window1: mouseVisible = False
18.1413 	EXP 	demo_fixation: opacity = 1
18.1413 	EXP 	demo_fixation: pos = [0, 0]
18.1416 	EXP 	window1: mouseVisible = False
18.1580 	EXP 	demo_fixation: opacity = 1
18.1580 	EXP 	demo_fixation: pos = [0, 0]
18.1584 	EXP 	window1: mouseVisible = False
18.1739 	EXP 	demo_fixation: opacity = 1
18.1739 	EXP 	demo_fixation: pos = [0, 0]
18.1742 	EXP 	window1: mouseVisible = False
18.1909 	EXP 	demo_fixation: opacity = 1
18.1909 	EXP 	demo_fixation: pos = [0, 0]
18.1913 	EXP 	window1: mouseVisible = False
18.2070 	EXP 	demo_fixation: opacity = 1
18.2070 	EXP 	demo_fixation: pos = [0, 0]
18.2073 	EXP 	window1: mouseVisible = False
18.2241 	EXP 	demo_fixation: opacity = 1
18.2241 	EXP 	demo_fixation: pos = [0, 0]
18.2245 	EXP 	window1: mouseVisible = False
18.2408 	EXP 	demo_fixation: opacity = 1
18.2408 	EXP 	demo_fixation: pos = [0, 0]
18.2412 	EXP 	window1: mouseVisible = False
18.2580 	EXP 	demo_fixation: opacity = 1
18.2580 	EXP 	demo_fixation: pos = [0, 0]
18.2583 	EXP 	window1: mouseVisible = False
18.2741 	EXP 	demo_fixation: opacity = 1
18.2741 	EXP 	demo_fixation: pos = [0, 0]
18.2745 	EXP 	window1: mouseVisible = False
18.2911 	EXP 	demo_fixation: opacity = 1
18.2911 	EXP 	demo_fixation: pos = [0, 0]
18.2915 	EXP 	window1: mouseVisible = False
18.3072 	EXP 	demo_fixation: opacity = 1
18.3072 	EXP 	demo_fixation: pos = [0, 0]
18.3076 	EXP 	window1: mouseVisible = False
18.3240 	EXP 	demo_fixation: opacity = 1
18.3240 	EXP 	demo_fixation: pos = [0, 0]
18.3244 	EXP 	window1: mouseVisible = False
18.3409 	EXP 	demo_fixation: opacity = 1
18.3409 	EXP 	demo_fixation: pos = [0, 0]
18.3412 	EXP 	window1: mouseVisible = False
18.3583 	EXP 	demo_fixation: opacity = 1
18.3583 	EXP 	demo_fixation: pos = [0, 0]
18.3587 	EXP 	window1: mouseVisible = False
18.3743 	EXP 	demo_fixation: opacity = 1
18.3743 	EXP 	demo_fixation: pos = [0, 0]
18.3748 	EXP 	window1: mouseVisible = False
18.3905 	EXP 	demo_fixation: opacity = 1
18.3905 	EXP 	demo_fixation: pos = [0, 0]
18.3908 	EXP 	window1: mouseVisible = False
18.4076 	EXP 	demo_fixation: opacity = 1
18.4076 	EXP 	demo_fixation: pos = [0, 0]
18.4080 	EXP 	window1: mouseVisible = False
18.4239 	EXP 	demo_fixation: opacity = 1
18.4239 	EXP 	demo_fixation: pos = [0, 0]
18.4243 	EXP 	window1: mouseVisible = False
18.4402 	EXP 	demo_fixation: opacity = 1
18.4402 	EXP 	demo_fixation: pos = [0, 0]
18.4408 	EXP 	window1: mouseVisible = False
18.4481 	DATA 	Mouse: Left button down, pos=(960,540)
18.5674 	EXP 	window1: mouseVisible = True
