1.5636 	WARNING 	We strongly recommend you activate the PTB sound engine in PsychoPy prefs as the preferred audio engine. Its timing is vastly superior. Your prefs are currently set to use ['sounddevice', 'PTB', 'pyo', 'pygame'] (in that order).
10.0426 	EXP 	Created window1 = Window(allowGUI=False, allowStencil=False, args=UNKNOWN, autoLog=True, bitsMode=UNKNOWN, blendMode='avg', bpc=(8, 8, 8), color=array([0., 0., 0.]), colorSpace='rgb', depthBits=8, fullscr=<method-wrapper '__getattribute__' of attributeSetter object at 0x0000016AB6762D68>, gamma=None, gammaErrorPolicy='raise', kwargs=UNKNOWN, lms=UNKNOWN, monitor=<psychopy.monitors.calibTools.Monitor object at 0x0000016AB6417DA0>, multiSample=False, name='window1', numSamples=2, pos=[0.0, 0.0], screen=0, size=array([1920, 1080]), stencilBits=0, stereo=False, units='height', useFBO=True, useRetina=False, viewOri=0.0, viewPos=None, viewScale=None, waitBlanking=True, winType='pyglet')
10.0434 	EXP 	window1: mouseVisible = True
10.0435 	EXP 	window1: recordFrameIntervals = False
10.2076 	EXP 	window1: recordFrameIntervals = True
10.3917 	EXP 	window1: recordFrameIntervals = False
10.7596 	EXP 	Created Welcome = TextStim(__class__=<class 'psychopy.visual.text.TextStim'>, alignHoriz=method-wrapper(...), alignText='center', alignVert=method-wrapper(...), anchorHoriz='center', anchorVert='center', antialias=True, autoLog=True, bold=False, color='white', colorSpace='named', contrast=1.0, depth=0.0, flipHoriz=False, flipVert=False, font='Arial', fontFiles=[], height=0.04, italic=False, languageStyle='LTR', name='Welcome', opacity=1.0, ori=0, pos=array([0., 0.]), rgb=array([255., 255., 255.]), text=str(...), units='height', win=Window(...), wrapWidth=1)
10.7598 	EXP 	window1: mouseVisible = True
10.7746 	EXP 	Created text = TextStim(__class__=<class 'psychopy.visual.text.TextStim'>, alignHoriz=method-wrapper(...), alignText='center', alignVert=method-wrapper(...), anchorHoriz='center', anchorVert='center', antialias=True, autoLog=True, bold=False, color='white', colorSpace='named', contrast=1.0, depth=0.0, flipHoriz=False, flipVert=False, font='Arial', fontFiles=[], height=0.04, italic=False, languageStyle='LTR', name='text', opacity=1.0, ori=0, pos=array([0., 0.]), rgb=array([255., 255., 255.]), text=str(...), units='height', win=Window(...), wrapWidth=1)
10.7747 	EXP 	window1: mouseVisible = True
10.7844 	EXP 	Created demo_enclosing_1 = Polygon(__class__=<class 'psychopy.visual.polygon.Polygon'>, autoDraw=False, autoLog=True, closeShape=True, color=method-wrapper(...), colorSpace=None, contrast=1.0, depth=-1.0, fillColor=array([0., 0., 0.]), fillColorSpace='rgb', fillRGB=array([0., 0., 0.]), interpolate=True, lineColor=array([-1., -1., -1.]), lineColorSpace='rgb', lineRGB=array([-1., -1., -1.]), lineWidth=1, name='demo_enclosing_1', opacity=1.0, ori=array(0.), pos=array([0., 0.]), size=array([0.9, 0.9]), units='height', vertices=ndarray(...), win=Window(...))
10.7907 	EXP 	Created demo_enclosing = Polygon(__class__=<class 'psychopy.visual.polygon.Polygon'>, autoDraw=False, autoLog=True, closeShape=True, color=method-wrapper(...), colorSpace=None, contrast=1.0, depth=-2.0, fillColor=array([0., 0., 0.]), fillColorSpace='rgb', fillRGB=array([0., 0., 0.]), interpolate=True, lineColor=array([-1., -1., -1.]), lineColorSpace='rgb', lineRGB=array([-1., -1., -1.]), lineWidth=1, name='demo_enclosing', opacity=1.0, ori=array(0.), pos=array([0., 0.]), size=array([0.8, 0.8]), units='height', vertices=ndarray(...), win=Window(...))
10.7939 	EXP 	Created demo_target = ShapeStim(__class__=<class 'psychopy.visual.shape.ShapeStim'>, autoDraw=False, autoLog=True, closeShape=True, contrast=1.0, depth=-3.0, fillColor=array([1., 1., 1.]), fillColorSpace='rgb', interpolate=True, lineColor=array([1., 1., 1.]), lineColorSpace='rgb', lineWidth=1, name='demo_target', opacity=1.0, ori=array(45.), pos=array([0., 0.]), size=array([0.05, 0.05]), units='height', vertices=ndarray(...), win=Window(...), windingRule=None)
10.7984 	EXP 	Created demo_fixation = Polygon(__class__=<class 'psychopy.visual.polygon.Polygon'>, autoDraw=False, autoLog=True, closeShape=True, color=method-wrapper(...), colorSpace=None, contrast=1.0, depth=-4.0, fillColor=array([1., 0., 0.]), fillColorSpace='rgb', fillRGB=array([1., 0., 0.]), interpolate=True, lineColor=array([1., 0., 0.]), lineColorSpace='rgb', lineRGB=array([1., 0., 0.]), lineWidth=1, name='demo_fixation', opacity=1.0, ori=array(0.), pos=array([0., 0.]), size=array([0.025, 0.025]), units='height', vertices=ndarray(...), win=Window(...))
10.7985 	EXP 	window1: mouseVisible = True
10.8085 	EXP 	Created demo_enclosing_feedback_1 = Polygon(__class__=<class 'psychopy.visual.polygon.Polygon'>, autoDraw=False, autoLog=True, closeShape=True, color=method-wrapper(...), colorSpace=None, contrast=1.0, depth=0.0, fillColor=array([0., 0., 0.]), fillColorSpace='rgb', fillRGB=array([0., 0., 0.]), interpolate=True, lineColor=array([-1., -1., -1.]), lineColorSpace='rgb', lineRGB=array([-1., -1., -1.]), lineWidth=1, name='demo_enclosing_feedback_1', opacity=1.0, ori=array(0.), pos=array([0., 0.]), size=array([0.9, 0.9]), units='height', vertices=ndarray(...), win=Window(...))
10.8147 	EXP 	Created demo_enclosing_feedback = Polygon(__class__=<class 'psychopy.visual.polygon.Polygon'>, autoDraw=False, autoLog=True, closeShape=True, color=method-wrapper(...), colorSpace=None, contrast=1.0, depth=-1.0, fillColor=array([0., 0., 0.]), fillColorSpace='rgb', fillRGB=array([0., 0., 0.]), interpolate=True, lineColor=array([-1., -1., -1.]), lineColorSpace='rgb', lineRGB=array([-1., -1., -1.]), lineWidth=1, name='demo_enclosing_feedback', opacity=1.0, ori=array(0.), pos=array([0., 0.]), size=array([0.8, 0.8]), units='height', vertices=ndarray(...), win=Window(...))
10.8178 	EXP 	Created demo_target_feedback = ShapeStim(__class__=<class 'psychopy.visual.shape.ShapeStim'>, autoDraw=False, autoLog=True, closeShape=True, contrast=1.0, depth=-2.0, fillColor=array([1., 1., 1.]), fillColorSpace='rgb', interpolate=True, lineColor=array([1., 1., 1.]), lineColorSpace='rgb', lineWidth=1, name='demo_target_feedback', opacity=1.0, ori=array(45.), pos=array([0., 0.]), size=array([0.05, 0.05]), units='height', vertices=ndarray(...), win=Window(...), windingRule=None)
10.8223 	EXP 	Created demo_fixation_feedback = Polygon(__class__=<class 'psychopy.visual.polygon.Polygon'>, autoDraw=False, autoLog=True, closeShape=True, color=method-wrapper(...), colorSpace=None, contrast=1.0, depth=-3.0, fillColor=array([1., 0., 0.]), fillColorSpace='rgb', fillRGB=array([1., 0., 0.]), interpolate=True, lineColor=array([1., 0., 0.]), lineColorSpace='rgb', lineRGB=array([1., 0., 0.]), lineWidth=1, name='demo_fixation_feedback', opacity=1.0, ori=array(0.), pos=array([0., 0.]), size=array([0.025, 0.025]), units='height', vertices=ndarray(...), win=Window(...))
10.8306 	EXP 	Created text_4 = TextStim(__class__=<class 'psychopy.visual.text.TextStim'>, alignHoriz=method-wrapper(...), alignText='center', alignVert=method-wrapper(...), anchorHoriz='center', anchorVert='center', antialias=True, autoLog=True, bold=False, color='green', colorSpace='named', contrast=1.0, depth=-5.0, flipHoriz=False, flipVert=False, font='Arial', fontFiles=[], height=0.04, italic=False, languageStyle='LTR', name='text_4', opacity=1.0, ori=0, pos=array([0.4, 0.4]), rgb=array([  0., 128.,   0.]), text='default text', units='height', win=Window(...), wrapWidth=1)
10.8474 	EXP 	Created text_3 = TextStim(__class__=<class 'psychopy.visual.text.TextStim'>, alignHoriz=method-wrapper(...), alignText='center', alignVert=method-wrapper(...), anchorHoriz='center', anchorVert='center', antialias=True, autoLog=True, bold=False, color='white', colorSpace='named', contrast=1.0, depth=0.0, flipHoriz=False, flipVert=False, font='Arial', fontFiles=[], height=0.04, italic=False, languageStyle='LTR', name='text_3', opacity=1.0, ori=0, pos=array([0., 0.]), rgb=array([255., 255., 255.]), text=str(...), units='height', win=Window(...), wrapWidth=1)
10.8476 	EXP 	window1: mouseVisible = True
10.8507 	EXP 	Created baseline_target = ShapeStim(__class__=<class 'psychopy.visual.shape.ShapeStim'>, autoDraw=False, autoLog=True, closeShape=True, contrast=1.0, depth=0.0, fillColor=array([1., 1., 1.]), fillColorSpace='rgb', interpolate=True, lineColor=array([1., 1., 1.]), lineColorSpace='rgb', lineWidth=1, name='baseline_target', opacity=1.0, ori=array(45.), pos=array([0., 0.]), size=array([0.05, 0.05]), units='height', vertices=ndarray(...), win=Window(...), windingRule=None)
10.8554 	EXP 	Created baseline_fixation = Polygon(__class__=<class 'psychopy.visual.polygon.Polygon'>, autoDraw=False, autoLog=True, closeShape=True, color=method-wrapper(...), colorSpace=None, contrast=1.0, depth=-1.0, fillColor=array([1., 0., 0.]), fillColorSpace='rgb', fillRGB=array([1., 0., 0.]), interpolate=True, lineColor=array([1., 0., 0.]), lineColorSpace='rgb', lineRGB=array([1., 0., 0.]), lineWidth=1, name='baseline_fixation', opacity=1.0, ori=array(0.), pos=array([0., 0.]), size=array([0.025, 0.025]), units='height', vertices=ndarray(...), win=Window(...))
10.8555 	EXP 	window1: mouseVisible = True
10.8585 	EXP 	Created baseline_target_feedback = ShapeStim(__class__=<class 'psychopy.visual.shape.ShapeStim'>, autoDraw=False, autoLog=True, closeShape=True, contrast=1.0, depth=0.0, fillColor=array([1., 1., 1.]), fillColorSpace='rgb', interpolate=True, lineColor=array([1., 1., 1.]), lineColorSpace='rgb', lineWidth=1, name='baseline_target_feedback', opacity=1.0, ori=array(45.), pos=array([0., 0.]), size=array([0.05, 0.05]), units='height', vertices=ndarray(...), win=Window(...), windingRule=None)
10.8630 	EXP 	Created baseline_fixation_feedback = Polygon(__class__=<class 'psychopy.visual.polygon.Polygon'>, autoDraw=False, autoLog=True, closeShape=True, color=method-wrapper(...), colorSpace=None, contrast=1.0, depth=-1.0, fillColor=array([1., 0., 0.]), fillColorSpace='rgb', fillRGB=array([1., 0., 0.]), interpolate=True, lineColor=array([1., 0., 0.]), lineColorSpace='rgb', lineRGB=array([1., 0., 0.]), lineWidth=1, name='baseline_fixation_feedback', opacity=1.0, ori=array(0.), pos=array([0., 0.]), size=array([0.025, 0.025]), units='height', vertices=ndarray(...), win=Window(...))
10.8914 	EXP 	Created text_2 = TextStim(__class__=<class 'psychopy.visual.text.TextStim'>, alignHoriz=method-wrapper(...), alignText='center', alignVert=method-wrapper(...), anchorHoriz='center', anchorVert='center', antialias=True, autoLog=True, bold=False, color='white', colorSpace='named', contrast=1.0, depth=0.0, flipHoriz=False, flipVert=False, font='Arial', fontFiles=[], height=0.04, italic=False, languageStyle='LTR', name='text_2', opacity=1.0, ori=0, pos=array([0., 0.]), rgb=array([255., 255., 255.]), text=str(...), units='height', win=Window(...), wrapWidth=1)
10.8916 	EXP 	window1: mouseVisible = True
10.8947 	EXP 	Created rotated_target = ShapeStim(__class__=<class 'psychopy.visual.shape.ShapeStim'>, autoDraw=False, autoLog=True, closeShape=True, contrast=1.0, depth=0.0, fillColor=array([1., 1., 1.]), fillColorSpace='rgb', interpolate=True, lineColor=array([1., 1., 1.]), lineColorSpace='rgb', lineWidth=1, name='rotated_target', opacity=1.0, ori=array(45.), pos=array([0., 0.]), size=array([0.05, 0.05]), units='height', vertices=ndarray(...), win=Window(...), windingRule=None)
10.8993 	EXP 	Created rotated_fixation = Polygon(__class__=<class 'psychopy.visual.polygon.Polygon'>, autoDraw=False, autoLog=True, closeShape=True, color=method-wrapper(...), colorSpace=None, contrast=1.0, depth=-1.0, fillColor=array([1., 0., 0.]), fillColorSpace='rgb', fillRGB=array([1., 0., 0.]), interpolate=True, lineColor=array([1., 0., 0.]), lineColorSpace='rgb', lineRGB=array([1., 0., 0.]), lineWidth=1, name='rotated_fixation', opacity=1.0, ori=array(0.), pos=array([0., 0.]), size=array([0.025, 0.025]), units='height', vertices=ndarray(...), win=Window(...))
10.8994 	EXP 	window1: mouseVisible = True
10.9025 	EXP 	Created rotated_target_feedback = ShapeStim(__class__=<class 'psychopy.visual.shape.ShapeStim'>, autoDraw=False, autoLog=True, closeShape=True, contrast=1.0, depth=0.0, fillColor=array([1., 1., 1.]), fillColorSpace='rgb', interpolate=True, lineColor=array([1., 1., 1.]), lineColorSpace='rgb', lineWidth=1, name='rotated_target_feedback', opacity=1.0, ori=array(45.), pos=array([0., 0.]), size=array([0.05, 0.05]), units='height', vertices=ndarray(...), win=Window(...), windingRule=None)
10.9070 	EXP 	Created rotated_fixation_feedback = Polygon(__class__=<class 'psychopy.visual.polygon.Polygon'>, autoDraw=False, autoLog=True, closeShape=True, color=method-wrapper(...), colorSpace=None, contrast=1.0, depth=-1.0, fillColor=array([1., 0., 0.]), fillColorSpace='rgb', fillRGB=array([1., 0., 0.]), interpolate=True, lineColor=array([1., 0., 0.]), lineColorSpace='rgb', lineRGB=array([1., 0., 0.]), lineWidth=1, name='rotated_fixation_feedback', opacity=1.0, ori=array(0.), pos=array([0., 0.]), size=array([0.025, 0.025]), units='height', vertices=ndarray(...), win=Window(...))
10.9340 	EXP 	Created rotated_breaks = TextStim(__class__=<class 'psychopy.visual.text.TextStim'>, alignHoriz=method-wrapper(...), alignText='center', alignVert=method-wrapper(...), anchorHoriz='center', anchorVert='center', antialias=True, autoLog=True, bold=False, color='white', colorSpace='named', contrast=1.0, depth=0.0, flipHoriz=False, flipVert=False, font='Arial', fontFiles=[], height=0.04, italic=False, languageStyle='LTR', name='rotated_breaks', opacity=1.0, ori=0, pos=array([0., 0.]), rgb=array([255., 255., 255.]), text=str(...), units='height', win=Window(...), wrapWidth=1)
10.9342 	EXP 	window1: mouseVisible = True
10.9382 	EXP 	Created transfer_target = ShapeStim(__class__=<class 'psychopy.visual.shape.ShapeStim'>, autoDraw=False, autoLog=True, closeShape=True, contrast=1.0, depth=0.0, fillColor=array([1., 1., 1.]), fillColorSpace='rgb', interpolate=True, lineColor=array([1., 1., 1.]), lineColorSpace='rgb', lineWidth=1, name='transfer_target', opacity=1.0, ori=array(45.), pos=array([0., 0.]), size=array([0.05, 0.05]), units='height', vertices=ndarray(...), win=Window(...), windingRule=None)
10.9439 	EXP 	Created transfer_fixation = Polygon(__class__=<class 'psychopy.visual.polygon.Polygon'>, autoDraw=False, autoLog=True, closeShape=True, color=method-wrapper(...), colorSpace=None, contrast=1.0, depth=-1.0, fillColor=array([1., 0., 0.]), fillColorSpace='rgb', fillRGB=array([1., 0., 0.]), interpolate=True, lineColor=array([1., 0., 0.]), lineColorSpace='rgb', lineRGB=array([1., 0., 0.]), lineWidth=1, name='transfer_fixation', opacity=1.0, ori=array(0.), pos=array([0., 0.]), size=array([0.025, 0.025]), units='height', vertices=ndarray(...), win=Window(...))
10.9441 	EXP 	window1: mouseVisible = True
10.9479 	EXP 	Created transfer_target_feedback = ShapeStim(__class__=<class 'psychopy.visual.shape.ShapeStim'>, autoDraw=False, autoLog=True, closeShape=True, contrast=1.0, depth=0.0, fillColor=array([1., 1., 1.]), fillColorSpace='rgb', interpolate=True, lineColor=array([1., 1., 1.]), lineColorSpace='rgb', lineWidth=1, name='transfer_target_feedback', opacity=1.0, ori=array(45.), pos=array([0., 0.]), size=array([0.05, 0.05]), units='height', vertices=ndarray(...), win=Window(...), windingRule=None)
10.9537 	EXP 	Created transfer_fixation_feedback = Polygon(__class__=<class 'psychopy.visual.polygon.Polygon'>, autoDraw=False, autoLog=True, closeShape=True, color=method-wrapper(...), colorSpace=None, contrast=1.0, depth=-1.0, fillColor=array([1., 0., 0.]), fillColorSpace='rgb', fillRGB=array([1., 0., 0.]), interpolate=True, lineColor=array([1., 0., 0.]), lineColorSpace='rgb', lineRGB=array([1., 0., 0.]), lineWidth=1, name='transfer_fixation_feedback', opacity=1.0, ori=array(0.), pos=array([0., 0.]), size=array([0.025, 0.025]), units='height', vertices=ndarray(...), win=Window(...))
10.9741 	EXP 	Created done_text = TextStim(__class__=<class 'psychopy.visual.text.TextStim'>, alignHoriz=method-wrapper(...), alignText='center', alignVert=method-wrapper(...), anchorHoriz='center', anchorVert='center', antialias=True, autoLog=True, bold=False, color='white', colorSpace='named', contrast=1.0, depth=0.0, flipHoriz=False, flipVert=False, font='Arial', fontFiles=[], height=0.04, italic=False, languageStyle='LTR', name='done_text', opacity=1.0, ori=0, pos=array([0., 0.]), rgb=array([255., 255., 255.]), text=str(...), units='height', win=Window(...), wrapWidth=1)
10.9743 	EXP 	window1: mouseVisible = True
11.0194 	EXP 	Welcome: autoDraw = True
11.7274 	DATA 	Mouse: Left button down, pos=(812,631)
11.7429 	EXP 	Created sequence: random, trialTypes=1, nReps=2, seed=None
11.7437 	EXP 	New trial (rep=0, index=0): None
11.7559 	EXP 	Welcome: autoDraw = False
11.7559 	EXP 	text: autoDraw = True
11.9438 	DATA 	Mouse:  Left button up, pos=(812,631)
12.7899 	DATA 	Mouse: Left button down, pos=(812,631)
12.8978 	EXP 	Imported conditions_demo.xlsx as conditions, 4 conditions, 3 params
12.8983 	EXP 	Created sequence: random, trialTypes=4, nReps=1, seed=None
12.8988 	EXP 	New trial (rep=0, index=0): OrderedDict([('target_x', 0.3), ('target_y', 0.3), ('rotation', 0)])
12.8999 	EXP 	window1: mouseVisible = False
12.9095 	EXP 	text: autoDraw = False
12.9095 	EXP 	demo_fixation: opacity = 1
12.9095 	EXP 	demo_fixation: pos = [0, 0]
12.9095 	EXP 	demo_target: pos = array([0.3, 0.3])
12.9095 	EXP 	demo_fixation: pos = array([0., 0.])
12.9095 	EXP 	demo_fixation: opacity = 0
12.9095 	EXP 	demo_enclosing_1: autoDraw = True
12.9095 	EXP 	demo_enclosing: autoDraw = True
12.9095 	EXP 	demo_fixation: autoDraw = True
12.9097 	EXP 	window1: mouseVisible = False
12.9206 	EXP 	demo_fixation: opacity = 0
12.9208 	EXP 	window1: mouseVisible = False
12.9372 	EXP 	demo_fixation: opacity = 0
12.9374 	EXP 	window1: mouseVisible = False
12.9540 	EXP 	demo_fixation: opacity = 0
12.9543 	EXP 	window1: mouseVisible = False
12.9714 	EXP 	demo_fixation: opacity = 0
12.9717 	EXP 	window1: mouseVisible = False
12.9883 	EXP 	demo_fixation: opacity = 0
12.9886 	EXP 	window1: mouseVisible = False
12.9940 	DATA 	Mouse:  Left button up, pos=(812,631)
13.0047 	EXP 	demo_fixation: opacity = 0
13.0051 	EXP 	window1: mouseVisible = False
13.0220 	EXP 	demo_fixation: opacity = 1
13.0220 	EXP 	demo_fixation: pos = [0, 0]
13.0223 	EXP 	window1: mouseVisible = False
13.0381 	EXP 	demo_fixation: opacity = 1
13.0381 	EXP 	demo_fixation: pos = [0, 0]
13.0385 	EXP 	window1: mouseVisible = False
13.0547 	EXP 	demo_fixation: opacity = 1
13.0547 	EXP 	demo_fixation: pos = [0, 0]
13.0551 	EXP 	window1: mouseVisible = False
13.0713 	EXP 	demo_fixation: opacity = 1
13.0713 	EXP 	demo_fixation: pos = [0, 0]
13.0717 	EXP 	window1: mouseVisible = False
13.0881 	EXP 	demo_fixation: opacity = 1
13.0881 	EXP 	demo_fixation: pos = [0, 0]
13.0885 	EXP 	window1: mouseVisible = False
13.1047 	EXP 	demo_fixation: opacity = 1
13.1047 	EXP 	demo_fixation: pos = [0, 0]
13.1050 	EXP 	window1: mouseVisible = False
13.1215 	EXP 	demo_fixation: opacity = 1
13.1215 	EXP 	demo_fixation: pos = [0, 0]
13.1218 	EXP 	window1: mouseVisible = False
13.1381 	EXP 	demo_fixation: opacity = 1
13.1381 	EXP 	demo_fixation: pos = [0, 0]
13.1384 	EXP 	window1: mouseVisible = False
13.1547 	EXP 	demo_fixation: opacity = 1
13.1547 	EXP 	demo_fixation: pos = [0, 0]
13.1550 	EXP 	window1: mouseVisible = False
13.1714 	EXP 	demo_fixation: opacity = 1
13.1714 	EXP 	demo_fixation: pos = [0, 0]
13.1718 	EXP 	window1: mouseVisible = False
13.1880 	EXP 	demo_fixation: opacity = 1
13.1880 	EXP 	demo_fixation: pos = [0, 0]
13.1884 	EXP 	window1: mouseVisible = False
13.2048 	EXP 	demo_fixation: opacity = 1
13.2048 	EXP 	demo_fixation: pos = [0, 0]
13.2054 	EXP 	window1: mouseVisible = False
13.2223 	EXP 	demo_fixation: opacity = 1
13.2223 	EXP 	demo_fixation: pos = [0, 0]
13.2229 	EXP 	window1: mouseVisible = False
13.2387 	EXP 	demo_fixation: opacity = 1
13.2387 	EXP 	demo_fixation: pos = [0, 0]
13.2393 	EXP 	window1: mouseVisible = False
13.2549 	EXP 	demo_fixation: opacity = 1
13.2549 	EXP 	demo_fixation: pos = [0, 0]
13.2552 	EXP 	window1: mouseVisible = False
13.2715 	EXP 	demo_fixation: opacity = 1
13.2715 	EXP 	demo_fixation: pos = [0, 0]
13.2719 	EXP 	window1: mouseVisible = False
13.2879 	EXP 	demo_fixation: opacity = 1
13.2879 	EXP 	demo_fixation: pos = [0, 0]
13.2882 	EXP 	window1: mouseVisible = False
13.3047 	EXP 	demo_fixation: opacity = 1
13.3047 	EXP 	demo_fixation: pos = [0, 0]
13.3050 	EXP 	window1: mouseVisible = False
13.3213 	EXP 	demo_fixation: opacity = 1
13.3213 	EXP 	demo_fixation: pos = [0, 0]
13.3216 	EXP 	window1: mouseVisible = False
13.3380 	EXP 	demo_fixation: opacity = 1
13.3380 	EXP 	demo_fixation: pos = [0, 0]
13.3383 	EXP 	window1: mouseVisible = False
13.3545 	EXP 	demo_fixation: opacity = 1
13.3545 	EXP 	demo_fixation: pos = [0, 0]
13.3550 	EXP 	window1: mouseVisible = False
13.3711 	EXP 	demo_fixation: opacity = 1
13.3711 	EXP 	demo_fixation: pos = [0, 0]
13.3715 	EXP 	window1: mouseVisible = False
13.3878 	EXP 	demo_fixation: opacity = 1
13.3878 	EXP 	demo_fixation: pos = [0, 0]
13.3881 	EXP 	window1: mouseVisible = False
13.4044 	EXP 	demo_fixation: opacity = 1
13.4044 	EXP 	demo_fixation: pos = [0, 0]
13.4048 	EXP 	window1: mouseVisible = False
13.4211 	EXP 	demo_fixation: opacity = 1
13.4211 	EXP 	demo_fixation: pos = [0, 0]
13.4215 	EXP 	window1: mouseVisible = False
13.4378 	EXP 	demo_fixation: opacity = 1
13.4378 	EXP 	demo_fixation: pos = [0, 0]
13.4381 	EXP 	window1: mouseVisible = False
13.4545 	EXP 	demo_fixation: opacity = 1
13.4545 	EXP 	demo_fixation: pos = [0, 0]
13.4549 	EXP 	window1: mouseVisible = False
13.4711 	EXP 	demo_fixation: opacity = 1
13.4711 	EXP 	demo_fixation: pos = [0, 0]
13.4714 	EXP 	window1: mouseVisible = False
13.4878 	EXP 	demo_fixation: opacity = 1
13.4878 	EXP 	demo_fixation: pos = [0, 0]
13.4882 	EXP 	window1: mouseVisible = False
13.5043 	EXP 	demo_fixation: opacity = 1
13.5043 	EXP 	demo_fixation: pos = [0, 0]
13.5047 	EXP 	window1: mouseVisible = False
13.5218 	EXP 	demo_fixation: opacity = 1
13.5218 	EXP 	demo_fixation: pos = [0, 0]
13.5223 	EXP 	window1: mouseVisible = False
13.5380 	EXP 	demo_fixation: opacity = 1
13.5380 	EXP 	demo_fixation: pos = [0, 0]
13.5383 	EXP 	window1: mouseVisible = False
13.5544 	EXP 	demo_fixation: opacity = 1
13.5544 	EXP 	demo_fixation: pos = [0, 0]
13.5549 	EXP 	window1: mouseVisible = False
13.5709 	EXP 	demo_fixation: opacity = 1
13.5709 	EXP 	demo_fixation: pos = [0, 0]
13.5713 	EXP 	window1: mouseVisible = False
13.5877 	EXP 	demo_fixation: opacity = 1
13.5877 	EXP 	demo_fixation: pos = [0, 0]
13.5881 	EXP 	window1: mouseVisible = False
13.6044 	EXP 	demo_fixation: opacity = 1
13.6044 	EXP 	demo_fixation: pos = [0, 0]
13.6047 	EXP 	window1: mouseVisible = False
13.6209 	EXP 	demo_fixation: opacity = 1
13.6209 	EXP 	demo_fixation: pos = [0, 0]
13.6213 	EXP 	window1: mouseVisible = False
13.6375 	EXP 	demo_fixation: opacity = 1
13.6375 	EXP 	demo_fixation: pos = [0, 0]
13.6379 	EXP 	window1: mouseVisible = False
13.6534 	EXP 	demo_fixation: opacity = 1
13.6534 	EXP 	demo_fixation: pos = [0, 0]
13.6538 	EXP 	window1: mouseVisible = False
13.6697 	EXP 	demo_fixation: opacity = 1
13.6697 	EXP 	demo_fixation: pos = [0, 0]
13.6699 	EXP 	window1: mouseVisible = False
13.6875 	EXP 	demo_fixation: opacity = 1
13.6875 	EXP 	demo_fixation: pos = [0, 0]
13.6879 	EXP 	window1: mouseVisible = False
13.7051 	EXP 	demo_fixation: opacity = 1
13.7051 	EXP 	demo_fixation: pos = [0, 0]
13.7054 	EXP 	window1: mouseVisible = False
13.7208 	EXP 	demo_fixation: opacity = 1
13.7208 	EXP 	demo_fixation: pos = [0, 0]
13.7211 	EXP 	window1: mouseVisible = False
13.7375 	EXP 	demo_fixation: opacity = 1
13.7375 	EXP 	demo_fixation: pos = [0, 0]
13.7378 	EXP 	window1: mouseVisible = False
13.7541 	EXP 	demo_fixation: opacity = 1
13.7541 	EXP 	demo_fixation: pos = [0, 0]
13.7544 	EXP 	window1: mouseVisible = False
13.7715 	EXP 	demo_fixation: opacity = 1
13.7715 	EXP 	demo_fixation: pos = [0, 0]
13.7719 	EXP 	window1: mouseVisible = False
13.7876 	EXP 	demo_fixation: opacity = 1
13.7876 	EXP 	demo_fixation: pos = [0, 0]
13.7879 	EXP 	window1: mouseVisible = False
13.8041 	EXP 	demo_fixation: opacity = 1
13.8041 	EXP 	demo_fixation: pos = [0, 0]
13.8044 	EXP 	window1: mouseVisible = False
13.8207 	EXP 	demo_fixation: opacity = 1
13.8207 	EXP 	demo_fixation: pos = [0, 0]
13.8210 	EXP 	window1: mouseVisible = False
13.8373 	EXP 	demo_fixation: opacity = 1
13.8373 	EXP 	demo_fixation: pos = [0, 0]
13.8376 	EXP 	window1: mouseVisible = False
13.8541 	EXP 	demo_fixation: opacity = 1
13.8541 	EXP 	demo_fixation: pos = [0, 0]
13.8544 	EXP 	window1: mouseVisible = False
13.8706 	EXP 	demo_fixation: opacity = 1
13.8706 	EXP 	demo_fixation: pos = [0, 0]
13.8710 	EXP 	window1: mouseVisible = False
13.8872 	EXP 	demo_fixation: opacity = 1
13.8872 	EXP 	demo_fixation: pos = [0, 0]
13.8875 	EXP 	window1: mouseVisible = False
13.9041 	EXP 	demo_fixation: opacity = 1
13.9041 	EXP 	demo_fixation: pos = [0, 0]
13.9045 	EXP 	window1: mouseVisible = False
13.9205 	EXP 	demo_fixation: opacity = 1
13.9205 	EXP 	demo_fixation: pos = [0, 0]
13.9209 	EXP 	window1: mouseVisible = False
13.9373 	EXP 	demo_fixation: opacity = 1
13.9373 	EXP 	demo_fixation: pos = [0, 0]
13.9377 	EXP 	window1: mouseVisible = False
13.9540 	EXP 	demo_fixation: opacity = 1
13.9540 	EXP 	demo_fixation: pos = [0, 0]
13.9543 	EXP 	window1: mouseVisible = False
13.9705 	EXP 	demo_fixation: opacity = 1
13.9705 	EXP 	demo_fixation: pos = [0, 0]
13.9709 	EXP 	window1: mouseVisible = False
13.9872 	EXP 	demo_fixation: opacity = 1
13.9872 	EXP 	demo_fixation: pos = [0, 0]
13.9875 	EXP 	window1: mouseVisible = False
14.0039 	EXP 	demo_fixation: opacity = 1
14.0039 	EXP 	demo_fixation: pos = [0, 0]
14.0043 	EXP 	window1: mouseVisible = False
14.0208 	EXP 	demo_fixation: opacity = 1
14.0208 	EXP 	demo_fixation: pos = [0, 0]
14.0211 	EXP 	window1: mouseVisible = False
14.0372 	EXP 	demo_fixation: opacity = 1
14.0372 	EXP 	demo_fixation: pos = [0, 0]
14.0376 	EXP 	window1: mouseVisible = False
14.0538 	EXP 	demo_fixation: opacity = 1
14.0538 	EXP 	demo_fixation: pos = [0, 0]
14.0542 	EXP 	window1: mouseVisible = False
14.0706 	EXP 	demo_fixation: opacity = 1
14.0706 	EXP 	demo_fixation: pos = [0, 0]
14.0709 	EXP 	window1: mouseVisible = False
14.0872 	EXP 	demo_fixation: opacity = 1
14.0872 	EXP 	demo_fixation: pos = [0, 0]
14.0875 	EXP 	window1: mouseVisible = False
14.1039 	EXP 	demo_fixation: opacity = 1
14.1039 	EXP 	demo_fixation: pos = [0, 0]
14.1042 	EXP 	window1: mouseVisible = False
14.1205 	EXP 	demo_fixation: opacity = 1
14.1205 	EXP 	demo_fixation: pos = [0, 0]
14.1209 	EXP 	window1: mouseVisible = False
14.1372 	EXP 	demo_fixation: opacity = 1
14.1372 	EXP 	demo_fixation: pos = [0, 0]
14.1375 	EXP 	window1: mouseVisible = False
14.1539 	EXP 	demo_fixation: opacity = 1
14.1539 	EXP 	demo_fixation: pos = [0, 0]
14.1542 	EXP 	window1: mouseVisible = False
14.1704 	EXP 	demo_fixation: opacity = 1
14.1704 	EXP 	demo_fixation: pos = [0, 0]
14.1707 	EXP 	window1: mouseVisible = False
14.1870 	EXP 	demo_fixation: opacity = 1
14.1870 	EXP 	demo_fixation: pos = [0, 0]
14.1874 	EXP 	window1: mouseVisible = False
14.2037 	EXP 	demo_fixation: opacity = 1
14.2037 	EXP 	demo_fixation: pos = [0, 0]
14.2041 	EXP 	window1: mouseVisible = False
14.2204 	EXP 	demo_fixation: opacity = 1
14.2204 	EXP 	demo_fixation: pos = [0, 0]
14.2208 	EXP 	window1: mouseVisible = False
14.2370 	EXP 	demo_fixation: opacity = 1
14.2370 	EXP 	demo_fixation: pos = [0, 0]
14.2373 	EXP 	window1: mouseVisible = False
14.2536 	EXP 	demo_fixation: opacity = 1
14.2536 	EXP 	demo_fixation: pos = [0, 0]
14.2540 	EXP 	window1: mouseVisible = False
14.2707 	EXP 	demo_fixation: opacity = 1
14.2707 	EXP 	demo_fixation: pos = [0, 0]
14.2711 	EXP 	window1: mouseVisible = False
14.2869 	EXP 	demo_fixation: opacity = 1
14.2869 	EXP 	demo_fixation: pos = [0, 0]
14.2869 	EXP 	demo_target: autoDraw = True
14.2873 	EXP 	window1: mouseVisible = False
14.3036 	EXP 	demo_fixation: opacity = 1
14.3036 	EXP 	demo_fixation: pos = [0, 0]
14.3040 	EXP 	window1: mouseVisible = False
14.3203 	EXP 	demo_fixation: opacity = 1
14.3203 	EXP 	demo_fixation: pos = [0, 0]
14.3207 	EXP 	window1: mouseVisible = False
14.3369 	EXP 	demo_fixation: opacity = 1
14.3369 	EXP 	demo_fixation: pos = [0, 0]
14.3373 	EXP 	window1: mouseVisible = False
14.3534 	EXP 	demo_fixation: opacity = 1
14.3534 	EXP 	demo_fixation: pos = [0, 0]
14.3539 	EXP 	window1: mouseVisible = False
14.3702 	EXP 	demo_fixation: opacity = 1
14.3702 	EXP 	demo_fixation: pos = [0, 0]
14.3706 	EXP 	window1: mouseVisible = False
14.3870 	EXP 	demo_fixation: opacity = 1
14.3870 	EXP 	demo_fixation: pos = [0, 0]
14.3873 	EXP 	window1: mouseVisible = False
14.4034 	EXP 	demo_fixation: opacity = 1
14.4034 	EXP 	demo_fixation: pos = [0, 0]
14.4038 	EXP 	window1: mouseVisible = False
14.4202 	EXP 	demo_fixation: opacity = 1
14.4202 	EXP 	demo_fixation: pos = [0, 0]
14.4206 	EXP 	window1: mouseVisible = False
14.4368 	EXP 	demo_fixation: opacity = 1
14.4368 	EXP 	demo_fixation: pos = [0, 0]
14.4372 	EXP 	window1: mouseVisible = False
14.4536 	EXP 	demo_fixation: opacity = 1
14.4536 	EXP 	demo_fixation: pos = [0, 0]
14.4540 	EXP 	window1: mouseVisible = False
14.4700 	EXP 	demo_fixation: opacity = 1
14.4700 	EXP 	demo_fixation: pos = [0, 0]
14.4704 	EXP 	window1: mouseVisible = False
14.4869 	EXP 	demo_fixation: opacity = 1
14.4869 	EXP 	demo_fixation: pos = [0, 0]
14.4873 	EXP 	window1: mouseVisible = False
14.5034 	EXP 	demo_fixation: opacity = 1
14.5034 	EXP 	demo_fixation: pos = [0, 0]
14.5040 	EXP 	window1: mouseVisible = False
14.5202 	EXP 	demo_fixation: opacity = 1
14.5202 	EXP 	demo_fixation: pos = [0, 0]
14.5209 	EXP 	window1: mouseVisible = False
14.5370 	EXP 	demo_fixation: opacity = 1
14.5370 	EXP 	demo_fixation: pos = [0, 0]
14.5373 	EXP 	window1: mouseVisible = False
14.5538 	EXP 	demo_fixation: opacity = 1
14.5538 	EXP 	demo_fixation: pos = [0, 0]
14.5541 	EXP 	window1: mouseVisible = False
14.5703 	EXP 	demo_fixation: opacity = 1
14.5703 	EXP 	demo_fixation: pos = [0, 0]
14.5707 	EXP 	window1: mouseVisible = False
14.5867 	EXP 	demo_fixation: opacity = 1
14.5867 	EXP 	demo_fixation: pos = [0, 0]
14.5871 	EXP 	window1: mouseVisible = False
14.6038 	EXP 	demo_fixation: opacity = 1
14.6038 	EXP 	demo_fixation: pos = [0, 0]
14.6042 	EXP 	window1: mouseVisible = False
14.6199 	EXP 	demo_fixation: opacity = 1
14.6199 	EXP 	demo_fixation: pos = [0, 0]
14.6203 	EXP 	window1: mouseVisible = False
14.6367 	EXP 	demo_fixation: opacity = 1
14.6367 	EXP 	demo_fixation: pos = [0, 0]
14.6372 	EXP 	window1: mouseVisible = False
14.6534 	EXP 	demo_fixation: opacity = 1
14.6534 	EXP 	demo_fixation: pos = [0, 0]
14.6539 	EXP 	window1: mouseVisible = False
14.6709 	EXP 	demo_fixation: opacity = 1
14.6709 	EXP 	demo_fixation: pos = [0, 0]
14.6713 	EXP 	window1: mouseVisible = False
14.6867 	EXP 	demo_fixation: opacity = 1
14.6867 	EXP 	demo_fixation: pos = [0, 0]
14.6870 	EXP 	window1: mouseVisible = False
14.7033 	EXP 	demo_fixation: opacity = 1
14.7033 	EXP 	demo_fixation: pos = [0, 0]
14.7036 	EXP 	window1: mouseVisible = False
14.7199 	EXP 	demo_fixation: opacity = 1
14.7199 	EXP 	demo_fixation: pos = [0, 0]
14.7204 	EXP 	window1: mouseVisible = False
14.7365 	EXP 	demo_fixation: opacity = 1
14.7365 	EXP 	demo_fixation: pos = [0, 0]
14.7368 	EXP 	window1: mouseVisible = False
14.7531 	EXP 	demo_fixation: opacity = 1
14.7531 	EXP 	demo_fixation: pos = [0, 0]
14.7535 	EXP 	window1: mouseVisible = False
14.7553 	DATA 	Mouse: Left button down, pos=(960,540)
14.7698 	EXP 	demo_fixation: opacity = 0
14.7703 	EXP 	window1: mouseVisible = False
14.7864 	EXP 	demo_fixation: opacity = 0
14.7868 	EXP 	window1: mouseVisible = False
14.8032 	EXP 	demo_fixation: opacity = 0
14.8035 	EXP 	window1: mouseVisible = False
14.8199 	EXP 	demo_fixation: opacity = 0
14.8203 	EXP 	window1: mouseVisible = False
14.8365 	EXP 	demo_fixation: opacity = 0
14.8369 	EXP 	window1: mouseVisible = False
14.8532 	EXP 	demo_fixation: opacity = 0
14.8535 	EXP 	window1: mouseVisible = False
14.8698 	EXP 	demo_fixation: opacity = 0
14.8702 	EXP 	window1: mouseVisible = False
14.8864 	EXP 	demo_fixation: opacity = 0
14.8867 	EXP 	window1: mouseVisible = False
14.9030 	EXP 	demo_fixation: opacity = 0
14.9037 	EXP 	window1: mouseVisible = False
14.9198 	EXP 	demo_fixation: opacity = 0
14.9201 	EXP 	window1: mouseVisible = False
14.9364 	EXP 	demo_fixation: opacity = 0
14.9368 	EXP 	window1: mouseVisible = False
14.9530 	EXP 	demo_fixation: opacity = 0
14.9534 	EXP 	window1: mouseVisible = False
14.9697 	EXP 	demo_fixation: opacity = 0
14.9701 	EXP 	window1: mouseVisible = False
14.9864 	EXP 	demo_fixation: opacity = 0
14.9867 	EXP 	window1: mouseVisible = False
15.0030 	EXP 	demo_fixation: opacity = 0
15.0033 	EXP 	window1: mouseVisible = False
15.0197 	EXP 	demo_fixation: opacity = 0
15.0202 	EXP 	window1: mouseVisible = False
15.0364 	EXP 	demo_fixation: opacity = 0
15.0367 	EXP 	window1: mouseVisible = False
15.0530 	EXP 	demo_fixation: opacity = 0
15.0533 	EXP 	window1: mouseVisible = False
15.0695 	EXP 	demo_fixation: opacity = 0
15.0699 	EXP 	window1: mouseVisible = False
15.0862 	EXP 	demo_fixation: opacity = 0
15.0866 	EXP 	window1: mouseVisible = False
15.1030 	EXP 	demo_fixation: opacity = 0
15.1034 	EXP 	window1: mouseVisible = False
15.1196 	EXP 	demo_fixation: opacity = 0
15.1199 	EXP 	window1: mouseVisible = False
15.1363 	EXP 	demo_fixation: opacity = 0
15.1367 	EXP 	window1: mouseVisible = False
15.1528 	EXP 	demo_fixation: opacity = 0
15.1532 	EXP 	window1: mouseVisible = False
15.1694 	EXP 	demo_fixation: opacity = 0
15.1697 	EXP 	window1: mouseVisible = False
15.1862 	EXP 	demo_fixation: opacity = 0
15.1865 	EXP 	window1: mouseVisible = False
15.2027 	EXP 	demo_fixation: opacity = 0
15.2032 	EXP 	window1: mouseVisible = False
15.2198 	EXP 	demo_fixation: opacity = 0
15.2201 	EXP 	window1: mouseVisible = False
15.2363 	EXP 	demo_fixation: opacity = 0
15.2367 	EXP 	window1: mouseVisible = False
15.2533 	EXP 	demo_fixation: opacity = 0
15.2540 	EXP 	window1: mouseVisible = False
15.2694 	EXP 	demo_fixation: opacity = 0
15.2699 	EXP 	window1: mouseVisible = False
15.2861 	EXP 	demo_fixation: opacity = 0
15.2865 	EXP 	window1: mouseVisible = False
15.3027 	EXP 	demo_fixation: opacity = 0
15.3030 	EXP 	window1: mouseVisible = False
15.3194 	EXP 	demo_fixation: opacity = 0
15.3199 	EXP 	window1: mouseVisible = False
15.3360 	EXP 	demo_fixation: opacity = 0
15.3363 	EXP 	window1: mouseVisible = False
15.3525 	EXP 	demo_fixation: opacity = 0
15.3528 	EXP 	window1: mouseVisible = False
15.3692 	EXP 	demo_fixation: opacity = 0
15.3696 	EXP 	window1: mouseVisible = False
15.4512 	EXP 	demo_fixation: opacity = 0
15.4512 	EXP 	demo_fixation: pos = array([0.30092593, 0.28518519])
15.4512 	EXP 	demo_fixation: opacity = 1
15.4512 	EXP 	demo_enclosing_1: autoDraw = False
15.4512 	EXP 	demo_enclosing: autoDraw = False
15.4512 	EXP 	demo_target: autoDraw = False
15.4512 	EXP 	demo_fixation: autoDraw = False
15.4512 	EXP 	demo_fixation: opacity = 1
15.4512 	EXP 	demo_target_feedback: pos = array([0.3, 0.3])
15.4512 	EXP 	demo_fixation_feedback: pos = array([0.30092593, 0.28518519])
15.4512 	EXP 	text_4: text = 'Your score: 3.1147428674267195'
15.4512 	EXP 	demo_enclosing_feedback_1: autoDraw = True
15.4512 	EXP 	demo_enclosing_feedback: autoDraw = True
15.4512 	EXP 	demo_target_feedback: autoDraw = True
15.4512 	EXP 	demo_fixation_feedback: autoDraw = True
15.4512 	EXP 	text_4: autoDraw = True
15.8935 	DATA 	Mouse:  Left button up, pos=(1394,947)
15.9521 	EXP 	demo_enclosing_feedback_1: autoDraw = False
15.9521 	EXP 	demo_enclosing_feedback: autoDraw = False
15.9521 	EXP 	demo_target_feedback: autoDraw = False
15.9521 	EXP 	demo_fixation_feedback: autoDraw = False
16.3900 	EXP 	New trial (rep=0, index=1): OrderedDict([('target_x', -0.3), ('target_y', 0.3), ('rotation', 0)])
16.3920 	EXP 	window1: mouseVisible = False
16.4054 	EXP 	demo_enclosing_feedback_1: autoDraw = False
16.4054 	EXP 	demo_enclosing_feedback: autoDraw = False
16.4054 	EXP 	demo_target_feedback: autoDraw = False
16.4054 	EXP 	demo_fixation_feedback: autoDraw = False
16.4054 	EXP 	text_4: autoDraw = False
16.4054 	EXP 	demo_fixation: opacity = 1
16.4054 	EXP 	demo_fixation: pos = [0, 0]
16.4054 	EXP 	demo_target: pos = array([-0.3,  0.3])
16.4054 	EXP 	demo_fixation: pos = array([0., 0.])
16.4054 	EXP 	demo_fixation: opacity = 1
16.4054 	EXP 	demo_fixation: pos = [0, 0]
16.4054 	EXP 	demo_enclosing_1: autoDraw = True
16.4054 	EXP 	demo_enclosing: autoDraw = True
16.4054 	EXP 	demo_fixation: autoDraw = True
16.4059 	EXP 	window1: mouseVisible = False
16.4187 	EXP 	demo_fixation: opacity = 1
16.4187 	EXP 	demo_fixation: pos = [0, 0]
16.4191 	EXP 	window1: mouseVisible = False
16.4354 	EXP 	demo_fixation: opacity = 1
16.4354 	EXP 	demo_fixation: pos = [0, 0]
16.4358 	EXP 	window1: mouseVisible = False
16.4517 	EXP 	demo_fixation: opacity = 1
16.4517 	EXP 	demo_fixation: pos = [0, 0]
16.4520 	EXP 	window1: mouseVisible = False
16.4683 	EXP 	demo_fixation: opacity = 1
16.4683 	EXP 	demo_fixation: pos = [0, 0]
16.4687 	EXP 	window1: mouseVisible = False
16.4852 	EXP 	demo_fixation: opacity = 1
16.4852 	EXP 	demo_fixation: pos = [0, 0]
16.4855 	EXP 	window1: mouseVisible = False
16.5020 	EXP 	demo_fixation: opacity = 1
16.5020 	EXP 	demo_fixation: pos = [0, 0]
16.5024 	EXP 	window1: mouseVisible = False
16.5185 	EXP 	demo_fixation: opacity = 1
16.5185 	EXP 	demo_fixation: pos = [0, 0]
16.5191 	EXP 	window1: mouseVisible = False
16.5350 	EXP 	demo_fixation: opacity = 1
16.5350 	EXP 	demo_fixation: pos = [0, 0]
16.5354 	EXP 	window1: mouseVisible = False
16.5516 	EXP 	demo_fixation: opacity = 1
16.5516 	EXP 	demo_fixation: pos = [0, 0]
16.5519 	EXP 	window1: mouseVisible = False
16.5682 	EXP 	demo_fixation: opacity = 1
16.5682 	EXP 	demo_fixation: pos = [0, 0]
16.5686 	EXP 	window1: mouseVisible = False
16.5847 	EXP 	demo_fixation: opacity = 1
16.5847 	EXP 	demo_fixation: pos = [0, 0]
16.5851 	EXP 	window1: mouseVisible = False
16.6015 	EXP 	demo_fixation: opacity = 1
16.6015 	EXP 	demo_fixation: pos = [0, 0]
16.6019 	EXP 	window1: mouseVisible = False
16.6182 	EXP 	demo_fixation: opacity = 1
16.6182 	EXP 	demo_fixation: pos = [0, 0]
16.6186 	EXP 	window1: mouseVisible = False
16.6347 	EXP 	demo_fixation: opacity = 1
16.6347 	EXP 	demo_fixation: pos = [0, 0]
16.6351 	EXP 	window1: mouseVisible = False
16.6515 	EXP 	demo_fixation: opacity = 1
16.6515 	EXP 	demo_fixation: pos = [0, 0]
16.6518 	EXP 	window1: mouseVisible = False
16.6680 	EXP 	demo_fixation: opacity = 1
16.6680 	EXP 	demo_fixation: pos = [0, 0]
16.6683 	EXP 	window1: mouseVisible = False
16.6846 	EXP 	demo_fixation: opacity = 1
16.6846 	EXP 	demo_fixation: pos = [0, 0]
16.6850 	EXP 	window1: mouseVisible = False
16.7014 	EXP 	demo_fixation: opacity = 1
16.7014 	EXP 	demo_fixation: pos = [0, 0]
16.7017 	EXP 	window1: mouseVisible = False
16.7181 	EXP 	demo_fixation: opacity = 1
16.7181 	EXP 	demo_fixation: pos = [0, 0]
16.7184 	EXP 	window1: mouseVisible = False
16.7346 	EXP 	demo_fixation: opacity = 1
16.7346 	EXP 	demo_fixation: pos = [0, 0]
16.7350 	EXP 	window1: mouseVisible = False
16.7513 	EXP 	demo_fixation: opacity = 1
16.7513 	EXP 	demo_fixation: pos = [0, 0]
16.7517 	EXP 	window1: mouseVisible = False
16.7679 	EXP 	demo_fixation: opacity = 1
16.7679 	EXP 	demo_fixation: pos = [0, 0]
16.7683 	EXP 	window1: mouseVisible = False
16.7847 	EXP 	demo_fixation: opacity = 1
16.7847 	EXP 	demo_fixation: pos = [0, 0]
16.7850 	EXP 	window1: mouseVisible = False
16.8014 	EXP 	demo_fixation: opacity = 1
16.8014 	EXP 	demo_fixation: pos = [0, 0]
16.8017 	EXP 	window1: mouseVisible = False
16.8180 	EXP 	demo_fixation: opacity = 1
16.8180 	EXP 	demo_fixation: pos = [0, 0]
16.8183 	EXP 	window1: mouseVisible = False
16.8345 	EXP 	demo_fixation: opacity = 1
16.8345 	EXP 	demo_fixation: pos = [0, 0]
16.8349 	EXP 	window1: mouseVisible = False
16.8512 	EXP 	demo_fixation: opacity = 1
16.8512 	EXP 	demo_fixation: pos = [0, 0]
16.8516 	EXP 	window1: mouseVisible = False
16.8679 	EXP 	demo_fixation: opacity = 1
16.8679 	EXP 	demo_fixation: pos = [0, 0]
16.8683 	EXP 	window1: mouseVisible = False
16.8846 	EXP 	demo_fixation: opacity = 1
16.8846 	EXP 	demo_fixation: pos = [0, 0]
16.8849 	EXP 	window1: mouseVisible = False
16.9011 	EXP 	demo_fixation: opacity = 1
16.9011 	EXP 	demo_fixation: pos = [0, 0]
16.9014 	EXP 	window1: mouseVisible = False
16.9178 	EXP 	demo_fixation: opacity = 1
16.9178 	EXP 	demo_fixation: pos = [0, 0]
16.9182 	EXP 	window1: mouseVisible = False
16.9347 	EXP 	demo_fixation: opacity = 1
16.9347 	EXP 	demo_fixation: pos = [0, 0]
16.9352 	EXP 	window1: mouseVisible = False
16.9510 	EXP 	demo_fixation: opacity = 1
16.9510 	EXP 	demo_fixation: pos = [0, 0]
16.9513 	EXP 	window1: mouseVisible = False
16.9677 	EXP 	demo_fixation: opacity = 1
16.9677 	EXP 	demo_fixation: pos = [0, 0]
16.9681 	EXP 	window1: mouseVisible = False
16.9844 	EXP 	demo_fixation: opacity = 1
16.9844 	EXP 	demo_fixation: pos = [0, 0]
16.9848 	EXP 	window1: mouseVisible = False
17.0011 	EXP 	demo_fixation: opacity = 1
17.0011 	EXP 	demo_fixation: pos = [0, 0]
17.0014 	EXP 	window1: mouseVisible = False
17.0177 	EXP 	demo_fixation: opacity = 1
17.0177 	EXP 	demo_fixation: pos = [0, 0]
17.0181 	EXP 	window1: mouseVisible = False
17.0352 	EXP 	demo_fixation: opacity = 1
17.0352 	EXP 	demo_fixation: pos = [0, 0]
17.0356 	EXP 	window1: mouseVisible = False
17.0510 	EXP 	demo_fixation: opacity = 1
17.0510 	EXP 	demo_fixation: pos = [0, 0]
17.0514 	EXP 	window1: mouseVisible = False
17.0677 	EXP 	demo_fixation: opacity = 1
17.0677 	EXP 	demo_fixation: pos = [0, 0]
17.0680 	EXP 	window1: mouseVisible = False
17.0844 	EXP 	demo_fixation: opacity = 1
17.0844 	EXP 	demo_fixation: pos = [0, 0]
17.0847 	EXP 	window1: mouseVisible = False
17.1010 	EXP 	demo_fixation: opacity = 1
17.1010 	EXP 	demo_fixation: pos = [0, 0]
17.1014 	EXP 	window1: mouseVisible = False
17.1176 	EXP 	demo_fixation: opacity = 1
17.1176 	EXP 	demo_fixation: pos = [0, 0]
17.1180 	EXP 	window1: mouseVisible = False
17.1342 	EXP 	demo_fixation: opacity = 1
17.1342 	EXP 	demo_fixation: pos = [0, 0]
17.1345 	EXP 	window1: mouseVisible = False
17.1511 	EXP 	demo_fixation: opacity = 1
17.1511 	EXP 	demo_fixation: pos = [0, 0]
17.1514 	EXP 	window1: mouseVisible = False
17.1677 	EXP 	demo_fixation: opacity = 1
17.1677 	EXP 	demo_fixation: pos = [0, 0]
17.1680 	EXP 	window1: mouseVisible = False
17.1841 	EXP 	demo_fixation: opacity = 1
17.1841 	EXP 	demo_fixation: pos = [0, 0]
17.1845 	EXP 	window1: mouseVisible = False
17.2009 	EXP 	demo_fixation: opacity = 1
17.2009 	EXP 	demo_fixation: pos = [0, 0]
17.2012 	EXP 	window1: mouseVisible = False
17.2176 	EXP 	demo_fixation: opacity = 1
17.2176 	EXP 	demo_fixation: pos = [0, 0]
17.2180 	EXP 	window1: mouseVisible = False
17.2343 	EXP 	demo_fixation: opacity = 1
17.2343 	EXP 	demo_fixation: pos = [0, 0]
17.2346 	EXP 	window1: mouseVisible = False
17.2508 	EXP 	demo_fixation: opacity = 1
17.2508 	EXP 	demo_fixation: pos = [0, 0]
17.2511 	EXP 	window1: mouseVisible = False
17.2676 	EXP 	demo_fixation: opacity = 1
17.2676 	EXP 	demo_fixation: pos = [0, 0]
17.2679 	EXP 	window1: mouseVisible = False
17.2846 	EXP 	demo_fixation: opacity = 1
17.2846 	EXP 	demo_fixation: pos = [0, 0]
17.2850 	EXP 	window1: mouseVisible = False
17.3008 	EXP 	demo_fixation: opacity = 1
17.3008 	EXP 	demo_fixation: pos = [0, 0]
17.3011 	EXP 	window1: mouseVisible = False
17.3174 	EXP 	demo_fixation: opacity = 1
17.3174 	EXP 	demo_fixation: pos = [0, 0]
17.3178 	EXP 	window1: mouseVisible = False
17.3340 	EXP 	demo_fixation: opacity = 1
17.3340 	EXP 	demo_fixation: pos = [0, 0]
17.3344 	EXP 	window1: mouseVisible = False
17.3507 	EXP 	demo_fixation: opacity = 1
17.3507 	EXP 	demo_fixation: pos = [0, 0]
17.3510 	EXP 	window1: mouseVisible = False
17.3675 	EXP 	demo_fixation: opacity = 1
17.3675 	EXP 	demo_fixation: pos = [0, 0]
17.3679 	EXP 	window1: mouseVisible = False
17.3839 	EXP 	demo_fixation: opacity = 1
17.3839 	EXP 	demo_fixation: pos = [0, 0]
17.3843 	EXP 	window1: mouseVisible = False
17.4008 	EXP 	demo_fixation: opacity = 1
17.4008 	EXP 	demo_fixation: pos = [0, 0]
17.4012 	EXP 	window1: mouseVisible = False
17.4175 	EXP 	demo_fixation: opacity = 1
17.4175 	EXP 	demo_fixation: pos = [0, 0]
17.4178 	EXP 	window1: mouseVisible = False
17.4339 	EXP 	demo_fixation: opacity = 1
17.4339 	EXP 	demo_fixation: pos = [0, 0]
17.4343 	EXP 	window1: mouseVisible = False
17.4506 	EXP 	demo_fixation: opacity = 1
17.4506 	EXP 	demo_fixation: pos = [0, 0]
17.4509 	EXP 	window1: mouseVisible = False
17.4676 	EXP 	demo_fixation: opacity = 1
17.4676 	EXP 	demo_fixation: pos = [0, 0]
17.4676 	EXP 	demo_target: autoDraw = True
17.4680 	EXP 	window1: mouseVisible = False
17.4839 	EXP 	demo_fixation: opacity = 1
17.4839 	EXP 	demo_fixation: pos = [0, 0]
17.4843 	EXP 	window1: mouseVisible = False
17.5014 	EXP 	demo_fixation: opacity = 1
17.5014 	EXP 	demo_fixation: pos = [0, 0]
17.5018 	EXP 	window1: mouseVisible = False
17.5172 	EXP 	demo_fixation: opacity = 1
17.5172 	EXP 	demo_fixation: pos = [0, 0]
17.5176 	EXP 	window1: mouseVisible = False
17.5344 	EXP 	demo_fixation: opacity = 1
17.5344 	EXP 	demo_fixation: pos = [0, 0]
17.5349 	EXP 	window1: mouseVisible = False
17.5505 	EXP 	demo_fixation: opacity = 1
17.5505 	EXP 	demo_fixation: pos = [0, 0]
17.5509 	EXP 	window1: mouseVisible = False
17.5674 	EXP 	demo_fixation: opacity = 1
17.5674 	EXP 	demo_fixation: pos = [0, 0]
17.5677 	EXP 	window1: mouseVisible = False
17.5838 	EXP 	demo_fixation: opacity = 1
17.5838 	EXP 	demo_fixation: pos = [0, 0]
17.5842 	EXP 	window1: mouseVisible = False
17.6004 	EXP 	demo_fixation: opacity = 1
17.6004 	EXP 	demo_fixation: pos = [0, 0]
17.6008 	EXP 	window1: mouseVisible = False
17.6170 	EXP 	demo_fixation: opacity = 1
17.6170 	EXP 	demo_fixation: pos = [0, 0]
17.6174 	EXP 	window1: mouseVisible = False
17.6337 	EXP 	demo_fixation: opacity = 1
17.6337 	EXP 	demo_fixation: pos = [0, 0]
17.6341 	EXP 	window1: mouseVisible = False
17.6505 	EXP 	demo_fixation: opacity = 1
17.6505 	EXP 	demo_fixation: pos = [0, 0]
17.6509 	EXP 	window1: mouseVisible = False
17.6683 	EXP 	demo_fixation: opacity = 1
17.6683 	EXP 	demo_fixation: pos = [0, 0]
17.6686 	EXP 	window1: mouseVisible = False
17.6837 	EXP 	demo_fixation: opacity = 1
17.6837 	EXP 	demo_fixation: pos = [0, 0]
17.6841 	EXP 	window1: mouseVisible = False
17.7003 	EXP 	demo_fixation: opacity = 1
17.7003 	EXP 	demo_fixation: pos = [0, 0]
17.7007 	EXP 	window1: mouseVisible = False
17.7171 	EXP 	demo_fixation: opacity = 1
17.7171 	EXP 	demo_fixation: pos = [0, 0]
17.7175 	EXP 	window1: mouseVisible = False
17.7337 	EXP 	demo_fixation: opacity = 1
17.7337 	EXP 	demo_fixation: pos = [0, 0]
17.7341 	EXP 	window1: mouseVisible = False
17.7507 	EXP 	demo_fixation: opacity = 1
17.7507 	EXP 	demo_fixation: pos = [0, 0]
17.7511 	EXP 	window1: mouseVisible = False
17.7670 	EXP 	demo_fixation: opacity = 1
17.7670 	EXP 	demo_fixation: pos = [0, 0]
17.7674 	EXP 	window1: mouseVisible = False
17.7834 	EXP 	demo_fixation: opacity = 1
17.7834 	EXP 	demo_fixation: pos = [0, 0]
17.7838 	EXP 	window1: mouseVisible = False
17.8004 	EXP 	demo_fixation: opacity = 1
17.8004 	EXP 	demo_fixation: pos = [0, 0]
17.8007 	EXP 	window1: mouseVisible = False
17.8170 	EXP 	demo_fixation: opacity = 1
17.8170 	EXP 	demo_fixation: pos = [0, 0]
17.8173 	EXP 	window1: mouseVisible = False
17.8336 	EXP 	demo_fixation: opacity = 1
17.8336 	EXP 	demo_fixation: pos = [0, 0]
17.8339 	EXP 	window1: mouseVisible = False
17.8502 	EXP 	demo_fixation: opacity = 1
17.8502 	EXP 	demo_fixation: pos = [0, 0]
17.8506 	EXP 	window1: mouseVisible = False
17.8669 	EXP 	demo_fixation: opacity = 1
17.8669 	EXP 	demo_fixation: pos = [0, 0]
17.8673 	EXP 	window1: mouseVisible = False
17.8837 	EXP 	demo_fixation: opacity = 1
17.8837 	EXP 	demo_fixation: pos = [0, 0]
17.8840 	EXP 	window1: mouseVisible = False
17.9003 	EXP 	demo_fixation: opacity = 1
17.9003 	EXP 	demo_fixation: pos = [0, 0]
17.9006 	EXP 	window1: mouseVisible = False
17.9169 	EXP 	demo_fixation: opacity = 1
17.9169 	EXP 	demo_fixation: pos = [0, 0]
17.9173 	EXP 	window1: mouseVisible = False
17.9337 	EXP 	demo_fixation: opacity = 1
17.9337 	EXP 	demo_fixation: pos = [0, 0]
17.9341 	EXP 	window1: mouseVisible = False
17.9502 	EXP 	demo_fixation: opacity = 1
17.9502 	EXP 	demo_fixation: pos = [0, 0]
17.9506 	EXP 	window1: mouseVisible = False
17.9668 	EXP 	demo_fixation: opacity = 1
17.9668 	EXP 	demo_fixation: pos = [0, 0]
17.9672 	EXP 	window1: mouseVisible = False
17.9834 	EXP 	demo_fixation: opacity = 1
17.9834 	EXP 	demo_fixation: pos = [0, 0]
17.9838 	EXP 	window1: mouseVisible = False
18.0001 	EXP 	demo_fixation: opacity = 1
18.0001 	EXP 	demo_fixation: pos = [0, 0]
18.0005 	EXP 	window1: mouseVisible = False
18.0167 	EXP 	demo_fixation: opacity = 1
18.0167 	EXP 	demo_fixation: pos = [0, 0]
18.0171 	EXP 	window1: mouseVisible = False
18.0336 	EXP 	demo_fixation: opacity = 1
18.0336 	EXP 	demo_fixation: pos = [0, 0]
18.0340 	EXP 	window1: mouseVisible = False
18.0501 	EXP 	demo_fixation: opacity = 1
18.0501 	EXP 	demo_fixation: pos = [0, 0]
18.0505 	EXP 	window1: mouseVisible = False
18.0667 	EXP 	demo_fixation: opacity = 1
18.0667 	EXP 	demo_fixation: pos = [0, 0]
18.0671 	EXP 	window1: mouseVisible = False
18.0834 	EXP 	demo_fixation: opacity = 1
18.0834 	EXP 	demo_fixation: pos = [0, 0]
18.0837 	EXP 	window1: mouseVisible = False
18.1000 	EXP 	demo_fixation: opacity = 1
18.1000 	EXP 	demo_fixation: pos = [0, 0]
18.1004 	EXP 	window1: mouseVisible = False
18.1167 	EXP 	demo_fixation: opacity = 1
18.1167 	EXP 	demo_fixation: pos = [0, 0]
18.1172 	EXP 	window1: mouseVisible = False
18.1334 	EXP 	demo_fixation: opacity = 1
18.1334 	EXP 	demo_fixation: pos = [0, 0]
18.1338 	EXP 	window1: mouseVisible = False
18.1499 	EXP 	demo_fixation: opacity = 1
18.1499 	EXP 	demo_fixation: pos = [0, 0]
18.1503 	EXP 	window1: mouseVisible = False
18.1665 	EXP 	demo_fixation: opacity = 1
18.1665 	EXP 	demo_fixation: pos = [0, 0]
18.1669 	EXP 	window1: mouseVisible = False
18.1697 	DATA 	Mouse: Left button down, pos=(960,540)
18.1831 	EXP 	demo_fixation: opacity = 0
18.1835 	EXP 	window1: mouseVisible = False
18.2000 	EXP 	demo_fixation: opacity = 0
18.2003 	EXP 	window1: mouseVisible = False
18.2165 	EXP 	demo_fixation: opacity = 0
18.2168 	EXP 	window1: mouseVisible = False
18.2332 	EXP 	demo_fixation: opacity = 0
18.2335 	EXP 	window1: mouseVisible = False
18.2500 	EXP 	demo_fixation: opacity = 0
18.2503 	EXP 	window1: mouseVisible = False
18.2666 	EXP 	demo_fixation: opacity = 0
18.2670 	EXP 	window1: mouseVisible = False
18.2838 	EXP 	demo_fixation: opacity = 0
18.2842 	EXP 	window1: mouseVisible = False
18.2997 	EXP 	demo_fixation: opacity = 0
18.3001 	EXP 	window1: mouseVisible = False
18.3166 	EXP 	demo_fixation: opacity = 0
18.3169 	EXP 	window1: mouseVisible = False
18.3332 	EXP 	demo_fixation: opacity = 0
18.3335 	EXP 	window1: mouseVisible = False
18.3497 	EXP 	demo_fixation: opacity = 0
18.3501 	EXP 	window1: mouseVisible = False
18.3666 	EXP 	demo_fixation: opacity = 0
18.3669 	EXP 	window1: mouseVisible = False
18.3831 	EXP 	demo_fixation: opacity = 0
18.3834 	EXP 	window1: mouseVisible = False
18.3998 	EXP 	demo_fixation: opacity = 0
18.4002 	EXP 	window1: mouseVisible = False
18.4165 	EXP 	demo_fixation: opacity = 0
18.4171 	EXP 	window1: mouseVisible = False
18.4331 	EXP 	demo_fixation: opacity = 0
18.4334 	EXP 	window1: mouseVisible = False
18.4499 	EXP 	demo_fixation: opacity = 0
18.4503 	EXP 	window1: mouseVisible = False
18.4663 	EXP 	demo_fixation: opacity = 0
18.4666 	EXP 	window1: mouseVisible = False
18.4830 	EXP 	demo_fixation: opacity = 0
18.4833 	EXP 	window1: mouseVisible = False
18.4997 	EXP 	demo_fixation: opacity = 0
18.5001 	EXP 	window1: mouseVisible = False
18.5163 	EXP 	demo_fixation: opacity = 0
18.5166 	EXP 	window1: mouseVisible = False
18.5343 	EXP 	demo_fixation: opacity = 0
18.5347 	EXP 	window1: mouseVisible = False
18.5495 	EXP 	demo_fixation: opacity = 0
18.5499 	EXP 	window1: mouseVisible = False
18.5664 	EXP 	demo_fixation: opacity = 0
18.5667 	EXP 	window1: mouseVisible = False
18.5830 	EXP 	demo_fixation: opacity = 0
18.5833 	EXP 	window1: mouseVisible = False
18.5996 	EXP 	demo_fixation: opacity = 0
18.6000 	EXP 	window1: mouseVisible = False
18.6163 	EXP 	demo_fixation: opacity = 0
18.6167 	EXP 	window1: mouseVisible = False
18.6332 	EXP 	demo_fixation: opacity = 0
18.6335 	EXP 	window1: mouseVisible = False
18.6494 	EXP 	demo_fixation: opacity = 0
18.6498 	EXP 	window1: mouseVisible = False
18.6662 	EXP 	demo_fixation: opacity = 0
18.6665 	EXP 	window1: mouseVisible = False
18.6828 	EXP 	demo_fixation: opacity = 0
18.6832 	EXP 	window1: mouseVisible = False
18.7281 	EXP 	demo_fixation: opacity = 0
18.7281 	EXP 	demo_fixation: pos = array([-0.41018519,  0.07685185])
18.7281 	EXP 	demo_fixation: opacity = 1
18.7281 	EXP 	demo_enclosing_1: autoDraw = False
18.7281 	EXP 	demo_enclosing: autoDraw = False
18.7281 	EXP 	demo_target: autoDraw = False
18.7281 	EXP 	demo_fixation: autoDraw = False
18.7281 	EXP 	demo_fixation: opacity = 1
18.7281 	EXP 	demo_target_feedback: pos = array([-0.3,  0.3])
18.7281 	EXP 	demo_fixation_feedback: pos = array([-0.41018519,  0.07685185])
18.7281 	EXP 	text_4: text = 'Your score: 2.541406144700264'
18.7281 	EXP 	demo_enclosing_feedback_1: autoDraw = True
18.7281 	EXP 	demo_enclosing_feedback: autoDraw = True
18.7281 	EXP 	demo_target_feedback: autoDraw = True
18.7281 	EXP 	demo_fixation_feedback: autoDraw = True
18.7281 	EXP 	text_4: autoDraw = True
19.0898 	DATA 	Mouse:  Left button up, pos=(381,665)
19.2322 	EXP 	demo_enclosing_feedback_1: autoDraw = False
19.2322 	EXP 	demo_enclosing_feedback: autoDraw = False
19.2322 	EXP 	demo_target_feedback: autoDraw = False
19.2322 	EXP 	demo_fixation_feedback: autoDraw = False
19.7024 	EXP 	New trial (rep=0, index=2): OrderedDict([('target_x', -0.3), ('target_y', -0.3), ('rotation', 0)])
19.7043 	EXP 	window1: mouseVisible = False
19.7174 	EXP 	demo_enclosing_feedback_1: autoDraw = False
19.7174 	EXP 	demo_enclosing_feedback: autoDraw = False
19.7174 	EXP 	demo_target_feedback: autoDraw = False
19.7174 	EXP 	demo_fixation_feedback: autoDraw = False
19.7174 	EXP 	text_4: autoDraw = False
19.7174 	EXP 	demo_fixation: opacity = 1
19.7174 	EXP 	demo_fixation: pos = [0, 0]
19.7174 	EXP 	demo_target: pos = array([-0.3, -0.3])
19.7174 	EXP 	demo_fixation: pos = array([0., 0.])
19.7174 	EXP 	demo_fixation: opacity = 1
19.7174 	EXP 	demo_fixation: pos = [0, 0]
19.7174 	EXP 	demo_enclosing_1: autoDraw = True
19.7174 	EXP 	demo_enclosing: autoDraw = True
19.7174 	EXP 	demo_fixation: autoDraw = True
19.7178 	EXP 	window1: mouseVisible = False
19.7319 	EXP 	demo_fixation: opacity = 1
19.7319 	EXP 	demo_fixation: pos = [0, 0]
19.7323 	EXP 	window1: mouseVisible = False
19.7484 	EXP 	demo_fixation: opacity = 1
19.7484 	EXP 	demo_fixation: pos = [0, 0]
19.7488 	EXP 	window1: mouseVisible = False
19.7650 	EXP 	demo_fixation: opacity = 1
19.7650 	EXP 	demo_fixation: pos = [0, 0]
19.7654 	EXP 	window1: mouseVisible = False
19.7818 	EXP 	demo_fixation: opacity = 1
19.7818 	EXP 	demo_fixation: pos = [0, 0]
19.7822 	EXP 	window1: mouseVisible = False
19.7984 	EXP 	demo_fixation: opacity = 1
19.7984 	EXP 	demo_fixation: pos = [0, 0]
19.7987 	EXP 	window1: mouseVisible = False
19.8152 	EXP 	demo_fixation: opacity = 1
19.8152 	EXP 	demo_fixation: pos = [0, 0]
19.8156 	EXP 	window1: mouseVisible = False
19.8318 	EXP 	demo_fixation: opacity = 1
19.8318 	EXP 	demo_fixation: pos = [0, 0]
19.8321 	EXP 	window1: mouseVisible = False
19.8483 	EXP 	demo_fixation: opacity = 1
19.8483 	EXP 	demo_fixation: pos = [0, 0]
19.8487 	EXP 	window1: mouseVisible = False
19.8650 	EXP 	demo_fixation: opacity = 1
19.8650 	EXP 	demo_fixation: pos = [0, 0]
19.8654 	EXP 	window1: mouseVisible = False
19.8816 	EXP 	demo_fixation: opacity = 1
19.8816 	EXP 	demo_fixation: pos = [0, 0]
19.8819 	EXP 	window1: mouseVisible = False
19.8985 	EXP 	demo_fixation: opacity = 1
19.8985 	EXP 	demo_fixation: pos = [0, 0]
19.8989 	EXP 	window1: mouseVisible = False
19.9150 	EXP 	demo_fixation: opacity = 1
19.9150 	EXP 	demo_fixation: pos = [0, 0]
19.9153 	EXP 	window1: mouseVisible = False
19.9317 	EXP 	demo_fixation: opacity = 1
19.9317 	EXP 	demo_fixation: pos = [0, 0]
19.9322 	EXP 	window1: mouseVisible = False
19.9483 	EXP 	demo_fixation: opacity = 1
19.9483 	EXP 	demo_fixation: pos = [0, 0]
19.9487 	EXP 	window1: mouseVisible = False
19.9649 	EXP 	demo_fixation: opacity = 1
19.9649 	EXP 	demo_fixation: pos = [0, 0]
19.9653 	EXP 	window1: mouseVisible = False
19.9815 	EXP 	demo_fixation: opacity = 1
19.9815 	EXP 	demo_fixation: pos = [0, 0]
19.9819 	EXP 	window1: mouseVisible = False
19.9984 	EXP 	demo_fixation: opacity = 1
19.9984 	EXP 	demo_fixation: pos = [0, 0]
19.9988 	EXP 	window1: mouseVisible = False
20.0150 	EXP 	demo_fixation: opacity = 1
20.0150 	EXP 	demo_fixation: pos = [0, 0]
20.0153 	EXP 	window1: mouseVisible = False
20.0317 	EXP 	demo_fixation: opacity = 1
20.0317 	EXP 	demo_fixation: pos = [0, 0]
20.0320 	EXP 	window1: mouseVisible = False
20.0481 	EXP 	demo_fixation: opacity = 1
20.0481 	EXP 	demo_fixation: pos = [0, 0]
20.0485 	EXP 	window1: mouseVisible = False
20.0649 	EXP 	demo_fixation: opacity = 1
20.0649 	EXP 	demo_fixation: pos = [0, 0]
20.0653 	EXP 	window1: mouseVisible = False
20.0814 	EXP 	demo_fixation: opacity = 1
20.0814 	EXP 	demo_fixation: pos = [0, 0]
20.0817 	EXP 	window1: mouseVisible = False
20.0982 	EXP 	demo_fixation: opacity = 1
20.0982 	EXP 	demo_fixation: pos = [0, 0]
20.0986 	EXP 	window1: mouseVisible = False
20.1147 	EXP 	demo_fixation: opacity = 1
20.1147 	EXP 	demo_fixation: pos = [0, 0]
20.1151 	EXP 	window1: mouseVisible = False
20.1316 	EXP 	demo_fixation: opacity = 1
20.1316 	EXP 	demo_fixation: pos = [0, 0]
20.1320 	EXP 	window1: mouseVisible = False
20.1482 	EXP 	demo_fixation: opacity = 1
20.1482 	EXP 	demo_fixation: pos = [0, 0]
20.1485 	EXP 	window1: mouseVisible = False
20.1648 	EXP 	demo_fixation: opacity = 1
20.1648 	EXP 	demo_fixation: pos = [0, 0]
20.1652 	EXP 	window1: mouseVisible = False
20.1725 	DATA 	Mouse: Left button down, pos=(960,540)
20.1812 	EXP 	demo_fixation: opacity = 1
20.1812 	EXP 	demo_fixation: pos = [0, 0]
20.1815 	EXP 	window1: mouseVisible = False
20.1980 	EXP 	demo_fixation: opacity = 0
20.1984 	EXP 	window1: mouseVisible = False
20.2148 	EXP 	demo_fixation: opacity = 0
20.2151 	EXP 	window1: mouseVisible = False
20.2313 	EXP 	demo_fixation: opacity = 0
20.2313 	EXP 	demo_target: autoDraw = True
20.2316 	EXP 	window1: mouseVisible = False
20.2482 	EXP 	demo_fixation: opacity = 0
20.2486 	EXP 	window1: mouseVisible = False
20.2646 	EXP 	demo_fixation: opacity = 0
20.2649 	EXP 	window1: mouseVisible = False
20.2814 	EXP 	demo_fixation: opacity = 0
20.2817 	EXP 	window1: mouseVisible = False
20.2977 	EXP 	demo_fixation: opacity = 0
20.2981 	EXP 	window1: mouseVisible = False
20.3145 	EXP 	demo_fixation: opacity = 0
20.3149 	EXP 	window1: mouseVisible = False
20.3311 	EXP 	demo_fixation: opacity = 0
20.3315 	EXP 	window1: mouseVisible = False
20.3480 	EXP 	demo_fixation: opacity = 0
20.3483 	EXP 	window1: mouseVisible = False
20.3645 	EXP 	demo_fixation: opacity = 0
20.3648 	EXP 	window1: mouseVisible = False
20.3811 	EXP 	demo_fixation: opacity = 0
20.3814 	EXP 	window1: mouseVisible = False
20.3868 	DATA 	Mouse:  Left button up, pos=(960,540)
20.3979 	EXP 	demo_fixation: opacity = 0
20.3983 	EXP 	window1: mouseVisible = False
20.4147 	EXP 	demo_fixation: opacity = 1
20.4147 	EXP 	demo_fixation: pos = [0, 0]
20.4150 	EXP 	window1: mouseVisible = False
20.4311 	EXP 	demo_fixation: opacity = 1
20.4311 	EXP 	demo_fixation: pos = [0, 0]
20.4315 	EXP 	window1: mouseVisible = False
20.4479 	EXP 	demo_fixation: opacity = 1
20.4479 	EXP 	demo_fixation: pos = [0, 0]
20.4482 	EXP 	window1: mouseVisible = False
20.4645 	EXP 	demo_fixation: opacity = 1
20.4645 	EXP 	demo_fixation: pos = [0, 0]
20.4648 	EXP 	window1: mouseVisible = False
20.4819 	EXP 	demo_fixation: opacity = 1
20.4819 	EXP 	demo_fixation: pos = [0, 0]
20.4823 	EXP 	window1: mouseVisible = False
20.4977 	EXP 	demo_fixation: opacity = 1
20.4977 	EXP 	demo_fixation: pos = [0, 0]
20.4981 	EXP 	window1: mouseVisible = False
20.5144 	EXP 	demo_fixation: opacity = 1
20.5144 	EXP 	demo_fixation: pos = [0, 0]
20.5148 	EXP 	window1: mouseVisible = False
20.5310 	EXP 	demo_fixation: opacity = 1
20.5310 	EXP 	demo_fixation: pos = [0, 0]
20.5314 	EXP 	window1: mouseVisible = False
20.5475 	EXP 	demo_fixation: opacity = 1
20.5475 	EXP 	demo_fixation: pos = [0, 0]
20.5479 	EXP 	window1: mouseVisible = False
20.5643 	EXP 	demo_fixation: opacity = 1
20.5643 	EXP 	demo_fixation: pos = [0, 0]
20.5647 	EXP 	window1: mouseVisible = False
20.5810 	EXP 	demo_fixation: opacity = 1
20.5810 	EXP 	demo_fixation: pos = [0, 0]
20.5814 	EXP 	window1: mouseVisible = False
20.5977 	EXP 	demo_fixation: opacity = 1
20.5977 	EXP 	demo_fixation: pos = [0, 0]
20.5980 	EXP 	window1: mouseVisible = False
20.6143 	EXP 	demo_fixation: opacity = 1
20.6143 	EXP 	demo_fixation: pos = [0, 0]
20.6147 	EXP 	window1: mouseVisible = False
20.6310 	EXP 	demo_fixation: opacity = 1
20.6310 	EXP 	demo_fixation: pos = [0, 0]
20.6314 	EXP 	window1: mouseVisible = False
20.6476 	EXP 	demo_fixation: opacity = 1
20.6476 	EXP 	demo_fixation: pos = [0, 0]
20.6480 	EXP 	window1: mouseVisible = False
20.6642 	EXP 	demo_fixation: opacity = 1
20.6642 	EXP 	demo_fixation: pos = [0, 0]
20.6645 	EXP 	window1: mouseVisible = False
20.6809 	EXP 	demo_fixation: opacity = 1
20.6809 	EXP 	demo_fixation: pos = [0, 0]
20.6812 	EXP 	window1: mouseVisible = False
20.6975 	EXP 	demo_fixation: opacity = 1
20.6975 	EXP 	demo_fixation: pos = [0, 0]
20.6979 	EXP 	window1: mouseVisible = False
20.7142 	EXP 	demo_fixation: opacity = 1
20.7142 	EXP 	demo_fixation: pos = [0, 0]
20.7146 	EXP 	window1: mouseVisible = False
20.7309 	EXP 	demo_fixation: opacity = 1
20.7309 	EXP 	demo_fixation: pos = [0, 0]
20.7312 	EXP 	window1: mouseVisible = False
20.7477 	EXP 	demo_fixation: opacity = 1
20.7477 	EXP 	demo_fixation: pos = [0, 0]
20.7480 	EXP 	window1: mouseVisible = False
20.7641 	EXP 	demo_fixation: opacity = 1
20.7641 	EXP 	demo_fixation: pos = [0, 0]
20.7645 	EXP 	window1: mouseVisible = False
20.7809 	EXP 	demo_fixation: opacity = 1
20.7809 	EXP 	demo_fixation: pos = [0, 0]
20.7812 	EXP 	window1: mouseVisible = False
20.7977 	EXP 	demo_fixation: opacity = 1
20.7977 	EXP 	demo_fixation: pos = [0, 0]
20.7980 	EXP 	window1: mouseVisible = False
20.8141 	EXP 	demo_fixation: opacity = 1
20.8141 	EXP 	demo_fixation: pos = [0, 0]
20.8144 	EXP 	window1: mouseVisible = False
20.8308 	EXP 	demo_fixation: opacity = 1
20.8308 	EXP 	demo_fixation: pos = [0, 0]
20.8312 	EXP 	window1: mouseVisible = False
20.8474 	EXP 	demo_fixation: opacity = 1
20.8474 	EXP 	demo_fixation: pos = [0, 0]
20.8478 	EXP 	window1: mouseVisible = False
20.8641 	EXP 	demo_fixation: opacity = 1
20.8641 	EXP 	demo_fixation: pos = [0, 0]
20.8645 	EXP 	window1: mouseVisible = False
20.8808 	EXP 	demo_fixation: opacity = 1
20.8808 	EXP 	demo_fixation: pos = [0, 0]
20.8812 	EXP 	window1: mouseVisible = False
20.8974 	EXP 	demo_fixation: opacity = 1
20.8974 	EXP 	demo_fixation: pos = [0, 0]
20.8978 	EXP 	window1: mouseVisible = False
20.9141 	EXP 	demo_fixation: opacity = 1
20.9141 	EXP 	demo_fixation: pos = [0, 0]
20.9145 	EXP 	window1: mouseVisible = False
20.9306 	EXP 	demo_fixation: opacity = 1
20.9306 	EXP 	demo_fixation: pos = [0, 0]
20.9310 	EXP 	window1: mouseVisible = False
20.9472 	EXP 	demo_fixation: opacity = 1
20.9472 	EXP 	demo_fixation: pos = [0, 0]
20.9476 	EXP 	window1: mouseVisible = False
20.9640 	EXP 	demo_fixation: opacity = 1
20.9640 	EXP 	demo_fixation: pos = [0, 0]
20.9643 	EXP 	window1: mouseVisible = False
20.9807 	EXP 	demo_fixation: opacity = 1
20.9807 	EXP 	demo_fixation: pos = [0, 0]
20.9811 	EXP 	window1: mouseVisible = False
20.9973 	EXP 	demo_fixation: opacity = 1
20.9973 	EXP 	demo_fixation: pos = [0, 0]
20.9976 	EXP 	window1: mouseVisible = False
21.0139 	EXP 	demo_fixation: opacity = 1
21.0139 	EXP 	demo_fixation: pos = [0, 0]
21.0143 	EXP 	window1: mouseVisible = False
21.0307 	EXP 	demo_fixation: opacity = 1
21.0307 	EXP 	demo_fixation: pos = [0, 0]
21.0310 	EXP 	window1: mouseVisible = False
21.0470 	EXP 	demo_fixation: opacity = 1
21.0470 	EXP 	demo_fixation: pos = [0, 0]
21.0474 	EXP 	window1: mouseVisible = False
21.0640 	EXP 	demo_fixation: opacity = 1
21.0640 	EXP 	demo_fixation: pos = [0, 0]
21.0643 	EXP 	window1: mouseVisible = False
21.0806 	EXP 	demo_fixation: opacity = 1
21.0806 	EXP 	demo_fixation: pos = [0, 0]
21.0810 	EXP 	window1: mouseVisible = False
21.0973 	EXP 	demo_fixation: opacity = 1
21.0973 	EXP 	demo_fixation: pos = [0, 0]
21.0977 	EXP 	window1: mouseVisible = False
21.1138 	EXP 	demo_fixation: opacity = 1
21.1138 	EXP 	demo_fixation: pos = [0, 0]
21.1143 	EXP 	window1: mouseVisible = False
21.1307 	EXP 	demo_fixation: opacity = 1
21.1307 	EXP 	demo_fixation: pos = [0, 0]
21.1310 	EXP 	window1: mouseVisible = False
21.1471 	EXP 	demo_fixation: opacity = 1
21.1471 	EXP 	demo_fixation: pos = [0, 0]
21.1475 	EXP 	window1: mouseVisible = False
21.1489 	DATA 	Mouse: Left button down, pos=(960,540)
21.1638 	EXP 	demo_fixation: opacity = 0
21.1641 	EXP 	window1: mouseVisible = False
21.1804 	EXP 	demo_fixation: opacity = 0
21.1808 	EXP 	window1: mouseVisible = False
21.1972 	EXP 	demo_fixation: opacity = 0
21.1975 	EXP 	window1: mouseVisible = False
21.2139 	EXP 	demo_fixation: opacity = 0
21.2142 	EXP 	window1: mouseVisible = False
21.2304 	EXP 	demo_fixation: opacity = 0
21.2307 	EXP 	window1: mouseVisible = False
21.2471 	EXP 	demo_fixation: opacity = 0
21.2474 	EXP 	window1: mouseVisible = False
21.2636 	EXP 	demo_fixation: opacity = 0
21.2640 	EXP 	window1: mouseVisible = False
21.2803 	EXP 	demo_fixation: opacity = 0
21.2806 	EXP 	window1: mouseVisible = False
21.2974 	EXP 	demo_fixation: opacity = 0
21.2977 	EXP 	window1: mouseVisible = False
21.3136 	EXP 	demo_fixation: opacity = 0
21.3139 	EXP 	window1: mouseVisible = False
21.3305 	EXP 	demo_fixation: opacity = 0
21.3308 	EXP 	window1: mouseVisible = False
21.3471 	EXP 	demo_fixation: opacity = 0
21.3474 	EXP 	window1: mouseVisible = False
21.3636 	EXP 	demo_fixation: opacity = 0
21.3639 	EXP 	window1: mouseVisible = False
21.3803 	EXP 	demo_fixation: opacity = 0
21.3806 	EXP 	window1: mouseVisible = False
21.3970 	EXP 	demo_fixation: opacity = 0
21.3974 	EXP 	window1: mouseVisible = False
21.4135 	EXP 	demo_fixation: opacity = 0
21.4139 	EXP 	window1: mouseVisible = False
21.4302 	EXP 	demo_fixation: opacity = 0
21.4305 	EXP 	window1: mouseVisible = False
21.4468 	EXP 	demo_fixation: opacity = 0
21.4472 	EXP 	window1: mouseVisible = False
21.4636 	EXP 	demo_fixation: opacity = 0
21.4639 	EXP 	window1: mouseVisible = False
21.4807 	EXP 	demo_fixation: opacity = 0
21.4811 	EXP 	window1: mouseVisible = False
21.4975 	EXP 	demo_fixation: opacity = 0
21.4978 	EXP 	window1: mouseVisible = False
21.5135 	EXP 	demo_fixation: opacity = 0
21.5142 	EXP 	window1: mouseVisible = False
21.5303 	EXP 	demo_fixation: opacity = 0
21.5306 	EXP 	window1: mouseVisible = False
21.5469 	EXP 	demo_fixation: opacity = 0
21.5472 	EXP 	window1: mouseVisible = False
21.5635 	EXP 	demo_fixation: opacity = 0
21.5639 	EXP 	window1: mouseVisible = False
21.5807 	EXP 	demo_fixation: opacity = 0
21.5810 	EXP 	window1: mouseVisible = False
21.5967 	EXP 	demo_fixation: opacity = 0
21.5971 	EXP 	window1: mouseVisible = False
21.6136 	EXP 	demo_fixation: opacity = 0
21.6139 	EXP 	window1: mouseVisible = False
21.6300 	EXP 	demo_fixation: opacity = 0
21.6303 	EXP 	window1: mouseVisible = False
21.6467 	EXP 	demo_fixation: opacity = 0
21.6471 	EXP 	window1: mouseVisible = False
21.6893 	EXP 	demo_fixation: opacity = 0
21.6893 	EXP 	demo_fixation: pos = array([ 0.17407407, -0.38518519])
21.6893 	EXP 	demo_fixation: opacity = 1
21.6893 	EXP 	demo_enclosing_1: autoDraw = False
21.6893 	EXP 	demo_enclosing: autoDraw = False
21.6893 	EXP 	demo_target: autoDraw = False
21.6893 	EXP 	demo_fixation: autoDraw = False
21.6893 	EXP 	demo_fixation: opacity = 1
21.6893 	EXP 	demo_target_feedback: pos = array([-0.3, -0.3])
21.6893 	EXP 	demo_fixation_feedback: pos = array([ 0.17407407, -0.38518519])
21.6893 	EXP 	text_4: text = 'Your score: 1.9317424831185934'
21.6893 	EXP 	demo_enclosing_feedback_1: autoDraw = True
21.6893 	EXP 	demo_enclosing_feedback: autoDraw = True
21.6893 	EXP 	demo_target_feedback: autoDraw = True
21.6893 	EXP 	demo_fixation_feedback: autoDraw = True
21.6893 	EXP 	text_4: autoDraw = True
22.0187 	DATA 	Mouse:  Left button up, pos=(1199,1)
22.1962 	EXP 	demo_enclosing_feedback_1: autoDraw = False
22.1962 	EXP 	demo_enclosing_feedback: autoDraw = False
22.1962 	EXP 	demo_target_feedback: autoDraw = False
22.1962 	EXP 	demo_fixation_feedback: autoDraw = False
22.6663 	EXP 	New trial (rep=0, index=3): OrderedDict([('target_x', 0.3), ('target_y', -0.3), ('rotation', 0)])
22.6683 	EXP 	window1: mouseVisible = False
22.6814 	EXP 	demo_enclosing_feedback_1: autoDraw = False
22.6814 	EXP 	demo_enclosing_feedback: autoDraw = False
22.6814 	EXP 	demo_target_feedback: autoDraw = False
22.6814 	EXP 	demo_fixation_feedback: autoDraw = False
22.6814 	EXP 	text_4: autoDraw = False
22.6814 	EXP 	demo_fixation: opacity = 1
22.6814 	EXP 	demo_fixation: pos = [0, 0]
22.6814 	EXP 	demo_target: pos = array([ 0.3, -0.3])
22.6814 	EXP 	demo_fixation: pos = array([0., 0.])
22.6814 	EXP 	demo_fixation: opacity = 1
22.6814 	EXP 	demo_fixation: pos = [0, 0]
22.6814 	EXP 	demo_enclosing_1: autoDraw = True
22.6814 	EXP 	demo_enclosing: autoDraw = True
22.6814 	EXP 	demo_fixation: autoDraw = True
22.6819 	EXP 	window1: mouseVisible = False
22.6956 	EXP 	demo_fixation: opacity = 1
22.6956 	EXP 	demo_fixation: pos = [0, 0]
22.6959 	EXP 	window1: mouseVisible = False
22.7125 	EXP 	demo_fixation: opacity = 1
22.7125 	EXP 	demo_fixation: pos = [0, 0]
22.7129 	EXP 	window1: mouseVisible = False
22.7291 	EXP 	demo_fixation: opacity = 1
22.7291 	EXP 	demo_fixation: pos = [0, 0]
22.7294 	EXP 	window1: mouseVisible = False
22.7458 	EXP 	demo_fixation: opacity = 1
22.7458 	EXP 	demo_fixation: pos = [0, 0]
22.7461 	EXP 	window1: mouseVisible = False
22.7624 	EXP 	demo_fixation: opacity = 1
22.7624 	EXP 	demo_fixation: pos = [0, 0]
22.7627 	EXP 	window1: mouseVisible = False
22.7790 	EXP 	demo_fixation: opacity = 1
22.7790 	EXP 	demo_fixation: pos = [0, 0]
22.7794 	EXP 	window1: mouseVisible = False
22.7956 	EXP 	demo_fixation: opacity = 1
22.7956 	EXP 	demo_fixation: pos = [0, 0]
22.7961 	EXP 	window1: mouseVisible = False
22.8123 	EXP 	demo_fixation: opacity = 1
22.8123 	EXP 	demo_fixation: pos = [0, 0]
22.8127 	EXP 	window1: mouseVisible = False
22.8289 	EXP 	demo_fixation: opacity = 1
22.8289 	EXP 	demo_fixation: pos = [0, 0]
22.8294 	EXP 	window1: mouseVisible = False
22.8456 	EXP 	demo_fixation: opacity = 1
22.8456 	EXP 	demo_fixation: pos = [0, 0]
22.8459 	EXP 	window1: mouseVisible = False
22.8623 	EXP 	demo_fixation: opacity = 1
22.8623 	EXP 	demo_fixation: pos = [0, 0]
22.8627 	EXP 	window1: mouseVisible = False
22.8788 	EXP 	demo_fixation: opacity = 1
22.8788 	EXP 	demo_fixation: pos = [0, 0]
22.8792 	EXP 	window1: mouseVisible = False
22.8956 	EXP 	demo_fixation: opacity = 1
22.8956 	EXP 	demo_fixation: pos = [0, 0]
22.8960 	EXP 	window1: mouseVisible = False
22.9122 	EXP 	demo_fixation: opacity = 1
22.9122 	EXP 	demo_fixation: pos = [0, 0]
22.9126 	EXP 	window1: mouseVisible = False
22.9289 	EXP 	demo_fixation: opacity = 1
22.9289 	EXP 	demo_fixation: pos = [0, 0]
22.9292 	EXP 	window1: mouseVisible = False
22.9454 	EXP 	demo_fixation: opacity = 1
22.9454 	EXP 	demo_fixation: pos = [0, 0]
22.9458 	EXP 	window1: mouseVisible = False
22.9622 	EXP 	demo_fixation: opacity = 1
22.9622 	EXP 	demo_fixation: pos = [0, 0]
22.9626 	EXP 	window1: mouseVisible = False
22.9789 	EXP 	demo_fixation: opacity = 1
22.9789 	EXP 	demo_fixation: pos = [0, 0]
22.9792 	EXP 	window1: mouseVisible = False
22.9953 	EXP 	demo_fixation: opacity = 1
22.9953 	EXP 	demo_fixation: pos = [0, 0]
22.9957 	EXP 	window1: mouseVisible = False
23.0121 	EXP 	demo_fixation: opacity = 1
23.0121 	EXP 	demo_fixation: pos = [0, 0]
23.0125 	EXP 	window1: mouseVisible = False
23.0288 	EXP 	demo_fixation: opacity = 1
23.0288 	EXP 	demo_fixation: pos = [0, 0]
23.0292 	EXP 	window1: mouseVisible = False
23.0454 	EXP 	demo_fixation: opacity = 1
23.0454 	EXP 	demo_fixation: pos = [0, 0]
23.0459 	EXP 	window1: mouseVisible = False
23.0620 	EXP 	demo_fixation: opacity = 1
23.0620 	EXP 	demo_fixation: pos = [0, 0]
23.0624 	EXP 	window1: mouseVisible = False
23.0787 	EXP 	demo_fixation: opacity = 1
23.0787 	EXP 	demo_fixation: pos = [0, 0]
23.0791 	EXP 	window1: mouseVisible = False
23.0953 	EXP 	demo_fixation: opacity = 1
23.0953 	EXP 	demo_fixation: pos = [0, 0]
23.0957 	EXP 	window1: mouseVisible = False
23.1122 	EXP 	demo_fixation: opacity = 1
23.1122 	EXP 	demo_fixation: pos = [0, 0]
23.1126 	EXP 	window1: mouseVisible = False
23.1287 	EXP 	demo_fixation: opacity = 1
23.1287 	EXP 	demo_fixation: pos = [0, 0]
23.1293 	EXP 	window1: mouseVisible = False
23.1453 	EXP 	demo_fixation: opacity = 1
23.1453 	EXP 	demo_fixation: pos = [0, 0]
23.1457 	EXP 	window1: mouseVisible = False
23.1619 	EXP 	demo_fixation: opacity = 1
23.1619 	EXP 	demo_fixation: pos = [0, 0]
23.1623 	EXP 	window1: mouseVisible = False
23.1683 	DATA 	Mouse: Left button down, pos=(960,540)
23.1793 	EXP 	demo_fixation: opacity = 1
23.1793 	EXP 	demo_fixation: pos = [0, 0]
23.1797 	EXP 	window1: mouseVisible = False
23.1952 	EXP 	demo_fixation: opacity = 0
23.1955 	EXP 	window1: mouseVisible = False
23.2119 	EXP 	demo_fixation: opacity = 0
23.2123 	EXP 	window1: mouseVisible = False
23.2285 	EXP 	demo_fixation: opacity = 0
23.2288 	EXP 	window1: mouseVisible = False
23.2452 	EXP 	demo_fixation: opacity = 0
23.2455 	EXP 	window1: mouseVisible = False
23.2619 	EXP 	demo_fixation: opacity = 0
23.2622 	EXP 	window1: mouseVisible = False
23.2786 	EXP 	demo_fixation: opacity = 0
23.2789 	EXP 	window1: mouseVisible = False
23.2952 	EXP 	demo_fixation: opacity = 0
23.2956 	EXP 	window1: mouseVisible = False
23.3116 	EXP 	demo_fixation: opacity = 0
23.3120 	EXP 	window1: mouseVisible = False
23.3284 	EXP 	demo_fixation: opacity = 0
23.3287 	EXP 	window1: mouseVisible = False
23.3451 	EXP 	demo_fixation: opacity = 0
23.3454 	EXP 	window1: mouseVisible = False
23.3618 	EXP 	demo_fixation: opacity = 0
23.3621 	EXP 	window1: mouseVisible = False
23.3785 	EXP 	demo_fixation: opacity = 0
23.3788 	EXP 	window1: mouseVisible = False
23.3840 	DATA 	Mouse:  Left button up, pos=(960,540)
23.3950 	EXP 	demo_fixation: opacity = 0
23.3954 	EXP 	window1: mouseVisible = False
23.4117 	EXP 	demo_fixation: opacity = 1
23.4117 	EXP 	demo_fixation: pos = [0, 0]
23.4121 	EXP 	window1: mouseVisible = False
23.4286 	EXP 	demo_fixation: opacity = 1
23.4286 	EXP 	demo_fixation: pos = [0, 0]
23.4289 	EXP 	window1: mouseVisible = False
23.4450 	EXP 	demo_fixation: opacity = 1
23.4450 	EXP 	demo_fixation: pos = [0, 0]
23.4454 	EXP 	window1: mouseVisible = False
23.4616 	EXP 	demo_fixation: opacity = 1
23.4616 	EXP 	demo_fixation: pos = [0, 0]
23.4619 	EXP 	window1: mouseVisible = False
23.4784 	EXP 	demo_fixation: opacity = 1
23.4784 	EXP 	demo_fixation: pos = [0, 0]
23.4789 	EXP 	window1: mouseVisible = False
23.4950 	EXP 	demo_fixation: opacity = 1
23.4950 	EXP 	demo_fixation: pos = [0, 0]
23.4954 	EXP 	window1: mouseVisible = False
23.5117 	EXP 	demo_fixation: opacity = 1
23.5117 	EXP 	demo_fixation: pos = [0, 0]
23.5120 	EXP 	window1: mouseVisible = False
23.5293 	EXP 	demo_fixation: opacity = 1
23.5293 	EXP 	demo_fixation: pos = [0, 0]
23.5296 	EXP 	window1: mouseVisible = False
23.5454 	EXP 	demo_fixation: opacity = 1
23.5454 	EXP 	demo_fixation: pos = [0, 0]
23.5457 	EXP 	window1: mouseVisible = False
23.5615 	EXP 	demo_fixation: opacity = 1
23.5615 	EXP 	demo_fixation: pos = [0, 0]
23.5618 	EXP 	window1: mouseVisible = False
23.5783 	EXP 	demo_fixation: opacity = 1
23.5783 	EXP 	demo_fixation: pos = [0, 0]
23.5787 	EXP 	window1: mouseVisible = False
23.5948 	EXP 	demo_fixation: opacity = 1
23.5948 	EXP 	demo_fixation: pos = [0, 0]
23.5951 	EXP 	window1: mouseVisible = False
23.6116 	EXP 	demo_fixation: opacity = 1
23.6116 	EXP 	demo_fixation: pos = [0, 0]
23.6120 	EXP 	window1: mouseVisible = False
23.6282 	EXP 	demo_fixation: opacity = 1
23.6282 	EXP 	demo_fixation: pos = [0, 0]
23.6285 	EXP 	window1: mouseVisible = False
23.6448 	EXP 	demo_fixation: opacity = 1
23.6448 	EXP 	demo_fixation: pos = [0, 0]
23.6452 	EXP 	window1: mouseVisible = False
23.6627 	EXP 	demo_fixation: opacity = 1
23.6627 	EXP 	demo_fixation: pos = [0, 0]
23.6632 	EXP 	window1: mouseVisible = False
23.6790 	EXP 	demo_fixation: opacity = 1
23.6790 	EXP 	demo_fixation: pos = [0, 0]
23.6794 	EXP 	window1: mouseVisible = False
23.6947 	EXP 	demo_fixation: opacity = 1
23.6947 	EXP 	demo_fixation: pos = [0, 0]
23.6951 	EXP 	window1: mouseVisible = False
23.7115 	EXP 	demo_fixation: opacity = 1
23.7115 	EXP 	demo_fixation: pos = [0, 0]
23.7119 	EXP 	window1: mouseVisible = False
23.7281 	EXP 	demo_fixation: opacity = 1
23.7281 	EXP 	demo_fixation: pos = [0, 0]
23.7285 	EXP 	window1: mouseVisible = False
23.7446 	EXP 	demo_fixation: opacity = 1
23.7446 	EXP 	demo_fixation: pos = [0, 0]
23.7450 	EXP 	window1: mouseVisible = False
23.7614 	EXP 	demo_fixation: opacity = 1
23.7614 	EXP 	demo_fixation: pos = [0, 0]
23.7617 	EXP 	window1: mouseVisible = False
23.7780 	EXP 	demo_fixation: opacity = 1
23.7780 	EXP 	demo_fixation: pos = [0, 0]
23.7780 	EXP 	demo_target: autoDraw = True
23.7784 	EXP 	window1: mouseVisible = False
23.7946 	EXP 	demo_fixation: opacity = 1
23.7946 	EXP 	demo_fixation: pos = [0, 0]
23.7950 	EXP 	window1: mouseVisible = False
23.8112 	EXP 	demo_fixation: opacity = 1
23.8112 	EXP 	demo_fixation: pos = [0, 0]
23.8116 	EXP 	window1: mouseVisible = False
23.8280 	EXP 	demo_fixation: opacity = 1
23.8280 	EXP 	demo_fixation: pos = [0, 0]
23.8283 	EXP 	window1: mouseVisible = False
23.8446 	EXP 	demo_fixation: opacity = 1
23.8446 	EXP 	demo_fixation: pos = [0, 0]
23.8453 	EXP 	window1: mouseVisible = False
23.8613 	EXP 	demo_fixation: opacity = 1
23.8613 	EXP 	demo_fixation: pos = [0, 0]
23.8616 	EXP 	window1: mouseVisible = False
23.8779 	EXP 	demo_fixation: opacity = 1
23.8779 	EXP 	demo_fixation: pos = [0, 0]
23.8783 	EXP 	window1: mouseVisible = False
23.8945 	EXP 	demo_fixation: opacity = 1
23.8945 	EXP 	demo_fixation: pos = [0, 0]
23.8949 	EXP 	window1: mouseVisible = False
23.9113 	EXP 	demo_fixation: opacity = 1
23.9113 	EXP 	demo_fixation: pos = [0, 0]
23.9116 	EXP 	window1: mouseVisible = False
23.9280 	EXP 	demo_fixation: opacity = 1
23.9280 	EXP 	demo_fixation: pos = [0, 0]
23.9283 	EXP 	window1: mouseVisible = False
23.9446 	EXP 	demo_fixation: opacity = 1
23.9446 	EXP 	demo_fixation: pos = [0, 0]
23.9453 	EXP 	window1: mouseVisible = False
23.9611 	EXP 	demo_fixation: opacity = 1
23.9611 	EXP 	demo_fixation: pos = [0, 0]
23.9615 	EXP 	window1: mouseVisible = False
23.9779 	EXP 	demo_fixation: opacity = 1
23.9779 	EXP 	demo_fixation: pos = [0, 0]
23.9782 	EXP 	window1: mouseVisible = False
23.9944 	EXP 	demo_fixation: opacity = 1
23.9944 	EXP 	demo_fixation: pos = [0, 0]
23.9948 	EXP 	window1: mouseVisible = False
24.0111 	EXP 	demo_fixation: opacity = 1
24.0111 	EXP 	demo_fixation: pos = [0, 0]
24.0115 	EXP 	window1: mouseVisible = False
24.0279 	EXP 	demo_fixation: opacity = 1
24.0279 	EXP 	demo_fixation: pos = [0, 0]
24.0282 	EXP 	window1: mouseVisible = False
24.0444 	EXP 	demo_fixation: opacity = 1
24.0444 	EXP 	demo_fixation: pos = [0, 0]
24.0448 	EXP 	window1: mouseVisible = False
24.0608 	EXP 	demo_fixation: opacity = 1
24.0608 	EXP 	demo_fixation: pos = [0, 0]
24.0611 	EXP 	window1: mouseVisible = False
24.0777 	EXP 	demo_fixation: opacity = 1
24.0777 	EXP 	demo_fixation: pos = [0, 0]
24.0780 	EXP 	window1: mouseVisible = False
24.0951 	EXP 	demo_fixation: opacity = 1
24.0951 	EXP 	demo_fixation: pos = [0, 0]
24.0955 	EXP 	window1: mouseVisible = False
24.1111 	EXP 	demo_fixation: opacity = 1
24.1111 	EXP 	demo_fixation: pos = [0, 0]
24.1114 	EXP 	window1: mouseVisible = False
24.1277 	EXP 	demo_fixation: opacity = 1
24.1277 	EXP 	demo_fixation: pos = [0, 0]
24.1281 	EXP 	window1: mouseVisible = False
24.1444 	EXP 	demo_fixation: opacity = 1
24.1444 	EXP 	demo_fixation: pos = [0, 0]
24.1447 	EXP 	window1: mouseVisible = False
24.1612 	EXP 	demo_fixation: opacity = 1
24.1612 	EXP 	demo_fixation: pos = [0, 0]
24.1615 	EXP 	window1: mouseVisible = False
24.1776 	EXP 	demo_fixation: opacity = 1
24.1776 	EXP 	demo_fixation: pos = [0, 0]
24.1780 	EXP 	window1: mouseVisible = False
24.1942 	EXP 	demo_fixation: opacity = 1
24.1942 	EXP 	demo_fixation: pos = [0, 0]
24.1946 	EXP 	window1: mouseVisible = False
24.2109 	EXP 	demo_fixation: opacity = 1
24.2109 	EXP 	demo_fixation: pos = [0, 0]
24.2112 	EXP 	window1: mouseVisible = False
24.2277 	EXP 	demo_fixation: opacity = 1
24.2277 	EXP 	demo_fixation: pos = [0, 0]
24.2281 	EXP 	window1: mouseVisible = False
24.2442 	EXP 	demo_fixation: opacity = 1
24.2442 	EXP 	demo_fixation: pos = [0, 0]
24.2447 	EXP 	window1: mouseVisible = False
24.2611 	EXP 	demo_fixation: opacity = 1
24.2611 	EXP 	demo_fixation: pos = [0, 0]
24.2615 	EXP 	window1: mouseVisible = False
24.2775 	EXP 	demo_fixation: opacity = 1
24.2775 	EXP 	demo_fixation: pos = [0, 0]
24.2779 	EXP 	window1: mouseVisible = False
24.2795 	DATA 	Mouse: Left button down, pos=(960,540)
24.2940 	EXP 	demo_fixation: opacity = 0
24.2944 	EXP 	window1: mouseVisible = False
24.3107 	EXP 	demo_fixation: opacity = 0
24.3112 	EXP 	window1: mouseVisible = False
24.3276 	EXP 	demo_fixation: opacity = 0
24.3279 	EXP 	window1: mouseVisible = False
24.3442 	EXP 	demo_fixation: opacity = 0
24.3446 	EXP 	window1: mouseVisible = False
24.3607 	EXP 	demo_fixation: opacity = 0
24.3611 	EXP 	window1: mouseVisible = False
24.3774 	EXP 	demo_fixation: opacity = 0
24.3777 	EXP 	window1: mouseVisible = False
24.3940 	EXP 	demo_fixation: opacity = 0
24.3944 	EXP 	window1: mouseVisible = False
24.4108 	EXP 	demo_fixation: opacity = 0
24.4111 	EXP 	window1: mouseVisible = False
24.4273 	EXP 	demo_fixation: opacity = 0
24.4277 	EXP 	window1: mouseVisible = False
24.4441 	EXP 	demo_fixation: opacity = 0
24.4444 	EXP 	window1: mouseVisible = False
24.4607 	EXP 	demo_fixation: opacity = 0
24.4611 	EXP 	window1: mouseVisible = False
24.4775 	EXP 	demo_fixation: opacity = 0
24.4779 	EXP 	window1: mouseVisible = False
24.4939 	EXP 	demo_fixation: opacity = 0
24.4942 	EXP 	window1: mouseVisible = False
24.5106 	EXP 	demo_fixation: opacity = 0
24.5110 	EXP 	window1: mouseVisible = False
24.5274 	EXP 	demo_fixation: opacity = 0
24.5278 	EXP 	window1: mouseVisible = False
24.5440 	EXP 	demo_fixation: opacity = 0
24.5444 	EXP 	window1: mouseVisible = False
24.5606 	EXP 	demo_fixation: opacity = 0
24.5612 	EXP 	window1: mouseVisible = False
24.5779 	EXP 	demo_fixation: opacity = 0
24.5783 	EXP 	window1: mouseVisible = False
24.5940 	EXP 	demo_fixation: opacity = 0
24.5943 	EXP 	window1: mouseVisible = False
24.6111 	EXP 	demo_fixation: opacity = 0
24.6115 	EXP 	window1: mouseVisible = False
24.6273 	EXP 	demo_fixation: opacity = 0
24.6276 	EXP 	window1: mouseVisible = False
24.6440 	EXP 	demo_fixation: opacity = 0
24.6443 	EXP 	window1: mouseVisible = False
24.6613 	EXP 	demo_fixation: opacity = 0
24.6616 	EXP 	window1: mouseVisible = False
24.6783 	EXP 	demo_fixation: opacity = 0
24.6788 	EXP 	window1: mouseVisible = False
24.6946 	EXP 	demo_fixation: opacity = 0
24.6951 	EXP 	window1: mouseVisible = False
24.7106 	EXP 	demo_fixation: opacity = 0
24.7110 	EXP 	window1: mouseVisible = False
24.7271 	EXP 	demo_fixation: opacity = 0
24.7275 	EXP 	window1: mouseVisible = False
24.7438 	EXP 	demo_fixation: opacity = 0
24.7441 	EXP 	window1: mouseVisible = False
24.7605 	EXP 	demo_fixation: opacity = 0
24.7609 	EXP 	window1: mouseVisible = False
24.7770 	EXP 	demo_fixation: opacity = 0
24.7774 	EXP 	window1: mouseVisible = False
24.7940 	EXP 	demo_fixation: opacity = 0
24.7943 	EXP 	window1: mouseVisible = False
24.8107 	EXP 	demo_fixation: opacity = 0
24.8112 	EXP 	window1: mouseVisible = False
24.8272 	EXP 	demo_fixation: opacity = 0
24.8278 	EXP 	window1: mouseVisible = False
24.8436 	EXP 	demo_fixation: opacity = 0
24.8440 	EXP 	window1: mouseVisible = False
24.8603 	EXP 	demo_fixation: opacity = 0
24.8610 	EXP 	window1: mouseVisible = False
24.8769 	EXP 	demo_fixation: opacity = 0
24.8773 	EXP 	window1: mouseVisible = False
24.8935 	EXP 	demo_fixation: opacity = 0
24.8939 	EXP 	window1: mouseVisible = False
24.9365 	EXP 	demo_fixation: opacity = 0
24.9365 	EXP 	demo_fixation: pos = array([-0.33518519,  0.25185185])
24.9365 	EXP 	demo_fixation: opacity = 1
24.9365 	EXP 	demo_enclosing_1: autoDraw = False
24.9365 	EXP 	demo_enclosing: autoDraw = False
24.9365 	EXP 	demo_target: autoDraw = False
24.9365 	EXP 	demo_fixation: autoDraw = False
24.9365 	EXP 	demo_fixation: opacity = 1
24.9365 	EXP 	demo_target_feedback: pos = array([ 0.3, -0.3])
24.9365 	EXP 	demo_fixation_feedback: pos = array([-0.33518519,  0.25185185])
24.9365 	EXP 	text_4: text = 'Your score: 0.14101366260780912'
24.9365 	EXP 	demo_enclosing_feedback_1: autoDraw = True
24.9365 	EXP 	demo_enclosing_feedback: autoDraw = True
24.9365 	EXP 	demo_target_feedback: autoDraw = True
24.9365 	EXP 	demo_fixation_feedback: autoDraw = True
24.9365 	EXP 	text_4: autoDraw = True
25.3154 	DATA 	Mouse:  Left button up, pos=(504,883)
25.4430 	EXP 	demo_enclosing_feedback_1: autoDraw = False
25.4430 	EXP 	demo_enclosing_feedback: autoDraw = False
25.4430 	EXP 	demo_target_feedback: autoDraw = False
25.4430 	EXP 	demo_fixation_feedback: autoDraw = False
25.9133 	EXP 	New trial (rep=1, index=0): None
25.9259 	EXP 	demo_enclosing_feedback_1: autoDraw = False
25.9259 	EXP 	demo_enclosing_feedback: autoDraw = False
25.9259 	EXP 	demo_target_feedback: autoDraw = False
25.9259 	EXP 	demo_fixation_feedback: autoDraw = False
25.9259 	EXP 	text_4: autoDraw = False
25.9259 	EXP 	text: autoDraw = True
26.8093 	DATA 	Keypress: escape
27.1800 	EXP 	window1: mouseVisible = True
