1.0304 	WARNING 	We strongly recommend you activate the PTB sound engine in PsychoPy prefs as the preferred audio engine. Its timing is vastly superior. Your prefs are currently set to use ['sounddevice', 'PTB', 'pyo', 'pygame'] (in that order).
7.6209 	EXP 	Created window1 = Window(allowGUI=False, allowStencil=False, args=UNKNOWN, autoLog=True, bitsMode=UNKNOWN, blendMode='avg', bpc=(8, 8, 8), color=array([0., 0., 0.]), colorSpace='rgb', depthBits=8, fullscr=<method-wrapper '__getattribute__' of attributeSetter object at 0x0000020D8C17C438>, gamma=None, gammaErrorPolicy='raise', kwargs=UNKNOWN, lms=UNKNOWN, monitor=<psychopy.monitors.calibTools.Monitor object at 0x0000020D8C0D8470>, multiSample=False, name='window1', numSamples=2, pos=[0.0, 0.0], screen=0, size=array([1920, 1080]), stencilBits=0, stereo=False, units='height', useFBO=True, useRetina=False, viewOri=0.0, viewPos=None, viewScale=None, waitBlanking=True, winType='pyglet')
7.6213 	EXP 	window1: mouseVisible = True
7.6214 	EXP 	window1: recordFrameIntervals = False
7.7857 	EXP 	window1: recordFrameIntervals = True
7.9691 	EXP 	window1: recordFrameIntervals = False
8.1778 	EXP 	Created Welcome = TextStim(__class__=<class 'psychopy.visual.text.TextStim'>, alignHoriz=method-wrapper(...), alignText='center', alignVert=method-wrapper(...), anchorHoriz='center', anchorVert='center', antialias=True, autoLog=True, bold=False, color='white', colorSpace='named', contrast=1.0, depth=0.0, flipHoriz=False, flipVert=False, font='Arial', fontFiles=[], height=0.04, italic=False, languageStyle='LTR', name='Welcome', opacity=1.0, ori=0, pos=array([0., 0.]), rgb=array([255., 255., 255.]), text=str(...), units='height', win=Window(...), wrapWidth=1)
8.1779 	EXP 	window1: mouseVisible = True
8.1849 	EXP 	Created text = TextStim(__class__=<class 'psychopy.visual.text.TextStim'>, alignHoriz=method-wrapper(...), alignText='center', alignVert=method-wrapper(...), anchorHoriz='center', anchorVert='center', antialias=True, autoLog=True, bold=False, color='white', colorSpace='named', contrast=1.0, depth=0.0, flipHoriz=False, flipVert=False, font='Arial', fontFiles=[], height=0.04, italic=False, languageStyle='LTR', name='text', opacity=1.0, ori=0, pos=array([0., 0.]), rgb=array([255., 255., 255.]), text=str(...), units='height', win=Window(...), wrapWidth=1)
8.1850 	EXP 	window1: mouseVisible = True
8.1890 	EXP 	Created demo_enclosing_1 = Polygon(__class__=<class 'psychopy.visual.polygon.Polygon'>, autoDraw=False, autoLog=True, closeShape=True, color=method-wrapper(...), colorSpace=None, contrast=1.0, depth=-1.0, fillColor=array([0., 0., 0.]), fillColorSpace='rgb', fillRGB=array([0., 0., 0.]), interpolate=True, lineColor=array([-1., -1., -1.]), lineColorSpace='rgb', lineRGB=array([-1., -1., -1.]), lineWidth=1, name='demo_enclosing_1', opacity=1.0, ori=array(0.), pos=array([0., 0.]), size=array([0.9, 0.9]), units='height', vertices=ndarray(...), win=Window(...))
8.1914 	EXP 	Created demo_enclosing = Polygon(__class__=<class 'psychopy.visual.polygon.Polygon'>, autoDraw=False, autoLog=True, closeShape=True, color=method-wrapper(...), colorSpace=None, contrast=1.0, depth=-2.0, fillColor=array([0., 0., 0.]), fillColorSpace='rgb', fillRGB=array([0., 0., 0.]), interpolate=True, lineColor=array([-1., -1., -1.]), lineColorSpace='rgb', lineRGB=array([-1., -1., -1.]), lineWidth=1, name='demo_enclosing', opacity=1.0, ori=array(0.), pos=array([0., 0.]), size=array([0.8, 0.8]), units='height', vertices=ndarray(...), win=Window(...))
8.1927 	EXP 	Created demo_target = ShapeStim(__class__=<class 'psychopy.visual.shape.ShapeStim'>, autoDraw=False, autoLog=True, closeShape=True, contrast=1.0, depth=-3.0, fillColor=array([1., 1., 1.]), fillColorSpace='rgb', interpolate=True, lineColor=array([1., 1., 1.]), lineColorSpace='rgb', lineWidth=1, name='demo_target', opacity=1.0, ori=array(45.), pos=array([0., 0.]), size=array([0.05, 0.05]), units='height', vertices=ndarray(...), win=Window(...), windingRule=None)
8.1944 	EXP 	Created demo_fixation = Polygon(__class__=<class 'psychopy.visual.polygon.Polygon'>, autoDraw=False, autoLog=True, closeShape=True, color=method-wrapper(...), colorSpace=None, contrast=1.0, depth=-4.0, fillColor=array([1., 0., 0.]), fillColorSpace='rgb', fillRGB=array([1., 0., 0.]), interpolate=True, lineColor=array([1., 0., 0.]), lineColorSpace='rgb', lineRGB=array([1., 0., 0.]), lineWidth=1, name='demo_fixation', opacity=1.0, ori=array(0.), pos=array([0., 0.]), size=array([0.025, 0.025]), units='height', vertices=ndarray(...), win=Window(...))
8.1945 	EXP 	window1: mouseVisible = True
8.1983 	EXP 	Created demo_enclosing_feedback_1 = Polygon(__class__=<class 'psychopy.visual.polygon.Polygon'>, autoDraw=False, autoLog=True, closeShape=True, color=method-wrapper(...), colorSpace=None, contrast=1.0, depth=0.0, fillColor=array([0., 0., 0.]), fillColorSpace='rgb', fillRGB=array([0., 0., 0.]), interpolate=True, lineColor=array([-1., -1., -1.]), lineColorSpace='rgb', lineRGB=array([-1., -1., -1.]), lineWidth=1, name='demo_enclosing_feedback_1', opacity=1.0, ori=array(0.), pos=array([0., 0.]), size=array([0.9, 0.9]), units='height', vertices=ndarray(...), win=Window(...))
8.2008 	EXP 	Created demo_enclosing_feedback = Polygon(__class__=<class 'psychopy.visual.polygon.Polygon'>, autoDraw=False, autoLog=True, closeShape=True, color=method-wrapper(...), colorSpace=None, contrast=1.0, depth=-1.0, fillColor=array([0., 0., 0.]), fillColorSpace='rgb', fillRGB=array([0., 0., 0.]), interpolate=True, lineColor=array([-1., -1., -1.]), lineColorSpace='rgb', lineRGB=array([-1., -1., -1.]), lineWidth=1, name='demo_enclosing_feedback', opacity=1.0, ori=array(0.), pos=array([0., 0.]), size=array([0.8, 0.8]), units='height', vertices=ndarray(...), win=Window(...))
8.2020 	EXP 	Created demo_target_feedback = ShapeStim(__class__=<class 'psychopy.visual.shape.ShapeStim'>, autoDraw=False, autoLog=True, closeShape=True, contrast=1.0, depth=-2.0, fillColor=array([1., 1., 1.]), fillColorSpace='rgb', interpolate=True, lineColor=array([1., 1., 1.]), lineColorSpace='rgb', lineWidth=1, name='demo_target_feedback', opacity=1.0, ori=array(45.), pos=array([0., 0.]), size=array([0.05, 0.05]), units='height', vertices=ndarray(...), win=Window(...), windingRule=None)
8.2036 	EXP 	Created demo_fixation_feedback = Polygon(__class__=<class 'psychopy.visual.polygon.Polygon'>, autoDraw=False, autoLog=True, closeShape=True, color=method-wrapper(...), colorSpace=None, contrast=1.0, depth=-3.0, fillColor=array([1., 0., 0.]), fillColorSpace='rgb', fillRGB=array([1., 0., 0.]), interpolate=True, lineColor=array([1., 0., 0.]), lineColorSpace='rgb', lineRGB=array([1., 0., 0.]), lineWidth=1, name='demo_fixation_feedback', opacity=1.0, ori=array(0.), pos=array([0., 0.]), size=array([0.025, 0.025]), units='height', vertices=ndarray(...), win=Window(...))
8.2064 	EXP 	Created demo_score_text = TextStim(__class__=<class 'psychopy.visual.text.TextStim'>, alignHoriz=method-wrapper(...), alignText='center', alignVert=method-wrapper(...), anchorHoriz='center', anchorVert='center', antialias=True, autoLog=True, bold=False, color='green', colorSpace='named', contrast=1.0, depth=-5.0, flipHoriz=False, flipVert=False, font='Arial', fontFiles=[], height=0.04, italic=False, languageStyle='LTR', name='demo_score_text', opacity=1.0, ori=0, pos=array([0., 0.]), rgb=array([  0., 128.,   0.]), text='default text', units='height', win=Window(...), wrapWidth=1)
8.2162 	EXP 	Created text_3 = TextStim(__class__=<class 'psychopy.visual.text.TextStim'>, alignHoriz=method-wrapper(...), alignText='center', alignVert=method-wrapper(...), anchorHoriz='center', anchorVert='center', antialias=True, autoLog=True, bold=False, color='white', colorSpace='named', contrast=1.0, depth=0.0, flipHoriz=False, flipVert=False, font='Arial', fontFiles=[], height=0.04, italic=False, languageStyle='LTR', name='text_3', opacity=1.0, ori=0, pos=array([0., 0.]), rgb=array([255., 255., 255.]), text=str(...), units='height', win=Window(...), wrapWidth=1)
8.2163 	EXP 	window1: mouseVisible = True
8.2202 	EXP 	Created baseline_enclosing_1 = Polygon(__class__=<class 'psychopy.visual.polygon.Polygon'>, autoDraw=False, autoLog=True, closeShape=True, color=method-wrapper(...), colorSpace=None, contrast=1.0, depth=0.0, fillColor=array([0., 0., 0.]), fillColorSpace='rgb', fillRGB=array([0., 0., 0.]), interpolate=True, lineColor=array([-1., -1., -1.]), lineColorSpace='rgb', lineRGB=array([-1., -1., -1.]), lineWidth=1, name='baseline_enclosing_1', opacity=1.0, ori=array(0.), pos=array([0., 0.]), size=array([0.9, 0.9]), units='height', vertices=ndarray(...), win=Window(...))
8.2238 	EXP 	Created baseline_enclosing = Polygon(__class__=<class 'psychopy.visual.polygon.Polygon'>, autoDraw=False, autoLog=True, closeShape=True, color=method-wrapper(...), colorSpace=None, contrast=1.0, depth=-1.0, fillColor=array([0., 0., 0.]), fillColorSpace='rgb', fillRGB=array([0., 0., 0.]), interpolate=True, lineColor=array([-1., -1., -1.]), lineColorSpace='rgb', lineRGB=array([-1., -1., -1.]), lineWidth=1, name='baseline_enclosing', opacity=1.0, ori=array(0.), pos=array([0., 0.]), size=array([0.8, 0.8]), units='height', vertices=ndarray(...), win=Window(...))
8.2250 	EXP 	Created baseline_target = ShapeStim(__class__=<class 'psychopy.visual.shape.ShapeStim'>, autoDraw=False, autoLog=True, closeShape=True, contrast=1.0, depth=-2.0, fillColor=array([1., 1., 1.]), fillColorSpace='rgb', interpolate=True, lineColor=array([1., 1., 1.]), lineColorSpace='rgb', lineWidth=1, name='baseline_target', opacity=1.0, ori=array(45.), pos=array([0., 0.]), size=array([0.05, 0.05]), units='height', vertices=ndarray(...), win=Window(...), windingRule=None)
8.2266 	EXP 	Created baseline_fixation = Polygon(__class__=<class 'psychopy.visual.polygon.Polygon'>, autoDraw=False, autoLog=True, closeShape=True, color=method-wrapper(...), colorSpace=None, contrast=1.0, depth=-3.0, fillColor=array([1., 0., 0.]), fillColorSpace='rgb', fillRGB=array([1., 0., 0.]), interpolate=True, lineColor=array([1., 0., 0.]), lineColorSpace='rgb', lineRGB=array([1., 0., 0.]), lineWidth=1, name='baseline_fixation', opacity=1.0, ori=array(0.), pos=array([0., 0.]), size=array([0.025, 0.025]), units='height', vertices=ndarray(...), win=Window(...))
8.2266 	EXP 	window1: mouseVisible = True
8.2305 	EXP 	Created baseline_enclosing_feedback_1 = Polygon(__class__=<class 'psychopy.visual.polygon.Polygon'>, autoDraw=False, autoLog=True, closeShape=True, color=method-wrapper(...), colorSpace=None, contrast=1.0, depth=0.0, fillColor=array([0., 0., 0.]), fillColorSpace='rgb', fillRGB=array([0., 0., 0.]), interpolate=True, lineColor=array([-1., -1., -1.]), lineColorSpace='rgb', lineRGB=array([-1., -1., -1.]), lineWidth=1, name='baseline_enclosing_feedback_1', opacity=1.0, ori=array(0.), pos=array([0., 0.]), size=array([0.9, 0.9]), units='height', vertices=ndarray(...), win=Window(...))
8.2343 	EXP 	Created baseline_enclosing_feedback = Polygon(__class__=<class 'psychopy.visual.polygon.Polygon'>, autoDraw=False, autoLog=True, closeShape=True, color=method-wrapper(...), colorSpace=None, contrast=1.0, depth=-1.0, fillColor=array([0., 0., 0.]), fillColorSpace='rgb', fillRGB=array([0., 0., 0.]), interpolate=True, lineColor=array([-1., -1., -1.]), lineColorSpace='rgb', lineRGB=array([-1., -1., -1.]), lineWidth=1, name='baseline_enclosing_feedback', opacity=1.0, ori=array(0.), pos=array([0., 0.]), size=array([0.8, 0.8]), units='height', vertices=ndarray(...), win=Window(...))
8.2355 	EXP 	Created baseline_target_feedback = ShapeStim(__class__=<class 'psychopy.visual.shape.ShapeStim'>, autoDraw=False, autoLog=True, closeShape=True, contrast=1.0, depth=-2.0, fillColor=array([1., 1., 1.]), fillColorSpace='rgb', interpolate=True, lineColor=array([1., 1., 1.]), lineColorSpace='rgb', lineWidth=1, name='baseline_target_feedback', opacity=1.0, ori=array(45.), pos=array([0., 0.]), size=array([0.05, 0.05]), units='height', vertices=ndarray(...), win=Window(...), windingRule=None)
8.2371 	EXP 	Created baseline_fixation_feedback = Polygon(__class__=<class 'psychopy.visual.polygon.Polygon'>, autoDraw=False, autoLog=True, closeShape=True, color=method-wrapper(...), colorSpace=None, contrast=1.0, depth=-3.0, fillColor=array([1., 0., 0.]), fillColorSpace='rgb', fillRGB=array([1., 0., 0.]), interpolate=True, lineColor=array([1., 0., 0.]), lineColorSpace='rgb', lineRGB=array([1., 0., 0.]), lineWidth=1, name='baseline_fixation_feedback', opacity=1.0, ori=array(0.), pos=array([0., 0.]), size=array([0.025, 0.025]), units='height', vertices=ndarray(...), win=Window(...))
8.2396 	EXP 	Created baseline_score_text = TextStim(__class__=<class 'psychopy.visual.text.TextStim'>, alignHoriz=method-wrapper(...), alignText='center', alignVert=method-wrapper(...), anchorHoriz='center', anchorVert='center', antialias=True, autoLog=True, bold=False, color='green', colorSpace='named', contrast=1.0, depth=-5.0, flipHoriz=False, flipVert=False, font='Arial', fontFiles=[], height=0.04, italic=False, languageStyle='LTR', name='baseline_score_text', opacity=1.0, ori=0, pos=array([0., 0.]), rgb=array([  0., 128.,   0.]), text='default text', units='height', win=Window(...), wrapWidth=1)
8.2484 	EXP 	Created text_2 = TextStim(__class__=<class 'psychopy.visual.text.TextStim'>, alignHoriz=method-wrapper(...), alignText='center', alignVert=method-wrapper(...), anchorHoriz='center', anchorVert='center', antialias=True, autoLog=True, bold=False, color='white', colorSpace='named', contrast=1.0, depth=0.0, flipHoriz=False, flipVert=False, font='Arial', fontFiles=[], height=0.04, italic=False, languageStyle='LTR', name='text_2', opacity=1.0, ori=0, pos=array([0., 0.]), rgb=array([255., 255., 255.]), text=str(...), units='height', win=Window(...), wrapWidth=1)
8.2485 	EXP 	window1: mouseVisible = True
8.2525 	EXP 	Created rotated_enclosing_1 = Polygon(__class__=<class 'psychopy.visual.polygon.Polygon'>, autoDraw=False, autoLog=True, closeShape=True, color=method-wrapper(...), colorSpace=None, contrast=1.0, depth=0.0, fillColor=array([0., 0., 0.]), fillColorSpace='rgb', fillRGB=array([0., 0., 0.]), interpolate=True, lineColor=array([-1., -1., -1.]), lineColorSpace='rgb', lineRGB=array([-1., -1., -1.]), lineWidth=1, name='rotated_enclosing_1', opacity=1.0, ori=array(0.), pos=array([0., 0.]), size=array([0.9, 0.9]), units='height', vertices=ndarray(...), win=Window(...))
8.2560 	EXP 	Created rotated_enclosing = Polygon(__class__=<class 'psychopy.visual.polygon.Polygon'>, autoDraw=False, autoLog=True, closeShape=True, color=method-wrapper(...), colorSpace=None, contrast=1.0, depth=-1.0, fillColor=array([0., 0., 0.]), fillColorSpace='rgb', fillRGB=array([0., 0., 0.]), interpolate=True, lineColor=array([-1., -1., -1.]), lineColorSpace='rgb', lineRGB=array([-1., -1., -1.]), lineWidth=1, name='rotated_enclosing', opacity=1.0, ori=array(0.), pos=array([0., 0.]), size=array([0.8, 0.8]), units='height', vertices=ndarray(...), win=Window(...))
8.2572 	EXP 	Created rotated_target = ShapeStim(__class__=<class 'psychopy.visual.shape.ShapeStim'>, autoDraw=False, autoLog=True, closeShape=True, contrast=1.0, depth=-2.0, fillColor=array([1., 1., 1.]), fillColorSpace='rgb', interpolate=True, lineColor=array([1., 1., 1.]), lineColorSpace='rgb', lineWidth=1, name='rotated_target', opacity=1.0, ori=array(45.), pos=array([0., 0.]), size=array([0.05, 0.05]), units='height', vertices=ndarray(...), win=Window(...), windingRule=None)
8.2588 	EXP 	Created rotated_fixation = Polygon(__class__=<class 'psychopy.visual.polygon.Polygon'>, autoDraw=False, autoLog=True, closeShape=True, color=method-wrapper(...), colorSpace=None, contrast=1.0, depth=-3.0, fillColor=array([1., 0., 0.]), fillColorSpace='rgb', fillRGB=array([1., 0., 0.]), interpolate=True, lineColor=array([1., 0., 0.]), lineColorSpace='rgb', lineRGB=array([1., 0., 0.]), lineWidth=1, name='rotated_fixation', opacity=1.0, ori=array(0.), pos=array([0., 0.]), size=array([0.025, 0.025]), units='height', vertices=ndarray(...), win=Window(...))
8.2589 	EXP 	window1: mouseVisible = True
8.2625 	EXP 	Created rotated_enclosing_feedback_1 = Polygon(__class__=<class 'psychopy.visual.polygon.Polygon'>, autoDraw=False, autoLog=True, closeShape=True, color=method-wrapper(...), colorSpace=None, contrast=1.0, depth=0.0, fillColor=array([0., 0., 0.]), fillColorSpace='rgb', fillRGB=array([0., 0., 0.]), interpolate=True, lineColor=array([-1., -1., -1.]), lineColorSpace='rgb', lineRGB=array([-1., -1., -1.]), lineWidth=1, name='rotated_enclosing_feedback_1', opacity=1.0, ori=array(0.), pos=array([0., 0.]), size=array([0.9, 0.9]), units='height', vertices=ndarray(...), win=Window(...))
8.2679 	EXP 	Created rotated_enclosing_feedback = Polygon(__class__=<class 'psychopy.visual.polygon.Polygon'>, autoDraw=False, autoLog=True, closeShape=True, color=method-wrapper(...), colorSpace=None, contrast=1.0, depth=-1.0, fillColor=array([0., 0., 0.]), fillColorSpace='rgb', fillRGB=array([0., 0., 0.]), interpolate=True, lineColor=array([-1., -1., -1.]), lineColorSpace='rgb', lineRGB=array([-1., -1., -1.]), lineWidth=1, name='rotated_enclosing_feedback', opacity=1.0, ori=array(0.), pos=array([0., 0.]), size=array([0.8, 0.8]), units='height', vertices=ndarray(...), win=Window(...))
8.2695 	EXP 	Created rotated_target_feedback = ShapeStim(__class__=<class 'psychopy.visual.shape.ShapeStim'>, autoDraw=False, autoLog=True, closeShape=True, contrast=1.0, depth=-2.0, fillColor=array([1., 1., 1.]), fillColorSpace='rgb', interpolate=True, lineColor=array([1., 1., 1.]), lineColorSpace='rgb', lineWidth=1, name='rotated_target_feedback', opacity=1.0, ori=array(45.), pos=array([0., 0.]), size=array([0.05, 0.05]), units='height', vertices=ndarray(...), win=Window(...), windingRule=None)
8.2713 	EXP 	Created rotated_fixation_feedback = Polygon(__class__=<class 'psychopy.visual.polygon.Polygon'>, autoDraw=False, autoLog=True, closeShape=True, color=method-wrapper(...), colorSpace=None, contrast=1.0, depth=-3.0, fillColor=array([1., 0., 0.]), fillColorSpace='rgb', fillRGB=array([1., 0., 0.]), interpolate=True, lineColor=array([1., 0., 0.]), lineColorSpace='rgb', lineRGB=array([1., 0., 0.]), lineWidth=1, name='rotated_fixation_feedback', opacity=1.0, ori=array(0.), pos=array([0., 0.]), size=array([0.025, 0.025]), units='height', vertices=ndarray(...), win=Window(...))
8.2740 	EXP 	Created rotated_score_text = TextStim(__class__=<class 'psychopy.visual.text.TextStim'>, alignHoriz=method-wrapper(...), alignText='center', alignVert=method-wrapper(...), anchorHoriz='center', anchorVert='center', antialias=True, autoLog=True, bold=False, color='green', colorSpace='named', contrast=1.0, depth=-5.0, flipHoriz=False, flipVert=False, font='Arial', fontFiles=[], height=0.04, italic=False, languageStyle='LTR', name='rotated_score_text', opacity=1.0, ori=0, pos=array([0., 0.]), rgb=array([  0., 128.,   0.]), text='default text', units='height', win=Window(...), wrapWidth=1)
8.2822 	EXP 	Created rotated_breaks = TextStim(__class__=<class 'psychopy.visual.text.TextStim'>, alignHoriz=method-wrapper(...), alignText='center', alignVert=method-wrapper(...), anchorHoriz='center', anchorVert='center', antialias=True, autoLog=True, bold=False, color='white', colorSpace='named', contrast=1.0, depth=0.0, flipHoriz=False, flipVert=False, font='Arial', fontFiles=[], height=0.04, italic=False, languageStyle='LTR', name='rotated_breaks', opacity=1.0, ori=0, pos=array([0., 0.]), rgb=array([255., 255., 255.]), text=str(...), units='height', win=Window(...), wrapWidth=1)
8.2823 	EXP 	window1: mouseVisible = True
8.2869 	EXP 	Created transfer_enclosing_1 = Polygon(__class__=<class 'psychopy.visual.polygon.Polygon'>, autoDraw=False, autoLog=True, closeShape=True, color=method-wrapper(...), colorSpace=None, contrast=1.0, depth=-1.0, fillColor=array([0., 0., 0.]), fillColorSpace='rgb', fillRGB=array([0., 0., 0.]), interpolate=True, lineColor=array([-1., -1., -1.]), lineColorSpace='rgb', lineRGB=array([-1., -1., -1.]), lineWidth=1, name='transfer_enclosing_1', opacity=1.0, ori=array(0.), pos=array([0., 0.]), size=array([0.9, 0.9]), units='height', vertices=ndarray(...), win=Window(...))
8.2906 	EXP 	Created transfer_enclosing = Polygon(__class__=<class 'psychopy.visual.polygon.Polygon'>, autoDraw=False, autoLog=True, closeShape=True, color=method-wrapper(...), colorSpace=None, contrast=1.0, depth=-2.0, fillColor=array([0., 0., 0.]), fillColorSpace='rgb', fillRGB=array([0., 0., 0.]), interpolate=True, lineColor=array([-1., -1., -1.]), lineColorSpace='rgb', lineRGB=array([-1., -1., -1.]), lineWidth=1, name='transfer_enclosing', opacity=1.0, ori=array(0.), pos=array([0., 0.]), size=array([0.8, 0.8]), units='height', vertices=ndarray(...), win=Window(...))
8.2917 	EXP 	Created transfer_target = ShapeStim(__class__=<class 'psychopy.visual.shape.ShapeStim'>, autoDraw=False, autoLog=True, closeShape=True, contrast=1.0, depth=-3.0, fillColor=array([1., 1., 1.]), fillColorSpace='rgb', interpolate=True, lineColor=array([1., 1., 1.]), lineColorSpace='rgb', lineWidth=1, name='transfer_target', opacity=1.0, ori=array(45.), pos=array([0., 0.]), size=array([0.05, 0.05]), units='height', vertices=ndarray(...), win=Window(...), windingRule=None)
8.2933 	EXP 	Created transfer_fixation = Polygon(__class__=<class 'psychopy.visual.polygon.Polygon'>, autoDraw=False, autoLog=True, closeShape=True, color=method-wrapper(...), colorSpace=None, contrast=1.0, depth=-4.0, fillColor=array([1., 0., 0.]), fillColorSpace='rgb', fillRGB=array([1., 0., 0.]), interpolate=True, lineColor=array([1., 0., 0.]), lineColorSpace='rgb', lineRGB=array([1., 0., 0.]), lineWidth=1, name='transfer_fixation', opacity=1.0, ori=array(0.), pos=array([0., 0.]), size=array([0.025, 0.025]), units='height', vertices=ndarray(...), win=Window(...))
8.2934 	EXP 	window1: mouseVisible = True
8.2982 	EXP 	Created transfer_enclosing_feedback_1 = Polygon(__class__=<class 'psychopy.visual.polygon.Polygon'>, autoDraw=False, autoLog=True, closeShape=True, color=method-wrapper(...), colorSpace=None, contrast=1.0, depth=0.0, fillColor=array([0., 0., 0.]), fillColorSpace='rgb', fillRGB=array([0., 0., 0.]), interpolate=True, lineColor=array([-1., -1., -1.]), lineColorSpace='rgb', lineRGB=array([-1., -1., -1.]), lineWidth=1, name='transfer_enclosing_feedback_1', opacity=1.0, ori=array(0.), pos=array([0., 0.]), size=array([0.9, 0.9]), units='height', vertices=ndarray(...), win=Window(...))
8.3018 	EXP 	Created transfer_enclosing_feedback = Polygon(__class__=<class 'psychopy.visual.polygon.Polygon'>, autoDraw=False, autoLog=True, closeShape=True, color=method-wrapper(...), colorSpace=None, contrast=1.0, depth=-1.0, fillColor=array([0., 0., 0.]), fillColorSpace='rgb', fillRGB=array([0., 0., 0.]), interpolate=True, lineColor=array([-1., -1., -1.]), lineColorSpace='rgb', lineRGB=array([-1., -1., -1.]), lineWidth=1, name='transfer_enclosing_feedback', opacity=1.0, ori=array(0.), pos=array([0., 0.]), size=array([0.8, 0.8]), units='height', vertices=ndarray(...), win=Window(...))
8.3030 	EXP 	Created transfer_target_feedback = ShapeStim(__class__=<class 'psychopy.visual.shape.ShapeStim'>, autoDraw=False, autoLog=True, closeShape=True, contrast=1.0, depth=-2.0, fillColor=array([1., 1., 1.]), fillColorSpace='rgb', interpolate=True, lineColor=array([1., 1., 1.]), lineColorSpace='rgb', lineWidth=1, name='transfer_target_feedback', opacity=1.0, ori=array(45.), pos=array([0., 0.]), size=array([0.05, 0.05]), units='height', vertices=ndarray(...), win=Window(...), windingRule=None)
8.3046 	EXP 	Created transfer_fixation_feedback = Polygon(__class__=<class 'psychopy.visual.polygon.Polygon'>, autoDraw=False, autoLog=True, closeShape=True, color=method-wrapper(...), colorSpace=None, contrast=1.0, depth=-3.0, fillColor=array([1., 0., 0.]), fillColorSpace='rgb', fillRGB=array([1., 0., 0.]), interpolate=True, lineColor=array([1., 0., 0.]), lineColorSpace='rgb', lineRGB=array([1., 0., 0.]), lineWidth=1, name='transfer_fixation_feedback', opacity=1.0, ori=array(0.), pos=array([0., 0.]), size=array([0.025, 0.025]), units='height', vertices=ndarray(...), win=Window(...))
8.3072 	EXP 	Created text_4 = TextStim(__class__=<class 'psychopy.visual.text.TextStim'>, alignHoriz=method-wrapper(...), alignText='center', alignVert=method-wrapper(...), anchorHoriz='center', anchorVert='center', antialias=True, autoLog=True, bold=False, color='green', colorSpace='named', contrast=1.0, depth=-5.0, flipHoriz=False, flipVert=False, font='Arial', fontFiles=[], height=0.04, italic=False, languageStyle='LTR', name='text_4', opacity=1.0, ori=0, pos=array([0., 0.]), rgb=array([  0., 128.,   0.]), text='default text', units='height', win=Window(...), wrapWidth=1)
8.3143 	EXP 	Created done_text = TextStim(__class__=<class 'psychopy.visual.text.TextStim'>, alignHoriz=method-wrapper(...), alignText='center', alignVert=method-wrapper(...), anchorHoriz='center', anchorVert='center', antialias=True, autoLog=True, bold=False, color='white', colorSpace='named', contrast=1.0, depth=0.0, flipHoriz=False, flipVert=False, font='Arial', fontFiles=[], height=0.04, italic=False, languageStyle='LTR', name='done_text', opacity=1.0, ori=0, pos=array([0., 0.]), rgb=array([255., 255., 255.]), text=str(...), units='height', win=Window(...), wrapWidth=1)
8.3143 	EXP 	window1: mouseVisible = True
8.3453 	EXP 	Welcome: autoDraw = True
9.3195 	DATA 	Mouse: Left button down, pos=(1223,398)
9.3223 	EXP 	Created sequence: random, trialTypes=1, nReps=2, seed=None
9.3225 	EXP 	New trial (rep=0, index=0): None
9.3343 	EXP 	Welcome: autoDraw = False
9.3343 	EXP 	text: autoDraw = True
9.4060 	DATA 	Mouse:  Left button up, pos=(1414,524)
10.0057 	DATA 	Mouse: Left button down, pos=(1042,411)
10.0664 	EXP 	Imported conditions_demo.xlsx as conditions, 4 conditions, 3 params
10.0666 	EXP 	Created sequence: random, trialTypes=4, nReps=1, seed=None
10.0668 	EXP 	New trial (rep=0, index=0): OrderedDict([('target_x', 0.3), ('target_y', -0.3), ('rotation', 0)])
10.0673 	EXP 	window1: mouseVisible = False
10.0723 	DATA 	Mouse:  Left button up, pos=(1202,568)
10.0782 	EXP 	text: autoDraw = False
10.0782 	EXP 	demo_fixation: opacity = 1
10.0782 	EXP 	demo_fixation: pos = [0, 0]
10.0782 	EXP 	demo_target: pos = array([ 0.3, -0.3])
10.0782 	EXP 	demo_fixation: pos = array([0., 0.])
10.0782 	EXP 	demo_fixation: opacity = 0
10.0782 	EXP 	demo_fixation: pos = array([0., 0.])
10.0782 	EXP 	demo_enclosing_1: autoDraw = True
10.0782 	EXP 	demo_enclosing: autoDraw = True
10.0782 	EXP 	demo_fixation: autoDraw = True
10.0785 	EXP 	window1: mouseVisible = False
10.0991 	EXP 	demo_fixation: opacity = 1
10.0991 	EXP 	demo_fixation: pos = [0, 0]
10.0992 	EXP 	window1: mouseVisible = False
10.1157 	EXP 	demo_fixation: opacity = 1
10.1157 	EXP 	demo_fixation: pos = [0, 0]
10.1158 	EXP 	window1: mouseVisible = False
10.1317 	EXP 	demo_fixation: opacity = 1
10.1317 	EXP 	demo_fixation: pos = [0, 0]
10.1319 	EXP 	window1: mouseVisible = False
10.1487 	EXP 	demo_fixation: opacity = 1
10.1487 	EXP 	demo_fixation: pos = [0, 0]
10.1489 	EXP 	window1: mouseVisible = False
10.1659 	EXP 	demo_fixation: opacity = 1
10.1659 	EXP 	demo_fixation: pos = [0, 0]
10.1662 	EXP 	window1: mouseVisible = False
10.1825 	EXP 	demo_fixation: opacity = 1
10.1825 	EXP 	demo_fixation: pos = [0, 0]
10.1828 	EXP 	window1: mouseVisible = False
10.1991 	EXP 	demo_fixation: opacity = 1
10.1991 	EXP 	demo_fixation: pos = [0, 0]
10.1994 	EXP 	window1: mouseVisible = False
10.2159 	EXP 	demo_fixation: opacity = 1
10.2159 	EXP 	demo_fixation: pos = [0, 0]
10.2162 	EXP 	window1: mouseVisible = False
10.2325 	EXP 	demo_fixation: opacity = 1
10.2325 	EXP 	demo_fixation: pos = [0, 0]
10.2328 	EXP 	window1: mouseVisible = False
10.2491 	EXP 	demo_fixation: opacity = 1
10.2491 	EXP 	demo_fixation: pos = [0, 0]
10.2495 	EXP 	window1: mouseVisible = False
10.2657 	EXP 	demo_fixation: opacity = 1
10.2657 	EXP 	demo_fixation: pos = [0, 0]
10.2660 	EXP 	window1: mouseVisible = False
10.2823 	EXP 	demo_fixation: opacity = 1
10.2823 	EXP 	demo_fixation: pos = [0, 0]
10.2826 	EXP 	window1: mouseVisible = False
10.2986 	EXP 	demo_fixation: opacity = 1
10.2986 	EXP 	demo_fixation: pos = [0, 0]
10.2989 	EXP 	window1: mouseVisible = False
10.3153 	EXP 	demo_fixation: opacity = 1
10.3153 	EXP 	demo_fixation: pos = [0, 0]
10.3156 	EXP 	window1: mouseVisible = False
10.3319 	EXP 	demo_fixation: opacity = 1
10.3319 	EXP 	demo_fixation: pos = [0, 0]
10.3321 	EXP 	window1: mouseVisible = False
10.3488 	EXP 	demo_fixation: opacity = 1
10.3488 	EXP 	demo_fixation: pos = [0, 0]
10.3491 	EXP 	window1: mouseVisible = False
10.3662 	EXP 	demo_fixation: opacity = 1
10.3662 	EXP 	demo_fixation: pos = [0, 0]
10.3667 	EXP 	window1: mouseVisible = False
10.3821 	EXP 	demo_fixation: opacity = 1
10.3821 	EXP 	demo_fixation: pos = [0, 0]
10.3824 	EXP 	window1: mouseVisible = False
10.3987 	EXP 	demo_fixation: opacity = 1
10.3987 	EXP 	demo_fixation: pos = [0, 0]
10.3990 	EXP 	window1: mouseVisible = False
10.4153 	EXP 	demo_fixation: opacity = 1
10.4153 	EXP 	demo_fixation: pos = [0, 0]
10.4156 	EXP 	window1: mouseVisible = False
10.4322 	EXP 	demo_fixation: opacity = 1
10.4322 	EXP 	demo_fixation: pos = [0, 0]
10.4325 	EXP 	window1: mouseVisible = False
10.4488 	EXP 	demo_fixation: opacity = 1
10.4488 	EXP 	demo_fixation: pos = [0, 0]
10.4491 	EXP 	window1: mouseVisible = False
10.4657 	EXP 	demo_fixation: opacity = 1
10.4657 	EXP 	demo_fixation: pos = [0, 0]
10.4660 	EXP 	window1: mouseVisible = False
10.4823 	EXP 	demo_fixation: opacity = 1
10.4823 	EXP 	demo_fixation: pos = [0, 0]
10.4826 	EXP 	window1: mouseVisible = False
10.4985 	EXP 	demo_fixation: opacity = 1
10.4985 	EXP 	demo_fixation: pos = [0, 0]
10.4988 	EXP 	window1: mouseVisible = False
10.5152 	EXP 	demo_fixation: opacity = 1
10.5152 	EXP 	demo_fixation: pos = [0, 0]
10.5155 	EXP 	window1: mouseVisible = False
10.5320 	EXP 	demo_fixation: opacity = 1
10.5320 	EXP 	demo_fixation: pos = [0, 0]
10.5324 	EXP 	window1: mouseVisible = False
10.5487 	EXP 	demo_fixation: opacity = 1
10.5487 	EXP 	demo_fixation: pos = [0, 0]
10.5490 	EXP 	window1: mouseVisible = False
10.5655 	EXP 	demo_fixation: opacity = 1
10.5655 	EXP 	demo_fixation: pos = [0, 0]
10.5658 	EXP 	window1: mouseVisible = False
10.5819 	EXP 	demo_fixation: opacity = 1
10.5819 	EXP 	demo_fixation: pos = [0, 0]
10.5821 	EXP 	window1: mouseVisible = False
10.5985 	EXP 	demo_fixation: opacity = 1
10.5985 	EXP 	demo_fixation: pos = [0, 0]
10.5988 	EXP 	window1: mouseVisible = False
10.6151 	EXP 	demo_fixation: opacity = 1
10.6151 	EXP 	demo_fixation: pos = [0, 0]
10.6153 	EXP 	window1: mouseVisible = False
10.6316 	EXP 	demo_fixation: opacity = 1
10.6316 	EXP 	demo_fixation: pos = [0, 0]
10.6319 	EXP 	window1: mouseVisible = False
10.6476 	EXP 	demo_fixation: opacity = 1
10.6476 	EXP 	demo_fixation: pos = [0, 0]
10.6478 	EXP 	window1: mouseVisible = False
10.6643 	EXP 	demo_fixation: opacity = 1
10.6643 	EXP 	demo_fixation: pos = [0, 0]
10.6643 	EXP 	demo_target: autoDraw = True
10.6644 	EXP 	window1: mouseVisible = False
10.6811 	EXP 	demo_fixation: opacity = 1
10.6811 	EXP 	demo_fixation: pos = [0, 0]
10.6813 	EXP 	window1: mouseVisible = False
10.6981 	EXP 	demo_fixation: opacity = 1
10.6981 	EXP 	demo_fixation: pos = [0, 0]
10.6982 	EXP 	window1: mouseVisible = False
10.7145 	EXP 	demo_fixation: opacity = 1
10.7145 	EXP 	demo_fixation: pos = [0, 0]
10.7147 	EXP 	window1: mouseVisible = False
10.7314 	EXP 	demo_fixation: opacity = 1
10.7314 	EXP 	demo_fixation: pos = [0, 0]
10.7316 	EXP 	window1: mouseVisible = False
10.7482 	EXP 	demo_fixation: opacity = 1
10.7482 	EXP 	demo_fixation: pos = [0, 0]
10.7485 	EXP 	window1: mouseVisible = False
10.7649 	EXP 	demo_fixation: opacity = 1
10.7649 	EXP 	demo_fixation: pos = [0, 0]
10.7651 	EXP 	window1: mouseVisible = False
10.7813 	EXP 	demo_fixation: opacity = 1
10.7813 	EXP 	demo_fixation: pos = [0, 0]
10.7816 	EXP 	window1: mouseVisible = False
10.7983 	EXP 	demo_fixation: opacity = 1
10.7983 	EXP 	demo_fixation: pos = [0, 0]
10.7986 	EXP 	window1: mouseVisible = False
10.8147 	EXP 	demo_fixation: opacity = 1
10.8147 	EXP 	demo_fixation: pos = [0, 0]
10.8150 	EXP 	window1: mouseVisible = False
10.8313 	EXP 	demo_fixation: opacity = 1
10.8313 	EXP 	demo_fixation: pos = [0, 0]
10.8316 	EXP 	window1: mouseVisible = False
10.8481 	EXP 	demo_fixation: opacity = 1
10.8481 	EXP 	demo_fixation: pos = [0, 0]
10.8483 	EXP 	window1: mouseVisible = False
10.8648 	EXP 	demo_fixation: opacity = 1
10.8648 	EXP 	demo_fixation: pos = [0, 0]
10.8651 	EXP 	window1: mouseVisible = False
10.8814 	EXP 	demo_fixation: opacity = 1
10.8814 	EXP 	demo_fixation: pos = [0, 0]
10.8816 	EXP 	window1: mouseVisible = False
10.8980 	EXP 	demo_fixation: opacity = 1
10.8980 	EXP 	demo_fixation: pos = [0, 0]
10.8983 	EXP 	window1: mouseVisible = False
10.9154 	EXP 	demo_fixation: opacity = 1
10.9154 	EXP 	demo_fixation: pos = [0, 0]
10.9156 	EXP 	window1: mouseVisible = False
10.9315 	EXP 	demo_fixation: opacity = 1
10.9315 	EXP 	demo_fixation: pos = [0, 0]
10.9317 	EXP 	window1: mouseVisible = False
10.9480 	EXP 	demo_fixation: opacity = 1
10.9480 	EXP 	demo_fixation: pos = [0, 0]
10.9483 	EXP 	window1: mouseVisible = False
10.9647 	EXP 	demo_fixation: opacity = 1
10.9647 	EXP 	demo_fixation: pos = [0, 0]
10.9649 	EXP 	window1: mouseVisible = False
10.9813 	EXP 	demo_fixation: opacity = 1
10.9813 	EXP 	demo_fixation: pos = [0, 0]
10.9816 	EXP 	window1: mouseVisible = False
10.9980 	EXP 	demo_fixation: opacity = 1
10.9980 	EXP 	demo_fixation: pos = [0, 0]
10.9983 	EXP 	window1: mouseVisible = False
11.0146 	EXP 	demo_fixation: opacity = 1
11.0146 	EXP 	demo_fixation: pos = [0, 0]
11.0149 	EXP 	window1: mouseVisible = False
11.0313 	EXP 	demo_fixation: opacity = 1
11.0313 	EXP 	demo_fixation: pos = [0, 0]
11.0316 	EXP 	window1: mouseVisible = False
11.0479 	EXP 	demo_fixation: opacity = 1
11.0479 	EXP 	demo_fixation: pos = [0, 0]
11.0482 	EXP 	window1: mouseVisible = False
11.0646 	EXP 	demo_fixation: opacity = 1
11.0646 	EXP 	demo_fixation: pos = [0, 0]
11.0648 	EXP 	window1: mouseVisible = False
11.0812 	EXP 	demo_fixation: opacity = 1
11.0812 	EXP 	demo_fixation: pos = [0, 0]
11.0815 	EXP 	window1: mouseVisible = False
11.0979 	EXP 	demo_fixation: opacity = 1
11.0979 	EXP 	demo_fixation: pos = [0, 0]
11.0981 	EXP 	window1: mouseVisible = False
11.1146 	EXP 	demo_fixation: opacity = 1
11.1146 	EXP 	demo_fixation: pos = [0, 0]
11.1148 	EXP 	window1: mouseVisible = False
11.1318 	EXP 	demo_fixation: opacity = 1
11.1318 	EXP 	demo_fixation: pos = [0, 0]
11.1320 	EXP 	window1: mouseVisible = False
11.1478 	EXP 	demo_fixation: opacity = 1
11.1478 	EXP 	demo_fixation: pos = [0, 0]
11.1481 	EXP 	window1: mouseVisible = False
11.1645 	EXP 	demo_fixation: opacity = 1
11.1645 	EXP 	demo_fixation: pos = [0, 0]
11.1648 	EXP 	window1: mouseVisible = False
11.1816 	EXP 	demo_fixation: opacity = 1
11.1816 	EXP 	demo_fixation: pos = [0, 0]
11.1819 	EXP 	window1: mouseVisible = False
11.1978 	EXP 	demo_fixation: opacity = 1
11.1978 	EXP 	demo_fixation: pos = [0, 0]
11.1981 	EXP 	window1: mouseVisible = False
11.2141 	EXP 	demo_fixation: opacity = 1
11.2141 	EXP 	demo_fixation: pos = [0, 0]
11.2143 	EXP 	window1: mouseVisible = False
11.2308 	EXP 	demo_fixation: opacity = 1
11.2308 	EXP 	demo_fixation: pos = [0, 0]
11.2310 	EXP 	window1: mouseVisible = False
11.2473 	EXP 	demo_fixation: opacity = 1
11.2473 	EXP 	demo_fixation: pos = [0, 0]
11.2475 	EXP 	window1: mouseVisible = False
11.2641 	EXP 	demo_fixation: opacity = 1
11.2641 	EXP 	demo_fixation: pos = [0, 0]
11.2642 	EXP 	window1: mouseVisible = False
11.2730 	DATA 	Mouse: Left button down, pos=(979,524)
11.2817 	EXP 	demo_fixation: opacity = 1
11.2817 	EXP 	demo_fixation: pos = [0, 0]
11.2818 	EXP 	window1: mouseVisible = False
11.2978 	EXP 	demo_fixation: opacity = 0
11.2978 	EXP 	demo_fixation: pos = array([0., 0.])
11.2979 	EXP 	window1: mouseVisible = False
11.3140 	EXP 	demo_fixation: opacity = 0
11.3140 	EXP 	demo_fixation: pos = array([ 0.03055556, -0.01759259])
11.3143 	EXP 	window1: mouseVisible = False
11.3309 	EXP 	demo_fixation: opacity = 0
11.3309 	EXP 	demo_fixation: pos = array([ 0.06111111, -0.04166667])
11.3310 	EXP 	window1: mouseVisible = False
11.3473 	EXP 	demo_fixation: opacity = 0
11.3473 	EXP 	demo_fixation: pos = array([ 0.07962963, -0.05740741])
11.3475 	EXP 	window1: mouseVisible = False
11.3643 	EXP 	demo_fixation: opacity = 0
11.3643 	EXP 	demo_fixation: pos = array([ 0.11296296, -0.08796296])
11.3645 	EXP 	window1: mouseVisible = False
11.3806 	EXP 	demo_fixation: opacity = 0
11.3806 	EXP 	demo_fixation: pos = array([ 0.14722222, -0.12037037])
11.3810 	EXP 	window1: mouseVisible = False
11.3973 	EXP 	demo_fixation: opacity = 0
11.3973 	EXP 	demo_fixation: pos = array([ 0.18055556, -0.1537037 ])
11.3974 	EXP 	window1: mouseVisible = False
11.4139 	EXP 	demo_fixation: opacity = 0
11.4139 	EXP 	demo_fixation: pos = array([ 0.19722222, -0.17037037])
11.4140 	EXP 	window1: mouseVisible = False
11.4308 	EXP 	demo_fixation: opacity = 0
11.4308 	EXP 	demo_fixation: pos = array([ 0.23333333, -0.20462963])
11.4310 	EXP 	window1: mouseVisible = False
11.4474 	EXP 	demo_fixation: opacity = 0
11.4474 	EXP 	demo_fixation: pos = array([ 0.26481481, -0.23518519])
11.4476 	EXP 	window1: mouseVisible = False
11.4743 	EXP 	demo_fixation: opacity = 0
11.4743 	EXP 	demo_fixation: pos = array([ 0.29907407, -0.26574074])
11.4743 	EXP 	demo_fixation: pos = array([ 0.29907407, -0.26574074])
11.4743 	EXP 	demo_fixation: opacity = 1
11.4743 	EXP 	demo_enclosing_1: autoDraw = False
11.4743 	EXP 	demo_enclosing: autoDraw = False
11.4743 	EXP 	demo_target: autoDraw = False
11.4743 	EXP 	demo_fixation: autoDraw = False
11.4743 	EXP 	demo_fixation: opacity = 1
11.4743 	EXP 	demo_target_feedback: pos = array([ 0.3, -0.3])
11.4743 	EXP 	demo_fixation_feedback: pos = array([ 0.29907407, -0.26574074])
11.4743 	EXP 	demo_score_text: text = 'Your score: 0'
11.4743 	EXP 	demo_enclosing_feedback_1: autoDraw = True
11.4743 	EXP 	demo_enclosing_feedback: autoDraw = True
11.4743 	EXP 	demo_target_feedback: autoDraw = True
11.4743 	EXP 	demo_fixation_feedback: autoDraw = True
11.4743 	EXP 	demo_score_text: autoDraw = True
11.5343 	DATA 	Mouse:  Left button up, pos=(1474,85)
11.9806 	EXP 	demo_fixation_feedback: autoDraw = False
12.4660 	EXP 	New trial (rep=0, index=1): OrderedDict([('target_x', 0.3), ('target_y', 0.3), ('rotation', 0)])
12.4671 	EXP 	window1: mouseVisible = False
12.4798 	EXP 	demo_enclosing_feedback_1: autoDraw = False
12.4798 	EXP 	demo_enclosing_feedback: autoDraw = False
12.4798 	EXP 	demo_target_feedback: autoDraw = False
12.4798 	EXP 	demo_fixation_feedback: autoDraw = False
12.4798 	EXP 	demo_score_text: autoDraw = False
12.4798 	EXP 	demo_fixation: opacity = 1
12.4798 	EXP 	demo_fixation: pos = [0, 0]
12.4798 	EXP 	demo_target: pos = array([0.3, 0.3])
12.4798 	EXP 	demo_fixation: pos = array([0., 0.])
12.4798 	EXP 	demo_fixation: opacity = 1
12.4798 	EXP 	demo_fixation: pos = [0, 0]
12.4798 	EXP 	demo_enclosing_1: autoDraw = True
12.4798 	EXP 	demo_enclosing: autoDraw = True
12.4798 	EXP 	demo_fixation: autoDraw = True
12.4801 	EXP 	window1: mouseVisible = False
12.4965 	EXP 	demo_fixation: opacity = 1
12.4965 	EXP 	demo_fixation: pos = [0, 0]
12.4967 	EXP 	window1: mouseVisible = False
12.5130 	EXP 	demo_fixation: opacity = 1
12.5130 	EXP 	demo_fixation: pos = [0, 0]
12.5132 	EXP 	window1: mouseVisible = False
12.5296 	EXP 	demo_fixation: opacity = 1
12.5296 	EXP 	demo_fixation: pos = [0, 0]
12.5299 	EXP 	window1: mouseVisible = False
12.5468 	EXP 	demo_fixation: opacity = 1
12.5468 	EXP 	demo_fixation: pos = [0, 0]
12.5469 	EXP 	window1: mouseVisible = False
12.5631 	EXP 	demo_fixation: opacity = 1
12.5631 	EXP 	demo_fixation: pos = [0, 0]
12.5632 	EXP 	window1: mouseVisible = False
12.5795 	EXP 	demo_fixation: opacity = 1
12.5795 	EXP 	demo_fixation: pos = [0, 0]
12.5796 	EXP 	window1: mouseVisible = False
12.5968 	EXP 	demo_fixation: opacity = 1
12.5968 	EXP 	demo_fixation: pos = [0, 0]
12.5970 	EXP 	window1: mouseVisible = False
12.6139 	EXP 	demo_fixation: opacity = 1
12.6139 	EXP 	demo_fixation: pos = [0, 0]
12.6143 	EXP 	window1: mouseVisible = False
12.6308 	EXP 	demo_fixation: opacity = 1
12.6308 	EXP 	demo_fixation: pos = [0, 0]
12.6311 	EXP 	window1: mouseVisible = False
12.6475 	EXP 	demo_fixation: opacity = 1
12.6475 	EXP 	demo_fixation: pos = [0, 0]
12.6479 	EXP 	window1: mouseVisible = False
12.6636 	EXP 	demo_fixation: opacity = 1
12.6636 	EXP 	demo_fixation: pos = [0, 0]
12.6639 	EXP 	window1: mouseVisible = False
12.6802 	EXP 	demo_fixation: opacity = 1
12.6802 	EXP 	demo_fixation: pos = [0, 0]
12.6805 	EXP 	window1: mouseVisible = False
12.6968 	EXP 	demo_fixation: opacity = 1
12.6968 	EXP 	demo_fixation: pos = [0, 0]
12.6972 	EXP 	window1: mouseVisible = False
12.7135 	EXP 	demo_fixation: opacity = 1
12.7135 	EXP 	demo_fixation: pos = [0, 0]
12.7138 	EXP 	window1: mouseVisible = False
12.7302 	EXP 	demo_fixation: opacity = 1
12.7302 	EXP 	demo_fixation: pos = [0, 0]
12.7306 	EXP 	window1: mouseVisible = False
12.7468 	EXP 	demo_fixation: opacity = 1
12.7468 	EXP 	demo_fixation: pos = [0, 0]
12.7472 	EXP 	window1: mouseVisible = False
12.7638 	EXP 	demo_fixation: opacity = 1
12.7638 	EXP 	demo_fixation: pos = [0, 0]
12.7641 	EXP 	window1: mouseVisible = False
12.7806 	EXP 	demo_fixation: opacity = 1
12.7806 	EXP 	demo_fixation: pos = [0, 0]
12.7809 	EXP 	window1: mouseVisible = False
12.7964 	EXP 	demo_fixation: opacity = 1
12.7964 	EXP 	demo_fixation: pos = [0, 0]
12.7967 	EXP 	window1: mouseVisible = False
12.8129 	EXP 	demo_fixation: opacity = 1
12.8129 	EXP 	demo_fixation: pos = [0, 0]
12.8131 	EXP 	window1: mouseVisible = False
12.8303 	EXP 	demo_fixation: opacity = 1
12.8303 	EXP 	demo_fixation: pos = [0, 0]
12.8305 	EXP 	window1: mouseVisible = False
12.8462 	EXP 	demo_fixation: opacity = 1
12.8462 	EXP 	demo_fixation: pos = [0, 0]
12.8465 	EXP 	window1: mouseVisible = False
12.8631 	EXP 	demo_fixation: opacity = 1
12.8631 	EXP 	demo_fixation: pos = [0, 0]
12.8633 	EXP 	window1: mouseVisible = False
12.8796 	EXP 	demo_fixation: opacity = 1
12.8796 	EXP 	demo_fixation: pos = [0, 0]
12.8800 	EXP 	window1: mouseVisible = False
12.8969 	EXP 	demo_fixation: opacity = 1
12.8969 	EXP 	demo_fixation: pos = [0, 0]
12.8971 	EXP 	window1: mouseVisible = False
12.9136 	EXP 	demo_fixation: opacity = 1
12.9136 	EXP 	demo_fixation: pos = [0, 0]
12.9139 	EXP 	window1: mouseVisible = False
12.9296 	EXP 	demo_fixation: opacity = 1
12.9296 	EXP 	demo_fixation: pos = [0, 0]
12.9299 	EXP 	window1: mouseVisible = False
12.9462 	EXP 	demo_fixation: opacity = 1
12.9462 	EXP 	demo_fixation: pos = [0, 0]
12.9465 	EXP 	window1: mouseVisible = False
12.9628 	EXP 	demo_fixation: opacity = 1
12.9628 	EXP 	demo_fixation: pos = [0, 0]
12.9631 	EXP 	window1: mouseVisible = False
12.9795 	EXP 	demo_fixation: opacity = 1
12.9795 	EXP 	demo_fixation: pos = [0, 0]
12.9798 	EXP 	window1: mouseVisible = False
12.9961 	EXP 	demo_fixation: opacity = 1
12.9961 	EXP 	demo_fixation: pos = [0, 0]
12.9964 	EXP 	window1: mouseVisible = False
13.0128 	EXP 	demo_fixation: opacity = 1
13.0128 	EXP 	demo_fixation: pos = [0, 0]
13.0131 	EXP 	window1: mouseVisible = False
13.0294 	EXP 	demo_fixation: opacity = 1
13.0294 	EXP 	demo_fixation: pos = [0, 0]
13.0298 	EXP 	window1: mouseVisible = False
13.0461 	EXP 	demo_fixation: opacity = 1
13.0461 	EXP 	demo_fixation: pos = [0, 0]
13.0464 	EXP 	window1: mouseVisible = False
13.0627 	EXP 	demo_fixation: opacity = 1
13.0627 	EXP 	demo_fixation: pos = [0, 0]
13.0630 	EXP 	window1: mouseVisible = False
13.0793 	EXP 	demo_fixation: opacity = 1
13.0793 	EXP 	demo_fixation: pos = [0, 0]
13.0796 	EXP 	window1: mouseVisible = False
13.0960 	EXP 	demo_fixation: opacity = 1
13.0960 	EXP 	demo_fixation: pos = [0, 0]
13.0963 	EXP 	window1: mouseVisible = False
13.1128 	EXP 	demo_fixation: opacity = 1
13.1128 	EXP 	demo_fixation: pos = [0, 0]
13.1131 	EXP 	window1: mouseVisible = False
13.1294 	EXP 	demo_fixation: opacity = 1
13.1294 	EXP 	demo_fixation: pos = [0, 0]
13.1297 	EXP 	window1: mouseVisible = False
13.1462 	EXP 	demo_fixation: opacity = 1
13.1462 	EXP 	demo_fixation: pos = [0, 0]
13.1465 	EXP 	window1: mouseVisible = False
13.1628 	EXP 	demo_fixation: opacity = 1
13.1628 	EXP 	demo_fixation: pos = [0, 0]
13.1630 	EXP 	window1: mouseVisible = False
13.1793 	EXP 	demo_fixation: opacity = 1
13.1793 	EXP 	demo_fixation: pos = [0, 0]
13.1795 	EXP 	window1: mouseVisible = False
13.1961 	EXP 	demo_fixation: opacity = 1
13.1961 	EXP 	demo_fixation: pos = [0, 0]
13.1964 	EXP 	window1: mouseVisible = False
13.2126 	EXP 	demo_fixation: opacity = 1
13.2126 	EXP 	demo_fixation: pos = [0, 0]
13.2129 	EXP 	window1: mouseVisible = False
13.2293 	EXP 	demo_fixation: opacity = 1
13.2293 	EXP 	demo_fixation: pos = [0, 0]
13.2296 	EXP 	window1: mouseVisible = False
13.2460 	EXP 	demo_fixation: opacity = 1
13.2460 	EXP 	demo_fixation: pos = [0, 0]
13.2463 	EXP 	window1: mouseVisible = False
13.2625 	EXP 	demo_fixation: opacity = 1
13.2625 	EXP 	demo_fixation: pos = [0, 0]
13.2628 	EXP 	window1: mouseVisible = False
13.2791 	EXP 	demo_fixation: opacity = 1
13.2791 	EXP 	demo_fixation: pos = [0, 0]
13.2795 	EXP 	window1: mouseVisible = False
13.2959 	EXP 	demo_fixation: opacity = 1
13.2959 	EXP 	demo_fixation: pos = [0, 0]
13.2961 	EXP 	window1: mouseVisible = False
13.3125 	EXP 	demo_fixation: opacity = 1
13.3125 	EXP 	demo_fixation: pos = [0, 0]
13.3127 	EXP 	window1: mouseVisible = False
13.3293 	EXP 	demo_fixation: opacity = 1
13.3293 	EXP 	demo_fixation: pos = [0, 0]
13.3295 	EXP 	window1: mouseVisible = False
13.3459 	EXP 	demo_fixation: opacity = 1
13.3459 	EXP 	demo_fixation: pos = [0, 0]
13.3463 	EXP 	window1: mouseVisible = False
13.3627 	EXP 	demo_fixation: opacity = 1
13.3627 	EXP 	demo_fixation: pos = [0, 0]
13.3630 	EXP 	window1: mouseVisible = False
13.3792 	EXP 	demo_fixation: opacity = 1
13.3792 	EXP 	demo_fixation: pos = [0, 0]
13.3795 	EXP 	window1: mouseVisible = False
13.3958 	EXP 	demo_fixation: opacity = 1
13.3958 	EXP 	demo_fixation: pos = [0, 0]
13.3960 	EXP 	window1: mouseVisible = False
13.4129 	EXP 	demo_fixation: opacity = 1
13.4129 	EXP 	demo_fixation: pos = [0, 0]
13.4131 	EXP 	window1: mouseVisible = False
13.4291 	EXP 	demo_fixation: opacity = 1
13.4291 	EXP 	demo_fixation: pos = [0, 0]
13.4294 	EXP 	window1: mouseVisible = False
13.4457 	EXP 	demo_fixation: opacity = 1
13.4457 	EXP 	demo_fixation: pos = [0, 0]
13.4460 	EXP 	window1: mouseVisible = False
13.4631 	EXP 	demo_fixation: opacity = 1
13.4631 	EXP 	demo_fixation: pos = [0, 0]
13.4634 	EXP 	window1: mouseVisible = False
13.4790 	EXP 	demo_fixation: opacity = 1
13.4790 	EXP 	demo_fixation: pos = [0, 0]
13.4790 	EXP 	demo_target: autoDraw = True
13.4793 	EXP 	window1: mouseVisible = False
13.4957 	EXP 	demo_fixation: opacity = 1
13.4957 	EXP 	demo_fixation: pos = [0, 0]
13.4960 	EXP 	window1: mouseVisible = False
13.5123 	EXP 	demo_fixation: opacity = 1
13.5123 	EXP 	demo_fixation: pos = [0, 0]
13.5126 	EXP 	window1: mouseVisible = False
13.5289 	EXP 	demo_fixation: opacity = 1
13.5289 	EXP 	demo_fixation: pos = [0, 0]
13.5292 	EXP 	window1: mouseVisible = False
13.5457 	EXP 	demo_fixation: opacity = 1
13.5457 	EXP 	demo_fixation: pos = [0, 0]
13.5459 	EXP 	window1: mouseVisible = False
13.5623 	EXP 	demo_fixation: opacity = 1
13.5623 	EXP 	demo_fixation: pos = [0, 0]
13.5625 	EXP 	window1: mouseVisible = False
13.5790 	EXP 	demo_fixation: opacity = 1
13.5790 	EXP 	demo_fixation: pos = [0, 0]
13.5792 	EXP 	window1: mouseVisible = False
13.5957 	EXP 	demo_fixation: opacity = 1
13.5957 	EXP 	demo_fixation: pos = [0, 0]
13.5960 	EXP 	window1: mouseVisible = False
13.6127 	EXP 	demo_fixation: opacity = 1
13.6127 	EXP 	demo_fixation: pos = [0, 0]
13.6130 	EXP 	window1: mouseVisible = False
13.6290 	EXP 	demo_fixation: opacity = 1
13.6290 	EXP 	demo_fixation: pos = [0, 0]
13.6293 	EXP 	window1: mouseVisible = False
13.6456 	EXP 	demo_fixation: opacity = 1
13.6456 	EXP 	demo_fixation: pos = [0, 0]
13.6459 	EXP 	window1: mouseVisible = False
13.6624 	EXP 	demo_fixation: opacity = 1
13.6624 	EXP 	demo_fixation: pos = [0, 0]
13.6626 	EXP 	window1: mouseVisible = False
13.6790 	EXP 	demo_fixation: opacity = 1
13.6790 	EXP 	demo_fixation: pos = [0, 0]
13.6793 	EXP 	window1: mouseVisible = False
13.6956 	EXP 	demo_fixation: opacity = 1
13.6956 	EXP 	demo_fixation: pos = [0, 0]
13.6959 	EXP 	window1: mouseVisible = False
13.7130 	EXP 	demo_fixation: opacity = 1
13.7130 	EXP 	demo_fixation: pos = [0, 0]
13.7133 	EXP 	window1: mouseVisible = False
13.7288 	EXP 	demo_fixation: opacity = 1
13.7288 	EXP 	demo_fixation: pos = [0, 0]
13.7291 	EXP 	window1: mouseVisible = False
13.7454 	EXP 	demo_fixation: opacity = 1
13.7454 	EXP 	demo_fixation: pos = [0, 0]
13.7457 	EXP 	window1: mouseVisible = False
13.7622 	EXP 	demo_fixation: opacity = 1
13.7622 	EXP 	demo_fixation: pos = [0, 0]
13.7625 	EXP 	window1: mouseVisible = False
13.7786 	EXP 	demo_fixation: opacity = 1
13.7786 	EXP 	demo_fixation: pos = [0, 0]
13.7789 	EXP 	window1: mouseVisible = False
13.7952 	EXP 	demo_fixation: opacity = 1
13.7952 	EXP 	demo_fixation: pos = [0, 0]
13.7954 	EXP 	window1: mouseVisible = False
13.8116 	EXP 	demo_fixation: opacity = 1
13.8116 	EXP 	demo_fixation: pos = [0, 0]
13.8118 	EXP 	window1: mouseVisible = False
13.8284 	EXP 	demo_fixation: opacity = 1
13.8284 	EXP 	demo_fixation: pos = [0, 0]
13.8286 	EXP 	window1: mouseVisible = False
13.8451 	EXP 	demo_fixation: opacity = 1
13.8451 	EXP 	demo_fixation: pos = [0, 0]
13.8453 	EXP 	window1: mouseVisible = False
13.8618 	EXP 	demo_fixation: opacity = 1
13.8618 	EXP 	demo_fixation: pos = [0, 0]
13.8621 	EXP 	window1: mouseVisible = False
13.8791 	EXP 	demo_fixation: opacity = 1
13.8791 	EXP 	demo_fixation: pos = [0, 0]
13.8793 	EXP 	window1: mouseVisible = False
13.8954 	EXP 	demo_fixation: opacity = 1
13.8954 	EXP 	demo_fixation: pos = [0, 0]
13.8956 	EXP 	window1: mouseVisible = False
13.9119 	EXP 	demo_fixation: opacity = 1
13.9119 	EXP 	demo_fixation: pos = [0, 0]
13.9121 	EXP 	window1: mouseVisible = False
13.9285 	EXP 	demo_fixation: opacity = 1
13.9285 	EXP 	demo_fixation: pos = [0, 0]
13.9288 	EXP 	window1: mouseVisible = False
13.9448 	EXP 	demo_fixation: opacity = 1
13.9448 	EXP 	demo_fixation: pos = [0, 0]
13.9450 	EXP 	window1: mouseVisible = False
13.9622 	EXP 	demo_fixation: opacity = 1
13.9622 	EXP 	demo_fixation: pos = [0, 0]
13.9624 	EXP 	window1: mouseVisible = False
13.9782 	EXP 	demo_fixation: opacity = 1
13.9782 	EXP 	demo_fixation: pos = [0, 0]
13.9785 	EXP 	window1: mouseVisible = False
13.9947 	EXP 	demo_fixation: opacity = 1
13.9947 	EXP 	demo_fixation: pos = [0, 0]
13.9949 	EXP 	window1: mouseVisible = False
13.9994 	DATA 	Mouse: Left button down, pos=(1005,495)
14.0121 	EXP 	demo_fixation: opacity = 0
14.0121 	EXP 	demo_fixation: pos = array([0., 0.])
14.0123 	EXP 	window1: mouseVisible = False
14.0280 	EXP 	demo_fixation: opacity = 0
14.0280 	EXP 	demo_fixation: pos = array([0.01481481, 0.00648148])
14.0282 	EXP 	window1: mouseVisible = False
14.0447 	EXP 	demo_fixation: opacity = 0
14.0447 	EXP 	demo_fixation: pos = array([0.04537037, 0.02037037])
14.0449 	EXP 	window1: mouseVisible = False
14.0617 	EXP 	demo_fixation: opacity = 0
14.0617 	EXP 	demo_fixation: pos = array([0.08055556, 0.03148148])
14.0619 	EXP 	window1: mouseVisible = False
14.0791 	EXP 	demo_fixation: opacity = 0
14.0791 	EXP 	demo_fixation: pos = array([0.1       , 0.03796296])
14.0793 	EXP 	window1: mouseVisible = False
14.0954 	EXP 	demo_fixation: opacity = 0
14.0954 	EXP 	demo_fixation: pos = array([0.14351852, 0.04907407])
14.0956 	EXP 	window1: mouseVisible = False
14.1119 	EXP 	demo_fixation: opacity = 0
14.1119 	EXP 	demo_fixation: pos = array([0.18055556, 0.05648148])
14.1121 	EXP 	window1: mouseVisible = False
14.1284 	EXP 	demo_fixation: opacity = 0
14.1284 	EXP 	demo_fixation: pos = array([0.21851852, 0.06388889])
14.1286 	EXP 	window1: mouseVisible = False
14.1450 	EXP 	demo_fixation: opacity = 0
14.1450 	EXP 	demo_fixation: pos = array([0.23611111, 0.06759259])
14.1452 	EXP 	window1: mouseVisible = False
14.1619 	EXP 	demo_fixation: opacity = 0
14.1619 	EXP 	demo_fixation: pos = array([0.27037037, 0.07222222])
14.1621 	EXP 	window1: mouseVisible = False
14.1783 	EXP 	demo_fixation: opacity = 0
14.1783 	EXP 	demo_fixation: pos = array([0.30833333, 0.07592593])
14.1785 	EXP 	window1: mouseVisible = False
14.1949 	EXP 	demo_fixation: opacity = 0
14.1949 	EXP 	demo_fixation: pos = array([0.34259259, 0.07777778])
14.1951 	EXP 	window1: mouseVisible = False
14.2116 	EXP 	demo_fixation: opacity = 0
14.2116 	EXP 	demo_fixation: pos = array([0.36111111, 0.0787037 ])
14.2118 	EXP 	window1: mouseVisible = False
14.2283 	EXP 	demo_fixation: opacity = 0
14.2283 	EXP 	demo_fixation: pos = array([0.39166667, 0.07962963])
14.2285 	EXP 	window1: mouseVisible = False
14.2469 	EXP 	demo_fixation: opacity = 0
14.2469 	EXP 	demo_fixation: pos = array([0.41759259, 0.08055556])
14.2469 	EXP 	demo_fixation: pos = array([0.41759259, 0.08055556])
14.2469 	EXP 	demo_fixation: opacity = 1
14.2469 	EXP 	demo_enclosing_1: autoDraw = False
14.2469 	EXP 	demo_enclosing: autoDraw = False
14.2469 	EXP 	demo_target: autoDraw = False
14.2469 	EXP 	demo_fixation: autoDraw = False
14.2469 	EXP 	demo_fixation: opacity = 1
14.2469 	EXP 	demo_target_feedback: pos = array([0.3, 0.3])
14.2469 	EXP 	demo_fixation_feedback: pos = array([0.41759259, 0.08055556])
14.2469 	EXP 	demo_score_text: text = 'Your score: 0'
14.2469 	EXP 	demo_enclosing_feedback_1: autoDraw = True
14.2469 	EXP 	demo_enclosing_feedback: autoDraw = True
14.2469 	EXP 	demo_target_feedback: autoDraw = True
14.2469 	EXP 	demo_fixation_feedback: autoDraw = True
14.2469 	EXP 	demo_score_text: autoDraw = True
14.4168 	DATA 	Mouse:  Left button up, pos=(1559,606)
14.7608 	EXP 	demo_fixation_feedback: autoDraw = False
15.2468 	EXP 	New trial (rep=0, index=2): OrderedDict([('target_x', -0.3), ('target_y', 0.3), ('rotation', 0)])
15.2482 	EXP 	window1: mouseVisible = False
15.2612 	EXP 	demo_enclosing_feedback_1: autoDraw = False
15.2612 	EXP 	demo_enclosing_feedback: autoDraw = False
15.2612 	EXP 	demo_target_feedback: autoDraw = False
15.2612 	EXP 	demo_fixation_feedback: autoDraw = False
15.2612 	EXP 	demo_score_text: autoDraw = False
15.2612 	EXP 	demo_fixation: opacity = 1
15.2612 	EXP 	demo_fixation: pos = [0, 0]
15.2612 	EXP 	demo_target: pos = array([-0.3,  0.3])
15.2612 	EXP 	demo_fixation: pos = array([0., 0.])
15.2612 	EXP 	demo_fixation: opacity = 1
15.2612 	EXP 	demo_fixation: pos = [0, 0]
15.2612 	EXP 	demo_enclosing_1: autoDraw = True
15.2612 	EXP 	demo_enclosing: autoDraw = True
15.2612 	EXP 	demo_fixation: autoDraw = True
15.2615 	EXP 	window1: mouseVisible = False
15.2774 	EXP 	demo_fixation: opacity = 1
15.2774 	EXP 	demo_fixation: pos = [0, 0]
15.2777 	EXP 	window1: mouseVisible = False
15.2941 	EXP 	demo_fixation: opacity = 1
15.2941 	EXP 	demo_fixation: pos = [0, 0]
15.2944 	EXP 	window1: mouseVisible = False
15.3107 	EXP 	demo_fixation: opacity = 1
15.3107 	EXP 	demo_fixation: pos = [0, 0]
15.3109 	EXP 	window1: mouseVisible = False
15.3272 	EXP 	demo_fixation: opacity = 1
15.3272 	EXP 	demo_fixation: pos = [0, 0]
15.3274 	EXP 	window1: mouseVisible = False
15.3441 	EXP 	demo_fixation: opacity = 1
15.3441 	EXP 	demo_fixation: pos = [0, 0]
15.3444 	EXP 	window1: mouseVisible = False
15.3607 	EXP 	demo_fixation: opacity = 1
15.3607 	EXP 	demo_fixation: pos = [0, 0]
15.3610 	EXP 	window1: mouseVisible = False
15.3779 	EXP 	demo_fixation: opacity = 1
15.3779 	EXP 	demo_fixation: pos = [0, 0]
15.3782 	EXP 	window1: mouseVisible = False
15.3948 	EXP 	demo_fixation: opacity = 1
15.3948 	EXP 	demo_fixation: pos = [0, 0]
15.3950 	EXP 	window1: mouseVisible = False
15.4105 	EXP 	demo_fixation: opacity = 1
15.4105 	EXP 	demo_fixation: pos = [0, 0]
15.4108 	EXP 	window1: mouseVisible = False
15.4272 	EXP 	demo_fixation: opacity = 1
15.4272 	EXP 	demo_fixation: pos = [0, 0]
15.4275 	EXP 	window1: mouseVisible = False
15.4439 	EXP 	demo_fixation: opacity = 1
15.4439 	EXP 	demo_fixation: pos = [0, 0]
15.4442 	EXP 	window1: mouseVisible = False
15.4612 	EXP 	demo_fixation: opacity = 1
15.4612 	EXP 	demo_fixation: pos = [0, 0]
15.4615 	EXP 	window1: mouseVisible = False
15.4773 	EXP 	demo_fixation: opacity = 1
15.4773 	EXP 	demo_fixation: pos = [0, 0]
15.4776 	EXP 	window1: mouseVisible = False
15.4939 	EXP 	demo_fixation: opacity = 1
15.4939 	EXP 	demo_fixation: pos = [0, 0]
15.4942 	EXP 	window1: mouseVisible = False
15.5105 	EXP 	demo_fixation: opacity = 1
15.5105 	EXP 	demo_fixation: pos = [0, 0]
15.5107 	EXP 	window1: mouseVisible = False
15.5272 	EXP 	demo_fixation: opacity = 1
15.5272 	EXP 	demo_fixation: pos = [0, 0]
15.5275 	EXP 	window1: mouseVisible = False
15.5437 	EXP 	demo_fixation: opacity = 1
15.5437 	EXP 	demo_fixation: pos = [0, 0]
15.5440 	EXP 	window1: mouseVisible = False
15.5608 	EXP 	demo_fixation: opacity = 1
15.5608 	EXP 	demo_fixation: pos = [0, 0]
15.5611 	EXP 	window1: mouseVisible = False
15.5775 	EXP 	demo_fixation: opacity = 1
15.5775 	EXP 	demo_fixation: pos = [0, 0]
15.5778 	EXP 	window1: mouseVisible = False
15.5938 	EXP 	demo_fixation: opacity = 1
15.5938 	EXP 	demo_fixation: pos = [0, 0]
15.5941 	EXP 	window1: mouseVisible = False
15.6104 	EXP 	demo_fixation: opacity = 1
15.6104 	EXP 	demo_fixation: pos = [0, 0]
15.6107 	EXP 	window1: mouseVisible = False
15.6272 	EXP 	demo_fixation: opacity = 1
15.6272 	EXP 	demo_fixation: pos = [0, 0]
15.6274 	EXP 	window1: mouseVisible = False
15.6438 	EXP 	demo_fixation: opacity = 1
15.6438 	EXP 	demo_fixation: pos = [0, 0]
15.6441 	EXP 	window1: mouseVisible = False
15.6608 	EXP 	demo_fixation: opacity = 1
15.6608 	EXP 	demo_fixation: pos = [0, 0]
15.6610 	EXP 	window1: mouseVisible = False
15.6775 	EXP 	demo_fixation: opacity = 1
15.6775 	EXP 	demo_fixation: pos = [0, 0]
15.6778 	EXP 	window1: mouseVisible = False
15.6937 	EXP 	demo_fixation: opacity = 1
15.6937 	EXP 	demo_fixation: pos = [0, 0]
15.6939 	EXP 	window1: mouseVisible = False
15.7102 	EXP 	demo_fixation: opacity = 1
15.7102 	EXP 	demo_fixation: pos = [0, 0]
15.7105 	EXP 	window1: mouseVisible = False
15.7268 	EXP 	demo_fixation: opacity = 1
15.7268 	EXP 	demo_fixation: pos = [0, 0]
15.7271 	EXP 	window1: mouseVisible = False
15.7436 	EXP 	demo_fixation: opacity = 1
15.7436 	EXP 	demo_fixation: pos = [0, 0]
15.7439 	EXP 	window1: mouseVisible = False
15.7603 	EXP 	demo_fixation: opacity = 1
15.7603 	EXP 	demo_fixation: pos = [0, 0]
15.7606 	EXP 	window1: mouseVisible = False
15.7770 	EXP 	demo_fixation: opacity = 1
15.7770 	EXP 	demo_fixation: pos = [0, 0]
15.7773 	EXP 	window1: mouseVisible = False
15.7935 	EXP 	demo_fixation: opacity = 1
15.7935 	EXP 	demo_fixation: pos = [0, 0]
15.7938 	EXP 	window1: mouseVisible = False
15.8101 	EXP 	demo_fixation: opacity = 1
15.8101 	EXP 	demo_fixation: pos = [0, 0]
15.8104 	EXP 	window1: mouseVisible = False
15.8269 	EXP 	demo_fixation: opacity = 1
15.8269 	EXP 	demo_fixation: pos = [0, 0]
15.8272 	EXP 	window1: mouseVisible = False
15.8436 	EXP 	demo_fixation: opacity = 1
15.8436 	EXP 	demo_fixation: pos = [0, 0]
15.8438 	EXP 	window1: mouseVisible = False
15.8603 	EXP 	demo_fixation: opacity = 1
15.8603 	EXP 	demo_fixation: pos = [0, 0]
15.8606 	EXP 	window1: mouseVisible = False
15.8769 	EXP 	demo_fixation: opacity = 1
15.8769 	EXP 	demo_fixation: pos = [0, 0]
15.8772 	EXP 	window1: mouseVisible = False
15.8939 	EXP 	demo_fixation: opacity = 1
15.8939 	EXP 	demo_fixation: pos = [0, 0]
15.8942 	EXP 	window1: mouseVisible = False
15.9101 	EXP 	demo_fixation: opacity = 1
15.9101 	EXP 	demo_fixation: pos = [0, 0]
15.9103 	EXP 	window1: mouseVisible = False
15.9274 	EXP 	demo_fixation: opacity = 1
15.9274 	EXP 	demo_fixation: pos = [0, 0]
15.9277 	EXP 	window1: mouseVisible = False
15.9435 	EXP 	demo_fixation: opacity = 1
15.9435 	EXP 	demo_fixation: pos = [0, 0]
15.9438 	EXP 	window1: mouseVisible = False
15.9600 	EXP 	demo_fixation: opacity = 1
15.9600 	EXP 	demo_fixation: pos = [0, 0]
15.9603 	EXP 	window1: mouseVisible = False
15.9768 	EXP 	demo_fixation: opacity = 1
15.9768 	EXP 	demo_fixation: pos = [0, 0]
15.9771 	EXP 	window1: mouseVisible = False
15.9941 	EXP 	demo_fixation: opacity = 1
15.9941 	EXP 	demo_fixation: pos = [0, 0]
15.9944 	EXP 	window1: mouseVisible = False
16.0102 	EXP 	demo_fixation: opacity = 1
16.0102 	EXP 	demo_fixation: pos = [0, 0]
16.0104 	EXP 	window1: mouseVisible = False
16.0266 	EXP 	demo_fixation: opacity = 1
16.0266 	EXP 	demo_fixation: pos = [0, 0]
16.0268 	EXP 	window1: mouseVisible = False
16.0433 	EXP 	demo_fixation: opacity = 1
16.0433 	EXP 	demo_fixation: pos = [0, 0]
16.0435 	EXP 	window1: mouseVisible = False
16.0598 	EXP 	demo_fixation: opacity = 1
16.0598 	EXP 	demo_fixation: pos = [0, 0]
16.0601 	EXP 	window1: mouseVisible = False
16.0770 	EXP 	demo_fixation: opacity = 1
16.0770 	EXP 	demo_fixation: pos = [0, 0]
16.0772 	EXP 	window1: mouseVisible = False
16.0932 	EXP 	demo_fixation: opacity = 1
16.0932 	EXP 	demo_fixation: pos = [0, 0]
16.0937 	EXP 	window1: mouseVisible = False
16.1101 	EXP 	demo_fixation: opacity = 1
16.1101 	EXP 	demo_fixation: pos = [0, 0]
16.1104 	EXP 	window1: mouseVisible = False
16.1265 	EXP 	demo_fixation: opacity = 1
16.1265 	EXP 	demo_fixation: pos = [0, 0]
16.1268 	EXP 	window1: mouseVisible = False
16.1433 	EXP 	demo_fixation: opacity = 1
16.1433 	EXP 	demo_fixation: pos = [0, 0]
16.1435 	EXP 	window1: mouseVisible = False
16.1598 	EXP 	demo_fixation: opacity = 1
16.1598 	EXP 	demo_fixation: pos = [0, 0]
16.1600 	EXP 	window1: mouseVisible = False
16.1766 	EXP 	demo_fixation: opacity = 1
16.1766 	EXP 	demo_fixation: pos = [0, 0]
16.1769 	EXP 	window1: mouseVisible = False
16.1932 	EXP 	demo_fixation: opacity = 1
16.1932 	EXP 	demo_fixation: pos = [0, 0]
16.1935 	EXP 	window1: mouseVisible = False
16.2098 	EXP 	demo_fixation: opacity = 1
16.2098 	EXP 	demo_fixation: pos = [0, 0]
16.2100 	EXP 	window1: mouseVisible = False
16.2264 	EXP 	demo_fixation: opacity = 1
16.2264 	EXP 	demo_fixation: pos = [0, 0]
16.2267 	EXP 	window1: mouseVisible = False
16.2432 	EXP 	demo_fixation: opacity = 1
16.2432 	EXP 	demo_fixation: pos = [0, 0]
16.2435 	EXP 	window1: mouseVisible = False
16.2599 	EXP 	demo_fixation: opacity = 1
16.2599 	EXP 	demo_fixation: pos = [0, 0]
16.2602 	EXP 	window1: mouseVisible = False
16.2762 	EXP 	demo_fixation: opacity = 1
16.2762 	EXP 	demo_fixation: pos = [0, 0]
16.2764 	EXP 	window1: mouseVisible = False
16.2936 	EXP 	demo_fixation: opacity = 1
16.2936 	EXP 	demo_fixation: pos = [0, 0]
16.2939 	EXP 	window1: mouseVisible = False
16.3096 	EXP 	demo_fixation: opacity = 1
16.3096 	EXP 	demo_fixation: pos = [0, 0]
16.3099 	EXP 	window1: mouseVisible = False
16.3263 	EXP 	demo_fixation: opacity = 1
16.3263 	EXP 	demo_fixation: pos = [0, 0]
16.3266 	EXP 	window1: mouseVisible = False
16.3431 	EXP 	demo_fixation: opacity = 1
16.3431 	EXP 	demo_fixation: pos = [0, 0]
16.3434 	EXP 	window1: mouseVisible = False
16.3592 	EXP 	demo_fixation: opacity = 1
16.3592 	EXP 	demo_fixation: pos = [0, 0]
16.3594 	EXP 	window1: mouseVisible = False
16.3764 	EXP 	demo_fixation: opacity = 1
16.3764 	EXP 	demo_fixation: pos = [0, 0]
16.3766 	EXP 	window1: mouseVisible = False
16.3930 	EXP 	demo_fixation: opacity = 1
16.3930 	EXP 	demo_fixation: pos = [0, 0]
16.3932 	EXP 	window1: mouseVisible = False
16.4091 	EXP 	demo_fixation: opacity = 1
16.4091 	EXP 	demo_fixation: pos = [0, 0]
16.4093 	EXP 	window1: mouseVisible = False
16.4263 	EXP 	demo_fixation: opacity = 1
16.4263 	EXP 	demo_fixation: pos = [0, 0]
16.4265 	EXP 	window1: mouseVisible = False
16.4432 	EXP 	demo_fixation: opacity = 1
16.4432 	EXP 	demo_fixation: pos = [0, 0]
16.4434 	EXP 	window1: mouseVisible = False
16.4592 	EXP 	demo_fixation: opacity = 1
16.4592 	EXP 	demo_fixation: pos = [0, 0]
16.4594 	EXP 	window1: mouseVisible = False
16.4759 	EXP 	demo_fixation: opacity = 1
16.4759 	EXP 	demo_fixation: pos = [0, 0]
16.4761 	EXP 	window1: mouseVisible = False
16.4927 	EXP 	demo_fixation: opacity = 1
16.4927 	EXP 	demo_fixation: pos = [0, 0]
16.4930 	EXP 	window1: mouseVisible = False
16.5097 	EXP 	demo_fixation: opacity = 1
16.5097 	EXP 	demo_fixation: pos = [0, 0]
16.5100 	EXP 	window1: mouseVisible = False
16.5261 	EXP 	demo_fixation: opacity = 1
16.5261 	EXP 	demo_fixation: pos = [0, 0]
16.5264 	EXP 	window1: mouseVisible = False
16.5434 	EXP 	demo_fixation: opacity = 1
16.5434 	EXP 	demo_fixation: pos = [0, 0]
16.5437 	EXP 	window1: mouseVisible = False
16.5595 	EXP 	demo_fixation: opacity = 1
16.5595 	EXP 	demo_fixation: pos = [0, 0]
16.5598 	EXP 	window1: mouseVisible = False
16.5762 	EXP 	demo_fixation: opacity = 1
16.5762 	EXP 	demo_fixation: pos = [0, 0]
16.5765 	EXP 	window1: mouseVisible = False
16.5929 	EXP 	demo_fixation: opacity = 1
16.5929 	EXP 	demo_fixation: pos = [0, 0]
16.5932 	EXP 	window1: mouseVisible = False
16.6095 	EXP 	demo_fixation: opacity = 1
16.6095 	EXP 	demo_fixation: pos = [0, 0]
16.6097 	EXP 	window1: mouseVisible = False
16.6263 	EXP 	demo_fixation: opacity = 1
16.6263 	EXP 	demo_fixation: pos = [0, 0]
16.6263 	EXP 	demo_target: autoDraw = True
16.6266 	EXP 	window1: mouseVisible = False
16.6429 	EXP 	demo_fixation: opacity = 1
16.6429 	EXP 	demo_fixation: pos = [0, 0]
16.6432 	EXP 	window1: mouseVisible = False
16.6595 	EXP 	demo_fixation: opacity = 1
16.6595 	EXP 	demo_fixation: pos = [0, 0]
16.6598 	EXP 	window1: mouseVisible = False
16.6768 	EXP 	demo_fixation: opacity = 1
16.6768 	EXP 	demo_fixation: pos = [0, 0]
16.6769 	EXP 	window1: mouseVisible = False
16.6927 	EXP 	demo_fixation: opacity = 1
16.6927 	EXP 	demo_fixation: pos = [0, 0]
16.6929 	EXP 	window1: mouseVisible = False
16.7089 	EXP 	demo_fixation: opacity = 1
16.7089 	EXP 	demo_fixation: pos = [0, 0]
16.7091 	EXP 	window1: mouseVisible = False
16.7256 	EXP 	demo_fixation: opacity = 1
16.7256 	EXP 	demo_fixation: pos = [0, 0]
16.7258 	EXP 	window1: mouseVisible = False
16.7308 	DATA 	Mouse: Left button down, pos=(1015,539)
16.7423 	EXP 	demo_fixation: opacity = 0
16.7423 	EXP 	demo_fixation: pos = array([0., 0.])
16.7425 	EXP 	window1: mouseVisible = False
16.7584 	EXP 	demo_fixation: opacity = 0
16.7584 	EXP 	demo_fixation: pos = array([0.01111111, 0.00555556])
16.7586 	EXP 	window1: mouseVisible = False
16.7756 	EXP 	demo_fixation: opacity = 0
16.7756 	EXP 	demo_fixation: pos = array([0.03981481, 0.01574074])
16.7758 	EXP 	window1: mouseVisible = False
16.7925 	EXP 	demo_fixation: opacity = 0
16.7925 	EXP 	demo_fixation: pos = array([0.07777778, 0.03055556])
16.7926 	EXP 	window1: mouseVisible = False
16.8092 	EXP 	demo_fixation: opacity = 0
16.8092 	EXP 	demo_fixation: pos = array([0.09814815, 0.03703704])
16.8094 	EXP 	window1: mouseVisible = False
16.8255 	EXP 	demo_fixation: opacity = 0
16.8255 	EXP 	demo_fixation: pos = array([0.13796296, 0.05      ])
16.8256 	EXP 	window1: mouseVisible = False
16.8422 	EXP 	demo_fixation: opacity = 0
16.8422 	EXP 	demo_fixation: pos = array([0.18240741, 0.06296296])
16.8425 	EXP 	window1: mouseVisible = False
16.8591 	EXP 	demo_fixation: opacity = 0
16.8591 	EXP 	demo_fixation: pos = array([0.2287037 , 0.07037037])
16.8593 	EXP 	window1: mouseVisible = False
16.8761 	EXP 	demo_fixation: opacity = 0
16.8761 	EXP 	demo_fixation: pos = array([0.25185185, 0.075     ])
16.8763 	EXP 	window1: mouseVisible = False
16.8924 	EXP 	demo_fixation: opacity = 0
16.8924 	EXP 	demo_fixation: pos = array([0.2962963 , 0.08148148])
16.8926 	EXP 	window1: mouseVisible = False
16.9090 	EXP 	demo_fixation: opacity = 0
16.9090 	EXP 	demo_fixation: pos = array([0.34166667, 0.08703704])
16.9094 	EXP 	window1: mouseVisible = False
16.9257 	EXP 	demo_fixation: opacity = 0
16.9257 	EXP 	demo_fixation: pos = array([0.38888889, 0.09166667])
16.9259 	EXP 	window1: mouseVisible = False
16.9443 	EXP 	demo_fixation: opacity = 0
16.9443 	EXP 	demo_fixation: pos = array([0.41111111, 0.09259259])
16.9443 	EXP 	demo_fixation: pos = array([0.41111111, 0.09259259])
16.9443 	EXP 	demo_fixation: opacity = 1
16.9443 	EXP 	demo_enclosing_1: autoDraw = False
16.9443 	EXP 	demo_enclosing: autoDraw = False
16.9443 	EXP 	demo_target: autoDraw = False
16.9443 	EXP 	demo_fixation: autoDraw = False
16.9443 	EXP 	demo_fixation: opacity = 1
16.9443 	EXP 	demo_target_feedback: pos = array([-0.3,  0.3])
16.9443 	EXP 	demo_fixation_feedback: pos = array([0.41111111, 0.09259259])
16.9443 	EXP 	demo_score_text: text = 'Your score: 0'
16.9443 	EXP 	demo_enclosing_feedback_1: autoDraw = True
16.9443 	EXP 	demo_enclosing_feedback: autoDraw = True
16.9443 	EXP 	demo_target_feedback: autoDraw = True
16.9443 	EXP 	demo_fixation_feedback: autoDraw = True
16.9443 	EXP 	demo_score_text: autoDraw = True
17.0306 	DATA 	Mouse:  Left button up, pos=(1695,667)
17.4133 	DATA 	Keypress: escape
17.4586 	EXP 	demo_fixation_feedback: autoDraw = False
17.6955 	EXP 	window1: mouseVisible = True
