1.5367 	WARNING 	We strongly recommend you activate the PTB sound engine in PsychoPy prefs as the preferred audio engine. Its timing is vastly superior. Your prefs are currently set to use ['sounddevice', 'PTB', 'pyo', 'pygame'] (in that order).
10.9920 	EXP 	Created window1 = Window(allowGUI=False, allowStencil=False, args=UNKNOWN, autoLog=True, bitsMode=UNKNOWN, blendMode='avg', bpc=(8, 8, 8), color=array([0., 0., 0.]), colorSpace='rgb', depthBits=8, fullscr=<method-wrapper '__getattribute__' of attributeSetter object at 0x0000020D3DCA7940>, gamma=None, gammaErrorPolicy='raise', kwargs=UNKNOWN, lms=UNKNOWN, monitor=<psychopy.monitors.calibTools.Monitor object at 0x0000020D3DD81978>, multiSample=False, name='window1', numSamples=2, pos=[0.0, 0.0], screen=0, size=array([1920, 1080]), stencilBits=0, stereo=False, units='height', useFBO=True, useRetina=False, viewOri=0.0, viewPos=None, viewScale=None, waitBlanking=True, winType='pyglet')
10.9928 	EXP 	window1: mouseVisible = True
10.9929 	EXP 	window1: recordFrameIntervals = False
11.1562 	EXP 	window1: recordFrameIntervals = True
11.3407 	EXP 	window1: recordFrameIntervals = False
11.7804 	EXP 	Created Welcome = TextStim(__class__=<class 'psychopy.visual.text.TextStim'>, alignHoriz=method-wrapper(...), alignText='center', alignVert=method-wrapper(...), anchorHoriz='center', anchorVert='center', antialias=True, autoLog=True, bold=False, color='white', colorSpace='named', contrast=1.0, depth=0.0, flipHoriz=False, flipVert=False, font='Arial', fontFiles=[], height=0.04, italic=False, languageStyle='LTR', name='Welcome', opacity=1.0, ori=0, pos=array([0., 0.]), rgb=array([255., 255., 255.]), text=str(...), units='height', win=Window(...), wrapWidth=1)
11.7806 	EXP 	window1: mouseVisible = True
11.7951 	EXP 	Created text = TextStim(__class__=<class 'psychopy.visual.text.TextStim'>, alignHoriz=method-wrapper(...), alignText='center', alignVert=method-wrapper(...), anchorHoriz='center', anchorVert='center', antialias=True, autoLog=True, bold=False, color='white', colorSpace='named', contrast=1.0, depth=0.0, flipHoriz=False, flipVert=False, font='Arial', fontFiles=[], height=0.04, italic=False, languageStyle='LTR', name='text', opacity=1.0, ori=0, pos=array([0., 0.]), rgb=array([255., 255., 255.]), text=str(...), units='height', win=Window(...), wrapWidth=1)
11.7953 	EXP 	window1: mouseVisible = True
11.8060 	EXP 	Created demo_enclosing_1 = Polygon(__class__=<class 'psychopy.visual.polygon.Polygon'>, autoDraw=False, autoLog=True, closeShape=True, color=method-wrapper(...), colorSpace=None, contrast=1.0, depth=0.0, fillColor=array([0., 0., 0.]), fillColorSpace='rgb', fillRGB=array([0., 0., 0.]), interpolate=True, lineColor=array([-1., -1., -1.]), lineColorSpace='rgb', lineRGB=array([-1., -1., -1.]), lineWidth=1, name='demo_enclosing_1', opacity=1.0, ori=array(0.), pos=array([0., 0.]), size=array([0.9, 0.5]), units='height', vertices=ndarray(...), win=Window(...))
11.8122 	EXP 	Created demo_enclosing = Polygon(__class__=<class 'psychopy.visual.polygon.Polygon'>, autoDraw=False, autoLog=True, closeShape=True, color=method-wrapper(...), colorSpace=None, contrast=1.0, depth=-1.0, fillColor=array([0., 0., 0.]), fillColorSpace='rgb', fillRGB=array([0., 0., 0.]), interpolate=True, lineColor=array([-1., -1., -1.]), lineColorSpace='rgb', lineRGB=array([-1., -1., -1.]), lineWidth=1000, name='demo_enclosing', opacity=1.0, ori=array(0.), pos=array([0., 0.]), size=array([0.8, 0.8]), units='height', vertices=ndarray(...), win=Window(...))
11.8155 	EXP 	Created demo_target = ShapeStim(__class__=<class 'psychopy.visual.shape.ShapeStim'>, autoDraw=False, autoLog=True, closeShape=True, contrast=1.0, depth=-2.0, fillColor=array([1., 1., 1.]), fillColorSpace='rgb', interpolate=True, lineColor=array([1., 1., 1.]), lineColorSpace='rgb', lineWidth=1, name='demo_target', opacity=1.0, ori=array(45.), pos=array([0., 0.]), size=array([0.05, 0.05]), units='height', vertices=ndarray(...), win=Window(...), windingRule=None)
11.8203 	EXP 	Created demo_fixation = Polygon(__class__=<class 'psychopy.visual.polygon.Polygon'>, autoDraw=False, autoLog=True, closeShape=True, color=method-wrapper(...), colorSpace=None, contrast=1.0, depth=-3.0, fillColor=array([1., 0., 0.]), fillColorSpace='rgb', fillRGB=array([1., 0., 0.]), interpolate=True, lineColor=array([1., 0., 0.]), lineColorSpace='rgb', lineRGB=array([1., 0., 0.]), lineWidth=1, name='demo_fixation', opacity=1.0, ori=array(0.), pos=array([0., 0.]), size=array([0.025, 0.025]), units='height', vertices=ndarray(...), win=Window(...))
11.8204 	EXP 	window1: mouseVisible = True
11.8266 	EXP 	Created demo_enclosing_feedback = Polygon(__class__=<class 'psychopy.visual.polygon.Polygon'>, autoDraw=False, autoLog=True, closeShape=True, color=method-wrapper(...), colorSpace=None, contrast=1.0, depth=0.0, fillColor=array([0., 0., 0.]), fillColorSpace='rgb', fillRGB=array([0., 0., 0.]), interpolate=True, lineColor=array([-1., -1., -1.]), lineColorSpace='rgb', lineRGB=array([-1., -1., -1.]), lineWidth=80, name='demo_enclosing_feedback', opacity=1.0, ori=array(0.), pos=array([0., 0.]), size=array([0.84, 0.84]), units='height', vertices=ndarray(...), win=Window(...))
11.8296 	EXP 	Created demo_target_feedback = ShapeStim(__class__=<class 'psychopy.visual.shape.ShapeStim'>, autoDraw=False, autoLog=True, closeShape=True, contrast=1.0, depth=-1.0, fillColor=array([1., 1., 1.]), fillColorSpace='rgb', interpolate=True, lineColor=array([1., 1., 1.]), lineColorSpace='rgb', lineWidth=1, name='demo_target_feedback', opacity=1.0, ori=array(45.), pos=array([0., 0.]), size=array([0.05, 0.05]), units='height', vertices=ndarray(...), win=Window(...), windingRule=None)
11.8345 	EXP 	Created demo_fixation_feedback = Polygon(__class__=<class 'psychopy.visual.polygon.Polygon'>, autoDraw=False, autoLog=True, closeShape=True, color=method-wrapper(...), colorSpace=None, contrast=1.0, depth=-2.0, fillColor=array([1., 0., 0.]), fillColorSpace='rgb', fillRGB=array([1., 0., 0.]), interpolate=True, lineColor=array([1., 0., 0.]), lineColorSpace='rgb', lineRGB=array([1., 0., 0.]), lineWidth=1, name='demo_fixation_feedback', opacity=1.0, ori=array(0.), pos=array([0., 0.]), size=array([0.025, 0.025]), units='height', vertices=ndarray(...), win=Window(...))
11.8533 	EXP 	Created text_3 = TextStim(__class__=<class 'psychopy.visual.text.TextStim'>, alignHoriz=method-wrapper(...), alignText='center', alignVert=method-wrapper(...), anchorHoriz='center', anchorVert='center', antialias=True, autoLog=True, bold=False, color='white', colorSpace='named', contrast=1.0, depth=0.0, flipHoriz=False, flipVert=False, font='Arial', fontFiles=[], height=0.04, italic=False, languageStyle='LTR', name='text_3', opacity=1.0, ori=0, pos=array([0., 0.]), rgb=array([255., 255., 255.]), text=str(...), units='height', win=Window(...), wrapWidth=1)
11.8534 	EXP 	window1: mouseVisible = True
11.8565 	EXP 	Created baseline_target = ShapeStim(__class__=<class 'psychopy.visual.shape.ShapeStim'>, autoDraw=False, autoLog=True, closeShape=True, contrast=1.0, depth=0.0, fillColor=array([1., 1., 1.]), fillColorSpace='rgb', interpolate=True, lineColor=array([1., 1., 1.]), lineColorSpace='rgb', lineWidth=1, name='baseline_target', opacity=1.0, ori=array(45.), pos=array([0., 0.]), size=array([0.05, 0.05]), units='height', vertices=ndarray(...), win=Window(...), windingRule=None)
11.8611 	EXP 	Created baseline_fixation = Polygon(__class__=<class 'psychopy.visual.polygon.Polygon'>, autoDraw=False, autoLog=True, closeShape=True, color=method-wrapper(...), colorSpace=None, contrast=1.0, depth=-1.0, fillColor=array([1., 0., 0.]), fillColorSpace='rgb', fillRGB=array([1., 0., 0.]), interpolate=True, lineColor=array([1., 0., 0.]), lineColorSpace='rgb', lineRGB=array([1., 0., 0.]), lineWidth=1, name='baseline_fixation', opacity=1.0, ori=array(0.), pos=array([0., 0.]), size=array([0.025, 0.025]), units='height', vertices=ndarray(...), win=Window(...))
11.8612 	EXP 	window1: mouseVisible = True
11.8642 	EXP 	Created baseline_target_feedback = ShapeStim(__class__=<class 'psychopy.visual.shape.ShapeStim'>, autoDraw=False, autoLog=True, closeShape=True, contrast=1.0, depth=0.0, fillColor=array([1., 1., 1.]), fillColorSpace='rgb', interpolate=True, lineColor=array([1., 1., 1.]), lineColorSpace='rgb', lineWidth=1, name='baseline_target_feedback', opacity=1.0, ori=array(45.), pos=array([0., 0.]), size=array([0.05, 0.05]), units='height', vertices=ndarray(...), win=Window(...), windingRule=None)
11.8689 	EXP 	Created baseline_fixation_feedback = Polygon(__class__=<class 'psychopy.visual.polygon.Polygon'>, autoDraw=False, autoLog=True, closeShape=True, color=method-wrapper(...), colorSpace=None, contrast=1.0, depth=-1.0, fillColor=array([1., 0., 0.]), fillColorSpace='rgb', fillRGB=array([1., 0., 0.]), interpolate=True, lineColor=array([1., 0., 0.]), lineColorSpace='rgb', lineRGB=array([1., 0., 0.]), lineWidth=1, name='baseline_fixation_feedback', opacity=1.0, ori=array(0.), pos=array([0., 0.]), size=array([0.025, 0.025]), units='height', vertices=ndarray(...), win=Window(...))
11.8973 	EXP 	Created text_2 = TextStim(__class__=<class 'psychopy.visual.text.TextStim'>, alignHoriz=method-wrapper(...), alignText='center', alignVert=method-wrapper(...), anchorHoriz='center', anchorVert='center', antialias=True, autoLog=True, bold=False, color='white', colorSpace='named', contrast=1.0, depth=0.0, flipHoriz=False, flipVert=False, font='Arial', fontFiles=[], height=0.04, italic=False, languageStyle='LTR', name='text_2', opacity=1.0, ori=0, pos=array([0., 0.]), rgb=array([255., 255., 255.]), text=str(...), units='height', win=Window(...), wrapWidth=1)
11.8974 	EXP 	window1: mouseVisible = True
11.9000 	EXP 	Created rotated_target = ShapeStim(__class__=<class 'psychopy.visual.shape.ShapeStim'>, autoDraw=False, autoLog=True, closeShape=True, contrast=1.0, depth=0.0, fillColor=array([1., 1., 1.]), fillColorSpace='rgb', interpolate=True, lineColor=array([1., 1., 1.]), lineColorSpace='rgb', lineWidth=1, name='rotated_target', opacity=1.0, ori=array(45.), pos=array([0., 0.]), size=array([0.05, 0.05]), units='height', vertices=ndarray(...), win=Window(...), windingRule=None)
11.9035 	EXP 	Created rotated_fixation = Polygon(__class__=<class 'psychopy.visual.polygon.Polygon'>, autoDraw=False, autoLog=True, closeShape=True, color=method-wrapper(...), colorSpace=None, contrast=1.0, depth=-1.0, fillColor=array([1., 0., 0.]), fillColorSpace='rgb', fillRGB=array([1., 0., 0.]), interpolate=True, lineColor=array([1., 0., 0.]), lineColorSpace='rgb', lineRGB=array([1., 0., 0.]), lineWidth=1, name='rotated_fixation', opacity=1.0, ori=array(0.), pos=array([0., 0.]), size=array([0.025, 0.025]), units='height', vertices=ndarray(...), win=Window(...))
11.9036 	EXP 	window1: mouseVisible = True
11.9060 	EXP 	Created rotated_target_feedback = ShapeStim(__class__=<class 'psychopy.visual.shape.ShapeStim'>, autoDraw=False, autoLog=True, closeShape=True, contrast=1.0, depth=0.0, fillColor=array([1., 1., 1.]), fillColorSpace='rgb', interpolate=True, lineColor=array([1., 1., 1.]), lineColorSpace='rgb', lineWidth=1, name='rotated_target_feedback', opacity=1.0, ori=array(45.), pos=array([0., 0.]), size=array([0.05, 0.05]), units='height', vertices=ndarray(...), win=Window(...), windingRule=None)
11.9090 	EXP 	Created rotated_fixation_feedback = Polygon(__class__=<class 'psychopy.visual.polygon.Polygon'>, autoDraw=False, autoLog=True, closeShape=True, color=method-wrapper(...), colorSpace=None, contrast=1.0, depth=-1.0, fillColor=array([1., 0., 0.]), fillColorSpace='rgb', fillRGB=array([1., 0., 0.]), interpolate=True, lineColor=array([1., 0., 0.]), lineColorSpace='rgb', lineRGB=array([1., 0., 0.]), lineWidth=1, name='rotated_fixation_feedback', opacity=1.0, ori=array(0.), pos=array([0., 0.]), size=array([0.025, 0.025]), units='height', vertices=ndarray(...), win=Window(...))
11.9233 	EXP 	Created rotated_breaks = TextStim(__class__=<class 'psychopy.visual.text.TextStim'>, alignHoriz=method-wrapper(...), alignText='center', alignVert=method-wrapper(...), anchorHoriz='center', anchorVert='center', antialias=True, autoLog=True, bold=False, color='white', colorSpace='named', contrast=1.0, depth=0.0, flipHoriz=False, flipVert=False, font='Arial', fontFiles=[], height=0.04, italic=False, languageStyle='LTR', name='rotated_breaks', opacity=1.0, ori=0, pos=array([0., 0.]), rgb=array([255., 255., 255.]), text=str(...), units='height', win=Window(...), wrapWidth=1)
11.9234 	EXP 	window1: mouseVisible = True
11.9253 	EXP 	Created transfer_target = ShapeStim(__class__=<class 'psychopy.visual.shape.ShapeStim'>, autoDraw=False, autoLog=True, closeShape=True, contrast=1.0, depth=0.0, fillColor=array([1., 1., 1.]), fillColorSpace='rgb', interpolate=True, lineColor=array([1., 1., 1.]), lineColorSpace='rgb', lineWidth=1, name='transfer_target', opacity=1.0, ori=array(45.), pos=array([0., 0.]), size=array([0.05, 0.05]), units='height', vertices=ndarray(...), win=Window(...), windingRule=None)
11.9280 	EXP 	Created transfer_fixation = Polygon(__class__=<class 'psychopy.visual.polygon.Polygon'>, autoDraw=False, autoLog=True, closeShape=True, color=method-wrapper(...), colorSpace=None, contrast=1.0, depth=-1.0, fillColor=array([1., 0., 0.]), fillColorSpace='rgb', fillRGB=array([1., 0., 0.]), interpolate=True, lineColor=array([1., 0., 0.]), lineColorSpace='rgb', lineRGB=array([1., 0., 0.]), lineWidth=1, name='transfer_fixation', opacity=1.0, ori=array(0.), pos=array([0., 0.]), size=array([0.025, 0.025]), units='height', vertices=ndarray(...), win=Window(...))
11.9281 	EXP 	window1: mouseVisible = True
11.9299 	EXP 	Created transfer_target_feedback = ShapeStim(__class__=<class 'psychopy.visual.shape.ShapeStim'>, autoDraw=False, autoLog=True, closeShape=True, contrast=1.0, depth=0.0, fillColor=array([1., 1., 1.]), fillColorSpace='rgb', interpolate=True, lineColor=array([1., 1., 1.]), lineColorSpace='rgb', lineWidth=1, name='transfer_target_feedback', opacity=1.0, ori=array(45.), pos=array([0., 0.]), size=array([0.05, 0.05]), units='height', vertices=ndarray(...), win=Window(...), windingRule=None)
11.9326 	EXP 	Created transfer_fixation_feedback = Polygon(__class__=<class 'psychopy.visual.polygon.Polygon'>, autoDraw=False, autoLog=True, closeShape=True, color=method-wrapper(...), colorSpace=None, contrast=1.0, depth=-1.0, fillColor=array([1., 0., 0.]), fillColorSpace='rgb', fillRGB=array([1., 0., 0.]), interpolate=True, lineColor=array([1., 0., 0.]), lineColorSpace='rgb', lineRGB=array([1., 0., 0.]), lineWidth=1, name='transfer_fixation_feedback', opacity=1.0, ori=array(0.), pos=array([0., 0.]), size=array([0.025, 0.025]), units='height', vertices=ndarray(...), win=Window(...))
11.9417 	EXP 	Created done_text = TextStim(__class__=<class 'psychopy.visual.text.TextStim'>, alignHoriz=method-wrapper(...), alignText='center', alignVert=method-wrapper(...), anchorHoriz='center', anchorVert='center', antialias=True, autoLog=True, bold=False, color='white', colorSpace='named', contrast=1.0, depth=0.0, flipHoriz=False, flipVert=False, font='Arial', fontFiles=[], height=0.04, italic=False, languageStyle='LTR', name='done_text', opacity=1.0, ori=0, pos=array([0., 0.]), rgb=array([255., 255., 255.]), text=str(...), units='height', win=Window(...), wrapWidth=1)
11.9418 	EXP 	window1: mouseVisible = True
11.9763 	EXP 	Welcome: autoDraw = True
13.0060 	DATA 	Mouse: Left button down, pos=(826,632)
13.0101 	EXP 	Created sequence: random, trialTypes=1, nReps=2, seed=None
13.0113 	EXP 	New trial (rep=0, index=0): None
13.0225 	EXP 	Welcome: autoDraw = False
13.0225 	EXP 	text: autoDraw = True
13.1254 	DATA 	Mouse:  Left button up, pos=(826,632)
14.1883 	DATA 	Mouse: Left button down, pos=(826,632)
14.2983 	EXP 	Imported conditions_demo.xlsx as conditions, 4 conditions, 3 params
14.2988 	EXP 	Created sequence: random, trialTypes=4, nReps=1, seed=None
14.2993 	EXP 	New trial (rep=0, index=0): OrderedDict([('target_x', 0.3), ('target_y', 0.3), ('rotation', 0)])
14.3014 	DATA 	Mouse:  Left button up, pos=(826,632)
14.3016 	EXP 	window1: mouseVisible = False
14.3162 	EXP 	text: autoDraw = False
14.3162 	EXP 	demo_target: pos = array([0.3, 0.3])
14.3162 	EXP 	demo_fixation: pos = array([0., 0.])
14.3162 	EXP 	demo_fixation: opacity = 1
14.3162 	EXP 	demo_fixation: pos = [0, 0]
14.3162 	EXP 	demo_enclosing_1: autoDraw = True
14.3162 	EXP 	demo_enclosing: autoDraw = True
14.3162 	EXP 	demo_target: autoDraw = True
14.3162 	EXP 	demo_fixation: autoDraw = True
14.3162 	EXP 	demo_fixation: opacity = 1
14.3162 	EXP 	demo_fixation: pos = [0, 0]
14.3172 	EXP 	window1: mouseVisible = False
14.3356 	EXP 	demo_fixation: opacity = 1
14.3356 	EXP 	demo_fixation: pos = [0, 0]
14.3365 	EXP 	window1: mouseVisible = False
14.3523 	EXP 	demo_fixation: opacity = 1
14.3523 	EXP 	demo_fixation: pos = [0, 0]
14.3532 	EXP 	window1: mouseVisible = False
14.3699 	EXP 	demo_fixation: opacity = 1
14.3699 	EXP 	demo_fixation: pos = [0, 0]
14.3713 	EXP 	window1: mouseVisible = False
14.3864 	EXP 	demo_fixation: opacity = 1
14.3864 	EXP 	demo_fixation: pos = [0, 0]
14.3877 	EXP 	window1: mouseVisible = False
14.4030 	EXP 	demo_fixation: opacity = 1
14.4030 	EXP 	demo_fixation: pos = [0, 0]
14.4049 	EXP 	window1: mouseVisible = False
14.4197 	EXP 	demo_fixation: opacity = 1
14.4197 	EXP 	demo_fixation: pos = [0, 0]
14.4209 	EXP 	window1: mouseVisible = False
14.4362 	EXP 	demo_fixation: opacity = 1
14.4362 	EXP 	demo_fixation: pos = [0, 0]
14.4375 	EXP 	window1: mouseVisible = False
14.4529 	EXP 	demo_fixation: opacity = 1
14.4529 	EXP 	demo_fixation: pos = [0, 0]
14.4542 	EXP 	window1: mouseVisible = False
14.4695 	EXP 	demo_fixation: opacity = 1
14.4695 	EXP 	demo_fixation: pos = [0, 0]
14.4711 	EXP 	window1: mouseVisible = False
14.4863 	EXP 	demo_fixation: opacity = 1
14.4863 	EXP 	demo_fixation: pos = [0, 0]
14.4875 	EXP 	window1: mouseVisible = False
14.5029 	EXP 	demo_fixation: opacity = 1
14.5029 	EXP 	demo_fixation: pos = [0, 0]
14.5042 	EXP 	window1: mouseVisible = False
14.5195 	EXP 	demo_fixation: opacity = 1
14.5195 	EXP 	demo_fixation: pos = [0, 0]
14.5208 	EXP 	window1: mouseVisible = False
14.5362 	EXP 	demo_fixation: opacity = 1
14.5362 	EXP 	demo_fixation: pos = [0, 0]
14.5374 	EXP 	window1: mouseVisible = False
14.5528 	EXP 	demo_fixation: opacity = 1
14.5528 	EXP 	demo_fixation: pos = [0, 0]
14.5541 	EXP 	window1: mouseVisible = False
14.5693 	EXP 	demo_fixation: opacity = 1
14.5693 	EXP 	demo_fixation: pos = [0, 0]
14.5706 	EXP 	window1: mouseVisible = False
14.5861 	EXP 	demo_fixation: opacity = 1
14.5861 	EXP 	demo_fixation: pos = [0, 0]
14.5873 	EXP 	window1: mouseVisible = False
14.6028 	EXP 	demo_fixation: opacity = 1
14.6028 	EXP 	demo_fixation: pos = [0, 0]
14.6040 	EXP 	window1: mouseVisible = False
14.6194 	EXP 	demo_fixation: opacity = 1
14.6194 	EXP 	demo_fixation: pos = [0, 0]
14.6207 	EXP 	window1: mouseVisible = False
14.6362 	EXP 	demo_fixation: opacity = 1
14.6362 	EXP 	demo_fixation: pos = [0, 0]
14.6375 	EXP 	window1: mouseVisible = False
14.6527 	EXP 	demo_fixation: opacity = 1
14.6527 	EXP 	demo_fixation: pos = [0, 0]
14.6541 	EXP 	window1: mouseVisible = False
14.6694 	EXP 	demo_fixation: opacity = 1
14.6694 	EXP 	demo_fixation: pos = [0, 0]
14.6707 	EXP 	window1: mouseVisible = False
14.6862 	EXP 	demo_fixation: opacity = 1
14.6862 	EXP 	demo_fixation: pos = [0, 0]
14.6874 	EXP 	window1: mouseVisible = False
14.7028 	EXP 	demo_fixation: opacity = 1
14.7028 	EXP 	demo_fixation: pos = [0, 0]
14.7050 	EXP 	window1: mouseVisible = False
14.7198 	EXP 	demo_fixation: opacity = 1
14.7198 	EXP 	demo_fixation: pos = [0, 0]
14.7210 	EXP 	window1: mouseVisible = False
14.7361 	EXP 	demo_fixation: opacity = 1
14.7361 	EXP 	demo_fixation: pos = [0, 0]
14.7373 	EXP 	window1: mouseVisible = False
14.7527 	EXP 	demo_fixation: opacity = 1
14.7527 	EXP 	demo_fixation: pos = [0, 0]
14.7539 	EXP 	window1: mouseVisible = False
14.7694 	EXP 	demo_fixation: opacity = 1
14.7694 	EXP 	demo_fixation: pos = [0, 0]
14.7706 	EXP 	window1: mouseVisible = False
14.7861 	EXP 	demo_fixation: opacity = 1
14.7861 	EXP 	demo_fixation: pos = [0, 0]
14.7874 	EXP 	window1: mouseVisible = False
14.8026 	EXP 	demo_fixation: opacity = 1
14.8026 	EXP 	demo_fixation: pos = [0, 0]
14.8038 	EXP 	window1: mouseVisible = False
14.8192 	EXP 	demo_fixation: opacity = 1
14.8192 	EXP 	demo_fixation: pos = [0, 0]
14.8204 	EXP 	window1: mouseVisible = False
14.8360 	EXP 	demo_fixation: opacity = 1
14.8360 	EXP 	demo_fixation: pos = [0, 0]
14.8373 	EXP 	window1: mouseVisible = False
14.8526 	EXP 	demo_fixation: opacity = 1
14.8526 	EXP 	demo_fixation: pos = [0, 0]
14.8538 	EXP 	window1: mouseVisible = False
14.8691 	EXP 	demo_fixation: opacity = 1
14.8691 	EXP 	demo_fixation: pos = [0, 0]
14.8704 	EXP 	window1: mouseVisible = False
14.8858 	EXP 	demo_fixation: opacity = 1
14.8858 	EXP 	demo_fixation: pos = [0, 0]
14.8870 	EXP 	window1: mouseVisible = False
14.9025 	EXP 	demo_fixation: opacity = 1
14.9025 	EXP 	demo_fixation: pos = [0, 0]
14.9041 	EXP 	window1: mouseVisible = False
14.9193 	EXP 	demo_fixation: opacity = 1
14.9193 	EXP 	demo_fixation: pos = [0, 0]
14.9210 	EXP 	window1: mouseVisible = False
14.9365 	EXP 	demo_fixation: opacity = 1
14.9365 	EXP 	demo_fixation: pos = [0, 0]
14.9377 	EXP 	window1: mouseVisible = False
14.9525 	EXP 	demo_fixation: opacity = 1
14.9525 	EXP 	demo_fixation: pos = [0, 0]
14.9539 	EXP 	window1: mouseVisible = False
14.9691 	EXP 	demo_fixation: opacity = 1
14.9691 	EXP 	demo_fixation: pos = [0, 0]
14.9703 	EXP 	window1: mouseVisible = False
14.9858 	EXP 	demo_fixation: opacity = 1
14.9858 	EXP 	demo_fixation: pos = [0, 0]
14.9870 	EXP 	window1: mouseVisible = False
15.0023 	EXP 	demo_fixation: opacity = 1
15.0023 	EXP 	demo_fixation: pos = [0, 0]
15.0035 	EXP 	window1: mouseVisible = False
15.0190 	EXP 	demo_fixation: opacity = 1
15.0190 	EXP 	demo_fixation: pos = [0, 0]
15.0202 	EXP 	window1: mouseVisible = False
15.0358 	EXP 	demo_fixation: opacity = 1
15.0358 	EXP 	demo_fixation: pos = [0, 0]
15.0370 	EXP 	window1: mouseVisible = False
15.0523 	EXP 	demo_fixation: opacity = 1
15.0523 	EXP 	demo_fixation: pos = [0, 0]
15.0535 	EXP 	window1: mouseVisible = False
15.0691 	EXP 	demo_fixation: opacity = 1
15.0691 	EXP 	demo_fixation: pos = [0, 0]
15.0703 	EXP 	window1: mouseVisible = False
15.0856 	EXP 	demo_fixation: opacity = 1
15.0856 	EXP 	demo_fixation: pos = [0, 0]
15.0869 	EXP 	window1: mouseVisible = False
15.1023 	EXP 	demo_fixation: opacity = 1
15.1023 	EXP 	demo_fixation: pos = [0, 0]
15.1036 	EXP 	window1: mouseVisible = False
15.1191 	EXP 	demo_fixation: opacity = 1
15.1191 	EXP 	demo_fixation: pos = [0, 0]
15.1203 	EXP 	window1: mouseVisible = False
15.1357 	EXP 	demo_fixation: opacity = 1
15.1357 	EXP 	demo_fixation: pos = [0, 0]
15.1369 	EXP 	window1: mouseVisible = False
15.1523 	EXP 	demo_fixation: opacity = 1
15.1523 	EXP 	demo_fixation: pos = [0, 0]
15.1539 	EXP 	window1: mouseVisible = False
15.1690 	EXP 	demo_fixation: opacity = 1
15.1690 	EXP 	demo_fixation: pos = [0, 0]
15.1706 	EXP 	window1: mouseVisible = False
15.1855 	EXP 	demo_fixation: opacity = 1
15.1855 	EXP 	demo_fixation: pos = [0, 0]
15.1867 	EXP 	window1: mouseVisible = False
15.2023 	EXP 	demo_fixation: opacity = 1
15.2023 	EXP 	demo_fixation: pos = [0, 0]
15.2035 	EXP 	window1: mouseVisible = False
15.2190 	EXP 	demo_fixation: opacity = 1
15.2190 	EXP 	demo_fixation: pos = [0, 0]
15.2202 	EXP 	window1: mouseVisible = False
15.2355 	EXP 	demo_fixation: opacity = 1
15.2355 	EXP 	demo_fixation: pos = [0, 0]
15.2368 	EXP 	window1: mouseVisible = False
15.2523 	EXP 	demo_fixation: opacity = 1
15.2523 	EXP 	demo_fixation: pos = [0, 0]
15.2535 	EXP 	window1: mouseVisible = False
15.2688 	EXP 	demo_fixation: opacity = 1
15.2688 	EXP 	demo_fixation: pos = [0, 0]
15.2701 	EXP 	window1: mouseVisible = False
15.2854 	EXP 	demo_fixation: opacity = 1
15.2854 	EXP 	demo_fixation: pos = [0, 0]
15.2867 	EXP 	window1: mouseVisible = False
15.3022 	EXP 	demo_fixation: opacity = 1
15.3022 	EXP 	demo_fixation: pos = [0, 0]
15.3034 	EXP 	window1: mouseVisible = False
15.3189 	EXP 	demo_fixation: opacity = 1
15.3189 	EXP 	demo_fixation: pos = [0, 0]
15.3201 	EXP 	window1: mouseVisible = False
15.3353 	EXP 	demo_fixation: opacity = 1
15.3353 	EXP 	demo_fixation: pos = [0, 0]
15.3365 	EXP 	window1: mouseVisible = False
15.3522 	EXP 	demo_fixation: opacity = 1
15.3522 	EXP 	demo_fixation: pos = [0, 0]
15.3534 	EXP 	window1: mouseVisible = False
15.3697 	EXP 	demo_fixation: opacity = 1
15.3697 	EXP 	demo_fixation: pos = [0, 0]
15.3715 	EXP 	window1: mouseVisible = False
15.3854 	EXP 	demo_fixation: opacity = 1
15.3854 	EXP 	demo_fixation: pos = [0, 0]
15.3867 	EXP 	window1: mouseVisible = False
15.4021 	EXP 	demo_fixation: opacity = 1
15.4021 	EXP 	demo_fixation: pos = [0, 0]
15.4033 	EXP 	window1: mouseVisible = False
15.4188 	EXP 	demo_fixation: opacity = 1
15.4188 	EXP 	demo_fixation: pos = [0, 0]
15.4200 	EXP 	window1: mouseVisible = False
15.4408 	EXP 	demo_fixation: opacity = 1
15.4408 	EXP 	demo_fixation: pos = [0, 0]
15.4414 	EXP 	window1: mouseVisible = False
15.4514 	EXP 	demo_fixation: opacity = 1
15.4514 	EXP 	demo_fixation: pos = [0, 0]
15.4521 	EXP 	window1: mouseVisible = False
15.4684 	EXP 	demo_fixation: opacity = 1
15.4684 	EXP 	demo_fixation: pos = [0, 0]
15.4695 	EXP 	window1: mouseVisible = False
15.4853 	EXP 	demo_fixation: opacity = 1
15.4853 	EXP 	demo_fixation: pos = [0, 0]
15.4865 	EXP 	window1: mouseVisible = False
15.5019 	EXP 	demo_fixation: opacity = 1
15.5019 	EXP 	demo_fixation: pos = [0, 0]
15.5032 	EXP 	window1: mouseVisible = False
15.5185 	EXP 	demo_fixation: opacity = 1
15.5185 	EXP 	demo_fixation: pos = [0, 0]
15.5198 	EXP 	window1: mouseVisible = False
15.5352 	EXP 	demo_fixation: opacity = 1
15.5352 	EXP 	demo_fixation: pos = [0, 0]
15.5364 	EXP 	window1: mouseVisible = False
15.5520 	EXP 	demo_fixation: opacity = 1
15.5520 	EXP 	demo_fixation: pos = [0, 0]
15.5532 	EXP 	window1: mouseVisible = False
15.5686 	EXP 	demo_fixation: opacity = 1
15.5686 	EXP 	demo_fixation: pos = [0, 0]
15.5698 	EXP 	window1: mouseVisible = False
15.5853 	EXP 	demo_fixation: opacity = 1
15.5853 	EXP 	demo_fixation: pos = [0, 0]
15.5866 	EXP 	window1: mouseVisible = False
15.6018 	EXP 	demo_fixation: opacity = 1
15.6018 	EXP 	demo_fixation: pos = [0, 0]
15.6030 	EXP 	window1: mouseVisible = False
15.6186 	EXP 	demo_fixation: opacity = 1
15.6186 	EXP 	demo_fixation: pos = [0, 0]
15.6198 	EXP 	window1: mouseVisible = False
15.6351 	EXP 	demo_fixation: opacity = 1
15.6351 	EXP 	demo_fixation: pos = [0, 0]
15.6364 	EXP 	window1: mouseVisible = False
15.6518 	EXP 	demo_fixation: opacity = 1
15.6518 	EXP 	demo_fixation: pos = [0, 0]
15.6531 	EXP 	window1: mouseVisible = False
15.6684 	EXP 	demo_fixation: opacity = 1
15.6684 	EXP 	demo_fixation: pos = [0, 0]
15.6696 	EXP 	window1: mouseVisible = False
15.6852 	EXP 	demo_fixation: opacity = 1
15.6852 	EXP 	demo_fixation: pos = [0, 0]
15.6867 	EXP 	window1: mouseVisible = False
15.7017 	EXP 	demo_fixation: opacity = 1
15.7017 	EXP 	demo_fixation: pos = [0, 0]
15.7030 	EXP 	window1: mouseVisible = False
15.7194 	EXP 	demo_fixation: opacity = 1
15.7194 	EXP 	demo_fixation: pos = [0, 0]
15.7206 	EXP 	window1: mouseVisible = False
15.7351 	EXP 	demo_fixation: opacity = 1
15.7351 	EXP 	demo_fixation: pos = [0, 0]
15.7363 	EXP 	window1: mouseVisible = False
15.7518 	EXP 	demo_fixation: opacity = 1
15.7518 	EXP 	demo_fixation: pos = [0, 0]
15.7530 	EXP 	window1: mouseVisible = False
15.7684 	EXP 	demo_fixation: opacity = 1
15.7684 	EXP 	demo_fixation: pos = [0, 0]
15.7696 	EXP 	window1: mouseVisible = False
15.7850 	EXP 	demo_fixation: opacity = 1
15.7850 	EXP 	demo_fixation: pos = [0, 0]
15.7863 	EXP 	window1: mouseVisible = False
15.8017 	EXP 	demo_fixation: opacity = 1
15.8017 	EXP 	demo_fixation: pos = [0, 0]
15.8029 	EXP 	window1: mouseVisible = False
15.8184 	EXP 	demo_fixation: opacity = 1
15.8184 	EXP 	demo_fixation: pos = [0, 0]
15.8196 	EXP 	window1: mouseVisible = False
15.8351 	EXP 	demo_fixation: opacity = 1
15.8351 	EXP 	demo_fixation: pos = [0, 0]
15.8365 	EXP 	window1: mouseVisible = False
15.8516 	EXP 	demo_fixation: opacity = 1
15.8516 	EXP 	demo_fixation: pos = [0, 0]
15.8528 	EXP 	window1: mouseVisible = False
15.8683 	EXP 	demo_fixation: opacity = 1
15.8683 	EXP 	demo_fixation: pos = [0, 0]
15.8696 	EXP 	window1: mouseVisible = False
15.8849 	EXP 	demo_fixation: opacity = 1
15.8849 	EXP 	demo_fixation: pos = [0, 0]
15.8862 	EXP 	window1: mouseVisible = False
15.9015 	EXP 	demo_fixation: opacity = 1
15.9015 	EXP 	demo_fixation: pos = [0, 0]
15.9027 	EXP 	window1: mouseVisible = False
15.9182 	EXP 	demo_fixation: opacity = 1
15.9182 	EXP 	demo_fixation: pos = [0, 0]
15.9195 	EXP 	window1: mouseVisible = False
15.9348 	EXP 	demo_fixation: opacity = 1
15.9348 	EXP 	demo_fixation: pos = [0, 0]
15.9363 	EXP 	window1: mouseVisible = False
15.9515 	EXP 	demo_fixation: opacity = 1
15.9515 	EXP 	demo_fixation: pos = [0, 0]
15.9528 	EXP 	window1: mouseVisible = False
15.9680 	EXP 	demo_fixation: opacity = 1
15.9680 	EXP 	demo_fixation: pos = [0, 0]
15.9693 	EXP 	window1: mouseVisible = False
15.9847 	EXP 	demo_fixation: opacity = 1
15.9847 	EXP 	demo_fixation: pos = [0, 0]
15.9860 	EXP 	window1: mouseVisible = False
16.0015 	EXP 	demo_fixation: opacity = 1
16.0015 	EXP 	demo_fixation: pos = [0, 0]
16.0028 	EXP 	window1: mouseVisible = False
16.0182 	EXP 	demo_fixation: opacity = 1
16.0182 	EXP 	demo_fixation: pos = [0, 0]
16.0195 	EXP 	window1: mouseVisible = False
16.0348 	EXP 	demo_fixation: opacity = 1
16.0348 	EXP 	demo_fixation: pos = [0, 0]
16.0361 	EXP 	window1: mouseVisible = False
16.0515 	EXP 	demo_fixation: opacity = 1
16.0515 	EXP 	demo_fixation: pos = [0, 0]
16.0527 	EXP 	window1: mouseVisible = False
16.0682 	EXP 	demo_fixation: opacity = 1
16.0682 	EXP 	demo_fixation: pos = [0, 0]
16.0694 	EXP 	window1: mouseVisible = False
16.0847 	EXP 	demo_fixation: opacity = 1
16.0847 	EXP 	demo_fixation: pos = [0, 0]
16.0859 	EXP 	window1: mouseVisible = False
16.1014 	EXP 	demo_fixation: opacity = 1
16.1014 	EXP 	demo_fixation: pos = [0, 0]
16.1027 	EXP 	window1: mouseVisible = False
16.1180 	EXP 	demo_fixation: opacity = 1
16.1180 	EXP 	demo_fixation: pos = [0, 0]
16.1192 	EXP 	window1: mouseVisible = False
16.1346 	EXP 	demo_fixation: opacity = 1
16.1346 	EXP 	demo_fixation: pos = [0, 0]
16.1364 	EXP 	window1: mouseVisible = False
16.1514 	EXP 	demo_fixation: opacity = 1
16.1514 	EXP 	demo_fixation: pos = [0, 0]
16.1531 	EXP 	window1: mouseVisible = False
16.1684 	EXP 	demo_fixation: opacity = 1
16.1684 	EXP 	demo_fixation: pos = [0, 0]
16.1696 	EXP 	window1: mouseVisible = False
16.1848 	EXP 	demo_fixation: opacity = 1
16.1848 	EXP 	demo_fixation: pos = [0, 0]
16.1860 	EXP 	window1: mouseVisible = False
16.2013 	EXP 	demo_fixation: opacity = 1
16.2013 	EXP 	demo_fixation: pos = [0, 0]
16.2025 	EXP 	window1: mouseVisible = False
16.2181 	EXP 	demo_fixation: opacity = 1
16.2181 	EXP 	demo_fixation: pos = [0, 0]
16.2196 	EXP 	window1: mouseVisible = False
16.2345 	EXP 	demo_fixation: opacity = 1
16.2345 	EXP 	demo_fixation: pos = [0, 0]
16.2358 	EXP 	window1: mouseVisible = False
16.2512 	EXP 	demo_fixation: opacity = 1
16.2512 	EXP 	demo_fixation: pos = [0, 0]
16.2524 	EXP 	window1: mouseVisible = False
16.2680 	EXP 	demo_fixation: opacity = 1
16.2680 	EXP 	demo_fixation: pos = [0, 0]
16.2692 	EXP 	window1: mouseVisible = False
16.2847 	EXP 	demo_fixation: opacity = 1
16.2847 	EXP 	demo_fixation: pos = [0, 0]
16.2866 	EXP 	window1: mouseVisible = False
16.3012 	EXP 	demo_fixation: opacity = 1
16.3012 	EXP 	demo_fixation: pos = [0, 0]
16.3024 	EXP 	window1: mouseVisible = False
16.3179 	EXP 	demo_fixation: opacity = 1
16.3179 	EXP 	demo_fixation: pos = [0, 0]
16.3191 	EXP 	window1: mouseVisible = False
16.3345 	EXP 	demo_fixation: opacity = 1
16.3345 	EXP 	demo_fixation: pos = [0, 0]
16.3357 	EXP 	window1: mouseVisible = False
16.3510 	EXP 	demo_fixation: opacity = 1
16.3510 	EXP 	demo_fixation: pos = [0, 0]
16.3523 	EXP 	window1: mouseVisible = False
16.3686 	EXP 	demo_fixation: opacity = 1
16.3686 	EXP 	demo_fixation: pos = [0, 0]
16.3699 	EXP 	window1: mouseVisible = False
16.3858 	EXP 	demo_fixation: opacity = 1
16.3858 	EXP 	demo_fixation: pos = [0, 0]
16.3871 	EXP 	window1: mouseVisible = False
16.4016 	EXP 	demo_fixation: opacity = 1
16.4016 	EXP 	demo_fixation: pos = [0, 0]
16.4029 	EXP 	window1: mouseVisible = False
16.4179 	EXP 	demo_fixation: opacity = 1
16.4179 	EXP 	demo_fixation: pos = [0, 0]
16.4191 	EXP 	window1: mouseVisible = False
16.4346 	EXP 	demo_fixation: opacity = 1
16.4346 	EXP 	demo_fixation: pos = [0, 0]
16.4359 	EXP 	window1: mouseVisible = False
16.4513 	EXP 	demo_fixation: opacity = 1
16.4513 	EXP 	demo_fixation: pos = [0, 0]
16.4528 	EXP 	window1: mouseVisible = False
16.4678 	EXP 	demo_fixation: opacity = 1
16.4678 	EXP 	demo_fixation: pos = [0, 0]
16.4691 	EXP 	window1: mouseVisible = False
16.4843 	EXP 	demo_fixation: opacity = 1
16.4843 	EXP 	demo_fixation: pos = [0, 0]
16.4856 	EXP 	window1: mouseVisible = False
16.5011 	EXP 	demo_fixation: opacity = 1
16.5011 	EXP 	demo_fixation: pos = [0, 0]
16.5023 	EXP 	window1: mouseVisible = False
16.5178 	EXP 	demo_fixation: opacity = 1
16.5178 	EXP 	demo_fixation: pos = [0, 0]
16.5190 	EXP 	window1: mouseVisible = False
16.5344 	EXP 	demo_fixation: opacity = 1
16.5344 	EXP 	demo_fixation: pos = [0, 0]
16.5356 	EXP 	window1: mouseVisible = False
16.5510 	EXP 	demo_fixation: opacity = 1
16.5510 	EXP 	demo_fixation: pos = [0, 0]
16.5522 	EXP 	window1: mouseVisible = False
16.5677 	EXP 	demo_fixation: opacity = 1
16.5677 	EXP 	demo_fixation: pos = [0, 0]
16.5689 	EXP 	window1: mouseVisible = False
16.5842 	EXP 	demo_fixation: opacity = 1
16.5842 	EXP 	demo_fixation: pos = [0, 0]
16.5854 	EXP 	window1: mouseVisible = False
16.6009 	EXP 	demo_fixation: opacity = 1
16.6009 	EXP 	demo_fixation: pos = [0, 0]
16.6021 	EXP 	window1: mouseVisible = False
16.6177 	EXP 	demo_fixation: opacity = 1
16.6177 	EXP 	demo_fixation: pos = [0, 0]
16.6189 	EXP 	window1: mouseVisible = False
16.6342 	EXP 	demo_fixation: opacity = 1
16.6342 	EXP 	demo_fixation: pos = [0, 0]
16.6355 	EXP 	window1: mouseVisible = False
16.6507 	EXP 	demo_fixation: opacity = 1
16.6507 	EXP 	demo_fixation: pos = [0, 0]
16.6519 	EXP 	window1: mouseVisible = False
16.6676 	EXP 	demo_fixation: opacity = 1
16.6676 	EXP 	demo_fixation: pos = [0, 0]
16.6688 	EXP 	window1: mouseVisible = False
16.6843 	EXP 	demo_fixation: opacity = 1
16.6843 	EXP 	demo_fixation: pos = [0, 0]
16.6855 	EXP 	window1: mouseVisible = False
16.7009 	EXP 	demo_fixation: opacity = 1
16.7009 	EXP 	demo_fixation: pos = [0, 0]
16.7021 	EXP 	window1: mouseVisible = False
16.7174 	EXP 	demo_fixation: opacity = 1
16.7174 	EXP 	demo_fixation: pos = [0, 0]
16.7187 	EXP 	window1: mouseVisible = False
16.7342 	EXP 	demo_fixation: opacity = 1
16.7342 	EXP 	demo_fixation: pos = [0, 0]
16.7354 	EXP 	window1: mouseVisible = False
16.7517 	EXP 	demo_fixation: opacity = 1
16.7517 	EXP 	demo_fixation: pos = [0, 0]
16.7532 	EXP 	window1: mouseVisible = False
16.7674 	EXP 	demo_fixation: opacity = 1
16.7674 	EXP 	demo_fixation: pos = [0, 0]
16.7687 	EXP 	window1: mouseVisible = False
16.7842 	EXP 	demo_fixation: opacity = 1
16.7842 	EXP 	demo_fixation: pos = [0, 0]
16.7854 	EXP 	window1: mouseVisible = False
16.8009 	EXP 	demo_fixation: opacity = 1
16.8009 	EXP 	demo_fixation: pos = [0, 0]
16.8021 	EXP 	window1: mouseVisible = False
16.8174 	EXP 	demo_fixation: opacity = 1
16.8174 	EXP 	demo_fixation: pos = [0, 0]
16.8186 	EXP 	window1: mouseVisible = False
16.8340 	EXP 	demo_fixation: opacity = 1
16.8340 	EXP 	demo_fixation: pos = [0, 0]
16.8353 	EXP 	window1: mouseVisible = False
16.8506 	EXP 	demo_fixation: opacity = 1
16.8506 	EXP 	demo_fixation: pos = [0, 0]
16.8519 	EXP 	window1: mouseVisible = False
16.8671 	EXP 	demo_fixation: opacity = 1
16.8671 	EXP 	demo_fixation: pos = [0, 0]
16.8683 	EXP 	window1: mouseVisible = False
16.8840 	EXP 	demo_fixation: opacity = 1
16.8840 	EXP 	demo_fixation: pos = [0, 0]
16.8852 	EXP 	window1: mouseVisible = False
16.9007 	EXP 	demo_fixation: opacity = 1
16.9007 	EXP 	demo_fixation: pos = [0, 0]
16.9019 	EXP 	window1: mouseVisible = False
16.9174 	EXP 	demo_fixation: opacity = 1
16.9174 	EXP 	demo_fixation: pos = [0, 0]
16.9186 	EXP 	window1: mouseVisible = False
16.9340 	EXP 	demo_fixation: opacity = 1
16.9340 	EXP 	demo_fixation: pos = [0, 0]
16.9352 	EXP 	window1: mouseVisible = False
16.9507 	EXP 	demo_fixation: opacity = 1
16.9507 	EXP 	demo_fixation: pos = [0, 0]
16.9519 	EXP 	window1: mouseVisible = False
16.9672 	EXP 	demo_fixation: opacity = 1
16.9672 	EXP 	demo_fixation: pos = [0, 0]
16.9684 	EXP 	window1: mouseVisible = False
16.9840 	EXP 	demo_fixation: opacity = 1
16.9840 	EXP 	demo_fixation: pos = [0, 0]
16.9852 	EXP 	window1: mouseVisible = False
17.0005 	EXP 	demo_fixation: opacity = 1
17.0005 	EXP 	demo_fixation: pos = [0, 0]
17.0021 	EXP 	window1: mouseVisible = False
17.0172 	EXP 	demo_fixation: opacity = 1
17.0172 	EXP 	demo_fixation: pos = [0, 0]
17.0185 	EXP 	window1: mouseVisible = False
17.0339 	EXP 	demo_fixation: opacity = 1
17.0339 	EXP 	demo_fixation: pos = [0, 0]
17.0351 	EXP 	window1: mouseVisible = False
17.0504 	EXP 	demo_fixation: opacity = 1
17.0504 	EXP 	demo_fixation: pos = [0, 0]
17.0517 	EXP 	window1: mouseVisible = False
17.0671 	EXP 	demo_fixation: opacity = 1
17.0671 	EXP 	demo_fixation: pos = [0, 0]
17.0684 	EXP 	window1: mouseVisible = False
17.0838 	EXP 	demo_fixation: opacity = 1
17.0838 	EXP 	demo_fixation: pos = [0, 0]
17.0850 	EXP 	window1: mouseVisible = False
17.1005 	EXP 	demo_fixation: opacity = 1
17.1005 	EXP 	demo_fixation: pos = [0, 0]
17.1017 	EXP 	window1: mouseVisible = False
17.1171 	EXP 	demo_fixation: opacity = 1
17.1171 	EXP 	demo_fixation: pos = [0, 0]
17.1184 	EXP 	window1: mouseVisible = False
17.1337 	EXP 	demo_fixation: opacity = 1
17.1337 	EXP 	demo_fixation: pos = [0, 0]
17.1350 	EXP 	window1: mouseVisible = False
17.1505 	EXP 	demo_fixation: opacity = 1
17.1505 	EXP 	demo_fixation: pos = [0, 0]
17.1517 	EXP 	window1: mouseVisible = False
17.1669 	EXP 	demo_fixation: opacity = 1
17.1669 	EXP 	demo_fixation: pos = [0, 0]
17.1681 	EXP 	window1: mouseVisible = False
17.1838 	EXP 	demo_fixation: opacity = 1
17.1838 	EXP 	demo_fixation: pos = [0, 0]
17.1851 	EXP 	window1: mouseVisible = False
17.2003 	EXP 	demo_fixation: opacity = 1
17.2003 	EXP 	demo_fixation: pos = [0, 0]
17.2015 	EXP 	window1: mouseVisible = False
17.2169 	EXP 	demo_fixation: opacity = 1
17.2169 	EXP 	demo_fixation: pos = [0, 0]
17.2188 	EXP 	window1: mouseVisible = False
17.2337 	EXP 	demo_fixation: opacity = 1
17.2337 	EXP 	demo_fixation: pos = [0, 0]
17.2349 	EXP 	window1: mouseVisible = False
17.2503 	EXP 	demo_fixation: opacity = 1
17.2503 	EXP 	demo_fixation: pos = [0, 0]
17.2515 	EXP 	window1: mouseVisible = False
17.2670 	EXP 	demo_fixation: opacity = 1
17.2670 	EXP 	demo_fixation: pos = [0, 0]
17.2682 	EXP 	window1: mouseVisible = False
17.2838 	EXP 	demo_fixation: opacity = 1
17.2838 	EXP 	demo_fixation: pos = [0, 0]
17.2850 	EXP 	window1: mouseVisible = False
17.3003 	EXP 	demo_fixation: opacity = 1
17.3003 	EXP 	demo_fixation: pos = [0, 0]
17.3015 	EXP 	window1: mouseVisible = False
17.3170 	EXP 	demo_fixation: opacity = 1
17.3170 	EXP 	demo_fixation: pos = [0, 0]
17.3182 	EXP 	window1: mouseVisible = False
17.3345 	EXP 	demo_fixation: opacity = 1
17.3345 	EXP 	demo_fixation: pos = [0, 0]
17.3357 	EXP 	window1: mouseVisible = False
17.3502 	EXP 	demo_fixation: opacity = 1
17.3502 	EXP 	demo_fixation: pos = [0, 0]
17.3515 	EXP 	window1: mouseVisible = False
17.3678 	EXP 	demo_fixation: opacity = 1
17.3678 	EXP 	demo_fixation: pos = [0, 0]
17.3697 	EXP 	window1: mouseVisible = False
17.3834 	EXP 	demo_fixation: opacity = 1
17.3834 	EXP 	demo_fixation: pos = [0, 0]
17.3848 	EXP 	window1: mouseVisible = False
17.4001 	EXP 	demo_fixation: opacity = 1
17.4001 	EXP 	demo_fixation: pos = [0, 0]
17.4014 	EXP 	window1: mouseVisible = False
17.4177 	EXP 	demo_fixation: opacity = 1
17.4177 	EXP 	demo_fixation: pos = [0, 0]
17.4197 	EXP 	window1: mouseVisible = False
17.4369 	EXP 	demo_fixation: opacity = 1
17.4369 	EXP 	demo_fixation: pos = [0, 0]
17.4386 	EXP 	window1: mouseVisible = False
17.4519 	EXP 	demo_fixation: opacity = 1
17.4519 	EXP 	demo_fixation: pos = [0, 0]
17.4532 	EXP 	window1: mouseVisible = False
17.4667 	EXP 	demo_fixation: opacity = 1
17.4667 	EXP 	demo_fixation: pos = [0, 0]
17.4686 	EXP 	window1: mouseVisible = False
17.4834 	EXP 	demo_fixation: opacity = 1
17.4834 	EXP 	demo_fixation: pos = [0, 0]
17.4846 	EXP 	window1: mouseVisible = False
17.5001 	EXP 	demo_fixation: opacity = 1
17.5001 	EXP 	demo_fixation: pos = [0, 0]
17.5013 	EXP 	window1: mouseVisible = False
17.5166 	EXP 	demo_fixation: opacity = 1
17.5166 	EXP 	demo_fixation: pos = [0, 0]
17.5179 	EXP 	window1: mouseVisible = False
17.5333 	EXP 	demo_fixation: opacity = 1
17.5333 	EXP 	demo_fixation: pos = [0, 0]
17.5345 	EXP 	window1: mouseVisible = False
17.5501 	EXP 	demo_fixation: opacity = 1
17.5501 	EXP 	demo_fixation: pos = [0, 0]
17.5514 	EXP 	window1: mouseVisible = False
17.5666 	EXP 	demo_fixation: opacity = 1
17.5666 	EXP 	demo_fixation: pos = [0, 0]
17.5679 	EXP 	window1: mouseVisible = False
17.5835 	EXP 	demo_fixation: opacity = 1
17.5835 	EXP 	demo_fixation: pos = [0, 0]
17.5847 	EXP 	window1: mouseVisible = False
17.6000 	EXP 	demo_fixation: opacity = 1
17.6000 	EXP 	demo_fixation: pos = [0, 0]
17.6012 	EXP 	window1: mouseVisible = False
17.6166 	EXP 	demo_fixation: opacity = 1
17.6166 	EXP 	demo_fixation: pos = [0, 0]
17.6179 	EXP 	window1: mouseVisible = False
17.6334 	EXP 	demo_fixation: opacity = 1
17.6334 	EXP 	demo_fixation: pos = [0, 0]
17.6346 	EXP 	window1: mouseVisible = False
17.6500 	EXP 	demo_fixation: opacity = 1
17.6500 	EXP 	demo_fixation: pos = [0, 0]
17.6514 	EXP 	window1: mouseVisible = False
17.6666 	EXP 	demo_fixation: opacity = 1
17.6666 	EXP 	demo_fixation: pos = [0, 0]
17.6678 	EXP 	window1: mouseVisible = False
17.6832 	EXP 	demo_fixation: opacity = 1
17.6832 	EXP 	demo_fixation: pos = [0, 0]
17.6844 	EXP 	window1: mouseVisible = False
17.7000 	EXP 	demo_fixation: opacity = 1
17.7000 	EXP 	demo_fixation: pos = [0, 0]
17.7012 	EXP 	window1: mouseVisible = False
17.7166 	EXP 	demo_fixation: opacity = 1
17.7166 	EXP 	demo_fixation: pos = [0, 0]
17.7178 	EXP 	window1: mouseVisible = False
17.7332 	EXP 	demo_fixation: opacity = 1
17.7332 	EXP 	demo_fixation: pos = [0, 0]
17.7344 	EXP 	window1: mouseVisible = False
17.7499 	EXP 	demo_fixation: opacity = 1
17.7499 	EXP 	demo_fixation: pos = [0, 0]
17.7511 	EXP 	window1: mouseVisible = False
17.7665 	EXP 	demo_fixation: opacity = 1
17.7665 	EXP 	demo_fixation: pos = [0, 0]
17.7678 	EXP 	window1: mouseVisible = False
17.7831 	EXP 	demo_fixation: opacity = 1
17.7831 	EXP 	demo_fixation: pos = [0, 0]
17.7843 	EXP 	window1: mouseVisible = False
17.7997 	EXP 	demo_fixation: opacity = 1
17.7997 	EXP 	demo_fixation: pos = [0, 0]
17.8010 	EXP 	window1: mouseVisible = False
17.8166 	EXP 	demo_fixation: opacity = 1
17.8166 	EXP 	demo_fixation: pos = [0, 0]
17.8178 	EXP 	window1: mouseVisible = False
17.8331 	EXP 	demo_fixation: opacity = 1
17.8331 	EXP 	demo_fixation: pos = [0, 0]
17.8343 	EXP 	window1: mouseVisible = False
17.8498 	EXP 	demo_fixation: opacity = 1
17.8498 	EXP 	demo_fixation: pos = [0, 0]
17.8511 	EXP 	window1: mouseVisible = False
17.8664 	EXP 	demo_fixation: opacity = 1
17.8664 	EXP 	demo_fixation: pos = [0, 0]
17.8676 	EXP 	window1: mouseVisible = False
17.8830 	EXP 	demo_fixation: opacity = 1
17.8830 	EXP 	demo_fixation: pos = [0, 0]
17.8842 	EXP 	window1: mouseVisible = False
17.8996 	EXP 	demo_fixation: opacity = 1
17.8996 	EXP 	demo_fixation: pos = [0, 0]
17.9011 	EXP 	window1: mouseVisible = False
17.9162 	EXP 	demo_fixation: opacity = 1
17.9162 	EXP 	demo_fixation: pos = [0, 0]
17.9175 	EXP 	window1: mouseVisible = False
17.9330 	EXP 	demo_fixation: opacity = 1
17.9330 	EXP 	demo_fixation: pos = [0, 0]
17.9343 	EXP 	window1: mouseVisible = False
17.9495 	EXP 	demo_fixation: opacity = 1
17.9495 	EXP 	demo_fixation: pos = [0, 0]
17.9507 	EXP 	window1: mouseVisible = False
17.9663 	EXP 	demo_fixation: opacity = 1
17.9663 	EXP 	demo_fixation: pos = [0, 0]
17.9675 	EXP 	window1: mouseVisible = False
17.9828 	EXP 	demo_fixation: opacity = 1
17.9828 	EXP 	demo_fixation: pos = [0, 0]
17.9845 	EXP 	window1: mouseVisible = False
17.9996 	EXP 	demo_fixation: opacity = 1
17.9996 	EXP 	demo_fixation: pos = [0, 0]
18.0008 	EXP 	window1: mouseVisible = False
18.0163 	EXP 	demo_fixation: opacity = 1
18.0163 	EXP 	demo_fixation: pos = [0, 0]
18.0175 	EXP 	window1: mouseVisible = False
18.0330 	EXP 	demo_fixation: opacity = 1
18.0330 	EXP 	demo_fixation: pos = [0, 0]
18.0342 	EXP 	window1: mouseVisible = False
18.0496 	EXP 	demo_fixation: opacity = 1
18.0496 	EXP 	demo_fixation: pos = [0, 0]
18.0509 	EXP 	window1: mouseVisible = False
18.0663 	EXP 	demo_fixation: opacity = 1
18.0663 	EXP 	demo_fixation: pos = [0, 0]
18.0675 	EXP 	window1: mouseVisible = False
18.0829 	EXP 	demo_fixation: opacity = 1
18.0829 	EXP 	demo_fixation: pos = [0, 0]
18.0841 	EXP 	window1: mouseVisible = False
18.0994 	EXP 	demo_fixation: opacity = 1
18.0994 	EXP 	demo_fixation: pos = [0, 0]
18.1006 	EXP 	window1: mouseVisible = False
18.1161 	EXP 	demo_fixation: opacity = 1
18.1161 	EXP 	demo_fixation: pos = [0, 0]
18.1173 	EXP 	window1: mouseVisible = False
18.1328 	EXP 	demo_fixation: opacity = 1
18.1328 	EXP 	demo_fixation: pos = [0, 0]
18.1342 	EXP 	window1: mouseVisible = False
18.1495 	EXP 	demo_fixation: opacity = 1
18.1495 	EXP 	demo_fixation: pos = [0, 0]
18.1507 	EXP 	window1: mouseVisible = False
18.1662 	EXP 	demo_fixation: opacity = 1
18.1662 	EXP 	demo_fixation: pos = [0, 0]
18.1674 	EXP 	window1: mouseVisible = False
18.1827 	EXP 	demo_fixation: opacity = 1
18.1827 	EXP 	demo_fixation: pos = [0, 0]
18.1839 	EXP 	window1: mouseVisible = False
18.1994 	EXP 	demo_fixation: opacity = 1
18.1994 	EXP 	demo_fixation: pos = [0, 0]
18.2009 	EXP 	window1: mouseVisible = False
18.2161 	EXP 	demo_fixation: opacity = 1
18.2161 	EXP 	demo_fixation: pos = [0, 0]
18.2178 	EXP 	window1: mouseVisible = False
18.2327 	EXP 	demo_fixation: opacity = 1
18.2327 	EXP 	demo_fixation: pos = [0, 0]
18.2339 	EXP 	window1: mouseVisible = False
18.2494 	EXP 	demo_fixation: opacity = 1
18.2494 	EXP 	demo_fixation: pos = [0, 0]
18.2506 	EXP 	window1: mouseVisible = False
18.2661 	EXP 	demo_fixation: opacity = 1
18.2661 	EXP 	demo_fixation: pos = [0, 0]
18.2674 	EXP 	window1: mouseVisible = False
18.2825 	EXP 	demo_fixation: opacity = 1
18.2825 	EXP 	demo_fixation: pos = [0, 0]
18.2837 	EXP 	window1: mouseVisible = False
18.2993 	EXP 	demo_fixation: opacity = 1
18.2993 	EXP 	demo_fixation: pos = [0, 0]
18.3005 	EXP 	window1: mouseVisible = False
18.3161 	EXP 	demo_fixation: opacity = 1
18.3161 	EXP 	demo_fixation: pos = [0, 0]
18.3174 	EXP 	window1: mouseVisible = False
18.3326 	EXP 	demo_fixation: opacity = 1
18.3326 	EXP 	demo_fixation: pos = [0, 0]
18.3340 	EXP 	window1: mouseVisible = False
18.3493 	EXP 	demo_fixation: opacity = 1
18.3493 	EXP 	demo_fixation: pos = [0, 0]
18.3505 	EXP 	window1: mouseVisible = False
18.3662 	EXP 	demo_fixation: opacity = 1
18.3662 	EXP 	demo_fixation: pos = [0, 0]
18.3675 	EXP 	window1: mouseVisible = False
18.3825 	EXP 	demo_fixation: opacity = 1
18.3825 	EXP 	demo_fixation: pos = [0, 0]
18.3838 	EXP 	window1: mouseVisible = False
18.3991 	EXP 	demo_fixation: opacity = 1
18.3991 	EXP 	demo_fixation: pos = [0, 0]
18.4005 	EXP 	window1: mouseVisible = False
18.4158 	EXP 	demo_fixation: opacity = 1
18.4158 	EXP 	demo_fixation: pos = [0, 0]
18.4170 	EXP 	window1: mouseVisible = False
18.4326 	EXP 	demo_fixation: opacity = 1
18.4326 	EXP 	demo_fixation: pos = [0, 0]
18.4338 	EXP 	window1: mouseVisible = False
18.4492 	EXP 	demo_fixation: opacity = 1
18.4492 	EXP 	demo_fixation: pos = [0, 0]
18.4504 	EXP 	window1: mouseVisible = False
18.4658 	EXP 	demo_fixation: opacity = 1
18.4658 	EXP 	demo_fixation: pos = [0, 0]
18.4677 	EXP 	window1: mouseVisible = False
18.4825 	EXP 	demo_fixation: opacity = 1
18.4825 	EXP 	demo_fixation: pos = [0, 0]
18.4838 	EXP 	window1: mouseVisible = False
18.4992 	EXP 	demo_fixation: opacity = 1
18.4992 	EXP 	demo_fixation: pos = [0, 0]
18.5004 	EXP 	window1: mouseVisible = False
18.5158 	EXP 	demo_fixation: opacity = 1
18.5158 	EXP 	demo_fixation: pos = [0, 0]
18.5173 	EXP 	window1: mouseVisible = False
18.5324 	EXP 	demo_fixation: opacity = 1
18.5324 	EXP 	demo_fixation: pos = [0, 0]
18.5336 	EXP 	window1: mouseVisible = False
18.5497 	EXP 	demo_fixation: opacity = 1
18.5497 	EXP 	demo_fixation: pos = [0, 0]
18.5510 	EXP 	window1: mouseVisible = False
18.5658 	EXP 	demo_fixation: opacity = 1
18.5658 	EXP 	demo_fixation: pos = [0, 0]
18.5670 	EXP 	window1: mouseVisible = False
18.5824 	EXP 	demo_fixation: opacity = 1
18.5824 	EXP 	demo_fixation: pos = [0, 0]
18.5838 	EXP 	window1: mouseVisible = False
18.5990 	EXP 	demo_fixation: opacity = 1
18.5990 	EXP 	demo_fixation: pos = [0, 0]
18.6002 	EXP 	window1: mouseVisible = False
18.6157 	EXP 	demo_fixation: opacity = 1
18.6157 	EXP 	demo_fixation: pos = [0, 0]
18.6170 	EXP 	window1: mouseVisible = False
18.6323 	EXP 	demo_fixation: opacity = 1
18.6323 	EXP 	demo_fixation: pos = [0, 0]
18.6335 	EXP 	window1: mouseVisible = False
18.6489 	EXP 	demo_fixation: opacity = 1
18.6489 	EXP 	demo_fixation: pos = [0, 0]
18.6504 	EXP 	window1: mouseVisible = False
18.6657 	EXP 	demo_fixation: opacity = 1
18.6657 	EXP 	demo_fixation: pos = [0, 0]
18.6669 	EXP 	window1: mouseVisible = False
18.6823 	EXP 	demo_fixation: opacity = 1
18.6823 	EXP 	demo_fixation: pos = [0, 0]
18.6835 	EXP 	window1: mouseVisible = False
18.6990 	EXP 	demo_fixation: opacity = 1
18.6990 	EXP 	demo_fixation: pos = [0, 0]
18.7007 	EXP 	window1: mouseVisible = False
18.7156 	EXP 	demo_fixation: opacity = 1
18.7156 	EXP 	demo_fixation: pos = [0, 0]
18.7168 	EXP 	window1: mouseVisible = False
18.7323 	EXP 	demo_fixation: opacity = 1
18.7323 	EXP 	demo_fixation: pos = [0, 0]
18.7336 	EXP 	window1: mouseVisible = False
18.7490 	EXP 	demo_fixation: opacity = 1
18.7490 	EXP 	demo_fixation: pos = [0, 0]
18.7507 	EXP 	window1: mouseVisible = False
18.7655 	EXP 	demo_fixation: opacity = 1
18.7655 	EXP 	demo_fixation: pos = [0, 0]
18.7667 	EXP 	window1: mouseVisible = False
18.7821 	EXP 	demo_fixation: opacity = 1
18.7821 	EXP 	demo_fixation: pos = [0, 0]
18.7834 	EXP 	window1: mouseVisible = False
18.7988 	EXP 	demo_fixation: opacity = 1
18.7988 	EXP 	demo_fixation: pos = [0, 0]
18.8001 	EXP 	window1: mouseVisible = False
18.8154 	EXP 	demo_fixation: opacity = 1
18.8154 	EXP 	demo_fixation: pos = [0, 0]
18.8167 	EXP 	window1: mouseVisible = False
18.8323 	EXP 	demo_fixation: opacity = 1
18.8323 	EXP 	demo_fixation: pos = [0, 0]
18.8335 	EXP 	window1: mouseVisible = False
18.8487 	EXP 	demo_fixation: opacity = 1
18.8487 	EXP 	demo_fixation: pos = [0, 0]
18.8499 	EXP 	window1: mouseVisible = False
18.8655 	EXP 	demo_fixation: opacity = 1
18.8655 	EXP 	demo_fixation: pos = [0, 0]
18.8667 	EXP 	window1: mouseVisible = False
18.8819 	EXP 	demo_fixation: opacity = 1
18.8819 	EXP 	demo_fixation: pos = [0, 0]
18.8831 	EXP 	window1: mouseVisible = False
18.8988 	EXP 	demo_fixation: opacity = 1
18.8988 	EXP 	demo_fixation: pos = [0, 0]
18.9000 	EXP 	window1: mouseVisible = False
18.9155 	EXP 	demo_fixation: opacity = 1
18.9155 	EXP 	demo_fixation: pos = [0, 0]
18.9167 	EXP 	window1: mouseVisible = False
18.9321 	EXP 	demo_fixation: opacity = 1
18.9321 	EXP 	demo_fixation: pos = [0, 0]
18.9334 	EXP 	window1: mouseVisible = False
18.9488 	EXP 	demo_fixation: opacity = 1
18.9488 	EXP 	demo_fixation: pos = [0, 0]
18.9500 	EXP 	window1: mouseVisible = False
18.9652 	EXP 	demo_fixation: opacity = 1
18.9652 	EXP 	demo_fixation: pos = [0, 0]
18.9679 	EXP 	window1: mouseVisible = False
18.9820 	EXP 	demo_fixation: opacity = 1
18.9820 	EXP 	demo_fixation: pos = [0, 0]
18.9832 	EXP 	window1: mouseVisible = False
18.9986 	EXP 	demo_fixation: opacity = 1
18.9986 	EXP 	demo_fixation: pos = [0, 0]
18.9998 	EXP 	window1: mouseVisible = False
19.0154 	EXP 	demo_fixation: opacity = 1
19.0154 	EXP 	demo_fixation: pos = [0, 0]
19.0167 	EXP 	window1: mouseVisible = False
19.0320 	EXP 	demo_fixation: opacity = 1
19.0320 	EXP 	demo_fixation: pos = [0, 0]
19.0332 	EXP 	window1: mouseVisible = False
19.0486 	EXP 	demo_fixation: opacity = 1
19.0486 	EXP 	demo_fixation: pos = [0, 0]
19.0498 	EXP 	window1: mouseVisible = False
19.0653 	EXP 	demo_fixation: opacity = 1
19.0653 	EXP 	demo_fixation: pos = [0, 0]
19.0667 	EXP 	window1: mouseVisible = False
19.0820 	EXP 	demo_fixation: opacity = 1
19.0820 	EXP 	demo_fixation: pos = [0, 0]
19.0832 	EXP 	window1: mouseVisible = False
19.0984 	EXP 	demo_fixation: opacity = 1
19.0984 	EXP 	demo_fixation: pos = [0, 0]
19.0996 	EXP 	window1: mouseVisible = False
19.1151 	EXP 	demo_fixation: opacity = 1
19.1151 	EXP 	demo_fixation: pos = [0, 0]
19.1184 	DATA 	Mouse: Left button down, pos=(960,540)
19.1187 	EXP 	window1: mouseVisible = False
19.1318 	EXP 	demo_fixation: opacity = 0
19.1325 	EXP 	window1: mouseVisible = False
19.1483 	EXP 	demo_fixation: opacity = 0
19.1490 	EXP 	window1: mouseVisible = False
19.1652 	EXP 	demo_fixation: opacity = 0
19.1659 	EXP 	window1: mouseVisible = False
19.1818 	EXP 	demo_fixation: opacity = 0
19.1825 	EXP 	window1: mouseVisible = False
19.1984 	EXP 	demo_fixation: opacity = 0
19.1992 	EXP 	window1: mouseVisible = False
19.2152 	EXP 	demo_fixation: opacity = 0
19.2159 	EXP 	window1: mouseVisible = False
19.2317 	EXP 	demo_fixation: opacity = 0
19.2324 	EXP 	window1: mouseVisible = False
19.2482 	EXP 	demo_fixation: opacity = 0
19.2490 	EXP 	window1: mouseVisible = False
19.2651 	EXP 	demo_fixation: opacity = 0
19.2659 	EXP 	window1: mouseVisible = False
19.2818 	EXP 	demo_fixation: opacity = 0
19.2826 	EXP 	window1: mouseVisible = False
19.2983 	EXP 	demo_fixation: opacity = 0
19.2990 	EXP 	window1: mouseVisible = False
19.3149 	EXP 	demo_fixation: opacity = 0
19.3157 	EXP 	window1: mouseVisible = False
19.3316 	EXP 	demo_fixation: opacity = 0
19.3323 	EXP 	window1: mouseVisible = False
19.3484 	EXP 	demo_fixation: opacity = 0
19.3491 	EXP 	window1: mouseVisible = False
19.3654 	EXP 	demo_fixation: opacity = 0
19.3675 	EXP 	window1: mouseVisible = False
19.3820 	EXP 	demo_fixation: opacity = 0
19.3832 	EXP 	window1: mouseVisible = False
19.3983 	EXP 	demo_fixation: opacity = 0
19.3997 	EXP 	window1: mouseVisible = False
19.4149 	EXP 	demo_fixation: opacity = 0
19.4164 	EXP 	window1: mouseVisible = False
19.4316 	EXP 	demo_fixation: opacity = 0
19.4330 	EXP 	window1: mouseVisible = False
19.4482 	EXP 	demo_fixation: opacity = 0
19.4496 	EXP 	window1: mouseVisible = False
19.4649 	EXP 	demo_fixation: opacity = 0
19.4662 	EXP 	window1: mouseVisible = False
19.4816 	EXP 	demo_fixation: opacity = 0
19.4829 	EXP 	window1: mouseVisible = False
19.4981 	EXP 	demo_fixation: opacity = 0
19.4993 	EXP 	window1: mouseVisible = False
19.5149 	EXP 	demo_fixation: opacity = 0
19.5165 	EXP 	window1: mouseVisible = False
19.5315 	EXP 	demo_fixation: opacity = 0
19.5327 	EXP 	window1: mouseVisible = False
19.5482 	EXP 	demo_fixation: opacity = 0
19.5498 	EXP 	window1: mouseVisible = False
19.5647 	EXP 	demo_fixation: opacity = 0
19.5671 	EXP 	window1: mouseVisible = False
19.5816 	EXP 	demo_fixation: opacity = 0
19.5830 	EXP 	window1: mouseVisible = False
19.5980 	EXP 	demo_fixation: opacity = 0
19.5992 	EXP 	window1: mouseVisible = False
19.6149 	EXP 	demo_fixation: opacity = 0
19.6163 	EXP 	window1: mouseVisible = False
19.6315 	EXP 	demo_fixation: opacity = 0
19.6330 	EXP 	window1: mouseVisible = False
19.6481 	EXP 	demo_fixation: opacity = 0
19.6495 	EXP 	window1: mouseVisible = False
19.6647 	EXP 	demo_fixation: opacity = 0
19.6660 	EXP 	window1: mouseVisible = False
19.6817 	EXP 	demo_fixation: opacity = 0
19.6829 	EXP 	window1: mouseVisible = False
19.6980 	EXP 	demo_fixation: opacity = 0
19.6994 	EXP 	window1: mouseVisible = False
19.7311 	EXP 	demo_fixation: opacity = 0
19.7311 	EXP 	demo_fixation: pos = array([0.33703704, 0.28611111])
19.7311 	EXP 	demo_fixation: opacity = 1
19.7311 	EXP 	demo_enclosing_1: autoDraw = False
19.7311 	EXP 	demo_enclosing: autoDraw = False
19.7311 	EXP 	demo_target: autoDraw = False
19.7311 	EXP 	demo_fixation: autoDraw = False
19.7311 	EXP 	demo_fixation: opacity = 1
19.7311 	EXP 	demo_target_feedback: pos = array([0.3, 0.3])
19.7311 	EXP 	demo_fixation_feedback: pos = array([0.33703704, 0.28611111])
19.7311 	EXP 	demo_enclosing_feedback: autoDraw = True
19.7311 	EXP 	demo_target_feedback: autoDraw = True
19.7311 	EXP 	demo_fixation_feedback: autoDraw = True
20.2200 	EXP 	New trial (rep=0, index=1): OrderedDict([('target_x', -0.3), ('target_y', 0.3), ('rotation', 0)])
20.2226 	EXP 	window1: mouseVisible = False
20.2347 	EXP 	demo_enclosing_feedback: autoDraw = False
20.2347 	EXP 	demo_target_feedback: autoDraw = False
20.2347 	EXP 	demo_fixation_feedback: autoDraw = False
20.2347 	EXP 	demo_enclosing_feedback: autoDraw = False
20.2347 	EXP 	demo_target_feedback: autoDraw = False
20.2347 	EXP 	demo_fixation_feedback: autoDraw = False
20.2347 	EXP 	demo_target: pos = array([-0.3,  0.3])
20.2347 	EXP 	demo_fixation: pos = array([0., 0.])
20.2347 	EXP 	demo_fixation: opacity = 1
20.2347 	EXP 	demo_fixation: pos = [0, 0]
20.2347 	EXP 	demo_enclosing_1: autoDraw = True
20.2347 	EXP 	demo_enclosing: autoDraw = True
20.2347 	EXP 	demo_target: autoDraw = True
20.2347 	EXP 	demo_fixation: autoDraw = True
20.2347 	EXP 	demo_fixation: opacity = 0
20.2356 	EXP 	window1: mouseVisible = False
20.2472 	EXP 	demo_fixation: opacity = 0
20.2480 	EXP 	window1: mouseVisible = False
20.2641 	EXP 	demo_fixation: opacity = 0
20.2649 	EXP 	window1: mouseVisible = False
20.2809 	EXP 	demo_fixation: opacity = 0
20.2817 	EXP 	window1: mouseVisible = False
20.2973 	EXP 	demo_fixation: opacity = 0
20.2980 	EXP 	window1: mouseVisible = False
20.3138 	EXP 	demo_fixation: opacity = 0
20.3145 	EXP 	window1: mouseVisible = False
20.3308 	EXP 	demo_fixation: opacity = 0
20.3315 	EXP 	window1: mouseVisible = False
20.3473 	EXP 	demo_fixation: opacity = 0
20.3480 	EXP 	window1: mouseVisible = False
20.3642 	EXP 	demo_fixation: opacity = 0
20.3649 	EXP 	window1: mouseVisible = False
20.3807 	EXP 	demo_fixation: opacity = 0
20.3815 	EXP 	window1: mouseVisible = False
20.3975 	EXP 	demo_fixation: opacity = 0
20.3983 	EXP 	window1: mouseVisible = False
20.4145 	EXP 	demo_fixation: opacity = 0
20.4152 	EXP 	window1: mouseVisible = False
20.4307 	EXP 	demo_fixation: opacity = 0
20.4314 	EXP 	window1: mouseVisible = False
20.4472 	EXP 	demo_fixation: opacity = 0
20.4479 	EXP 	window1: mouseVisible = False
20.4641 	EXP 	demo_fixation: opacity = 0
20.4648 	EXP 	window1: mouseVisible = False
20.4805 	EXP 	demo_fixation: opacity = 0
20.4812 	EXP 	window1: mouseVisible = False
20.4972 	EXP 	demo_fixation: opacity = 0
20.4979 	EXP 	window1: mouseVisible = False
20.5139 	EXP 	demo_fixation: opacity = 0
20.5147 	EXP 	window1: mouseVisible = False
20.5306 	EXP 	demo_fixation: opacity = 0
20.5313 	EXP 	window1: mouseVisible = False
20.5477 	EXP 	demo_fixation: opacity = 0
20.5489 	EXP 	window1: mouseVisible = False
20.5640 	EXP 	demo_fixation: opacity = 0
20.5657 	DATA 	Mouse:  Left button up, pos=(1448,1080)
20.5659 	EXP 	window1: mouseVisible = False
20.5805 	EXP 	demo_fixation: opacity = 1
20.5805 	EXP 	demo_fixation: pos = [0, 0]
20.5821 	EXP 	window1: mouseVisible = False
20.5974 	EXP 	demo_fixation: opacity = 1
20.5974 	EXP 	demo_fixation: pos = [0, 0]
20.5992 	EXP 	window1: mouseVisible = False
20.6144 	EXP 	demo_fixation: opacity = 1
20.6144 	EXP 	demo_fixation: pos = [0, 0]
20.6156 	EXP 	window1: mouseVisible = False
20.6308 	EXP 	demo_fixation: opacity = 1
20.6308 	EXP 	demo_fixation: pos = [0, 0]
20.6321 	EXP 	window1: mouseVisible = False
20.6471 	EXP 	demo_fixation: opacity = 1
20.6471 	EXP 	demo_fixation: pos = [0, 0]
20.6483 	EXP 	window1: mouseVisible = False
20.6637 	EXP 	demo_fixation: opacity = 1
20.6637 	EXP 	demo_fixation: pos = [0, 0]
20.6649 	EXP 	window1: mouseVisible = False
20.6803 	EXP 	demo_fixation: opacity = 1
20.6803 	EXP 	demo_fixation: pos = [0, 0]
20.6815 	EXP 	window1: mouseVisible = False
20.6971 	EXP 	demo_fixation: opacity = 1
20.6971 	EXP 	demo_fixation: pos = [0, 0]
20.6984 	EXP 	window1: mouseVisible = False
20.7137 	EXP 	demo_fixation: opacity = 1
20.7137 	EXP 	demo_fixation: pos = [0, 0]
20.7149 	EXP 	window1: mouseVisible = False
20.7304 	EXP 	demo_fixation: opacity = 1
20.7304 	EXP 	demo_fixation: pos = [0, 0]
20.7316 	EXP 	window1: mouseVisible = False
20.7471 	EXP 	demo_fixation: opacity = 1
20.7471 	EXP 	demo_fixation: pos = [0, 0]
20.7483 	EXP 	window1: mouseVisible = False
20.7637 	EXP 	demo_fixation: opacity = 1
20.7637 	EXP 	demo_fixation: pos = [0, 0]
20.7649 	EXP 	window1: mouseVisible = False
20.7804 	EXP 	demo_fixation: opacity = 1
20.7804 	EXP 	demo_fixation: pos = [0, 0]
20.7816 	EXP 	window1: mouseVisible = False
20.7968 	EXP 	demo_fixation: opacity = 1
20.7968 	EXP 	demo_fixation: pos = [0, 0]
20.7981 	EXP 	window1: mouseVisible = False
20.8136 	EXP 	demo_fixation: opacity = 1
20.8136 	EXP 	demo_fixation: pos = [0, 0]
20.8149 	EXP 	window1: mouseVisible = False
20.8304 	EXP 	demo_fixation: opacity = 1
20.8304 	EXP 	demo_fixation: pos = [0, 0]
20.8316 	EXP 	window1: mouseVisible = False
20.8470 	EXP 	demo_fixation: opacity = 1
20.8470 	EXP 	demo_fixation: pos = [0, 0]
20.8485 	EXP 	window1: mouseVisible = False
20.8635 	EXP 	demo_fixation: opacity = 1
20.8635 	EXP 	demo_fixation: pos = [0, 0]
20.8648 	EXP 	window1: mouseVisible = False
20.8803 	EXP 	demo_fixation: opacity = 1
20.8803 	EXP 	demo_fixation: pos = [0, 0]
20.8816 	EXP 	window1: mouseVisible = False
20.8969 	EXP 	demo_fixation: opacity = 1
20.8969 	EXP 	demo_fixation: pos = [0, 0]
20.8981 	EXP 	window1: mouseVisible = False
20.9136 	EXP 	demo_fixation: opacity = 1
20.9136 	EXP 	demo_fixation: pos = [0, 0]
20.9148 	EXP 	window1: mouseVisible = False
20.9302 	EXP 	demo_fixation: opacity = 1
20.9302 	EXP 	demo_fixation: pos = [0, 0]
20.9314 	EXP 	window1: mouseVisible = False
20.9469 	EXP 	demo_fixation: opacity = 1
20.9469 	EXP 	demo_fixation: pos = [0, 0]
20.9482 	EXP 	window1: mouseVisible = False
20.9636 	EXP 	demo_fixation: opacity = 1
20.9636 	EXP 	demo_fixation: pos = [0, 0]
20.9648 	EXP 	window1: mouseVisible = False
20.9801 	EXP 	demo_fixation: opacity = 1
20.9801 	EXP 	demo_fixation: pos = [0, 0]
20.9813 	EXP 	window1: mouseVisible = False
20.9968 	EXP 	demo_fixation: opacity = 1
20.9968 	EXP 	demo_fixation: pos = [0, 0]
20.9981 	EXP 	window1: mouseVisible = False
21.0132 	EXP 	demo_fixation: opacity = 1
21.0132 	EXP 	demo_fixation: pos = [0, 0]
21.0145 	EXP 	window1: mouseVisible = False
21.0300 	EXP 	demo_fixation: opacity = 1
21.0300 	EXP 	demo_fixation: pos = [0, 0]
21.0312 	EXP 	window1: mouseVisible = False
21.0466 	EXP 	demo_fixation: opacity = 1
21.0466 	EXP 	demo_fixation: pos = [0, 0]
21.0481 	EXP 	window1: mouseVisible = False
21.0634 	EXP 	demo_fixation: opacity = 1
21.0634 	EXP 	demo_fixation: pos = [0, 0]
21.0646 	EXP 	window1: mouseVisible = False
21.0801 	EXP 	demo_fixation: opacity = 1
21.0801 	EXP 	demo_fixation: pos = [0, 0]
21.0813 	EXP 	window1: mouseVisible = False
21.0966 	EXP 	demo_fixation: opacity = 1
21.0966 	EXP 	demo_fixation: pos = [0, 0]
21.0979 	EXP 	window1: mouseVisible = False
21.1132 	EXP 	demo_fixation: opacity = 1
21.1132 	EXP 	demo_fixation: pos = [0, 0]
21.1145 	EXP 	window1: mouseVisible = False
21.1301 	EXP 	demo_fixation: opacity = 1
21.1301 	EXP 	demo_fixation: pos = [0, 0]
21.1313 	EXP 	window1: mouseVisible = False
21.1467 	EXP 	demo_fixation: opacity = 1
21.1467 	EXP 	demo_fixation: pos = [0, 0]
21.1482 	EXP 	window1: mouseVisible = False
21.1632 	EXP 	demo_fixation: opacity = 1
21.1632 	EXP 	demo_fixation: pos = [0, 0]
21.1644 	EXP 	window1: mouseVisible = False
21.1801 	EXP 	demo_fixation: opacity = 1
21.1801 	EXP 	demo_fixation: pos = [0, 0]
21.1813 	EXP 	window1: mouseVisible = False
21.1967 	EXP 	demo_fixation: opacity = 1
21.1967 	EXP 	demo_fixation: pos = [0, 0]
21.1979 	EXP 	window1: mouseVisible = False
21.2133 	EXP 	demo_fixation: opacity = 1
21.2133 	EXP 	demo_fixation: pos = [0, 0]
21.2145 	EXP 	window1: mouseVisible = False
21.2299 	EXP 	demo_fixation: opacity = 1
21.2299 	EXP 	demo_fixation: pos = [0, 0]
21.2312 	EXP 	window1: mouseVisible = False
21.2466 	EXP 	demo_fixation: opacity = 1
21.2466 	EXP 	demo_fixation: pos = [0, 0]
21.2478 	EXP 	window1: mouseVisible = False
21.2632 	EXP 	demo_fixation: opacity = 1
21.2632 	EXP 	demo_fixation: pos = [0, 0]
21.2649 	EXP 	window1: mouseVisible = False
21.2799 	EXP 	demo_fixation: opacity = 1
21.2799 	EXP 	demo_fixation: pos = [0, 0]
21.2811 	EXP 	window1: mouseVisible = False
21.2966 	EXP 	demo_fixation: opacity = 1
21.2966 	EXP 	demo_fixation: pos = [0, 0]
21.2978 	EXP 	window1: mouseVisible = False
21.3130 	EXP 	demo_fixation: opacity = 1
21.3130 	EXP 	demo_fixation: pos = [0, 0]
21.3142 	EXP 	window1: mouseVisible = False
21.3297 	EXP 	demo_fixation: opacity = 1
21.3297 	EXP 	demo_fixation: pos = [0, 0]
21.3310 	EXP 	window1: mouseVisible = False
21.3467 	EXP 	demo_fixation: opacity = 1
21.3467 	EXP 	demo_fixation: pos = [0, 0]
21.3479 	EXP 	window1: mouseVisible = False
21.3632 	EXP 	demo_fixation: opacity = 1
21.3632 	EXP 	demo_fixation: pos = [0, 0]
21.3644 	EXP 	window1: mouseVisible = False
21.3799 	EXP 	demo_fixation: opacity = 1
21.3799 	EXP 	demo_fixation: pos = [0, 0]
21.3811 	EXP 	window1: mouseVisible = False
21.3963 	EXP 	demo_fixation: opacity = 1
21.3963 	EXP 	demo_fixation: pos = [0, 0]
21.3975 	EXP 	window1: mouseVisible = False
21.4132 	EXP 	demo_fixation: opacity = 1
21.4132 	EXP 	demo_fixation: pos = [0, 0]
21.4144 	EXP 	window1: mouseVisible = False
21.4296 	EXP 	demo_fixation: opacity = 1
21.4296 	EXP 	demo_fixation: pos = [0, 0]
21.4309 	EXP 	window1: mouseVisible = False
21.4464 	EXP 	demo_fixation: opacity = 1
21.4464 	EXP 	demo_fixation: pos = [0, 0]
21.4493 	DATA 	Mouse: Left button down, pos=(960,540)
21.4496 	EXP 	window1: mouseVisible = False
21.4631 	EXP 	demo_fixation: opacity = 0
21.4638 	EXP 	window1: mouseVisible = False
21.4796 	EXP 	demo_fixation: opacity = 0
21.4803 	EXP 	window1: mouseVisible = False
21.4963 	EXP 	demo_fixation: opacity = 0
21.4974 	EXP 	window1: mouseVisible = False
21.5130 	EXP 	demo_fixation: opacity = 0
21.5137 	EXP 	window1: mouseVisible = False
21.5298 	EXP 	demo_fixation: opacity = 0
21.5305 	EXP 	window1: mouseVisible = False
21.5463 	EXP 	demo_fixation: opacity = 0
21.5470 	EXP 	window1: mouseVisible = False
21.5629 	EXP 	demo_fixation: opacity = 0
21.5637 	EXP 	window1: mouseVisible = False
21.5794 	EXP 	demo_fixation: opacity = 0
21.5801 	EXP 	window1: mouseVisible = False
21.5963 	EXP 	demo_fixation: opacity = 0
21.5970 	EXP 	window1: mouseVisible = False
21.6129 	EXP 	demo_fixation: opacity = 0
21.6136 	EXP 	window1: mouseVisible = False
21.6294 	EXP 	demo_fixation: opacity = 0
21.6302 	EXP 	window1: mouseVisible = False
21.6462 	EXP 	demo_fixation: opacity = 0
21.6471 	EXP 	window1: mouseVisible = False
21.6636 	EXP 	demo_fixation: opacity = 0
21.6644 	EXP 	window1: mouseVisible = False
21.6793 	EXP 	demo_fixation: opacity = 0
21.6800 	EXP 	window1: mouseVisible = False
21.6961 	EXP 	demo_fixation: opacity = 0
21.6968 	EXP 	window1: mouseVisible = False
21.7127 	EXP 	demo_fixation: opacity = 0
21.7134 	EXP 	window1: mouseVisible = False
21.7295 	EXP 	demo_fixation: opacity = 0
21.7305 	EXP 	window1: mouseVisible = False
21.7462 	EXP 	demo_fixation: opacity = 0
21.7475 	EXP 	window1: mouseVisible = False
21.7626 	EXP 	demo_fixation: opacity = 0
21.7643 	EXP 	window1: mouseVisible = False
21.7795 	EXP 	demo_fixation: opacity = 0
21.7807 	EXP 	window1: mouseVisible = False
21.7960 	EXP 	demo_fixation: opacity = 0
21.7974 	EXP 	window1: mouseVisible = False
21.8128 	EXP 	demo_fixation: opacity = 0
21.8145 	EXP 	window1: mouseVisible = False
21.8292 	EXP 	demo_fixation: opacity = 0
21.8318 	EXP 	window1: mouseVisible = False
21.8460 	EXP 	demo_fixation: opacity = 0
21.8473 	EXP 	window1: mouseVisible = False
21.8626 	EXP 	demo_fixation: opacity = 0
21.8639 	EXP 	window1: mouseVisible = False
21.8794 	EXP 	demo_fixation: opacity = 0
21.8808 	EXP 	window1: mouseVisible = False
21.8960 	EXP 	demo_fixation: opacity = 0
21.8980 	EXP 	window1: mouseVisible = False
21.9125 	EXP 	demo_fixation: opacity = 0
21.9138 	EXP 	window1: mouseVisible = False
21.9292 	EXP 	demo_fixation: opacity = 0
21.9304 	EXP 	window1: mouseVisible = False
21.9458 	EXP 	demo_fixation: opacity = 0
21.9472 	EXP 	window1: mouseVisible = False
21.9626 	EXP 	demo_fixation: opacity = 0
21.9641 	EXP 	window1: mouseVisible = False
21.9793 	EXP 	demo_fixation: opacity = 0
21.9808 	EXP 	window1: mouseVisible = False
21.9958 	EXP 	demo_fixation: opacity = 0
21.9970 	EXP 	window1: mouseVisible = False
22.0124 	EXP 	demo_fixation: opacity = 0
22.0137 	EXP 	window1: mouseVisible = False
22.0292 	EXP 	demo_fixation: opacity = 0
22.0307 	EXP 	window1: mouseVisible = False
22.0459 	EXP 	demo_fixation: opacity = 0
22.0471 	EXP 	window1: mouseVisible = False
22.0625 	EXP 	demo_fixation: opacity = 0
22.0637 	EXP 	window1: mouseVisible = False
22.0790 	EXP 	demo_fixation: opacity = 0
22.0815 	EXP 	window1: mouseVisible = False
22.0957 	EXP 	demo_fixation: opacity = 0
22.0971 	EXP 	window1: mouseVisible = False
22.1125 	EXP 	demo_fixation: opacity = 0
22.1139 	EXP 	window1: mouseVisible = False
22.1290 	EXP 	demo_fixation: opacity = 0
22.1304 	EXP 	window1: mouseVisible = False
22.1457 	EXP 	demo_fixation: opacity = 0
22.1478 	EXP 	window1: mouseVisible = False
22.1623 	EXP 	demo_fixation: opacity = 0
22.1637 	EXP 	window1: mouseVisible = False
22.1866 	EXP 	demo_fixation: opacity = 0
22.1866 	EXP 	demo_fixation: pos = array([-0.29814815,  0.32962963])
22.1866 	EXP 	demo_fixation: opacity = 1
22.1866 	EXP 	demo_enclosing_1: autoDraw = False
22.1866 	EXP 	demo_enclosing: autoDraw = False
22.1866 	EXP 	demo_target: autoDraw = False
22.1866 	EXP 	demo_fixation: autoDraw = False
22.1866 	EXP 	demo_fixation: opacity = 1
22.1866 	EXP 	demo_target_feedback: pos = array([-0.3,  0.3])
22.1866 	EXP 	demo_fixation_feedback: pos = array([-0.29814815,  0.32962963])
22.1866 	EXP 	demo_enclosing_feedback: autoDraw = True
22.1866 	EXP 	demo_target_feedback: autoDraw = True
22.1866 	EXP 	demo_fixation_feedback: autoDraw = True
22.6813 	EXP 	New trial (rep=0, index=2): OrderedDict([('target_x', -0.3), ('target_y', -0.3), ('rotation', 0)])
22.6845 	EXP 	window1: mouseVisible = False
22.6974 	EXP 	demo_enclosing_feedback: autoDraw = False
22.6974 	EXP 	demo_target_feedback: autoDraw = False
22.6974 	EXP 	demo_fixation_feedback: autoDraw = False
22.6974 	EXP 	demo_target: pos = array([-0.3, -0.3])
22.6974 	EXP 	demo_fixation: pos = array([0., 0.])
22.6974 	EXP 	demo_fixation: opacity = 1
22.6974 	EXP 	demo_fixation: pos = [0, 0]
22.6974 	EXP 	demo_enclosing_1: autoDraw = True
22.6974 	EXP 	demo_enclosing: autoDraw = True
22.6974 	EXP 	demo_target: autoDraw = True
22.6974 	EXP 	demo_fixation: autoDraw = True
22.6974 	EXP 	demo_fixation: opacity = 0
22.6989 	EXP 	window1: mouseVisible = False
22.7115 	EXP 	demo_fixation: opacity = 0
22.7138 	EXP 	window1: mouseVisible = False
22.7286 	EXP 	demo_fixation: opacity = 0
22.7298 	EXP 	window1: mouseVisible = False
22.7450 	EXP 	demo_fixation: opacity = 0
22.7462 	EXP 	window1: mouseVisible = False
22.7617 	EXP 	demo_fixation: opacity = 0
22.7631 	EXP 	window1: mouseVisible = False
22.7785 	EXP 	demo_fixation: opacity = 0
22.7804 	EXP 	window1: mouseVisible = False
22.7950 	EXP 	demo_fixation: opacity = 0
22.7966 	EXP 	window1: mouseVisible = False
22.8118 	EXP 	demo_fixation: opacity = 0
22.8130 	EXP 	window1: mouseVisible = False
22.8283 	EXP 	demo_fixation: opacity = 0
22.8295 	EXP 	window1: mouseVisible = False
22.8452 	EXP 	demo_fixation: opacity = 0
22.8460 	EXP 	window1: mouseVisible = False
22.8617 	EXP 	demo_fixation: opacity = 0
22.8624 	EXP 	window1: mouseVisible = False
22.8783 	EXP 	demo_fixation: opacity = 0
22.8790 	EXP 	window1: mouseVisible = False
22.8949 	EXP 	demo_fixation: opacity = 0
22.8956 	EXP 	window1: mouseVisible = False
22.9116 	EXP 	demo_fixation: opacity = 0
22.9124 	EXP 	window1: mouseVisible = False
22.9283 	EXP 	demo_fixation: opacity = 0
22.9290 	EXP 	window1: mouseVisible = False
22.9449 	EXP 	demo_fixation: opacity = 0
22.9457 	EXP 	window1: mouseVisible = False
22.9616 	EXP 	demo_fixation: opacity = 0
22.9623 	EXP 	window1: mouseVisible = False
22.9781 	EXP 	demo_fixation: opacity = 0
22.9794 	EXP 	window1: mouseVisible = False
22.9950 	EXP 	demo_fixation: opacity = 0
22.9962 	EXP 	window1: mouseVisible = False
23.0117 	EXP 	demo_fixation: opacity = 0
23.0127 	EXP 	window1: mouseVisible = False
23.0282 	EXP 	demo_fixation: opacity = 0
23.0302 	DATA 	Mouse:  Left button up, pos=(583,1080)
23.0304 	EXP 	window1: mouseVisible = False
23.0449 	EXP 	demo_fixation: opacity = 1
23.0449 	EXP 	demo_fixation: pos = [0, 0]
23.0461 	EXP 	window1: mouseVisible = False
23.0616 	EXP 	demo_fixation: opacity = 1
23.0616 	EXP 	demo_fixation: pos = [0, 0]
23.0631 	EXP 	window1: mouseVisible = False
23.0781 	EXP 	demo_fixation: opacity = 1
23.0781 	EXP 	demo_fixation: pos = [0, 0]
23.0793 	EXP 	window1: mouseVisible = False
23.0949 	EXP 	demo_fixation: opacity = 1
23.0949 	EXP 	demo_fixation: pos = [0, 0]
23.0964 	EXP 	window1: mouseVisible = False
23.1115 	EXP 	demo_fixation: opacity = 1
23.1115 	EXP 	demo_fixation: pos = [0, 0]
23.1127 	EXP 	window1: mouseVisible = False
23.1281 	EXP 	demo_fixation: opacity = 1
23.1281 	EXP 	demo_fixation: pos = [0, 0]
23.1294 	EXP 	window1: mouseVisible = False
23.1449 	EXP 	demo_fixation: opacity = 1
23.1449 	EXP 	demo_fixation: pos = [0, 0]
23.1461 	EXP 	window1: mouseVisible = False
23.1614 	EXP 	demo_fixation: opacity = 1
23.1614 	EXP 	demo_fixation: pos = [0, 0]
23.1627 	EXP 	window1: mouseVisible = False
23.1780 	EXP 	demo_fixation: opacity = 1
23.1780 	EXP 	demo_fixation: pos = [0, 0]
23.1793 	EXP 	window1: mouseVisible = False
23.1947 	EXP 	demo_fixation: opacity = 1
23.1947 	EXP 	demo_fixation: pos = [0, 0]
23.1959 	EXP 	window1: mouseVisible = False
23.2113 	EXP 	demo_fixation: opacity = 1
23.2113 	EXP 	demo_fixation: pos = [0, 0]
23.2125 	EXP 	window1: mouseVisible = False
23.2280 	EXP 	demo_fixation: opacity = 1
23.2280 	EXP 	demo_fixation: pos = [0, 0]
23.2292 	EXP 	window1: mouseVisible = False
23.2447 	EXP 	demo_fixation: opacity = 1
23.2447 	EXP 	demo_fixation: pos = [0, 0]
23.2460 	EXP 	window1: mouseVisible = False
23.2614 	EXP 	demo_fixation: opacity = 1
23.2614 	EXP 	demo_fixation: pos = [0, 0]
23.2626 	EXP 	window1: mouseVisible = False
23.2780 	EXP 	demo_fixation: opacity = 1
23.2780 	EXP 	demo_fixation: pos = [0, 0]
23.2796 	EXP 	window1: mouseVisible = False
23.2947 	EXP 	demo_fixation: opacity = 1
23.2947 	EXP 	demo_fixation: pos = [0, 0]
23.2959 	EXP 	window1: mouseVisible = False
23.3114 	EXP 	demo_fixation: opacity = 1
23.3114 	EXP 	demo_fixation: pos = [0, 0]
23.3140 	EXP 	window1: mouseVisible = False
23.3279 	EXP 	demo_fixation: opacity = 1
23.3279 	EXP 	demo_fixation: pos = [0, 0]
23.3292 	EXP 	window1: mouseVisible = False
23.3446 	EXP 	demo_fixation: opacity = 1
23.3446 	EXP 	demo_fixation: pos = [0, 0]
23.3458 	EXP 	window1: mouseVisible = False
23.3612 	EXP 	demo_fixation: opacity = 1
23.3612 	EXP 	demo_fixation: pos = [0, 0]
23.3629 	EXP 	window1: mouseVisible = False
23.3780 	EXP 	demo_fixation: opacity = 1
23.3780 	EXP 	demo_fixation: pos = [0, 0]
23.3793 	EXP 	window1: mouseVisible = False
23.3946 	EXP 	demo_fixation: opacity = 1
23.3946 	EXP 	demo_fixation: pos = [0, 0]
23.3959 	EXP 	window1: mouseVisible = False
23.4111 	EXP 	demo_fixation: opacity = 1
23.4111 	EXP 	demo_fixation: pos = [0, 0]
23.4124 	EXP 	window1: mouseVisible = False
23.4279 	EXP 	demo_fixation: opacity = 1
23.4279 	EXP 	demo_fixation: pos = [0, 0]
23.4291 	EXP 	window1: mouseVisible = False
23.4444 	EXP 	demo_fixation: opacity = 1
23.4444 	EXP 	demo_fixation: pos = [0, 0]
23.4457 	EXP 	window1: mouseVisible = False
23.4611 	EXP 	demo_fixation: opacity = 1
23.4611 	EXP 	demo_fixation: pos = [0, 0]
23.4623 	EXP 	window1: mouseVisible = False
23.4778 	EXP 	demo_fixation: opacity = 1
23.4778 	EXP 	demo_fixation: pos = [0, 0]
23.4791 	EXP 	window1: mouseVisible = False
23.4944 	EXP 	demo_fixation: opacity = 1
23.4944 	EXP 	demo_fixation: pos = [0, 0]
23.4956 	EXP 	window1: mouseVisible = False
23.5111 	EXP 	demo_fixation: opacity = 1
23.5111 	EXP 	demo_fixation: pos = [0, 0]
23.5123 	EXP 	window1: mouseVisible = False
23.5276 	EXP 	demo_fixation: opacity = 1
23.5276 	EXP 	demo_fixation: pos = [0, 0]
23.5292 	EXP 	window1: mouseVisible = False
23.5444 	EXP 	demo_fixation: opacity = 1
23.5444 	EXP 	demo_fixation: pos = [0, 0]
23.5457 	EXP 	window1: mouseVisible = False
23.5610 	EXP 	demo_fixation: opacity = 1
23.5610 	EXP 	demo_fixation: pos = [0, 0]
23.5626 	EXP 	window1: mouseVisible = False
23.5777 	EXP 	demo_fixation: opacity = 1
23.5777 	EXP 	demo_fixation: pos = [0, 0]
23.5790 	EXP 	window1: mouseVisible = False
23.5945 	EXP 	demo_fixation: opacity = 1
23.5945 	EXP 	demo_fixation: pos = [0, 0]
23.5957 	EXP 	window1: mouseVisible = False
23.6110 	EXP 	demo_fixation: opacity = 1
23.6110 	EXP 	demo_fixation: pos = [0, 0]
23.6125 	EXP 	window1: mouseVisible = False
23.6275 	EXP 	demo_fixation: opacity = 1
23.6275 	EXP 	demo_fixation: pos = [0, 0]
23.6288 	EXP 	window1: mouseVisible = False
23.6443 	EXP 	demo_fixation: opacity = 1
23.6443 	EXP 	demo_fixation: pos = [0, 0]
23.6456 	EXP 	window1: mouseVisible = False
23.6609 	EXP 	demo_fixation: opacity = 1
23.6609 	EXP 	demo_fixation: pos = [0, 0]
23.6622 	EXP 	window1: mouseVisible = False
23.6775 	EXP 	demo_fixation: opacity = 1
23.6775 	EXP 	demo_fixation: pos = [0, 0]
23.6787 	EXP 	window1: mouseVisible = False
23.6942 	EXP 	demo_fixation: opacity = 1
23.6942 	EXP 	demo_fixation: pos = [0, 0]
23.6954 	EXP 	window1: mouseVisible = False
23.7108 	EXP 	demo_fixation: opacity = 1
23.7108 	EXP 	demo_fixation: pos = [0, 0]
23.7124 	EXP 	window1: mouseVisible = False
23.7275 	EXP 	demo_fixation: opacity = 1
23.7275 	EXP 	demo_fixation: pos = [0, 0]
23.7288 	EXP 	window1: mouseVisible = False
23.7441 	EXP 	demo_fixation: opacity = 1
23.7441 	EXP 	demo_fixation: pos = [0, 0]
23.7454 	EXP 	window1: mouseVisible = False
23.7609 	EXP 	demo_fixation: opacity = 1
23.7609 	EXP 	demo_fixation: pos = [0, 0]
23.7621 	EXP 	window1: mouseVisible = False
23.7775 	EXP 	demo_fixation: opacity = 1
23.7775 	EXP 	demo_fixation: pos = [0, 0]
23.7812 	DATA 	Mouse: Left button down, pos=(960,540)
23.7816 	EXP 	window1: mouseVisible = False
23.7939 	EXP 	demo_fixation: opacity = 0
23.7947 	EXP 	window1: mouseVisible = False
23.8107 	EXP 	demo_fixation: opacity = 0
23.8114 	EXP 	window1: mouseVisible = False
23.8275 	EXP 	demo_fixation: opacity = 0
23.8283 	EXP 	window1: mouseVisible = False
23.8443 	EXP 	demo_fixation: opacity = 0
23.8450 	EXP 	window1: mouseVisible = False
23.8605 	EXP 	demo_fixation: opacity = 0
23.8613 	EXP 	window1: mouseVisible = False
23.8775 	EXP 	demo_fixation: opacity = 0
23.8782 	EXP 	window1: mouseVisible = False
23.8939 	EXP 	demo_fixation: opacity = 0
23.8947 	EXP 	window1: mouseVisible = False
23.9106 	EXP 	demo_fixation: opacity = 0
23.9114 	EXP 	window1: mouseVisible = False
23.9272 	EXP 	demo_fixation: opacity = 0
23.9280 	EXP 	window1: mouseVisible = False
23.9438 	EXP 	demo_fixation: opacity = 0
23.9445 	EXP 	window1: mouseVisible = False
23.9606 	EXP 	demo_fixation: opacity = 0
23.9613 	EXP 	window1: mouseVisible = False
23.9773 	EXP 	demo_fixation: opacity = 0
23.9780 	EXP 	window1: mouseVisible = False
23.9938 	EXP 	demo_fixation: opacity = 0
23.9946 	EXP 	window1: mouseVisible = False
24.0105 	EXP 	demo_fixation: opacity = 0
24.0113 	EXP 	window1: mouseVisible = False
24.0272 	EXP 	demo_fixation: opacity = 0
24.0280 	EXP 	window1: mouseVisible = False
24.0439 	EXP 	demo_fixation: opacity = 0
24.0453 	EXP 	window1: mouseVisible = False
24.0607 	EXP 	demo_fixation: opacity = 0
24.0618 	EXP 	window1: mouseVisible = False
24.0774 	EXP 	demo_fixation: opacity = 0
24.0787 	EXP 	window1: mouseVisible = False
24.0938 	EXP 	demo_fixation: opacity = 0
24.0962 	EXP 	window1: mouseVisible = False
24.1114 	EXP 	demo_fixation: opacity = 0
24.1128 	EXP 	window1: mouseVisible = False
24.1271 	EXP 	demo_fixation: opacity = 0
24.1284 	EXP 	window1: mouseVisible = False
24.1437 	EXP 	demo_fixation: opacity = 0
24.1450 	EXP 	window1: mouseVisible = False
24.1604 	EXP 	demo_fixation: opacity = 0
24.1624 	EXP 	window1: mouseVisible = False
24.1771 	EXP 	demo_fixation: opacity = 0
24.1788 	EXP 	window1: mouseVisible = False
24.1941 	EXP 	demo_fixation: opacity = 0
24.1954 	EXP 	window1: mouseVisible = False
24.2105 	EXP 	demo_fixation: opacity = 0
24.2117 	EXP 	window1: mouseVisible = False
24.2272 	EXP 	demo_fixation: opacity = 0
24.2286 	EXP 	window1: mouseVisible = False
24.2439 	EXP 	demo_fixation: opacity = 0
24.2453 	EXP 	window1: mouseVisible = False
24.2604 	EXP 	demo_fixation: opacity = 0
24.2616 	EXP 	window1: mouseVisible = False
24.2769 	EXP 	demo_fixation: opacity = 0
24.2783 	EXP 	window1: mouseVisible = False
24.2938 	EXP 	demo_fixation: opacity = 0
24.2951 	EXP 	window1: mouseVisible = False
24.3104 	EXP 	demo_fixation: opacity = 0
24.3117 	EXP 	window1: mouseVisible = False
24.3270 	EXP 	demo_fixation: opacity = 0
24.3283 	EXP 	window1: mouseVisible = False
24.3437 	EXP 	demo_fixation: opacity = 0
24.3459 	EXP 	window1: mouseVisible = False
24.3604 	EXP 	demo_fixation: opacity = 0
24.3616 	EXP 	window1: mouseVisible = False
24.3771 	EXP 	demo_fixation: opacity = 0
24.3788 	EXP 	window1: mouseVisible = False
24.3937 	EXP 	demo_fixation: opacity = 0
24.3950 	EXP 	window1: mouseVisible = False
24.4102 	EXP 	demo_fixation: opacity = 0
24.4122 	EXP 	window1: mouseVisible = False
24.4268 	EXP 	demo_fixation: opacity = 0
24.4282 	EXP 	window1: mouseVisible = False
24.4436 	EXP 	demo_fixation: opacity = 0
24.4448 	EXP 	window1: mouseVisible = False
24.4601 	EXP 	demo_fixation: opacity = 0
24.4616 	EXP 	window1: mouseVisible = False
24.4770 	EXP 	demo_fixation: opacity = 0
24.4784 	EXP 	window1: mouseVisible = False
24.4935 	EXP 	demo_fixation: opacity = 0
24.4947 	EXP 	window1: mouseVisible = False
24.5101 	EXP 	demo_fixation: opacity = 0
24.5115 	EXP 	window1: mouseVisible = False
24.5269 	EXP 	demo_fixation: opacity = 0
24.5283 	EXP 	window1: mouseVisible = False
24.5434 	EXP 	demo_fixation: opacity = 0
24.5448 	EXP 	window1: mouseVisible = False
24.5603 	EXP 	demo_fixation: opacity = 0
24.5615 	EXP 	window1: mouseVisible = False
24.5768 	EXP 	demo_fixation: opacity = 0
24.5783 	EXP 	window1: mouseVisible = False
24.5934 	EXP 	demo_fixation: opacity = 0
24.5949 	EXP 	window1: mouseVisible = False
24.6100 	EXP 	demo_fixation: opacity = 0
24.6113 	EXP 	window1: mouseVisible = False
24.6267 	EXP 	demo_fixation: opacity = 0
24.6279 	EXP 	window1: mouseVisible = False
24.6435 	EXP 	demo_fixation: opacity = 0
24.6452 	EXP 	window1: mouseVisible = False
24.6600 	EXP 	demo_fixation: opacity = 0
24.6623 	EXP 	window1: mouseVisible = False
24.6768 	EXP 	demo_fixation: opacity = 0
24.6781 	EXP 	window1: mouseVisible = False
24.6934 	EXP 	demo_fixation: opacity = 0
24.6946 	EXP 	window1: mouseVisible = False
24.7186 	EXP 	demo_fixation: opacity = 0
24.7186 	EXP 	demo_fixation: pos = array([-0.28981481, -0.33703704])
24.7186 	EXP 	demo_fixation: opacity = 1
24.7186 	EXP 	demo_enclosing_1: autoDraw = False
24.7186 	EXP 	demo_enclosing: autoDraw = False
24.7186 	EXP 	demo_target: autoDraw = False
24.7186 	EXP 	demo_fixation: autoDraw = False
24.7186 	EXP 	demo_fixation: opacity = 1
24.7186 	EXP 	demo_target_feedback: pos = array([-0.3, -0.3])
24.7186 	EXP 	demo_fixation_feedback: pos = array([-0.28981481, -0.33703704])
24.7186 	EXP 	demo_enclosing_feedback: autoDraw = True
24.7186 	EXP 	demo_target_feedback: autoDraw = True
24.7186 	EXP 	demo_fixation_feedback: autoDraw = True
25.2123 	EXP 	New trial (rep=0, index=3): OrderedDict([('target_x', 0.3), ('target_y', -0.3), ('rotation', 0)])
25.2149 	EXP 	window1: mouseVisible = False
25.2278 	EXP 	demo_enclosing_feedback: autoDraw = False
25.2278 	EXP 	demo_target_feedback: autoDraw = False
25.2278 	EXP 	demo_fixation_feedback: autoDraw = False
25.2278 	EXP 	demo_target: pos = array([ 0.3, -0.3])
25.2278 	EXP 	demo_fixation: pos = array([0., 0.])
25.2278 	EXP 	demo_fixation: opacity = 1
25.2278 	EXP 	demo_fixation: pos = [0, 0]
25.2278 	EXP 	demo_enclosing_1: autoDraw = True
25.2278 	EXP 	demo_enclosing: autoDraw = True
25.2278 	EXP 	demo_target: autoDraw = True
25.2278 	EXP 	demo_fixation: autoDraw = True
25.2278 	EXP 	demo_fixation: opacity = 0
25.2290 	EXP 	window1: mouseVisible = False
25.2428 	EXP 	demo_fixation: opacity = 0
25.2435 	EXP 	window1: mouseVisible = False
25.2596 	EXP 	demo_fixation: opacity = 0
25.2603 	EXP 	window1: mouseVisible = False
25.2761 	EXP 	demo_fixation: opacity = 0
25.2769 	EXP 	window1: mouseVisible = False
25.2926 	EXP 	demo_fixation: opacity = 0
25.2934 	EXP 	window1: mouseVisible = False
25.3094 	EXP 	demo_fixation: opacity = 0
25.3102 	EXP 	window1: mouseVisible = False
25.3261 	EXP 	demo_fixation: opacity = 0
25.3268 	EXP 	window1: mouseVisible = False
25.3430 	EXP 	demo_fixation: opacity = 0
25.3437 	EXP 	window1: mouseVisible = False
25.3593 	EXP 	demo_fixation: opacity = 0
25.3603 	EXP 	window1: mouseVisible = False
25.3762 	EXP 	demo_fixation: opacity = 0
25.3770 	EXP 	window1: mouseVisible = False
25.3927 	EXP 	demo_fixation: opacity = 0
25.3934 	EXP 	window1: mouseVisible = False
25.4092 	EXP 	demo_fixation: opacity = 0
25.4099 	EXP 	window1: mouseVisible = False
25.4259 	EXP 	demo_fixation: opacity = 0
25.4267 	EXP 	window1: mouseVisible = False
25.4426 	EXP 	demo_fixation: opacity = 0
25.4433 	EXP 	window1: mouseVisible = False
25.4593 	EXP 	demo_fixation: opacity = 0
25.4600 	EXP 	window1: mouseVisible = False
25.4759 	EXP 	demo_fixation: opacity = 0
25.4766 	EXP 	window1: mouseVisible = False
25.4925 	EXP 	demo_fixation: opacity = 0
25.4932 	EXP 	window1: mouseVisible = False
25.5094 	EXP 	demo_fixation: opacity = 0
25.5101 	EXP 	window1: mouseVisible = False
25.5261 	EXP 	demo_fixation: opacity = 0
25.5268 	EXP 	window1: mouseVisible = False
25.5425 	EXP 	demo_fixation: opacity = 0
25.5434 	EXP 	window1: mouseVisible = False
25.5590 	EXP 	demo_fixation: opacity = 0
25.5598 	EXP 	window1: mouseVisible = False
25.5758 	EXP 	demo_fixation: opacity = 0
25.5774 	DATA 	Mouse:  Left button up, pos=(595,119)
25.5775 	EXP 	window1: mouseVisible = False
25.5925 	EXP 	demo_fixation: opacity = 1
25.5925 	EXP 	demo_fixation: pos = [0, 0]
25.5938 	EXP 	window1: mouseVisible = False
25.6091 	EXP 	demo_fixation: opacity = 1
25.6091 	EXP 	demo_fixation: pos = [0, 0]
25.6106 	EXP 	window1: mouseVisible = False
25.6268 	EXP 	demo_fixation: opacity = 1
25.6268 	EXP 	demo_fixation: pos = [0, 0]
25.6280 	EXP 	window1: mouseVisible = False
25.6424 	EXP 	demo_fixation: opacity = 1
25.6424 	EXP 	demo_fixation: pos = [0, 0]
25.6438 	EXP 	window1: mouseVisible = False
25.6591 	EXP 	demo_fixation: opacity = 1
25.6591 	EXP 	demo_fixation: pos = [0, 0]
25.6603 	EXP 	window1: mouseVisible = False
25.6758 	EXP 	demo_fixation: opacity = 1
25.6758 	EXP 	demo_fixation: pos = [0, 0]
25.6770 	EXP 	window1: mouseVisible = False
25.6924 	EXP 	demo_fixation: opacity = 1
25.6924 	EXP 	demo_fixation: pos = [0, 0]
25.6937 	EXP 	window1: mouseVisible = False
25.7090 	EXP 	demo_fixation: opacity = 1
25.7090 	EXP 	demo_fixation: pos = [0, 0]
25.7103 	EXP 	window1: mouseVisible = False
25.7258 	EXP 	demo_fixation: opacity = 1
25.7258 	EXP 	demo_fixation: pos = [0, 0]
25.7270 	EXP 	window1: mouseVisible = False
25.7423 	EXP 	demo_fixation: opacity = 1
25.7423 	EXP 	demo_fixation: pos = [0, 0]
25.7436 	EXP 	window1: mouseVisible = False
25.7588 	EXP 	demo_fixation: opacity = 1
25.7588 	EXP 	demo_fixation: pos = [0, 0]
25.7600 	EXP 	window1: mouseVisible = False
25.7757 	EXP 	demo_fixation: opacity = 1
25.7757 	EXP 	demo_fixation: pos = [0, 0]
25.7769 	EXP 	window1: mouseVisible = False
25.7922 	EXP 	demo_fixation: opacity = 1
25.7922 	EXP 	demo_fixation: pos = [0, 0]
25.7935 	EXP 	window1: mouseVisible = False
25.8090 	EXP 	demo_fixation: opacity = 1
25.8090 	EXP 	demo_fixation: pos = [0, 0]
25.8102 	EXP 	window1: mouseVisible = False
25.8254 	EXP 	demo_fixation: opacity = 1
25.8254 	EXP 	demo_fixation: pos = [0, 0]
25.8266 	EXP 	window1: mouseVisible = False
25.8423 	EXP 	demo_fixation: opacity = 1
25.8423 	EXP 	demo_fixation: pos = [0, 0]
25.8435 	EXP 	window1: mouseVisible = False
25.8590 	EXP 	demo_fixation: opacity = 1
25.8590 	EXP 	demo_fixation: pos = [0, 0]
25.8608 	EXP 	window1: mouseVisible = False
25.8755 	EXP 	demo_fixation: opacity = 1
25.8755 	EXP 	demo_fixation: pos = [0, 0]
25.8767 	EXP 	window1: mouseVisible = False
25.8923 	EXP 	demo_fixation: opacity = 1
25.8923 	EXP 	demo_fixation: pos = [0, 0]
25.8938 	EXP 	window1: mouseVisible = False
25.9089 	EXP 	demo_fixation: opacity = 1
25.9089 	EXP 	demo_fixation: pos = [0, 0]
25.9101 	EXP 	window1: mouseVisible = False
25.9256 	EXP 	demo_fixation: opacity = 1
25.9256 	EXP 	demo_fixation: pos = [0, 0]
25.9268 	EXP 	window1: mouseVisible = False
25.9421 	EXP 	demo_fixation: opacity = 1
25.9421 	EXP 	demo_fixation: pos = [0, 0]
25.9433 	EXP 	window1: mouseVisible = False
25.9588 	EXP 	demo_fixation: opacity = 1
25.9588 	EXP 	demo_fixation: pos = [0, 0]
25.9600 	EXP 	window1: mouseVisible = False
25.9754 	EXP 	demo_fixation: opacity = 1
25.9754 	EXP 	demo_fixation: pos = [0, 0]
25.9767 	EXP 	window1: mouseVisible = False
25.9920 	EXP 	demo_fixation: opacity = 1
25.9920 	EXP 	demo_fixation: pos = [0, 0]
25.9932 	EXP 	window1: mouseVisible = False
26.0088 	EXP 	demo_fixation: opacity = 1
26.0088 	EXP 	demo_fixation: pos = [0, 0]
26.0100 	EXP 	window1: mouseVisible = False
26.0253 	EXP 	demo_fixation: opacity = 1
26.0253 	EXP 	demo_fixation: pos = [0, 0]
26.0265 	EXP 	window1: mouseVisible = False
26.0422 	EXP 	demo_fixation: opacity = 1
26.0422 	EXP 	demo_fixation: pos = [0, 0]
26.0434 	EXP 	window1: mouseVisible = False
26.0587 	EXP 	demo_fixation: opacity = 1
26.0587 	EXP 	demo_fixation: pos = [0, 0]
26.0599 	EXP 	window1: mouseVisible = False
26.0752 	EXP 	demo_fixation: opacity = 1
26.0752 	EXP 	demo_fixation: pos = [0, 0]
26.0768 	EXP 	window1: mouseVisible = False
26.0921 	EXP 	demo_fixation: opacity = 1
26.0921 	EXP 	demo_fixation: pos = [0, 0]
26.0933 	EXP 	window1: mouseVisible = False
26.1086 	EXP 	demo_fixation: opacity = 1
26.1086 	EXP 	demo_fixation: pos = [0, 0]
26.1099 	EXP 	window1: mouseVisible = False
26.1254 	EXP 	demo_fixation: opacity = 1
26.1254 	EXP 	demo_fixation: pos = [0, 0]
26.1266 	EXP 	window1: mouseVisible = False
26.1420 	EXP 	demo_fixation: opacity = 1
26.1420 	EXP 	demo_fixation: pos = [0, 0]
26.1432 	EXP 	window1: mouseVisible = False
26.1595 	EXP 	demo_fixation: opacity = 1
26.1595 	EXP 	demo_fixation: pos = [0, 0]
26.1607 	EXP 	window1: mouseVisible = False
26.1755 	EXP 	demo_fixation: opacity = 1
26.1755 	EXP 	demo_fixation: pos = [0, 0]
26.1774 	EXP 	window1: mouseVisible = False
26.1932 	EXP 	demo_fixation: opacity = 1
26.1932 	EXP 	demo_fixation: pos = [0, 0]
26.1945 	EXP 	window1: mouseVisible = False
26.2085 	EXP 	demo_fixation: opacity = 1
26.2085 	EXP 	demo_fixation: pos = [0, 0]
26.2097 	EXP 	window1: mouseVisible = False
26.2251 	EXP 	demo_fixation: opacity = 1
26.2251 	EXP 	demo_fixation: pos = [0, 0]
26.2263 	EXP 	window1: mouseVisible = False
26.2419 	EXP 	demo_fixation: opacity = 1
26.2419 	EXP 	demo_fixation: pos = [0, 0]
26.2431 	EXP 	window1: mouseVisible = False
26.2585 	EXP 	demo_fixation: opacity = 1
26.2585 	EXP 	demo_fixation: pos = [0, 0]
26.2608 	DATA 	Mouse: Left button down, pos=(960,540)
26.2613 	EXP 	window1: mouseVisible = False
26.2751 	EXP 	demo_fixation: opacity = 0
26.2759 	EXP 	window1: mouseVisible = False
26.2918 	EXP 	demo_fixation: opacity = 0
26.2925 	EXP 	window1: mouseVisible = False
26.3085 	EXP 	demo_fixation: opacity = 0
26.3092 	EXP 	window1: mouseVisible = False
26.3252 	EXP 	demo_fixation: opacity = 0
26.3259 	EXP 	window1: mouseVisible = False
26.3418 	EXP 	demo_fixation: opacity = 0
26.3425 	EXP 	window1: mouseVisible = False
26.3584 	EXP 	demo_fixation: opacity = 0
26.3592 	EXP 	window1: mouseVisible = False
26.3751 	EXP 	demo_fixation: opacity = 0
26.3758 	EXP 	window1: mouseVisible = False
26.3917 	EXP 	demo_fixation: opacity = 0
26.3924 	EXP 	window1: mouseVisible = False
26.4084 	EXP 	demo_fixation: opacity = 0
26.4092 	EXP 	window1: mouseVisible = False
26.4249 	EXP 	demo_fixation: opacity = 0
26.4256 	EXP 	window1: mouseVisible = False
26.4419 	EXP 	demo_fixation: opacity = 0
26.4427 	EXP 	window1: mouseVisible = False
26.4584 	EXP 	demo_fixation: opacity = 0
26.4591 	EXP 	window1: mouseVisible = False
26.4750 	EXP 	demo_fixation: opacity = 0
26.4758 	EXP 	window1: mouseVisible = False
26.4918 	EXP 	demo_fixation: opacity = 0
26.4925 	EXP 	window1: mouseVisible = False
26.5083 	EXP 	demo_fixation: opacity = 0
26.5090 	EXP 	window1: mouseVisible = False
26.5248 	EXP 	demo_fixation: opacity = 0
26.5256 	EXP 	window1: mouseVisible = False
26.5415 	EXP 	demo_fixation: opacity = 0
26.5427 	EXP 	window1: mouseVisible = False
26.5583 	EXP 	demo_fixation: opacity = 0
26.5595 	EXP 	window1: mouseVisible = False
26.5750 	EXP 	demo_fixation: opacity = 0
26.5764 	EXP 	window1: mouseVisible = False
26.5915 	EXP 	demo_fixation: opacity = 0
26.5928 	EXP 	window1: mouseVisible = False
26.6082 	EXP 	demo_fixation: opacity = 0
26.6098 	EXP 	window1: mouseVisible = False
26.6249 	EXP 	demo_fixation: opacity = 0
26.6263 	EXP 	window1: mouseVisible = False
26.6416 	EXP 	demo_fixation: opacity = 0
26.6429 	EXP 	window1: mouseVisible = False
26.6582 	EXP 	demo_fixation: opacity = 0
26.6595 	EXP 	window1: mouseVisible = False
26.6748 	EXP 	demo_fixation: opacity = 0
26.6769 	EXP 	window1: mouseVisible = False
26.6916 	EXP 	demo_fixation: opacity = 0
26.6930 	EXP 	window1: mouseVisible = False
26.7081 	EXP 	demo_fixation: opacity = 0
26.7095 	EXP 	window1: mouseVisible = False
26.7248 	EXP 	demo_fixation: opacity = 0
26.7261 	EXP 	window1: mouseVisible = False
26.7414 	EXP 	demo_fixation: opacity = 0
26.7428 	EXP 	window1: mouseVisible = False
26.7582 	EXP 	demo_fixation: opacity = 0
26.7596 	EXP 	window1: mouseVisible = False
26.7746 	EXP 	demo_fixation: opacity = 0
26.7760 	EXP 	window1: mouseVisible = False
26.7915 	EXP 	demo_fixation: opacity = 0
26.7927 	EXP 	window1: mouseVisible = False
26.8080 	EXP 	demo_fixation: opacity = 0
26.8092 	EXP 	window1: mouseVisible = False
26.8249 	EXP 	demo_fixation: opacity = 0
26.8262 	EXP 	window1: mouseVisible = False
26.8413 	EXP 	demo_fixation: opacity = 0
26.8432 	EXP 	window1: mouseVisible = False
26.8579 	EXP 	demo_fixation: opacity = 0
26.8593 	EXP 	window1: mouseVisible = False
26.8745 	EXP 	demo_fixation: opacity = 0
26.8760 	EXP 	window1: mouseVisible = False
26.8913 	EXP 	demo_fixation: opacity = 0
26.8926 	EXP 	window1: mouseVisible = False
26.9081 	EXP 	demo_fixation: opacity = 0
26.9094 	EXP 	window1: mouseVisible = False
26.9244 	EXP 	demo_fixation: opacity = 0
26.9266 	EXP 	window1: mouseVisible = False
26.9413 	EXP 	demo_fixation: opacity = 0
26.9424 	EXP 	window1: mouseVisible = False
26.9579 	EXP 	demo_fixation: opacity = 0
26.9592 	EXP 	window1: mouseVisible = False
26.9745 	EXP 	demo_fixation: opacity = 0
26.9759 	EXP 	window1: mouseVisible = False
26.9912 	EXP 	demo_fixation: opacity = 0
26.9931 	EXP 	window1: mouseVisible = False
27.0077 	EXP 	demo_fixation: opacity = 0
27.0089 	EXP 	window1: mouseVisible = False
27.0244 	EXP 	demo_fixation: opacity = 0
27.0257 	EXP 	window1: mouseVisible = False
27.0410 	EXP 	demo_fixation: opacity = 0
27.0421 	EXP 	window1: mouseVisible = False
27.0577 	EXP 	demo_fixation: opacity = 0
27.0593 	EXP 	window1: mouseVisible = False
27.0744 	EXP 	demo_fixation: opacity = 0
27.0757 	EXP 	window1: mouseVisible = False
27.0913 	EXP 	demo_fixation: opacity = 0
27.0927 	EXP 	window1: mouseVisible = False
27.1076 	EXP 	demo_fixation: opacity = 0
27.1089 	EXP 	window1: mouseVisible = False
27.1314 	EXP 	demo_fixation: opacity = 0
27.1314 	EXP 	demo_fixation: pos = array([ 0.33148148, -0.29074074])
27.1314 	EXP 	demo_fixation: opacity = 1
27.1314 	EXP 	demo_enclosing_1: autoDraw = False
27.1314 	EXP 	demo_enclosing: autoDraw = False
27.1314 	EXP 	demo_target: autoDraw = False
27.1314 	EXP 	demo_fixation: autoDraw = False
27.1314 	EXP 	demo_fixation: opacity = 1
27.1314 	EXP 	demo_target_feedback: pos = array([ 0.3, -0.3])
27.1314 	EXP 	demo_fixation_feedback: pos = array([ 0.33148148, -0.29074074])
27.1314 	EXP 	demo_enclosing_feedback: autoDraw = True
27.1314 	EXP 	demo_target_feedback: autoDraw = True
27.1314 	EXP 	demo_fixation_feedback: autoDraw = True
27.6268 	EXP 	New trial (rep=1, index=0): None
27.6308 	DATA 	Mouse:  Left button up, pos=(1368,180)
27.6403 	EXP 	demo_enclosing_feedback: autoDraw = False
27.6403 	EXP 	demo_target_feedback: autoDraw = False
27.6403 	EXP 	demo_fixation_feedback: autoDraw = False
27.6403 	EXP 	text: autoDraw = True
28.9570 	DATA 	Keypress: escape
29.2772 	EXP 	window1: mouseVisible = True
