1.5334 	WARNING 	We strongly recommend you activate the PTB sound engine in PsychoPy prefs as the preferred audio engine. Its timing is vastly superior. Your prefs are currently set to use ['sounddevice', 'PTB', 'pyo', 'pygame'] (in that order).
10.6367 	EXP 	Created window1 = Window(allowGUI=False, allowStencil=False, args=UNKNOWN, autoLog=True, bitsMode=UNKNOWN, blendMode='avg', bpc=(8, 8, 8), color=array([0., 0., 0.]), colorSpace='rgb', depthBits=8, fullscr=<method-wrapper '__getattribute__' of attributeSetter object at 0x0000020C142799E8>, gamma=None, gammaErrorPolicy='raise', kwargs=UNKNOWN, lms=UNKNOWN, monitor=<psychopy.monitors.calibTools.Monitor object at 0x0000020C14215A20>, multiSample=False, name='window1', numSamples=2, pos=[0.0, 0.0], screen=0, size=array([1920, 1080]), stencilBits=0, stereo=False, units='height', useFBO=True, useRetina=False, viewOri=0.0, viewPos=None, viewScale=None, waitBlanking=True, winType='pyglet')
10.6373 	EXP 	window1: mouseVisible = True
10.6374 	EXP 	window1: recordFrameIntervals = False
10.8017 	EXP 	window1: recordFrameIntervals = True
10.9852 	EXP 	window1: recordFrameIntervals = False
11.4081 	EXP 	Created Welcome = TextStim(__class__=<class 'psychopy.visual.text.TextStim'>, alignHoriz=method-wrapper(...), alignText='center', alignVert=method-wrapper(...), anchorHoriz='center', anchorVert='center', antialias=True, autoLog=True, bold=False, color='white', colorSpace='named', contrast=1.0, depth=0.0, flipHoriz=False, flipVert=False, font='Arial', fontFiles=[], height=0.04, italic=False, languageStyle='LTR', name='Welcome', opacity=1.0, ori=0, pos=array([0., 0.]), rgb=array([255., 255., 255.]), text=str(...), units='height', win=Window(...), wrapWidth=1)
11.4084 	EXP 	window1: mouseVisible = True
11.4330 	EXP 	Created text = TextStim(__class__=<class 'psychopy.visual.text.TextStim'>, alignHoriz=method-wrapper(...), alignText='center', alignVert=method-wrapper(...), anchorHoriz='center', anchorVert='center', antialias=True, autoLog=True, bold=False, color='white', colorSpace='named', contrast=1.0, depth=0.0, flipHoriz=False, flipVert=False, font='Arial', fontFiles=[], height=0.04, italic=False, languageStyle='LTR', name='text', opacity=1.0, ori=0, pos=array([0., 0.]), rgb=array([255., 255., 255.]), text=str(...), units='height', win=Window(...), wrapWidth=1)
11.4333 	EXP 	window1: mouseVisible = True
11.4491 	EXP 	Created demo_enclosing_1 = Polygon(__class__=<class 'psychopy.visual.polygon.Polygon'>, autoDraw=False, autoLog=True, closeShape=True, color=method-wrapper(...), colorSpace=None, contrast=1.0, depth=-1.0, fillColor=array([0., 0., 0.]), fillColorSpace='rgb', fillRGB=array([0., 0., 0.]), interpolate=True, lineColor=array([-1., -1., -1.]), lineColorSpace='rgb', lineRGB=array([-1., -1., -1.]), lineWidth=1, name='demo_enclosing_1', opacity=1.0, ori=array(0.), pos=array([0., 0.]), size=array([0.9, 0.9]), units='height', vertices=ndarray(...), win=Window(...))
11.4595 	EXP 	Created demo_enclosing = Polygon(__class__=<class 'psychopy.visual.polygon.Polygon'>, autoDraw=False, autoLog=True, closeShape=True, color=method-wrapper(...), colorSpace=None, contrast=1.0, depth=-2.0, fillColor=array([0., 0., 0.]), fillColorSpace='rgb', fillRGB=array([0., 0., 0.]), interpolate=True, lineColor=array([-1., -1., -1.]), lineColorSpace='rgb', lineRGB=array([-1., -1., -1.]), lineWidth=1, name='demo_enclosing', opacity=1.0, ori=array(0.), pos=array([0., 0.]), size=array([0.8, 0.8]), units='height', vertices=ndarray(...), win=Window(...))
11.4654 	EXP 	Created demo_target = ShapeStim(__class__=<class 'psychopy.visual.shape.ShapeStim'>, autoDraw=False, autoLog=True, closeShape=True, contrast=1.0, depth=-3.0, fillColor=array([1., 1., 1.]), fillColorSpace='rgb', interpolate=True, lineColor=array([1., 1., 1.]), lineColorSpace='rgb', lineWidth=1, name='demo_target', opacity=1.0, ori=array(45.), pos=array([0., 0.]), size=array([0.05, 0.05]), units='height', vertices=ndarray(...), win=Window(...), windingRule=None)
11.4730 	EXP 	Created demo_fixation = Polygon(__class__=<class 'psychopy.visual.polygon.Polygon'>, autoDraw=False, autoLog=True, closeShape=True, color=method-wrapper(...), colorSpace=None, contrast=1.0, depth=-4.0, fillColor=array([1., 0., 0.]), fillColorSpace='rgb', fillRGB=array([1., 0., 0.]), interpolate=True, lineColor=array([1., 0., 0.]), lineColorSpace='rgb', lineRGB=array([1., 0., 0.]), lineWidth=1, name='demo_fixation', opacity=1.0, ori=array(0.), pos=array([0., 0.]), size=array([0.025, 0.025]), units='height', vertices=ndarray(...), win=Window(...))
11.4733 	EXP 	window1: mouseVisible = True
11.4875 	EXP 	Created demo_enclosing_feedback_1 = Polygon(__class__=<class 'psychopy.visual.polygon.Polygon'>, autoDraw=False, autoLog=True, closeShape=True, color=method-wrapper(...), colorSpace=None, contrast=1.0, depth=0.0, fillColor=array([0., 0., 0.]), fillColorSpace='rgb', fillRGB=array([0., 0., 0.]), interpolate=True, lineColor=array([-1., -1., -1.]), lineColorSpace='rgb', lineRGB=array([-1., -1., -1.]), lineWidth=1, name='demo_enclosing_feedback_1', opacity=1.0, ori=array(0.), pos=array([0., 0.]), size=array([0.9, 0.9]), units='height', vertices=ndarray(...), win=Window(...))
11.4939 	EXP 	Created demo_enclosing_feedback = Polygon(__class__=<class 'psychopy.visual.polygon.Polygon'>, autoDraw=False, autoLog=True, closeShape=True, color=method-wrapper(...), colorSpace=None, contrast=1.0, depth=-1.0, fillColor=array([0., 0., 0.]), fillColorSpace='rgb', fillRGB=array([0., 0., 0.]), interpolate=True, lineColor=array([-1., -1., -1.]), lineColorSpace='rgb', lineRGB=array([-1., -1., -1.]), lineWidth=1, name='demo_enclosing_feedback', opacity=1.0, ori=array(0.), pos=array([0., 0.]), size=array([0.8, 0.8]), units='height', vertices=ndarray(...), win=Window(...))
11.4969 	EXP 	Created demo_target_feedback = ShapeStim(__class__=<class 'psychopy.visual.shape.ShapeStim'>, autoDraw=False, autoLog=True, closeShape=True, contrast=1.0, depth=-2.0, fillColor=array([1., 1., 1.]), fillColorSpace='rgb', interpolate=True, lineColor=array([1., 1., 1.]), lineColorSpace='rgb', lineWidth=1, name='demo_target_feedback', opacity=1.0, ori=array(45.), pos=array([0., 0.]), size=array([0.05, 0.05]), units='height', vertices=ndarray(...), win=Window(...), windingRule=None)
11.5007 	EXP 	Created demo_fixation_feedback = Polygon(__class__=<class 'psychopy.visual.polygon.Polygon'>, autoDraw=False, autoLog=True, closeShape=True, color=method-wrapper(...), colorSpace=None, contrast=1.0, depth=-3.0, fillColor=array([1., 0., 0.]), fillColorSpace='rgb', fillRGB=array([1., 0., 0.]), interpolate=True, lineColor=array([1., 0., 0.]), lineColorSpace='rgb', lineRGB=array([1., 0., 0.]), lineWidth=1, name='demo_fixation_feedback', opacity=1.0, ori=array(0.), pos=array([0., 0.]), size=array([0.025, 0.025]), units='height', vertices=ndarray(...), win=Window(...))
11.5148 	EXP 	Created text_3 = TextStim(__class__=<class 'psychopy.visual.text.TextStim'>, alignHoriz=method-wrapper(...), alignText='center', alignVert=method-wrapper(...), anchorHoriz='center', anchorVert='center', antialias=True, autoLog=True, bold=False, color='white', colorSpace='named', contrast=1.0, depth=0.0, flipHoriz=False, flipVert=False, font='Arial', fontFiles=[], height=0.04, italic=False, languageStyle='LTR', name='text_3', opacity=1.0, ori=0, pos=array([0., 0.]), rgb=array([255., 255., 255.]), text=str(...), units='height', win=Window(...), wrapWidth=1)
11.5149 	EXP 	window1: mouseVisible = True
11.5175 	EXP 	Created baseline_target = ShapeStim(__class__=<class 'psychopy.visual.shape.ShapeStim'>, autoDraw=False, autoLog=True, closeShape=True, contrast=1.0, depth=0.0, fillColor=array([1., 1., 1.]), fillColorSpace='rgb', interpolate=True, lineColor=array([1., 1., 1.]), lineColorSpace='rgb', lineWidth=1, name='baseline_target', opacity=1.0, ori=array(45.), pos=array([0., 0.]), size=array([0.05, 0.05]), units='height', vertices=ndarray(...), win=Window(...), windingRule=None)
11.5206 	EXP 	Created baseline_fixation = Polygon(__class__=<class 'psychopy.visual.polygon.Polygon'>, autoDraw=False, autoLog=True, closeShape=True, color=method-wrapper(...), colorSpace=None, contrast=1.0, depth=-1.0, fillColor=array([1., 0., 0.]), fillColorSpace='rgb', fillRGB=array([1., 0., 0.]), interpolate=True, lineColor=array([1., 0., 0.]), lineColorSpace='rgb', lineRGB=array([1., 0., 0.]), lineWidth=1, name='baseline_fixation', opacity=1.0, ori=array(0.), pos=array([0., 0.]), size=array([0.025, 0.025]), units='height', vertices=ndarray(...), win=Window(...))
11.5207 	EXP 	window1: mouseVisible = True
11.5226 	EXP 	Created baseline_target_feedback = ShapeStim(__class__=<class 'psychopy.visual.shape.ShapeStim'>, autoDraw=False, autoLog=True, closeShape=True, contrast=1.0, depth=0.0, fillColor=array([1., 1., 1.]), fillColorSpace='rgb', interpolate=True, lineColor=array([1., 1., 1.]), lineColorSpace='rgb', lineWidth=1, name='baseline_target_feedback', opacity=1.0, ori=array(45.), pos=array([0., 0.]), size=array([0.05, 0.05]), units='height', vertices=ndarray(...), win=Window(...), windingRule=None)
11.5254 	EXP 	Created baseline_fixation_feedback = Polygon(__class__=<class 'psychopy.visual.polygon.Polygon'>, autoDraw=False, autoLog=True, closeShape=True, color=method-wrapper(...), colorSpace=None, contrast=1.0, depth=-1.0, fillColor=array([1., 0., 0.]), fillColorSpace='rgb', fillRGB=array([1., 0., 0.]), interpolate=True, lineColor=array([1., 0., 0.]), lineColorSpace='rgb', lineRGB=array([1., 0., 0.]), lineWidth=1, name='baseline_fixation_feedback', opacity=1.0, ori=array(0.), pos=array([0., 0.]), size=array([0.025, 0.025]), units='height', vertices=ndarray(...), win=Window(...))
11.5443 	EXP 	Created text_2 = TextStim(__class__=<class 'psychopy.visual.text.TextStim'>, alignHoriz=method-wrapper(...), alignText='center', alignVert=method-wrapper(...), anchorHoriz='center', anchorVert='center', antialias=True, autoLog=True, bold=False, color='white', colorSpace='named', contrast=1.0, depth=0.0, flipHoriz=False, flipVert=False, font='Arial', fontFiles=[], height=0.04, italic=False, languageStyle='LTR', name='text_2', opacity=1.0, ori=0, pos=array([0., 0.]), rgb=array([255., 255., 255.]), text=str(...), units='height', win=Window(...), wrapWidth=1)
11.5444 	EXP 	window1: mouseVisible = True
11.5464 	EXP 	Created rotated_target = ShapeStim(__class__=<class 'psychopy.visual.shape.ShapeStim'>, autoDraw=False, autoLog=True, closeShape=True, contrast=1.0, depth=0.0, fillColor=array([1., 1., 1.]), fillColorSpace='rgb', interpolate=True, lineColor=array([1., 1., 1.]), lineColorSpace='rgb', lineWidth=1, name='rotated_target', opacity=1.0, ori=array(45.), pos=array([0., 0.]), size=array([0.05, 0.05]), units='height', vertices=ndarray(...), win=Window(...), windingRule=None)
11.5491 	EXP 	Created rotated_fixation = Polygon(__class__=<class 'psychopy.visual.polygon.Polygon'>, autoDraw=False, autoLog=True, closeShape=True, color=method-wrapper(...), colorSpace=None, contrast=1.0, depth=-1.0, fillColor=array([1., 0., 0.]), fillColorSpace='rgb', fillRGB=array([1., 0., 0.]), interpolate=True, lineColor=array([1., 0., 0.]), lineColorSpace='rgb', lineRGB=array([1., 0., 0.]), lineWidth=1, name='rotated_fixation', opacity=1.0, ori=array(0.), pos=array([0., 0.]), size=array([0.025, 0.025]), units='height', vertices=ndarray(...), win=Window(...))
11.5492 	EXP 	window1: mouseVisible = True
11.5511 	EXP 	Created rotated_target_feedback = ShapeStim(__class__=<class 'psychopy.visual.shape.ShapeStim'>, autoDraw=False, autoLog=True, closeShape=True, contrast=1.0, depth=0.0, fillColor=array([1., 1., 1.]), fillColorSpace='rgb', interpolate=True, lineColor=array([1., 1., 1.]), lineColorSpace='rgb', lineWidth=1, name='rotated_target_feedback', opacity=1.0, ori=array(45.), pos=array([0., 0.]), size=array([0.05, 0.05]), units='height', vertices=ndarray(...), win=Window(...), windingRule=None)
11.5539 	EXP 	Created rotated_fixation_feedback = Polygon(__class__=<class 'psychopy.visual.polygon.Polygon'>, autoDraw=False, autoLog=True, closeShape=True, color=method-wrapper(...), colorSpace=None, contrast=1.0, depth=-1.0, fillColor=array([1., 0., 0.]), fillColorSpace='rgb', fillRGB=array([1., 0., 0.]), interpolate=True, lineColor=array([1., 0., 0.]), lineColorSpace='rgb', lineRGB=array([1., 0., 0.]), lineWidth=1, name='rotated_fixation_feedback', opacity=1.0, ori=array(0.), pos=array([0., 0.]), size=array([0.025, 0.025]), units='height', vertices=ndarray(...), win=Window(...))
11.5681 	EXP 	Created rotated_breaks = TextStim(__class__=<class 'psychopy.visual.text.TextStim'>, alignHoriz=method-wrapper(...), alignText='center', alignVert=method-wrapper(...), anchorHoriz='center', anchorVert='center', antialias=True, autoLog=True, bold=False, color='white', colorSpace='named', contrast=1.0, depth=0.0, flipHoriz=False, flipVert=False, font='Arial', fontFiles=[], height=0.04, italic=False, languageStyle='LTR', name='rotated_breaks', opacity=1.0, ori=0, pos=array([0., 0.]), rgb=array([255., 255., 255.]), text=str(...), units='height', win=Window(...), wrapWidth=1)
11.5682 	EXP 	window1: mouseVisible = True
11.5701 	EXP 	Created transfer_target = ShapeStim(__class__=<class 'psychopy.visual.shape.ShapeStim'>, autoDraw=False, autoLog=True, closeShape=True, contrast=1.0, depth=0.0, fillColor=array([1., 1., 1.]), fillColorSpace='rgb', interpolate=True, lineColor=array([1., 1., 1.]), lineColorSpace='rgb', lineWidth=1, name='transfer_target', opacity=1.0, ori=array(45.), pos=array([0., 0.]), size=array([0.05, 0.05]), units='height', vertices=ndarray(...), win=Window(...), windingRule=None)
11.5729 	EXP 	Created transfer_fixation = Polygon(__class__=<class 'psychopy.visual.polygon.Polygon'>, autoDraw=False, autoLog=True, closeShape=True, color=method-wrapper(...), colorSpace=None, contrast=1.0, depth=-1.0, fillColor=array([1., 0., 0.]), fillColorSpace='rgb', fillRGB=array([1., 0., 0.]), interpolate=True, lineColor=array([1., 0., 0.]), lineColorSpace='rgb', lineRGB=array([1., 0., 0.]), lineWidth=1, name='transfer_fixation', opacity=1.0, ori=array(0.), pos=array([0., 0.]), size=array([0.025, 0.025]), units='height', vertices=ndarray(...), win=Window(...))
11.5729 	EXP 	window1: mouseVisible = True
11.5748 	EXP 	Created transfer_target_feedback = ShapeStim(__class__=<class 'psychopy.visual.shape.ShapeStim'>, autoDraw=False, autoLog=True, closeShape=True, contrast=1.0, depth=0.0, fillColor=array([1., 1., 1.]), fillColorSpace='rgb', interpolate=True, lineColor=array([1., 1., 1.]), lineColorSpace='rgb', lineWidth=1, name='transfer_target_feedback', opacity=1.0, ori=array(45.), pos=array([0., 0.]), size=array([0.05, 0.05]), units='height', vertices=ndarray(...), win=Window(...), windingRule=None)
11.5775 	EXP 	Created transfer_fixation_feedback = Polygon(__class__=<class 'psychopy.visual.polygon.Polygon'>, autoDraw=False, autoLog=True, closeShape=True, color=method-wrapper(...), colorSpace=None, contrast=1.0, depth=-1.0, fillColor=array([1., 0., 0.]), fillColorSpace='rgb', fillRGB=array([1., 0., 0.]), interpolate=True, lineColor=array([1., 0., 0.]), lineColorSpace='rgb', lineRGB=array([1., 0., 0.]), lineWidth=1, name='transfer_fixation_feedback', opacity=1.0, ori=array(0.), pos=array([0., 0.]), size=array([0.025, 0.025]), units='height', vertices=ndarray(...), win=Window(...))
11.5864 	EXP 	Created done_text = TextStim(__class__=<class 'psychopy.visual.text.TextStim'>, alignHoriz=method-wrapper(...), alignText='center', alignVert=method-wrapper(...), anchorHoriz='center', anchorVert='center', antialias=True, autoLog=True, bold=False, color='white', colorSpace='named', contrast=1.0, depth=0.0, flipHoriz=False, flipVert=False, font='Arial', fontFiles=[], height=0.04, italic=False, languageStyle='LTR', name='done_text', opacity=1.0, ori=0, pos=array([0., 0.]), rgb=array([255., 255., 255.]), text=str(...), units='height', win=Window(...), wrapWidth=1)
11.5865 	EXP 	window1: mouseVisible = True
11.6268 	EXP 	Welcome: autoDraw = True
12.7847 	DATA 	Mouse: Left button down, pos=(832,634)
12.7886 	EXP 	Created sequence: random, trialTypes=1, nReps=2, seed=None
12.7895 	EXP 	New trial (rep=0, index=0): None
12.8018 	EXP 	Welcome: autoDraw = False
12.8018 	EXP 	text: autoDraw = True
12.9711 	DATA 	Mouse:  Left button up, pos=(832,634)
13.8683 	DATA 	Mouse: Left button down, pos=(832,634)
13.9580 	EXP 	Imported conditions_demo.xlsx as conditions, 4 conditions, 3 params
13.9584 	EXP 	Created sequence: random, trialTypes=4, nReps=1, seed=None
13.9587 	EXP 	New trial (rep=0, index=0): OrderedDict([('target_x', 0.3), ('target_y', 0.3), ('rotation', 0)])
13.9595 	EXP 	window1: mouseVisible = False
13.9740 	EXP 	text: autoDraw = False
13.9740 	EXP 	demo_fixation: opacity = 1
13.9740 	EXP 	demo_fixation: pos = [0, 0]
13.9740 	EXP 	demo_target: pos = array([0.3, 0.3])
13.9740 	EXP 	demo_fixation: pos = array([0., 0.])
13.9740 	EXP 	demo_fixation: opacity = 0
13.9740 	EXP 	demo_enclosing_1: autoDraw = True
13.9740 	EXP 	demo_enclosing: autoDraw = True
13.9740 	EXP 	demo_fixation: autoDraw = True
13.9742 	EXP 	window1: mouseVisible = False
13.9848 	EXP 	demo_fixation: opacity = 0
13.9850 	EXP 	window1: mouseVisible = False
13.9976 	EXP 	demo_fixation: opacity = 0
13.9978 	EXP 	window1: mouseVisible = False
14.0142 	EXP 	demo_fixation: opacity = 0
14.0145 	EXP 	window1: mouseVisible = False
14.0317 	EXP 	demo_fixation: opacity = 0
14.0320 	EXP 	window1: mouseVisible = False
14.0484 	EXP 	demo_fixation: opacity = 0
14.0488 	EXP 	window1: mouseVisible = False
14.0651 	EXP 	demo_fixation: opacity = 0
14.0655 	EXP 	window1: mouseVisible = False
14.0665 	DATA 	Mouse:  Left button up, pos=(832,634)
14.0822 	EXP 	demo_fixation: opacity = 1
14.0822 	EXP 	demo_fixation: pos = [0, 0]
14.0825 	EXP 	window1: mouseVisible = False
14.0984 	EXP 	demo_fixation: opacity = 1
14.0984 	EXP 	demo_fixation: pos = [0, 0]
14.0988 	EXP 	window1: mouseVisible = False
14.1151 	EXP 	demo_fixation: opacity = 1
14.1151 	EXP 	demo_fixation: pos = [0, 0]
14.1155 	EXP 	window1: mouseVisible = False
14.1318 	EXP 	demo_fixation: opacity = 1
14.1318 	EXP 	demo_fixation: pos = [0, 0]
14.1321 	EXP 	window1: mouseVisible = False
14.1483 	EXP 	demo_fixation: opacity = 1
14.1483 	EXP 	demo_fixation: pos = [0, 0]
14.1487 	EXP 	window1: mouseVisible = False
14.1650 	EXP 	demo_fixation: opacity = 1
14.1650 	EXP 	demo_fixation: pos = [0, 0]
14.1654 	EXP 	window1: mouseVisible = False
14.1818 	EXP 	demo_fixation: opacity = 1
14.1818 	EXP 	demo_fixation: pos = [0, 0]
14.1822 	EXP 	window1: mouseVisible = False
14.1983 	EXP 	demo_fixation: opacity = 1
14.1983 	EXP 	demo_fixation: pos = [0, 0]
14.1987 	EXP 	window1: mouseVisible = False
14.2150 	EXP 	demo_fixation: opacity = 1
14.2150 	EXP 	demo_fixation: pos = [0, 0]
14.2153 	EXP 	window1: mouseVisible = False
14.2317 	EXP 	demo_fixation: opacity = 1
14.2317 	EXP 	demo_fixation: pos = [0, 0]
14.2321 	EXP 	window1: mouseVisible = False
14.2484 	EXP 	demo_fixation: opacity = 1
14.2484 	EXP 	demo_fixation: pos = [0, 0]
14.2487 	EXP 	window1: mouseVisible = False
14.2649 	EXP 	demo_fixation: opacity = 1
14.2649 	EXP 	demo_fixation: pos = [0, 0]
14.2652 	EXP 	window1: mouseVisible = False
14.2817 	EXP 	demo_fixation: opacity = 1
14.2817 	EXP 	demo_fixation: pos = [0, 0]
14.2820 	EXP 	window1: mouseVisible = False
14.2983 	EXP 	demo_fixation: opacity = 1
14.2983 	EXP 	demo_fixation: pos = [0, 0]
14.2987 	EXP 	window1: mouseVisible = False
14.3149 	EXP 	demo_fixation: opacity = 1
14.3149 	EXP 	demo_fixation: pos = [0, 0]
14.3153 	EXP 	window1: mouseVisible = False
14.3316 	EXP 	demo_fixation: opacity = 1
14.3316 	EXP 	demo_fixation: pos = [0, 0]
14.3320 	EXP 	window1: mouseVisible = False
14.3483 	EXP 	demo_fixation: opacity = 1
14.3483 	EXP 	demo_fixation: pos = [0, 0]
14.3487 	EXP 	window1: mouseVisible = False
14.3650 	EXP 	demo_fixation: opacity = 1
14.3650 	EXP 	demo_fixation: pos = [0, 0]
14.3653 	EXP 	window1: mouseVisible = False
14.3815 	EXP 	demo_fixation: opacity = 1
14.3815 	EXP 	demo_fixation: pos = [0, 0]
14.3819 	EXP 	window1: mouseVisible = False
14.3981 	EXP 	demo_fixation: opacity = 1
14.3981 	EXP 	demo_fixation: pos = [0, 0]
14.3985 	EXP 	window1: mouseVisible = False
14.4149 	EXP 	demo_fixation: opacity = 1
14.4149 	EXP 	demo_fixation: pos = [0, 0]
14.4152 	EXP 	window1: mouseVisible = False
14.4314 	EXP 	demo_fixation: opacity = 1
14.4314 	EXP 	demo_fixation: pos = [0, 0]
14.4318 	EXP 	window1: mouseVisible = False
14.4482 	EXP 	demo_fixation: opacity = 1
14.4482 	EXP 	demo_fixation: pos = [0, 0]
14.4486 	EXP 	window1: mouseVisible = False
14.4652 	EXP 	demo_fixation: opacity = 1
14.4652 	EXP 	demo_fixation: pos = [0, 0]
14.4656 	EXP 	window1: mouseVisible = False
14.4815 	EXP 	demo_fixation: opacity = 1
14.4815 	EXP 	demo_fixation: pos = [0, 0]
14.4818 	EXP 	window1: mouseVisible = False
14.4986 	EXP 	demo_fixation: opacity = 1
14.4986 	EXP 	demo_fixation: pos = [0, 0]
14.4989 	EXP 	window1: mouseVisible = False
14.5147 	EXP 	demo_fixation: opacity = 1
14.5147 	EXP 	demo_fixation: pos = [0, 0]
14.5151 	EXP 	window1: mouseVisible = False
14.5314 	EXP 	demo_fixation: opacity = 1
14.5314 	EXP 	demo_fixation: pos = [0, 0]
14.5318 	EXP 	window1: mouseVisible = False
14.5480 	EXP 	demo_fixation: opacity = 1
14.5480 	EXP 	demo_fixation: pos = [0, 0]
14.5484 	EXP 	window1: mouseVisible = False
14.5647 	EXP 	demo_fixation: opacity = 1
14.5647 	EXP 	demo_fixation: pos = [0, 0]
14.5650 	EXP 	window1: mouseVisible = False
14.5812 	EXP 	demo_fixation: opacity = 1
14.5812 	EXP 	demo_fixation: pos = [0, 0]
14.5816 	EXP 	window1: mouseVisible = False
14.5980 	EXP 	demo_fixation: opacity = 1
14.5980 	EXP 	demo_fixation: pos = [0, 0]
14.5984 	EXP 	window1: mouseVisible = False
14.6146 	EXP 	demo_fixation: opacity = 1
14.6146 	EXP 	demo_fixation: pos = [0, 0]
14.6150 	EXP 	window1: mouseVisible = False
14.6313 	EXP 	demo_fixation: opacity = 1
14.6313 	EXP 	demo_fixation: pos = [0, 0]
14.6317 	EXP 	window1: mouseVisible = False
14.6479 	EXP 	demo_fixation: opacity = 1
14.6479 	EXP 	demo_fixation: pos = [0, 0]
14.6483 	EXP 	window1: mouseVisible = False
14.6646 	EXP 	demo_fixation: opacity = 1
14.6646 	EXP 	demo_fixation: pos = [0, 0]
14.6649 	EXP 	window1: mouseVisible = False
14.6812 	EXP 	demo_fixation: opacity = 1
14.6812 	EXP 	demo_fixation: pos = [0, 0]
14.6815 	EXP 	window1: mouseVisible = False
14.6979 	EXP 	demo_fixation: opacity = 1
14.6979 	EXP 	demo_fixation: pos = [0, 0]
14.6983 	EXP 	window1: mouseVisible = False
14.7147 	EXP 	demo_fixation: opacity = 1
14.7147 	EXP 	demo_fixation: pos = [0, 0]
14.7150 	EXP 	window1: mouseVisible = False
14.7312 	EXP 	demo_fixation: opacity = 1
14.7312 	EXP 	demo_fixation: pos = [0, 0]
14.7316 	EXP 	window1: mouseVisible = False
14.7479 	EXP 	demo_fixation: opacity = 1
14.7479 	EXP 	demo_fixation: pos = [0, 0]
14.7482 	EXP 	window1: mouseVisible = False
14.7645 	EXP 	demo_fixation: opacity = 1
14.7645 	EXP 	demo_fixation: pos = [0, 0]
14.7649 	EXP 	window1: mouseVisible = False
14.7812 	EXP 	demo_fixation: opacity = 1
14.7812 	EXP 	demo_fixation: pos = [0, 0]
14.7815 	EXP 	window1: mouseVisible = False
14.7978 	EXP 	demo_fixation: opacity = 1
14.7978 	EXP 	demo_fixation: pos = [0, 0]
14.7983 	EXP 	window1: mouseVisible = False
14.8144 	EXP 	demo_fixation: opacity = 1
14.8144 	EXP 	demo_fixation: pos = [0, 0]
14.8149 	EXP 	window1: mouseVisible = False
14.8311 	EXP 	demo_fixation: opacity = 1
14.8311 	EXP 	demo_fixation: pos = [0, 0]
14.8315 	EXP 	window1: mouseVisible = False
14.8477 	EXP 	demo_fixation: opacity = 1
14.8477 	EXP 	demo_fixation: pos = [0, 0]
14.8481 	EXP 	window1: mouseVisible = False
14.8643 	EXP 	demo_fixation: opacity = 1
14.8643 	EXP 	demo_fixation: pos = [0, 0]
14.8648 	EXP 	window1: mouseVisible = False
14.8811 	EXP 	demo_fixation: opacity = 1
14.8811 	EXP 	demo_fixation: pos = [0, 0]
14.8815 	EXP 	window1: mouseVisible = False
14.8976 	EXP 	demo_fixation: opacity = 1
14.8976 	EXP 	demo_fixation: pos = [0, 0]
14.8979 	EXP 	window1: mouseVisible = False
14.9144 	EXP 	demo_fixation: opacity = 1
14.9144 	EXP 	demo_fixation: pos = [0, 0]
14.9148 	EXP 	window1: mouseVisible = False
14.9310 	EXP 	demo_fixation: opacity = 1
14.9310 	EXP 	demo_fixation: pos = [0, 0]
14.9313 	EXP 	window1: mouseVisible = False
14.9476 	EXP 	demo_fixation: opacity = 1
14.9476 	EXP 	demo_fixation: pos = [0, 0]
14.9480 	EXP 	window1: mouseVisible = False
14.9643 	EXP 	demo_fixation: opacity = 1
14.9643 	EXP 	demo_fixation: pos = [0, 0]
14.9647 	EXP 	window1: mouseVisible = False
14.9809 	EXP 	demo_fixation: opacity = 1
14.9809 	EXP 	demo_fixation: pos = [0, 0]
14.9813 	EXP 	window1: mouseVisible = False
14.9976 	EXP 	demo_fixation: opacity = 1
14.9976 	EXP 	demo_fixation: pos = [0, 0]
14.9979 	EXP 	window1: mouseVisible = False
15.0142 	EXP 	demo_fixation: opacity = 1
15.0142 	EXP 	demo_fixation: pos = [0, 0]
15.0145 	EXP 	window1: mouseVisible = False
15.0310 	EXP 	demo_fixation: opacity = 1
15.0310 	EXP 	demo_fixation: pos = [0, 0]
15.0314 	EXP 	window1: mouseVisible = False
15.0476 	EXP 	demo_fixation: opacity = 1
15.0476 	EXP 	demo_fixation: pos = [0, 0]
15.0480 	EXP 	window1: mouseVisible = False
15.0642 	EXP 	demo_fixation: opacity = 1
15.0642 	EXP 	demo_fixation: pos = [0, 0]
15.0646 	EXP 	window1: mouseVisible = False
15.0808 	EXP 	demo_fixation: opacity = 1
15.0808 	EXP 	demo_fixation: pos = [0, 0]
15.0812 	EXP 	window1: mouseVisible = False
15.0975 	EXP 	demo_fixation: opacity = 1
15.0975 	EXP 	demo_fixation: pos = [0, 0]
15.0978 	EXP 	window1: mouseVisible = False
15.1141 	EXP 	demo_fixation: opacity = 1
15.1141 	EXP 	demo_fixation: pos = [0, 0]
15.1147 	EXP 	window1: mouseVisible = False
15.1308 	EXP 	demo_fixation: opacity = 1
15.1308 	EXP 	demo_fixation: pos = [0, 0]
15.1312 	EXP 	window1: mouseVisible = False
15.1475 	EXP 	demo_fixation: opacity = 1
15.1475 	EXP 	demo_fixation: pos = [0, 0]
15.1479 	EXP 	window1: mouseVisible = False
15.1642 	EXP 	demo_fixation: opacity = 1
15.1642 	EXP 	demo_fixation: pos = [0, 0]
15.1645 	EXP 	window1: mouseVisible = False
15.1807 	EXP 	demo_fixation: opacity = 1
15.1807 	EXP 	demo_fixation: pos = [0, 0]
15.1811 	EXP 	window1: mouseVisible = False
15.1974 	EXP 	demo_fixation: opacity = 1
15.1974 	EXP 	demo_fixation: pos = [0, 0]
15.1977 	EXP 	window1: mouseVisible = False
15.2141 	EXP 	demo_fixation: opacity = 1
15.2141 	EXP 	demo_fixation: pos = [0, 0]
15.2145 	EXP 	window1: mouseVisible = False
15.2308 	EXP 	demo_fixation: opacity = 1
15.2308 	EXP 	demo_fixation: pos = [0, 0]
15.2312 	EXP 	window1: mouseVisible = False
15.2474 	EXP 	demo_fixation: opacity = 1
15.2474 	EXP 	demo_fixation: pos = [0, 0]
15.2474 	EXP 	demo_target: autoDraw = True
15.2478 	EXP 	window1: mouseVisible = False
15.2642 	EXP 	demo_fixation: opacity = 1
15.2642 	EXP 	demo_fixation: pos = [0, 0]
15.2645 	EXP 	window1: mouseVisible = False
15.2806 	EXP 	demo_fixation: opacity = 1
15.2806 	EXP 	demo_fixation: pos = [0, 0]
15.2810 	EXP 	window1: mouseVisible = False
15.2972 	EXP 	demo_fixation: opacity = 1
15.2972 	EXP 	demo_fixation: pos = [0, 0]
15.2976 	EXP 	window1: mouseVisible = False
15.3140 	EXP 	demo_fixation: opacity = 1
15.3140 	EXP 	demo_fixation: pos = [0, 0]
15.3143 	EXP 	window1: mouseVisible = False
15.3307 	EXP 	demo_fixation: opacity = 1
15.3307 	EXP 	demo_fixation: pos = [0, 0]
15.3311 	EXP 	window1: mouseVisible = False
15.3478 	EXP 	demo_fixation: opacity = 1
15.3478 	EXP 	demo_fixation: pos = [0, 0]
15.3482 	EXP 	window1: mouseVisible = False
15.3639 	EXP 	demo_fixation: opacity = 1
15.3639 	EXP 	demo_fixation: pos = [0, 0]
15.3643 	EXP 	window1: mouseVisible = False
15.3807 	EXP 	demo_fixation: opacity = 1
15.3807 	EXP 	demo_fixation: pos = [0, 0]
15.3810 	EXP 	window1: mouseVisible = False
15.3974 	EXP 	demo_fixation: opacity = 1
15.3974 	EXP 	demo_fixation: pos = [0, 0]
15.3978 	EXP 	window1: mouseVisible = False
15.4139 	EXP 	demo_fixation: opacity = 1
15.4139 	EXP 	demo_fixation: pos = [0, 0]
15.4143 	EXP 	window1: mouseVisible = False
15.4305 	EXP 	demo_fixation: opacity = 1
15.4305 	EXP 	demo_fixation: pos = [0, 0]
15.4309 	EXP 	window1: mouseVisible = False
15.4470 	EXP 	demo_fixation: opacity = 1
15.4470 	EXP 	demo_fixation: pos = [0, 0]
15.4474 	EXP 	window1: mouseVisible = False
15.4639 	EXP 	demo_fixation: opacity = 1
15.4639 	EXP 	demo_fixation: pos = [0, 0]
15.4642 	EXP 	window1: mouseVisible = False
15.4804 	EXP 	demo_fixation: opacity = 1
15.4804 	EXP 	demo_fixation: pos = [0, 0]
15.4808 	EXP 	window1: mouseVisible = False
15.4972 	EXP 	demo_fixation: opacity = 1
15.4972 	EXP 	demo_fixation: pos = [0, 0]
15.4975 	EXP 	window1: mouseVisible = False
15.5138 	EXP 	demo_fixation: opacity = 1
15.5138 	EXP 	demo_fixation: pos = [0, 0]
15.5142 	EXP 	window1: mouseVisible = False
15.5305 	EXP 	demo_fixation: opacity = 1
15.5305 	EXP 	demo_fixation: pos = [0, 0]
15.5309 	EXP 	window1: mouseVisible = False
15.5471 	EXP 	demo_fixation: opacity = 1
15.5471 	EXP 	demo_fixation: pos = [0, 0]
15.5475 	EXP 	window1: mouseVisible = False
15.5637 	EXP 	demo_fixation: opacity = 1
15.5637 	EXP 	demo_fixation: pos = [0, 0]
15.5641 	EXP 	window1: mouseVisible = False
15.5804 	EXP 	demo_fixation: opacity = 1
15.5804 	EXP 	demo_fixation: pos = [0, 0]
15.5808 	EXP 	window1: mouseVisible = False
15.5970 	EXP 	demo_fixation: opacity = 1
15.5970 	EXP 	demo_fixation: pos = [0, 0]
15.5974 	EXP 	window1: mouseVisible = False
15.6136 	EXP 	demo_fixation: opacity = 1
15.6136 	EXP 	demo_fixation: pos = [0, 0]
15.6140 	EXP 	window1: mouseVisible = False
15.6305 	EXP 	demo_fixation: opacity = 1
15.6305 	EXP 	demo_fixation: pos = [0, 0]
15.6309 	EXP 	window1: mouseVisible = False
15.6470 	EXP 	demo_fixation: opacity = 1
15.6470 	EXP 	demo_fixation: pos = [0, 0]
15.6474 	EXP 	window1: mouseVisible = False
15.6636 	EXP 	demo_fixation: opacity = 1
15.6636 	EXP 	demo_fixation: pos = [0, 0]
15.6640 	EXP 	window1: mouseVisible = False
15.6803 	EXP 	demo_fixation: opacity = 1
15.6803 	EXP 	demo_fixation: pos = [0, 0]
15.6807 	EXP 	window1: mouseVisible = False
15.6969 	EXP 	demo_fixation: opacity = 1
15.6969 	EXP 	demo_fixation: pos = [0, 0]
15.6972 	EXP 	window1: mouseVisible = False
15.7136 	EXP 	demo_fixation: opacity = 1
15.7136 	EXP 	demo_fixation: pos = [0, 0]
15.7140 	EXP 	window1: mouseVisible = False
15.7302 	EXP 	demo_fixation: opacity = 1
15.7302 	EXP 	demo_fixation: pos = [0, 0]
15.7306 	EXP 	window1: mouseVisible = False
15.7469 	EXP 	demo_fixation: opacity = 1
15.7469 	EXP 	demo_fixation: pos = [0, 0]
15.7473 	EXP 	window1: mouseVisible = False
15.7636 	EXP 	demo_fixation: opacity = 1
15.7636 	EXP 	demo_fixation: pos = [0, 0]
15.7639 	EXP 	window1: mouseVisible = False
15.7803 	EXP 	demo_fixation: opacity = 1
15.7803 	EXP 	demo_fixation: pos = [0, 0]
15.7806 	EXP 	window1: mouseVisible = False
15.7968 	EXP 	demo_fixation: opacity = 1
15.7968 	EXP 	demo_fixation: pos = [0, 0]
15.7972 	EXP 	window1: mouseVisible = False
15.8135 	EXP 	demo_fixation: opacity = 1
15.8135 	EXP 	demo_fixation: pos = [0, 0]
15.8139 	EXP 	window1: mouseVisible = False
15.8302 	EXP 	demo_fixation: opacity = 1
15.8302 	EXP 	demo_fixation: pos = [0, 0]
15.8305 	EXP 	window1: mouseVisible = False
15.8468 	EXP 	demo_fixation: opacity = 1
15.8468 	EXP 	demo_fixation: pos = [0, 0]
15.8472 	EXP 	window1: mouseVisible = False
15.8634 	EXP 	demo_fixation: opacity = 1
15.8634 	EXP 	demo_fixation: pos = [0, 0]
15.8638 	EXP 	window1: mouseVisible = False
15.8801 	EXP 	demo_fixation: opacity = 1
15.8801 	EXP 	demo_fixation: pos = [0, 0]
15.8805 	EXP 	window1: mouseVisible = False
15.8968 	EXP 	demo_fixation: opacity = 1
15.8968 	EXP 	demo_fixation: pos = [0, 0]
15.8972 	EXP 	window1: mouseVisible = False
15.9135 	EXP 	demo_fixation: opacity = 1
15.9135 	EXP 	demo_fixation: pos = [0, 0]
15.9138 	EXP 	window1: mouseVisible = False
15.9303 	EXP 	demo_fixation: opacity = 1
15.9303 	EXP 	demo_fixation: pos = [0, 0]
15.9306 	EXP 	window1: mouseVisible = False
15.9469 	EXP 	demo_fixation: opacity = 1
15.9469 	EXP 	demo_fixation: pos = [0, 0]
15.9472 	EXP 	window1: mouseVisible = False
15.9634 	EXP 	demo_fixation: opacity = 1
15.9634 	EXP 	demo_fixation: pos = [0, 0]
15.9637 	EXP 	window1: mouseVisible = False
15.9801 	EXP 	demo_fixation: opacity = 1
15.9801 	EXP 	demo_fixation: pos = [0, 0]
15.9804 	EXP 	window1: mouseVisible = False
15.9966 	EXP 	demo_fixation: opacity = 1
15.9966 	EXP 	demo_fixation: pos = [0, 0]
15.9970 	EXP 	window1: mouseVisible = False
16.0133 	EXP 	demo_fixation: opacity = 1
16.0133 	EXP 	demo_fixation: pos = [0, 0]
16.0137 	EXP 	window1: mouseVisible = False
16.0299 	EXP 	demo_fixation: opacity = 1
16.0299 	EXP 	demo_fixation: pos = [0, 0]
16.0303 	EXP 	window1: mouseVisible = False
16.0466 	EXP 	demo_fixation: opacity = 1
16.0466 	EXP 	demo_fixation: pos = [0, 0]
16.0470 	EXP 	window1: mouseVisible = False
16.0632 	EXP 	demo_fixation: opacity = 1
16.0632 	EXP 	demo_fixation: pos = [0, 0]
16.0636 	EXP 	window1: mouseVisible = False
16.0799 	EXP 	demo_fixation: opacity = 1
16.0799 	EXP 	demo_fixation: pos = [0, 0]
16.0804 	EXP 	window1: mouseVisible = False
16.0980 	EXP 	demo_fixation: opacity = 1
16.0980 	EXP 	demo_fixation: pos = [0, 0]
16.0985 	EXP 	window1: mouseVisible = False
16.1143 	EXP 	demo_fixation: opacity = 1
16.1143 	EXP 	demo_fixation: pos = [0, 0]
16.1146 	EXP 	window1: mouseVisible = False
16.1299 	EXP 	demo_fixation: opacity = 1
16.1299 	EXP 	demo_fixation: pos = [0, 0]
16.1303 	EXP 	window1: mouseVisible = False
16.1321 	DATA 	Mouse: Left button down, pos=(960,540)
16.1464 	EXP 	demo_fixation: opacity = 0
16.1468 	EXP 	window1: mouseVisible = False
16.1632 	EXP 	demo_fixation: opacity = 0
16.1635 	EXP 	window1: mouseVisible = False
16.1797 	EXP 	demo_fixation: opacity = 0
16.1801 	EXP 	window1: mouseVisible = False
16.1965 	EXP 	demo_fixation: opacity = 0
16.1969 	EXP 	window1: mouseVisible = False
16.2132 	EXP 	demo_fixation: opacity = 0
16.2135 	EXP 	window1: mouseVisible = False
16.2299 	EXP 	demo_fixation: opacity = 0
16.2302 	EXP 	window1: mouseVisible = False
16.2464 	EXP 	demo_fixation: opacity = 0
16.2468 	EXP 	window1: mouseVisible = False
16.2631 	EXP 	demo_fixation: opacity = 0
16.2635 	EXP 	window1: mouseVisible = False
16.2797 	EXP 	demo_fixation: opacity = 0
16.2800 	EXP 	window1: mouseVisible = False
16.2964 	EXP 	demo_fixation: opacity = 0
16.2967 	EXP 	window1: mouseVisible = False
16.3132 	EXP 	demo_fixation: opacity = 0
16.3135 	EXP 	window1: mouseVisible = False
16.3298 	EXP 	demo_fixation: opacity = 0
16.3301 	EXP 	window1: mouseVisible = False
16.3462 	EXP 	demo_fixation: opacity = 0
16.3466 	EXP 	window1: mouseVisible = False
16.3630 	EXP 	demo_fixation: opacity = 0
16.3633 	EXP 	window1: mouseVisible = False
16.3797 	EXP 	demo_fixation: opacity = 0
16.3800 	EXP 	window1: mouseVisible = False
16.3964 	EXP 	demo_fixation: opacity = 0
16.3967 	EXP 	window1: mouseVisible = False
16.4129 	EXP 	demo_fixation: opacity = 0
16.4133 	EXP 	window1: mouseVisible = False
16.4298 	EXP 	demo_fixation: opacity = 0
16.4302 	EXP 	window1: mouseVisible = False
16.4462 	EXP 	demo_fixation: opacity = 0
16.4465 	EXP 	window1: mouseVisible = False
16.4628 	EXP 	demo_fixation: opacity = 0
16.4632 	EXP 	window1: mouseVisible = False
16.4920 	EXP 	demo_fixation: opacity = 0
16.4920 	EXP 	demo_fixation: pos = array([0.26759259, 0.32962963])
16.4920 	EXP 	demo_fixation: opacity = 1
16.4920 	EXP 	demo_enclosing_1: autoDraw = False
16.4920 	EXP 	demo_enclosing: autoDraw = False
16.4920 	EXP 	demo_target: autoDraw = False
16.4920 	EXP 	demo_fixation: autoDraw = False
16.4920 	EXP 	demo_fixation: opacity = 1
16.4920 	EXP 	demo_target_feedback: pos = array([0.3, 0.3])
16.4920 	EXP 	demo_fixation_feedback: pos = array([0.26759259, 0.32962963])
16.4920 	EXP 	demo_enclosing_feedback_1: autoDraw = True
16.4920 	EXP 	demo_enclosing_feedback: autoDraw = True
16.4920 	EXP 	demo_target_feedback: autoDraw = True
16.4920 	EXP 	demo_fixation_feedback: autoDraw = True
16.9672 	DATA 	Mouse:  Left button up, pos=(1473,1080)
16.9838 	EXP 	New trial (rep=0, index=1): OrderedDict([('target_x', -0.3), ('target_y', -0.3), ('rotation', 0)])
16.9859 	EXP 	window1: mouseVisible = False
16.9995 	EXP 	demo_enclosing_feedback_1: autoDraw = False
16.9995 	EXP 	demo_enclosing_feedback: autoDraw = False
16.9995 	EXP 	demo_target_feedback: autoDraw = False
16.9995 	EXP 	demo_fixation_feedback: autoDraw = False
16.9995 	EXP 	demo_fixation: opacity = 1
16.9995 	EXP 	demo_fixation: pos = [0, 0]
16.9995 	EXP 	demo_target: pos = array([-0.3, -0.3])
16.9995 	EXP 	demo_fixation: pos = array([0., 0.])
16.9995 	EXP 	demo_fixation: opacity = 1
16.9995 	EXP 	demo_fixation: pos = [0, 0]
16.9995 	EXP 	demo_enclosing_1: autoDraw = True
16.9995 	EXP 	demo_enclosing: autoDraw = True
16.9995 	EXP 	demo_fixation: autoDraw = True
16.9999 	EXP 	window1: mouseVisible = False
17.0128 	EXP 	demo_fixation: opacity = 1
17.0128 	EXP 	demo_fixation: pos = [0, 0]
17.0132 	EXP 	window1: mouseVisible = False
17.0291 	EXP 	demo_fixation: opacity = 1
17.0291 	EXP 	demo_fixation: pos = [0, 0]
17.0294 	EXP 	window1: mouseVisible = False
17.0458 	EXP 	demo_fixation: opacity = 1
17.0458 	EXP 	demo_fixation: pos = [0, 0]
17.0461 	EXP 	window1: mouseVisible = False
17.0624 	EXP 	demo_fixation: opacity = 1
17.0624 	EXP 	demo_fixation: pos = [0, 0]
17.0628 	EXP 	window1: mouseVisible = False
17.0789 	EXP 	demo_fixation: opacity = 1
17.0789 	EXP 	demo_fixation: pos = [0, 0]
17.0793 	EXP 	window1: mouseVisible = False
17.0955 	EXP 	demo_fixation: opacity = 1
17.0955 	EXP 	demo_fixation: pos = [0, 0]
17.0959 	EXP 	window1: mouseVisible = False
17.1123 	EXP 	demo_fixation: opacity = 1
17.1123 	EXP 	demo_fixation: pos = [0, 0]
17.1127 	EXP 	window1: mouseVisible = False
17.1289 	EXP 	demo_fixation: opacity = 1
17.1289 	EXP 	demo_fixation: pos = [0, 0]
17.1293 	EXP 	window1: mouseVisible = False
17.1455 	EXP 	demo_fixation: opacity = 1
17.1455 	EXP 	demo_fixation: pos = [0, 0]
17.1458 	EXP 	window1: mouseVisible = False
17.1623 	EXP 	demo_fixation: opacity = 1
17.1623 	EXP 	demo_fixation: pos = [0, 0]
17.1626 	EXP 	window1: mouseVisible = False
17.1787 	EXP 	demo_fixation: opacity = 1
17.1787 	EXP 	demo_fixation: pos = [0, 0]
17.1791 	EXP 	window1: mouseVisible = False
17.1956 	EXP 	demo_fixation: opacity = 1
17.1956 	EXP 	demo_fixation: pos = [0, 0]
17.1960 	EXP 	window1: mouseVisible = False
17.2121 	EXP 	demo_fixation: opacity = 1
17.2121 	EXP 	demo_fixation: pos = [0, 0]
17.2125 	EXP 	window1: mouseVisible = False
17.2290 	EXP 	demo_fixation: opacity = 1
17.2290 	EXP 	demo_fixation: pos = [0, 0]
17.2293 	EXP 	window1: mouseVisible = False
17.2455 	EXP 	demo_fixation: opacity = 1
17.2455 	EXP 	demo_fixation: pos = [0, 0]
17.2458 	EXP 	window1: mouseVisible = False
17.2621 	EXP 	demo_fixation: opacity = 1
17.2621 	EXP 	demo_fixation: pos = [0, 0]
17.2625 	EXP 	window1: mouseVisible = False
17.2788 	EXP 	demo_fixation: opacity = 1
17.2788 	EXP 	demo_fixation: pos = [0, 0]
17.2792 	EXP 	window1: mouseVisible = False
17.2953 	EXP 	demo_fixation: opacity = 1
17.2953 	EXP 	demo_fixation: pos = [0, 0]
17.2956 	EXP 	window1: mouseVisible = False
17.3120 	EXP 	demo_fixation: opacity = 1
17.3120 	EXP 	demo_fixation: pos = [0, 0]
17.3124 	EXP 	window1: mouseVisible = False
17.3286 	EXP 	demo_fixation: opacity = 1
17.3286 	EXP 	demo_fixation: pos = [0, 0]
17.3290 	EXP 	window1: mouseVisible = False
17.3455 	EXP 	demo_fixation: opacity = 1
17.3455 	EXP 	demo_fixation: pos = [0, 0]
17.3458 	EXP 	window1: mouseVisible = False
17.3622 	EXP 	demo_fixation: opacity = 1
17.3622 	EXP 	demo_fixation: pos = [0, 0]
17.3625 	EXP 	window1: mouseVisible = False
17.3786 	EXP 	demo_fixation: opacity = 1
17.3786 	EXP 	demo_fixation: pos = [0, 0]
17.3790 	EXP 	window1: mouseVisible = False
17.3953 	EXP 	demo_fixation: opacity = 1
17.3953 	EXP 	demo_fixation: pos = [0, 0]
17.3957 	EXP 	window1: mouseVisible = False
17.4120 	EXP 	demo_fixation: opacity = 1
17.4120 	EXP 	demo_fixation: pos = [0, 0]
17.4124 	EXP 	window1: mouseVisible = False
17.4286 	EXP 	demo_fixation: opacity = 1
17.4286 	EXP 	demo_fixation: pos = [0, 0]
17.4290 	EXP 	window1: mouseVisible = False
17.4453 	EXP 	demo_fixation: opacity = 1
17.4453 	EXP 	demo_fixation: pos = [0, 0]
17.4457 	EXP 	window1: mouseVisible = False
17.4620 	EXP 	demo_fixation: opacity = 1
17.4620 	EXP 	demo_fixation: pos = [0, 0]
17.4624 	EXP 	window1: mouseVisible = False
17.4787 	EXP 	demo_fixation: opacity = 1
17.4787 	EXP 	demo_fixation: pos = [0, 0]
17.4791 	EXP 	window1: mouseVisible = False
17.4953 	EXP 	demo_fixation: opacity = 1
17.4953 	EXP 	demo_fixation: pos = [0, 0]
17.4957 	EXP 	window1: mouseVisible = False
17.5119 	EXP 	demo_fixation: opacity = 1
17.5119 	EXP 	demo_fixation: pos = [0, 0]
17.5123 	EXP 	window1: mouseVisible = False
17.5287 	EXP 	demo_fixation: opacity = 1
17.5287 	EXP 	demo_fixation: pos = [0, 0]
17.5291 	EXP 	window1: mouseVisible = False
17.5454 	EXP 	demo_fixation: opacity = 1
17.5454 	EXP 	demo_fixation: pos = [0, 0]
17.5457 	EXP 	window1: mouseVisible = False
17.5618 	EXP 	demo_fixation: opacity = 1
17.5618 	EXP 	demo_fixation: pos = [0, 0]
17.5622 	EXP 	window1: mouseVisible = False
17.5785 	EXP 	demo_fixation: opacity = 1
17.5785 	EXP 	demo_fixation: pos = [0, 0]
17.5789 	EXP 	window1: mouseVisible = False
17.5952 	EXP 	demo_fixation: opacity = 1
17.5952 	EXP 	demo_fixation: pos = [0, 0]
17.5952 	EXP 	demo_target: autoDraw = True
17.5956 	EXP 	window1: mouseVisible = False
17.6118 	EXP 	demo_fixation: opacity = 1
17.6118 	EXP 	demo_fixation: pos = [0, 0]
17.6121 	EXP 	window1: mouseVisible = False
17.6283 	EXP 	demo_fixation: opacity = 1
17.6283 	EXP 	demo_fixation: pos = [0, 0]
17.6287 	EXP 	window1: mouseVisible = False
17.6451 	EXP 	demo_fixation: opacity = 1
17.6451 	EXP 	demo_fixation: pos = [0, 0]
17.6455 	EXP 	window1: mouseVisible = False
17.6617 	EXP 	demo_fixation: opacity = 1
17.6617 	EXP 	demo_fixation: pos = [0, 0]
17.6621 	EXP 	window1: mouseVisible = False
17.6783 	EXP 	demo_fixation: opacity = 1
17.6783 	EXP 	demo_fixation: pos = [0, 0]
17.6787 	EXP 	window1: mouseVisible = False
17.6952 	EXP 	demo_fixation: opacity = 1
17.6952 	EXP 	demo_fixation: pos = [0, 0]
17.6956 	EXP 	window1: mouseVisible = False
17.7116 	EXP 	demo_fixation: opacity = 1
17.7116 	EXP 	demo_fixation: pos = [0, 0]
17.7120 	EXP 	window1: mouseVisible = False
17.7283 	EXP 	demo_fixation: opacity = 1
17.7283 	EXP 	demo_fixation: pos = [0, 0]
17.7287 	EXP 	window1: mouseVisible = False
17.7450 	EXP 	demo_fixation: opacity = 1
17.7450 	EXP 	demo_fixation: pos = [0, 0]
17.7454 	EXP 	window1: mouseVisible = False
17.7617 	EXP 	demo_fixation: opacity = 1
17.7617 	EXP 	demo_fixation: pos = [0, 0]
17.7621 	EXP 	window1: mouseVisible = False
17.7783 	EXP 	demo_fixation: opacity = 1
17.7783 	EXP 	demo_fixation: pos = [0, 0]
17.7786 	EXP 	window1: mouseVisible = False
17.7949 	EXP 	demo_fixation: opacity = 1
17.7949 	EXP 	demo_fixation: pos = [0, 0]
17.7953 	EXP 	window1: mouseVisible = False
17.8117 	EXP 	demo_fixation: opacity = 1
17.8117 	EXP 	demo_fixation: pos = [0, 0]
17.8121 	EXP 	window1: mouseVisible = False
17.8283 	EXP 	demo_fixation: opacity = 1
17.8283 	EXP 	demo_fixation: pos = [0, 0]
17.8287 	EXP 	window1: mouseVisible = False
17.8449 	EXP 	demo_fixation: opacity = 1
17.8449 	EXP 	demo_fixation: pos = [0, 0]
17.8453 	EXP 	window1: mouseVisible = False
17.8615 	EXP 	demo_fixation: opacity = 1
17.8615 	EXP 	demo_fixation: pos = [0, 0]
17.8619 	EXP 	window1: mouseVisible = False
17.8782 	EXP 	demo_fixation: opacity = 1
17.8782 	EXP 	demo_fixation: pos = [0, 0]
17.8786 	EXP 	window1: mouseVisible = False
17.8949 	EXP 	demo_fixation: opacity = 1
17.8949 	EXP 	demo_fixation: pos = [0, 0]
17.8953 	EXP 	window1: mouseVisible = False
17.9114 	EXP 	demo_fixation: opacity = 1
17.9114 	EXP 	demo_fixation: pos = [0, 0]
17.9118 	EXP 	window1: mouseVisible = False
17.9281 	EXP 	demo_fixation: opacity = 1
17.9281 	EXP 	demo_fixation: pos = [0, 0]
17.9285 	EXP 	window1: mouseVisible = False
17.9449 	EXP 	demo_fixation: opacity = 1
17.9449 	EXP 	demo_fixation: pos = [0, 0]
17.9453 	EXP 	window1: mouseVisible = False
17.9614 	EXP 	demo_fixation: opacity = 1
17.9614 	EXP 	demo_fixation: pos = [0, 0]
17.9618 	EXP 	window1: mouseVisible = False
17.9781 	EXP 	demo_fixation: opacity = 1
17.9781 	EXP 	demo_fixation: pos = [0, 0]
17.9785 	EXP 	window1: mouseVisible = False
17.9947 	EXP 	demo_fixation: opacity = 1
17.9947 	EXP 	demo_fixation: pos = [0, 0]
17.9952 	EXP 	window1: mouseVisible = False
18.0114 	EXP 	demo_fixation: opacity = 1
18.0114 	EXP 	demo_fixation: pos = [0, 0]
18.0117 	EXP 	window1: mouseVisible = False
18.0283 	EXP 	demo_fixation: opacity = 1
18.0283 	EXP 	demo_fixation: pos = [0, 0]
18.0286 	EXP 	window1: mouseVisible = False
18.0448 	EXP 	demo_fixation: opacity = 1
18.0448 	EXP 	demo_fixation: pos = [0, 0]
18.0451 	EXP 	window1: mouseVisible = False
18.0613 	EXP 	demo_fixation: opacity = 1
18.0613 	EXP 	demo_fixation: pos = [0, 0]
18.0618 	EXP 	window1: mouseVisible = False
18.0799 	EXP 	demo_fixation: opacity = 1
18.0799 	EXP 	demo_fixation: pos = [0, 0]
18.0803 	EXP 	window1: mouseVisible = False
18.0947 	EXP 	demo_fixation: opacity = 1
18.0947 	EXP 	demo_fixation: pos = [0, 0]
18.0951 	EXP 	window1: mouseVisible = False
18.1113 	EXP 	demo_fixation: opacity = 1
18.1113 	EXP 	demo_fixation: pos = [0, 0]
18.1116 	EXP 	window1: mouseVisible = False
18.1280 	EXP 	demo_fixation: opacity = 1
18.1280 	EXP 	demo_fixation: pos = [0, 0]
18.1284 	EXP 	window1: mouseVisible = False
18.1447 	EXP 	demo_fixation: opacity = 1
18.1447 	EXP 	demo_fixation: pos = [0, 0]
18.1451 	EXP 	window1: mouseVisible = False
18.1469 	DATA 	Mouse: Left button down, pos=(960,540)
18.1612 	EXP 	demo_fixation: opacity = 0
18.1618 	EXP 	window1: mouseVisible = False
18.1781 	EXP 	demo_fixation: opacity = 0
18.1784 	EXP 	window1: mouseVisible = False
18.1945 	EXP 	demo_fixation: opacity = 0
18.1949 	EXP 	window1: mouseVisible = False
18.2111 	EXP 	demo_fixation: opacity = 0
18.2115 	EXP 	window1: mouseVisible = False
18.2280 	EXP 	demo_fixation: opacity = 0
18.2283 	EXP 	window1: mouseVisible = False
18.2445 	EXP 	demo_fixation: opacity = 0
18.2451 	EXP 	window1: mouseVisible = False
18.2622 	EXP 	demo_fixation: opacity = 0
18.2627 	EXP 	window1: mouseVisible = False
18.2783 	EXP 	demo_fixation: opacity = 0
18.2787 	EXP 	window1: mouseVisible = False
18.2946 	EXP 	demo_fixation: opacity = 0
18.2952 	EXP 	window1: mouseVisible = False
18.3112 	EXP 	demo_fixation: opacity = 0
18.3115 	EXP 	window1: mouseVisible = False
18.3277 	EXP 	demo_fixation: opacity = 0
18.3281 	EXP 	window1: mouseVisible = False
18.3443 	EXP 	demo_fixation: opacity = 0
18.3447 	EXP 	window1: mouseVisible = False
18.3611 	EXP 	demo_fixation: opacity = 0
18.3615 	EXP 	window1: mouseVisible = False
18.3777 	EXP 	demo_fixation: opacity = 0
18.3781 	EXP 	window1: mouseVisible = False
18.3946 	EXP 	demo_fixation: opacity = 0
18.3950 	EXP 	window1: mouseVisible = False
18.4110 	EXP 	demo_fixation: opacity = 0
18.4113 	EXP 	window1: mouseVisible = False
18.4278 	EXP 	demo_fixation: opacity = 0
18.4282 	EXP 	window1: mouseVisible = False
18.4442 	EXP 	demo_fixation: opacity = 0
18.4446 	EXP 	window1: mouseVisible = False
18.4610 	EXP 	demo_fixation: opacity = 0
18.4613 	EXP 	window1: mouseVisible = False
18.4776 	EXP 	demo_fixation: opacity = 0
18.4780 	EXP 	window1: mouseVisible = False
18.4943 	EXP 	demo_fixation: opacity = 0
18.4947 	EXP 	window1: mouseVisible = False
18.5110 	EXP 	demo_fixation: opacity = 0
18.5114 	EXP 	window1: mouseVisible = False
18.5276 	EXP 	demo_fixation: opacity = 0
18.5282 	EXP 	window1: mouseVisible = False
18.5445 	EXP 	demo_fixation: opacity = 0
18.5448 	EXP 	window1: mouseVisible = False
18.5680 	EXP 	demo_fixation: opacity = 0
18.5680 	EXP 	demo_fixation: pos = array([-0.23425926, -0.36574074])
18.5680 	EXP 	demo_fixation: opacity = 1
18.5680 	EXP 	demo_enclosing_1: autoDraw = False
18.5680 	EXP 	demo_enclosing: autoDraw = False
18.5680 	EXP 	demo_target: autoDraw = False
18.5680 	EXP 	demo_fixation: autoDraw = False
18.5680 	EXP 	demo_fixation: opacity = 1
18.5680 	EXP 	demo_target_feedback: pos = array([-0.3, -0.3])
18.5680 	EXP 	demo_fixation_feedback: pos = array([-0.23425926, -0.36574074])
18.5680 	EXP 	demo_enclosing_feedback_1: autoDraw = True
18.5680 	EXP 	demo_enclosing_feedback: autoDraw = True
18.5680 	EXP 	demo_target_feedback: autoDraw = True
18.5680 	EXP 	demo_fixation_feedback: autoDraw = True
18.9332 	DATA 	Mouse:  Left button up, pos=(633,6)
19.0637 	EXP 	New trial (rep=0, index=2): OrderedDict([('target_x', -0.3), ('target_y', 0.3), ('rotation', 0)])
19.0657 	EXP 	window1: mouseVisible = False
19.0783 	EXP 	demo_enclosing_feedback_1: autoDraw = False
19.0783 	EXP 	demo_enclosing_feedback: autoDraw = False
19.0783 	EXP 	demo_target_feedback: autoDraw = False
19.0783 	EXP 	demo_fixation_feedback: autoDraw = False
19.0783 	EXP 	demo_fixation: opacity = 1
19.0783 	EXP 	demo_fixation: pos = [0, 0]
19.0783 	EXP 	demo_target: pos = array([-0.3,  0.3])
19.0783 	EXP 	demo_fixation: pos = array([0., 0.])
19.0783 	EXP 	demo_fixation: opacity = 1
19.0783 	EXP 	demo_fixation: pos = [0, 0]
19.0783 	EXP 	demo_enclosing_1: autoDraw = True
19.0783 	EXP 	demo_enclosing: autoDraw = True
19.0783 	EXP 	demo_fixation: autoDraw = True
19.0789 	EXP 	window1: mouseVisible = False
19.0938 	EXP 	demo_fixation: opacity = 1
19.0938 	EXP 	demo_fixation: pos = [0, 0]
19.0941 	EXP 	window1: mouseVisible = False
19.1104 	EXP 	demo_fixation: opacity = 1
19.1104 	EXP 	demo_fixation: pos = [0, 0]
19.1108 	EXP 	window1: mouseVisible = False
19.1270 	EXP 	demo_fixation: opacity = 1
19.1270 	EXP 	demo_fixation: pos = [0, 0]
19.1274 	EXP 	window1: mouseVisible = False
19.1438 	EXP 	demo_fixation: opacity = 1
19.1438 	EXP 	demo_fixation: pos = [0, 0]
19.1442 	EXP 	window1: mouseVisible = False
19.1604 	EXP 	demo_fixation: opacity = 1
19.1604 	EXP 	demo_fixation: pos = [0, 0]
19.1607 	EXP 	window1: mouseVisible = False
19.1769 	EXP 	demo_fixation: opacity = 1
19.1769 	EXP 	demo_fixation: pos = [0, 0]
19.1772 	EXP 	window1: mouseVisible = False
19.1937 	EXP 	demo_fixation: opacity = 1
19.1937 	EXP 	demo_fixation: pos = [0, 0]
19.1940 	EXP 	window1: mouseVisible = False
19.2104 	EXP 	demo_fixation: opacity = 1
19.2104 	EXP 	demo_fixation: pos = [0, 0]
19.2107 	EXP 	window1: mouseVisible = False
19.2269 	EXP 	demo_fixation: opacity = 1
19.2269 	EXP 	demo_fixation: pos = [0, 0]
19.2273 	EXP 	window1: mouseVisible = False
19.2437 	EXP 	demo_fixation: opacity = 1
19.2437 	EXP 	demo_fixation: pos = [0, 0]
19.2440 	EXP 	window1: mouseVisible = False
19.2605 	EXP 	demo_fixation: opacity = 1
19.2605 	EXP 	demo_fixation: pos = [0, 0]
19.2610 	EXP 	window1: mouseVisible = False
19.2771 	EXP 	demo_fixation: opacity = 1
19.2771 	EXP 	demo_fixation: pos = [0, 0]
19.2775 	EXP 	window1: mouseVisible = False
19.2935 	EXP 	demo_fixation: opacity = 1
19.2935 	EXP 	demo_fixation: pos = [0, 0]
19.2939 	EXP 	window1: mouseVisible = False
19.3102 	EXP 	demo_fixation: opacity = 1
19.3102 	EXP 	demo_fixation: pos = [0, 0]
19.3105 	EXP 	window1: mouseVisible = False
19.3269 	EXP 	demo_fixation: opacity = 1
19.3269 	EXP 	demo_fixation: pos = [0, 0]
19.3272 	EXP 	window1: mouseVisible = False
19.3436 	EXP 	demo_fixation: opacity = 1
19.3436 	EXP 	demo_fixation: pos = [0, 0]
19.3440 	EXP 	window1: mouseVisible = False
19.3601 	EXP 	demo_fixation: opacity = 1
19.3601 	EXP 	demo_fixation: pos = [0, 0]
19.3605 	EXP 	window1: mouseVisible = False
19.3769 	EXP 	demo_fixation: opacity = 1
19.3769 	EXP 	demo_fixation: pos = [0, 0]
19.3772 	EXP 	window1: mouseVisible = False
19.3934 	EXP 	demo_fixation: opacity = 1
19.3934 	EXP 	demo_fixation: pos = [0, 0]
19.3937 	EXP 	window1: mouseVisible = False
19.4101 	EXP 	demo_fixation: opacity = 1
19.4101 	EXP 	demo_fixation: pos = [0, 0]
19.4105 	EXP 	window1: mouseVisible = False
19.4269 	EXP 	demo_fixation: opacity = 1
19.4269 	EXP 	demo_fixation: pos = [0, 0]
19.4272 	EXP 	window1: mouseVisible = False
19.4434 	EXP 	demo_fixation: opacity = 1
19.4434 	EXP 	demo_fixation: pos = [0, 0]
19.4438 	EXP 	window1: mouseVisible = False
19.4601 	EXP 	demo_fixation: opacity = 1
19.4601 	EXP 	demo_fixation: pos = [0, 0]
19.4604 	EXP 	window1: mouseVisible = False
19.4766 	EXP 	demo_fixation: opacity = 1
19.4766 	EXP 	demo_fixation: pos = [0, 0]
19.4770 	EXP 	window1: mouseVisible = False
19.4933 	EXP 	demo_fixation: opacity = 1
19.4933 	EXP 	demo_fixation: pos = [0, 0]
19.4937 	EXP 	window1: mouseVisible = False
19.5100 	EXP 	demo_fixation: opacity = 1
19.5100 	EXP 	demo_fixation: pos = [0, 0]
19.5104 	EXP 	window1: mouseVisible = False
19.5266 	EXP 	demo_fixation: opacity = 1
19.5266 	EXP 	demo_fixation: pos = [0, 0]
19.5270 	EXP 	window1: mouseVisible = False
19.5434 	EXP 	demo_fixation: opacity = 1
19.5434 	EXP 	demo_fixation: pos = [0, 0]
19.5437 	EXP 	window1: mouseVisible = False
19.5599 	EXP 	demo_fixation: opacity = 1
19.5599 	EXP 	demo_fixation: pos = [0, 0]
19.5602 	EXP 	window1: mouseVisible = False
19.5767 	EXP 	demo_fixation: opacity = 1
19.5767 	EXP 	demo_fixation: pos = [0, 0]
19.5770 	EXP 	window1: mouseVisible = False
19.5933 	EXP 	demo_fixation: opacity = 1
19.5933 	EXP 	demo_fixation: pos = [0, 0]
19.5936 	EXP 	window1: mouseVisible = False
19.6097 	EXP 	demo_fixation: opacity = 1
19.6097 	EXP 	demo_fixation: pos = [0, 0]
19.6101 	EXP 	window1: mouseVisible = False
19.6266 	EXP 	demo_fixation: opacity = 1
19.6266 	EXP 	demo_fixation: pos = [0, 0]
19.6270 	EXP 	window1: mouseVisible = False
19.6434 	EXP 	demo_fixation: opacity = 1
19.6434 	EXP 	demo_fixation: pos = [0, 0]
19.6437 	EXP 	window1: mouseVisible = False
19.6599 	EXP 	demo_fixation: opacity = 1
19.6599 	EXP 	demo_fixation: pos = [0, 0]
19.6603 	EXP 	window1: mouseVisible = False
19.6766 	EXP 	demo_fixation: opacity = 1
19.6766 	EXP 	demo_fixation: pos = [0, 0]
19.6772 	EXP 	window1: mouseVisible = False
19.6932 	EXP 	demo_fixation: opacity = 1
19.6932 	EXP 	demo_fixation: pos = [0, 0]
19.6935 	EXP 	window1: mouseVisible = False
19.7100 	EXP 	demo_fixation: opacity = 1
19.7100 	EXP 	demo_fixation: pos = [0, 0]
19.7103 	EXP 	window1: mouseVisible = False
19.7265 	EXP 	demo_fixation: opacity = 1
19.7265 	EXP 	demo_fixation: pos = [0, 0]
19.7269 	EXP 	window1: mouseVisible = False
19.7432 	EXP 	demo_fixation: opacity = 1
19.7432 	EXP 	demo_fixation: pos = [0, 0]
19.7436 	EXP 	window1: mouseVisible = False
19.7596 	EXP 	demo_fixation: opacity = 1
19.7596 	EXP 	demo_fixation: pos = [0, 0]
19.7596 	EXP 	demo_target: autoDraw = True
19.7600 	EXP 	window1: mouseVisible = False
19.7766 	EXP 	demo_fixation: opacity = 1
19.7766 	EXP 	demo_fixation: pos = [0, 0]
19.7770 	EXP 	window1: mouseVisible = False
19.7932 	EXP 	demo_fixation: opacity = 1
19.7932 	EXP 	demo_fixation: pos = [0, 0]
19.7935 	EXP 	window1: mouseVisible = False
19.8098 	EXP 	demo_fixation: opacity = 1
19.8098 	EXP 	demo_fixation: pos = [0, 0]
19.8102 	EXP 	window1: mouseVisible = False
19.8264 	EXP 	demo_fixation: opacity = 1
19.8264 	EXP 	demo_fixation: pos = [0, 0]
19.8268 	EXP 	window1: mouseVisible = False
19.8431 	EXP 	demo_fixation: opacity = 1
19.8431 	EXP 	demo_fixation: pos = [0, 0]
19.8435 	EXP 	window1: mouseVisible = False
19.8596 	EXP 	demo_fixation: opacity = 1
19.8596 	EXP 	demo_fixation: pos = [0, 0]
19.8600 	EXP 	window1: mouseVisible = False
19.8763 	EXP 	demo_fixation: opacity = 1
19.8763 	EXP 	demo_fixation: pos = [0, 0]
19.8767 	EXP 	window1: mouseVisible = False
19.8931 	EXP 	demo_fixation: opacity = 1
19.8931 	EXP 	demo_fixation: pos = [0, 0]
19.8934 	EXP 	window1: mouseVisible = False
19.9097 	EXP 	demo_fixation: opacity = 1
19.9097 	EXP 	demo_fixation: pos = [0, 0]
19.9101 	EXP 	window1: mouseVisible = False
19.9263 	EXP 	demo_fixation: opacity = 1
19.9263 	EXP 	demo_fixation: pos = [0, 0]
19.9271 	EXP 	window1: mouseVisible = False
19.9430 	EXP 	demo_fixation: opacity = 1
19.9430 	EXP 	demo_fixation: pos = [0, 0]
19.9433 	EXP 	window1: mouseVisible = False
19.9596 	EXP 	demo_fixation: opacity = 1
19.9596 	EXP 	demo_fixation: pos = [0, 0]
19.9599 	EXP 	window1: mouseVisible = False
19.9762 	EXP 	demo_fixation: opacity = 1
19.9762 	EXP 	demo_fixation: pos = [0, 0]
19.9765 	EXP 	window1: mouseVisible = False
19.9929 	EXP 	demo_fixation: opacity = 1
19.9929 	EXP 	demo_fixation: pos = [0, 0]
19.9933 	EXP 	window1: mouseVisible = False
20.0095 	EXP 	demo_fixation: opacity = 1
20.0095 	EXP 	demo_fixation: pos = [0, 0]
20.0099 	EXP 	window1: mouseVisible = False
20.0264 	EXP 	demo_fixation: opacity = 1
20.0264 	EXP 	demo_fixation: pos = [0, 0]
20.0268 	EXP 	window1: mouseVisible = False
20.0429 	EXP 	demo_fixation: opacity = 1
20.0429 	EXP 	demo_fixation: pos = [0, 0]
20.0433 	EXP 	window1: mouseVisible = False
20.0595 	EXP 	demo_fixation: opacity = 1
20.0595 	EXP 	demo_fixation: pos = [0, 0]
20.0599 	EXP 	window1: mouseVisible = False
20.0765 	EXP 	demo_fixation: opacity = 1
20.0765 	EXP 	demo_fixation: pos = [0, 0]
20.0769 	EXP 	window1: mouseVisible = False
20.0948 	EXP 	demo_fixation: opacity = 1
20.0948 	EXP 	demo_fixation: pos = [0, 0]
20.0953 	EXP 	window1: mouseVisible = False
20.1101 	EXP 	demo_fixation: opacity = 1
20.1101 	EXP 	demo_fixation: pos = [0, 0]
20.1104 	EXP 	window1: mouseVisible = False
20.1265 	EXP 	demo_fixation: opacity = 1
20.1265 	EXP 	demo_fixation: pos = [0, 0]
20.1269 	EXP 	window1: mouseVisible = False
20.1428 	EXP 	demo_fixation: opacity = 1
20.1428 	EXP 	demo_fixation: pos = [0, 0]
20.1432 	EXP 	window1: mouseVisible = False
20.1595 	EXP 	demo_fixation: opacity = 1
20.1595 	EXP 	demo_fixation: pos = [0, 0]
20.1601 	EXP 	window1: mouseVisible = False
20.1760 	EXP 	demo_fixation: opacity = 1
20.1760 	EXP 	demo_fixation: pos = [0, 0]
20.1764 	EXP 	window1: mouseVisible = False
20.1929 	EXP 	demo_fixation: opacity = 1
20.1929 	EXP 	demo_fixation: pos = [0, 0]
20.1932 	EXP 	window1: mouseVisible = False
20.2094 	EXP 	demo_fixation: opacity = 1
20.2094 	EXP 	demo_fixation: pos = [0, 0]
20.2098 	EXP 	window1: mouseVisible = False
20.2265 	EXP 	demo_fixation: opacity = 1
20.2265 	EXP 	demo_fixation: pos = [0, 0]
20.2270 	EXP 	window1: mouseVisible = False
20.2301 	DATA 	Mouse: Left button down, pos=(960,540)
20.2431 	EXP 	demo_fixation: opacity = 0
20.2434 	EXP 	window1: mouseVisible = False
20.2592 	EXP 	demo_fixation: opacity = 0
20.2595 	EXP 	window1: mouseVisible = False
20.2758 	EXP 	demo_fixation: opacity = 0
20.2761 	EXP 	window1: mouseVisible = False
20.2926 	EXP 	demo_fixation: opacity = 0
20.2929 	EXP 	window1: mouseVisible = False
20.3093 	EXP 	demo_fixation: opacity = 0
20.3097 	EXP 	window1: mouseVisible = False
20.3260 	EXP 	demo_fixation: opacity = 0
20.3263 	EXP 	window1: mouseVisible = False
20.3426 	EXP 	demo_fixation: opacity = 0
20.3429 	EXP 	window1: mouseVisible = False
20.3591 	EXP 	demo_fixation: opacity = 0
20.3595 	EXP 	window1: mouseVisible = False
20.3759 	EXP 	demo_fixation: opacity = 0
20.3763 	EXP 	window1: mouseVisible = False
20.3927 	EXP 	demo_fixation: opacity = 0
20.3930 	EXP 	window1: mouseVisible = False
20.4093 	EXP 	demo_fixation: opacity = 0
20.4096 	EXP 	window1: mouseVisible = False
20.4257 	EXP 	demo_fixation: opacity = 0
20.4261 	EXP 	window1: mouseVisible = False
20.4424 	EXP 	demo_fixation: opacity = 0
20.4428 	EXP 	window1: mouseVisible = False
20.4591 	EXP 	demo_fixation: opacity = 0
20.4594 	EXP 	window1: mouseVisible = False
20.4756 	EXP 	demo_fixation: opacity = 0
20.4759 	EXP 	window1: mouseVisible = False
20.4924 	EXP 	demo_fixation: opacity = 0
20.4928 	EXP 	window1: mouseVisible = False
20.5090 	EXP 	demo_fixation: opacity = 0
20.5094 	EXP 	window1: mouseVisible = False
20.5259 	EXP 	demo_fixation: opacity = 0
20.5262 	EXP 	window1: mouseVisible = False
20.5422 	EXP 	demo_fixation: opacity = 0
20.5426 	EXP 	window1: mouseVisible = False
20.5590 	EXP 	demo_fixation: opacity = 0
20.5594 	EXP 	window1: mouseVisible = False
20.5756 	EXP 	demo_fixation: opacity = 0
20.5760 	EXP 	window1: mouseVisible = False
20.5928 	EXP 	demo_fixation: opacity = 0
20.5932 	EXP 	window1: mouseVisible = False
20.6092 	EXP 	demo_fixation: opacity = 0
20.6096 	EXP 	window1: mouseVisible = False
20.6255 	EXP 	demo_fixation: opacity = 0
20.6259 	EXP 	window1: mouseVisible = False
20.6424 	EXP 	demo_fixation: opacity = 0
20.6427 	EXP 	window1: mouseVisible = False
20.6588 	EXP 	demo_fixation: opacity = 0
20.6591 	EXP 	window1: mouseVisible = False
20.6829 	EXP 	demo_fixation: opacity = 0
20.6829 	EXP 	demo_fixation: pos = array([-0.34907407,  0.22592593])
20.6829 	EXP 	demo_fixation: opacity = 1
20.6829 	EXP 	demo_enclosing_1: autoDraw = False
20.6829 	EXP 	demo_enclosing: autoDraw = False
20.6829 	EXP 	demo_target: autoDraw = False
20.6829 	EXP 	demo_fixation: autoDraw = False
20.6829 	EXP 	demo_fixation: opacity = 1
20.6829 	EXP 	demo_target_feedback: pos = array([-0.3,  0.3])
20.6829 	EXP 	demo_fixation_feedback: pos = array([-0.34907407,  0.22592593])
20.6829 	EXP 	demo_enclosing_feedback_1: autoDraw = True
20.6829 	EXP 	demo_enclosing_feedback: autoDraw = True
20.6829 	EXP 	demo_target_feedback: autoDraw = True
20.6829 	EXP 	demo_fixation_feedback: autoDraw = True
20.9805 	DATA 	Mouse:  Left button up, pos=(538,810)
21.1785 	EXP 	New trial (rep=0, index=3): OrderedDict([('target_x', 0.3), ('target_y', -0.3), ('rotation', 0)])
21.1804 	EXP 	window1: mouseVisible = False
21.1937 	EXP 	demo_enclosing_feedback_1: autoDraw = False
21.1937 	EXP 	demo_enclosing_feedback: autoDraw = False
21.1937 	EXP 	demo_target_feedback: autoDraw = False
21.1937 	EXP 	demo_fixation_feedback: autoDraw = False
21.1937 	EXP 	demo_fixation: opacity = 1
21.1937 	EXP 	demo_fixation: pos = [0, 0]
21.1937 	EXP 	demo_target: pos = array([ 0.3, -0.3])
21.1937 	EXP 	demo_fixation: pos = array([0., 0.])
21.1937 	EXP 	demo_fixation: opacity = 1
21.1937 	EXP 	demo_fixation: pos = [0, 0]
21.1937 	EXP 	demo_enclosing_1: autoDraw = True
21.1937 	EXP 	demo_enclosing: autoDraw = True
21.1937 	EXP 	demo_fixation: autoDraw = True
21.1942 	EXP 	window1: mouseVisible = False
21.2084 	EXP 	demo_fixation: opacity = 1
21.2084 	EXP 	demo_fixation: pos = [0, 0]
21.2088 	EXP 	window1: mouseVisible = False
21.2251 	EXP 	demo_fixation: opacity = 1
21.2251 	EXP 	demo_fixation: pos = [0, 0]
21.2255 	EXP 	window1: mouseVisible = False
21.2417 	EXP 	demo_fixation: opacity = 1
21.2417 	EXP 	demo_fixation: pos = [0, 0]
21.2421 	EXP 	window1: mouseVisible = False
21.2583 	EXP 	demo_fixation: opacity = 1
21.2583 	EXP 	demo_fixation: pos = [0, 0]
21.2586 	EXP 	window1: mouseVisible = False
21.2749 	EXP 	demo_fixation: opacity = 1
21.2749 	EXP 	demo_fixation: pos = [0, 0]
21.2753 	EXP 	window1: mouseVisible = False
21.2916 	EXP 	demo_fixation: opacity = 1
21.2916 	EXP 	demo_fixation: pos = [0, 0]
21.2920 	EXP 	window1: mouseVisible = False
21.3082 	EXP 	demo_fixation: opacity = 1
21.3082 	EXP 	demo_fixation: pos = [0, 0]
21.3086 	EXP 	window1: mouseVisible = False
21.3249 	EXP 	demo_fixation: opacity = 1
21.3249 	EXP 	demo_fixation: pos = [0, 0]
21.3253 	EXP 	window1: mouseVisible = False
21.3418 	EXP 	demo_fixation: opacity = 1
21.3418 	EXP 	demo_fixation: pos = [0, 0]
21.3421 	EXP 	window1: mouseVisible = False
21.3583 	EXP 	demo_fixation: opacity = 1
21.3583 	EXP 	demo_fixation: pos = [0, 0]
21.3586 	EXP 	window1: mouseVisible = False
21.3749 	EXP 	demo_fixation: opacity = 1
21.3749 	EXP 	demo_fixation: pos = [0, 0]
21.3753 	EXP 	window1: mouseVisible = False
21.3915 	EXP 	demo_fixation: opacity = 1
21.3915 	EXP 	demo_fixation: pos = [0, 0]
21.3919 	EXP 	window1: mouseVisible = False
21.4081 	EXP 	demo_fixation: opacity = 1
21.4081 	EXP 	demo_fixation: pos = [0, 0]
21.4085 	EXP 	window1: mouseVisible = False
21.4248 	EXP 	demo_fixation: opacity = 1
21.4248 	EXP 	demo_fixation: pos = [0, 0]
21.4252 	EXP 	window1: mouseVisible = False
21.4416 	EXP 	demo_fixation: opacity = 1
21.4416 	EXP 	demo_fixation: pos = [0, 0]
21.4420 	EXP 	window1: mouseVisible = False
21.4580 	EXP 	demo_fixation: opacity = 1
21.4580 	EXP 	demo_fixation: pos = [0, 0]
21.4584 	EXP 	window1: mouseVisible = False
21.4749 	EXP 	demo_fixation: opacity = 1
21.4749 	EXP 	demo_fixation: pos = [0, 0]
21.4753 	EXP 	window1: mouseVisible = False
21.4914 	EXP 	demo_fixation: opacity = 1
21.4914 	EXP 	demo_fixation: pos = [0, 0]
21.4918 	EXP 	window1: mouseVisible = False
21.5082 	EXP 	demo_fixation: opacity = 1
21.5082 	EXP 	demo_fixation: pos = [0, 0]
21.5085 	EXP 	window1: mouseVisible = False
21.5247 	EXP 	demo_fixation: opacity = 1
21.5247 	EXP 	demo_fixation: pos = [0, 0]
21.5251 	EXP 	window1: mouseVisible = False
21.5415 	EXP 	demo_fixation: opacity = 1
21.5415 	EXP 	demo_fixation: pos = [0, 0]
21.5419 	EXP 	window1: mouseVisible = False
21.5580 	EXP 	demo_fixation: opacity = 1
21.5580 	EXP 	demo_fixation: pos = [0, 0]
21.5584 	EXP 	window1: mouseVisible = False
21.5748 	EXP 	demo_fixation: opacity = 1
21.5748 	EXP 	demo_fixation: pos = [0, 0]
21.5751 	EXP 	window1: mouseVisible = False
21.5914 	EXP 	demo_fixation: opacity = 1
21.5914 	EXP 	demo_fixation: pos = [0, 0]
21.5917 	EXP 	window1: mouseVisible = False
21.6082 	EXP 	demo_fixation: opacity = 1
21.6082 	EXP 	demo_fixation: pos = [0, 0]
21.6085 	EXP 	window1: mouseVisible = False
21.6247 	EXP 	demo_fixation: opacity = 1
21.6247 	EXP 	demo_fixation: pos = [0, 0]
21.6251 	EXP 	window1: mouseVisible = False
21.6414 	EXP 	demo_fixation: opacity = 1
21.6414 	EXP 	demo_fixation: pos = [0, 0]
21.6418 	EXP 	window1: mouseVisible = False
21.6579 	EXP 	demo_fixation: opacity = 1
21.6579 	EXP 	demo_fixation: pos = [0, 0]
21.6583 	EXP 	window1: mouseVisible = False
21.6747 	EXP 	demo_fixation: opacity = 1
21.6747 	EXP 	demo_fixation: pos = [0, 0]
21.6751 	EXP 	window1: mouseVisible = False
21.6914 	EXP 	demo_fixation: opacity = 1
21.6914 	EXP 	demo_fixation: pos = [0, 0]
21.6918 	EXP 	window1: mouseVisible = False
21.7079 	EXP 	demo_fixation: opacity = 1
21.7079 	EXP 	demo_fixation: pos = [0, 0]
21.7083 	EXP 	window1: mouseVisible = False
21.7246 	EXP 	demo_fixation: opacity = 1
21.7246 	EXP 	demo_fixation: pos = [0, 0]
21.7250 	EXP 	window1: mouseVisible = False
21.7413 	EXP 	demo_fixation: opacity = 1
21.7413 	EXP 	demo_fixation: pos = [0, 0]
21.7417 	EXP 	window1: mouseVisible = False
21.7579 	EXP 	demo_fixation: opacity = 1
21.7579 	EXP 	demo_fixation: pos = [0, 0]
21.7583 	EXP 	window1: mouseVisible = False
21.7746 	EXP 	demo_fixation: opacity = 1
21.7746 	EXP 	demo_fixation: pos = [0, 0]
21.7750 	EXP 	window1: mouseVisible = False
21.7911 	EXP 	demo_fixation: opacity = 1
21.7911 	EXP 	demo_fixation: pos = [0, 0]
21.7915 	EXP 	window1: mouseVisible = False
21.8079 	EXP 	demo_fixation: opacity = 1
21.8079 	EXP 	demo_fixation: pos = [0, 0]
21.8083 	EXP 	window1: mouseVisible = False
21.8245 	EXP 	demo_fixation: opacity = 1
21.8245 	EXP 	demo_fixation: pos = [0, 0]
21.8248 	EXP 	window1: mouseVisible = False
21.8412 	EXP 	demo_fixation: opacity = 1
21.8412 	EXP 	demo_fixation: pos = [0, 0]
21.8416 	EXP 	window1: mouseVisible = False
21.8579 	EXP 	demo_fixation: opacity = 1
21.8579 	EXP 	demo_fixation: pos = [0, 0]
21.8583 	EXP 	window1: mouseVisible = False
21.8744 	EXP 	demo_fixation: opacity = 1
21.8744 	EXP 	demo_fixation: pos = [0, 0]
21.8748 	EXP 	window1: mouseVisible = False
21.8910 	EXP 	demo_fixation: opacity = 1
21.8910 	EXP 	demo_fixation: pos = [0, 0]
21.8914 	EXP 	window1: mouseVisible = False
21.9078 	EXP 	demo_fixation: opacity = 1
21.9078 	EXP 	demo_fixation: pos = [0, 0]
21.9082 	EXP 	window1: mouseVisible = False
21.9244 	EXP 	demo_fixation: opacity = 1
21.9244 	EXP 	demo_fixation: pos = [0, 0]
21.9248 	EXP 	window1: mouseVisible = False
21.9410 	EXP 	demo_fixation: opacity = 1
21.9410 	EXP 	demo_fixation: pos = [0, 0]
21.9414 	EXP 	window1: mouseVisible = False
21.9577 	EXP 	demo_fixation: opacity = 1
21.9577 	EXP 	demo_fixation: pos = [0, 0]
21.9580 	EXP 	window1: mouseVisible = False
21.9745 	EXP 	demo_fixation: opacity = 1
21.9745 	EXP 	demo_fixation: pos = [0, 0]
21.9748 	EXP 	window1: mouseVisible = False
21.9909 	EXP 	demo_fixation: opacity = 1
21.9909 	EXP 	demo_fixation: pos = [0, 0]
21.9913 	EXP 	window1: mouseVisible = False
22.0077 	EXP 	demo_fixation: opacity = 1
22.0077 	EXP 	demo_fixation: pos = [0, 0]
22.0081 	EXP 	window1: mouseVisible = False
22.0243 	EXP 	demo_fixation: opacity = 1
22.0243 	EXP 	demo_fixation: pos = [0, 0]
22.0246 	EXP 	window1: mouseVisible = False
22.0409 	EXP 	demo_fixation: opacity = 1
22.0409 	EXP 	demo_fixation: pos = [0, 0]
22.0413 	EXP 	window1: mouseVisible = False
22.0576 	EXP 	demo_fixation: opacity = 1
22.0576 	EXP 	demo_fixation: pos = [0, 0]
22.0580 	EXP 	window1: mouseVisible = False
22.0745 	EXP 	demo_fixation: opacity = 1
22.0745 	EXP 	demo_fixation: pos = [0, 0]
22.0749 	EXP 	window1: mouseVisible = False
22.0909 	EXP 	demo_fixation: opacity = 1
22.0909 	EXP 	demo_fixation: pos = [0, 0]
22.0912 	EXP 	window1: mouseVisible = False
22.1075 	EXP 	demo_fixation: opacity = 1
22.1075 	EXP 	demo_fixation: pos = [0, 0]
22.1078 	EXP 	window1: mouseVisible = False
22.1243 	EXP 	demo_fixation: opacity = 1
22.1243 	EXP 	demo_fixation: pos = [0, 0]
22.1247 	EXP 	window1: mouseVisible = False
22.1408 	EXP 	demo_fixation: opacity = 1
22.1408 	EXP 	demo_fixation: pos = [0, 0]
22.1412 	EXP 	window1: mouseVisible = False
22.1576 	EXP 	demo_fixation: opacity = 1
22.1576 	EXP 	demo_fixation: pos = [0, 0]
22.1579 	EXP 	window1: mouseVisible = False
22.1743 	EXP 	demo_fixation: opacity = 1
22.1743 	EXP 	demo_fixation: pos = [0, 0]
22.1746 	EXP 	window1: mouseVisible = False
22.1908 	EXP 	demo_fixation: opacity = 1
22.1908 	EXP 	demo_fixation: pos = [0, 0]
22.1911 	EXP 	window1: mouseVisible = False
22.2076 	EXP 	demo_fixation: opacity = 1
22.2076 	EXP 	demo_fixation: pos = [0, 0]
22.2080 	EXP 	window1: mouseVisible = False
22.2241 	EXP 	demo_fixation: opacity = 1
22.2241 	EXP 	demo_fixation: pos = [0, 0]
22.2245 	EXP 	window1: mouseVisible = False
22.2407 	EXP 	demo_fixation: opacity = 1
22.2407 	EXP 	demo_fixation: pos = [0, 0]
22.2411 	EXP 	window1: mouseVisible = False
22.2575 	EXP 	demo_fixation: opacity = 1
22.2575 	EXP 	demo_fixation: pos = [0, 0]
22.2575 	EXP 	demo_target: autoDraw = True
22.2579 	EXP 	window1: mouseVisible = False
22.2741 	EXP 	demo_fixation: opacity = 1
22.2741 	EXP 	demo_fixation: pos = [0, 0]
22.2745 	EXP 	window1: mouseVisible = False
22.2909 	EXP 	demo_fixation: opacity = 1
22.2909 	EXP 	demo_fixation: pos = [0, 0]
22.2912 	EXP 	window1: mouseVisible = False
22.3074 	EXP 	demo_fixation: opacity = 1
22.3074 	EXP 	demo_fixation: pos = [0, 0]
22.3078 	EXP 	window1: mouseVisible = False
22.3241 	EXP 	demo_fixation: opacity = 1
22.3241 	EXP 	demo_fixation: pos = [0, 0]
22.3245 	EXP 	window1: mouseVisible = False
22.3408 	EXP 	demo_fixation: opacity = 1
22.3408 	EXP 	demo_fixation: pos = [0, 0]
22.3411 	EXP 	window1: mouseVisible = False
22.3574 	EXP 	demo_fixation: opacity = 1
22.3574 	EXP 	demo_fixation: pos = [0, 0]
22.3578 	EXP 	window1: mouseVisible = False
22.3741 	EXP 	demo_fixation: opacity = 1
22.3741 	EXP 	demo_fixation: pos = [0, 0]
22.3745 	EXP 	window1: mouseVisible = False
22.3907 	EXP 	demo_fixation: opacity = 1
22.3907 	EXP 	demo_fixation: pos = [0, 0]
22.3910 	EXP 	window1: mouseVisible = False
22.4073 	EXP 	demo_fixation: opacity = 1
22.4073 	EXP 	demo_fixation: pos = [0, 0]
22.4076 	EXP 	window1: mouseVisible = False
22.4240 	EXP 	demo_fixation: opacity = 1
22.4240 	EXP 	demo_fixation: pos = [0, 0]
22.4243 	EXP 	window1: mouseVisible = False
22.4406 	EXP 	demo_fixation: opacity = 1
22.4406 	EXP 	demo_fixation: pos = [0, 0]
22.4409 	EXP 	window1: mouseVisible = False
22.4574 	EXP 	demo_fixation: opacity = 1
22.4574 	EXP 	demo_fixation: pos = [0, 0]
22.4577 	EXP 	window1: mouseVisible = False
22.4738 	EXP 	demo_fixation: opacity = 1
22.4738 	EXP 	demo_fixation: pos = [0, 0]
22.4742 	EXP 	window1: mouseVisible = False
22.4905 	EXP 	demo_fixation: opacity = 1
22.4905 	EXP 	demo_fixation: pos = [0, 0]
22.4909 	EXP 	window1: mouseVisible = False
22.5072 	EXP 	demo_fixation: opacity = 1
22.5072 	EXP 	demo_fixation: pos = [0, 0]
22.5076 	EXP 	window1: mouseVisible = False
22.5239 	EXP 	demo_fixation: opacity = 1
22.5239 	EXP 	demo_fixation: pos = [0, 0]
22.5242 	EXP 	window1: mouseVisible = False
22.5404 	EXP 	demo_fixation: opacity = 1
22.5404 	EXP 	demo_fixation: pos = [0, 0]
22.5408 	EXP 	window1: mouseVisible = False
22.5570 	EXP 	demo_fixation: opacity = 1
22.5570 	EXP 	demo_fixation: pos = [0, 0]
22.5574 	EXP 	window1: mouseVisible = False
22.5739 	EXP 	demo_fixation: opacity = 1
22.5739 	EXP 	demo_fixation: pos = [0, 0]
22.5742 	EXP 	window1: mouseVisible = False
22.5905 	EXP 	demo_fixation: opacity = 1
22.5905 	EXP 	demo_fixation: pos = [0, 0]
22.5909 	EXP 	window1: mouseVisible = False
22.6071 	EXP 	demo_fixation: opacity = 1
22.6071 	EXP 	demo_fixation: pos = [0, 0]
22.6074 	EXP 	window1: mouseVisible = False
22.6238 	EXP 	demo_fixation: opacity = 1
22.6238 	EXP 	demo_fixation: pos = [0, 0]
22.6242 	EXP 	window1: mouseVisible = False
22.6404 	EXP 	demo_fixation: opacity = 1
22.6404 	EXP 	demo_fixation: pos = [0, 0]
22.6408 	EXP 	window1: mouseVisible = False
22.6570 	EXP 	demo_fixation: opacity = 1
22.6570 	EXP 	demo_fixation: pos = [0, 0]
22.6573 	EXP 	window1: mouseVisible = False
22.6737 	EXP 	demo_fixation: opacity = 1
22.6737 	EXP 	demo_fixation: pos = [0, 0]
22.6741 	EXP 	window1: mouseVisible = False
22.6768 	DATA 	Mouse: Left button down, pos=(960,540)
22.6909 	EXP 	demo_fixation: opacity = 0
22.6912 	EXP 	window1: mouseVisible = False
22.7071 	EXP 	demo_fixation: opacity = 0
22.7074 	EXP 	window1: mouseVisible = False
22.7237 	EXP 	demo_fixation: opacity = 0
22.7240 	EXP 	window1: mouseVisible = False
22.7403 	EXP 	demo_fixation: opacity = 0
22.7407 	EXP 	window1: mouseVisible = False
22.7568 	EXP 	demo_fixation: opacity = 0
22.7572 	EXP 	window1: mouseVisible = False
22.7737 	EXP 	demo_fixation: opacity = 0
22.7740 	EXP 	window1: mouseVisible = False
22.7902 	EXP 	demo_fixation: opacity = 0
22.7906 	EXP 	window1: mouseVisible = False
22.8071 	EXP 	demo_fixation: opacity = 0
22.8074 	EXP 	window1: mouseVisible = False
22.8236 	EXP 	demo_fixation: opacity = 0
22.8240 	EXP 	window1: mouseVisible = False
22.8403 	EXP 	demo_fixation: opacity = 0
22.8406 	EXP 	window1: mouseVisible = False
22.8464 	DATA 	Mouse:  Left button up, pos=(960,540)
22.8569 	EXP 	demo_fixation: opacity = 0
22.8572 	EXP 	window1: mouseVisible = False
22.8735 	EXP 	demo_fixation: opacity = 1
22.8735 	EXP 	demo_fixation: pos = [0, 0]
22.8739 	EXP 	window1: mouseVisible = False
22.8902 	EXP 	demo_fixation: opacity = 1
22.8902 	EXP 	demo_fixation: pos = [0, 0]
22.8905 	EXP 	window1: mouseVisible = False
22.9068 	EXP 	demo_fixation: opacity = 1
22.9068 	EXP 	demo_fixation: pos = [0, 0]
22.9071 	EXP 	window1: mouseVisible = False
22.9237 	EXP 	demo_fixation: opacity = 1
22.9237 	EXP 	demo_fixation: pos = [0, 0]
22.9241 	EXP 	window1: mouseVisible = False
22.9402 	EXP 	demo_fixation: opacity = 1
22.9402 	EXP 	demo_fixation: pos = [0, 0]
22.9406 	EXP 	window1: mouseVisible = False
22.9567 	EXP 	demo_fixation: opacity = 1
22.9567 	EXP 	demo_fixation: pos = [0, 0]
22.9572 	EXP 	window1: mouseVisible = False
22.9736 	EXP 	demo_fixation: opacity = 1
22.9736 	EXP 	demo_fixation: pos = [0, 0]
22.9739 	EXP 	window1: mouseVisible = False
22.9907 	EXP 	demo_fixation: opacity = 1
22.9907 	EXP 	demo_fixation: pos = [0, 0]
22.9910 	EXP 	window1: mouseVisible = False
23.0067 	EXP 	demo_fixation: opacity = 1
23.0067 	EXP 	demo_fixation: pos = [0, 0]
23.0071 	EXP 	window1: mouseVisible = False
23.0234 	EXP 	demo_fixation: opacity = 1
23.0234 	EXP 	demo_fixation: pos = [0, 0]
23.0238 	EXP 	window1: mouseVisible = False
23.0401 	EXP 	demo_fixation: opacity = 1
23.0401 	EXP 	demo_fixation: pos = [0, 0]
23.0405 	EXP 	window1: mouseVisible = False
23.0573 	EXP 	demo_fixation: opacity = 1
23.0573 	EXP 	demo_fixation: pos = [0, 0]
23.0576 	EXP 	window1: mouseVisible = False
23.0735 	EXP 	demo_fixation: opacity = 1
23.0735 	EXP 	demo_fixation: pos = [0, 0]
23.0742 	EXP 	window1: mouseVisible = False
23.0932 	EXP 	demo_fixation: opacity = 1
23.0932 	EXP 	demo_fixation: pos = [0, 0]
23.0937 	EXP 	window1: mouseVisible = False
23.1095 	EXP 	demo_fixation: opacity = 1
23.1095 	EXP 	demo_fixation: pos = [0, 0]
23.1099 	EXP 	window1: mouseVisible = False
23.1254 	EXP 	demo_fixation: opacity = 1
23.1254 	EXP 	demo_fixation: pos = [0, 0]
23.1257 	EXP 	window1: mouseVisible = False
23.1406 	EXP 	demo_fixation: opacity = 1
23.1406 	EXP 	demo_fixation: pos = [0, 0]
23.1410 	EXP 	window1: mouseVisible = False
23.1572 	EXP 	demo_fixation: opacity = 1
23.1572 	EXP 	demo_fixation: pos = [0, 0]
23.1576 	EXP 	window1: mouseVisible = False
23.1735 	EXP 	demo_fixation: opacity = 1
23.1735 	EXP 	demo_fixation: pos = [0, 0]
23.1739 	EXP 	window1: mouseVisible = False
23.1901 	EXP 	demo_fixation: opacity = 1
23.1901 	EXP 	demo_fixation: pos = [0, 0]
23.1907 	EXP 	window1: mouseVisible = False
23.2067 	EXP 	demo_fixation: opacity = 1
23.2067 	EXP 	demo_fixation: pos = [0, 0]
23.2070 	EXP 	window1: mouseVisible = False
23.2232 	EXP 	demo_fixation: opacity = 1
23.2232 	EXP 	demo_fixation: pos = [0, 0]
23.2236 	EXP 	window1: mouseVisible = False
23.2399 	EXP 	demo_fixation: opacity = 1
23.2399 	EXP 	demo_fixation: pos = [0, 0]
23.2403 	EXP 	window1: mouseVisible = False
23.2565 	EXP 	demo_fixation: opacity = 1
23.2565 	EXP 	demo_fixation: pos = [0, 0]
23.2569 	EXP 	window1: mouseVisible = False
23.2733 	EXP 	demo_fixation: opacity = 1
23.2733 	EXP 	demo_fixation: pos = [0, 0]
23.2738 	EXP 	window1: mouseVisible = False
23.2897 	EXP 	demo_fixation: opacity = 1
23.2897 	EXP 	demo_fixation: pos = [0, 0]
23.2900 	EXP 	window1: mouseVisible = False
23.3065 	EXP 	demo_fixation: opacity = 1
23.3065 	EXP 	demo_fixation: pos = [0, 0]
23.3070 	EXP 	window1: mouseVisible = False
23.3229 	EXP 	demo_fixation: opacity = 1
23.3229 	EXP 	demo_fixation: pos = [0, 0]
23.3232 	EXP 	window1: mouseVisible = False
23.3398 	EXP 	demo_fixation: opacity = 1
23.3398 	EXP 	demo_fixation: pos = [0, 0]
23.3402 	EXP 	window1: mouseVisible = False
23.3564 	EXP 	demo_fixation: opacity = 1
23.3564 	EXP 	demo_fixation: pos = [0, 0]
23.3568 	EXP 	window1: mouseVisible = False
23.3731 	EXP 	demo_fixation: opacity = 1
23.3731 	EXP 	demo_fixation: pos = [0, 0]
23.3734 	EXP 	window1: mouseVisible = False
23.3899 	EXP 	demo_fixation: opacity = 1
23.3899 	EXP 	demo_fixation: pos = [0, 0]
23.3902 	EXP 	window1: mouseVisible = False
23.4064 	EXP 	demo_fixation: opacity = 1
23.4064 	EXP 	demo_fixation: pos = [0, 0]
23.4067 	EXP 	window1: mouseVisible = False
23.4230 	EXP 	demo_fixation: opacity = 1
23.4230 	EXP 	demo_fixation: pos = [0, 0]
23.4233 	EXP 	window1: mouseVisible = False
23.4397 	EXP 	demo_fixation: opacity = 1
23.4397 	EXP 	demo_fixation: pos = [0, 0]
23.4400 	EXP 	window1: mouseVisible = False
23.4565 	EXP 	demo_fixation: opacity = 1
23.4565 	EXP 	demo_fixation: pos = [0, 0]
23.4569 	EXP 	window1: mouseVisible = False
23.4741 	EXP 	demo_fixation: opacity = 1
23.4741 	EXP 	demo_fixation: pos = [0, 0]
23.4745 	EXP 	window1: mouseVisible = False
23.4931 	EXP 	demo_fixation: opacity = 1
23.4931 	EXP 	demo_fixation: pos = [0, 0]
23.4937 	EXP 	window1: mouseVisible = False
23.5102 	EXP 	demo_fixation: opacity = 1
23.5102 	EXP 	demo_fixation: pos = [0, 0]
23.5106 	EXP 	window1: mouseVisible = False
23.5259 	EXP 	demo_fixation: opacity = 1
23.5259 	EXP 	demo_fixation: pos = [0, 0]
23.5263 	EXP 	window1: mouseVisible = False
23.5410 	EXP 	demo_fixation: opacity = 1
23.5410 	EXP 	demo_fixation: pos = [0, 0]
23.5414 	EXP 	window1: mouseVisible = False
23.5562 	EXP 	demo_fixation: opacity = 1
23.5562 	EXP 	demo_fixation: pos = [0, 0]
23.5566 	EXP 	window1: mouseVisible = False
23.5730 	EXP 	demo_fixation: opacity = 1
23.5730 	EXP 	demo_fixation: pos = [0, 0]
23.5733 	EXP 	window1: mouseVisible = False
23.5897 	EXP 	demo_fixation: opacity = 1
23.5897 	EXP 	demo_fixation: pos = [0, 0]
23.5900 	EXP 	window1: mouseVisible = False
23.6061 	EXP 	demo_fixation: opacity = 1
23.6061 	EXP 	demo_fixation: pos = [0, 0]
23.6065 	EXP 	window1: mouseVisible = False
23.6228 	EXP 	demo_fixation: opacity = 1
23.6228 	EXP 	demo_fixation: pos = [0, 0]
23.6232 	EXP 	window1: mouseVisible = False
23.6396 	EXP 	demo_fixation: opacity = 1
23.6396 	EXP 	demo_fixation: pos = [0, 0]
23.6400 	EXP 	window1: mouseVisible = False
23.6562 	EXP 	demo_fixation: opacity = 1
23.6562 	EXP 	demo_fixation: pos = [0, 0]
23.6581 	EXP 	window1: mouseVisible = False
23.6727 	EXP 	demo_fixation: opacity = 1
23.6727 	EXP 	demo_fixation: pos = [0, 0]
23.6731 	EXP 	window1: mouseVisible = False
23.6903 	EXP 	demo_fixation: opacity = 1
23.6903 	EXP 	demo_fixation: pos = [0, 0]
23.6907 	EXP 	window1: mouseVisible = False
23.7061 	EXP 	demo_fixation: opacity = 1
23.7061 	EXP 	demo_fixation: pos = [0, 0]
23.7064 	EXP 	window1: mouseVisible = False
23.7227 	EXP 	demo_fixation: opacity = 1
23.7227 	EXP 	demo_fixation: pos = [0, 0]
23.7231 	EXP 	window1: mouseVisible = False
23.7395 	EXP 	demo_fixation: opacity = 1
23.7395 	EXP 	demo_fixation: pos = [0, 0]
23.7398 	EXP 	window1: mouseVisible = False
23.7560 	EXP 	demo_fixation: opacity = 1
23.7560 	EXP 	demo_fixation: pos = [0, 0]
23.7564 	EXP 	window1: mouseVisible = False
23.7584 	DATA 	Mouse: Left button down, pos=(960,540)
23.7725 	EXP 	demo_fixation: opacity = 0
23.7728 	EXP 	window1: mouseVisible = False
23.7893 	EXP 	demo_fixation: opacity = 0
23.7897 	EXP 	window1: mouseVisible = False
23.8060 	EXP 	demo_fixation: opacity = 0
23.8064 	EXP 	window1: mouseVisible = False
23.8225 	EXP 	demo_fixation: opacity = 0
23.8228 	EXP 	window1: mouseVisible = False
23.8393 	EXP 	demo_fixation: opacity = 0
23.8396 	EXP 	window1: mouseVisible = False
23.8560 	EXP 	demo_fixation: opacity = 0
23.8563 	EXP 	window1: mouseVisible = False
23.8727 	EXP 	demo_fixation: opacity = 0
23.8731 	EXP 	window1: mouseVisible = False
23.8892 	EXP 	demo_fixation: opacity = 0
23.8896 	EXP 	window1: mouseVisible = False
23.9059 	EXP 	demo_fixation: opacity = 0
23.9062 	EXP 	window1: mouseVisible = False
23.9225 	EXP 	demo_fixation: opacity = 0
23.9228 	EXP 	window1: mouseVisible = False
23.9393 	EXP 	demo_fixation: opacity = 0
23.9396 	EXP 	window1: mouseVisible = False
23.9560 	EXP 	demo_fixation: opacity = 0
23.9563 	EXP 	window1: mouseVisible = False
23.9727 	EXP 	demo_fixation: opacity = 0
23.9730 	EXP 	window1: mouseVisible = False
23.9892 	EXP 	demo_fixation: opacity = 0
23.9896 	EXP 	window1: mouseVisible = False
24.0057 	EXP 	demo_fixation: opacity = 0
24.0061 	EXP 	window1: mouseVisible = False
24.0224 	EXP 	demo_fixation: opacity = 0
24.0228 	EXP 	window1: mouseVisible = False
24.0391 	EXP 	demo_fixation: opacity = 0
24.0395 	EXP 	window1: mouseVisible = False
24.0563 	EXP 	demo_fixation: opacity = 0
24.0566 	EXP 	window1: mouseVisible = False
24.0725 	EXP 	demo_fixation: opacity = 0
24.0730 	EXP 	window1: mouseVisible = False
24.0893 	EXP 	demo_fixation: opacity = 0
24.0897 	EXP 	window1: mouseVisible = False
24.1058 	EXP 	demo_fixation: opacity = 0
24.1062 	EXP 	window1: mouseVisible = False
24.1316 	EXP 	demo_fixation: opacity = 0
24.1316 	EXP 	demo_fixation: pos = array([ 0.27222222, -0.325     ])
24.1316 	EXP 	demo_fixation: opacity = 1
24.1316 	EXP 	demo_enclosing_1: autoDraw = False
24.1316 	EXP 	demo_enclosing: autoDraw = False
24.1316 	EXP 	demo_target: autoDraw = False
24.1316 	EXP 	demo_fixation: autoDraw = False
24.1316 	EXP 	demo_fixation: opacity = 1
24.1316 	EXP 	demo_target_feedback: pos = array([ 0.3, -0.3])
24.1316 	EXP 	demo_fixation_feedback: pos = array([ 0.27222222, -0.325     ])
24.1316 	EXP 	demo_enclosing_feedback_1: autoDraw = True
24.1316 	EXP 	demo_enclosing_feedback: autoDraw = True
24.1316 	EXP 	demo_target_feedback: autoDraw = True
24.1316 	EXP 	demo_fixation_feedback: autoDraw = True
24.4943 	DATA 	Mouse:  Left button up, pos=(1396,32)
24.6253 	EXP 	New trial (rep=1, index=0): None
24.6384 	EXP 	demo_enclosing_feedback_1: autoDraw = False
24.6384 	EXP 	demo_enclosing_feedback: autoDraw = False
24.6384 	EXP 	demo_target_feedback: autoDraw = False
24.6384 	EXP 	demo_fixation_feedback: autoDraw = False
24.6384 	EXP 	text: autoDraw = True
26.2546 	DATA 	Keypress: escape
26.6475 	EXP 	window1: mouseVisible = True
