2.4688 	WARNING 	We strongly recommend you activate the PTB sound engine in PsychoPy prefs as the preferred audio engine. Its timing is vastly superior. Your prefs are currently set to use ['sounddevice', 'PTB', 'pyo', 'pygame'] (in that order).
17.7162 	WARNING 	Couldn't measure a consistent frame rate.
  - Is your graphics card set to sync to vertical blank?
  - Are you running other processes on your computer?

17.7183 	EXP 	Created window1 = Window(allowGUI=False, allowStencil=False, args=UNKNOWN, autoLog=True, bitsMode=UNKNOWN, blendMode='avg', bpc=(8, 8, 8), color=array([0., 0., 0.]), colorSpace='rgb', depthBits=8, fullscr=<method-wrapper '__getattribute__' of attributeSetter object at 0x0000015CB827C278>, gamma=None, gammaErrorPolicy='raise', kwargs=UNKNOWN, lms=UNKNOWN, monitor=<psychopy.monitors.calibTools.Monitor object at 0x0000015CB81592B0>, multiSample=False, name='window1', numSamples=2, pos=[0.0, 0.0], screen=0, size=array([1920, 1080]), stencilBits=0, stereo=False, units='height', useFBO=True, useRetina=False, viewOri=0.0, viewPos=None, viewScale=None, waitBlanking=True, winType='pyglet')
17.7197 	EXP 	window1: mouseVisible = True
17.7199 	EXP 	window1: recordFrameIntervals = False
17.8970 	EXP 	window1: recordFrameIntervals = True
17.9680 	WARNING 	t of last frame was 20.02ms (=1/49)
18.0348 	WARNING 	t of last frame was 21.32ms (=1/46)
18.0558 	WARNING 	t of last frame was 21.07ms (=1/47)
18.1059 	WARNING 	t of last frame was 44.09ms (=1/22)
18.1466 	WARNING 	Multiple dropped frames have occurred - I'll stop bothering you about them!
19.6121 	WARNING 	Couldn't measure a consistent frame rate.
  - Is your graphics card set to sync to vertical blank?
  - Are you running other processes on your computer?

19.9849 	EXP 	Created Welcome = TextStim(__class__=<class 'psychopy.visual.text.TextStim'>, alignHoriz=method-wrapper(...), alignText='center', alignVert=method-wrapper(...), anchorHoriz='center', anchorVert='center', antialias=True, autoLog=True, bold=False, color='white', colorSpace='named', contrast=1.0, depth=0.0, flipHoriz=False, flipVert=False, font='Arial', fontFiles=[], height=0.04, italic=False, languageStyle='LTR', name='Welcome', opacity=1.0, ori=0, pos=array([0., 0.]), rgb=array([255., 255., 255.]), text=str(...), units='height', win=Window(...), wrapWidth=1)
19.9850 	EXP 	window1: mouseVisible = True
19.9970 	EXP 	Created text = TextStim(__class__=<class 'psychopy.visual.text.TextStim'>, alignHoriz=method-wrapper(...), alignText='center', alignVert=method-wrapper(...), anchorHoriz='center', anchorVert='center', antialias=True, autoLog=True, bold=False, color='white', colorSpace='named', contrast=1.0, depth=0.0, flipHoriz=False, flipVert=False, font='Arial', fontFiles=[], height=0.04, italic=False, languageStyle='LTR', name='text', opacity=1.0, ori=0, pos=array([0., 0.]), rgb=array([255., 255., 255.]), text=str(...), units='height', win=Window(...), wrapWidth=1)
19.9971 	EXP 	window1: mouseVisible = True
20.0028 	EXP 	Created demo_enclosing_1 = Polygon(__class__=<class 'psychopy.visual.polygon.Polygon'>, autoDraw=False, autoLog=True, closeShape=True, color=method-wrapper(...), colorSpace=None, contrast=1.0, depth=-1.0, fillColor=array([0., 0., 0.]), fillColorSpace='rgb', fillRGB=array([0., 0., 0.]), interpolate=True, lineColor=array([-1., -1., -1.]), lineColorSpace='rgb', lineRGB=array([-1., -1., -1.]), lineWidth=1, name='demo_enclosing_1', opacity=1.0, ori=array(0.), pos=array([0., 0.]), size=array([0.89, 0.89]), units='height', vertices=ndarray(...), win=Window(...))
20.0096 	EXP 	Created demo_enclosing = Polygon(__class__=<class 'psychopy.visual.polygon.Polygon'>, autoDraw=False, autoLog=True, closeShape=True, color=method-wrapper(...), colorSpace=None, contrast=1.0, depth=-2.0, fillColor=array([0., 0., 0.]), fillColorSpace='rgb', fillRGB=array([0., 0., 0.]), interpolate=True, lineColor=array([-1., -1., -1.]), lineColorSpace='rgb', lineRGB=array([-1., -1., -1.]), lineWidth=1, name='demo_enclosing', opacity=1.0, ori=array(0.), pos=array([0., 0.]), size=array([0.8, 0.8]), units='height', vertices=ndarray(...), win=Window(...))
20.0120 	EXP 	Created demo_target = ShapeStim(__class__=<class 'psychopy.visual.shape.ShapeStim'>, autoDraw=False, autoLog=True, closeShape=True, contrast=1.0, depth=-3.0, fillColor=array([1., 1., 1.]), fillColorSpace='rgb', interpolate=True, lineColor=array([1., 1., 1.]), lineColorSpace='rgb', lineWidth=1, name='demo_target', opacity=1.0, ori=array(45.), pos=array([0., 0.]), size=array([0.05, 0.05]), units='height', vertices=ndarray(...), win=Window(...), windingRule=None)
20.0151 	EXP 	Created demo_fixation = Polygon(__class__=<class 'psychopy.visual.polygon.Polygon'>, autoDraw=False, autoLog=True, closeShape=True, color=method-wrapper(...), colorSpace=None, contrast=1.0, depth=-4.0, fillColor=array([1., 0., 0.]), fillColorSpace='rgb', fillRGB=array([1., 0., 0.]), interpolate=True, lineColor=array([1., 0., 0.]), lineColorSpace='rgb', lineRGB=array([1., 0., 0.]), lineWidth=1, name='demo_fixation', opacity=1.0, ori=array(0.), pos=array([0., 0.]), size=array([0.025, 0.025]), units='height', vertices=ndarray(...), win=Window(...))
20.0155 	EXP 	window1: mouseVisible = True
20.0245 	EXP 	Created demo_enclosing_feedback_1 = Polygon(__class__=<class 'psychopy.visual.polygon.Polygon'>, autoDraw=False, autoLog=True, closeShape=True, color=method-wrapper(...), colorSpace=None, contrast=1.0, depth=0.0, fillColor=array([0., 0., 0.]), fillColorSpace='rgb', fillRGB=array([0., 0., 0.]), interpolate=True, lineColor=array([-1., -1., -1.]), lineColorSpace='rgb', lineRGB=array([-1., -1., -1.]), lineWidth=1, name='demo_enclosing_feedback_1', opacity=1.0, ori=array(0.), pos=array([0., 0.]), size=array([0.9, 0.9]), units='height', vertices=ndarray(...), win=Window(...))
20.0284 	EXP 	Created demo_enclosing_feedback = Polygon(__class__=<class 'psychopy.visual.polygon.Polygon'>, autoDraw=False, autoLog=True, closeShape=True, color=method-wrapper(...), colorSpace=None, contrast=1.0, depth=-1.0, fillColor=array([0., 0., 0.]), fillColorSpace='rgb', fillRGB=array([0., 0., 0.]), interpolate=True, lineColor=array([-1., -1., -1.]), lineColorSpace='rgb', lineRGB=array([-1., -1., -1.]), lineWidth=1, name='demo_enclosing_feedback', opacity=1.0, ori=array(0.), pos=array([0., 0.]), size=array([0.79, 0.79]), units='height', vertices=ndarray(...), win=Window(...))
20.0303 	EXP 	Created demo_target_feedback = ShapeStim(__class__=<class 'psychopy.visual.shape.ShapeStim'>, autoDraw=False, autoLog=True, closeShape=True, contrast=1.0, depth=-2.0, fillColor=array([1., 1., 1.]), fillColorSpace='rgb', interpolate=True, lineColor=array([1., 1., 1.]), lineColorSpace='rgb', lineWidth=1, name='demo_target_feedback', opacity=1.0, ori=array(45.), pos=array([0., 0.]), size=array([0.05, 0.05]), units='height', vertices=ndarray(...), win=Window(...), windingRule=None)
20.0340 	EXP 	Created demo_fixation_feedback = Polygon(__class__=<class 'psychopy.visual.polygon.Polygon'>, autoDraw=False, autoLog=True, closeShape=True, color=method-wrapper(...), colorSpace=None, contrast=1.0, depth=-3.0, fillColor=array([1., 0., 0.]), fillColorSpace='rgb', fillRGB=array([1., 0., 0.]), interpolate=True, lineColor=array([1., 0., 0.]), lineColorSpace='rgb', lineRGB=array([1., 0., 0.]), lineWidth=1, name='demo_fixation_feedback', opacity=1.0, ori=array(0.), pos=array([0., 0.]), size=array([0.025, 0.025]), units='height', vertices=ndarray(...), win=Window(...))
20.0436 	EXP 	Created demo_score_text = TextStim(__class__=<class 'psychopy.visual.text.TextStim'>, alignHoriz=method-wrapper(...), alignText='center', alignVert=method-wrapper(...), anchorHoriz='center', anchorVert='center', antialias=True, autoLog=True, bold=False, color='green', colorSpace='named', contrast=1.0, depth=-5.0, flipHoriz=False, flipVert=False, font='Arial', fontFiles=[], height=0.04, italic=False, languageStyle='LTR', name='demo_score_text', opacity=1.0, ori=0, pos=array([0.4, 0.4]), rgb=array([  0., 128.,   0.]), text='default text', units='height', win=Window(...), wrapWidth=1)
20.0541 	EXP 	Created text_3 = TextStim(__class__=<class 'psychopy.visual.text.TextStim'>, alignHoriz=method-wrapper(...), alignText='center', alignVert=method-wrapper(...), anchorHoriz='center', anchorVert='center', antialias=True, autoLog=True, bold=False, color='white', colorSpace='named', contrast=1.0, depth=0.0, flipHoriz=False, flipVert=False, font='Arial', fontFiles=[], height=0.04, italic=False, languageStyle='LTR', name='text_3', opacity=1.0, ori=0, pos=array([0., 0.]), rgb=array([255., 255., 255.]), text=str(...), units='height', win=Window(...), wrapWidth=1)
20.0542 	EXP 	window1: mouseVisible = True
20.0632 	EXP 	Created baseline_enclosing_1 = Polygon(__class__=<class 'psychopy.visual.polygon.Polygon'>, autoDraw=False, autoLog=True, closeShape=True, color=method-wrapper(...), colorSpace=None, contrast=1.0, depth=-1.0, fillColor=array([0., 0., 0.]), fillColorSpace='rgb', fillRGB=array([0., 0., 0.]), interpolate=True, lineColor=array([-1., -1., -1.]), lineColorSpace='rgb', lineRGB=array([-1., -1., -1.]), lineWidth=1, name='baseline_enclosing_1', opacity=1.0, ori=array(0.), pos=array([0., 0.]), size=array([0.89, 0.89]), units='height', vertices=ndarray(...), win=Window(...))
20.0702 	EXP 	Created baseline_enclosing = Polygon(__class__=<class 'psychopy.visual.polygon.Polygon'>, autoDraw=False, autoLog=True, closeShape=True, color=method-wrapper(...), colorSpace=None, contrast=1.0, depth=-2.0, fillColor=array([0., 0., 0.]), fillColorSpace='rgb', fillRGB=array([0., 0., 0.]), interpolate=True, lineColor=array([-1., -1., -1.]), lineColorSpace='rgb', lineRGB=array([-1., -1., -1.]), lineWidth=1, name='baseline_enclosing', opacity=1.0, ori=array(0.), pos=array([0., 0.]), size=array([0.8, 0.8]), units='height', vertices=ndarray(...), win=Window(...))
20.0763 	EXP 	Created baseline_target = ShapeStim(__class__=<class 'psychopy.visual.shape.ShapeStim'>, autoDraw=False, autoLog=True, closeShape=True, contrast=1.0, depth=-3.0, fillColor=array([1., 1., 1.]), fillColorSpace='rgb', interpolate=True, lineColor=array([1., 1., 1.]), lineColorSpace='rgb', lineWidth=1, name='baseline_target', opacity=1.0, ori=array(45.), pos=array([0., 0.]), size=array([0.05, 0.05]), units='height', vertices=ndarray(...), win=Window(...), windingRule=None)
20.0801 	EXP 	Created baseline_fixation = Polygon(__class__=<class 'psychopy.visual.polygon.Polygon'>, autoDraw=False, autoLog=True, closeShape=True, color=method-wrapper(...), colorSpace=None, contrast=1.0, depth=-4.0, fillColor=array([1., 0., 0.]), fillColorSpace='rgb', fillRGB=array([1., 0., 0.]), interpolate=True, lineColor=array([1., 0., 0.]), lineColorSpace='rgb', lineRGB=array([1., 0., 0.]), lineWidth=1, name='baseline_fixation', opacity=1.0, ori=array(0.), pos=array([0., 0.]), size=array([0.025, 0.025]), units='height', vertices=ndarray(...), win=Window(...))
20.0803 	EXP 	window1: mouseVisible = True
20.0901 	EXP 	Created baseline_enclosing_feedback_1 = Polygon(__class__=<class 'psychopy.visual.polygon.Polygon'>, autoDraw=False, autoLog=True, closeShape=True, color=method-wrapper(...), colorSpace=None, contrast=1.0, depth=0.0, fillColor=array([0., 0., 0.]), fillColorSpace='rgb', fillRGB=array([0., 0., 0.]), interpolate=True, lineColor=array([-1., -1., -1.]), lineColorSpace='rgb', lineRGB=array([-1., -1., -1.]), lineWidth=1, name='baseline_enclosing_feedback_1', opacity=1.0, ori=array(0.), pos=array([0., 0.]), size=array([0.9, 0.9]), units='height', vertices=ndarray(...), win=Window(...))
20.0972 	EXP 	Created baseline_enclosing_feedback = Polygon(__class__=<class 'psychopy.visual.polygon.Polygon'>, autoDraw=False, autoLog=True, closeShape=True, color=method-wrapper(...), colorSpace=None, contrast=1.0, depth=-1.0, fillColor=array([0., 0., 0.]), fillColorSpace='rgb', fillRGB=array([0., 0., 0.]), interpolate=True, lineColor=array([-1., -1., -1.]), lineColorSpace='rgb', lineRGB=array([-1., -1., -1.]), lineWidth=1, name='baseline_enclosing_feedback', opacity=1.0, ori=array(0.), pos=array([0., 0.]), size=array([0.8, 0.8]), units='height', vertices=ndarray(...), win=Window(...))
20.0989 	EXP 	Created baseline_target_feedback = ShapeStim(__class__=<class 'psychopy.visual.shape.ShapeStim'>, autoDraw=False, autoLog=True, closeShape=True, contrast=1.0, depth=-2.0, fillColor=array([1., 1., 1.]), fillColorSpace='rgb', interpolate=True, lineColor=array([1., 1., 1.]), lineColorSpace='rgb', lineWidth=1, name='baseline_target_feedback', opacity=1.0, ori=array(45.), pos=array([0., 0.]), size=array([0.05, 0.05]), units='height', vertices=ndarray(...), win=Window(...), windingRule=None)
20.1013 	EXP 	Created baseline_fixation_feedback = Polygon(__class__=<class 'psychopy.visual.polygon.Polygon'>, autoDraw=False, autoLog=True, closeShape=True, color=method-wrapper(...), colorSpace=None, contrast=1.0, depth=-3.0, fillColor=array([1., 0., 0.]), fillColorSpace='rgb', fillRGB=array([1., 0., 0.]), interpolate=True, lineColor=array([1., 0., 0.]), lineColorSpace='rgb', lineRGB=array([1., 0., 0.]), lineWidth=1, name='baseline_fixation_feedback', opacity=1.0, ori=array(0.), pos=array([0., 0.]), size=array([0.025, 0.025]), units='height', vertices=ndarray(...), win=Window(...))
20.1051 	EXP 	Created baseline_score_text = TextStim(__class__=<class 'psychopy.visual.text.TextStim'>, alignHoriz=method-wrapper(...), alignText='center', alignVert=method-wrapper(...), anchorHoriz='center', anchorVert='center', antialias=True, autoLog=True, bold=False, color='green', colorSpace='named', contrast=1.0, depth=-5.0, flipHoriz=False, flipVert=False, font='Arial', fontFiles=[], height=0.04, italic=False, languageStyle='LTR', name='baseline_score_text', opacity=1.0, ori=0, pos=array([0.4, 0.4]), rgb=array([  0., 128.,   0.]), text='default text', units='height', win=Window(...), wrapWidth=1)
20.1274 	EXP 	Created text_2 = TextStim(__class__=<class 'psychopy.visual.text.TextStim'>, alignHoriz=method-wrapper(...), alignText='center', alignVert=method-wrapper(...), anchorHoriz='center', anchorVert='center', antialias=True, autoLog=True, bold=False, color='white', colorSpace='named', contrast=1.0, depth=0.0, flipHoriz=False, flipVert=False, font='Arial', fontFiles=[], height=0.04, italic=False, languageStyle='LTR', name='text_2', opacity=1.0, ori=0, pos=array([0., 0.]), rgb=array([255., 255., 255.]), text=str(...), units='height', win=Window(...), wrapWidth=1)
20.1275 	EXP 	window1: mouseVisible = True
20.1329 	EXP 	Created rotated_enclosing_1 = Polygon(__class__=<class 'psychopy.visual.polygon.Polygon'>, autoDraw=False, autoLog=True, closeShape=True, color=method-wrapper(...), colorSpace=None, contrast=1.0, depth=0.0, fillColor=array([0., 0., 0.]), fillColorSpace='rgb', fillRGB=array([0., 0., 0.]), interpolate=True, lineColor=array([-1., -1., -1.]), lineColorSpace='rgb', lineRGB=array([-1., -1., -1.]), lineWidth=1, name='rotated_enclosing_1', opacity=1.0, ori=array(0.), pos=array([0., 0.]), size=array([0.89, 0.89]), units='height', vertices=ndarray(...), win=Window(...))
20.1402 	EXP 	Created rotated_enclosing = Polygon(__class__=<class 'psychopy.visual.polygon.Polygon'>, autoDraw=False, autoLog=True, closeShape=True, color=method-wrapper(...), colorSpace=None, contrast=1.0, depth=-1.0, fillColor=array([0., 0., 0.]), fillColorSpace='rgb', fillRGB=array([0., 0., 0.]), interpolate=True, lineColor=array([-1., -1., -1.]), lineColorSpace='rgb', lineRGB=array([-1., -1., -1.]), lineWidth=1, name='rotated_enclosing', opacity=1.0, ori=array(0.), pos=array([0., 0.]), size=array([0.8, 0.8]), units='height', vertices=ndarray(...), win=Window(...))
20.1421 	EXP 	Created rotated_target = ShapeStim(__class__=<class 'psychopy.visual.shape.ShapeStim'>, autoDraw=False, autoLog=True, closeShape=True, contrast=1.0, depth=-2.0, fillColor=array([1., 1., 1.]), fillColorSpace='rgb', interpolate=True, lineColor=array([1., 1., 1.]), lineColorSpace='rgb', lineWidth=1, name='rotated_target', opacity=1.0, ori=array(45.), pos=array([0., 0.]), size=array([0.05, 0.05]), units='height', vertices=ndarray(...), win=Window(...), windingRule=None)
20.1445 	EXP 	Created rotated_fixation = Polygon(__class__=<class 'psychopy.visual.polygon.Polygon'>, autoDraw=False, autoLog=True, closeShape=True, color=method-wrapper(...), colorSpace=None, contrast=1.0, depth=-3.0, fillColor=array([1., 0., 0.]), fillColorSpace='rgb', fillRGB=array([1., 0., 0.]), interpolate=True, lineColor=array([1., 0., 0.]), lineColorSpace='rgb', lineRGB=array([1., 0., 0.]), lineWidth=1, name='rotated_fixation', opacity=1.0, ori=array(0.), pos=array([0., 0.]), size=array([0.025, 0.025]), units='height', vertices=ndarray(...), win=Window(...))
20.1446 	EXP 	window1: mouseVisible = True
20.1498 	EXP 	Created rotated_enclosing_feedback_1 = Polygon(__class__=<class 'psychopy.visual.polygon.Polygon'>, autoDraw=False, autoLog=True, closeShape=True, color=method-wrapper(...), colorSpace=None, contrast=1.0, depth=0.0, fillColor=array([0., 0., 0.]), fillColorSpace='rgb', fillRGB=array([0., 0., 0.]), interpolate=True, lineColor=array([-1., -1., -1.]), lineColorSpace='rgb', lineRGB=array([-1., -1., -1.]), lineWidth=1, name='rotated_enclosing_feedback_1', opacity=1.0, ori=array(0.), pos=array([0., 0.]), size=array([0.89, 0.89]), units='height', vertices=ndarray(...), win=Window(...))
20.1576 	EXP 	Created rotated_enclosing_feedback = Polygon(__class__=<class 'psychopy.visual.polygon.Polygon'>, autoDraw=False, autoLog=True, closeShape=True, color=method-wrapper(...), colorSpace=None, contrast=1.0, depth=-1.0, fillColor=array([0., 0., 0.]), fillColorSpace='rgb', fillRGB=array([0., 0., 0.]), interpolate=True, lineColor=array([-1., -1., -1.]), lineColorSpace='rgb', lineRGB=array([-1., -1., -1.]), lineWidth=1, name='rotated_enclosing_feedback', opacity=1.0, ori=array(0.), pos=array([0., 0.]), size=array([0.8, 0.8]), units='height', vertices=ndarray(...), win=Window(...))
20.1603 	EXP 	Created rotated_target_feedback = ShapeStim(__class__=<class 'psychopy.visual.shape.ShapeStim'>, autoDraw=False, autoLog=True, closeShape=True, contrast=1.0, depth=-2.0, fillColor=array([1., 1., 1.]), fillColorSpace='rgb', interpolate=True, lineColor=array([1., 1., 1.]), lineColorSpace='rgb', lineWidth=1, name='rotated_target_feedback', opacity=1.0, ori=array(45.), pos=array([0., 0.]), size=array([0.05, 0.05]), units='height', vertices=ndarray(...), win=Window(...), windingRule=None)
20.1675 	EXP 	Created rotated_fixation_feedback = Polygon(__class__=<class 'psychopy.visual.polygon.Polygon'>, autoDraw=False, autoLog=True, closeShape=True, color=method-wrapper(...), colorSpace=None, contrast=1.0, depth=-3.0, fillColor=array([1., 0., 0.]), fillColorSpace='rgb', fillRGB=array([1., 0., 0.]), interpolate=True, lineColor=array([1., 0., 0.]), lineColorSpace='rgb', lineRGB=array([1., 0., 0.]), lineWidth=1, name='rotated_fixation_feedback', opacity=1.0, ori=array(0.), pos=array([0., 0.]), size=array([0.025, 0.025]), units='height', vertices=ndarray(...), win=Window(...))
20.1772 	EXP 	Created rotated_score_text = TextStim(__class__=<class 'psychopy.visual.text.TextStim'>, alignHoriz=method-wrapper(...), alignText='center', alignVert=method-wrapper(...), anchorHoriz='center', anchorVert='center', antialias=True, autoLog=True, bold=False, color='green', colorSpace='named', contrast=1.0, depth=-5.0, flipHoriz=False, flipVert=False, font='Arial', fontFiles=[], height=0.04, italic=False, languageStyle='LTR', name='rotated_score_text', opacity=1.0, ori=0, pos=array([0.4, 0.4]), rgb=array([  0., 128.,   0.]), text='default text', units='height', win=Window(...), wrapWidth=1)
20.2078 	EXP 	Created rotated_breaks = TextStim(__class__=<class 'psychopy.visual.text.TextStim'>, alignHoriz=method-wrapper(...), alignText='center', alignVert=method-wrapper(...), anchorHoriz='center', anchorVert='center', antialias=True, autoLog=True, bold=False, color='white', colorSpace='named', contrast=1.0, depth=0.0, flipHoriz=False, flipVert=False, font='Arial', fontFiles=[], height=0.04, italic=False, languageStyle='LTR', name='rotated_breaks', opacity=1.0, ori=0, pos=array([0., 0.]), rgb=array([255., 255., 255.]), text=str(...), units='height', win=Window(...), wrapWidth=1)
20.2079 	EXP 	window1: mouseVisible = True
20.2097 	EXP 	Created transfer_target = ShapeStim(__class__=<class 'psychopy.visual.shape.ShapeStim'>, autoDraw=False, autoLog=True, closeShape=True, contrast=1.0, depth=0.0, fillColor=array([1., 1., 1.]), fillColorSpace='rgb', interpolate=True, lineColor=array([1., 1., 1.]), lineColorSpace='rgb', lineWidth=1, name='transfer_target', opacity=1.0, ori=array(45.), pos=array([0., 0.]), size=array([0.05, 0.05]), units='height', vertices=ndarray(...), win=Window(...), windingRule=None)
20.2138 	EXP 	Created transfer_fixation = Polygon(__class__=<class 'psychopy.visual.polygon.Polygon'>, autoDraw=False, autoLog=True, closeShape=True, color=method-wrapper(...), colorSpace=None, contrast=1.0, depth=-1.0, fillColor=array([1., 0., 0.]), fillColorSpace='rgb', fillRGB=array([1., 0., 0.]), interpolate=True, lineColor=array([1., 0., 0.]), lineColorSpace='rgb', lineRGB=array([1., 0., 0.]), lineWidth=1, name='transfer_fixation', opacity=1.0, ori=array(0.), pos=array([0., 0.]), size=array([0.025, 0.025]), units='height', vertices=ndarray(...), win=Window(...))
20.2142 	EXP 	window1: mouseVisible = True
20.2172 	EXP 	Created transfer_target_feedback = ShapeStim(__class__=<class 'psychopy.visual.shape.ShapeStim'>, autoDraw=False, autoLog=True, closeShape=True, contrast=1.0, depth=0.0, fillColor=array([1., 1., 1.]), fillColorSpace='rgb', interpolate=True, lineColor=array([1., 1., 1.]), lineColorSpace='rgb', lineWidth=1, name='transfer_target_feedback', opacity=1.0, ori=array(45.), pos=array([0., 0.]), size=array([0.05, 0.05]), units='height', vertices=ndarray(...), win=Window(...), windingRule=None)
20.2197 	EXP 	Created transfer_fixation_feedback = Polygon(__class__=<class 'psychopy.visual.polygon.Polygon'>, autoDraw=False, autoLog=True, closeShape=True, color=method-wrapper(...), colorSpace=None, contrast=1.0, depth=-1.0, fillColor=array([1., 0., 0.]), fillColorSpace='rgb', fillRGB=array([1., 0., 0.]), interpolate=True, lineColor=array([1., 0., 0.]), lineColorSpace='rgb', lineRGB=array([1., 0., 0.]), lineWidth=1, name='transfer_fixation_feedback', opacity=1.0, ori=array(0.), pos=array([0., 0.]), size=array([0.025, 0.025]), units='height', vertices=ndarray(...), win=Window(...))
20.2338 	EXP 	Created done_text = TextStim(__class__=<class 'psychopy.visual.text.TextStim'>, alignHoriz=method-wrapper(...), alignText='center', alignVert=method-wrapper(...), anchorHoriz='center', anchorVert='center', antialias=True, autoLog=True, bold=False, color='white', colorSpace='named', contrast=1.0, depth=0.0, flipHoriz=False, flipVert=False, font='Arial', fontFiles=[], height=0.04, italic=False, languageStyle='LTR', name='done_text', opacity=1.0, ori=0, pos=array([0., 0.]), rgb=array([255., 255., 255.]), text=str(...), units='height', win=Window(...), wrapWidth=1)
20.2339 	EXP 	window1: mouseVisible = True
20.2693 	EXP 	Welcome: autoDraw = True
20.8798 	DATA 	Mouse: Left button down, pos=(817,638)
20.8816 	EXP 	Created sequence: random, trialTypes=1, nReps=0, seed=None
20.9000 	EXP 	Welcome: autoDraw = False
20.9000 	EXP 	text_3: autoDraw = True
20.9816 	DATA 	Mouse:  Left button up, pos=(817,638)
22.1122 	DATA 	Mouse: Left button down, pos=(817,638)
22.1849 	EXP 	Imported conditions_baseline.xlsx as conditions, 16 conditions, 3 params
22.1855 	EXP 	Created sequence: random, trialTypes=16, nReps=0, seed=None
22.1925 	EXP 	text_3: autoDraw = False
22.1925 	EXP 	text_2: autoDraw = True
22.2470 	DATA 	Mouse:  Left button up, pos=(817,638)
23.2939 	DATA 	Mouse: Left button down, pos=(817,638)
23.2965 	EXP 	Created sequence: random, trialTypes=1, nReps=10, seed=None
23.2968 	EXP 	New trial (rep=0, index=0): None
23.3180 	EXP 	Imported conditions_baseline.xlsx as conditions, 16 conditions, 3 params
23.3221 	EXP 	Created sequence: random, trialTypes=16, nReps=4, seed=None
23.3233 	EXP 	New trial (rep=0, index=0): OrderedDict([('target_x', -0.3), ('target_y', 0.3), ('rotation', 0)])
23.3240 	EXP 	window1: mouseVisible = False
23.3333 	EXP 	text_2: autoDraw = False
23.3333 	EXP 	rotated_fixation: opacity = 1
23.3333 	EXP 	rotated_fixation: pos = [0, 0]
23.3333 	EXP 	rotated_enclosing_1: autoDraw = True
23.3333 	EXP 	rotated_enclosing: autoDraw = True
23.3333 	EXP 	rotated_fixation: autoDraw = True
23.3333 	EXP 	rotated_fixation: opacity = 0
23.3347 	EXP 	window1: mouseVisible = False
23.3529 	EXP 	rotated_fixation: opacity = 0
23.3537 	EXP 	window1: mouseVisible = False
23.3748 	EXP 	rotated_fixation: opacity = 0
23.3752 	EXP 	window1: mouseVisible = False
23.3914 	EXP 	rotated_fixation: opacity = 0
23.3918 	EXP 	window1: mouseVisible = False
23.4093 	EXP 	rotated_fixation: opacity = 0
23.4099 	EXP 	window1: mouseVisible = False
23.4267 	EXP 	rotated_fixation: opacity = 0
23.4273 	EXP 	window1: mouseVisible = False
23.4458 	EXP 	rotated_fixation: opacity = 0
23.4466 	EXP 	window1: mouseVisible = False
23.4472 	DATA 	Mouse:  Left button up, pos=(817,638)
23.4605 	EXP 	rotated_fixation: opacity = 1
23.4605 	EXP 	rotated_fixation: pos = [0, 0]
23.4613 	EXP 	window1: mouseVisible = False
23.4803 	EXP 	rotated_fixation: opacity = 1
23.4803 	EXP 	rotated_fixation: pos = [0, 0]
23.4809 	EXP 	window1: mouseVisible = False
23.4952 	EXP 	rotated_fixation: opacity = 1
23.4952 	EXP 	rotated_fixation: pos = [0, 0]
23.4959 	EXP 	window1: mouseVisible = False
23.5116 	EXP 	rotated_fixation: opacity = 1
23.5116 	EXP 	rotated_fixation: pos = [0, 0]
23.5121 	EXP 	window1: mouseVisible = False
23.5285 	EXP 	rotated_fixation: opacity = 1
23.5285 	EXP 	rotated_fixation: pos = [0, 0]
23.5292 	EXP 	window1: mouseVisible = False
23.5450 	EXP 	rotated_fixation: opacity = 1
23.5450 	EXP 	rotated_fixation: pos = [0, 0]
23.5458 	EXP 	window1: mouseVisible = False
23.5613 	EXP 	rotated_fixation: opacity = 1
23.5613 	EXP 	rotated_fixation: pos = [0, 0]
23.5620 	EXP 	window1: mouseVisible = False
23.5758 	EXP 	rotated_fixation: opacity = 1
23.5758 	EXP 	rotated_fixation: pos = [0, 0]
23.5764 	EXP 	window1: mouseVisible = False
23.5987 	EXP 	rotated_fixation: opacity = 1
23.5987 	EXP 	rotated_fixation: pos = [0, 0]
23.5993 	EXP 	window1: mouseVisible = False
23.6080 	EXP 	rotated_fixation: opacity = 1
23.6080 	EXP 	rotated_fixation: pos = [0, 0]
23.6083 	EXP 	window1: mouseVisible = False
23.6245 	EXP 	rotated_fixation: opacity = 1
23.6245 	EXP 	rotated_fixation: pos = [0, 0]
23.6248 	EXP 	window1: mouseVisible = False
23.6409 	EXP 	rotated_fixation: opacity = 1
23.6409 	EXP 	rotated_fixation: pos = [0, 0]
23.6412 	EXP 	window1: mouseVisible = False
23.6590 	EXP 	rotated_fixation: opacity = 1
23.6590 	EXP 	rotated_fixation: pos = [0, 0]
23.6597 	EXP 	window1: mouseVisible = False
23.6759 	EXP 	rotated_fixation: opacity = 1
23.6759 	EXP 	rotated_fixation: pos = [0, 0]
23.6769 	EXP 	window1: mouseVisible = False
23.6931 	EXP 	rotated_fixation: opacity = 1
23.6931 	EXP 	rotated_fixation: pos = [0, 0]
23.6940 	EXP 	window1: mouseVisible = False
23.7126 	EXP 	rotated_fixation: opacity = 1
23.7126 	EXP 	rotated_fixation: pos = [0, 0]
23.7131 	EXP 	window1: mouseVisible = False
23.7283 	EXP 	rotated_fixation: opacity = 1
23.7283 	EXP 	rotated_fixation: pos = [0, 0]
23.7296 	EXP 	window1: mouseVisible = False
23.7450 	EXP 	rotated_fixation: opacity = 1
23.7450 	EXP 	rotated_fixation: pos = [0, 0]
23.7454 	EXP 	window1: mouseVisible = False
23.7631 	EXP 	rotated_fixation: opacity = 1
23.7631 	EXP 	rotated_fixation: pos = [0, 0]
23.7640 	EXP 	window1: mouseVisible = False
23.7782 	EXP 	rotated_fixation: opacity = 1
23.7782 	EXP 	rotated_fixation: pos = [0, 0]
23.7790 	EXP 	window1: mouseVisible = False
23.7932 	EXP 	rotated_fixation: opacity = 1
23.7932 	EXP 	rotated_fixation: pos = [0, 0]
23.7939 	EXP 	window1: mouseVisible = False
23.8142 	EXP 	rotated_fixation: opacity = 1
23.8142 	EXP 	rotated_fixation: pos = [0, 0]
23.8147 	EXP 	window1: mouseVisible = False
23.8301 	EXP 	rotated_fixation: opacity = 1
23.8301 	EXP 	rotated_fixation: pos = [0, 0]
23.8306 	EXP 	window1: mouseVisible = False
23.8528 	EXP 	rotated_fixation: opacity = 1
23.8528 	EXP 	rotated_fixation: pos = [0, 0]
23.8537 	EXP 	window1: mouseVisible = False
23.8613 	EXP 	rotated_fixation: opacity = 1
23.8613 	EXP 	rotated_fixation: pos = [0, 0]
23.8619 	EXP 	window1: mouseVisible = False
23.8758 	EXP 	rotated_fixation: opacity = 1
23.8758 	EXP 	rotated_fixation: pos = [0, 0]
23.8771 	EXP 	window1: mouseVisible = False
23.8924 	EXP 	rotated_fixation: opacity = 1
23.8924 	EXP 	rotated_fixation: pos = [0, 0]
23.8930 	EXP 	window1: mouseVisible = False
23.9113 	EXP 	rotated_fixation: opacity = 1
23.9113 	EXP 	rotated_fixation: pos = [0, 0]
23.9120 	EXP 	window1: mouseVisible = False
23.9269 	EXP 	rotated_fixation: opacity = 1
23.9269 	EXP 	rotated_fixation: pos = [0, 0]
23.9273 	EXP 	window1: mouseVisible = False
23.9447 	EXP 	rotated_fixation: opacity = 1
23.9447 	EXP 	rotated_fixation: pos = [0, 0]
23.9453 	EXP 	window1: mouseVisible = False
23.9629 	EXP 	rotated_fixation: opacity = 1
23.9629 	EXP 	rotated_fixation: pos = [0, 0]
23.9636 	EXP 	window1: mouseVisible = False
23.9903 	EXP 	rotated_fixation: opacity = 1
23.9903 	EXP 	rotated_fixation: pos = [0, 0]
23.9914 	EXP 	window1: mouseVisible = False
24.0131 	EXP 	rotated_fixation: opacity = 1
24.0131 	EXP 	rotated_fixation: pos = [0, 0]
24.0140 	EXP 	window1: mouseVisible = False
24.0326 	EXP 	rotated_fixation: opacity = 1
24.0326 	EXP 	rotated_fixation: pos = [0, 0]
24.0336 	EXP 	window1: mouseVisible = False
24.0513 	EXP 	rotated_fixation: opacity = 1
24.0513 	EXP 	rotated_fixation: pos = [0, 0]
24.0519 	EXP 	window1: mouseVisible = False
24.0628 	EXP 	rotated_fixation: opacity = 1
24.0628 	EXP 	rotated_fixation: pos = [0, 0]
24.0631 	EXP 	window1: mouseVisible = False
24.0747 	EXP 	rotated_fixation: opacity = 1
24.0747 	EXP 	rotated_fixation: pos = [0, 0]
24.0753 	EXP 	window1: mouseVisible = False
24.0912 	EXP 	rotated_fixation: opacity = 1
24.0912 	EXP 	rotated_fixation: pos = [0, 0]
24.0915 	EXP 	window1: mouseVisible = False
24.1108 	EXP 	rotated_fixation: opacity = 1
24.1108 	EXP 	rotated_fixation: pos = [0, 0]
24.1113 	EXP 	window1: mouseVisible = False
24.1350 	EXP 	rotated_fixation: opacity = 1
24.1350 	EXP 	rotated_fixation: pos = [0, 0]
24.1358 	EXP 	window1: mouseVisible = False
24.1423 	EXP 	rotated_fixation: opacity = 1
24.1423 	EXP 	rotated_fixation: pos = [0, 0]
24.1425 	EXP 	window1: mouseVisible = False
24.1588 	EXP 	rotated_fixation: opacity = 1
24.1588 	EXP 	rotated_fixation: pos = [0, 0]
24.1594 	EXP 	window1: mouseVisible = False
24.1772 	EXP 	rotated_fixation: opacity = 1
24.1772 	EXP 	rotated_fixation: pos = [0, 0]
24.1782 	EXP 	window1: mouseVisible = False
24.1958 	EXP 	rotated_fixation: opacity = 1
24.1958 	EXP 	rotated_fixation: pos = [0, 0]
24.1971 	EXP 	window1: mouseVisible = False
24.2129 	EXP 	rotated_fixation: opacity = 1
24.2129 	EXP 	rotated_fixation: pos = [0, 0]
24.2136 	EXP 	window1: mouseVisible = False
24.2390 	EXP 	rotated_fixation: opacity = 1
24.2390 	EXP 	rotated_fixation: pos = [0, 0]
24.2398 	EXP 	window1: mouseVisible = False
24.2486 	EXP 	rotated_fixation: opacity = 1
24.2486 	EXP 	rotated_fixation: pos = [0, 0]
24.2493 	EXP 	window1: mouseVisible = False
24.2789 	EXP 	rotated_fixation: opacity = 1
24.2789 	EXP 	rotated_fixation: pos = [0, 0]
24.2793 	EXP 	window1: mouseVisible = False
24.2906 	EXP 	rotated_fixation: opacity = 1
24.2906 	EXP 	rotated_fixation: pos = [0, 0]
24.2914 	EXP 	window1: mouseVisible = False
24.3098 	EXP 	rotated_fixation: opacity = 1
24.3098 	EXP 	rotated_fixation: pos = [0, 0]
24.3111 	EXP 	window1: mouseVisible = False
24.3294 	EXP 	rotated_fixation: opacity = 1
24.3294 	EXP 	rotated_fixation: pos = [0, 0]
24.3310 	EXP 	window1: mouseVisible = False
24.3547 	EXP 	rotated_fixation: opacity = 1
24.3547 	EXP 	rotated_fixation: pos = [0, 0]
24.3557 	EXP 	window1: mouseVisible = False
24.3754 	EXP 	rotated_fixation: opacity = 1
24.3754 	EXP 	rotated_fixation: pos = [0, 0]
24.3760 	EXP 	window1: mouseVisible = False
24.3925 	EXP 	rotated_fixation: opacity = 1
24.3925 	EXP 	rotated_fixation: pos = [0, 0]
24.3932 	EXP 	window1: mouseVisible = False
24.4147 	EXP 	rotated_fixation: opacity = 1
24.4147 	EXP 	rotated_fixation: pos = [0, 0]
24.4153 	EXP 	window1: mouseVisible = False
24.4295 	EXP 	rotated_fixation: opacity = 1
24.4295 	EXP 	rotated_fixation: pos = [0, 0]
24.4299 	EXP 	window1: mouseVisible = False
24.4445 	EXP 	rotated_fixation: opacity = 1
24.4445 	EXP 	rotated_fixation: pos = [0, 0]
24.4454 	EXP 	window1: mouseVisible = False
24.4572 	EXP 	rotated_fixation: opacity = 1
24.4572 	EXP 	rotated_fixation: pos = [0, 0]
24.4579 	EXP 	window1: mouseVisible = False
24.4782 	EXP 	rotated_fixation: opacity = 1
24.4782 	EXP 	rotated_fixation: pos = [0, 0]
24.4788 	EXP 	window1: mouseVisible = False
24.4964 	EXP 	rotated_fixation: opacity = 1
24.4964 	EXP 	rotated_fixation: pos = [0, 0]
24.4979 	EXP 	window1: mouseVisible = False
24.5196 	EXP 	rotated_fixation: opacity = 1
24.5196 	EXP 	rotated_fixation: pos = [0, 0]
24.5202 	EXP 	window1: mouseVisible = False
24.5511 	EXP 	rotated_fixation: opacity = 1
24.5511 	EXP 	rotated_fixation: pos = [0, 0]
24.5517 	EXP 	window1: mouseVisible = False
24.5618 	EXP 	rotated_fixation: opacity = 1
24.5618 	EXP 	rotated_fixation: pos = [0, 0]
24.5627 	EXP 	window1: mouseVisible = False
24.5803 	EXP 	rotated_fixation: opacity = 1
24.5803 	EXP 	rotated_fixation: pos = [0, 0]
24.5812 	EXP 	window1: mouseVisible = False
24.6034 	EXP 	rotated_fixation: opacity = 1
24.6034 	EXP 	rotated_fixation: pos = [0, 0]
24.6040 	EXP 	window1: mouseVisible = False
24.6248 	EXP 	rotated_fixation: opacity = 1
24.6248 	EXP 	rotated_fixation: pos = [0, 0]
24.6258 	EXP 	window1: mouseVisible = False
24.6417 	EXP 	rotated_fixation: opacity = 1
24.6417 	EXP 	rotated_fixation: pos = [0, 0]
24.6424 	EXP 	window1: mouseVisible = False
24.6550 	EXP 	rotated_fixation: opacity = 1
24.6550 	EXP 	rotated_fixation: pos = [0, 0]
24.6557 	EXP 	window1: mouseVisible = False
24.6716 	EXP 	rotated_fixation: opacity = 1
24.6716 	EXP 	rotated_fixation: pos = [0, 0]
24.6722 	EXP 	window1: mouseVisible = False
24.6892 	EXP 	rotated_fixation: opacity = 1
24.6892 	EXP 	rotated_fixation: pos = [0, 0]
24.6896 	EXP 	window1: mouseVisible = False
24.7107 	EXP 	rotated_fixation: opacity = 1
24.7107 	EXP 	rotated_fixation: pos = [0, 0]
24.7114 	EXP 	window1: mouseVisible = False
24.7246 	EXP 	rotated_fixation: opacity = 1
24.7246 	EXP 	rotated_fixation: pos = [0, 0]
24.7250 	EXP 	window1: mouseVisible = False
24.7446 	EXP 	rotated_fixation: opacity = 1
24.7446 	EXP 	rotated_fixation: pos = [0, 0]
24.7451 	EXP 	window1: mouseVisible = False
24.7678 	EXP 	rotated_fixation: opacity = 1
24.7678 	EXP 	rotated_fixation: pos = [0, 0]
24.7689 	EXP 	window1: mouseVisible = False
24.7776 	EXP 	rotated_fixation: opacity = 1
24.7776 	EXP 	rotated_fixation: pos = [0, 0]
24.7782 	EXP 	window1: mouseVisible = False
24.7942 	EXP 	rotated_fixation: opacity = 1
24.7942 	EXP 	rotated_fixation: pos = [0, 0]
24.7949 	EXP 	window1: mouseVisible = False
24.8092 	EXP 	rotated_fixation: opacity = 1
24.8092 	EXP 	rotated_fixation: pos = [0, 0]
24.8102 	EXP 	window1: mouseVisible = False
24.8246 	EXP 	rotated_target: autoDraw = True
24.8246 	EXP 	rotated_fixation: opacity = 1
24.8246 	EXP 	rotated_fixation: pos = [0, 0]
24.8272 	EXP 	window1: mouseVisible = False
24.8424 	EXP 	rotated_fixation: opacity = 1
24.8424 	EXP 	rotated_fixation: pos = [0, 0]
24.8436 	EXP 	window1: mouseVisible = False
24.8587 	EXP 	rotated_fixation: opacity = 1
24.8587 	EXP 	rotated_fixation: pos = [0, 0]
24.8615 	EXP 	window1: mouseVisible = False
24.8746 	EXP 	rotated_fixation: opacity = 1
24.8746 	EXP 	rotated_fixation: pos = [0, 0]
24.8765 	EXP 	window1: mouseVisible = False
24.8947 	EXP 	rotated_fixation: opacity = 1
24.8947 	EXP 	rotated_fixation: pos = [0, 0]
24.8959 	EXP 	window1: mouseVisible = False
24.9075 	EXP 	rotated_fixation: opacity = 1
24.9075 	EXP 	rotated_fixation: pos = [0, 0]
24.9085 	EXP 	window1: mouseVisible = False
24.9240 	EXP 	rotated_fixation: opacity = 1
24.9240 	EXP 	rotated_fixation: pos = [0, 0]
24.9255 	EXP 	window1: mouseVisible = False
24.9413 	EXP 	rotated_fixation: opacity = 1
24.9413 	EXP 	rotated_fixation: pos = [0, 0]
24.9421 	EXP 	window1: mouseVisible = False
24.9601 	EXP 	rotated_fixation: opacity = 1
24.9601 	EXP 	rotated_fixation: pos = [0, 0]
24.9613 	EXP 	window1: mouseVisible = False
24.9862 	EXP 	rotated_fixation: opacity = 1
24.9862 	EXP 	rotated_fixation: pos = [0, 0]
24.9884 	EXP 	window1: mouseVisible = False
24.9966 	EXP 	rotated_fixation: opacity = 1
24.9966 	EXP 	rotated_fixation: pos = [0, 0]
24.9976 	EXP 	window1: mouseVisible = False
25.0228 	EXP 	rotated_fixation: opacity = 1
25.0228 	EXP 	rotated_fixation: pos = [0, 0]
25.0237 	EXP 	window1: mouseVisible = False
25.0426 	EXP 	rotated_fixation: opacity = 1
25.0426 	EXP 	rotated_fixation: pos = [0, 0]
25.0438 	EXP 	window1: mouseVisible = False
25.0601 	EXP 	rotated_fixation: opacity = 1
25.0601 	EXP 	rotated_fixation: pos = [0, 0]
25.0614 	EXP 	window1: mouseVisible = False
25.0789 	EXP 	rotated_fixation: opacity = 1
25.0789 	EXP 	rotated_fixation: pos = [0, 0]
25.0809 	EXP 	window1: mouseVisible = False
25.0958 	EXP 	rotated_fixation: opacity = 1
25.0958 	EXP 	rotated_fixation: pos = [0, 0]
25.0968 	EXP 	window1: mouseVisible = False
25.1216 	EXP 	rotated_fixation: opacity = 1
25.1216 	EXP 	rotated_fixation: pos = [0, 0]
25.1226 	EXP 	window1: mouseVisible = False
25.1418 	EXP 	rotated_fixation: opacity = 1
25.1418 	EXP 	rotated_fixation: pos = [0, 0]
25.1427 	EXP 	window1: mouseVisible = False
25.1619 	EXP 	rotated_fixation: opacity = 1
25.1619 	EXP 	rotated_fixation: pos = [0, 0]
25.1633 	EXP 	window1: mouseVisible = False
25.1884 	EXP 	rotated_fixation: opacity = 1
25.1884 	EXP 	rotated_fixation: pos = [0, 0]
25.1902 	EXP 	window1: mouseVisible = False
25.1983 	EXP 	rotated_fixation: opacity = 1
25.1983 	EXP 	rotated_fixation: pos = [0, 0]
25.1995 	EXP 	window1: mouseVisible = False
25.2244 	EXP 	rotated_fixation: opacity = 1
25.2244 	EXP 	rotated_fixation: pos = [0, 0]
25.2262 	EXP 	window1: mouseVisible = False
25.2419 	EXP 	rotated_fixation: opacity = 1
25.2419 	EXP 	rotated_fixation: pos = [0, 0]
25.2453 	DATA 	Mouse: Left button down, pos=(960,540)
25.2455 	EXP 	window1: mouseVisible = False
25.2638 	EXP 	rotated_fixation: opacity = 0
25.2650 	EXP 	window1: mouseVisible = False
25.2809 	EXP 	rotated_fixation: opacity = 0
25.2825 	EXP 	window1: mouseVisible = False
25.2945 	EXP 	rotated_fixation: opacity = 0
25.2955 	EXP 	window1: mouseVisible = False
25.3160 	EXP 	rotated_fixation: opacity = 0
25.3169 	EXP 	window1: mouseVisible = False
25.3240 	EXP 	rotated_fixation: opacity = 0
25.3245 	EXP 	window1: mouseVisible = False
25.3411 	EXP 	rotated_fixation: opacity = 0
25.3417 	EXP 	window1: mouseVisible = False
25.3579 	EXP 	rotated_fixation: opacity = 0
25.3588 	EXP 	window1: mouseVisible = False
25.3765 	EXP 	rotated_fixation: opacity = 0
25.3775 	EXP 	window1: mouseVisible = False
25.3954 	EXP 	rotated_fixation: opacity = 0
25.3965 	EXP 	window1: mouseVisible = False
25.4126 	EXP 	rotated_fixation: opacity = 0
25.4132 	EXP 	window1: mouseVisible = False
25.4244 	EXP 	rotated_fixation: opacity = 0
25.4253 	EXP 	window1: mouseVisible = False
25.4403 	EXP 	rotated_fixation: opacity = 0
25.4409 	EXP 	window1: mouseVisible = False
25.4586 	EXP 	rotated_fixation: opacity = 0
25.4597 	EXP 	window1: mouseVisible = False
25.4833 	EXP 	rotated_fixation: opacity = 0
25.4846 	EXP 	window1: mouseVisible = False
25.4957 	EXP 	rotated_fixation: opacity = 0
25.4973 	EXP 	window1: mouseVisible = False
25.5190 	EXP 	rotated_fixation: opacity = 0
25.5214 	EXP 	window1: mouseVisible = False
25.5461 	EXP 	rotated_fixation: opacity = 0
25.5474 	EXP 	window1: mouseVisible = False
25.5596 	EXP 	rotated_fixation: opacity = 0
25.5605 	EXP 	window1: mouseVisible = False
25.5765 	EXP 	rotated_fixation: opacity = 0
25.5777 	EXP 	window1: mouseVisible = False
25.5920 	EXP 	rotated_fixation: opacity = 0
25.5941 	EXP 	window1: mouseVisible = False
25.6075 	EXP 	rotated_fixation: opacity = 0
25.6087 	EXP 	window1: mouseVisible = False
25.6282 	EXP 	rotated_fixation: opacity = 0
25.6298 	EXP 	window1: mouseVisible = False
25.6419 	EXP 	rotated_fixation: opacity = 0
25.6432 	EXP 	window1: mouseVisible = False
25.6559 	EXP 	rotated_fixation: opacity = 0
25.6574 	EXP 	window1: mouseVisible = False
25.6753 	EXP 	rotated_fixation: opacity = 0
25.6769 	EXP 	window1: mouseVisible = False
25.6951 	EXP 	rotated_fixation: opacity = 0
25.6976 	EXP 	window1: mouseVisible = False
25.7210 	EXP 	rotated_fixation: opacity = 0
25.7226 	EXP 	window1: mouseVisible = False
25.7328 	EXP 	rotated_fixation: opacity = 0
25.7347 	EXP 	window1: mouseVisible = False
25.7651 	EXP 	rotated_fixation: opacity = 0
25.7675 	EXP 	window1: mouseVisible = False
25.7912 	EXP 	rotated_fixation: opacity = 0
25.7921 	EXP 	window1: mouseVisible = False
25.8002 	EXP 	rotated_fixation: opacity = 0
25.8022 	EXP 	window1: mouseVisible = False
25.8269 	EXP 	rotated_fixation: opacity = 0
25.8289 	EXP 	window1: mouseVisible = False
25.8414 	EXP 	rotated_fixation: opacity = 0
25.8436 	EXP 	window1: mouseVisible = False
25.8936 	EXP 	rotated_fixation: opacity = 0
25.8936 	EXP 	rotated_fixation: pos = [0.11759259259259257, 0.39537037037037037]
25.8936 	EXP 	rotated_fixation: opacity = 1
25.8936 	EXP 	rotated_enclosing_1: autoDraw = False
25.8936 	EXP 	rotated_enclosing: autoDraw = False
25.8936 	EXP 	rotated_target: autoDraw = False
25.8936 	EXP 	rotated_fixation: autoDraw = False
25.8936 	EXP 	rotated_fixation: opacity = 1
25.8936 	EXP 	rotated_target_feedback: pos = array([-0.3,  0.3])
25.8936 	EXP 	rotated_fixation_feedback: pos = array([0.11759259, 0.39537037])
25.8936 	EXP 	rotated_score_text: text = 'Your score: 10'
25.8936 	EXP 	rotated_enclosing_feedback_1: autoDraw = True
25.8936 	EXP 	rotated_enclosing_feedback: autoDraw = True
25.8936 	EXP 	rotated_target_feedback: autoDraw = True
25.8936 	EXP 	rotated_fixation_feedback: autoDraw = True
25.8936 	EXP 	rotated_score_text: autoDraw = True
26.3953 	EXP 	rotated_fixation_feedback: autoDraw = False
26.7324 	DATA 	Mouse:  Left button up, pos=(441,699)
26.8635 	EXP 	New trial (rep=0, index=1): OrderedDict([('target_x', -0.3), ('target_y', -0.3), ('rotation', 0)])
26.8645 	EXP 	window1: mouseVisible = False
26.8869 	EXP 	rotated_enclosing_feedback_1: autoDraw = False
26.8869 	EXP 	rotated_enclosing_feedback: autoDraw = False
26.8869 	EXP 	rotated_target_feedback: autoDraw = False
26.8869 	EXP 	rotated_fixation_feedback: autoDraw = False
26.8869 	EXP 	rotated_score_text: autoDraw = False
26.8869 	EXP 	rotated_fixation: opacity = 1
26.8869 	EXP 	rotated_fixation: pos = [0, 0]
26.8869 	EXP 	rotated_enclosing_1: autoDraw = True
26.8869 	EXP 	rotated_enclosing: autoDraw = True
26.8869 	EXP 	rotated_fixation: autoDraw = True
26.8869 	EXP 	rotated_fixation: opacity = 1
26.8869 	EXP 	rotated_fixation: pos = [0, 0]
26.8873 	EXP 	window1: mouseVisible = False
26.9116 	EXP 	rotated_fixation: opacity = 1
26.9116 	EXP 	rotated_fixation: pos = [0, 0]
26.9126 	EXP 	window1: mouseVisible = False
26.9267 	EXP 	rotated_fixation: opacity = 1
26.9267 	EXP 	rotated_fixation: pos = [0, 0]
26.9274 	EXP 	window1: mouseVisible = False
26.9381 	EXP 	rotated_fixation: opacity = 1
26.9381 	EXP 	rotated_fixation: pos = [0, 0]
26.9387 	EXP 	window1: mouseVisible = False
26.9615 	EXP 	rotated_fixation: opacity = 1
26.9615 	EXP 	rotated_fixation: pos = [0, 0]
26.9620 	EXP 	window1: mouseVisible = False
26.9830 	EXP 	rotated_fixation: opacity = 1
26.9830 	EXP 	rotated_fixation: pos = [0, 0]
26.9839 	EXP 	window1: mouseVisible = False
26.9975 	EXP 	rotated_fixation: opacity = 1
26.9975 	EXP 	rotated_fixation: pos = [0, 0]
26.9987 	EXP 	window1: mouseVisible = False
27.0216 	EXP 	rotated_fixation: opacity = 1
27.0216 	EXP 	rotated_fixation: pos = [0, 0]
27.0226 	EXP 	window1: mouseVisible = False
27.0386 	EXP 	rotated_fixation: opacity = 1
27.0386 	EXP 	rotated_fixation: pos = [0, 0]
27.0391 	EXP 	window1: mouseVisible = False
27.0559 	EXP 	rotated_fixation: opacity = 1
27.0559 	EXP 	rotated_fixation: pos = [0, 0]
27.0564 	EXP 	window1: mouseVisible = False
27.0738 	EXP 	rotated_fixation: opacity = 1
27.0738 	EXP 	rotated_fixation: pos = [0, 0]
27.0744 	EXP 	window1: mouseVisible = False
27.0898 	EXP 	rotated_fixation: opacity = 1
27.0898 	EXP 	rotated_fixation: pos = [0, 0]
27.0902 	EXP 	window1: mouseVisible = False
27.1071 	EXP 	rotated_fixation: opacity = 1
27.1071 	EXP 	rotated_fixation: pos = [0, 0]
27.1077 	EXP 	window1: mouseVisible = False
27.1305 	EXP 	rotated_fixation: opacity = 1
27.1305 	EXP 	rotated_fixation: pos = [0, 0]
27.1315 	EXP 	window1: mouseVisible = False
27.1418 	EXP 	rotated_fixation: opacity = 1
27.1418 	EXP 	rotated_fixation: pos = [0, 0]
27.1425 	EXP 	window1: mouseVisible = False
27.1592 	EXP 	rotated_fixation: opacity = 1
27.1592 	EXP 	rotated_fixation: pos = [0, 0]
27.1605 	EXP 	window1: mouseVisible = False
27.1776 	EXP 	rotated_fixation: opacity = 1
27.1776 	EXP 	rotated_fixation: pos = [0, 0]
27.1791 	EXP 	window1: mouseVisible = False
27.2011 	EXP 	rotated_fixation: opacity = 1
27.2011 	EXP 	rotated_fixation: pos = [0, 0]
27.2019 	EXP 	window1: mouseVisible = False
27.2242 	EXP 	rotated_fixation: opacity = 1
27.2242 	EXP 	rotated_fixation: pos = [0, 0]
27.2250 	EXP 	window1: mouseVisible = False
27.2389 	EXP 	rotated_fixation: opacity = 1
27.2389 	EXP 	rotated_fixation: pos = [0, 0]
27.2394 	EXP 	window1: mouseVisible = False
27.2546 	EXP 	rotated_fixation: opacity = 1
27.2546 	EXP 	rotated_fixation: pos = [0, 0]
27.2554 	EXP 	window1: mouseVisible = False
27.2816 	EXP 	rotated_fixation: opacity = 1
27.2816 	EXP 	rotated_fixation: pos = [0, 0]
27.2821 	EXP 	window1: mouseVisible = False
27.2882 	EXP 	rotated_fixation: opacity = 1
27.2882 	EXP 	rotated_fixation: pos = [0, 0]
27.2884 	EXP 	window1: mouseVisible = False
27.3038 	EXP 	rotated_fixation: opacity = 1
27.3038 	EXP 	rotated_fixation: pos = [0, 0]
27.3042 	EXP 	window1: mouseVisible = False
27.3213 	EXP 	rotated_fixation: opacity = 1
27.3213 	EXP 	rotated_fixation: pos = [0, 0]
27.3220 	EXP 	window1: mouseVisible = False
27.3415 	EXP 	rotated_fixation: opacity = 1
27.3415 	EXP 	rotated_fixation: pos = [0, 0]
27.3427 	EXP 	window1: mouseVisible = False
27.3588 	EXP 	rotated_fixation: opacity = 1
27.3588 	EXP 	rotated_fixation: pos = [0, 0]
27.3595 	EXP 	window1: mouseVisible = False
27.3773 	EXP 	rotated_fixation: opacity = 1
27.3773 	EXP 	rotated_fixation: pos = [0, 0]
27.3782 	EXP 	window1: mouseVisible = False
27.3909 	EXP 	rotated_fixation: opacity = 1
27.3909 	EXP 	rotated_fixation: pos = [0, 0]
27.3917 	EXP 	window1: mouseVisible = False
27.4071 	EXP 	rotated_fixation: opacity = 1
27.4071 	EXP 	rotated_fixation: pos = [0, 0]
27.4075 	EXP 	window1: mouseVisible = False
27.4226 	EXP 	rotated_fixation: opacity = 1
27.4226 	EXP 	rotated_fixation: pos = [0, 0]
27.4237 	EXP 	window1: mouseVisible = False
27.4432 	EXP 	rotated_fixation: opacity = 1
27.4432 	EXP 	rotated_fixation: pos = [0, 0]
27.4443 	EXP 	window1: mouseVisible = False
27.4674 	EXP 	rotated_fixation: opacity = 1
27.4674 	EXP 	rotated_fixation: pos = [0, 0]
27.4683 	EXP 	window1: mouseVisible = False
27.4809 	EXP 	rotated_fixation: opacity = 1
27.4809 	EXP 	rotated_fixation: pos = [0, 0]
27.4819 	EXP 	window1: mouseVisible = False
27.5115 	EXP 	rotated_fixation: opacity = 1
27.5115 	EXP 	rotated_fixation: pos = [0, 0]
27.5118 	EXP 	window1: mouseVisible = False
27.5230 	EXP 	rotated_fixation: opacity = 1
27.5230 	EXP 	rotated_fixation: pos = [0, 0]
27.5237 	EXP 	window1: mouseVisible = False
27.5389 	EXP 	rotated_fixation: opacity = 1
27.5389 	EXP 	rotated_fixation: pos = [0, 0]
27.5395 	EXP 	window1: mouseVisible = False
27.5581 	EXP 	rotated_fixation: opacity = 1
27.5581 	EXP 	rotated_fixation: pos = [0, 0]
27.5593 	EXP 	window1: mouseVisible = False
27.5726 	EXP 	rotated_fixation: opacity = 1
27.5726 	EXP 	rotated_fixation: pos = [0, 0]
27.5732 	EXP 	window1: mouseVisible = False
27.5901 	EXP 	rotated_fixation: opacity = 1
27.5901 	EXP 	rotated_fixation: pos = [0, 0]
27.5911 	EXP 	window1: mouseVisible = False
27.6071 	EXP 	rotated_fixation: opacity = 1
27.6071 	EXP 	rotated_fixation: pos = [0, 0]
27.6078 	EXP 	window1: mouseVisible = False
27.6231 	EXP 	rotated_fixation: opacity = 1
27.6231 	EXP 	rotated_fixation: pos = [0, 0]
27.6235 	EXP 	window1: mouseVisible = False
27.6394 	EXP 	rotated_fixation: opacity = 1
27.6394 	EXP 	rotated_fixation: pos = [0, 0]
27.6398 	EXP 	window1: mouseVisible = False
27.6601 	EXP 	rotated_fixation: opacity = 1
27.6601 	EXP 	rotated_fixation: pos = [0, 0]
27.6609 	EXP 	window1: mouseVisible = False
27.6714 	EXP 	rotated_fixation: opacity = 1
27.6714 	EXP 	rotated_fixation: pos = [0, 0]
27.6723 	EXP 	window1: mouseVisible = False
27.6902 	EXP 	rotated_fixation: opacity = 1
27.6902 	EXP 	rotated_fixation: pos = [0, 0]
27.6908 	EXP 	window1: mouseVisible = False
27.7035 	EXP 	rotated_fixation: opacity = 1
27.7035 	EXP 	rotated_fixation: pos = [0, 0]
27.7037 	EXP 	window1: mouseVisible = False
27.7192 	EXP 	rotated_fixation: opacity = 1
27.7192 	EXP 	rotated_fixation: pos = [0, 0]
27.7195 	EXP 	window1: mouseVisible = False
27.7361 	EXP 	rotated_fixation: opacity = 1
27.7361 	EXP 	rotated_fixation: pos = [0, 0]
27.7367 	EXP 	window1: mouseVisible = False
27.7575 	EXP 	rotated_fixation: opacity = 1
27.7575 	EXP 	rotated_fixation: pos = [0, 0]
27.7584 	EXP 	window1: mouseVisible = False
27.7753 	EXP 	rotated_fixation: opacity = 1
27.7753 	EXP 	rotated_fixation: pos = [0, 0]
27.7763 	EXP 	window1: mouseVisible = False
27.7911 	EXP 	rotated_fixation: opacity = 1
27.7911 	EXP 	rotated_fixation: pos = [0, 0]
27.7918 	EXP 	window1: mouseVisible = False
27.8041 	EXP 	rotated_fixation: opacity = 1
27.8041 	EXP 	rotated_fixation: pos = [0, 0]
27.8044 	EXP 	window1: mouseVisible = False
27.8212 	EXP 	rotated_fixation: opacity = 1
27.8212 	EXP 	rotated_fixation: pos = [0, 0]
27.8216 	EXP 	window1: mouseVisible = False
27.8388 	EXP 	rotated_fixation: opacity = 1
27.8388 	EXP 	rotated_fixation: pos = [0, 0]
27.8394 	EXP 	window1: mouseVisible = False
27.8608 	EXP 	rotated_fixation: opacity = 1
27.8608 	EXP 	rotated_fixation: pos = [0, 0]
27.8612 	EXP 	window1: mouseVisible = False
27.8758 	EXP 	rotated_fixation: opacity = 1
27.8758 	EXP 	rotated_fixation: pos = [0, 0]
27.8769 	EXP 	window1: mouseVisible = False
27.9026 	EXP 	rotated_fixation: opacity = 1
27.9026 	EXP 	rotated_fixation: pos = [0, 0]
27.9032 	EXP 	window1: mouseVisible = False
27.9218 	EXP 	rotated_fixation: opacity = 1
27.9218 	EXP 	rotated_fixation: pos = [0, 0]
27.9232 	EXP 	window1: mouseVisible = False
27.9396 	EXP 	rotated_fixation: opacity = 1
27.9396 	EXP 	rotated_fixation: pos = [0, 0]
27.9420 	EXP 	window1: mouseVisible = False
27.9660 	EXP 	rotated_fixation: opacity = 1
27.9660 	EXP 	rotated_fixation: pos = [0, 0]
27.9668 	EXP 	window1: mouseVisible = False
27.9890 	EXP 	rotated_fixation: opacity = 1
27.9890 	EXP 	rotated_fixation: pos = [0, 0]
27.9896 	EXP 	window1: mouseVisible = False
28.0020 	EXP 	rotated_fixation: opacity = 1
28.0020 	EXP 	rotated_fixation: pos = [0, 0]
28.0024 	EXP 	window1: mouseVisible = False
28.0211 	EXP 	rotated_fixation: opacity = 1
28.0211 	EXP 	rotated_fixation: pos = [0, 0]
28.0219 	EXP 	window1: mouseVisible = False
28.0464 	EXP 	rotated_fixation: opacity = 1
28.0464 	EXP 	rotated_fixation: pos = [0, 0]
28.0477 	EXP 	window1: mouseVisible = False
28.0616 	EXP 	rotated_fixation: opacity = 1
28.0616 	EXP 	rotated_fixation: pos = [0, 0]
28.0623 	EXP 	window1: mouseVisible = False
28.0836 	EXP 	rotated_fixation: opacity = 1
28.0836 	EXP 	rotated_fixation: pos = [0, 0]
28.0849 	EXP 	window1: mouseVisible = False
28.1108 	EXP 	rotated_fixation: opacity = 1
28.1108 	EXP 	rotated_fixation: pos = [0, 0]
28.1112 	EXP 	window1: mouseVisible = False
28.1211 	EXP 	rotated_fixation: opacity = 1
28.1211 	EXP 	rotated_fixation: pos = [0, 0]
28.1217 	EXP 	window1: mouseVisible = False
28.1400 	EXP 	rotated_fixation: opacity = 1
28.1400 	EXP 	rotated_fixation: pos = [0, 0]
28.1403 	EXP 	window1: mouseVisible = False
28.1580 	EXP 	rotated_fixation: opacity = 1
28.1580 	EXP 	rotated_fixation: pos = [0, 0]
28.1592 	EXP 	window1: mouseVisible = False
28.1787 	EXP 	rotated_fixation: opacity = 1
28.1787 	EXP 	rotated_fixation: pos = [0, 0]
28.1798 	EXP 	window1: mouseVisible = False
28.2101 	EXP 	rotated_fixation: opacity = 1
28.2101 	EXP 	rotated_fixation: pos = [0, 0]
28.2110 	EXP 	window1: mouseVisible = False
28.2251 	EXP 	rotated_fixation: opacity = 1
28.2251 	EXP 	rotated_fixation: pos = [0, 0]
28.2262 	EXP 	window1: mouseVisible = False
28.2421 	EXP 	rotated_target: autoDraw = True
28.2421 	EXP 	rotated_fixation: opacity = 1
28.2421 	EXP 	rotated_fixation: pos = [0, 0]
28.2429 	EXP 	window1: mouseVisible = False
28.2557 	EXP 	rotated_fixation: opacity = 1
28.2557 	EXP 	rotated_fixation: pos = [0, 0]
28.2569 	EXP 	window1: mouseVisible = False
28.2702 	EXP 	rotated_fixation: opacity = 1
28.2702 	EXP 	rotated_fixation: pos = [0, 0]
28.2716 	EXP 	window1: mouseVisible = False
28.2875 	EXP 	rotated_fixation: opacity = 1
28.2875 	EXP 	rotated_fixation: pos = [0, 0]
28.2890 	EXP 	window1: mouseVisible = False
28.3046 	EXP 	rotated_fixation: opacity = 1
28.3046 	EXP 	rotated_fixation: pos = [0, 0]
28.3054 	EXP 	window1: mouseVisible = False
28.3204 	EXP 	rotated_fixation: opacity = 1
28.3204 	EXP 	rotated_fixation: pos = [0, 0]
28.3214 	EXP 	window1: mouseVisible = False
28.3420 	EXP 	rotated_fixation: opacity = 1
28.3420 	EXP 	rotated_fixation: pos = [0, 0]
28.3432 	EXP 	window1: mouseVisible = False
28.3566 	EXP 	rotated_fixation: opacity = 1
28.3566 	EXP 	rotated_fixation: pos = [0, 0]
28.3575 	EXP 	window1: mouseVisible = False
28.3730 	EXP 	rotated_fixation: opacity = 1
28.3730 	EXP 	rotated_fixation: pos = [0, 0]
28.3743 	EXP 	window1: mouseVisible = False
28.3885 	EXP 	rotated_fixation: opacity = 1
28.3885 	EXP 	rotated_fixation: pos = [0, 0]
28.3905 	EXP 	window1: mouseVisible = False
28.4072 	EXP 	rotated_fixation: opacity = 1
28.4072 	EXP 	rotated_fixation: pos = [0, 0]
28.4083 	EXP 	window1: mouseVisible = False
28.4215 	EXP 	rotated_fixation: opacity = 1
28.4215 	EXP 	rotated_fixation: pos = [0, 0]
28.4227 	EXP 	window1: mouseVisible = False
28.4413 	EXP 	rotated_fixation: opacity = 1
28.4413 	EXP 	rotated_fixation: pos = [0, 0]
28.4424 	EXP 	window1: mouseVisible = False
28.4539 	EXP 	rotated_fixation: opacity = 1
28.4539 	EXP 	rotated_fixation: pos = [0, 0]
28.4546 	EXP 	window1: mouseVisible = False
28.4695 	EXP 	rotated_fixation: opacity = 1
28.4695 	EXP 	rotated_fixation: pos = [0, 0]
28.4708 	EXP 	window1: mouseVisible = False
28.4889 	EXP 	rotated_fixation: opacity = 1
28.4889 	EXP 	rotated_fixation: pos = [0, 0]
28.4897 	EXP 	window1: mouseVisible = False
28.5126 	EXP 	rotated_fixation: opacity = 1
28.5126 	EXP 	rotated_fixation: pos = [0, 0]
28.5142 	EXP 	window1: mouseVisible = False
28.5239 	EXP 	rotated_fixation: opacity = 1
28.5239 	EXP 	rotated_fixation: pos = [0, 0]
28.5250 	EXP 	window1: mouseVisible = False
28.5408 	EXP 	rotated_fixation: opacity = 1
28.5408 	EXP 	rotated_fixation: pos = [0, 0]
28.5422 	EXP 	window1: mouseVisible = False
28.5570 	EXP 	rotated_fixation: opacity = 1
28.5570 	EXP 	rotated_fixation: pos = [0, 0]
28.5595 	EXP 	window1: mouseVisible = False
28.5830 	EXP 	rotated_fixation: opacity = 1
28.5830 	EXP 	rotated_fixation: pos = [0, 0]
28.5842 	EXP 	window1: mouseVisible = False
28.5903 	EXP 	rotated_fixation: opacity = 1
28.5903 	EXP 	rotated_fixation: pos = [0, 0]
28.5907 	EXP 	window1: mouseVisible = False
28.6032 	EXP 	rotated_fixation: opacity = 1
28.6032 	EXP 	rotated_fixation: pos = [0, 0]
28.6041 	EXP 	window1: mouseVisible = False
28.6217 	EXP 	rotated_fixation: opacity = 1
28.6217 	EXP 	rotated_fixation: pos = [0, 0]
28.6230 	EXP 	window1: mouseVisible = False
28.6413 	EXP 	rotated_fixation: opacity = 1
28.6413 	EXP 	rotated_fixation: pos = [0, 0]
28.6424 	EXP 	window1: mouseVisible = False
28.6545 	EXP 	rotated_fixation: opacity = 1
28.6545 	EXP 	rotated_fixation: pos = [0, 0]
28.6551 	EXP 	window1: mouseVisible = False
28.6720 	EXP 	rotated_fixation: opacity = 1
28.6720 	EXP 	rotated_fixation: pos = [0, 0]
28.6743 	EXP 	window1: mouseVisible = False
28.6937 	EXP 	rotated_fixation: opacity = 1
28.6937 	EXP 	rotated_fixation: pos = [0, 0]
28.6955 	EXP 	window1: mouseVisible = False
28.7069 	EXP 	rotated_fixation: opacity = 1
28.7069 	EXP 	rotated_fixation: pos = [0, 0]
28.7081 	EXP 	window1: mouseVisible = False
28.7122 	DATA 	Mouse: Left button down, pos=(960,540)
28.7272 	EXP 	rotated_fixation: opacity = 1
28.7272 	EXP 	rotated_fixation: pos = [0, 0]
28.7279 	EXP 	window1: mouseVisible = False
28.7385 	EXP 	rotated_fixation: opacity = 0
28.7391 	EXP 	window1: mouseVisible = False
28.7526 	EXP 	rotated_fixation: opacity = 0
28.7530 	EXP 	window1: mouseVisible = False
28.7688 	EXP 	rotated_fixation: opacity = 0
28.7692 	EXP 	window1: mouseVisible = False
28.7853 	EXP 	rotated_fixation: opacity = 0
28.7858 	EXP 	window1: mouseVisible = False
28.8020 	EXP 	rotated_fixation: opacity = 0
28.8024 	EXP 	window1: mouseVisible = False
28.8191 	EXP 	rotated_fixation: opacity = 0
28.8195 	EXP 	window1: mouseVisible = False
28.8365 	EXP 	rotated_fixation: opacity = 0
28.8370 	EXP 	window1: mouseVisible = False
28.8529 	EXP 	rotated_fixation: opacity = 0
28.8539 	EXP 	window1: mouseVisible = False
28.8726 	EXP 	rotated_fixation: opacity = 0
28.8733 	EXP 	window1: mouseVisible = False
28.8881 	EXP 	rotated_fixation: opacity = 0
28.8904 	EXP 	window1: mouseVisible = False
28.9106 	EXP 	rotated_fixation: opacity = 0
28.9122 	EXP 	window1: mouseVisible = False
28.9313 	EXP 	rotated_fixation: opacity = 0
28.9329 	EXP 	window1: mouseVisible = False
28.9454 	EXP 	rotated_fixation: opacity = 0
28.9473 	EXP 	window1: mouseVisible = False
28.9718 	EXP 	rotated_fixation: opacity = 0
28.9727 	EXP 	window1: mouseVisible = False
28.9907 	EXP 	rotated_fixation: opacity = 0
28.9928 	EXP 	window1: mouseVisible = False
29.0110 	EXP 	rotated_fixation: opacity = 0
29.0138 	EXP 	window1: mouseVisible = False
29.0301 	EXP 	rotated_fixation: opacity = 0
29.0322 	EXP 	window1: mouseVisible = False
29.0530 	EXP 	rotated_fixation: opacity = 0
29.0544 	EXP 	window1: mouseVisible = False
29.0754 	EXP 	rotated_fixation: opacity = 0
29.0774 	EXP 	window1: mouseVisible = False
29.0916 	EXP 	rotated_fixation: opacity = 0
29.0943 	EXP 	window1: mouseVisible = False
29.1261 	EXP 	rotated_fixation: opacity = 0
29.1268 	EXP 	window1: mouseVisible = False
29.1383 	EXP 	rotated_fixation: opacity = 0
29.1396 	EXP 	window1: mouseVisible = False
29.1530 	EXP 	rotated_fixation: opacity = 0
29.1541 	EXP 	window1: mouseVisible = False
29.1728 	EXP 	rotated_fixation: opacity = 0
29.1749 	EXP 	window1: mouseVisible = False
29.1916 	EXP 	rotated_fixation: opacity = 0
29.1935 	EXP 	window1: mouseVisible = False
29.2084 	EXP 	rotated_fixation: opacity = 0
29.2096 	EXP 	window1: mouseVisible = False
29.2430 	EXP 	rotated_fixation: opacity = 0
29.2453 	EXP 	window1: mouseVisible = False
29.2641 	EXP 	rotated_fixation: opacity = 0
29.2677 	EXP 	window1: mouseVisible = False
29.2875 	EXP 	rotated_fixation: opacity = 0
29.2875 	EXP 	rotated_fixation: pos = [-0.2722222222222222, -0.32037037037037036]
29.2875 	EXP 	rotated_fixation: opacity = 1
29.2875 	EXP 	rotated_enclosing_1: autoDraw = False
29.2875 	EXP 	rotated_enclosing: autoDraw = False
29.2875 	EXP 	rotated_target: autoDraw = False
29.2875 	EXP 	rotated_fixation: autoDraw = False
29.2875 	EXP 	rotated_fixation: opacity = 1
29.2875 	EXP 	rotated_target_feedback: pos = array([-0.3, -0.3])
29.2875 	EXP 	rotated_fixation_feedback: pos = array([-0.27222222, -0.32037037])
29.2875 	EXP 	rotated_score_text: text = 'Your score: 10'
29.2875 	EXP 	rotated_enclosing_feedback_1: autoDraw = True
29.2875 	EXP 	rotated_enclosing_feedback: autoDraw = True
29.2875 	EXP 	rotated_target_feedback: autoDraw = True
29.2875 	EXP 	rotated_fixation_feedback: autoDraw = True
29.2875 	EXP 	rotated_score_text: autoDraw = True
29.7907 	EXP 	rotated_fixation_feedback: autoDraw = False
30.2770 	EXP 	New trial (rep=0, index=2): OrderedDict([('target_x', -0.3), ('target_y', 0.3), ('rotation', 0)])
30.2777 	EXP 	window1: mouseVisible = False
30.3003 	EXP 	rotated_enclosing_feedback_1: autoDraw = False
30.3003 	EXP 	rotated_enclosing_feedback: autoDraw = False
30.3003 	EXP 	rotated_target_feedback: autoDraw = False
30.3003 	EXP 	rotated_score_text: autoDraw = False
30.3003 	EXP 	rotated_enclosing_feedback_1: autoDraw = False
30.3003 	EXP 	rotated_enclosing_feedback: autoDraw = False
30.3003 	EXP 	rotated_target_feedback: autoDraw = False
30.3003 	EXP 	rotated_fixation_feedback: autoDraw = False
30.3003 	EXP 	rotated_score_text: autoDraw = False
30.3003 	EXP 	rotated_fixation: opacity = 1
30.3003 	EXP 	rotated_fixation: pos = [0, 0]
30.3003 	EXP 	rotated_enclosing_1: autoDraw = True
30.3003 	EXP 	rotated_enclosing: autoDraw = True
30.3003 	EXP 	rotated_fixation: autoDraw = True
30.3003 	EXP 	rotated_fixation: opacity = 0
30.3007 	EXP 	window1: mouseVisible = False
30.3173 	EXP 	rotated_fixation: opacity = 0
30.3176 	EXP 	window1: mouseVisible = False
30.3349 	EXP 	rotated_fixation: opacity = 0
30.3353 	EXP 	window1: mouseVisible = False
30.3581 	EXP 	rotated_fixation: opacity = 0
30.3588 	EXP 	window1: mouseVisible = False
30.3820 	EXP 	rotated_fixation: opacity = 0
30.3831 	EXP 	window1: mouseVisible = False
30.4083 	EXP 	rotated_fixation: opacity = 0
30.4088 	EXP 	window1: mouseVisible = False
30.4246 	EXP 	rotated_fixation: opacity = 0
30.4252 	EXP 	window1: mouseVisible = False
30.4382 	EXP 	rotated_fixation: opacity = 0
30.4387 	EXP 	window1: mouseVisible = False
30.4524 	EXP 	rotated_fixation: opacity = 0
30.4529 	EXP 	window1: mouseVisible = False
30.4697 	EXP 	rotated_fixation: opacity = 0
30.4703 	EXP 	window1: mouseVisible = False
30.4947 	EXP 	rotated_fixation: opacity = 0
30.4955 	EXP 	window1: mouseVisible = False
30.5042 	EXP 	rotated_fixation: opacity = 0
30.5049 	EXP 	window1: mouseVisible = False
30.5240 	EXP 	rotated_fixation: opacity = 0
30.5247 	EXP 	window1: mouseVisible = False
30.5405 	EXP 	rotated_fixation: opacity = 0
30.5413 	EXP 	window1: mouseVisible = False
30.5605 	EXP 	rotated_fixation: opacity = 0
30.5620 	EXP 	window1: mouseVisible = False
30.5689 	DATA 	Mouse:  Left button up, pos=(1456,116)
30.5758 	EXP 	rotated_fixation: opacity = 0
30.5766 	EXP 	window1: mouseVisible = False
30.5997 	EXP 	rotated_fixation: opacity = 1
30.5997 	EXP 	rotated_fixation: pos = [0, 0]
30.6004 	EXP 	window1: mouseVisible = False
30.6162 	EXP 	rotated_fixation: opacity = 1
30.6162 	EXP 	rotated_fixation: pos = [0, 0]
30.6164 	EXP 	window1: mouseVisible = False
30.6335 	EXP 	rotated_fixation: opacity = 1
30.6335 	EXP 	rotated_fixation: pos = [0, 0]
30.6343 	EXP 	window1: mouseVisible = False
30.6598 	EXP 	rotated_fixation: opacity = 1
30.6598 	EXP 	rotated_fixation: pos = [0, 0]
30.6609 	EXP 	window1: mouseVisible = False
30.6707 	EXP 	rotated_fixation: opacity = 1
30.6707 	EXP 	rotated_fixation: pos = [0, 0]
30.6716 	EXP 	window1: mouseVisible = False
30.6905 	EXP 	rotated_fixation: opacity = 1
30.6905 	EXP 	rotated_fixation: pos = [0, 0]
30.6914 	EXP 	window1: mouseVisible = False
30.7036 	EXP 	rotated_fixation: opacity = 1
30.7036 	EXP 	rotated_fixation: pos = [0, 0]
30.7045 	EXP 	window1: mouseVisible = False
30.7200 	EXP 	rotated_fixation: opacity = 1
30.7200 	EXP 	rotated_fixation: pos = [0, 0]
30.7205 	EXP 	window1: mouseVisible = False
30.7393 	EXP 	rotated_fixation: opacity = 1
30.7393 	EXP 	rotated_fixation: pos = [0, 0]
30.7400 	EXP 	window1: mouseVisible = False
30.7516 	EXP 	rotated_fixation: opacity = 1
30.7516 	EXP 	rotated_fixation: pos = [0, 0]
30.7521 	EXP 	window1: mouseVisible = False
30.7696 	EXP 	rotated_fixation: opacity = 1
30.7696 	EXP 	rotated_fixation: pos = [0, 0]
30.7702 	EXP 	window1: mouseVisible = False
30.7881 	EXP 	rotated_fixation: opacity = 1
30.7881 	EXP 	rotated_fixation: pos = [0, 0]
30.7887 	EXP 	window1: mouseVisible = False
30.8043 	EXP 	rotated_fixation: opacity = 1
30.8043 	EXP 	rotated_fixation: pos = [0, 0]
30.8049 	EXP 	window1: mouseVisible = False
30.8206 	EXP 	rotated_fixation: opacity = 1
30.8206 	EXP 	rotated_fixation: pos = [0, 0]
30.8209 	EXP 	window1: mouseVisible = False
30.8373 	EXP 	rotated_fixation: opacity = 1
30.8373 	EXP 	rotated_fixation: pos = [0, 0]
30.8379 	EXP 	window1: mouseVisible = False
30.8545 	EXP 	rotated_fixation: opacity = 1
30.8545 	EXP 	rotated_fixation: pos = [0, 0]
30.8549 	EXP 	window1: mouseVisible = False
30.8699 	EXP 	rotated_fixation: opacity = 1
30.8699 	EXP 	rotated_fixation: pos = [0, 0]
30.8705 	EXP 	window1: mouseVisible = False
30.8920 	EXP 	rotated_fixation: opacity = 1
30.8920 	EXP 	rotated_fixation: pos = [0, 0]
30.8923 	EXP 	window1: mouseVisible = False
30.9038 	EXP 	rotated_fixation: opacity = 1
30.9038 	EXP 	rotated_fixation: pos = [0, 0]
30.9045 	EXP 	window1: mouseVisible = False
30.9189 	EXP 	rotated_fixation: opacity = 1
30.9189 	EXP 	rotated_fixation: pos = [0, 0]
30.9194 	EXP 	window1: mouseVisible = False
30.9365 	EXP 	rotated_fixation: opacity = 1
30.9365 	EXP 	rotated_fixation: pos = [0, 0]
30.9374 	EXP 	window1: mouseVisible = False
30.9546 	EXP 	rotated_fixation: opacity = 1
30.9546 	EXP 	rotated_fixation: pos = [0, 0]
30.9557 	EXP 	window1: mouseVisible = False
30.9753 	EXP 	rotated_fixation: opacity = 1
30.9753 	EXP 	rotated_fixation: pos = [0, 0]
30.9765 	EXP 	window1: mouseVisible = False
30.9921 	EXP 	rotated_fixation: opacity = 1
30.9921 	EXP 	rotated_fixation: pos = [0, 0]
30.9927 	EXP 	window1: mouseVisible = False
31.0184 	EXP 	rotated_fixation: opacity = 1
31.0184 	EXP 	rotated_fixation: pos = [0, 0]
31.0192 	EXP 	window1: mouseVisible = False
31.0366 	EXP 	rotated_fixation: opacity = 1
31.0366 	EXP 	rotated_fixation: pos = [0, 0]
31.0370 	EXP 	window1: mouseVisible = False
31.0571 	EXP 	rotated_fixation: opacity = 1
31.0571 	EXP 	rotated_fixation: pos = [0, 0]
31.0585 	EXP 	window1: mouseVisible = False
31.0890 	EXP 	rotated_fixation: opacity = 1
31.0890 	EXP 	rotated_fixation: pos = [0, 0]
31.0898 	EXP 	window1: mouseVisible = False
31.1015 	EXP 	rotated_fixation: opacity = 1
31.1015 	EXP 	rotated_fixation: pos = [0, 0]
31.1021 	EXP 	window1: mouseVisible = False
31.1167 	EXP 	rotated_fixation: opacity = 1
31.1167 	EXP 	rotated_fixation: pos = [0, 0]
31.1171 	EXP 	window1: mouseVisible = False
31.1403 	EXP 	rotated_fixation: opacity = 1
31.1403 	EXP 	rotated_fixation: pos = [0, 0]
31.1414 	EXP 	window1: mouseVisible = False
31.1581 	EXP 	rotated_fixation: opacity = 1
31.1581 	EXP 	rotated_fixation: pos = [0, 0]
31.1590 	EXP 	window1: mouseVisible = False
31.1717 	EXP 	rotated_fixation: opacity = 1
31.1717 	EXP 	rotated_fixation: pos = [0, 0]
31.1728 	EXP 	window1: mouseVisible = False
31.1940 	EXP 	rotated_fixation: opacity = 1
31.1940 	EXP 	rotated_fixation: pos = [0, 0]
31.1947 	EXP 	window1: mouseVisible = False
31.2014 	EXP 	rotated_fixation: opacity = 1
31.2014 	EXP 	rotated_fixation: pos = [0, 0]
31.2018 	EXP 	window1: mouseVisible = False
31.2205 	EXP 	rotated_fixation: opacity = 1
31.2205 	EXP 	rotated_fixation: pos = [0, 0]
31.2210 	EXP 	window1: mouseVisible = False
31.2382 	EXP 	rotated_fixation: opacity = 1
31.2382 	EXP 	rotated_fixation: pos = [0, 0]
31.2388 	EXP 	window1: mouseVisible = False
31.2551 	EXP 	rotated_fixation: opacity = 1
31.2551 	EXP 	rotated_fixation: pos = [0, 0]
31.2557 	EXP 	window1: mouseVisible = False
31.2675 	EXP 	rotated_fixation: opacity = 1
31.2675 	EXP 	rotated_fixation: pos = [0, 0]
31.2681 	EXP 	window1: mouseVisible = False
31.2916 	EXP 	rotated_fixation: opacity = 1
31.2916 	EXP 	rotated_fixation: pos = [0, 0]
31.2924 	EXP 	window1: mouseVisible = False
31.3065 	EXP 	rotated_fixation: opacity = 1
31.3065 	EXP 	rotated_fixation: pos = [0, 0]
31.3076 	EXP 	window1: mouseVisible = False
31.3267 	EXP 	rotated_fixation: opacity = 1
31.3267 	EXP 	rotated_fixation: pos = [0, 0]
31.3275 	EXP 	window1: mouseVisible = False
31.3337 	EXP 	rotated_fixation: opacity = 1
31.3337 	EXP 	rotated_fixation: pos = [0, 0]
31.3342 	EXP 	window1: mouseVisible = False
31.3530 	EXP 	rotated_fixation: opacity = 1
31.3530 	EXP 	rotated_fixation: pos = [0, 0]
31.3543 	EXP 	window1: mouseVisible = False
31.3708 	EXP 	rotated_fixation: opacity = 1
31.3708 	EXP 	rotated_fixation: pos = [0, 0]
31.3722 	EXP 	window1: mouseVisible = False
31.3935 	EXP 	rotated_fixation: opacity = 1
31.3935 	EXP 	rotated_fixation: pos = [0, 0]
31.3945 	EXP 	window1: mouseVisible = False
31.4063 	EXP 	rotated_target: autoDraw = True
31.4063 	EXP 	rotated_fixation: opacity = 1
31.4063 	EXP 	rotated_fixation: pos = [0, 0]
31.4075 	EXP 	window1: mouseVisible = False
31.4242 	EXP 	rotated_fixation: opacity = 1
31.4242 	EXP 	rotated_fixation: pos = [0, 0]
31.4249 	EXP 	window1: mouseVisible = False
31.4397 	EXP 	rotated_fixation: opacity = 1
31.4397 	EXP 	rotated_fixation: pos = [0, 0]
31.4418 	EXP 	window1: mouseVisible = False
31.4589 	EXP 	rotated_fixation: opacity = 1
31.4589 	EXP 	rotated_fixation: pos = [0, 0]
31.4603 	EXP 	window1: mouseVisible = False
31.4809 	EXP 	rotated_fixation: opacity = 1
31.4809 	EXP 	rotated_fixation: pos = [0, 0]
31.4826 	EXP 	window1: mouseVisible = False
31.5031 	EXP 	rotated_fixation: opacity = 1
31.5031 	EXP 	rotated_fixation: pos = [0, 0]
31.5040 	EXP 	window1: mouseVisible = False
31.5247 	EXP 	rotated_fixation: opacity = 1
31.5247 	EXP 	rotated_fixation: pos = [0, 0]
31.5270 	EXP 	window1: mouseVisible = False
31.5388 	EXP 	rotated_fixation: opacity = 1
31.5388 	EXP 	rotated_fixation: pos = [0, 0]
31.5393 	EXP 	window1: mouseVisible = False
31.5506 	EXP 	rotated_fixation: opacity = 1
31.5506 	EXP 	rotated_fixation: pos = [0, 0]
31.5512 	EXP 	window1: mouseVisible = False
31.5662 	EXP 	rotated_fixation: opacity = 1
31.5662 	EXP 	rotated_fixation: pos = [0, 0]
31.5673 	EXP 	window1: mouseVisible = False
31.5845 	EXP 	rotated_fixation: opacity = 1
31.5845 	EXP 	rotated_fixation: pos = [0, 0]
31.5861 	EXP 	window1: mouseVisible = False
31.6049 	EXP 	rotated_fixation: opacity = 1
31.6049 	EXP 	rotated_fixation: pos = [0, 0]
31.6064 	EXP 	window1: mouseVisible = False
31.6209 	EXP 	rotated_fixation: opacity = 1
31.6209 	EXP 	rotated_fixation: pos = [0, 0]
31.6215 	EXP 	window1: mouseVisible = False
31.6337 	EXP 	rotated_fixation: opacity = 1
31.6337 	EXP 	rotated_fixation: pos = [0, 0]
31.6344 	EXP 	window1: mouseVisible = False
31.6505 	EXP 	rotated_fixation: opacity = 1
31.6505 	EXP 	rotated_fixation: pos = [0, 0]
31.6518 	EXP 	window1: mouseVisible = False
31.6720 	EXP 	rotated_fixation: opacity = 1
31.6720 	EXP 	rotated_fixation: pos = [0, 0]
31.6731 	EXP 	window1: mouseVisible = False
31.6854 	EXP 	rotated_fixation: opacity = 1
31.6854 	EXP 	rotated_fixation: pos = [0, 0]
31.6877 	EXP 	window1: mouseVisible = False
31.7079 	EXP 	rotated_fixation: opacity = 1
31.7079 	EXP 	rotated_fixation: pos = [0, 0]
31.7100 	EXP 	window1: mouseVisible = False
31.7273 	EXP 	rotated_fixation: opacity = 1
31.7273 	EXP 	rotated_fixation: pos = [0, 0]
31.7299 	EXP 	window1: mouseVisible = False
31.7392 	EXP 	rotated_fixation: opacity = 1
31.7392 	EXP 	rotated_fixation: pos = [0, 0]
31.7403 	EXP 	window1: mouseVisible = False
31.7541 	EXP 	rotated_fixation: opacity = 1
31.7541 	EXP 	rotated_fixation: pos = [0, 0]
31.7550 	EXP 	window1: mouseVisible = False
31.7702 	EXP 	rotated_fixation: opacity = 1
31.7702 	EXP 	rotated_fixation: pos = [0, 0]
31.7718 	EXP 	window1: mouseVisible = False
31.7850 	EXP 	rotated_fixation: opacity = 1
31.7850 	EXP 	rotated_fixation: pos = [0, 0]
31.7862 	EXP 	window1: mouseVisible = False
31.8039 	EXP 	rotated_fixation: opacity = 1
31.8039 	EXP 	rotated_fixation: pos = [0, 0]
31.8053 	EXP 	window1: mouseVisible = False
31.8184 	EXP 	rotated_fixation: opacity = 1
31.8184 	EXP 	rotated_fixation: pos = [0, 0]
31.8195 	EXP 	window1: mouseVisible = False
31.8381 	EXP 	rotated_fixation: opacity = 1
31.8381 	EXP 	rotated_fixation: pos = [0, 0]
31.8390 	EXP 	window1: mouseVisible = False
31.8518 	EXP 	rotated_fixation: opacity = 1
31.8518 	EXP 	rotated_fixation: pos = [0, 0]
31.8531 	EXP 	window1: mouseVisible = False
31.8687 	EXP 	rotated_fixation: opacity = 1
31.8687 	EXP 	rotated_fixation: pos = [0, 0]
31.8696 	EXP 	window1: mouseVisible = False
31.8826 	EXP 	rotated_fixation: opacity = 1
31.8826 	EXP 	rotated_fixation: pos = [0, 0]
31.8834 	EXP 	window1: mouseVisible = False
31.9018 	EXP 	rotated_fixation: opacity = 1
31.9018 	EXP 	rotated_fixation: pos = [0, 0]
31.9029 	DATA 	Mouse: Left button down, pos=(960,540)
31.9029 	EXP 	window1: mouseVisible = False
31.9203 	EXP 	rotated_fixation: opacity = 0
31.9213 	EXP 	window1: mouseVisible = False
31.9420 	EXP 	rotated_fixation: opacity = 0
31.9427 	EXP 	window1: mouseVisible = False
31.9500 	EXP 	rotated_fixation: opacity = 0
31.9504 	EXP 	window1: mouseVisible = False
31.9652 	EXP 	rotated_fixation: opacity = 0
31.9657 	EXP 	window1: mouseVisible = False
31.9820 	EXP 	rotated_fixation: opacity = 0
31.9828 	EXP 	window1: mouseVisible = False
31.9999 	EXP 	rotated_fixation: opacity = 0
32.0003 	EXP 	window1: mouseVisible = False
32.0163 	EXP 	rotated_fixation: opacity = 0
32.0168 	EXP 	window1: mouseVisible = False
32.0394 	EXP 	rotated_fixation: opacity = 0
32.0400 	EXP 	window1: mouseVisible = False
32.0512 	EXP 	rotated_fixation: opacity = 0
32.0520 	EXP 	window1: mouseVisible = False
32.0675 	EXP 	rotated_fixation: opacity = 0
32.0682 	EXP 	window1: mouseVisible = False
32.0842 	EXP 	rotated_fixation: opacity = 0
32.0848 	EXP 	window1: mouseVisible = False
32.1013 	EXP 	rotated_fixation: opacity = 0
32.1022 	EXP 	window1: mouseVisible = False
32.1215 	EXP 	rotated_fixation: opacity = 0
32.1221 	EXP 	window1: mouseVisible = False
32.1355 	EXP 	rotated_fixation: opacity = 0
32.1365 	EXP 	window1: mouseVisible = False
32.1520 	EXP 	rotated_fixation: opacity = 0
32.1532 	EXP 	window1: mouseVisible = False
32.1723 	EXP 	rotated_fixation: opacity = 0
32.1730 	EXP 	window1: mouseVisible = False
32.1846 	EXP 	rotated_fixation: opacity = 0
32.1853 	EXP 	window1: mouseVisible = False
32.1989 	EXP 	rotated_fixation: opacity = 0
32.1994 	EXP 	window1: mouseVisible = False
32.2156 	EXP 	rotated_fixation: opacity = 0
32.2162 	EXP 	window1: mouseVisible = False
32.2344 	EXP 	rotated_fixation: opacity = 0
32.2363 	EXP 	window1: mouseVisible = False
32.2538 	EXP 	rotated_fixation: opacity = 0
32.2558 	EXP 	window1: mouseVisible = False
32.2783 	EXP 	rotated_fixation: opacity = 0
32.2801 	EXP 	window1: mouseVisible = False
32.2997 	EXP 	rotated_fixation: opacity = 0
32.3011 	EXP 	window1: mouseVisible = False
32.3154 	EXP 	rotated_fixation: opacity = 0
32.3164 	EXP 	window1: mouseVisible = False
32.3355 	EXP 	rotated_fixation: opacity = 0
32.3378 	EXP 	window1: mouseVisible = False
32.3516 	EXP 	rotated_fixation: opacity = 0
32.3532 	EXP 	window1: mouseVisible = False
32.3747 	EXP 	rotated_fixation: opacity = 0
32.3761 	EXP 	window1: mouseVisible = False
32.3875 	EXP 	rotated_fixation: opacity = 0
32.3883 	EXP 	window1: mouseVisible = False
32.4014 	EXP 	rotated_fixation: opacity = 0
32.4032 	EXP 	window1: mouseVisible = False
32.4186 	EXP 	rotated_fixation: opacity = 0
32.4202 	EXP 	window1: mouseVisible = False
32.4324 	EXP 	rotated_fixation: opacity = 0
32.4338 	EXP 	window1: mouseVisible = False
32.4505 	EXP 	rotated_fixation: opacity = 0
32.4521 	EXP 	window1: mouseVisible = False
32.4726 	EXP 	rotated_fixation: opacity = 0
32.4737 	EXP 	window1: mouseVisible = False
32.4975 	EXP 	rotated_fixation: opacity = 0
32.4999 	EXP 	window1: mouseVisible = False
32.5179 	EXP 	rotated_fixation: opacity = 0
32.5194 	EXP 	window1: mouseVisible = False
32.5363 	EXP 	rotated_fixation: opacity = 0
32.5375 	EXP 	window1: mouseVisible = False
32.5512 	EXP 	rotated_fixation: opacity = 0
32.5518 	EXP 	window1: mouseVisible = False
32.5748 	EXP 	rotated_fixation: opacity = 0
32.5748 	EXP 	rotated_fixation: pos = [0.2833333333333333, 0.30277777777777776]
32.5748 	EXP 	rotated_fixation: opacity = 1
32.5748 	EXP 	rotated_enclosing_1: autoDraw = False
32.5748 	EXP 	rotated_enclosing: autoDraw = False
32.5748 	EXP 	rotated_target: autoDraw = False
32.5748 	EXP 	rotated_fixation: autoDraw = False
32.5748 	EXP 	rotated_fixation: opacity = 1
32.5748 	EXP 	rotated_target_feedback: pos = array([-0.3,  0.3])
32.5748 	EXP 	rotated_fixation_feedback: pos = array([0.28333333, 0.30277778])
32.5748 	EXP 	rotated_score_text: text = 'Your score: 10'
32.5748 	EXP 	rotated_enclosing_feedback_1: autoDraw = True
32.5748 	EXP 	rotated_enclosing_feedback: autoDraw = True
32.5748 	EXP 	rotated_target_feedback: autoDraw = True
32.5748 	EXP 	rotated_fixation_feedback: autoDraw = True
32.5748 	EXP 	rotated_score_text: autoDraw = True
33.0883 	EXP 	rotated_fixation_feedback: autoDraw = False
33.1896 	DATA 	Mouse:  Left button up, pos=(515,955)
33.5615 	EXP 	New trial (rep=0, index=3): OrderedDict([('target_x', -0.3), ('target_y', -0.3), ('rotation', 0)])
33.5620 	EXP 	window1: mouseVisible = False
33.5702 	EXP 	rotated_enclosing_feedback_1: autoDraw = False
33.5702 	EXP 	rotated_enclosing_feedback: autoDraw = False
33.5702 	EXP 	rotated_target_feedback: autoDraw = False
33.5702 	EXP 	rotated_fixation_feedback: autoDraw = False
33.5702 	EXP 	rotated_score_text: autoDraw = False
33.5702 	EXP 	rotated_fixation: opacity = 1
33.5702 	EXP 	rotated_fixation: pos = [0, 0]
33.5702 	EXP 	rotated_enclosing_1: autoDraw = True
33.5702 	EXP 	rotated_enclosing: autoDraw = True
33.5702 	EXP 	rotated_fixation: autoDraw = True
33.5702 	EXP 	rotated_fixation: opacity = 1
33.5702 	EXP 	rotated_fixation: pos = [0, 0]
33.5710 	EXP 	window1: mouseVisible = False
33.5904 	EXP 	rotated_fixation: opacity = 1
33.5904 	EXP 	rotated_fixation: pos = [0, 0]
33.5922 	EXP 	window1: mouseVisible = False
33.6039 	EXP 	rotated_fixation: opacity = 1
33.6039 	EXP 	rotated_fixation: pos = [0, 0]
33.6042 	EXP 	window1: mouseVisible = False
33.6170 	EXP 	rotated_fixation: opacity = 1
33.6170 	EXP 	rotated_fixation: pos = [0, 0]
33.6175 	EXP 	window1: mouseVisible = False
33.6347 	EXP 	rotated_fixation: opacity = 1
33.6347 	EXP 	rotated_fixation: pos = [0, 0]
33.6352 	EXP 	window1: mouseVisible = False
33.6522 	EXP 	rotated_fixation: opacity = 1
33.6522 	EXP 	rotated_fixation: pos = [0, 0]
33.6533 	EXP 	window1: mouseVisible = False
33.6702 	EXP 	rotated_fixation: opacity = 1
33.6702 	EXP 	rotated_fixation: pos = [0, 0]
33.6712 	EXP 	window1: mouseVisible = False
33.6917 	EXP 	rotated_fixation: opacity = 1
33.6917 	EXP 	rotated_fixation: pos = [0, 0]
33.6927 	EXP 	window1: mouseVisible = False
33.7155 	EXP 	rotated_fixation: opacity = 1
33.7155 	EXP 	rotated_fixation: pos = [0, 0]
33.7164 	EXP 	window1: mouseVisible = False
33.7346 	EXP 	rotated_fixation: opacity = 1
33.7346 	EXP 	rotated_fixation: pos = [0, 0]
33.7351 	EXP 	window1: mouseVisible = False
33.7458 	EXP 	rotated_fixation: opacity = 1
33.7458 	EXP 	rotated_fixation: pos = [0, 0]
33.7462 	EXP 	window1: mouseVisible = False
33.7689 	EXP 	rotated_fixation: opacity = 1
33.7689 	EXP 	rotated_fixation: pos = [0, 0]
33.7692 	EXP 	window1: mouseVisible = False
33.7866 	EXP 	rotated_fixation: opacity = 1
33.7866 	EXP 	rotated_fixation: pos = [0, 0]
33.7877 	EXP 	window1: mouseVisible = False
33.8039 	EXP 	rotated_fixation: opacity = 1
33.8039 	EXP 	rotated_fixation: pos = [0, 0]
33.8047 	EXP 	window1: mouseVisible = False
33.8234 	EXP 	rotated_fixation: opacity = 1
33.8234 	EXP 	rotated_fixation: pos = [0, 0]
33.8244 	EXP 	window1: mouseVisible = False
33.8361 	EXP 	rotated_fixation: opacity = 1
33.8361 	EXP 	rotated_fixation: pos = [0, 0]
33.8369 	EXP 	window1: mouseVisible = False
33.8606 	EXP 	rotated_fixation: opacity = 1
33.8606 	EXP 	rotated_fixation: pos = [0, 0]
33.8611 	EXP 	window1: mouseVisible = False
33.8713 	EXP 	rotated_fixation: opacity = 1
33.8713 	EXP 	rotated_fixation: pos = [0, 0]
33.8720 	EXP 	window1: mouseVisible = False
33.8884 	EXP 	rotated_fixation: opacity = 1
33.8884 	EXP 	rotated_fixation: pos = [0, 0]
33.8887 	EXP 	window1: mouseVisible = False
33.9036 	EXP 	rotated_fixation: opacity = 1
33.9036 	EXP 	rotated_fixation: pos = [0, 0]
33.9045 	EXP 	window1: mouseVisible = False
33.9234 	EXP 	rotated_fixation: opacity = 1
33.9234 	EXP 	rotated_fixation: pos = [0, 0]
33.9242 	EXP 	window1: mouseVisible = False
33.9373 	EXP 	rotated_fixation: opacity = 1
33.9373 	EXP 	rotated_fixation: pos = [0, 0]
33.9376 	EXP 	window1: mouseVisible = False
33.9503 	EXP 	rotated_fixation: opacity = 1
33.9503 	EXP 	rotated_fixation: pos = [0, 0]
33.9508 	EXP 	window1: mouseVisible = False
33.9641 	EXP 	rotated_fixation: opacity = 1
33.9641 	EXP 	rotated_fixation: pos = [0, 0]
33.9646 	EXP 	window1: mouseVisible = False
33.9812 	EXP 	rotated_fixation: opacity = 1
33.9812 	EXP 	rotated_fixation: pos = [0, 0]
33.9815 	EXP 	window1: mouseVisible = False
34.0001 	EXP 	rotated_fixation: opacity = 1
34.0001 	EXP 	rotated_fixation: pos = [0, 0]
34.0005 	EXP 	window1: mouseVisible = False
34.0244 	EXP 	rotated_fixation: opacity = 1
34.0244 	EXP 	rotated_fixation: pos = [0, 0]
34.0257 	EXP 	window1: mouseVisible = False
34.0268 	DATA 	Keypress: escape
34.0352 	EXP 	rotated_fixation: opacity = 1
34.0352 	EXP 	rotated_fixation: pos = [0, 0]
34.0358 	EXP 	window1: mouseVisible = False
34.0494 	EXP 	rotated_fixation: opacity = 1
34.0494 	EXP 	rotated_fixation: pos = [0, 0]
34.0498 	EXP 	window1: mouseVisible = False
34.0672 	EXP 	rotated_fixation: opacity = 1
34.0672 	EXP 	rotated_fixation: pos = [0, 0]
34.0677 	EXP 	window1: mouseVisible = False
34.0937 	EXP 	rotated_fixation: opacity = 1
34.0937 	EXP 	rotated_fixation: pos = [0, 0]
34.0943 	EXP 	window1: mouseVisible = False
34.1009 	EXP 	rotated_fixation: opacity = 1
34.1009 	EXP 	rotated_fixation: pos = [0, 0]
34.1011 	EXP 	window1: mouseVisible = False
34.1154 	EXP 	rotated_fixation: opacity = 1
34.1154 	EXP 	rotated_fixation: pos = [0, 0]
34.1158 	EXP 	window1: mouseVisible = False
34.1351 	EXP 	rotated_fixation: opacity = 1
34.1351 	EXP 	rotated_fixation: pos = [0, 0]
34.1357 	EXP 	window1: mouseVisible = False
34.1602 	EXP 	rotated_fixation: opacity = 1
34.1602 	EXP 	rotated_fixation: pos = [0, 0]
34.1610 	EXP 	window1: mouseVisible = False
34.1745 	EXP 	rotated_fixation: opacity = 1
34.1745 	EXP 	rotated_fixation: pos = [0, 0]
34.1757 	EXP 	window1: mouseVisible = False
34.2027 	EXP 	rotated_fixation: opacity = 1
34.2027 	EXP 	rotated_fixation: pos = [0, 0]
34.2030 	EXP 	window1: mouseVisible = False
34.3154 	EXP 	window1: mouseVisible = True
