2.7134 	WARNING 	We strongly recommend you activate the PTB sound engine in PsychoPy prefs as the preferred audio engine. Its timing is vastly superior. Your prefs are currently set to use ['sounddevice', 'PTB', 'pyo', 'pygame'] (in that order).
17.0710 	WARNING 	Couldn't measure a consistent frame rate.
  - Is your graphics card set to sync to vertical blank?
  - Are you running other processes on your computer?

17.0715 	EXP 	Created window1 = Window(allowGUI=False, allowStencil=False, args=UNKNOWN, autoLog=True, bitsMode=UNKNOWN, blendMode='avg', bpc=(8, 8, 8), color=array([0., 0., 0.]), colorSpace='rgb', depthBits=8, fullscr=<method-wrapper '__getattribute__' of attributeSetter object at 0x0000016F543FD278>, gamma=None, gammaErrorPolicy='raise', kwargs=UNKNOWN, lms=UNKNOWN, monitor=<psychopy.monitors.calibTools.Monitor object at 0x0000016F547282B0>, multiSample=False, name='window1', numSamples=2, pos=[0.0, 0.0], screen=0, size=array([1920, 1080]), stencilBits=0, stereo=False, units='height', useFBO=True, useRetina=False, viewOri=0.0, viewPos=None, viewScale=None, waitBlanking=True, winType='pyglet')
17.0724 	EXP 	window1: mouseVisible = True
17.0725 	EXP 	window1: recordFrameIntervals = False
17.2378 	EXP 	window1: recordFrameIntervals = True
17.6628 	WARNING 	t of last frame was 25.53ms (=1/39)
17.6973 	WARNING 	t of last frame was 25.73ms (=1/38)
17.7227 	WARNING 	t of last frame was 25.42ms (=1/39)
17.7590 	WARNING 	t of last frame was 21.08ms (=1/47)
17.8430 	WARNING 	Multiple dropped frames have occurred - I'll stop bothering you about them!
19.0227 	WARNING 	Couldn't measure a consistent frame rate.
  - Is your graphics card set to sync to vertical blank?
  - Are you running other processes on your computer?

19.4651 	EXP 	Created Welcome = TextStim(__class__=<class 'psychopy.visual.text.TextStim'>, alignHoriz=method-wrapper(...), alignText='center', alignVert=method-wrapper(...), anchorHoriz='center', anchorVert='center', antialias=True, autoLog=True, bold=False, color='white', colorSpace='named', contrast=1.0, depth=0.0, flipHoriz=False, flipVert=False, font='Arial', fontFiles=[], height=0.04, italic=False, languageStyle='LTR', name='Welcome', opacity=1.0, ori=0, pos=array([0., 0.]), rgb=array([255., 255., 255.]), text=str(...), units='height', win=Window(...), wrapWidth=1)
19.4653 	EXP 	window1: mouseVisible = True
19.4761 	EXP 	Created text = TextStim(__class__=<class 'psychopy.visual.text.TextStim'>, alignHoriz=method-wrapper(...), alignText='center', alignVert=method-wrapper(...), anchorHoriz='center', anchorVert='center', antialias=True, autoLog=True, bold=False, color='white', colorSpace='named', contrast=1.0, depth=0.0, flipHoriz=False, flipVert=False, font='Arial', fontFiles=[], height=0.04, italic=False, languageStyle='LTR', name='text', opacity=1.0, ori=0, pos=array([0., 0.]), rgb=array([255., 255., 255.]), text=str(...), units='height', win=Window(...), wrapWidth=1)
19.4763 	EXP 	window1: mouseVisible = True
19.4957 	EXP 	Created demo_enclosing_1 = Polygon(__class__=<class 'psychopy.visual.polygon.Polygon'>, autoDraw=False, autoLog=True, closeShape=True, color=method-wrapper(...), colorSpace=None, contrast=1.0, depth=-1.0, fillColor=array([0., 0., 0.]), fillColorSpace='rgb', fillRGB=array([0., 0., 0.]), interpolate=True, lineColor=array([-1., -1., -1.]), lineColorSpace='rgb', lineRGB=array([-1., -1., -1.]), lineWidth=1, name='demo_enclosing_1', opacity=1.0, ori=array(0.), pos=array([0., 0.]), size=array([0.89, 0.89]), units='height', vertices=ndarray(...), win=Window(...))
19.5011 	EXP 	Created demo_enclosing = Polygon(__class__=<class 'psychopy.visual.polygon.Polygon'>, autoDraw=False, autoLog=True, closeShape=True, color=method-wrapper(...), colorSpace=None, contrast=1.0, depth=-2.0, fillColor=array([0., 0., 0.]), fillColorSpace='rgb', fillRGB=array([0., 0., 0.]), interpolate=True, lineColor=array([-1., -1., -1.]), lineColorSpace='rgb', lineRGB=array([-1., -1., -1.]), lineWidth=1, name='demo_enclosing', opacity=1.0, ori=array(0.), pos=array([0., 0.]), size=array([0.8, 0.8]), units='height', vertices=ndarray(...), win=Window(...))
19.5049 	EXP 	Created demo_target = ShapeStim(__class__=<class 'psychopy.visual.shape.ShapeStim'>, autoDraw=False, autoLog=True, closeShape=True, contrast=1.0, depth=-3.0, fillColor=array([1., 1., 1.]), fillColorSpace='rgb', interpolate=True, lineColor=array([1., 1., 1.]), lineColorSpace='rgb', lineWidth=1, name='demo_target', opacity=1.0, ori=array(45.), pos=array([0., 0.]), size=array([0.05, 0.05]), units='height', vertices=ndarray(...), win=Window(...), windingRule=None)
19.5080 	EXP 	Created demo_fixation = Polygon(__class__=<class 'psychopy.visual.polygon.Polygon'>, autoDraw=False, autoLog=True, closeShape=True, color=method-wrapper(...), colorSpace=None, contrast=1.0, depth=-4.0, fillColor=array([1., 0., 0.]), fillColorSpace='rgb', fillRGB=array([1., 0., 0.]), interpolate=True, lineColor=array([1., 0., 0.]), lineColorSpace='rgb', lineRGB=array([1., 0., 0.]), lineWidth=1, name='demo_fixation', opacity=1.0, ori=array(0.), pos=array([0., 0.]), size=array([0.025, 0.025]), units='height', vertices=ndarray(...), win=Window(...))
19.5082 	EXP 	window1: mouseVisible = True
19.5162 	EXP 	Created demo_enclosing_feedback_1 = Polygon(__class__=<class 'psychopy.visual.polygon.Polygon'>, autoDraw=False, autoLog=True, closeShape=True, color=method-wrapper(...), colorSpace=None, contrast=1.0, depth=0.0, fillColor=array([0., 0., 0.]), fillColorSpace='rgb', fillRGB=array([0., 0., 0.]), interpolate=True, lineColor=array([-1., -1., -1.]), lineColorSpace='rgb', lineRGB=array([-1., -1., -1.]), lineWidth=1, name='demo_enclosing_feedback_1', opacity=1.0, ori=array(0.), pos=array([0., 0.]), size=array([0.9, 0.9]), units='height', vertices=ndarray(...), win=Window(...))
19.5202 	EXP 	Created demo_enclosing_feedback = Polygon(__class__=<class 'psychopy.visual.polygon.Polygon'>, autoDraw=False, autoLog=True, closeShape=True, color=method-wrapper(...), colorSpace=None, contrast=1.0, depth=-1.0, fillColor=array([0., 0., 0.]), fillColorSpace='rgb', fillRGB=array([0., 0., 0.]), interpolate=True, lineColor=array([-1., -1., -1.]), lineColorSpace='rgb', lineRGB=array([-1., -1., -1.]), lineWidth=1, name='demo_enclosing_feedback', opacity=1.0, ori=array(0.), pos=array([0., 0.]), size=array([0.79, 0.79]), units='height', vertices=ndarray(...), win=Window(...))
19.5223 	EXP 	Created demo_target_feedback = ShapeStim(__class__=<class 'psychopy.visual.shape.ShapeStim'>, autoDraw=False, autoLog=True, closeShape=True, contrast=1.0, depth=-2.0, fillColor=array([1., 1., 1.]), fillColorSpace='rgb', interpolate=True, lineColor=array([1., 1., 1.]), lineColorSpace='rgb', lineWidth=1, name='demo_target_feedback', opacity=1.0, ori=array(45.), pos=array([0., 0.]), size=array([0.05, 0.05]), units='height', vertices=ndarray(...), win=Window(...), windingRule=None)
19.5271 	EXP 	Created demo_fixation_feedback = Polygon(__class__=<class 'psychopy.visual.polygon.Polygon'>, autoDraw=False, autoLog=True, closeShape=True, color=method-wrapper(...), colorSpace=None, contrast=1.0, depth=-3.0, fillColor=array([1., 0., 0.]), fillColorSpace='rgb', fillRGB=array([1., 0., 0.]), interpolate=True, lineColor=array([1., 0., 0.]), lineColorSpace='rgb', lineRGB=array([1., 0., 0.]), lineWidth=1, name='demo_fixation_feedback', opacity=1.0, ori=array(0.), pos=array([0., 0.]), size=array([0.025, 0.025]), units='height', vertices=ndarray(...), win=Window(...))
19.5345 	EXP 	Created demo_score_text = TextStim(__class__=<class 'psychopy.visual.text.TextStim'>, alignHoriz=method-wrapper(...), alignText='center', alignVert=method-wrapper(...), anchorHoriz='center', anchorVert='center', antialias=True, autoLog=True, bold=False, color='green', colorSpace='named', contrast=1.0, depth=-5.0, flipHoriz=False, flipVert=False, font='Arial', fontFiles=[], height=0.04, italic=False, languageStyle='LTR', name='demo_score_text', opacity=1.0, ori=0, pos=array([0.4, 0.4]), rgb=array([  0., 128.,   0.]), text='default text', units='height', win=Window(...), wrapWidth=1)
19.5515 	EXP 	Created text_3 = TextStim(__class__=<class 'psychopy.visual.text.TextStim'>, alignHoriz=method-wrapper(...), alignText='center', alignVert=method-wrapper(...), anchorHoriz='center', anchorVert='center', antialias=True, autoLog=True, bold=False, color='white', colorSpace='named', contrast=1.0, depth=0.0, flipHoriz=False, flipVert=False, font='Arial', fontFiles=[], height=0.04, italic=False, languageStyle='LTR', name='text_3', opacity=1.0, ori=0, pos=array([0., 0.]), rgb=array([255., 255., 255.]), text=str(...), units='height', win=Window(...), wrapWidth=1)
19.5517 	EXP 	window1: mouseVisible = True
19.5602 	EXP 	Created baseline_enclosing_1 = Polygon(__class__=<class 'psychopy.visual.polygon.Polygon'>, autoDraw=False, autoLog=True, closeShape=True, color=method-wrapper(...), colorSpace=None, contrast=1.0, depth=-1.0, fillColor=array([0., 0., 0.]), fillColorSpace='rgb', fillRGB=array([0., 0., 0.]), interpolate=True, lineColor=array([-1., -1., -1.]), lineColorSpace='rgb', lineRGB=array([-1., -1., -1.]), lineWidth=1, name='baseline_enclosing_1', opacity=1.0, ori=array(0.), pos=array([0., 0.]), size=array([0.89, 0.89]), units='height', vertices=ndarray(...), win=Window(...))
19.5691 	EXP 	Created baseline_enclosing = Polygon(__class__=<class 'psychopy.visual.polygon.Polygon'>, autoDraw=False, autoLog=True, closeShape=True, color=method-wrapper(...), colorSpace=None, contrast=1.0, depth=-2.0, fillColor=array([0., 0., 0.]), fillColorSpace='rgb', fillRGB=array([0., 0., 0.]), interpolate=True, lineColor=array([-1., -1., -1.]), lineColorSpace='rgb', lineRGB=array([-1., -1., -1.]), lineWidth=1, name='baseline_enclosing', opacity=1.0, ori=array(0.), pos=array([0., 0.]), size=array([0.8, 0.8]), units='height', vertices=ndarray(...), win=Window(...))
19.5726 	EXP 	Created baseline_target = ShapeStim(__class__=<class 'psychopy.visual.shape.ShapeStim'>, autoDraw=False, autoLog=True, closeShape=True, contrast=1.0, depth=-3.0, fillColor=array([1., 1., 1.]), fillColorSpace='rgb', interpolate=True, lineColor=array([1., 1., 1.]), lineColorSpace='rgb', lineWidth=1, name='baseline_target', opacity=1.0, ori=array(45.), pos=array([0., 0.]), size=array([0.05, 0.05]), units='height', vertices=ndarray(...), win=Window(...), windingRule=None)
19.5773 	EXP 	Created baseline_fixation = Polygon(__class__=<class 'psychopy.visual.polygon.Polygon'>, autoDraw=False, autoLog=True, closeShape=True, color=method-wrapper(...), colorSpace=None, contrast=1.0, depth=-4.0, fillColor=array([1., 0., 0.]), fillColorSpace='rgb', fillRGB=array([1., 0., 0.]), interpolate=True, lineColor=array([1., 0., 0.]), lineColorSpace='rgb', lineRGB=array([1., 0., 0.]), lineWidth=1, name='baseline_fixation', opacity=1.0, ori=array(0.), pos=array([0., 0.]), size=array([0.025, 0.025]), units='height', vertices=ndarray(...), win=Window(...))
19.5776 	EXP 	window1: mouseVisible = True
19.5880 	EXP 	Created baseline_enclosing_feedback_1 = Polygon(__class__=<class 'psychopy.visual.polygon.Polygon'>, autoDraw=False, autoLog=True, closeShape=True, color=method-wrapper(...), colorSpace=None, contrast=1.0, depth=0.0, fillColor=array([0., 0., 0.]), fillColorSpace='rgb', fillRGB=array([0., 0., 0.]), interpolate=True, lineColor=array([-1., -1., -1.]), lineColorSpace='rgb', lineRGB=array([-1., -1., -1.]), lineWidth=1, name='baseline_enclosing_feedback_1', opacity=1.0, ori=array(0.), pos=array([0., 0.]), size=array([0.9, 0.9]), units='height', vertices=ndarray(...), win=Window(...))
19.6010 	EXP 	Created baseline_enclosing_feedback = Polygon(__class__=<class 'psychopy.visual.polygon.Polygon'>, autoDraw=False, autoLog=True, closeShape=True, color=method-wrapper(...), colorSpace=None, contrast=1.0, depth=-1.0, fillColor=array([0., 0., 0.]), fillColorSpace='rgb', fillRGB=array([0., 0., 0.]), interpolate=True, lineColor=array([-1., -1., -1.]), lineColorSpace='rgb', lineRGB=array([-1., -1., -1.]), lineWidth=1, name='baseline_enclosing_feedback', opacity=1.0, ori=array(0.), pos=array([0., 0.]), size=array([0.8, 0.8]), units='height', vertices=ndarray(...), win=Window(...))
19.6039 	EXP 	Created baseline_target_feedback = ShapeStim(__class__=<class 'psychopy.visual.shape.ShapeStim'>, autoDraw=False, autoLog=True, closeShape=True, contrast=1.0, depth=-2.0, fillColor=array([1., 1., 1.]), fillColorSpace='rgb', interpolate=True, lineColor=array([1., 1., 1.]), lineColorSpace='rgb', lineWidth=1, name='baseline_target_feedback', opacity=1.0, ori=array(45.), pos=array([0., 0.]), size=array([0.05, 0.05]), units='height', vertices=ndarray(...), win=Window(...), windingRule=None)
19.6068 	EXP 	Created baseline_fixation_feedback = Polygon(__class__=<class 'psychopy.visual.polygon.Polygon'>, autoDraw=False, autoLog=True, closeShape=True, color=method-wrapper(...), colorSpace=None, contrast=1.0, depth=-3.0, fillColor=array([1., 0., 0.]), fillColorSpace='rgb', fillRGB=array([1., 0., 0.]), interpolate=True, lineColor=array([1., 0., 0.]), lineColorSpace='rgb', lineRGB=array([1., 0., 0.]), lineWidth=1, name='baseline_fixation_feedback', opacity=1.0, ori=array(0.), pos=array([0., 0.]), size=array([0.025, 0.025]), units='height', vertices=ndarray(...), win=Window(...))
19.6112 	EXP 	Created baseline_score_text = TextStim(__class__=<class 'psychopy.visual.text.TextStim'>, alignHoriz=method-wrapper(...), alignText='center', alignVert=method-wrapper(...), anchorHoriz='center', anchorVert='center', antialias=True, autoLog=True, bold=False, color='green', colorSpace='named', contrast=1.0, depth=-5.0, flipHoriz=False, flipVert=False, font='Arial', fontFiles=[], height=0.04, italic=False, languageStyle='LTR', name='baseline_score_text', opacity=1.0, ori=0, pos=array([0.4, 0.4]), rgb=array([  0., 128.,   0.]), text='default text', units='height', win=Window(...), wrapWidth=1)
19.6422 	EXP 	Created text_2 = TextStim(__class__=<class 'psychopy.visual.text.TextStim'>, alignHoriz=method-wrapper(...), alignText='center', alignVert=method-wrapper(...), anchorHoriz='center', anchorVert='center', antialias=True, autoLog=True, bold=False, color='white', colorSpace='named', contrast=1.0, depth=0.0, flipHoriz=False, flipVert=False, font='Arial', fontFiles=[], height=0.04, italic=False, languageStyle='LTR', name='text_2', opacity=1.0, ori=0, pos=array([0., 0.]), rgb=array([255., 255., 255.]), text=str(...), units='height', win=Window(...), wrapWidth=1)
19.6425 	EXP 	window1: mouseVisible = True
19.6580 	EXP 	Created rotated_enclosing_1 = Polygon(__class__=<class 'psychopy.visual.polygon.Polygon'>, autoDraw=False, autoLog=True, closeShape=True, color=method-wrapper(...), colorSpace=None, contrast=1.0, depth=0.0, fillColor=array([0., 0., 0.]), fillColorSpace='rgb', fillRGB=array([0., 0., 0.]), interpolate=True, lineColor=array([-1., -1., -1.]), lineColorSpace='rgb', lineRGB=array([-1., -1., -1.]), lineWidth=1, name='rotated_enclosing_1', opacity=1.0, ori=array(0.), pos=array([0., 0.]), size=array([0.89, 0.89]), units='height', vertices=ndarray(...), win=Window(...))
19.6745 	EXP 	Created rotated_enclosing = Polygon(__class__=<class 'psychopy.visual.polygon.Polygon'>, autoDraw=False, autoLog=True, closeShape=True, color=method-wrapper(...), colorSpace=None, contrast=1.0, depth=-1.0, fillColor=array([0., 0., 0.]), fillColorSpace='rgb', fillRGB=array([0., 0., 0.]), interpolate=True, lineColor=array([-1., -1., -1.]), lineColorSpace='rgb', lineRGB=array([-1., -1., -1.]), lineWidth=1, name='rotated_enclosing', opacity=1.0, ori=array(0.), pos=array([0., 0.]), size=array([0.8, 0.8]), units='height', vertices=ndarray(...), win=Window(...))
19.6780 	EXP 	Created rotated_target = ShapeStim(__class__=<class 'psychopy.visual.shape.ShapeStim'>, autoDraw=False, autoLog=True, closeShape=True, contrast=1.0, depth=-2.0, fillColor=array([1., 1., 1.]), fillColorSpace='rgb', interpolate=True, lineColor=array([1., 1., 1.]), lineColorSpace='rgb', lineWidth=1, name='rotated_target', opacity=1.0, ori=array(45.), pos=array([0., 0.]), size=array([0.05, 0.05]), units='height', vertices=ndarray(...), win=Window(...), windingRule=None)
19.6814 	EXP 	Created rotated_fixation = Polygon(__class__=<class 'psychopy.visual.polygon.Polygon'>, autoDraw=False, autoLog=True, closeShape=True, color=method-wrapper(...), colorSpace=None, contrast=1.0, depth=-3.0, fillColor=array([1., 0., 0.]), fillColorSpace='rgb', fillRGB=array([1., 0., 0.]), interpolate=True, lineColor=array([1., 0., 0.]), lineColorSpace='rgb', lineRGB=array([1., 0., 0.]), lineWidth=1, name='rotated_fixation', opacity=1.0, ori=array(0.), pos=array([0., 0.]), size=array([0.025, 0.025]), units='height', vertices=ndarray(...), win=Window(...))
19.6815 	EXP 	window1: mouseVisible = True
19.6887 	EXP 	Created rotated_enclosing_feedback_1 = Polygon(__class__=<class 'psychopy.visual.polygon.Polygon'>, autoDraw=False, autoLog=True, closeShape=True, color=method-wrapper(...), colorSpace=None, contrast=1.0, depth=0.0, fillColor=array([0., 0., 0.]), fillColorSpace='rgb', fillRGB=array([0., 0., 0.]), interpolate=True, lineColor=array([-1., -1., -1.]), lineColorSpace='rgb', lineRGB=array([-1., -1., -1.]), lineWidth=1, name='rotated_enclosing_feedback_1', opacity=1.0, ori=array(0.), pos=array([0., 0.]), size=array([0.89, 0.89]), units='height', vertices=ndarray(...), win=Window(...))
19.6953 	EXP 	Created rotated_enclosing_feedback = Polygon(__class__=<class 'psychopy.visual.polygon.Polygon'>, autoDraw=False, autoLog=True, closeShape=True, color=method-wrapper(...), colorSpace=None, contrast=1.0, depth=-1.0, fillColor=array([0., 0., 0.]), fillColorSpace='rgb', fillRGB=array([0., 0., 0.]), interpolate=True, lineColor=array([-1., -1., -1.]), lineColorSpace='rgb', lineRGB=array([-1., -1., -1.]), lineWidth=1, name='rotated_enclosing_feedback', opacity=1.0, ori=array(0.), pos=array([0., 0.]), size=array([0.8, 0.8]), units='height', vertices=ndarray(...), win=Window(...))
19.7000 	EXP 	Created rotated_target_feedback = ShapeStim(__class__=<class 'psychopy.visual.shape.ShapeStim'>, autoDraw=False, autoLog=True, closeShape=True, contrast=1.0, depth=-2.0, fillColor=array([1., 1., 1.]), fillColorSpace='rgb', interpolate=True, lineColor=array([1., 1., 1.]), lineColorSpace='rgb', lineWidth=1, name='rotated_target_feedback', opacity=1.0, ori=array(45.), pos=array([0., 0.]), size=array([0.05, 0.05]), units='height', vertices=ndarray(...), win=Window(...), windingRule=None)
19.7029 	EXP 	Created rotated_fixation_feedback = Polygon(__class__=<class 'psychopy.visual.polygon.Polygon'>, autoDraw=False, autoLog=True, closeShape=True, color=method-wrapper(...), colorSpace=None, contrast=1.0, depth=-3.0, fillColor=array([1., 0., 0.]), fillColorSpace='rgb', fillRGB=array([1., 0., 0.]), interpolate=True, lineColor=array([1., 0., 0.]), lineColorSpace='rgb', lineRGB=array([1., 0., 0.]), lineWidth=1, name='rotated_fixation_feedback', opacity=1.0, ori=array(0.), pos=array([0., 0.]), size=array([0.025, 0.025]), units='height', vertices=ndarray(...), win=Window(...))
19.7063 	EXP 	Created rotated_score_text = TextStim(__class__=<class 'psychopy.visual.text.TextStim'>, alignHoriz=method-wrapper(...), alignText='center', alignVert=method-wrapper(...), anchorHoriz='center', anchorVert='center', antialias=True, autoLog=True, bold=False, color='green', colorSpace='named', contrast=1.0, depth=-5.0, flipHoriz=False, flipVert=False, font='Arial', fontFiles=[], height=0.04, italic=False, languageStyle='LTR', name='rotated_score_text', opacity=1.0, ori=0, pos=array([0.4, 0.4]), rgb=array([  0., 128.,   0.]), text='default text', units='height', win=Window(...), wrapWidth=1)
19.7256 	EXP 	Created rotated_breaks = TextStim(__class__=<class 'psychopy.visual.text.TextStim'>, alignHoriz=method-wrapper(...), alignText='center', alignVert=method-wrapper(...), anchorHoriz='center', anchorVert='center', antialias=True, autoLog=True, bold=False, color='white', colorSpace='named', contrast=1.0, depth=0.0, flipHoriz=False, flipVert=False, font='Arial', fontFiles=[], height=0.04, italic=False, languageStyle='LTR', name='rotated_breaks', opacity=1.0, ori=0, pos=array([0., 0.]), rgb=array([255., 255., 255.]), text=str(...), units='height', win=Window(...), wrapWidth=1)
19.7257 	EXP 	window1: mouseVisible = True
19.7286 	EXP 	Created transfer_target = ShapeStim(__class__=<class 'psychopy.visual.shape.ShapeStim'>, autoDraw=False, autoLog=True, closeShape=True, contrast=1.0, depth=0.0, fillColor=array([1., 1., 1.]), fillColorSpace='rgb', interpolate=True, lineColor=array([1., 1., 1.]), lineColorSpace='rgb', lineWidth=1, name='transfer_target', opacity=1.0, ori=array(45.), pos=array([0., 0.]), size=array([0.05, 0.05]), units='height', vertices=ndarray(...), win=Window(...), windingRule=None)
19.7388 	EXP 	Created transfer_fixation = Polygon(__class__=<class 'psychopy.visual.polygon.Polygon'>, autoDraw=False, autoLog=True, closeShape=True, color=method-wrapper(...), colorSpace=None, contrast=1.0, depth=-1.0, fillColor=array([1., 0., 0.]), fillColorSpace='rgb', fillRGB=array([1., 0., 0.]), interpolate=True, lineColor=array([1., 0., 0.]), lineColorSpace='rgb', lineRGB=array([1., 0., 0.]), lineWidth=1, name='transfer_fixation', opacity=1.0, ori=array(0.), pos=array([0., 0.]), size=array([0.025, 0.025]), units='height', vertices=ndarray(...), win=Window(...))
19.7389 	EXP 	window1: mouseVisible = True
19.7432 	EXP 	Created transfer_target_feedback = ShapeStim(__class__=<class 'psychopy.visual.shape.ShapeStim'>, autoDraw=False, autoLog=True, closeShape=True, contrast=1.0, depth=0.0, fillColor=array([1., 1., 1.]), fillColorSpace='rgb', interpolate=True, lineColor=array([1., 1., 1.]), lineColorSpace='rgb', lineWidth=1, name='transfer_target_feedback', opacity=1.0, ori=array(45.), pos=array([0., 0.]), size=array([0.05, 0.05]), units='height', vertices=ndarray(...), win=Window(...), windingRule=None)
19.7491 	EXP 	Created transfer_fixation_feedback = Polygon(__class__=<class 'psychopy.visual.polygon.Polygon'>, autoDraw=False, autoLog=True, closeShape=True, color=method-wrapper(...), colorSpace=None, contrast=1.0, depth=-1.0, fillColor=array([1., 0., 0.]), fillColorSpace='rgb', fillRGB=array([1., 0., 0.]), interpolate=True, lineColor=array([1., 0., 0.]), lineColorSpace='rgb', lineRGB=array([1., 0., 0.]), lineWidth=1, name='transfer_fixation_feedback', opacity=1.0, ori=array(0.), pos=array([0., 0.]), size=array([0.025, 0.025]), units='height', vertices=ndarray(...), win=Window(...))
19.7582 	EXP 	Created done_text = TextStim(__class__=<class 'psychopy.visual.text.TextStim'>, alignHoriz=method-wrapper(...), alignText='center', alignVert=method-wrapper(...), anchorHoriz='center', anchorVert='center', antialias=True, autoLog=True, bold=False, color='white', colorSpace='named', contrast=1.0, depth=0.0, flipHoriz=False, flipVert=False, font='Arial', fontFiles=[], height=0.04, italic=False, languageStyle='LTR', name='done_text', opacity=1.0, ori=0, pos=array([0., 0.]), rgb=array([255., 255., 255.]), text=str(...), units='height', win=Window(...), wrapWidth=1)
19.7583 	EXP 	window1: mouseVisible = True
19.8217 	EXP 	Welcome: autoDraw = True
20.8294 	DATA 	Mouse: Left button down, pos=(806,636)
20.8415 	EXP 	Created sequence: random, trialTypes=1, nReps=0, seed=None
20.8533 	EXP 	Welcome: autoDraw = False
20.8533 	EXP 	text_3: autoDraw = True
20.9557 	DATA 	Mouse:  Left button up, pos=(806,636)
22.1017 	DATA 	Mouse: Left button down, pos=(806,636)
22.1732 	EXP 	Imported conditions_baseline.xlsx as conditions, 16 conditions, 3 params
22.1736 	EXP 	Created sequence: random, trialTypes=16, nReps=0, seed=None
22.1836 	EXP 	text_3: autoDraw = False
22.1836 	EXP 	text_2: autoDraw = True
22.2710 	DATA 	Mouse:  Left button up, pos=(806,636)
23.7505 	DATA 	Mouse: Left button down, pos=(806,636)
23.7528 	EXP 	Created sequence: random, trialTypes=1, nReps=10, seed=None
23.7531 	EXP 	New trial (rep=0, index=0): None
23.7658 	EXP 	Imported conditions_baseline.xlsx as conditions, 16 conditions, 3 params
23.7662 	EXP 	Created sequence: random, trialTypes=16, nReps=4, seed=None
23.7666 	EXP 	New trial (rep=0, index=0): OrderedDict([('target_x', 0.3), ('target_y', 0.3), ('rotation', 0)])
23.7670 	EXP 	window1: mouseVisible = False
23.7747 	EXP 	text_2: autoDraw = False
23.7747 	EXP 	rotated_fixation: opacity = 1
23.7747 	EXP 	rotated_fixation: pos = [0, 0]
23.7747 	EXP 	rotated_enclosing_1: autoDraw = True
23.7747 	EXP 	rotated_enclosing: autoDraw = True
23.7747 	EXP 	rotated_fixation: autoDraw = True
23.7747 	EXP 	rotated_fixation: opacity = 0
23.7752 	EXP 	window1: mouseVisible = False
23.7976 	EXP 	rotated_fixation: opacity = 0
23.7979 	EXP 	window1: mouseVisible = False
23.8143 	EXP 	rotated_fixation: opacity = 0
23.8145 	EXP 	window1: mouseVisible = False
23.8330 	EXP 	rotated_fixation: opacity = 0
23.8337 	EXP 	window1: mouseVisible = False
23.8513 	EXP 	rotated_fixation: opacity = 0
23.8519 	EXP 	window1: mouseVisible = False
23.8649 	EXP 	rotated_fixation: opacity = 0
23.8652 	EXP 	window1: mouseVisible = False
23.8821 	EXP 	rotated_fixation: opacity = 0
23.8823 	EXP 	window1: mouseVisible = False
23.8832 	DATA 	Mouse:  Left button up, pos=(806,636)
23.8979 	EXP 	rotated_fixation: opacity = 1
23.8979 	EXP 	rotated_fixation: pos = [0, 0]
23.8984 	EXP 	window1: mouseVisible = False
23.9157 	EXP 	rotated_fixation: opacity = 1
23.9157 	EXP 	rotated_fixation: pos = [0, 0]
23.9160 	EXP 	window1: mouseVisible = False
23.9337 	EXP 	rotated_fixation: opacity = 1
23.9337 	EXP 	rotated_fixation: pos = [0, 0]
23.9341 	EXP 	window1: mouseVisible = False
23.9542 	EXP 	rotated_fixation: opacity = 1
23.9542 	EXP 	rotated_fixation: pos = [0, 0]
23.9545 	EXP 	window1: mouseVisible = False
23.9658 	EXP 	rotated_fixation: opacity = 1
23.9658 	EXP 	rotated_fixation: pos = [0, 0]
23.9665 	EXP 	window1: mouseVisible = False
23.9807 	EXP 	rotated_fixation: opacity = 1
23.9807 	EXP 	rotated_fixation: pos = [0, 0]
23.9811 	EXP 	window1: mouseVisible = False
23.9966 	EXP 	rotated_fixation: opacity = 1
23.9966 	EXP 	rotated_fixation: pos = [0, 0]
23.9970 	EXP 	window1: mouseVisible = False
24.0140 	EXP 	rotated_fixation: opacity = 1
24.0140 	EXP 	rotated_fixation: pos = [0, 0]
24.0143 	EXP 	window1: mouseVisible = False
24.0327 	EXP 	rotated_fixation: opacity = 1
24.0327 	EXP 	rotated_fixation: pos = [0, 0]
24.0334 	EXP 	window1: mouseVisible = False
24.0497 	EXP 	rotated_fixation: opacity = 1
24.0497 	EXP 	rotated_fixation: pos = [0, 0]
24.0500 	EXP 	window1: mouseVisible = False
24.0649 	EXP 	rotated_fixation: opacity = 1
24.0649 	EXP 	rotated_fixation: pos = [0, 0]
24.0658 	EXP 	window1: mouseVisible = False
24.0834 	EXP 	rotated_fixation: opacity = 1
24.0834 	EXP 	rotated_fixation: pos = [0, 0]
24.0837 	EXP 	window1: mouseVisible = False
24.1001 	EXP 	rotated_fixation: opacity = 1
24.1001 	EXP 	rotated_fixation: pos = [0, 0]
24.1010 	EXP 	window1: mouseVisible = False
24.1177 	EXP 	rotated_fixation: opacity = 1
24.1177 	EXP 	rotated_fixation: pos = [0, 0]
24.1184 	EXP 	window1: mouseVisible = False
24.1362 	EXP 	rotated_fixation: opacity = 1
24.1362 	EXP 	rotated_fixation: pos = [0, 0]
24.1373 	EXP 	window1: mouseVisible = False
24.1551 	EXP 	rotated_fixation: opacity = 1
24.1551 	EXP 	rotated_fixation: pos = [0, 0]
24.1560 	EXP 	window1: mouseVisible = False
24.1663 	EXP 	rotated_fixation: opacity = 1
24.1663 	EXP 	rotated_fixation: pos = [0, 0]
24.1669 	EXP 	window1: mouseVisible = False
24.1887 	EXP 	rotated_fixation: opacity = 1
24.1887 	EXP 	rotated_fixation: pos = [0, 0]
24.1903 	EXP 	window1: mouseVisible = False
24.2003 	EXP 	rotated_fixation: opacity = 1
24.2003 	EXP 	rotated_fixation: pos = [0, 0]
24.2013 	EXP 	window1: mouseVisible = False
24.2151 	EXP 	rotated_fixation: opacity = 1
24.2151 	EXP 	rotated_fixation: pos = [0, 0]
24.2154 	EXP 	window1: mouseVisible = False
24.2346 	EXP 	rotated_fixation: opacity = 1
24.2346 	EXP 	rotated_fixation: pos = [0, 0]
24.2352 	EXP 	window1: mouseVisible = False
24.2502 	EXP 	rotated_fixation: opacity = 1
24.2502 	EXP 	rotated_fixation: pos = [0, 0]
24.2506 	EXP 	window1: mouseVisible = False
24.2657 	EXP 	rotated_fixation: opacity = 1
24.2657 	EXP 	rotated_fixation: pos = [0, 0]
24.2666 	EXP 	window1: mouseVisible = False
24.2855 	EXP 	rotated_fixation: opacity = 1
24.2855 	EXP 	rotated_fixation: pos = [0, 0]
24.2860 	EXP 	window1: mouseVisible = False
24.2999 	EXP 	rotated_fixation: opacity = 1
24.2999 	EXP 	rotated_fixation: pos = [0, 0]
24.3002 	EXP 	window1: mouseVisible = False
24.3149 	EXP 	rotated_fixation: opacity = 1
24.3149 	EXP 	rotated_fixation: pos = [0, 0]
24.3154 	EXP 	window1: mouseVisible = False
24.3333 	EXP 	rotated_fixation: opacity = 1
24.3333 	EXP 	rotated_fixation: pos = [0, 0]
24.3336 	EXP 	window1: mouseVisible = False
24.3524 	EXP 	rotated_fixation: opacity = 1
24.3524 	EXP 	rotated_fixation: pos = [0, 0]
24.3533 	EXP 	window1: mouseVisible = False
24.3724 	EXP 	rotated_fixation: opacity = 1
24.3724 	EXP 	rotated_fixation: pos = [0, 0]
24.3739 	EXP 	window1: mouseVisible = False
24.3886 	EXP 	rotated_fixation: opacity = 1
24.3886 	EXP 	rotated_fixation: pos = [0, 0]
24.3894 	EXP 	window1: mouseVisible = False
24.4011 	EXP 	rotated_fixation: opacity = 1
24.4011 	EXP 	rotated_fixation: pos = [0, 0]
24.4016 	EXP 	window1: mouseVisible = False
24.4225 	EXP 	rotated_fixation: opacity = 1
24.4225 	EXP 	rotated_fixation: pos = [0, 0]
24.4232 	EXP 	window1: mouseVisible = False
24.4347 	EXP 	rotated_fixation: opacity = 1
24.4347 	EXP 	rotated_fixation: pos = [0, 0]
24.4354 	EXP 	window1: mouseVisible = False
24.4553 	EXP 	rotated_fixation: opacity = 1
24.4553 	EXP 	rotated_fixation: pos = [0, 0]
24.4564 	EXP 	window1: mouseVisible = False
24.4667 	EXP 	rotated_fixation: opacity = 1
24.4667 	EXP 	rotated_fixation: pos = [0, 0]
24.4671 	EXP 	window1: mouseVisible = False
24.4869 	EXP 	rotated_fixation: opacity = 1
24.4869 	EXP 	rotated_fixation: pos = [0, 0]
24.4876 	EXP 	window1: mouseVisible = False
24.5017 	EXP 	rotated_fixation: opacity = 1
24.5017 	EXP 	rotated_fixation: pos = [0, 0]
24.5022 	EXP 	window1: mouseVisible = False
24.5209 	EXP 	rotated_fixation: opacity = 1
24.5209 	EXP 	rotated_fixation: pos = [0, 0]
24.5216 	EXP 	window1: mouseVisible = False
24.5363 	EXP 	rotated_fixation: opacity = 1
24.5363 	EXP 	rotated_fixation: pos = [0, 0]
24.5371 	EXP 	window1: mouseVisible = False
24.5508 	EXP 	rotated_fixation: opacity = 1
24.5508 	EXP 	rotated_fixation: pos = [0, 0]
24.5521 	EXP 	window1: mouseVisible = False
24.5657 	EXP 	rotated_fixation: opacity = 1
24.5657 	EXP 	rotated_fixation: pos = [0, 0]
24.5663 	EXP 	window1: mouseVisible = False
24.5849 	EXP 	rotated_fixation: opacity = 1
24.5849 	EXP 	rotated_fixation: pos = [0, 0]
24.5863 	EXP 	window1: mouseVisible = False
24.6117 	EXP 	rotated_fixation: opacity = 1
24.6117 	EXP 	rotated_fixation: pos = [0, 0]
24.6125 	EXP 	window1: mouseVisible = False
24.6357 	EXP 	rotated_fixation: opacity = 1
24.6357 	EXP 	rotated_fixation: pos = [0, 0]
24.6366 	EXP 	window1: mouseVisible = False
24.6506 	EXP 	rotated_fixation: opacity = 1
24.6506 	EXP 	rotated_fixation: pos = [0, 0]
24.6518 	EXP 	window1: mouseVisible = False
24.6673 	EXP 	rotated_fixation: opacity = 1
24.6673 	EXP 	rotated_fixation: pos = [0, 0]
24.6681 	EXP 	window1: mouseVisible = False
24.6853 	EXP 	rotated_fixation: opacity = 1
24.6853 	EXP 	rotated_fixation: pos = [0, 0]
24.6863 	EXP 	window1: mouseVisible = False
24.7030 	EXP 	rotated_fixation: opacity = 1
24.7030 	EXP 	rotated_fixation: pos = [0, 0]
24.7036 	EXP 	window1: mouseVisible = False
24.7215 	EXP 	rotated_fixation: opacity = 1
24.7215 	EXP 	rotated_fixation: pos = [0, 0]
24.7224 	EXP 	window1: mouseVisible = False
24.7420 	EXP 	rotated_fixation: opacity = 1
24.7420 	EXP 	rotated_fixation: pos = [0, 0]
24.7431 	EXP 	window1: mouseVisible = False
24.7670 	EXP 	rotated_fixation: opacity = 1
24.7670 	EXP 	rotated_fixation: pos = [0, 0]
24.7676 	EXP 	window1: mouseVisible = False
24.7839 	EXP 	rotated_fixation: opacity = 1
24.7839 	EXP 	rotated_fixation: pos = [0, 0]
24.7851 	EXP 	window1: mouseVisible = False
24.7975 	EXP 	rotated_target: autoDraw = True
24.7975 	EXP 	rotated_fixation: opacity = 1
24.7975 	EXP 	rotated_fixation: pos = [0, 0]
24.7983 	EXP 	window1: mouseVisible = False
24.8112 	EXP 	rotated_fixation: opacity = 1
24.8112 	EXP 	rotated_fixation: pos = [0, 0]
24.8125 	EXP 	window1: mouseVisible = False
24.8336 	EXP 	rotated_fixation: opacity = 1
24.8336 	EXP 	rotated_fixation: pos = [0, 0]
24.8349 	EXP 	window1: mouseVisible = False
24.8466 	EXP 	rotated_fixation: opacity = 1
24.8466 	EXP 	rotated_fixation: pos = [0, 0]
24.8473 	EXP 	window1: mouseVisible = False
24.8635 	EXP 	rotated_fixation: opacity = 1
24.8635 	EXP 	rotated_fixation: pos = [0, 0]
24.8646 	EXP 	window1: mouseVisible = False
24.8807 	EXP 	rotated_fixation: opacity = 1
24.8807 	EXP 	rotated_fixation: pos = [0, 0]
24.8817 	EXP 	window1: mouseVisible = False
24.9009 	EXP 	rotated_fixation: opacity = 1
24.9009 	EXP 	rotated_fixation: pos = [0, 0]
24.9029 	EXP 	window1: mouseVisible = False
24.9210 	EXP 	rotated_fixation: opacity = 1
24.9210 	EXP 	rotated_fixation: pos = [0, 0]
24.9219 	EXP 	window1: mouseVisible = False
24.9331 	EXP 	rotated_fixation: opacity = 1
24.9331 	EXP 	rotated_fixation: pos = [0, 0]
24.9337 	EXP 	window1: mouseVisible = False
24.9494 	EXP 	rotated_fixation: opacity = 1
24.9494 	EXP 	rotated_fixation: pos = [0, 0]
24.9505 	EXP 	window1: mouseVisible = False
24.9690 	EXP 	rotated_fixation: opacity = 1
24.9690 	EXP 	rotated_fixation: pos = [0, 0]
24.9711 	EXP 	window1: mouseVisible = False
24.9901 	EXP 	rotated_fixation: opacity = 1
24.9901 	EXP 	rotated_fixation: pos = [0, 0]
24.9913 	EXP 	window1: mouseVisible = False
25.0131 	EXP 	rotated_fixation: opacity = 1
25.0131 	EXP 	rotated_fixation: pos = [0, 0]
25.0140 	EXP 	window1: mouseVisible = False
25.0350 	EXP 	rotated_fixation: opacity = 1
25.0350 	EXP 	rotated_fixation: pos = [0, 0]
25.0359 	EXP 	window1: mouseVisible = False
25.0520 	EXP 	rotated_fixation: opacity = 1
25.0520 	EXP 	rotated_fixation: pos = [0, 0]
25.0536 	EXP 	window1: mouseVisible = False
25.0789 	EXP 	rotated_fixation: opacity = 1
25.0789 	EXP 	rotated_fixation: pos = [0, 0]
25.0800 	EXP 	window1: mouseVisible = False
25.1039 	EXP 	rotated_fixation: opacity = 1
25.1039 	EXP 	rotated_fixation: pos = [0, 0]
25.1054 	EXP 	window1: mouseVisible = False
25.1194 	EXP 	rotated_fixation: opacity = 1
25.1194 	EXP 	rotated_fixation: pos = [0, 0]
25.1209 	EXP 	window1: mouseVisible = False
25.1425 	EXP 	rotated_fixation: opacity = 1
25.1425 	EXP 	rotated_fixation: pos = [0, 0]
25.1439 	EXP 	window1: mouseVisible = False
25.1649 	EXP 	rotated_fixation: opacity = 1
25.1649 	EXP 	rotated_fixation: pos = [0, 0]
25.1674 	EXP 	window1: mouseVisible = False
25.1889 	EXP 	rotated_fixation: opacity = 1
25.1889 	EXP 	rotated_fixation: pos = [0, 0]
25.1904 	EXP 	window1: mouseVisible = False
25.1993 	EXP 	rotated_fixation: opacity = 1
25.1993 	EXP 	rotated_fixation: pos = [0, 0]
25.2000 	EXP 	window1: mouseVisible = False
25.2173 	EXP 	rotated_fixation: opacity = 1
25.2173 	EXP 	rotated_fixation: pos = [0, 0]
25.2180 	EXP 	window1: mouseVisible = False
25.2403 	EXP 	rotated_fixation: opacity = 1
25.2403 	EXP 	rotated_fixation: pos = [0, 0]
25.2415 	EXP 	window1: mouseVisible = False
25.2475 	EXP 	rotated_fixation: opacity = 1
25.2475 	EXP 	rotated_fixation: pos = [0, 0]
25.2481 	EXP 	window1: mouseVisible = False
25.2619 	EXP 	rotated_fixation: opacity = 1
25.2619 	EXP 	rotated_fixation: pos = [0, 0]
25.2627 	EXP 	window1: mouseVisible = False
25.2814 	EXP 	rotated_fixation: opacity = 1
25.2814 	EXP 	rotated_fixation: pos = [0, 0]
25.2841 	EXP 	window1: mouseVisible = False
25.3019 	EXP 	rotated_fixation: opacity = 1
25.3019 	EXP 	rotated_fixation: pos = [0, 0]
25.3051 	EXP 	window1: mouseVisible = False
25.3255 	EXP 	rotated_fixation: opacity = 1
25.3255 	EXP 	rotated_fixation: pos = [0, 0]
25.3274 	EXP 	window1: mouseVisible = False
25.3342 	EXP 	rotated_fixation: opacity = 1
25.3342 	EXP 	rotated_fixation: pos = [0, 0]
25.3354 	EXP 	window1: mouseVisible = False
25.3485 	EXP 	rotated_fixation: opacity = 1
25.3485 	EXP 	rotated_fixation: pos = [0, 0]
25.3523 	DATA 	Mouse: Left button down, pos=(960,540)
25.3526 	EXP 	window1: mouseVisible = False
25.3706 	EXP 	rotated_fixation: opacity = 0
25.3715 	EXP 	window1: mouseVisible = False
25.3820 	EXP 	rotated_fixation: opacity = 0
25.3829 	EXP 	window1: mouseVisible = False
25.4006 	EXP 	rotated_fixation: opacity = 0
25.4015 	EXP 	window1: mouseVisible = False
25.4164 	EXP 	rotated_fixation: opacity = 0
25.4178 	EXP 	window1: mouseVisible = False
25.4403 	EXP 	rotated_fixation: opacity = 0
25.4418 	EXP 	window1: mouseVisible = False
25.4512 	EXP 	rotated_fixation: opacity = 0
25.4521 	EXP 	window1: mouseVisible = False
25.4670 	EXP 	rotated_fixation: opacity = 0
25.4683 	EXP 	window1: mouseVisible = False
25.4855 	EXP 	rotated_fixation: opacity = 0
25.4871 	EXP 	window1: mouseVisible = False
25.5115 	EXP 	rotated_fixation: opacity = 0
25.5128 	EXP 	window1: mouseVisible = False
25.5311 	EXP 	rotated_fixation: opacity = 0
25.5325 	EXP 	window1: mouseVisible = False
25.5483 	EXP 	rotated_fixation: opacity = 0
25.5493 	EXP 	window1: mouseVisible = False
25.5677 	EXP 	rotated_fixation: opacity = 0
25.5682 	EXP 	window1: mouseVisible = False
25.5795 	EXP 	rotated_fixation: opacity = 0
25.5806 	EXP 	window1: mouseVisible = False
25.5968 	EXP 	rotated_fixation: opacity = 0
25.5976 	EXP 	window1: mouseVisible = False
25.6141 	EXP 	rotated_fixation: opacity = 0
25.6149 	EXP 	window1: mouseVisible = False
25.6311 	EXP 	rotated_fixation: opacity = 0
25.6318 	EXP 	window1: mouseVisible = False
25.6492 	EXP 	rotated_fixation: opacity = 0
25.6510 	EXP 	window1: mouseVisible = False
25.6751 	EXP 	rotated_fixation: opacity = 0
25.6767 	EXP 	window1: mouseVisible = False
25.6841 	EXP 	rotated_fixation: opacity = 0
25.6855 	EXP 	window1: mouseVisible = False
25.6977 	EXP 	rotated_fixation: opacity = 0
25.6991 	EXP 	window1: mouseVisible = False
25.7143 	EXP 	rotated_fixation: opacity = 0
25.7154 	EXP 	window1: mouseVisible = False
25.7286 	EXP 	rotated_fixation: opacity = 0
25.7292 	EXP 	window1: mouseVisible = False
25.7448 	EXP 	rotated_fixation: opacity = 0
25.7454 	EXP 	window1: mouseVisible = False
25.7647 	EXP 	rotated_fixation: opacity = 0
25.7655 	EXP 	window1: mouseVisible = False
25.7828 	EXP 	rotated_fixation: opacity = 0
25.7838 	EXP 	window1: mouseVisible = False
25.8042 	EXP 	rotated_fixation: opacity = 0
25.8058 	EXP 	window1: mouseVisible = False
25.8184 	EXP 	rotated_fixation: opacity = 0
25.8190 	EXP 	window1: mouseVisible = False
25.8330 	EXP 	rotated_fixation: opacity = 0
25.8360 	EXP 	window1: mouseVisible = False
25.8494 	EXP 	rotated_fixation: opacity = 0
25.8506 	EXP 	window1: mouseVisible = False
25.8876 	EXP 	rotated_fixation: opacity = 0
25.8876 	EXP 	rotated_fixation: pos = [0.25092592592592594, -0.33240740740740743]
25.8876 	EXP 	rotated_fixation: opacity = 1
25.8876 	EXP 	rotated_enclosing_1: autoDraw = False
25.8876 	EXP 	rotated_enclosing: autoDraw = False
25.8876 	EXP 	rotated_target: autoDraw = False
25.8876 	EXP 	rotated_fixation: autoDraw = False
25.8876 	EXP 	rotated_fixation: opacity = 1
25.8876 	EXP 	rotated_target_feedback: pos = array([0.3, 0.3])
25.8876 	EXP 	rotated_fixation_feedback: pos = array([ 0.25092593, -0.33240741])
25.8876 	EXP 	rotated_score_text: text = 'Your score: 10'
25.8876 	EXP 	rotated_enclosing_feedback_1: autoDraw = True
25.8876 	EXP 	rotated_enclosing_feedback: autoDraw = True
25.8876 	EXP 	rotated_target_feedback: autoDraw = True
25.8876 	EXP 	rotated_fixation_feedback: autoDraw = True
25.8876 	EXP 	rotated_score_text: autoDraw = True
26.3964 	EXP 	rotated_fixation_feedback: autoDraw = False
26.5845 	DATA 	Mouse:  Left button up, pos=(1452,923)
26.8678 	EXP 	New trial (rep=0, index=1): OrderedDict([('target_x', -0.3), ('target_y', -0.3), ('rotation', 0)])
26.8688 	EXP 	window1: mouseVisible = False
26.8983 	EXP 	rotated_enclosing_feedback_1: autoDraw = False
26.8983 	EXP 	rotated_enclosing_feedback: autoDraw = False
26.8983 	EXP 	rotated_target_feedback: autoDraw = False
26.8983 	EXP 	rotated_fixation_feedback: autoDraw = False
26.8983 	EXP 	rotated_score_text: autoDraw = False
26.8983 	EXP 	rotated_fixation: opacity = 1
26.8983 	EXP 	rotated_fixation: pos = [0, 0]
26.8983 	EXP 	rotated_enclosing_1: autoDraw = True
26.8983 	EXP 	rotated_enclosing: autoDraw = True
26.8983 	EXP 	rotated_fixation: autoDraw = True
26.8983 	EXP 	rotated_fixation: opacity = 1
26.8983 	EXP 	rotated_fixation: pos = [0, 0]
26.8993 	EXP 	window1: mouseVisible = False
26.9157 	EXP 	rotated_fixation: opacity = 1
26.9157 	EXP 	rotated_fixation: pos = [0, 0]
26.9168 	EXP 	window1: mouseVisible = False
26.9336 	EXP 	rotated_fixation: opacity = 1
26.9336 	EXP 	rotated_fixation: pos = [0, 0]
26.9339 	EXP 	window1: mouseVisible = False
26.9538 	EXP 	rotated_fixation: opacity = 1
26.9538 	EXP 	rotated_fixation: pos = [0, 0]
26.9545 	EXP 	window1: mouseVisible = False
26.9678 	EXP 	rotated_fixation: opacity = 1
26.9678 	EXP 	rotated_fixation: pos = [0, 0]
26.9686 	EXP 	window1: mouseVisible = False
26.9929 	EXP 	rotated_fixation: opacity = 1
26.9929 	EXP 	rotated_fixation: pos = [0, 0]
26.9940 	EXP 	window1: mouseVisible = False
27.0188 	EXP 	rotated_fixation: opacity = 1
27.0188 	EXP 	rotated_fixation: pos = [0, 0]
27.0195 	EXP 	window1: mouseVisible = False
27.0313 	EXP 	rotated_fixation: opacity = 1
27.0313 	EXP 	rotated_fixation: pos = [0, 0]
27.0326 	EXP 	window1: mouseVisible = False
27.0529 	EXP 	rotated_fixation: opacity = 1
27.0529 	EXP 	rotated_fixation: pos = [0, 0]
27.0537 	EXP 	window1: mouseVisible = False
27.0649 	EXP 	rotated_fixation: opacity = 1
27.0649 	EXP 	rotated_fixation: pos = [0, 0]
27.0653 	EXP 	window1: mouseVisible = False
27.0796 	EXP 	rotated_fixation: opacity = 1
27.0796 	EXP 	rotated_fixation: pos = [0, 0]
27.0802 	EXP 	window1: mouseVisible = False
27.0951 	EXP 	rotated_fixation: opacity = 1
27.0951 	EXP 	rotated_fixation: pos = [0, 0]
27.0957 	EXP 	window1: mouseVisible = False
27.1128 	EXP 	rotated_fixation: opacity = 1
27.1128 	EXP 	rotated_fixation: pos = [0, 0]
27.1133 	EXP 	window1: mouseVisible = False
27.1274 	EXP 	rotated_fixation: opacity = 1
27.1274 	EXP 	rotated_fixation: pos = [0, 0]
27.1277 	EXP 	window1: mouseVisible = False
27.1457 	EXP 	rotated_fixation: opacity = 1
27.1457 	EXP 	rotated_fixation: pos = [0, 0]
27.1461 	EXP 	window1: mouseVisible = False
27.1621 	EXP 	rotated_fixation: opacity = 1
27.1621 	EXP 	rotated_fixation: pos = [0, 0]
27.1636 	EXP 	window1: mouseVisible = False
27.1824 	EXP 	rotated_fixation: opacity = 1
27.1824 	EXP 	rotated_fixation: pos = [0, 0]
27.1832 	EXP 	window1: mouseVisible = False
27.2129 	EXP 	rotated_fixation: opacity = 1
27.2129 	EXP 	rotated_fixation: pos = [0, 0]
27.2134 	EXP 	window1: mouseVisible = False
27.2273 	EXP 	rotated_fixation: opacity = 1
27.2273 	EXP 	rotated_fixation: pos = [0, 0]
27.2277 	EXP 	window1: mouseVisible = False
27.2539 	EXP 	rotated_fixation: opacity = 1
27.2539 	EXP 	rotated_fixation: pos = [0, 0]
27.2545 	EXP 	window1: mouseVisible = False
27.2626 	EXP 	rotated_fixation: opacity = 1
27.2626 	EXP 	rotated_fixation: pos = [0, 0]
27.2632 	EXP 	window1: mouseVisible = False
27.2794 	EXP 	rotated_fixation: opacity = 1
27.2794 	EXP 	rotated_fixation: pos = [0, 0]
27.2802 	EXP 	window1: mouseVisible = False
27.2963 	EXP 	rotated_fixation: opacity = 1
27.2963 	EXP 	rotated_fixation: pos = [0, 0]
27.2966 	EXP 	window1: mouseVisible = False
27.3124 	EXP 	rotated_fixation: opacity = 1
27.3124 	EXP 	rotated_fixation: pos = [0, 0]
27.3127 	EXP 	window1: mouseVisible = False
27.3426 	EXP 	rotated_fixation: opacity = 1
27.3426 	EXP 	rotated_fixation: pos = [0, 0]
27.3430 	EXP 	window1: mouseVisible = False
27.3491 	EXP 	rotated_fixation: opacity = 1
27.3491 	EXP 	rotated_fixation: pos = [0, 0]
27.3494 	EXP 	window1: mouseVisible = False
27.3611 	EXP 	rotated_fixation: opacity = 1
27.3611 	EXP 	rotated_fixation: pos = [0, 0]
27.3613 	EXP 	window1: mouseVisible = False
27.3781 	EXP 	rotated_fixation: opacity = 1
27.3781 	EXP 	rotated_fixation: pos = [0, 0]
27.3789 	EXP 	window1: mouseVisible = False
27.3960 	EXP 	rotated_fixation: opacity = 1
27.3960 	EXP 	rotated_fixation: pos = [0, 0]
27.3964 	EXP 	window1: mouseVisible = False
27.4133 	EXP 	rotated_fixation: opacity = 1
27.4133 	EXP 	rotated_fixation: pos = [0, 0]
27.4139 	EXP 	window1: mouseVisible = False
27.4374 	EXP 	rotated_fixation: opacity = 1
27.4374 	EXP 	rotated_fixation: pos = [0, 0]
27.4389 	EXP 	window1: mouseVisible = False
27.4479 	EXP 	rotated_fixation: opacity = 1
27.4479 	EXP 	rotated_fixation: pos = [0, 0]
27.4489 	EXP 	window1: mouseVisible = False
27.4632 	EXP 	rotated_fixation: opacity = 1
27.4632 	EXP 	rotated_fixation: pos = [0, 0]
27.4641 	EXP 	window1: mouseVisible = False
27.4816 	EXP 	rotated_fixation: opacity = 1
27.4816 	EXP 	rotated_fixation: pos = [0, 0]
27.4824 	EXP 	window1: mouseVisible = False
27.4968 	EXP 	rotated_fixation: opacity = 1
27.4968 	EXP 	rotated_fixation: pos = [0, 0]
27.4971 	EXP 	window1: mouseVisible = False
27.5119 	EXP 	rotated_fixation: opacity = 1
27.5119 	EXP 	rotated_fixation: pos = [0, 0]
27.5124 	EXP 	window1: mouseVisible = False
27.5301 	EXP 	rotated_fixation: opacity = 1
27.5301 	EXP 	rotated_fixation: pos = [0, 0]
27.5307 	EXP 	window1: mouseVisible = False
27.5514 	EXP 	rotated_fixation: opacity = 1
27.5514 	EXP 	rotated_fixation: pos = [0, 0]
27.5527 	EXP 	window1: mouseVisible = False
27.5651 	EXP 	rotated_fixation: opacity = 1
27.5651 	EXP 	rotated_fixation: pos = [0, 0]
27.5655 	EXP 	window1: mouseVisible = False
27.5805 	EXP 	rotated_fixation: opacity = 1
27.5805 	EXP 	rotated_fixation: pos = [0, 0]
27.5811 	EXP 	window1: mouseVisible = False
27.6015 	EXP 	rotated_fixation: opacity = 1
27.6015 	EXP 	rotated_fixation: pos = [0, 0]
27.6027 	EXP 	window1: mouseVisible = False
27.6157 	EXP 	rotated_fixation: opacity = 1
27.6157 	EXP 	rotated_fixation: pos = [0, 0]
27.6166 	EXP 	window1: mouseVisible = False
27.6329 	EXP 	rotated_fixation: opacity = 1
27.6329 	EXP 	rotated_fixation: pos = [0, 0]
27.6336 	EXP 	window1: mouseVisible = False
27.6482 	EXP 	rotated_fixation: opacity = 1
27.6482 	EXP 	rotated_fixation: pos = [0, 0]
27.6487 	EXP 	window1: mouseVisible = False
27.6661 	EXP 	rotated_fixation: opacity = 1
27.6661 	EXP 	rotated_fixation: pos = [0, 0]
27.6671 	EXP 	window1: mouseVisible = False
27.6793 	EXP 	rotated_fixation: opacity = 1
27.6793 	EXP 	rotated_fixation: pos = [0, 0]
27.6796 	EXP 	window1: mouseVisible = False
27.7030 	EXP 	rotated_fixation: opacity = 1
27.7030 	EXP 	rotated_fixation: pos = [0, 0]
27.7047 	EXP 	window1: mouseVisible = False
27.7280 	EXP 	rotated_fixation: opacity = 1
27.7280 	EXP 	rotated_fixation: pos = [0, 0]
27.7292 	EXP 	window1: mouseVisible = False
27.7482 	EXP 	rotated_fixation: opacity = 1
27.7482 	EXP 	rotated_fixation: pos = [0, 0]
27.7497 	EXP 	window1: mouseVisible = False
27.7679 	EXP 	rotated_fixation: opacity = 1
27.7679 	EXP 	rotated_fixation: pos = [0, 0]
27.7684 	EXP 	window1: mouseVisible = False
27.7816 	EXP 	rotated_fixation: opacity = 1
27.7816 	EXP 	rotated_fixation: pos = [0, 0]
27.7827 	EXP 	window1: mouseVisible = False
27.8063 	EXP 	rotated_fixation: opacity = 1
27.8063 	EXP 	rotated_fixation: pos = [0, 0]
27.8072 	EXP 	window1: mouseVisible = False
27.8307 	EXP 	rotated_fixation: opacity = 1
27.8307 	EXP 	rotated_fixation: pos = [0, 0]
27.8312 	EXP 	window1: mouseVisible = False
27.8458 	EXP 	rotated_fixation: opacity = 1
27.8458 	EXP 	rotated_fixation: pos = [0, 0]
27.8466 	EXP 	window1: mouseVisible = False
27.8604 	EXP 	rotated_fixation: opacity = 1
27.8604 	EXP 	rotated_fixation: pos = [0, 0]
27.8607 	EXP 	window1: mouseVisible = False
27.8779 	EXP 	rotated_fixation: opacity = 1
27.8779 	EXP 	rotated_fixation: pos = [0, 0]
27.8781 	EXP 	window1: mouseVisible = False
27.8999 	EXP 	rotated_fixation: opacity = 1
27.8999 	EXP 	rotated_fixation: pos = [0, 0]
27.9008 	EXP 	window1: mouseVisible = False
27.9167 	EXP 	rotated_fixation: opacity = 1
27.9167 	EXP 	rotated_fixation: pos = [0, 0]
27.9173 	EXP 	window1: mouseVisible = False
27.9382 	EXP 	rotated_fixation: opacity = 1
27.9382 	EXP 	rotated_fixation: pos = [0, 0]
27.9394 	EXP 	window1: mouseVisible = False
27.9489 	EXP 	rotated_fixation: opacity = 1
27.9489 	EXP 	rotated_fixation: pos = [0, 0]
27.9499 	EXP 	window1: mouseVisible = False
27.9633 	EXP 	rotated_fixation: opacity = 1
27.9633 	EXP 	rotated_fixation: pos = [0, 0]
27.9645 	EXP 	window1: mouseVisible = False
27.9862 	EXP 	rotated_fixation: opacity = 1
27.9862 	EXP 	rotated_fixation: pos = [0, 0]
27.9876 	EXP 	window1: mouseVisible = False
28.0142 	EXP 	rotated_fixation: opacity = 1
28.0142 	EXP 	rotated_fixation: pos = [0, 0]
28.0152 	EXP 	window1: mouseVisible = False
28.0298 	EXP 	rotated_fixation: opacity = 1
28.0298 	EXP 	rotated_fixation: pos = [0, 0]
28.0309 	EXP 	window1: mouseVisible = False
28.0457 	EXP 	rotated_fixation: opacity = 1
28.0457 	EXP 	rotated_fixation: pos = [0, 0]
28.0462 	EXP 	window1: mouseVisible = False
28.0635 	EXP 	rotated_fixation: opacity = 1
28.0635 	EXP 	rotated_fixation: pos = [0, 0]
28.0645 	EXP 	window1: mouseVisible = False
28.0801 	EXP 	rotated_fixation: opacity = 1
28.0801 	EXP 	rotated_fixation: pos = [0, 0]
28.0807 	EXP 	window1: mouseVisible = False
28.0969 	EXP 	rotated_target: autoDraw = True
28.0969 	EXP 	rotated_fixation: opacity = 1
28.0969 	EXP 	rotated_fixation: pos = [0, 0]
28.0985 	EXP 	window1: mouseVisible = False
28.1195 	EXP 	rotated_fixation: opacity = 1
28.1195 	EXP 	rotated_fixation: pos = [0, 0]
28.1230 	EXP 	window1: mouseVisible = False
28.1376 	EXP 	rotated_fixation: opacity = 1
28.1376 	EXP 	rotated_fixation: pos = [0, 0]
28.1394 	EXP 	window1: mouseVisible = False
28.1576 	EXP 	rotated_fixation: opacity = 1
28.1576 	EXP 	rotated_fixation: pos = [0, 0]
28.1591 	EXP 	window1: mouseVisible = False
28.1780 	EXP 	rotated_fixation: opacity = 1
28.1780 	EXP 	rotated_fixation: pos = [0, 0]
28.1800 	EXP 	window1: mouseVisible = False
28.2116 	EXP 	rotated_fixation: opacity = 1
28.2116 	EXP 	rotated_fixation: pos = [0, 0]
28.2128 	EXP 	window1: mouseVisible = False
28.2210 	EXP 	rotated_fixation: opacity = 1
28.2210 	EXP 	rotated_fixation: pos = [0, 0]
28.2231 	EXP 	window1: mouseVisible = False
28.2443 	EXP 	rotated_fixation: opacity = 1
28.2443 	EXP 	rotated_fixation: pos = [0, 0]
28.2455 	EXP 	window1: mouseVisible = False
28.2606 	EXP 	rotated_fixation: opacity = 1
28.2606 	EXP 	rotated_fixation: pos = [0, 0]
28.2625 	EXP 	window1: mouseVisible = False
28.2809 	EXP 	rotated_fixation: opacity = 1
28.2809 	EXP 	rotated_fixation: pos = [0, 0]
28.2832 	EXP 	window1: mouseVisible = False
28.2997 	EXP 	rotated_fixation: opacity = 1
28.2997 	EXP 	rotated_fixation: pos = [0, 0]
28.3010 	EXP 	window1: mouseVisible = False
28.3126 	EXP 	rotated_fixation: opacity = 1
28.3126 	EXP 	rotated_fixation: pos = [0, 0]
28.3136 	EXP 	window1: mouseVisible = False
28.3340 	EXP 	rotated_fixation: opacity = 1
28.3340 	EXP 	rotated_fixation: pos = [0, 0]
28.3350 	EXP 	window1: mouseVisible = False
28.3486 	EXP 	rotated_fixation: opacity = 1
28.3486 	EXP 	rotated_fixation: pos = [0, 0]
28.3498 	EXP 	window1: mouseVisible = False
28.3723 	EXP 	rotated_fixation: opacity = 1
28.3723 	EXP 	rotated_fixation: pos = [0, 0]
28.3732 	EXP 	window1: mouseVisible = False
28.3935 	EXP 	rotated_fixation: opacity = 1
28.3935 	EXP 	rotated_fixation: pos = [0, 0]
28.3949 	EXP 	window1: mouseVisible = False
28.4118 	EXP 	rotated_fixation: opacity = 1
28.4118 	EXP 	rotated_fixation: pos = [0, 0]
28.4127 	EXP 	window1: mouseVisible = False
28.4270 	EXP 	rotated_fixation: opacity = 1
28.4270 	EXP 	rotated_fixation: pos = [0, 0]
28.4281 	EXP 	window1: mouseVisible = False
28.4458 	EXP 	rotated_fixation: opacity = 1
28.4458 	EXP 	rotated_fixation: pos = [0, 0]
28.4472 	EXP 	window1: mouseVisible = False
28.4652 	EXP 	rotated_fixation: opacity = 1
28.4652 	EXP 	rotated_fixation: pos = [0, 0]
28.4679 	EXP 	window1: mouseVisible = False
28.4893 	EXP 	rotated_fixation: opacity = 1
28.4893 	EXP 	rotated_fixation: pos = [0, 0]
28.4914 	EXP 	window1: mouseVisible = False
28.4994 	EXP 	rotated_fixation: opacity = 1
28.4994 	EXP 	rotated_fixation: pos = [0, 0]
28.5004 	EXP 	window1: mouseVisible = False
28.5276 	EXP 	rotated_fixation: opacity = 1
28.5276 	EXP 	rotated_fixation: pos = [0, 0]
28.5291 	EXP 	window1: mouseVisible = False
28.5483 	EXP 	rotated_fixation: opacity = 1
28.5483 	EXP 	rotated_fixation: pos = [0, 0]
28.5500 	EXP 	window1: mouseVisible = False
28.5605 	EXP 	rotated_fixation: opacity = 1
28.5605 	EXP 	rotated_fixation: pos = [0, 0]
28.5612 	EXP 	window1: mouseVisible = False
28.5648 	DATA 	Mouse: Left button down, pos=(960,540)
28.5759 	EXP 	rotated_fixation: opacity = 1
28.5759 	EXP 	rotated_fixation: pos = [0, 0]
28.5776 	EXP 	window1: mouseVisible = False
28.5983 	EXP 	rotated_fixation: opacity = 0
28.5994 	EXP 	window1: mouseVisible = False
28.6145 	EXP 	rotated_fixation: opacity = 0
28.6158 	EXP 	window1: mouseVisible = False
28.6311 	EXP 	rotated_fixation: opacity = 0
28.6329 	EXP 	window1: mouseVisible = False
28.6465 	EXP 	rotated_fixation: opacity = 0
28.6472 	EXP 	window1: mouseVisible = False
28.6642 	EXP 	rotated_fixation: opacity = 0
28.6650 	EXP 	window1: mouseVisible = False
28.6893 	EXP 	rotated_fixation: opacity = 0
28.6904 	EXP 	window1: mouseVisible = False
28.6977 	EXP 	rotated_fixation: opacity = 0
28.6984 	EXP 	window1: mouseVisible = False
28.7164 	EXP 	rotated_fixation: opacity = 0
28.7173 	EXP 	window1: mouseVisible = False
28.7276 	EXP 	rotated_fixation: opacity = 0
28.7282 	EXP 	window1: mouseVisible = False
28.7433 	EXP 	rotated_fixation: opacity = 0
28.7439 	EXP 	window1: mouseVisible = False
28.7618 	EXP 	rotated_fixation: opacity = 0
28.7636 	EXP 	window1: mouseVisible = False
28.7848 	EXP 	rotated_fixation: opacity = 0
28.7869 	EXP 	window1: mouseVisible = False
28.7963 	EXP 	rotated_fixation: opacity = 0
28.7971 	EXP 	window1: mouseVisible = False
28.8166 	EXP 	rotated_fixation: opacity = 0
28.8182 	EXP 	window1: mouseVisible = False
28.8306 	EXP 	rotated_fixation: opacity = 0
28.8331 	EXP 	window1: mouseVisible = False
28.8508 	EXP 	rotated_fixation: opacity = 0
28.8529 	EXP 	window1: mouseVisible = False
28.8715 	EXP 	rotated_fixation: opacity = 0
28.8730 	EXP 	window1: mouseVisible = False
28.8817 	EXP 	rotated_fixation: opacity = 0
28.8831 	EXP 	window1: mouseVisible = False
28.9134 	EXP 	rotated_fixation: opacity = 0
28.9155 	EXP 	window1: mouseVisible = False
28.9319 	EXP 	rotated_fixation: opacity = 0
28.9332 	EXP 	window1: mouseVisible = False
28.9498 	EXP 	rotated_fixation: opacity = 0
28.9512 	EXP 	window1: mouseVisible = False
28.9605 	EXP 	rotated_fixation: opacity = 0
28.9615 	EXP 	window1: mouseVisible = False
28.9803 	EXP 	rotated_fixation: opacity = 0
28.9830 	EXP 	window1: mouseVisible = False
29.0122 	EXP 	rotated_fixation: opacity = 0
29.0122 	EXP 	rotated_fixation: pos = [0.24166666666666664, 0.34444444444444444]
29.0122 	EXP 	rotated_fixation: opacity = 1
29.0122 	EXP 	rotated_enclosing_1: autoDraw = False
29.0122 	EXP 	rotated_enclosing: autoDraw = False
29.0122 	EXP 	rotated_target: autoDraw = False
29.0122 	EXP 	rotated_fixation: autoDraw = False
29.0122 	EXP 	rotated_fixation: opacity = 1
29.0122 	EXP 	rotated_target_feedback: pos = array([-0.3, -0.3])
29.0122 	EXP 	rotated_fixation_feedback: pos = array([0.24166667, 0.34444444])
29.0122 	EXP 	rotated_score_text: text = 'Your score: 10'
29.0122 	EXP 	rotated_enclosing_feedback_1: autoDraw = True
29.0122 	EXP 	rotated_enclosing_feedback: autoDraw = True
29.0122 	EXP 	rotated_target_feedback: autoDraw = True
29.0122 	EXP 	rotated_fixation_feedback: autoDraw = True
29.0122 	EXP 	rotated_score_text: autoDraw = True
29.5091 	EXP 	rotated_fixation_feedback: autoDraw = False
29.5122 	DATA 	Mouse:  Left button up, pos=(465,873)
29.9983 	EXP 	New trial (rep=0, index=2): OrderedDict([('target_x', -0.3), ('target_y', 0.3), ('rotation', 0)])
29.9990 	EXP 	window1: mouseVisible = False
30.0144 	EXP 	rotated_enclosing_feedback_1: autoDraw = False
30.0144 	EXP 	rotated_enclosing_feedback: autoDraw = False
30.0144 	EXP 	rotated_target_feedback: autoDraw = False
30.0144 	EXP 	rotated_score_text: autoDraw = False
30.0144 	EXP 	rotated_enclosing_feedback_1: autoDraw = False
30.0144 	EXP 	rotated_enclosing_feedback: autoDraw = False
30.0144 	EXP 	rotated_target_feedback: autoDraw = False
30.0144 	EXP 	rotated_fixation_feedback: autoDraw = False
30.0144 	EXP 	rotated_score_text: autoDraw = False
30.0144 	EXP 	rotated_fixation: opacity = 1
30.0144 	EXP 	rotated_fixation: pos = [0, 0]
30.0144 	EXP 	rotated_enclosing_1: autoDraw = True
30.0144 	EXP 	rotated_enclosing: autoDraw = True
30.0144 	EXP 	rotated_fixation: autoDraw = True
30.0144 	EXP 	rotated_fixation: opacity = 1
30.0144 	EXP 	rotated_fixation: pos = [0, 0]
30.0148 	EXP 	window1: mouseVisible = False
30.0262 	EXP 	rotated_fixation: opacity = 1
30.0262 	EXP 	rotated_fixation: pos = [0, 0]
30.0271 	EXP 	window1: mouseVisible = False
30.0423 	EXP 	rotated_fixation: opacity = 1
30.0423 	EXP 	rotated_fixation: pos = [0, 0]
30.0433 	EXP 	window1: mouseVisible = False
30.0687 	EXP 	rotated_fixation: opacity = 1
30.0687 	EXP 	rotated_fixation: pos = [0, 0]
30.0722 	EXP 	window1: mouseVisible = False
30.0837 	EXP 	rotated_fixation: opacity = 1
30.0837 	EXP 	rotated_fixation: pos = [0, 0]
30.0848 	EXP 	window1: mouseVisible = False
30.1057 	EXP 	rotated_fixation: opacity = 1
30.1057 	EXP 	rotated_fixation: pos = [0, 0]
30.1060 	EXP 	window1: mouseVisible = False
30.1243 	EXP 	rotated_fixation: opacity = 1
30.1243 	EXP 	rotated_fixation: pos = [0, 0]
30.1250 	EXP 	window1: mouseVisible = False
30.1507 	EXP 	rotated_fixation: opacity = 1
30.1507 	EXP 	rotated_fixation: pos = [0, 0]
30.1520 	EXP 	window1: mouseVisible = False
30.1684 	EXP 	rotated_fixation: opacity = 1
30.1684 	EXP 	rotated_fixation: pos = [0, 0]
30.1695 	EXP 	window1: mouseVisible = False
30.1915 	EXP 	rotated_fixation: opacity = 1
30.1915 	EXP 	rotated_fixation: pos = [0, 0]
30.1918 	EXP 	window1: mouseVisible = False
30.2090 	EXP 	rotated_fixation: opacity = 1
30.2090 	EXP 	rotated_fixation: pos = [0, 0]
30.2100 	EXP 	window1: mouseVisible = False
30.2305 	EXP 	rotated_fixation: opacity = 1
30.2305 	EXP 	rotated_fixation: pos = [0, 0]
30.2309 	EXP 	window1: mouseVisible = False
30.2470 	EXP 	rotated_fixation: opacity = 1
30.2470 	EXP 	rotated_fixation: pos = [0, 0]
30.2482 	EXP 	window1: mouseVisible = False
30.2616 	EXP 	rotated_fixation: opacity = 1
30.2616 	EXP 	rotated_fixation: pos = [0, 0]
30.2627 	EXP 	window1: mouseVisible = False
30.2826 	EXP 	rotated_fixation: opacity = 1
30.2826 	EXP 	rotated_fixation: pos = [0, 0]
30.2836 	EXP 	window1: mouseVisible = False
30.2987 	EXP 	rotated_fixation: opacity = 1
30.2987 	EXP 	rotated_fixation: pos = [0, 0]
30.2998 	EXP 	window1: mouseVisible = False
30.3281 	EXP 	rotated_fixation: opacity = 1
30.3281 	EXP 	rotated_fixation: pos = [0, 0]
30.3290 	EXP 	window1: mouseVisible = False
30.3478 	EXP 	rotated_fixation: opacity = 1
30.3478 	EXP 	rotated_fixation: pos = [0, 0]
30.3484 	EXP 	window1: mouseVisible = False
30.3655 	EXP 	rotated_fixation: opacity = 1
30.3655 	EXP 	rotated_fixation: pos = [0, 0]
30.3659 	EXP 	window1: mouseVisible = False
30.3764 	EXP 	rotated_fixation: opacity = 1
30.3764 	EXP 	rotated_fixation: pos = [0, 0]
30.3767 	EXP 	window1: mouseVisible = False
30.3983 	EXP 	rotated_fixation: opacity = 1
30.3983 	EXP 	rotated_fixation: pos = [0, 0]
30.3988 	EXP 	window1: mouseVisible = False
30.4099 	EXP 	rotated_fixation: opacity = 1
30.4099 	EXP 	rotated_fixation: pos = [0, 0]
30.4102 	EXP 	window1: mouseVisible = False
30.4253 	EXP 	rotated_fixation: opacity = 1
30.4253 	EXP 	rotated_fixation: pos = [0, 0]
30.4257 	EXP 	window1: mouseVisible = False
30.4416 	EXP 	rotated_fixation: opacity = 1
30.4416 	EXP 	rotated_fixation: pos = [0, 0]
30.4423 	EXP 	window1: mouseVisible = False
30.4659 	EXP 	rotated_fixation: opacity = 1
30.4659 	EXP 	rotated_fixation: pos = [0, 0]
30.4667 	EXP 	window1: mouseVisible = False
30.4815 	EXP 	rotated_fixation: opacity = 1
30.4815 	EXP 	rotated_fixation: pos = [0, 0]
30.4824 	EXP 	window1: mouseVisible = False
30.5103 	EXP 	rotated_fixation: opacity = 1
30.5103 	EXP 	rotated_fixation: pos = [0, 0]
30.5114 	EXP 	window1: mouseVisible = False
30.5271 	EXP 	rotated_fixation: opacity = 1
30.5271 	EXP 	rotated_fixation: pos = [0, 0]
30.5280 	EXP 	window1: mouseVisible = False
30.5502 	EXP 	rotated_fixation: opacity = 1
30.5502 	EXP 	rotated_fixation: pos = [0, 0]
30.5514 	EXP 	window1: mouseVisible = False
30.5632 	EXP 	rotated_fixation: opacity = 1
30.5632 	EXP 	rotated_fixation: pos = [0, 0]
30.5641 	EXP 	window1: mouseVisible = False
30.5813 	EXP 	rotated_fixation: opacity = 1
30.5813 	EXP 	rotated_fixation: pos = [0, 0]
30.5836 	EXP 	window1: mouseVisible = False
30.6006 	EXP 	rotated_fixation: opacity = 1
30.6006 	EXP 	rotated_fixation: pos = [0, 0]
30.6014 	EXP 	window1: mouseVisible = False
30.6087 	EXP 	rotated_fixation: opacity = 1
30.6087 	EXP 	rotated_fixation: pos = [0, 0]
30.6090 	EXP 	window1: mouseVisible = False
30.6270 	EXP 	rotated_fixation: opacity = 1
30.6270 	EXP 	rotated_fixation: pos = [0, 0]
30.6279 	EXP 	window1: mouseVisible = False
30.6416 	EXP 	rotated_fixation: opacity = 1
30.6416 	EXP 	rotated_fixation: pos = [0, 0]
30.6424 	EXP 	window1: mouseVisible = False
30.6575 	EXP 	rotated_fixation: opacity = 1
30.6575 	EXP 	rotated_fixation: pos = [0, 0]
30.6590 	EXP 	window1: mouseVisible = False
30.6869 	EXP 	rotated_fixation: opacity = 1
30.6869 	EXP 	rotated_fixation: pos = [0, 0]
30.6877 	EXP 	window1: mouseVisible = False
30.6953 	EXP 	rotated_fixation: opacity = 1
30.6953 	EXP 	rotated_fixation: pos = [0, 0]
30.6956 	EXP 	window1: mouseVisible = False
30.7084 	EXP 	rotated_fixation: opacity = 1
30.7084 	EXP 	rotated_fixation: pos = [0, 0]
30.7090 	EXP 	window1: mouseVisible = False
30.7275 	EXP 	rotated_fixation: opacity = 1
30.7275 	EXP 	rotated_fixation: pos = [0, 0]
30.7279 	EXP 	window1: mouseVisible = False
30.7430 	EXP 	rotated_fixation: opacity = 1
30.7430 	EXP 	rotated_fixation: pos = [0, 0]
30.7433 	EXP 	window1: mouseVisible = False
30.7563 	EXP 	rotated_fixation: opacity = 1
30.7563 	EXP 	rotated_fixation: pos = [0, 0]
30.7568 	EXP 	window1: mouseVisible = False
30.7808 	EXP 	rotated_fixation: opacity = 1
30.7808 	EXP 	rotated_fixation: pos = [0, 0]
30.7821 	EXP 	window1: mouseVisible = False
30.7955 	EXP 	rotated_fixation: opacity = 1
30.7955 	EXP 	rotated_fixation: pos = [0, 0]
30.7962 	EXP 	window1: mouseVisible = False
30.8119 	EXP 	rotated_fixation: opacity = 1
30.8119 	EXP 	rotated_fixation: pos = [0, 0]
30.8125 	EXP 	window1: mouseVisible = False
30.8273 	EXP 	rotated_fixation: opacity = 1
30.8273 	EXP 	rotated_fixation: pos = [0, 0]
30.8285 	EXP 	window1: mouseVisible = False
30.8424 	EXP 	rotated_fixation: opacity = 1
30.8424 	EXP 	rotated_fixation: pos = [0, 0]
30.8431 	EXP 	window1: mouseVisible = False
30.8636 	EXP 	rotated_fixation: opacity = 1
30.8636 	EXP 	rotated_fixation: pos = [0, 0]
30.8640 	EXP 	window1: mouseVisible = False
30.8745 	EXP 	rotated_fixation: opacity = 1
30.8745 	EXP 	rotated_fixation: pos = [0, 0]
30.8748 	EXP 	window1: mouseVisible = False
30.8919 	EXP 	rotated_fixation: opacity = 1
30.8919 	EXP 	rotated_fixation: pos = [0, 0]
30.8928 	EXP 	window1: mouseVisible = False
30.9087 	EXP 	rotated_fixation: opacity = 1
30.9087 	EXP 	rotated_fixation: pos = [0, 0]
30.9094 	EXP 	window1: mouseVisible = False
30.9256 	EXP 	rotated_fixation: opacity = 1
30.9256 	EXP 	rotated_fixation: pos = [0, 0]
30.9260 	EXP 	window1: mouseVisible = False
30.9409 	EXP 	rotated_fixation: opacity = 1
30.9409 	EXP 	rotated_fixation: pos = [0, 0]
30.9422 	EXP 	window1: mouseVisible = False
30.9636 	EXP 	rotated_fixation: opacity = 1
30.9636 	EXP 	rotated_fixation: pos = [0, 0]
30.9642 	EXP 	window1: mouseVisible = False
30.9795 	EXP 	rotated_fixation: opacity = 1
30.9795 	EXP 	rotated_fixation: pos = [0, 0]
30.9800 	EXP 	window1: mouseVisible = False
30.9934 	EXP 	rotated_fixation: opacity = 1
30.9934 	EXP 	rotated_fixation: pos = [0, 0]
30.9945 	EXP 	window1: mouseVisible = False
31.0118 	EXP 	rotated_fixation: opacity = 1
31.0118 	EXP 	rotated_fixation: pos = [0, 0]
31.0123 	EXP 	window1: mouseVisible = False
31.0253 	EXP 	rotated_fixation: opacity = 1
31.0253 	EXP 	rotated_fixation: pos = [0, 0]
31.0258 	EXP 	window1: mouseVisible = False
31.0433 	EXP 	rotated_fixation: opacity = 1
31.0433 	EXP 	rotated_fixation: pos = [0, 0]
31.0438 	EXP 	window1: mouseVisible = False
31.0560 	EXP 	rotated_fixation: opacity = 1
31.0560 	EXP 	rotated_fixation: pos = [0, 0]
31.0570 	EXP 	window1: mouseVisible = False
31.0785 	EXP 	rotated_fixation: opacity = 1
31.0785 	EXP 	rotated_fixation: pos = [0, 0]
31.0801 	EXP 	window1: mouseVisible = False
31.0981 	EXP 	rotated_target: autoDraw = True
31.0981 	EXP 	rotated_fixation: opacity = 1
31.0981 	EXP 	rotated_fixation: pos = [0, 0]
31.0995 	EXP 	window1: mouseVisible = False
31.1128 	EXP 	rotated_fixation: opacity = 1
31.1128 	EXP 	rotated_fixation: pos = [0, 0]
31.1136 	EXP 	window1: mouseVisible = False
31.1283 	EXP 	rotated_fixation: opacity = 1
31.1283 	EXP 	rotated_fixation: pos = [0, 0]
31.1296 	EXP 	window1: mouseVisible = False
31.1446 	EXP 	rotated_fixation: opacity = 1
31.1446 	EXP 	rotated_fixation: pos = [0, 0]
31.1465 	EXP 	window1: mouseVisible = False
31.1608 	EXP 	rotated_fixation: opacity = 1
31.1608 	EXP 	rotated_fixation: pos = [0, 0]
31.1623 	EXP 	window1: mouseVisible = False
31.1798 	EXP 	rotated_fixation: opacity = 1
31.1798 	EXP 	rotated_fixation: pos = [0, 0]
31.1809 	EXP 	window1: mouseVisible = False
31.1898 	EXP 	rotated_fixation: opacity = 1
31.1898 	EXP 	rotated_fixation: pos = [0, 0]
31.1908 	EXP 	window1: mouseVisible = False
31.2136 	EXP 	rotated_fixation: opacity = 1
31.2136 	EXP 	rotated_fixation: pos = [0, 0]
31.2175 	EXP 	window1: mouseVisible = False
31.2360 	EXP 	rotated_fixation: opacity = 1
31.2360 	EXP 	rotated_fixation: pos = [0, 0]
31.2384 	EXP 	window1: mouseVisible = False
31.2475 	EXP 	rotated_fixation: opacity = 1
31.2475 	EXP 	rotated_fixation: pos = [0, 0]
31.2484 	EXP 	window1: mouseVisible = False
31.2615 	EXP 	rotated_fixation: opacity = 1
31.2615 	EXP 	rotated_fixation: pos = [0, 0]
31.2634 	EXP 	window1: mouseVisible = False
31.2771 	EXP 	rotated_fixation: opacity = 1
31.2771 	EXP 	rotated_fixation: pos = [0, 0]
31.2783 	EXP 	window1: mouseVisible = False
31.2979 	EXP 	rotated_fixation: opacity = 1
31.2979 	EXP 	rotated_fixation: pos = [0, 0]
31.2998 	EXP 	window1: mouseVisible = False
31.3114 	EXP 	rotated_fixation: opacity = 1
31.3114 	EXP 	rotated_fixation: pos = [0, 0]
31.3125 	EXP 	window1: mouseVisible = False
31.3294 	EXP 	rotated_fixation: opacity = 1
31.3294 	EXP 	rotated_fixation: pos = [0, 0]
31.3305 	EXP 	window1: mouseVisible = False
31.3447 	EXP 	rotated_fixation: opacity = 1
31.3447 	EXP 	rotated_fixation: pos = [0, 0]
31.3460 	EXP 	window1: mouseVisible = False
31.3594 	EXP 	rotated_fixation: opacity = 1
31.3594 	EXP 	rotated_fixation: pos = [0, 0]
31.3605 	EXP 	window1: mouseVisible = False
31.3784 	EXP 	rotated_fixation: opacity = 1
31.3784 	EXP 	rotated_fixation: pos = [0, 0]
31.3804 	EXP 	window1: mouseVisible = False
31.4049 	EXP 	rotated_fixation: opacity = 1
31.4049 	EXP 	rotated_fixation: pos = [0, 0]
31.4054 	EXP 	window1: mouseVisible = False
31.4249 	EXP 	rotated_fixation: opacity = 1
31.4249 	EXP 	rotated_fixation: pos = [0, 0]
31.4260 	EXP 	window1: mouseVisible = False
31.4414 	EXP 	rotated_fixation: opacity = 1
31.4414 	EXP 	rotated_fixation: pos = [0, 0]
31.4428 	EXP 	window1: mouseVisible = False
31.4593 	EXP 	rotated_fixation: opacity = 1
31.4593 	EXP 	rotated_fixation: pos = [0, 0]
31.4604 	EXP 	window1: mouseVisible = False
31.4767 	EXP 	rotated_fixation: opacity = 1
31.4767 	EXP 	rotated_fixation: pos = [0, 0]
31.4782 	EXP 	window1: mouseVisible = False
31.4923 	EXP 	rotated_fixation: opacity = 1
31.4923 	EXP 	rotated_fixation: pos = [0, 0]
31.4940 	EXP 	window1: mouseVisible = False
31.5121 	EXP 	rotated_fixation: opacity = 1
31.5121 	EXP 	rotated_fixation: pos = [0, 0]
31.5138 	EXP 	window1: mouseVisible = False
31.5407 	EXP 	rotated_fixation: opacity = 1
31.5407 	EXP 	rotated_fixation: pos = [0, 0]
31.5422 	EXP 	window1: mouseVisible = False
31.5580 	EXP 	rotated_fixation: opacity = 1
31.5580 	EXP 	rotated_fixation: pos = [0, 0]
31.5596 	EXP 	window1: mouseVisible = False
31.5744 	EXP 	rotated_fixation: opacity = 1
31.5744 	EXP 	rotated_fixation: pos = [0, 0]
31.5751 	EXP 	window1: mouseVisible = False
31.5915 	EXP 	rotated_fixation: opacity = 1
31.5915 	EXP 	rotated_fixation: pos = [0, 0]
31.5927 	EXP 	window1: mouseVisible = False
31.6081 	EXP 	rotated_fixation: opacity = 1
31.6081 	EXP 	rotated_fixation: pos = [0, 0]
31.6099 	EXP 	window1: mouseVisible = False
31.6291 	EXP 	rotated_fixation: opacity = 1
31.6291 	EXP 	rotated_fixation: pos = [0, 0]
31.6306 	EXP 	window1: mouseVisible = False
31.6548 	EXP 	rotated_fixation: opacity = 1
31.6548 	EXP 	rotated_fixation: pos = [0, 0]
31.6553 	EXP 	window1: mouseVisible = False
31.6755 	EXP 	rotated_fixation: opacity = 1
31.6755 	EXP 	rotated_fixation: pos = [0, 0]
31.6763 	EXP 	window1: mouseVisible = False
31.6950 	EXP 	rotated_fixation: opacity = 1
31.6950 	EXP 	rotated_fixation: pos = [0, 0]
31.6967 	EXP 	window1: mouseVisible = False
31.7229 	EXP 	rotated_fixation: opacity = 1
31.7229 	EXP 	rotated_fixation: pos = [0, 0]
31.7241 	EXP 	window1: mouseVisible = False
31.7489 	EXP 	rotated_fixation: opacity = 1
31.7489 	EXP 	rotated_fixation: pos = [0, 0]
31.7504 	EXP 	window1: mouseVisible = False
31.7592 	EXP 	rotated_fixation: opacity = 1
31.7592 	EXP 	rotated_fixation: pos = [0, 0]
31.7604 	EXP 	window1: mouseVisible = False
31.7757 	EXP 	rotated_fixation: opacity = 1
31.7757 	EXP 	rotated_fixation: pos = [0, 0]
31.7771 	EXP 	window1: mouseVisible = False
31.7919 	EXP 	rotated_fixation: opacity = 1
31.7919 	EXP 	rotated_fixation: pos = [0, 0]
31.7945 	EXP 	window1: mouseVisible = False
31.8114 	EXP 	rotated_fixation: opacity = 1
31.8114 	EXP 	rotated_fixation: pos = [0, 0]
31.8132 	EXP 	window1: mouseVisible = False
31.8296 	EXP 	rotated_fixation: opacity = 1
31.8296 	EXP 	rotated_fixation: pos = [0, 0]
31.8313 	EXP 	window1: mouseVisible = False
31.8600 	EXP 	rotated_fixation: opacity = 1
31.8600 	EXP 	rotated_fixation: pos = [0, 0]
31.8608 	EXP 	window1: mouseVisible = False
31.8758 	EXP 	rotated_fixation: opacity = 1
31.8758 	EXP 	rotated_fixation: pos = [0, 0]
31.8772 	EXP 	window1: mouseVisible = False
31.8976 	EXP 	rotated_fixation: opacity = 1
31.8976 	EXP 	rotated_fixation: pos = [0, 0]
31.8988 	EXP 	window1: mouseVisible = False
31.9082 	EXP 	rotated_fixation: opacity = 1
31.9082 	EXP 	rotated_fixation: pos = [0, 0]
31.9086 	EXP 	window1: mouseVisible = False
31.9239 	EXP 	rotated_fixation: opacity = 1
31.9239 	EXP 	rotated_fixation: pos = [0, 0]
31.9249 	EXP 	window1: mouseVisible = False
31.9443 	EXP 	rotated_fixation: opacity = 1
31.9443 	EXP 	rotated_fixation: pos = [0, 0]
31.9456 	DATA 	Mouse: Left button down, pos=(960,540)
31.9458 	EXP 	window1: mouseVisible = False
31.9691 	EXP 	rotated_fixation: opacity = 0
31.9707 	EXP 	window1: mouseVisible = False
31.9775 	EXP 	rotated_fixation: opacity = 0
31.9781 	EXP 	window1: mouseVisible = False
31.9908 	EXP 	rotated_fixation: opacity = 0
31.9915 	EXP 	window1: mouseVisible = False
32.0098 	EXP 	rotated_fixation: opacity = 0
32.0104 	EXP 	window1: mouseVisible = False
32.0342 	EXP 	rotated_fixation: opacity = 0
32.0351 	EXP 	window1: mouseVisible = False
32.0408 	EXP 	rotated_fixation: opacity = 0
32.0412 	EXP 	window1: mouseVisible = False
32.0575 	EXP 	rotated_fixation: opacity = 0
32.0584 	EXP 	window1: mouseVisible = False
32.0761 	EXP 	rotated_fixation: opacity = 0
32.0781 	EXP 	window1: mouseVisible = False
32.0927 	EXP 	rotated_fixation: opacity = 0
32.0953 	EXP 	window1: mouseVisible = False
32.1148 	EXP 	rotated_fixation: opacity = 0
32.1161 	EXP 	window1: mouseVisible = False
32.1256 	EXP 	rotated_fixation: opacity = 0
32.1267 	EXP 	window1: mouseVisible = False
32.1471 	EXP 	rotated_fixation: opacity = 0
32.1483 	EXP 	window1: mouseVisible = False
32.1596 	EXP 	rotated_fixation: opacity = 0
32.1608 	EXP 	window1: mouseVisible = False
32.1780 	EXP 	rotated_fixation: opacity = 0
32.1793 	EXP 	window1: mouseVisible = False
32.1929 	EXP 	rotated_fixation: opacity = 0
32.1940 	EXP 	window1: mouseVisible = False
32.2077 	EXP 	rotated_fixation: opacity = 0
32.2086 	EXP 	window1: mouseVisible = False
32.2260 	EXP 	rotated_fixation: opacity = 0
32.2274 	EXP 	window1: mouseVisible = False
32.2420 	EXP 	rotated_fixation: opacity = 0
32.2433 	EXP 	window1: mouseVisible = False
32.2640 	EXP 	rotated_fixation: opacity = 0
32.2654 	EXP 	window1: mouseVisible = False
32.2905 	EXP 	rotated_fixation: opacity = 0
32.2916 	EXP 	window1: mouseVisible = False
32.2977 	EXP 	rotated_fixation: opacity = 0
32.2981 	EXP 	window1: mouseVisible = False
32.3204 	EXP 	rotated_fixation: opacity = 0
32.3213 	EXP 	window1: mouseVisible = False
32.3391 	EXP 	rotated_fixation: opacity = 0
32.3399 	EXP 	window1: mouseVisible = False
32.3571 	EXP 	rotated_fixation: opacity = 0
32.3594 	EXP 	window1: mouseVisible = False
32.3774 	EXP 	rotated_fixation: opacity = 0
32.3789 	EXP 	window1: mouseVisible = False
32.3951 	EXP 	rotated_fixation: opacity = 0
32.3963 	EXP 	window1: mouseVisible = False
32.4096 	EXP 	rotated_fixation: opacity = 0
32.4108 	EXP 	window1: mouseVisible = False
32.4259 	EXP 	rotated_fixation: opacity = 0
32.4275 	EXP 	window1: mouseVisible = False
32.4426 	EXP 	rotated_fixation: opacity = 0
32.4439 	EXP 	window1: mouseVisible = False
32.4595 	EXP 	rotated_fixation: opacity = 0
32.4610 	EXP 	window1: mouseVisible = False
32.4751 	EXP 	rotated_fixation: opacity = 0
32.4765 	EXP 	window1: mouseVisible = False
32.4911 	EXP 	rotated_fixation: opacity = 0
32.4926 	EXP 	window1: mouseVisible = False
32.5263 	EXP 	rotated_fixation: opacity = 0
32.5263 	EXP 	rotated_fixation: pos = [-0.36018518518518516, 0.22222222222222218]
32.5263 	EXP 	rotated_fixation: opacity = 1
32.5263 	EXP 	rotated_enclosing_1: autoDraw = False
32.5263 	EXP 	rotated_enclosing: autoDraw = False
32.5263 	EXP 	rotated_target: autoDraw = False
32.5263 	EXP 	rotated_fixation: autoDraw = False
32.5263 	EXP 	rotated_fixation: opacity = 1
32.5263 	EXP 	rotated_target_feedback: pos = array([-0.3,  0.3])
32.5263 	EXP 	rotated_fixation_feedback: pos = array([-0.36018519,  0.22222222])
32.5263 	EXP 	rotated_score_text: text = 'Your score: 10'
32.5263 	EXP 	rotated_enclosing_feedback_1: autoDraw = True
32.5263 	EXP 	rotated_enclosing_feedback: autoDraw = True
32.5263 	EXP 	rotated_target_feedback: autoDraw = True
32.5263 	EXP 	rotated_fixation_feedback: autoDraw = True
32.5263 	EXP 	rotated_score_text: autoDraw = True
32.9364 	DATA 	Mouse:  Left button up, pos=(639,12)
33.0266 	EXP 	rotated_fixation_feedback: autoDraw = False
33.5098 	EXP 	New trial (rep=0, index=3): OrderedDict([('target_x', -0.3), ('target_y', -0.3), ('rotation', 0)])
33.5107 	EXP 	window1: mouseVisible = False
33.5242 	EXP 	rotated_enclosing_feedback_1: autoDraw = False
33.5242 	EXP 	rotated_enclosing_feedback: autoDraw = False
33.5242 	EXP 	rotated_target_feedback: autoDraw = False
33.5242 	EXP 	rotated_fixation_feedback: autoDraw = False
33.5242 	EXP 	rotated_score_text: autoDraw = False
33.5242 	EXP 	rotated_fixation: opacity = 1
33.5242 	EXP 	rotated_fixation: pos = [0, 0]
33.5242 	EXP 	rotated_enclosing_1: autoDraw = True
33.5242 	EXP 	rotated_enclosing: autoDraw = True
33.5242 	EXP 	rotated_fixation: autoDraw = True
33.5242 	EXP 	rotated_fixation: opacity = 1
33.5242 	EXP 	rotated_fixation: pos = [0, 0]
33.5250 	EXP 	window1: mouseVisible = False
33.5426 	EXP 	rotated_fixation: opacity = 1
33.5426 	EXP 	rotated_fixation: pos = [0, 0]
33.5431 	EXP 	window1: mouseVisible = False
33.5624 	EXP 	rotated_fixation: opacity = 1
33.5624 	EXP 	rotated_fixation: pos = [0, 0]
33.5629 	EXP 	window1: mouseVisible = False
33.5741 	EXP 	rotated_fixation: opacity = 1
33.5741 	EXP 	rotated_fixation: pos = [0, 0]
33.5743 	EXP 	window1: mouseVisible = False
33.5878 	EXP 	rotated_fixation: opacity = 1
33.5878 	EXP 	rotated_fixation: pos = [0, 0]
33.5881 	EXP 	window1: mouseVisible = False
33.6078 	EXP 	rotated_fixation: opacity = 1
33.6078 	EXP 	rotated_fixation: pos = [0, 0]
33.6084 	EXP 	window1: mouseVisible = False
33.6265 	EXP 	rotated_fixation: opacity = 1
33.6265 	EXP 	rotated_fixation: pos = [0, 0]
33.6271 	EXP 	window1: mouseVisible = False
33.6429 	EXP 	rotated_fixation: opacity = 1
33.6429 	EXP 	rotated_fixation: pos = [0, 0]
33.6436 	EXP 	window1: mouseVisible = False
33.6569 	EXP 	rotated_fixation: opacity = 1
33.6569 	EXP 	rotated_fixation: pos = [0, 0]
33.6584 	EXP 	window1: mouseVisible = False
33.6788 	EXP 	rotated_fixation: opacity = 1
33.6788 	EXP 	rotated_fixation: pos = [0, 0]
33.6801 	EXP 	window1: mouseVisible = False
33.7028 	EXP 	rotated_fixation: opacity = 1
33.7028 	EXP 	rotated_fixation: pos = [0, 0]
33.7037 	EXP 	window1: mouseVisible = False
33.7243 	EXP 	rotated_fixation: opacity = 1
33.7243 	EXP 	rotated_fixation: pos = [0, 0]
33.7246 	EXP 	window1: mouseVisible = False
33.7472 	EXP 	rotated_fixation: opacity = 1
33.7472 	EXP 	rotated_fixation: pos = [0, 0]
33.7487 	EXP 	window1: mouseVisible = False
33.7660 	EXP 	rotated_fixation: opacity = 1
33.7660 	EXP 	rotated_fixation: pos = [0, 0]
33.7666 	EXP 	window1: mouseVisible = False
33.7859 	EXP 	rotated_fixation: opacity = 1
33.7859 	EXP 	rotated_fixation: pos = [0, 0]
33.7861 	EXP 	window1: mouseVisible = False
33.8115 	EXP 	rotated_fixation: opacity = 1
33.8115 	EXP 	rotated_fixation: pos = [0, 0]
33.8121 	EXP 	window1: mouseVisible = False
33.8262 	EXP 	rotated_fixation: opacity = 1
33.8262 	EXP 	rotated_fixation: pos = [0, 0]
33.8276 	EXP 	window1: mouseVisible = False
33.8459 	EXP 	rotated_fixation: opacity = 1
33.8459 	EXP 	rotated_fixation: pos = [0, 0]
33.8465 	EXP 	window1: mouseVisible = False
33.8546 	EXP 	rotated_fixation: opacity = 1
33.8546 	EXP 	rotated_fixation: pos = [0, 0]
33.8549 	EXP 	window1: mouseVisible = False
33.8716 	EXP 	rotated_fixation: opacity = 1
33.8716 	EXP 	rotated_fixation: pos = [0, 0]
33.8718 	EXP 	window1: mouseVisible = False
33.8722 	DATA 	Keypress: escape
33.8876 	EXP 	rotated_fixation: opacity = 1
33.8876 	EXP 	rotated_fixation: pos = [0, 0]
33.8878 	EXP 	window1: mouseVisible = False
33.9042 	EXP 	rotated_fixation: opacity = 1
33.9042 	EXP 	rotated_fixation: pos = [0, 0]
33.9045 	EXP 	window1: mouseVisible = False
33.9216 	EXP 	rotated_fixation: opacity = 1
33.9216 	EXP 	rotated_fixation: pos = [0, 0]
33.9220 	EXP 	window1: mouseVisible = False
33.9398 	EXP 	rotated_fixation: opacity = 1
33.9398 	EXP 	rotated_fixation: pos = [0, 0]
33.9403 	EXP 	window1: mouseVisible = False
33.9561 	EXP 	rotated_fixation: opacity = 1
33.9561 	EXP 	rotated_fixation: pos = [0, 0]
33.9569 	EXP 	window1: mouseVisible = False
33.9730 	EXP 	rotated_fixation: opacity = 1
33.9730 	EXP 	rotated_fixation: pos = [0, 0]
33.9737 	EXP 	window1: mouseVisible = False
33.9906 	EXP 	rotated_fixation: opacity = 1
33.9906 	EXP 	rotated_fixation: pos = [0, 0]
33.9910 	EXP 	window1: mouseVisible = False
34.0058 	EXP 	rotated_fixation: opacity = 1
34.0058 	EXP 	rotated_fixation: pos = [0, 0]
34.0066 	EXP 	window1: mouseVisible = False
34.0256 	EXP 	rotated_fixation: opacity = 1
34.0256 	EXP 	rotated_fixation: pos = [0, 0]
34.0262 	EXP 	window1: mouseVisible = False
34.0383 	EXP 	rotated_fixation: opacity = 1
34.0383 	EXP 	rotated_fixation: pos = [0, 0]
34.0388 	EXP 	window1: mouseVisible = False
34.0625 	EXP 	rotated_fixation: opacity = 1
34.0625 	EXP 	rotated_fixation: pos = [0, 0]
34.0632 	EXP 	window1: mouseVisible = False
34.0750 	EXP 	rotated_fixation: opacity = 1
34.0750 	EXP 	rotated_fixation: pos = [0, 0]
34.0757 	EXP 	window1: mouseVisible = False
34.1023 	EXP 	rotated_fixation: opacity = 1
34.1023 	EXP 	rotated_fixation: pos = [0, 0]
34.1026 	EXP 	window1: mouseVisible = False
34.1250 	EXP 	rotated_fixation: opacity = 1
34.1250 	EXP 	rotated_fixation: pos = [0, 0]
34.1253 	EXP 	window1: mouseVisible = False
34.2232 	EXP 	window1: mouseVisible = True
