1.4976 	WARNING 	We strongly recommend you activate the PTB sound engine in PsychoPy prefs as the preferred audio engine. Its timing is vastly superior. Your prefs are currently set to use ['sounddevice', 'PTB', 'pyo', 'pygame'] (in that order).
11.9498 	EXP 	Created window1 = Window(allowGUI=False, allowStencil=False, args=UNKNOWN, autoLog=True, bitsMode=UNKNOWN, blendMode='avg', bpc=(8, 8, 8), color=array([0., 0., 0.]), colorSpace='rgb', depthBits=8, fullscr=<method-wrapper '__getattribute__' of attributeSetter object at 0x000001C3602767F0>, gamma=None, gammaErrorPolicy='raise', kwargs=UNKNOWN, lms=UNKNOWN, monitor=<psychopy.monitors.calibTools.Monitor object at 0x000001C35FECF828>, multiSample=False, name='window1', numSamples=2, pos=[0.0, 0.0], screen=0, size=array([1920, 1080]), stencilBits=0, stereo=False, units='height', useFBO=True, useRetina=False, viewOri=0.0, viewPos=None, viewScale=None, waitBlanking=True, winType='pyglet')
11.9505 	EXP 	window1: mouseVisible = True
11.9506 	EXP 	window1: recordFrameIntervals = False
12.1148 	EXP 	window1: recordFrameIntervals = True
12.2981 	EXP 	window1: recordFrameIntervals = False
12.6950 	EXP 	Created Welcome = TextStim(__class__=<class 'psychopy.visual.text.TextStim'>, alignHoriz=method-wrapper(...), alignText='center', alignVert=method-wrapper(...), anchorHoriz='center', anchorVert='center', antialias=True, autoLog=True, bold=False, color='white', colorSpace='named', contrast=1.0, depth=0.0, flipHoriz=False, flipVert=False, font='Arial', fontFiles=[], height=0.04, italic=False, languageStyle='LTR', name='Welcome', opacity=1.0, ori=0, pos=array([0., 0.]), rgb=array([255., 255., 255.]), text=str(...), units='height', win=Window(...), wrapWidth=1)
12.6951 	EXP 	window1: mouseVisible = True
12.7096 	EXP 	Created text = TextStim(__class__=<class 'psychopy.visual.text.TextStim'>, alignHoriz=method-wrapper(...), alignText='center', alignVert=method-wrapper(...), anchorHoriz='center', anchorVert='center', antialias=True, autoLog=True, bold=False, color='white', colorSpace='named', contrast=1.0, depth=0.0, flipHoriz=False, flipVert=False, font='Arial', fontFiles=[], height=0.04, italic=False, languageStyle='LTR', name='text', opacity=1.0, ori=0, pos=array([0., 0.]), rgb=array([255., 255., 255.]), text=str(...), units='height', win=Window(...), wrapWidth=1)
12.7098 	EXP 	window1: mouseVisible = True
12.7193 	EXP 	Created demo_enclosing = Polygon(__class__=<class 'psychopy.visual.polygon.Polygon'>, autoDraw=False, autoLog=True, closeShape=True, color=method-wrapper(...), colorSpace=None, contrast=1.0, depth=0.0, fillColor=array([0., 0., 0.]), fillColorSpace='rgb', fillRGB=array([0., 0., 0.]), interpolate=True, lineColor=array([1., 1., 1.]), lineColorSpace='rgb', lineRGB=array([1., 1., 1.]), lineWidth=15, name='demo_enclosing', opacity=1.0, ori=array(0.), pos=array([0., 0.]), size=array([0.84, 0.84]), units='height', vertices=ndarray(...), win=Window(...))
12.7225 	EXP 	Created demo_target = ShapeStim(__class__=<class 'psychopy.visual.shape.ShapeStim'>, autoDraw=False, autoLog=True, closeShape=True, contrast=1.0, depth=-1.0, fillColor=array([1., 1., 1.]), fillColorSpace='rgb', interpolate=True, lineColor=array([1., 1., 1.]), lineColorSpace='rgb', lineWidth=1, name='demo_target', opacity=1.0, ori=array(45.), pos=array([0., 0.]), size=array([0.05, 0.05]), units='height', vertices=ndarray(...), win=Window(...), windingRule=None)
12.7278 	EXP 	Created demo_fixation = Polygon(__class__=<class 'psychopy.visual.polygon.Polygon'>, autoDraw=False, autoLog=True, closeShape=True, color=method-wrapper(...), colorSpace=None, contrast=1.0, depth=-2.0, fillColor=array([1., 0., 0.]), fillColorSpace='rgb', fillRGB=array([1., 0., 0.]), interpolate=True, lineColor=array([1., 0., 0.]), lineColorSpace='rgb', lineRGB=array([1., 0., 0.]), lineWidth=1, name='demo_fixation', opacity=1.0, ori=array(0.), pos=array([0., 0.]), size=array([0.025, 0.025]), units='height', vertices=ndarray(...), win=Window(...))
12.7280 	EXP 	window1: mouseVisible = True
12.7314 	EXP 	Created demo_target_feedback = ShapeStim(__class__=<class 'psychopy.visual.shape.ShapeStim'>, autoDraw=False, autoLog=True, closeShape=True, contrast=1.0, depth=0.0, fillColor=array([1., 1., 1.]), fillColorSpace='rgb', interpolate=True, lineColor=array([1., 1., 1.]), lineColorSpace='rgb', lineWidth=1, name='demo_target_feedback', opacity=1.0, ori=array(45.), pos=array([0., 0.]), size=array([0.05, 0.05]), units='height', vertices=ndarray(...), win=Window(...), windingRule=None)
12.7360 	EXP 	Created demo_fixation_feedback = Polygon(__class__=<class 'psychopy.visual.polygon.Polygon'>, autoDraw=False, autoLog=True, closeShape=True, color=method-wrapper(...), colorSpace=None, contrast=1.0, depth=-1.0, fillColor=array([1., 0., 0.]), fillColorSpace='rgb', fillRGB=array([1., 0., 0.]), interpolate=True, lineColor=array([1., 0., 0.]), lineColorSpace='rgb', lineRGB=array([1., 0., 0.]), lineWidth=1, name='demo_fixation_feedback', opacity=1.0, ori=array(0.), pos=array([0., 0.]), size=array([0.025, 0.025]), units='height', vertices=ndarray(...), win=Window(...))
12.7544 	EXP 	Created text_3 = TextStim(__class__=<class 'psychopy.visual.text.TextStim'>, alignHoriz=method-wrapper(...), alignText='center', alignVert=method-wrapper(...), anchorHoriz='center', anchorVert='center', antialias=True, autoLog=True, bold=False, color='white', colorSpace='named', contrast=1.0, depth=0.0, flipHoriz=False, flipVert=False, font='Arial', fontFiles=[], height=0.04, italic=False, languageStyle='LTR', name='text_3', opacity=1.0, ori=0, pos=array([0., 0.]), rgb=array([255., 255., 255.]), text=str(...), units='height', win=Window(...), wrapWidth=1)
12.7546 	EXP 	window1: mouseVisible = True
12.7577 	EXP 	Created baseline_target = ShapeStim(__class__=<class 'psychopy.visual.shape.ShapeStim'>, autoDraw=False, autoLog=True, closeShape=True, contrast=1.0, depth=0.0, fillColor=array([1., 1., 1.]), fillColorSpace='rgb', interpolate=True, lineColor=array([1., 1., 1.]), lineColorSpace='rgb', lineWidth=1, name='baseline_target', opacity=1.0, ori=array(45.), pos=array([0., 0.]), size=array([0.05, 0.05]), units='height', vertices=ndarray(...), win=Window(...), windingRule=None)
12.7623 	EXP 	Created baseline_fixation = Polygon(__class__=<class 'psychopy.visual.polygon.Polygon'>, autoDraw=False, autoLog=True, closeShape=True, color=method-wrapper(...), colorSpace=None, contrast=1.0, depth=-1.0, fillColor=array([1., 0., 0.]), fillColorSpace='rgb', fillRGB=array([1., 0., 0.]), interpolate=True, lineColor=array([1., 0., 0.]), lineColorSpace='rgb', lineRGB=array([1., 0., 0.]), lineWidth=1, name='baseline_fixation', opacity=1.0, ori=array(0.), pos=array([0., 0.]), size=array([0.025, 0.025]), units='height', vertices=ndarray(...), win=Window(...))
12.7624 	EXP 	window1: mouseVisible = True
12.7654 	EXP 	Created baseline_target_feedback = ShapeStim(__class__=<class 'psychopy.visual.shape.ShapeStim'>, autoDraw=False, autoLog=True, closeShape=True, contrast=1.0, depth=0.0, fillColor=array([1., 1., 1.]), fillColorSpace='rgb', interpolate=True, lineColor=array([1., 1., 1.]), lineColorSpace='rgb', lineWidth=1, name='baseline_target_feedback', opacity=1.0, ori=array(45.), pos=array([0., 0.]), size=array([0.05, 0.05]), units='height', vertices=ndarray(...), win=Window(...), windingRule=None)
12.7699 	EXP 	Created baseline_fixation_feedback = Polygon(__class__=<class 'psychopy.visual.polygon.Polygon'>, autoDraw=False, autoLog=True, closeShape=True, color=method-wrapper(...), colorSpace=None, contrast=1.0, depth=-1.0, fillColor=array([1., 0., 0.]), fillColorSpace='rgb', fillRGB=array([1., 0., 0.]), interpolate=True, lineColor=array([1., 0., 0.]), lineColorSpace='rgb', lineRGB=array([1., 0., 0.]), lineWidth=1, name='baseline_fixation_feedback', opacity=1.0, ori=array(0.), pos=array([0., 0.]), size=array([0.025, 0.025]), units='height', vertices=ndarray(...), win=Window(...))
12.7984 	EXP 	Created text_2 = TextStim(__class__=<class 'psychopy.visual.text.TextStim'>, alignHoriz=method-wrapper(...), alignText='center', alignVert=method-wrapper(...), anchorHoriz='center', anchorVert='center', antialias=True, autoLog=True, bold=False, color='white', colorSpace='named', contrast=1.0, depth=0.0, flipHoriz=False, flipVert=False, font='Arial', fontFiles=[], height=0.04, italic=False, languageStyle='LTR', name='text_2', opacity=1.0, ori=0, pos=array([0., 0.]), rgb=array([255., 255., 255.]), text=str(...), units='height', win=Window(...), wrapWidth=1)
12.7986 	EXP 	window1: mouseVisible = True
12.8018 	EXP 	Created rotated_target = ShapeStim(__class__=<class 'psychopy.visual.shape.ShapeStim'>, autoDraw=False, autoLog=True, closeShape=True, contrast=1.0, depth=0.0, fillColor=array([1., 1., 1.]), fillColorSpace='rgb', interpolate=True, lineColor=array([1., 1., 1.]), lineColorSpace='rgb', lineWidth=1, name='rotated_target', opacity=1.0, ori=array(45.), pos=array([0., 0.]), size=array([0.05, 0.05]), units='height', vertices=ndarray(...), win=Window(...), windingRule=None)
12.8063 	EXP 	Created rotated_fixation = Polygon(__class__=<class 'psychopy.visual.polygon.Polygon'>, autoDraw=False, autoLog=True, closeShape=True, color=method-wrapper(...), colorSpace=None, contrast=1.0, depth=-1.0, fillColor=array([1., 0., 0.]), fillColorSpace='rgb', fillRGB=array([1., 0., 0.]), interpolate=True, lineColor=array([1., 0., 0.]), lineColorSpace='rgb', lineRGB=array([1., 0., 0.]), lineWidth=1, name='rotated_fixation', opacity=1.0, ori=array(0.), pos=array([0., 0.]), size=array([0.025, 0.025]), units='height', vertices=ndarray(...), win=Window(...))
12.8065 	EXP 	window1: mouseVisible = True
12.8096 	EXP 	Created rotated_target_feedback = ShapeStim(__class__=<class 'psychopy.visual.shape.ShapeStim'>, autoDraw=False, autoLog=True, closeShape=True, contrast=1.0, depth=0.0, fillColor=array([1., 1., 1.]), fillColorSpace='rgb', interpolate=True, lineColor=array([1., 1., 1.]), lineColorSpace='rgb', lineWidth=1, name='rotated_target_feedback', opacity=1.0, ori=array(45.), pos=array([0., 0.]), size=array([0.05, 0.05]), units='height', vertices=ndarray(...), win=Window(...), windingRule=None)
12.8140 	EXP 	Created rotated_fixation_feedback = Polygon(__class__=<class 'psychopy.visual.polygon.Polygon'>, autoDraw=False, autoLog=True, closeShape=True, color=method-wrapper(...), colorSpace=None, contrast=1.0, depth=-1.0, fillColor=array([1., 0., 0.]), fillColorSpace='rgb', fillRGB=array([1., 0., 0.]), interpolate=True, lineColor=array([1., 0., 0.]), lineColorSpace='rgb', lineRGB=array([1., 0., 0.]), lineWidth=1, name='rotated_fixation_feedback', opacity=1.0, ori=array(0.), pos=array([0., 0.]), size=array([0.025, 0.025]), units='height', vertices=ndarray(...), win=Window(...))
12.8366 	EXP 	Created rotated_breaks = TextStim(__class__=<class 'psychopy.visual.text.TextStim'>, alignHoriz=method-wrapper(...), alignText='center', alignVert=method-wrapper(...), anchorHoriz='center', anchorVert='center', antialias=True, autoLog=True, bold=False, color='white', colorSpace='named', contrast=1.0, depth=0.0, flipHoriz=False, flipVert=False, font='Arial', fontFiles=[], height=0.04, italic=False, languageStyle='LTR', name='rotated_breaks', opacity=1.0, ori=0, pos=array([0., 0.]), rgb=array([255., 255., 255.]), text=str(...), units='height', win=Window(...), wrapWidth=1)
12.8368 	EXP 	window1: mouseVisible = True
12.8399 	EXP 	Created transfer_target = ShapeStim(__class__=<class 'psychopy.visual.shape.ShapeStim'>, autoDraw=False, autoLog=True, closeShape=True, contrast=1.0, depth=0.0, fillColor=array([1., 1., 1.]), fillColorSpace='rgb', interpolate=True, lineColor=array([1., 1., 1.]), lineColorSpace='rgb', lineWidth=1, name='transfer_target', opacity=1.0, ori=array(45.), pos=array([0., 0.]), size=array([0.05, 0.05]), units='height', vertices=ndarray(...), win=Window(...), windingRule=None)
12.8446 	EXP 	Created transfer_fixation = Polygon(__class__=<class 'psychopy.visual.polygon.Polygon'>, autoDraw=False, autoLog=True, closeShape=True, color=method-wrapper(...), colorSpace=None, contrast=1.0, depth=-1.0, fillColor=array([1., 0., 0.]), fillColorSpace='rgb', fillRGB=array([1., 0., 0.]), interpolate=True, lineColor=array([1., 0., 0.]), lineColorSpace='rgb', lineRGB=array([1., 0., 0.]), lineWidth=1, name='transfer_fixation', opacity=1.0, ori=array(0.), pos=array([0., 0.]), size=array([0.025, 0.025]), units='height', vertices=ndarray(...), win=Window(...))
12.8447 	EXP 	window1: mouseVisible = True
12.8478 	EXP 	Created transfer_target_feedback = ShapeStim(__class__=<class 'psychopy.visual.shape.ShapeStim'>, autoDraw=False, autoLog=True, closeShape=True, contrast=1.0, depth=0.0, fillColor=array([1., 1., 1.]), fillColorSpace='rgb', interpolate=True, lineColor=array([1., 1., 1.]), lineColorSpace='rgb', lineWidth=1, name='transfer_target_feedback', opacity=1.0, ori=array(45.), pos=array([0., 0.]), size=array([0.05, 0.05]), units='height', vertices=ndarray(...), win=Window(...), windingRule=None)
12.8522 	EXP 	Created transfer_fixation_feedback = Polygon(__class__=<class 'psychopy.visual.polygon.Polygon'>, autoDraw=False, autoLog=True, closeShape=True, color=method-wrapper(...), colorSpace=None, contrast=1.0, depth=-1.0, fillColor=array([1., 0., 0.]), fillColorSpace='rgb', fillRGB=array([1., 0., 0.]), interpolate=True, lineColor=array([1., 0., 0.]), lineColorSpace='rgb', lineRGB=array([1., 0., 0.]), lineWidth=1, name='transfer_fixation_feedback', opacity=1.0, ori=array(0.), pos=array([0., 0.]), size=array([0.025, 0.025]), units='height', vertices=ndarray(...), win=Window(...))
12.8669 	EXP 	Created done_text = TextStim(__class__=<class 'psychopy.visual.text.TextStim'>, alignHoriz=method-wrapper(...), alignText='center', alignVert=method-wrapper(...), anchorHoriz='center', anchorVert='center', antialias=True, autoLog=True, bold=False, color='white', colorSpace='named', contrast=1.0, depth=0.0, flipHoriz=False, flipVert=False, font='Arial', fontFiles=[], height=0.04, italic=False, languageStyle='LTR', name='done_text', opacity=1.0, ori=0, pos=array([0., 0.]), rgb=array([255., 255., 255.]), text=str(...), units='height', win=Window(...), wrapWidth=1)
12.8671 	EXP 	window1: mouseVisible = True
12.9060 	EXP 	Welcome: autoDraw = True
15.9160 	DATA 	Mouse: Left button down, pos=(844,630)
15.9316 	EXP 	Created sequence: random, trialTypes=1, nReps=2, seed=None
15.9324 	EXP 	New trial (rep=0, index=0): None
15.9441 	EXP 	Welcome: autoDraw = False
15.9441 	EXP 	text: autoDraw = True
16.0323 	DATA 	Mouse:  Left button up, pos=(844,630)
17.4641 	DATA 	Mouse: Left button down, pos=(844,630)
17.5847 	EXP 	Imported conditions_demo.xlsx as conditions, 4 conditions, 3 params
17.5852 	EXP 	Created sequence: random, trialTypes=4, nReps=1, seed=None
17.5856 	EXP 	New trial (rep=0, index=0): OrderedDict([('target_x', 0.3), ('target_y', 0.3), ('rotation', 0)])
17.5870 	EXP 	window1: mouseVisible = False
17.5965 	EXP 	text: autoDraw = False
17.5965 	EXP 	demo_target: pos = array([0.3, 0.3])
17.5965 	EXP 	demo_fixation: pos = array([0., 0.])
17.5965 	EXP 	demo_fixation: opacity = 1
17.5965 	EXP 	demo_fixation: pos = [0, 0]
17.5965 	EXP 	demo_enclosing: autoDraw = True
17.5965 	EXP 	demo_target: autoDraw = True
17.5965 	EXP 	demo_fixation: autoDraw = True
17.5965 	EXP 	demo_fixation: opacity = 0
17.5975 	DATA 	Mouse:  Left button up, pos=(844,630)
17.5976 	EXP 	window1: mouseVisible = False
17.6082 	EXP 	demo_fixation: opacity = 1
17.6082 	EXP 	demo_fixation: pos = [0, 0]
17.6088 	EXP 	window1: mouseVisible = False
17.6252 	EXP 	demo_fixation: opacity = 1
17.6252 	EXP 	demo_fixation: pos = [0, 0]
17.6260 	EXP 	window1: mouseVisible = False
17.6421 	EXP 	demo_fixation: opacity = 1
17.6421 	EXP 	demo_fixation: pos = [0, 0]
17.6432 	EXP 	window1: mouseVisible = False
17.6591 	EXP 	demo_fixation: opacity = 1
17.6591 	EXP 	demo_fixation: pos = [0, 0]
17.6605 	EXP 	window1: mouseVisible = False
17.6758 	EXP 	demo_fixation: opacity = 1
17.6758 	EXP 	demo_fixation: pos = [0, 0]
17.6770 	EXP 	window1: mouseVisible = False
17.6924 	EXP 	demo_fixation: opacity = 1
17.6924 	EXP 	demo_fixation: pos = [0, 0]
17.6936 	EXP 	window1: mouseVisible = False
17.7092 	EXP 	demo_fixation: opacity = 1
17.7092 	EXP 	demo_fixation: pos = [0, 0]
17.7105 	EXP 	window1: mouseVisible = False
17.7260 	EXP 	demo_fixation: opacity = 1
17.7260 	EXP 	demo_fixation: pos = [0, 0]
17.7279 	EXP 	window1: mouseVisible = False
17.7425 	EXP 	demo_fixation: opacity = 1
17.7425 	EXP 	demo_fixation: pos = [0, 0]
17.7438 	EXP 	window1: mouseVisible = False
17.7592 	EXP 	demo_fixation: opacity = 1
17.7592 	EXP 	demo_fixation: pos = [0, 0]
17.7605 	EXP 	window1: mouseVisible = False
17.7757 	EXP 	demo_fixation: opacity = 1
17.7757 	EXP 	demo_fixation: pos = [0, 0]
17.7769 	EXP 	window1: mouseVisible = False
17.7924 	EXP 	demo_fixation: opacity = 1
17.7924 	EXP 	demo_fixation: pos = [0, 0]
17.7936 	EXP 	window1: mouseVisible = False
17.8093 	EXP 	demo_fixation: opacity = 1
17.8093 	EXP 	demo_fixation: pos = [0, 0]
17.8107 	EXP 	window1: mouseVisible = False
17.8257 	EXP 	demo_fixation: opacity = 1
17.8257 	EXP 	demo_fixation: pos = [0, 0]
17.8269 	EXP 	window1: mouseVisible = False
17.8424 	EXP 	demo_fixation: opacity = 1
17.8424 	EXP 	demo_fixation: pos = [0, 0]
17.8436 	EXP 	window1: mouseVisible = False
17.8592 	EXP 	demo_fixation: opacity = 1
17.8592 	EXP 	demo_fixation: pos = [0, 0]
17.8604 	EXP 	window1: mouseVisible = False
17.8756 	EXP 	demo_fixation: opacity = 1
17.8756 	EXP 	demo_fixation: pos = [0, 0]
17.8770 	EXP 	window1: mouseVisible = False
17.8925 	EXP 	demo_fixation: opacity = 1
17.8925 	EXP 	demo_fixation: pos = [0, 0]
17.8938 	EXP 	window1: mouseVisible = False
17.9089 	EXP 	demo_fixation: opacity = 1
17.9089 	EXP 	demo_fixation: pos = [0, 0]
17.9104 	EXP 	window1: mouseVisible = False
17.9257 	EXP 	demo_fixation: opacity = 1
17.9257 	EXP 	demo_fixation: pos = [0, 0]
17.9270 	EXP 	window1: mouseVisible = False
17.9421 	EXP 	demo_fixation: opacity = 1
17.9421 	EXP 	demo_fixation: pos = [0, 0]
17.9433 	EXP 	window1: mouseVisible = False
17.9588 	EXP 	demo_fixation: opacity = 1
17.9588 	EXP 	demo_fixation: pos = [0, 0]
17.9603 	EXP 	window1: mouseVisible = False
17.9757 	EXP 	demo_fixation: opacity = 1
17.9757 	EXP 	demo_fixation: pos = [0, 0]
17.9769 	EXP 	window1: mouseVisible = False
17.9923 	EXP 	demo_fixation: opacity = 1
17.9923 	EXP 	demo_fixation: pos = [0, 0]
17.9936 	EXP 	window1: mouseVisible = False
18.0090 	EXP 	demo_fixation: opacity = 1
18.0090 	EXP 	demo_fixation: pos = [0, 0]
18.0102 	EXP 	window1: mouseVisible = False
18.0255 	EXP 	demo_fixation: opacity = 1
18.0255 	EXP 	demo_fixation: pos = [0, 0]
18.0268 	EXP 	window1: mouseVisible = False
18.0422 	EXP 	demo_fixation: opacity = 1
18.0422 	EXP 	demo_fixation: pos = [0, 0]
18.0435 	EXP 	window1: mouseVisible = False
18.0588 	EXP 	demo_fixation: opacity = 1
18.0588 	EXP 	demo_fixation: pos = [0, 0]
18.0601 	EXP 	window1: mouseVisible = False
18.0754 	EXP 	demo_fixation: opacity = 1
18.0754 	EXP 	demo_fixation: pos = [0, 0]
18.0771 	EXP 	window1: mouseVisible = False
18.0923 	EXP 	demo_fixation: opacity = 1
18.0923 	EXP 	demo_fixation: pos = [0, 0]
18.0935 	EXP 	window1: mouseVisible = False
18.1089 	EXP 	demo_fixation: opacity = 1
18.1089 	EXP 	demo_fixation: pos = [0, 0]
18.1101 	EXP 	window1: mouseVisible = False
18.1255 	EXP 	demo_fixation: opacity = 1
18.1255 	EXP 	demo_fixation: pos = [0, 0]
18.1268 	EXP 	window1: mouseVisible = False
18.1422 	EXP 	demo_fixation: opacity = 1
18.1422 	EXP 	demo_fixation: pos = [0, 0]
18.1434 	EXP 	window1: mouseVisible = False
18.1586 	EXP 	demo_fixation: opacity = 1
18.1586 	EXP 	demo_fixation: pos = [0, 0]
18.1609 	EXP 	window1: mouseVisible = False
18.1754 	EXP 	demo_fixation: opacity = 1
18.1754 	EXP 	demo_fixation: pos = [0, 0]
18.1767 	EXP 	window1: mouseVisible = False
18.1921 	EXP 	demo_fixation: opacity = 1
18.1921 	EXP 	demo_fixation: pos = [0, 0]
18.1934 	EXP 	window1: mouseVisible = False
18.2086 	EXP 	demo_fixation: opacity = 1
18.2086 	EXP 	demo_fixation: pos = [0, 0]
18.2099 	EXP 	window1: mouseVisible = False
18.2253 	EXP 	demo_fixation: opacity = 1
18.2253 	EXP 	demo_fixation: pos = [0, 0]
18.2265 	EXP 	window1: mouseVisible = False
18.2422 	EXP 	demo_fixation: opacity = 1
18.2422 	EXP 	demo_fixation: pos = [0, 0]
18.2434 	EXP 	window1: mouseVisible = False
18.2588 	EXP 	demo_fixation: opacity = 1
18.2588 	EXP 	demo_fixation: pos = [0, 0]
18.2602 	EXP 	window1: mouseVisible = False
18.2755 	EXP 	demo_fixation: opacity = 1
18.2755 	EXP 	demo_fixation: pos = [0, 0]
18.2767 	EXP 	window1: mouseVisible = False
18.2921 	EXP 	demo_fixation: opacity = 1
18.2921 	EXP 	demo_fixation: pos = [0, 0]
18.2933 	EXP 	window1: mouseVisible = False
18.3086 	EXP 	demo_fixation: opacity = 1
18.3086 	EXP 	demo_fixation: pos = [0, 0]
18.3098 	EXP 	window1: mouseVisible = False
18.3254 	EXP 	demo_fixation: opacity = 1
18.3254 	EXP 	demo_fixation: pos = [0, 0]
18.3266 	EXP 	window1: mouseVisible = False
18.3420 	EXP 	demo_fixation: opacity = 1
18.3420 	EXP 	demo_fixation: pos = [0, 0]
18.3432 	EXP 	window1: mouseVisible = False
18.3586 	EXP 	demo_fixation: opacity = 1
18.3586 	EXP 	demo_fixation: pos = [0, 0]
18.3599 	EXP 	window1: mouseVisible = False
18.3751 	EXP 	demo_fixation: opacity = 1
18.3751 	EXP 	demo_fixation: pos = [0, 0]
18.3764 	EXP 	window1: mouseVisible = False
18.3918 	EXP 	demo_fixation: opacity = 1
18.3918 	EXP 	demo_fixation: pos = [0, 0]
18.3930 	EXP 	window1: mouseVisible = False
18.4085 	EXP 	demo_fixation: opacity = 1
18.4085 	EXP 	demo_fixation: pos = [0, 0]
18.4101 	EXP 	window1: mouseVisible = False
18.4253 	EXP 	demo_fixation: opacity = 1
18.4253 	EXP 	demo_fixation: pos = [0, 0]
18.4265 	EXP 	window1: mouseVisible = False
18.4419 	EXP 	demo_fixation: opacity = 1
18.4419 	EXP 	demo_fixation: pos = [0, 0]
18.4431 	EXP 	window1: mouseVisible = False
18.4586 	EXP 	demo_fixation: opacity = 1
18.4586 	EXP 	demo_fixation: pos = [0, 0]
18.4598 	EXP 	window1: mouseVisible = False
18.4751 	EXP 	demo_fixation: opacity = 1
18.4751 	EXP 	demo_fixation: pos = [0, 0]
18.4764 	EXP 	window1: mouseVisible = False
18.4919 	EXP 	demo_fixation: opacity = 1
18.4919 	EXP 	demo_fixation: pos = [0, 0]
18.4931 	EXP 	window1: mouseVisible = False
18.5085 	EXP 	demo_fixation: opacity = 1
18.5085 	EXP 	demo_fixation: pos = [0, 0]
18.5098 	EXP 	window1: mouseVisible = False
18.5250 	EXP 	demo_fixation: opacity = 1
18.5250 	EXP 	demo_fixation: pos = [0, 0]
18.5262 	EXP 	window1: mouseVisible = False
18.5418 	EXP 	demo_fixation: opacity = 1
18.5418 	EXP 	demo_fixation: pos = [0, 0]
18.5431 	EXP 	window1: mouseVisible = False
18.5585 	EXP 	demo_fixation: opacity = 1
18.5585 	EXP 	demo_fixation: pos = [0, 0]
18.5598 	EXP 	window1: mouseVisible = False
18.5751 	EXP 	demo_fixation: opacity = 1
18.5751 	EXP 	demo_fixation: pos = [0, 0]
18.5764 	EXP 	window1: mouseVisible = False
18.5917 	EXP 	demo_fixation: opacity = 1
18.5917 	EXP 	demo_fixation: pos = [0, 0]
18.5930 	EXP 	window1: mouseVisible = False
18.6084 	EXP 	demo_fixation: opacity = 1
18.6084 	EXP 	demo_fixation: pos = [0, 0]
18.6096 	EXP 	window1: mouseVisible = False
18.6251 	EXP 	demo_fixation: opacity = 1
18.6251 	EXP 	demo_fixation: pos = [0, 0]
18.6263 	EXP 	window1: mouseVisible = False
18.6416 	EXP 	demo_fixation: opacity = 1
18.6416 	EXP 	demo_fixation: pos = [0, 0]
18.6428 	EXP 	window1: mouseVisible = False
18.6582 	EXP 	demo_fixation: opacity = 1
18.6582 	EXP 	demo_fixation: pos = [0, 0]
18.6594 	EXP 	window1: mouseVisible = False
18.6751 	EXP 	demo_fixation: opacity = 1
18.6751 	EXP 	demo_fixation: pos = [0, 0]
18.6764 	EXP 	window1: mouseVisible = False
18.6917 	EXP 	demo_fixation: opacity = 1
18.6917 	EXP 	demo_fixation: pos = [0, 0]
18.6930 	EXP 	window1: mouseVisible = False
18.7082 	EXP 	demo_fixation: opacity = 1
18.7082 	EXP 	demo_fixation: pos = [0, 0]
18.7096 	EXP 	window1: mouseVisible = False
18.7250 	EXP 	demo_fixation: opacity = 1
18.7250 	EXP 	demo_fixation: pos = [0, 0]
18.7262 	EXP 	window1: mouseVisible = False
18.7417 	EXP 	demo_fixation: opacity = 1
18.7417 	EXP 	demo_fixation: pos = [0, 0]
18.7429 	EXP 	window1: mouseVisible = False
18.7583 	EXP 	demo_fixation: opacity = 1
18.7583 	EXP 	demo_fixation: pos = [0, 0]
18.7596 	EXP 	window1: mouseVisible = False
18.7750 	EXP 	demo_fixation: opacity = 1
18.7750 	EXP 	demo_fixation: pos = [0, 0]
18.7762 	EXP 	window1: mouseVisible = False
18.7914 	EXP 	demo_fixation: opacity = 1
18.7914 	EXP 	demo_fixation: pos = [0, 0]
18.7927 	EXP 	window1: mouseVisible = False
18.8083 	EXP 	demo_fixation: opacity = 1
18.8083 	EXP 	demo_fixation: pos = [0, 0]
18.8095 	EXP 	window1: mouseVisible = False
18.8249 	EXP 	demo_fixation: opacity = 1
18.8249 	EXP 	demo_fixation: pos = [0, 0]
18.8261 	EXP 	window1: mouseVisible = False
18.8414 	EXP 	demo_fixation: opacity = 1
18.8414 	EXP 	demo_fixation: pos = [0, 0]
18.8426 	EXP 	window1: mouseVisible = False
18.8589 	EXP 	demo_fixation: opacity = 1
18.8589 	EXP 	demo_fixation: pos = [0, 0]
18.8601 	EXP 	window1: mouseVisible = False
18.8747 	EXP 	demo_fixation: opacity = 1
18.8747 	EXP 	demo_fixation: pos = [0, 0]
18.8759 	EXP 	window1: mouseVisible = False
18.8913 	EXP 	demo_fixation: opacity = 1
18.8913 	EXP 	demo_fixation: pos = [0, 0]
18.8926 	EXP 	window1: mouseVisible = False
18.9080 	EXP 	demo_fixation: opacity = 1
18.9080 	EXP 	demo_fixation: pos = [0, 0]
18.9095 	EXP 	window1: mouseVisible = False
18.9248 	EXP 	demo_fixation: opacity = 1
18.9248 	EXP 	demo_fixation: pos = [0, 0]
18.9263 	EXP 	window1: mouseVisible = False
18.9412 	EXP 	demo_fixation: opacity = 1
18.9412 	EXP 	demo_fixation: pos = [0, 0]
18.9426 	EXP 	window1: mouseVisible = False
18.9580 	EXP 	demo_fixation: opacity = 1
18.9580 	EXP 	demo_fixation: pos = [0, 0]
18.9593 	EXP 	window1: mouseVisible = False
18.9747 	EXP 	demo_fixation: opacity = 1
18.9747 	EXP 	demo_fixation: pos = [0, 0]
18.9760 	EXP 	window1: mouseVisible = False
18.9914 	EXP 	demo_fixation: opacity = 1
18.9914 	EXP 	demo_fixation: pos = [0, 0]
18.9926 	EXP 	window1: mouseVisible = False
19.0081 	EXP 	demo_fixation: opacity = 1
19.0081 	EXP 	demo_fixation: pos = [0, 0]
19.0093 	EXP 	window1: mouseVisible = False
19.0246 	EXP 	demo_fixation: opacity = 1
19.0246 	EXP 	demo_fixation: pos = [0, 0]
19.0258 	EXP 	window1: mouseVisible = False
19.0413 	EXP 	demo_fixation: opacity = 1
19.0413 	EXP 	demo_fixation: pos = [0, 0]
19.0426 	EXP 	window1: mouseVisible = False
19.0580 	EXP 	demo_fixation: opacity = 1
19.0580 	EXP 	demo_fixation: pos = [0, 0]
19.0592 	EXP 	window1: mouseVisible = False
19.0747 	EXP 	demo_fixation: opacity = 1
19.0747 	EXP 	demo_fixation: pos = [0, 0]
19.0759 	EXP 	window1: mouseVisible = False
19.0913 	EXP 	demo_fixation: opacity = 1
19.0913 	EXP 	demo_fixation: pos = [0, 0]
19.0925 	EXP 	window1: mouseVisible = False
19.1079 	EXP 	demo_fixation: opacity = 1
19.1079 	EXP 	demo_fixation: pos = [0, 0]
19.1091 	EXP 	window1: mouseVisible = False
19.1246 	EXP 	demo_fixation: opacity = 1
19.1246 	EXP 	demo_fixation: pos = [0, 0]
19.1259 	EXP 	window1: mouseVisible = False
19.1411 	EXP 	demo_fixation: opacity = 1
19.1411 	EXP 	demo_fixation: pos = [0, 0]
19.1429 	EXP 	window1: mouseVisible = False
19.1579 	EXP 	demo_fixation: opacity = 1
19.1579 	EXP 	demo_fixation: pos = [0, 0]
19.1592 	EXP 	window1: mouseVisible = False
19.1746 	EXP 	demo_fixation: opacity = 1
19.1746 	EXP 	demo_fixation: pos = [0, 0]
19.1759 	EXP 	window1: mouseVisible = False
19.1913 	EXP 	demo_fixation: opacity = 1
19.1913 	EXP 	demo_fixation: pos = [0, 0]
19.1926 	EXP 	window1: mouseVisible = False
19.2078 	EXP 	demo_fixation: opacity = 1
19.2078 	EXP 	demo_fixation: pos = [0, 0]
19.2092 	EXP 	window1: mouseVisible = False
19.2246 	EXP 	demo_fixation: opacity = 1
19.2246 	EXP 	demo_fixation: pos = [0, 0]
19.2258 	EXP 	window1: mouseVisible = False
19.2411 	EXP 	demo_fixation: opacity = 1
19.2411 	EXP 	demo_fixation: pos = [0, 0]
19.2424 	EXP 	window1: mouseVisible = False
19.2578 	EXP 	demo_fixation: opacity = 1
19.2578 	EXP 	demo_fixation: pos = [0, 0]
19.2591 	EXP 	window1: mouseVisible = False
19.2746 	EXP 	demo_fixation: opacity = 1
19.2746 	EXP 	demo_fixation: pos = [0, 0]
19.2759 	EXP 	window1: mouseVisible = False
19.2911 	EXP 	demo_fixation: opacity = 1
19.2911 	EXP 	demo_fixation: pos = [0, 0]
19.2923 	EXP 	window1: mouseVisible = False
19.3077 	EXP 	demo_fixation: opacity = 1
19.3077 	EXP 	demo_fixation: pos = [0, 0]
19.3090 	EXP 	window1: mouseVisible = False
19.3245 	EXP 	demo_fixation: opacity = 1
19.3245 	EXP 	demo_fixation: pos = [0, 0]
19.3258 	EXP 	window1: mouseVisible = False
19.3409 	EXP 	demo_fixation: opacity = 1
19.3409 	EXP 	demo_fixation: pos = [0, 0]
19.3422 	EXP 	window1: mouseVisible = False
19.3577 	EXP 	demo_fixation: opacity = 1
19.3577 	EXP 	demo_fixation: pos = [0, 0]
19.3589 	EXP 	window1: mouseVisible = False
19.3744 	EXP 	demo_fixation: opacity = 1
19.3744 	EXP 	demo_fixation: pos = [0, 0]
19.3756 	EXP 	window1: mouseVisible = False
19.3908 	EXP 	demo_fixation: opacity = 1
19.3908 	EXP 	demo_fixation: pos = [0, 0]
19.3920 	EXP 	window1: mouseVisible = False
19.4076 	EXP 	demo_fixation: opacity = 1
19.4076 	EXP 	demo_fixation: pos = [0, 0]
19.4088 	EXP 	window1: mouseVisible = False
19.4244 	EXP 	demo_fixation: opacity = 1
19.4244 	EXP 	demo_fixation: pos = [0, 0]
19.4256 	EXP 	window1: mouseVisible = False
19.4409 	EXP 	demo_fixation: opacity = 1
19.4409 	EXP 	demo_fixation: pos = [0, 0]
19.4422 	EXP 	window1: mouseVisible = False
19.4576 	EXP 	demo_fixation: opacity = 1
19.4576 	EXP 	demo_fixation: pos = [0, 0]
19.4589 	EXP 	window1: mouseVisible = False
19.4742 	EXP 	demo_fixation: opacity = 1
19.4742 	EXP 	demo_fixation: pos = [0, 0]
19.4754 	EXP 	window1: mouseVisible = False
19.4909 	EXP 	demo_fixation: opacity = 1
19.4909 	EXP 	demo_fixation: pos = [0, 0]
19.4922 	EXP 	window1: mouseVisible = False
19.5076 	EXP 	demo_fixation: opacity = 1
19.5076 	EXP 	demo_fixation: pos = [0, 0]
19.5088 	EXP 	window1: mouseVisible = False
19.5242 	EXP 	demo_fixation: opacity = 1
19.5242 	EXP 	demo_fixation: pos = [0, 0]
19.5257 	EXP 	window1: mouseVisible = False
19.5409 	EXP 	demo_fixation: opacity = 1
19.5409 	EXP 	demo_fixation: pos = [0, 0]
19.5422 	EXP 	window1: mouseVisible = False
19.5576 	EXP 	demo_fixation: opacity = 1
19.5576 	EXP 	demo_fixation: pos = [0, 0]
19.5588 	EXP 	window1: mouseVisible = False
19.5742 	EXP 	demo_fixation: opacity = 1
19.5742 	EXP 	demo_fixation: pos = [0, 0]
19.5754 	EXP 	window1: mouseVisible = False
19.5909 	EXP 	demo_fixation: opacity = 1
19.5909 	EXP 	demo_fixation: pos = [0, 0]
19.5921 	EXP 	window1: mouseVisible = False
19.6073 	EXP 	demo_fixation: opacity = 1
19.6073 	EXP 	demo_fixation: pos = [0, 0]
19.6085 	EXP 	window1: mouseVisible = False
19.6240 	EXP 	demo_fixation: opacity = 1
19.6240 	EXP 	demo_fixation: pos = [0, 0]
19.6253 	EXP 	window1: mouseVisible = False
19.6407 	EXP 	demo_fixation: opacity = 1
19.6407 	EXP 	demo_fixation: pos = [0, 0]
19.6420 	EXP 	window1: mouseVisible = False
19.6573 	EXP 	demo_fixation: opacity = 1
19.6573 	EXP 	demo_fixation: pos = [0, 0]
19.6588 	EXP 	window1: mouseVisible = False
19.6740 	EXP 	demo_fixation: opacity = 1
19.6740 	EXP 	demo_fixation: pos = [0, 0]
19.6753 	EXP 	window1: mouseVisible = False
19.6908 	EXP 	demo_fixation: opacity = 1
19.6908 	EXP 	demo_fixation: pos = [0, 0]
19.6924 	EXP 	window1: mouseVisible = False
19.7074 	EXP 	demo_fixation: opacity = 1
19.7074 	EXP 	demo_fixation: pos = [0, 0]
19.7086 	EXP 	window1: mouseVisible = False
19.7239 	EXP 	demo_fixation: opacity = 1
19.7239 	EXP 	demo_fixation: pos = [0, 0]
19.7251 	EXP 	window1: mouseVisible = False
19.7405 	EXP 	demo_fixation: opacity = 1
19.7405 	EXP 	demo_fixation: pos = [0, 0]
19.7419 	EXP 	window1: mouseVisible = False
19.7576 	EXP 	demo_fixation: opacity = 1
19.7576 	EXP 	demo_fixation: pos = [0, 0]
19.7594 	EXP 	window1: mouseVisible = False
19.7740 	EXP 	demo_fixation: opacity = 1
19.7740 	EXP 	demo_fixation: pos = [0, 0]
19.7753 	EXP 	window1: mouseVisible = False
19.7905 	EXP 	demo_fixation: opacity = 1
19.7905 	EXP 	demo_fixation: pos = [0, 0]
19.7917 	EXP 	window1: mouseVisible = False
19.8073 	EXP 	demo_fixation: opacity = 1
19.8073 	EXP 	demo_fixation: pos = [0, 0]
19.8085 	EXP 	window1: mouseVisible = False
19.8239 	EXP 	demo_fixation: opacity = 1
19.8239 	EXP 	demo_fixation: pos = [0, 0]
19.8251 	EXP 	window1: mouseVisible = False
19.8406 	EXP 	demo_fixation: opacity = 1
19.8406 	EXP 	demo_fixation: pos = [0, 0]
19.8419 	EXP 	window1: mouseVisible = False
19.8570 	EXP 	demo_fixation: opacity = 1
19.8570 	EXP 	demo_fixation: pos = [0, 0]
19.8583 	EXP 	window1: mouseVisible = False
19.8739 	EXP 	demo_fixation: opacity = 1
19.8739 	EXP 	demo_fixation: pos = [0, 0]
19.8751 	EXP 	window1: mouseVisible = False
19.8906 	EXP 	demo_fixation: opacity = 1
19.8906 	EXP 	demo_fixation: pos = [0, 0]
19.8918 	EXP 	window1: mouseVisible = False
19.9070 	EXP 	demo_fixation: opacity = 1
19.9070 	EXP 	demo_fixation: pos = [0, 0]
19.9088 	EXP 	window1: mouseVisible = False
19.9237 	EXP 	demo_fixation: opacity = 1
19.9237 	EXP 	demo_fixation: pos = [0, 0]
19.9249 	EXP 	window1: mouseVisible = False
19.9405 	EXP 	demo_fixation: opacity = 1
19.9405 	EXP 	demo_fixation: pos = [0, 0]
19.9417 	EXP 	window1: mouseVisible = False
19.9571 	EXP 	demo_fixation: opacity = 1
19.9571 	EXP 	demo_fixation: pos = [0, 0]
19.9584 	EXP 	window1: mouseVisible = False
19.9737 	EXP 	demo_fixation: opacity = 1
19.9737 	EXP 	demo_fixation: pos = [0, 0]
19.9749 	EXP 	window1: mouseVisible = False
19.9902 	EXP 	demo_fixation: opacity = 1
19.9902 	EXP 	demo_fixation: pos = [0, 0]
19.9914 	EXP 	window1: mouseVisible = False
20.0070 	EXP 	demo_fixation: opacity = 1
20.0070 	EXP 	demo_fixation: pos = [0, 0]
20.0083 	EXP 	window1: mouseVisible = False
20.0237 	EXP 	demo_fixation: opacity = 1
20.0237 	EXP 	demo_fixation: pos = [0, 0]
20.0249 	EXP 	window1: mouseVisible = False
20.0403 	EXP 	demo_fixation: opacity = 1
20.0403 	EXP 	demo_fixation: pos = [0, 0]
20.0415 	EXP 	window1: mouseVisible = False
20.0569 	EXP 	demo_fixation: opacity = 1
20.0569 	EXP 	demo_fixation: pos = [0, 0]
20.0581 	EXP 	window1: mouseVisible = False
20.0737 	EXP 	demo_fixation: opacity = 1
20.0737 	EXP 	demo_fixation: pos = [0, 0]
20.0766 	EXP 	window1: mouseVisible = False
20.0903 	EXP 	demo_fixation: opacity = 1
20.0903 	EXP 	demo_fixation: pos = [0, 0]
20.0915 	EXP 	window1: mouseVisible = False
20.1069 	EXP 	demo_fixation: opacity = 1
20.1069 	EXP 	demo_fixation: pos = [0, 0]
20.1081 	EXP 	window1: mouseVisible = False
20.1236 	EXP 	demo_fixation: opacity = 1
20.1236 	EXP 	demo_fixation: pos = [0, 0]
20.1249 	EXP 	window1: mouseVisible = False
20.1404 	EXP 	demo_fixation: opacity = 1
20.1404 	EXP 	demo_fixation: pos = [0, 0]
20.1416 	EXP 	window1: mouseVisible = False
20.1569 	EXP 	demo_fixation: opacity = 1
20.1569 	EXP 	demo_fixation: pos = [0, 0]
20.1584 	EXP 	window1: mouseVisible = False
20.1734 	EXP 	demo_fixation: opacity = 1
20.1734 	EXP 	demo_fixation: pos = [0, 0]
20.1747 	EXP 	window1: mouseVisible = False
20.1902 	EXP 	demo_fixation: opacity = 1
20.1902 	EXP 	demo_fixation: pos = [0, 0]
20.1914 	EXP 	window1: mouseVisible = False
20.2067 	EXP 	demo_fixation: opacity = 1
20.2067 	EXP 	demo_fixation: pos = [0, 0]
20.2080 	EXP 	window1: mouseVisible = False
20.2240 	EXP 	demo_fixation: opacity = 1
20.2240 	EXP 	demo_fixation: pos = [0, 0]
20.2252 	EXP 	window1: mouseVisible = False
20.2403 	EXP 	demo_fixation: opacity = 1
20.2403 	EXP 	demo_fixation: pos = [0, 0]
20.2418 	EXP 	window1: mouseVisible = False
20.2568 	EXP 	demo_fixation: opacity = 1
20.2568 	EXP 	demo_fixation: pos = [0, 0]
20.2581 	EXP 	window1: mouseVisible = False
20.2733 	EXP 	demo_fixation: opacity = 1
20.2733 	EXP 	demo_fixation: pos = [0, 0]
20.2745 	EXP 	window1: mouseVisible = False
20.2902 	EXP 	demo_fixation: opacity = 1
20.2902 	EXP 	demo_fixation: pos = [0, 0]
20.2914 	EXP 	window1: mouseVisible = False
20.3068 	EXP 	demo_fixation: opacity = 1
20.3068 	EXP 	demo_fixation: pos = [0, 0]
20.3080 	EXP 	window1: mouseVisible = False
20.3235 	EXP 	demo_fixation: opacity = 1
20.3235 	EXP 	demo_fixation: pos = [0, 0]
20.3248 	EXP 	window1: mouseVisible = False
20.3402 	EXP 	demo_fixation: opacity = 1
20.3402 	EXP 	demo_fixation: pos = [0, 0]
20.3414 	EXP 	window1: mouseVisible = False
20.3567 	EXP 	demo_fixation: opacity = 1
20.3567 	EXP 	demo_fixation: pos = [0, 0]
20.3579 	EXP 	window1: mouseVisible = False
20.3734 	EXP 	demo_fixation: opacity = 1
20.3734 	EXP 	demo_fixation: pos = [0, 0]
20.3747 	EXP 	window1: mouseVisible = False
20.3901 	EXP 	demo_fixation: opacity = 1
20.3901 	EXP 	demo_fixation: pos = [0, 0]
20.3913 	EXP 	window1: mouseVisible = False
20.4066 	EXP 	demo_fixation: opacity = 1
20.4066 	EXP 	demo_fixation: pos = [0, 0]
20.4087 	EXP 	window1: mouseVisible = False
20.4234 	EXP 	demo_fixation: opacity = 1
20.4234 	EXP 	demo_fixation: pos = [0, 0]
20.4247 	EXP 	window1: mouseVisible = False
20.4400 	EXP 	demo_fixation: opacity = 1
20.4400 	EXP 	demo_fixation: pos = [0, 0]
20.4412 	EXP 	window1: mouseVisible = False
20.4567 	EXP 	demo_fixation: opacity = 1
20.4567 	EXP 	demo_fixation: pos = [0, 0]
20.4582 	EXP 	window1: mouseVisible = False
20.4733 	EXP 	demo_fixation: opacity = 1
20.4733 	EXP 	demo_fixation: pos = [0, 0]
20.4745 	EXP 	window1: mouseVisible = False
20.4900 	EXP 	demo_fixation: opacity = 1
20.4900 	EXP 	demo_fixation: pos = [0, 0]
20.4913 	EXP 	window1: mouseVisible = False
20.5065 	EXP 	demo_fixation: opacity = 1
20.5065 	EXP 	demo_fixation: pos = [0, 0]
20.5077 	EXP 	window1: mouseVisible = False
20.5233 	EXP 	demo_fixation: opacity = 1
20.5233 	EXP 	demo_fixation: pos = [0, 0]
20.5245 	EXP 	window1: mouseVisible = False
20.5398 	EXP 	demo_fixation: opacity = 1
20.5398 	EXP 	demo_fixation: pos = [0, 0]
20.5410 	EXP 	window1: mouseVisible = False
20.5565 	EXP 	demo_fixation: opacity = 1
20.5565 	EXP 	demo_fixation: pos = [0, 0]
20.5577 	EXP 	window1: mouseVisible = False
20.5733 	EXP 	demo_fixation: opacity = 1
20.5733 	EXP 	demo_fixation: pos = [0, 0]
20.5745 	EXP 	window1: mouseVisible = False
20.5899 	EXP 	demo_fixation: opacity = 1
20.5899 	EXP 	demo_fixation: pos = [0, 0]
20.5911 	EXP 	window1: mouseVisible = False
20.6065 	EXP 	demo_fixation: opacity = 1
20.6065 	EXP 	demo_fixation: pos = [0, 0]
20.6078 	EXP 	window1: mouseVisible = False
20.6232 	EXP 	demo_fixation: opacity = 1
20.6232 	EXP 	demo_fixation: pos = [0, 0]
20.6244 	EXP 	window1: mouseVisible = False
20.6400 	EXP 	demo_fixation: opacity = 1
20.6400 	EXP 	demo_fixation: pos = [0, 0]
20.6412 	EXP 	window1: mouseVisible = False
20.6564 	EXP 	demo_fixation: opacity = 1
20.6564 	EXP 	demo_fixation: pos = [0, 0]
20.6576 	EXP 	window1: mouseVisible = False
20.6731 	EXP 	demo_fixation: opacity = 1
20.6731 	EXP 	demo_fixation: pos = [0, 0]
20.6749 	EXP 	window1: mouseVisible = False
20.6897 	EXP 	demo_fixation: opacity = 1
20.6897 	EXP 	demo_fixation: pos = [0, 0]
20.6909 	EXP 	window1: mouseVisible = False
20.7064 	EXP 	demo_fixation: opacity = 1
20.7064 	EXP 	demo_fixation: pos = [0, 0]
20.7076 	EXP 	window1: mouseVisible = False
20.7231 	EXP 	demo_fixation: opacity = 1
20.7231 	EXP 	demo_fixation: pos = [0, 0]
20.7243 	EXP 	window1: mouseVisible = False
20.7398 	EXP 	demo_fixation: opacity = 1
20.7398 	EXP 	demo_fixation: pos = [0, 0]
20.7410 	EXP 	window1: mouseVisible = False
20.7563 	EXP 	demo_fixation: opacity = 1
20.7563 	EXP 	demo_fixation: pos = [0, 0]
20.7576 	EXP 	window1: mouseVisible = False
20.7730 	EXP 	demo_fixation: opacity = 1
20.7730 	EXP 	demo_fixation: pos = [0, 0]
20.7742 	EXP 	window1: mouseVisible = False
20.7895 	EXP 	demo_fixation: opacity = 1
20.7895 	EXP 	demo_fixation: pos = [0, 0]
20.7908 	EXP 	window1: mouseVisible = False
20.8062 	EXP 	demo_fixation: opacity = 1
20.8062 	EXP 	demo_fixation: pos = [0, 0]
20.8075 	EXP 	window1: mouseVisible = False
20.8230 	EXP 	demo_fixation: opacity = 1
20.8230 	EXP 	demo_fixation: pos = [0, 0]
20.8242 	EXP 	window1: mouseVisible = False
20.8397 	EXP 	demo_fixation: opacity = 1
20.8397 	EXP 	demo_fixation: pos = [0, 0]
20.8414 	EXP 	window1: mouseVisible = False
20.8562 	EXP 	demo_fixation: opacity = 1
20.8562 	EXP 	demo_fixation: pos = [0, 0]
20.8575 	EXP 	window1: mouseVisible = False
20.8728 	EXP 	demo_fixation: opacity = 1
20.8728 	EXP 	demo_fixation: pos = [0, 0]
20.8740 	EXP 	window1: mouseVisible = False
20.8895 	EXP 	demo_fixation: opacity = 1
20.8895 	EXP 	demo_fixation: pos = [0, 0]
20.8908 	EXP 	window1: mouseVisible = False
20.9061 	EXP 	demo_fixation: opacity = 1
20.9061 	EXP 	demo_fixation: pos = [0, 0]
20.9073 	EXP 	window1: mouseVisible = False
20.9227 	EXP 	demo_fixation: opacity = 1
20.9227 	EXP 	demo_fixation: pos = [0, 0]
20.9239 	EXP 	window1: mouseVisible = False
20.9397 	EXP 	demo_fixation: opacity = 1
20.9397 	EXP 	demo_fixation: pos = [0, 0]
20.9409 	EXP 	window1: mouseVisible = False
20.9560 	EXP 	demo_fixation: opacity = 1
20.9560 	EXP 	demo_fixation: pos = [0, 0]
20.9573 	EXP 	window1: mouseVisible = False
20.9737 	EXP 	demo_fixation: opacity = 1
20.9737 	EXP 	demo_fixation: pos = [0, 0]
20.9755 	EXP 	window1: mouseVisible = False
20.9894 	EXP 	demo_fixation: opacity = 1
20.9894 	EXP 	demo_fixation: pos = [0, 0]
20.9906 	EXP 	window1: mouseVisible = False
21.0062 	EXP 	demo_fixation: opacity = 1
21.0062 	EXP 	demo_fixation: pos = [0, 0]
21.0074 	EXP 	window1: mouseVisible = False
21.0228 	EXP 	demo_fixation: opacity = 1
21.0228 	EXP 	demo_fixation: pos = [0, 0]
21.0241 	EXP 	window1: mouseVisible = False
21.0393 	EXP 	demo_fixation: opacity = 1
21.0393 	EXP 	demo_fixation: pos = [0, 0]
21.0406 	EXP 	window1: mouseVisible = False
21.0559 	EXP 	demo_fixation: opacity = 1
21.0559 	EXP 	demo_fixation: pos = [0, 0]
21.0571 	EXP 	window1: mouseVisible = False
21.0726 	EXP 	demo_fixation: opacity = 1
21.0726 	EXP 	demo_fixation: pos = [0, 0]
21.0739 	EXP 	window1: mouseVisible = False
21.0893 	EXP 	demo_fixation: opacity = 1
21.0893 	EXP 	demo_fixation: pos = [0, 0]
21.0905 	EXP 	window1: mouseVisible = False
21.1060 	EXP 	demo_fixation: opacity = 1
21.1060 	EXP 	demo_fixation: pos = [0, 0]
21.1073 	EXP 	window1: mouseVisible = False
21.1226 	EXP 	demo_fixation: opacity = 1
21.1226 	EXP 	demo_fixation: pos = [0, 0]
21.1238 	EXP 	window1: mouseVisible = False
21.1394 	EXP 	demo_fixation: opacity = 1
21.1394 	EXP 	demo_fixation: pos = [0, 0]
21.1406 	EXP 	window1: mouseVisible = False
21.1559 	EXP 	demo_fixation: opacity = 1
21.1559 	EXP 	demo_fixation: pos = [0, 0]
21.1572 	EXP 	window1: mouseVisible = False
21.1726 	EXP 	demo_fixation: opacity = 1
21.1726 	EXP 	demo_fixation: pos = [0, 0]
21.1738 	EXP 	window1: mouseVisible = False
21.1894 	EXP 	demo_fixation: opacity = 1
21.1894 	EXP 	demo_fixation: pos = [0, 0]
21.1906 	EXP 	window1: mouseVisible = False
21.2060 	EXP 	demo_fixation: opacity = 1
21.2060 	EXP 	demo_fixation: pos = [0, 0]
21.2072 	EXP 	window1: mouseVisible = False
21.2227 	EXP 	demo_fixation: opacity = 1
21.2227 	EXP 	demo_fixation: pos = [0, 0]
21.2243 	EXP 	window1: mouseVisible = False
21.2392 	EXP 	demo_fixation: opacity = 1
21.2392 	EXP 	demo_fixation: pos = [0, 0]
21.2405 	EXP 	window1: mouseVisible = False
21.2558 	EXP 	demo_fixation: opacity = 1
21.2558 	EXP 	demo_fixation: pos = [0, 0]
21.2570 	EXP 	window1: mouseVisible = False
21.2726 	EXP 	demo_fixation: opacity = 1
21.2726 	EXP 	demo_fixation: pos = [0, 0]
21.2738 	EXP 	window1: mouseVisible = False
21.2891 	EXP 	demo_fixation: opacity = 1
21.2891 	EXP 	demo_fixation: pos = [0, 0]
21.2903 	EXP 	window1: mouseVisible = False
21.3059 	EXP 	demo_fixation: opacity = 1
21.3059 	EXP 	demo_fixation: pos = [0, 0]
21.3071 	EXP 	window1: mouseVisible = False
21.3224 	EXP 	demo_fixation: opacity = 1
21.3224 	EXP 	demo_fixation: pos = [0, 0]
21.3236 	EXP 	window1: mouseVisible = False
21.3392 	EXP 	demo_fixation: opacity = 1
21.3392 	EXP 	demo_fixation: pos = [0, 0]
21.3404 	EXP 	window1: mouseVisible = False
21.3557 	EXP 	demo_fixation: opacity = 1
21.3557 	EXP 	demo_fixation: pos = [0, 0]
21.3570 	EXP 	window1: mouseVisible = False
21.3724 	EXP 	demo_fixation: opacity = 1
21.3724 	EXP 	demo_fixation: pos = [0, 0]
21.3737 	EXP 	window1: mouseVisible = False
21.3889 	EXP 	demo_fixation: opacity = 1
21.3889 	EXP 	demo_fixation: pos = [0, 0]
21.3902 	EXP 	window1: mouseVisible = False
21.4058 	EXP 	demo_fixation: opacity = 1
21.4058 	EXP 	demo_fixation: pos = [0, 0]
21.4071 	EXP 	window1: mouseVisible = False
21.4225 	EXP 	demo_fixation: opacity = 1
21.4225 	EXP 	demo_fixation: pos = [0, 0]
21.4237 	EXP 	window1: mouseVisible = False
21.4390 	EXP 	demo_fixation: opacity = 1
21.4390 	EXP 	demo_fixation: pos = [0, 0]
21.4405 	EXP 	window1: mouseVisible = False
21.4555 	EXP 	demo_fixation: opacity = 1
21.4555 	EXP 	demo_fixation: pos = [0, 0]
21.4568 	EXP 	window1: mouseVisible = False
21.4724 	EXP 	demo_fixation: opacity = 1
21.4724 	EXP 	demo_fixation: pos = [0, 0]
21.4737 	EXP 	window1: mouseVisible = False
21.4889 	EXP 	demo_fixation: opacity = 1
21.4889 	EXP 	demo_fixation: pos = [0, 0]
21.4901 	EXP 	window1: mouseVisible = False
21.5057 	EXP 	demo_fixation: opacity = 1
21.5057 	EXP 	demo_fixation: pos = [0, 0]
21.5069 	EXP 	window1: mouseVisible = False
21.5223 	EXP 	demo_fixation: opacity = 1
21.5223 	EXP 	demo_fixation: pos = [0, 0]
21.5236 	EXP 	window1: mouseVisible = False
21.5390 	EXP 	demo_fixation: opacity = 1
21.5390 	EXP 	demo_fixation: pos = [0, 0]
21.5402 	EXP 	window1: mouseVisible = False
21.5555 	EXP 	demo_fixation: opacity = 1
21.5555 	EXP 	demo_fixation: pos = [0, 0]
21.5567 	EXP 	window1: mouseVisible = False
21.5721 	EXP 	demo_fixation: opacity = 1
21.5721 	EXP 	demo_fixation: pos = [0, 0]
21.5733 	EXP 	window1: mouseVisible = False
21.5891 	EXP 	demo_fixation: opacity = 1
21.5891 	EXP 	demo_fixation: pos = [0, 0]
21.5903 	EXP 	window1: mouseVisible = False
21.6055 	EXP 	demo_fixation: opacity = 1
21.6055 	EXP 	demo_fixation: pos = [0, 0]
21.6068 	EXP 	window1: mouseVisible = False
21.6222 	EXP 	demo_fixation: opacity = 1
21.6222 	EXP 	demo_fixation: pos = [0, 0]
21.6235 	EXP 	window1: mouseVisible = False
21.6389 	EXP 	demo_fixation: opacity = 1
21.6389 	EXP 	demo_fixation: pos = [0, 0]
21.6401 	EXP 	window1: mouseVisible = False
21.6557 	EXP 	demo_fixation: opacity = 1
21.6557 	EXP 	demo_fixation: pos = [0, 0]
21.6569 	EXP 	window1: mouseVisible = False
21.6722 	EXP 	demo_fixation: opacity = 1
21.6722 	EXP 	demo_fixation: pos = [0, 0]
21.6734 	EXP 	window1: mouseVisible = False
21.6889 	EXP 	demo_fixation: opacity = 1
21.6889 	EXP 	demo_fixation: pos = [0, 0]
21.6902 	EXP 	window1: mouseVisible = False
21.7053 	EXP 	demo_fixation: opacity = 1
21.7053 	EXP 	demo_fixation: pos = [0, 0]
21.7065 	EXP 	window1: mouseVisible = False
21.7221 	EXP 	demo_fixation: opacity = 1
21.7221 	EXP 	demo_fixation: pos = [0, 0]
21.7237 	EXP 	window1: mouseVisible = False
21.7388 	EXP 	demo_fixation: opacity = 1
21.7388 	EXP 	demo_fixation: pos = [0, 0]
21.7401 	EXP 	window1: mouseVisible = False
21.7554 	EXP 	demo_fixation: opacity = 1
21.7554 	EXP 	demo_fixation: pos = [0, 0]
21.7566 	EXP 	window1: mouseVisible = False
21.7719 	EXP 	demo_fixation: opacity = 1
21.7719 	EXP 	demo_fixation: pos = [0, 0]
21.7731 	EXP 	window1: mouseVisible = False
21.7888 	EXP 	demo_fixation: opacity = 1
21.7888 	EXP 	demo_fixation: pos = [0, 0]
21.7900 	EXP 	window1: mouseVisible = False
21.8054 	EXP 	demo_fixation: opacity = 1
21.8054 	EXP 	demo_fixation: pos = [0, 0]
21.8066 	EXP 	window1: mouseVisible = False
21.8221 	EXP 	demo_fixation: opacity = 1
21.8221 	EXP 	demo_fixation: pos = [0, 0]
21.8233 	EXP 	window1: mouseVisible = False
21.8387 	EXP 	demo_fixation: opacity = 1
21.8387 	EXP 	demo_fixation: pos = [0, 0]
21.8400 	EXP 	window1: mouseVisible = False
21.8552 	EXP 	demo_fixation: opacity = 1
21.8552 	EXP 	demo_fixation: pos = [0, 0]
21.8564 	EXP 	window1: mouseVisible = False
21.8720 	EXP 	demo_fixation: opacity = 1
21.8720 	EXP 	demo_fixation: pos = [0, 0]
21.8747 	EXP 	window1: mouseVisible = False
21.8886 	EXP 	demo_fixation: opacity = 1
21.8886 	EXP 	demo_fixation: pos = [0, 0]
21.8898 	EXP 	window1: mouseVisible = False
21.9053 	EXP 	demo_fixation: opacity = 1
21.9053 	EXP 	demo_fixation: pos = [0, 0]
21.9065 	EXP 	window1: mouseVisible = False
21.9220 	EXP 	demo_fixation: opacity = 1
21.9220 	EXP 	demo_fixation: pos = [0, 0]
21.9232 	EXP 	window1: mouseVisible = False
21.9386 	EXP 	demo_fixation: opacity = 1
21.9386 	EXP 	demo_fixation: pos = [0, 0]
21.9398 	EXP 	window1: mouseVisible = False
21.9552 	EXP 	demo_fixation: opacity = 1
21.9552 	EXP 	demo_fixation: pos = [0, 0]
21.9564 	EXP 	window1: mouseVisible = False
21.9717 	EXP 	demo_fixation: opacity = 1
21.9717 	EXP 	demo_fixation: pos = [0, 0]
21.9730 	EXP 	window1: mouseVisible = False
21.9886 	EXP 	demo_fixation: opacity = 1
21.9886 	EXP 	demo_fixation: pos = [0, 0]
21.9899 	EXP 	window1: mouseVisible = False
22.0052 	EXP 	demo_fixation: opacity = 1
22.0052 	EXP 	demo_fixation: pos = [0, 0]
22.0066 	EXP 	window1: mouseVisible = False
22.0219 	EXP 	demo_fixation: opacity = 1
22.0219 	EXP 	demo_fixation: pos = [0, 0]
22.0231 	EXP 	window1: mouseVisible = False
22.0384 	EXP 	demo_fixation: opacity = 1
22.0384 	EXP 	demo_fixation: pos = [0, 0]
22.0396 	EXP 	window1: mouseVisible = False
22.0552 	EXP 	demo_fixation: opacity = 1
22.0552 	EXP 	demo_fixation: pos = [0, 0]
22.0564 	EXP 	window1: mouseVisible = False
22.0723 	EXP 	demo_fixation: opacity = 1
22.0723 	EXP 	demo_fixation: pos = [0, 0]
22.0736 	EXP 	window1: mouseVisible = False
22.0885 	EXP 	demo_fixation: opacity = 1
22.0885 	EXP 	demo_fixation: pos = [0, 0]
22.0897 	EXP 	window1: mouseVisible = False
22.1050 	EXP 	demo_fixation: opacity = 1
22.1050 	EXP 	demo_fixation: pos = [0, 0]
22.1062 	EXP 	window1: mouseVisible = False
22.1217 	EXP 	demo_fixation: opacity = 1
22.1217 	EXP 	demo_fixation: pos = [0, 0]
22.1229 	EXP 	window1: mouseVisible = False
22.1384 	EXP 	demo_fixation: opacity = 1
22.1384 	EXP 	demo_fixation: pos = [0, 0]
22.1396 	EXP 	window1: mouseVisible = False
22.1551 	EXP 	demo_fixation: opacity = 1
22.1551 	EXP 	demo_fixation: pos = [0, 0]
22.1563 	EXP 	window1: mouseVisible = False
22.1717 	EXP 	demo_fixation: opacity = 1
22.1717 	EXP 	demo_fixation: pos = [0, 0]
22.1729 	EXP 	window1: mouseVisible = False
22.1884 	EXP 	demo_fixation: opacity = 1
22.1884 	EXP 	demo_fixation: pos = [0, 0]
22.1897 	EXP 	window1: mouseVisible = False
22.2051 	EXP 	demo_fixation: opacity = 1
22.2051 	EXP 	demo_fixation: pos = [0, 0]
22.2066 	EXP 	window1: mouseVisible = False
22.2215 	EXP 	demo_fixation: opacity = 1
22.2215 	EXP 	demo_fixation: pos = [0, 0]
22.2227 	EXP 	window1: mouseVisible = False
22.2382 	EXP 	demo_fixation: opacity = 1
22.2382 	EXP 	demo_fixation: pos = [0, 0]
22.2394 	EXP 	window1: mouseVisible = False
22.2549 	EXP 	demo_fixation: opacity = 1
22.2549 	EXP 	demo_fixation: pos = [0, 0]
22.2562 	EXP 	window1: mouseVisible = False
22.2716 	EXP 	demo_fixation: opacity = 1
22.2716 	EXP 	demo_fixation: pos = [0, 0]
22.2729 	EXP 	window1: mouseVisible = False
22.2881 	EXP 	demo_fixation: opacity = 1
22.2881 	EXP 	demo_fixation: pos = [0, 0]
22.2893 	EXP 	window1: mouseVisible = False
22.3049 	EXP 	demo_fixation: opacity = 1
22.3049 	EXP 	demo_fixation: pos = [0, 0]
22.3061 	EXP 	window1: mouseVisible = False
22.3216 	EXP 	demo_fixation: opacity = 1
22.3216 	EXP 	demo_fixation: pos = [0, 0]
22.3228 	EXP 	window1: mouseVisible = False
22.3382 	EXP 	demo_fixation: opacity = 1
22.3382 	EXP 	demo_fixation: pos = [0, 0]
22.3395 	EXP 	window1: mouseVisible = False
22.3548 	EXP 	demo_fixation: opacity = 1
22.3548 	EXP 	demo_fixation: pos = [0, 0]
22.3560 	EXP 	window1: mouseVisible = False
22.3715 	EXP 	demo_fixation: opacity = 1
22.3715 	EXP 	demo_fixation: pos = [0, 0]
22.3728 	EXP 	window1: mouseVisible = False
22.3884 	EXP 	demo_fixation: opacity = 1
22.3884 	EXP 	demo_fixation: pos = [0, 0]
22.3896 	EXP 	window1: mouseVisible = False
22.4048 	EXP 	demo_fixation: opacity = 1
22.4048 	EXP 	demo_fixation: pos = [0, 0]
22.4061 	EXP 	window1: mouseVisible = False
22.4213 	EXP 	demo_fixation: opacity = 1
22.4213 	EXP 	demo_fixation: pos = [0, 0]
22.4226 	EXP 	window1: mouseVisible = False
22.4381 	EXP 	demo_fixation: opacity = 1
22.4381 	EXP 	demo_fixation: pos = [0, 0]
22.4393 	EXP 	window1: mouseVisible = False
22.4548 	EXP 	demo_fixation: opacity = 1
22.4548 	EXP 	demo_fixation: pos = [0, 0]
22.4561 	EXP 	window1: mouseVisible = False
22.4714 	EXP 	demo_fixation: opacity = 1
22.4714 	EXP 	demo_fixation: pos = [0, 0]
22.4727 	EXP 	window1: mouseVisible = False
22.4882 	EXP 	demo_fixation: opacity = 1
22.4882 	EXP 	demo_fixation: pos = [0, 0]
22.4894 	EXP 	window1: mouseVisible = False
22.5046 	EXP 	demo_fixation: opacity = 1
22.5046 	EXP 	demo_fixation: pos = [0, 0]
22.5058 	EXP 	window1: mouseVisible = False
22.5215 	EXP 	demo_fixation: opacity = 1
22.5215 	EXP 	demo_fixation: pos = [0, 0]
22.5229 	EXP 	window1: mouseVisible = False
22.5379 	EXP 	demo_fixation: opacity = 1
22.5379 	EXP 	demo_fixation: pos = [0, 0]
22.5391 	EXP 	window1: mouseVisible = False
22.5547 	EXP 	demo_fixation: opacity = 1
22.5547 	EXP 	demo_fixation: pos = [0, 0]
22.5560 	EXP 	window1: mouseVisible = False
22.5712 	EXP 	demo_fixation: opacity = 1
22.5712 	EXP 	demo_fixation: pos = [0, 0]
22.5724 	EXP 	window1: mouseVisible = False
22.5879 	EXP 	demo_fixation: opacity = 1
22.5879 	EXP 	demo_fixation: pos = [0, 0]
22.5891 	EXP 	window1: mouseVisible = False
22.6047 	EXP 	demo_fixation: opacity = 1
22.6047 	EXP 	demo_fixation: pos = [0, 0]
22.6059 	EXP 	window1: mouseVisible = False
22.6211 	EXP 	demo_fixation: opacity = 1
22.6211 	EXP 	demo_fixation: pos = [0, 0]
22.6224 	EXP 	window1: mouseVisible = False
22.6380 	EXP 	demo_fixation: opacity = 1
22.6380 	EXP 	demo_fixation: pos = [0, 0]
22.6392 	EXP 	window1: mouseVisible = False
22.6546 	EXP 	demo_fixation: opacity = 1
22.6546 	EXP 	demo_fixation: pos = [0, 0]
22.6559 	EXP 	window1: mouseVisible = False
22.6711 	EXP 	demo_fixation: opacity = 1
22.6711 	EXP 	demo_fixation: pos = [0, 0]
22.6723 	EXP 	window1: mouseVisible = False
22.6879 	EXP 	demo_fixation: opacity = 1
22.6879 	EXP 	demo_fixation: pos = [0, 0]
22.6891 	EXP 	window1: mouseVisible = False
22.7044 	EXP 	demo_fixation: opacity = 1
22.7044 	EXP 	demo_fixation: pos = [0, 0]
22.7056 	EXP 	window1: mouseVisible = False
22.7212 	EXP 	demo_fixation: opacity = 1
22.7212 	EXP 	demo_fixation: pos = [0, 0]
22.7229 	EXP 	window1: mouseVisible = False
22.7377 	EXP 	demo_fixation: opacity = 1
22.7377 	EXP 	demo_fixation: pos = [0, 0]
22.7389 	EXP 	window1: mouseVisible = False
22.7546 	EXP 	demo_fixation: opacity = 1
22.7546 	EXP 	demo_fixation: pos = [0, 0]
22.7561 	EXP 	window1: mouseVisible = False
22.7712 	EXP 	demo_fixation: opacity = 1
22.7712 	EXP 	demo_fixation: pos = [0, 0]
22.7724 	EXP 	window1: mouseVisible = False
22.7878 	EXP 	demo_fixation: opacity = 1
22.7878 	EXP 	demo_fixation: pos = [0, 0]
22.7890 	EXP 	window1: mouseVisible = False
22.8045 	EXP 	demo_fixation: opacity = 1
22.8045 	EXP 	demo_fixation: pos = [0, 0]
22.8057 	EXP 	window1: mouseVisible = False
22.8212 	EXP 	demo_fixation: opacity = 1
22.8212 	EXP 	demo_fixation: pos = [0, 0]
22.8224 	EXP 	window1: mouseVisible = False
22.8376 	EXP 	demo_fixation: opacity = 1
22.8376 	EXP 	demo_fixation: pos = [0, 0]
22.8389 	EXP 	window1: mouseVisible = False
22.8544 	EXP 	demo_fixation: opacity = 1
22.8544 	EXP 	demo_fixation: pos = [0, 0]
22.8558 	EXP 	window1: mouseVisible = False
22.8709 	EXP 	demo_fixation: opacity = 1
22.8709 	EXP 	demo_fixation: pos = [0, 0]
22.8721 	EXP 	window1: mouseVisible = False
22.8876 	EXP 	demo_fixation: opacity = 1
22.8876 	EXP 	demo_fixation: pos = [0, 0]
22.8889 	EXP 	window1: mouseVisible = False
22.9042 	EXP 	demo_fixation: opacity = 1
22.9042 	EXP 	demo_fixation: pos = [0, 0]
22.9054 	EXP 	window1: mouseVisible = False
22.9210 	EXP 	demo_fixation: opacity = 1
22.9210 	EXP 	demo_fixation: pos = [0, 0]
22.9223 	EXP 	window1: mouseVisible = False
22.9377 	EXP 	demo_fixation: opacity = 1
22.9377 	EXP 	demo_fixation: pos = [0, 0]
22.9389 	EXP 	window1: mouseVisible = False
22.9544 	EXP 	demo_fixation: opacity = 1
22.9544 	EXP 	demo_fixation: pos = [0, 0]
22.9556 	EXP 	window1: mouseVisible = False
22.9710 	EXP 	demo_fixation: opacity = 1
22.9710 	EXP 	demo_fixation: pos = [0, 0]
22.9737 	EXP 	window1: mouseVisible = False
22.9875 	EXP 	demo_fixation: opacity = 1
22.9875 	EXP 	demo_fixation: pos = [0, 0]
22.9888 	EXP 	window1: mouseVisible = False
23.0043 	EXP 	demo_fixation: opacity = 1
23.0043 	EXP 	demo_fixation: pos = [0, 0]
23.0055 	EXP 	window1: mouseVisible = False
23.0209 	EXP 	demo_fixation: opacity = 1
23.0209 	EXP 	demo_fixation: pos = [0, 0]
23.0221 	EXP 	window1: mouseVisible = False
23.0376 	EXP 	demo_fixation: opacity = 1
23.0376 	EXP 	demo_fixation: pos = [0, 0]
23.0388 	EXP 	window1: mouseVisible = False
23.0542 	EXP 	demo_fixation: opacity = 1
23.0542 	EXP 	demo_fixation: pos = [0, 0]
23.0554 	EXP 	window1: mouseVisible = False
23.0709 	EXP 	demo_fixation: opacity = 1
23.0709 	EXP 	demo_fixation: pos = [0, 0]
23.0721 	EXP 	window1: mouseVisible = False
23.0875 	EXP 	demo_fixation: opacity = 1
23.0875 	EXP 	demo_fixation: pos = [0, 0]
23.0887 	EXP 	window1: mouseVisible = False
23.1042 	EXP 	demo_fixation: opacity = 1
23.1042 	EXP 	demo_fixation: pos = [0, 0]
23.1054 	EXP 	window1: mouseVisible = False
23.1206 	EXP 	demo_fixation: opacity = 1
23.1206 	EXP 	demo_fixation: pos = [0, 0]
23.1219 	EXP 	window1: mouseVisible = False
23.1374 	EXP 	demo_fixation: opacity = 1
23.1374 	EXP 	demo_fixation: pos = [0, 0]
23.1388 	EXP 	window1: mouseVisible = False
23.1540 	EXP 	demo_fixation: opacity = 1
23.1540 	EXP 	demo_fixation: pos = [0, 0]
23.1552 	EXP 	window1: mouseVisible = False
23.1706 	EXP 	demo_fixation: opacity = 1
23.1706 	EXP 	demo_fixation: pos = [0, 0]
23.1719 	EXP 	window1: mouseVisible = False
23.1874 	EXP 	demo_fixation: opacity = 1
23.1874 	EXP 	demo_fixation: pos = [0, 0]
23.1887 	EXP 	window1: mouseVisible = False
23.2041 	EXP 	demo_fixation: opacity = 1
23.2041 	EXP 	demo_fixation: pos = [0, 0]
23.2053 	EXP 	window1: mouseVisible = False
23.2206 	EXP 	demo_fixation: opacity = 1
23.2206 	EXP 	demo_fixation: pos = [0, 0]
23.2220 	EXP 	window1: mouseVisible = False
23.2374 	EXP 	demo_fixation: opacity = 1
23.2374 	EXP 	demo_fixation: pos = [0, 0]
23.2387 	EXP 	window1: mouseVisible = False
23.2542 	EXP 	demo_fixation: opacity = 1
23.2542 	EXP 	demo_fixation: pos = [0, 0]
23.2554 	EXP 	window1: mouseVisible = False
23.2706 	EXP 	demo_fixation: opacity = 1
23.2706 	EXP 	demo_fixation: pos = [0, 0]
23.2720 	EXP 	window1: mouseVisible = False
23.2874 	EXP 	demo_fixation: opacity = 1
23.2874 	EXP 	demo_fixation: pos = [0, 0]
23.2886 	EXP 	window1: mouseVisible = False
23.3039 	EXP 	demo_fixation: opacity = 1
23.3039 	EXP 	demo_fixation: pos = [0, 0]
23.3051 	EXP 	window1: mouseVisible = False
23.3206 	EXP 	demo_fixation: opacity = 1
23.3206 	EXP 	demo_fixation: pos = [0, 0]
23.3219 	EXP 	window1: mouseVisible = False
23.3375 	EXP 	demo_fixation: opacity = 1
23.3375 	EXP 	demo_fixation: pos = [0, 0]
23.3387 	EXP 	window1: mouseVisible = False
23.3537 	EXP 	demo_fixation: opacity = 1
23.3537 	EXP 	demo_fixation: pos = [0, 0]
23.3550 	EXP 	window1: mouseVisible = False
23.3707 	EXP 	demo_fixation: opacity = 1
23.3707 	EXP 	demo_fixation: pos = [0, 0]
23.3719 	EXP 	window1: mouseVisible = False
23.3873 	EXP 	demo_fixation: opacity = 1
23.3873 	EXP 	demo_fixation: pos = [0, 0]
23.3885 	EXP 	window1: mouseVisible = False
23.4040 	EXP 	demo_fixation: opacity = 1
23.4040 	EXP 	demo_fixation: pos = [0, 0]
23.4052 	EXP 	window1: mouseVisible = False
23.4205 	EXP 	demo_fixation: opacity = 1
23.4205 	EXP 	demo_fixation: pos = [0, 0]
23.4217 	EXP 	window1: mouseVisible = False
23.4373 	EXP 	demo_fixation: opacity = 1
23.4373 	EXP 	demo_fixation: pos = [0, 0]
23.4385 	EXP 	window1: mouseVisible = False
23.4536 	EXP 	demo_fixation: opacity = 1
23.4536 	EXP 	demo_fixation: pos = [0, 0]
23.4549 	EXP 	window1: mouseVisible = False
23.4705 	EXP 	demo_fixation: opacity = 1
23.4705 	EXP 	demo_fixation: pos = [0, 0]
23.4720 	EXP 	window1: mouseVisible = False
23.4870 	EXP 	demo_fixation: opacity = 1
23.4870 	EXP 	demo_fixation: pos = [0, 0]
23.4882 	EXP 	window1: mouseVisible = False
23.5035 	EXP 	demo_fixation: opacity = 1
23.5035 	EXP 	demo_fixation: pos = [0, 0]
23.5048 	EXP 	window1: mouseVisible = False
23.5206 	EXP 	demo_fixation: opacity = 1
23.5206 	EXP 	demo_fixation: pos = [0, 0]
23.5221 	EXP 	window1: mouseVisible = False
23.5370 	EXP 	demo_fixation: opacity = 1
23.5370 	EXP 	demo_fixation: pos = [0, 0]
23.5383 	EXP 	window1: mouseVisible = False
23.5538 	EXP 	demo_fixation: opacity = 1
23.5538 	EXP 	demo_fixation: pos = [0, 0]
23.5550 	EXP 	window1: mouseVisible = False
23.5704 	EXP 	demo_fixation: opacity = 1
23.5704 	EXP 	demo_fixation: pos = [0, 0]
23.5717 	EXP 	window1: mouseVisible = False
23.5869 	EXP 	demo_fixation: opacity = 1
23.5869 	EXP 	demo_fixation: pos = [0, 0]
23.5882 	EXP 	window1: mouseVisible = False
23.6037 	EXP 	demo_fixation: opacity = 1
23.6037 	EXP 	demo_fixation: pos = [0, 0]
23.6052 	EXP 	window1: mouseVisible = False
23.6204 	EXP 	demo_fixation: opacity = 1
23.6204 	EXP 	demo_fixation: pos = [0, 0]
23.6217 	EXP 	window1: mouseVisible = False
23.6370 	EXP 	demo_fixation: opacity = 1
23.6370 	EXP 	demo_fixation: pos = [0, 0]
23.6396 	EXP 	window1: mouseVisible = False
23.6540 	EXP 	demo_fixation: opacity = 1
23.6540 	EXP 	demo_fixation: pos = [0, 0]
23.6553 	EXP 	window1: mouseVisible = False
23.6704 	EXP 	demo_fixation: opacity = 1
23.6704 	EXP 	demo_fixation: pos = [0, 0]
23.6716 	EXP 	window1: mouseVisible = False
23.6870 	EXP 	demo_fixation: opacity = 1
23.6870 	EXP 	demo_fixation: pos = [0, 0]
23.6882 	EXP 	window1: mouseVisible = False
23.7037 	EXP 	demo_fixation: opacity = 1
23.7037 	EXP 	demo_fixation: pos = [0, 0]
23.7049 	EXP 	window1: mouseVisible = False
23.7202 	EXP 	demo_fixation: opacity = 1
23.7202 	EXP 	demo_fixation: pos = [0, 0]
23.7214 	EXP 	window1: mouseVisible = False
23.7368 	EXP 	demo_fixation: opacity = 1
23.7368 	EXP 	demo_fixation: pos = [0, 0]
23.7385 	EXP 	window1: mouseVisible = False
23.7536 	EXP 	demo_fixation: opacity = 1
23.7536 	EXP 	demo_fixation: pos = [0, 0]
23.7548 	EXP 	window1: mouseVisible = False
23.7703 	EXP 	demo_fixation: opacity = 1
23.7703 	EXP 	demo_fixation: pos = [0, 0]
23.7715 	EXP 	window1: mouseVisible = False
23.7870 	EXP 	demo_fixation: opacity = 1
23.7870 	EXP 	demo_fixation: pos = [0, 0]
23.7882 	EXP 	window1: mouseVisible = False
23.8036 	EXP 	demo_fixation: opacity = 1
23.8036 	EXP 	demo_fixation: pos = [0, 0]
23.8051 	EXP 	window1: mouseVisible = False
23.8203 	EXP 	demo_fixation: opacity = 1
23.8203 	EXP 	demo_fixation: pos = [0, 0]
23.8215 	EXP 	window1: mouseVisible = False
23.8369 	EXP 	demo_fixation: opacity = 1
23.8369 	EXP 	demo_fixation: pos = [0, 0]
23.8381 	EXP 	window1: mouseVisible = False
23.8534 	EXP 	demo_fixation: opacity = 1
23.8534 	EXP 	demo_fixation: pos = [0, 0]
23.8547 	EXP 	window1: mouseVisible = False
23.8701 	EXP 	demo_fixation: opacity = 1
23.8701 	EXP 	demo_fixation: pos = [0, 0]
23.8713 	EXP 	window1: mouseVisible = False
23.8869 	EXP 	demo_fixation: opacity = 1
23.8869 	EXP 	demo_fixation: pos = [0, 0]
23.8881 	EXP 	window1: mouseVisible = False
23.9035 	EXP 	demo_fixation: opacity = 1
23.9035 	EXP 	demo_fixation: pos = [0, 0]
23.9047 	EXP 	window1: mouseVisible = False
23.9200 	EXP 	demo_fixation: opacity = 1
23.9200 	EXP 	demo_fixation: pos = [0, 0]
23.9213 	EXP 	window1: mouseVisible = False
23.9367 	EXP 	demo_fixation: opacity = 1
23.9367 	EXP 	demo_fixation: pos = [0, 0]
23.9379 	EXP 	window1: mouseVisible = False
23.9534 	EXP 	demo_fixation: opacity = 1
23.9534 	EXP 	demo_fixation: pos = [0, 0]
23.9546 	EXP 	window1: mouseVisible = False
23.9699 	EXP 	demo_fixation: opacity = 1
23.9699 	EXP 	demo_fixation: pos = [0, 0]
23.9724 	EXP 	window1: mouseVisible = False
23.9866 	EXP 	demo_fixation: opacity = 1
23.9866 	EXP 	demo_fixation: pos = [0, 0]
23.9879 	EXP 	window1: mouseVisible = False
24.0036 	EXP 	demo_fixation: opacity = 1
24.0036 	EXP 	demo_fixation: pos = [0, 0]
24.0049 	EXP 	window1: mouseVisible = False
24.0200 	EXP 	demo_fixation: opacity = 1
24.0200 	EXP 	demo_fixation: pos = [0, 0]
24.0212 	EXP 	window1: mouseVisible = False
24.0366 	EXP 	demo_fixation: opacity = 1
24.0366 	EXP 	demo_fixation: pos = [0, 0]
24.0378 	EXP 	window1: mouseVisible = False
24.0532 	EXP 	demo_fixation: opacity = 1
24.0532 	EXP 	demo_fixation: pos = [0, 0]
24.0544 	EXP 	window1: mouseVisible = False
24.0697 	EXP 	demo_fixation: opacity = 1
24.0697 	EXP 	demo_fixation: pos = [0, 0]
24.0709 	EXP 	window1: mouseVisible = False
24.0865 	EXP 	demo_fixation: opacity = 1
24.0865 	EXP 	demo_fixation: pos = [0, 0]
24.0877 	EXP 	window1: mouseVisible = False
24.1033 	EXP 	demo_fixation: opacity = 1
24.1033 	EXP 	demo_fixation: pos = [0, 0]
24.1045 	EXP 	window1: mouseVisible = False
24.1198 	EXP 	demo_fixation: opacity = 1
24.1198 	EXP 	demo_fixation: pos = [0, 0]
24.1211 	EXP 	window1: mouseVisible = False
24.1364 	EXP 	demo_fixation: opacity = 1
24.1364 	EXP 	demo_fixation: pos = [0, 0]
24.1376 	EXP 	window1: mouseVisible = False
24.1532 	EXP 	demo_fixation: opacity = 1
24.1532 	EXP 	demo_fixation: pos = [0, 0]
24.1547 	EXP 	window1: mouseVisible = False
24.1697 	EXP 	demo_fixation: opacity = 1
24.1697 	EXP 	demo_fixation: pos = [0, 0]
24.1709 	EXP 	window1: mouseVisible = False
24.1867 	EXP 	demo_fixation: opacity = 1
24.1867 	EXP 	demo_fixation: pos = [0, 0]
24.1879 	EXP 	window1: mouseVisible = False
24.2030 	EXP 	demo_fixation: opacity = 1
24.2030 	EXP 	demo_fixation: pos = [0, 0]
24.2042 	EXP 	window1: mouseVisible = False
24.2197 	EXP 	demo_fixation: opacity = 1
24.2197 	EXP 	demo_fixation: pos = [0, 0]
24.2209 	EXP 	window1: mouseVisible = False
24.2365 	EXP 	demo_fixation: opacity = 1
24.2365 	EXP 	demo_fixation: pos = [0, 0]
24.2377 	EXP 	window1: mouseVisible = False
24.2531 	EXP 	demo_fixation: opacity = 1
24.2531 	EXP 	demo_fixation: pos = [0, 0]
24.2543 	EXP 	window1: mouseVisible = False
24.2697 	EXP 	demo_fixation: opacity = 1
24.2697 	EXP 	demo_fixation: pos = [0, 0]
24.2710 	EXP 	window1: mouseVisible = False
24.2863 	EXP 	demo_fixation: opacity = 1
24.2863 	EXP 	demo_fixation: pos = [0, 0]
24.2876 	EXP 	window1: mouseVisible = False
24.3030 	EXP 	demo_fixation: opacity = 1
24.3030 	EXP 	demo_fixation: pos = [0, 0]
24.3042 	EXP 	window1: mouseVisible = False
24.3197 	EXP 	demo_fixation: opacity = 1
24.3197 	EXP 	demo_fixation: pos = [0, 0]
24.3210 	EXP 	window1: mouseVisible = False
24.3364 	EXP 	demo_fixation: opacity = 1
24.3364 	EXP 	demo_fixation: pos = [0, 0]
24.3376 	EXP 	window1: mouseVisible = False
24.3528 	EXP 	demo_fixation: opacity = 1
24.3528 	EXP 	demo_fixation: pos = [0, 0]
24.3541 	EXP 	window1: mouseVisible = False
24.3696 	EXP 	demo_fixation: opacity = 1
24.3696 	EXP 	demo_fixation: pos = [0, 0]
24.3709 	EXP 	window1: mouseVisible = False
24.3864 	EXP 	demo_fixation: opacity = 1
24.3864 	EXP 	demo_fixation: pos = [0, 0]
24.3876 	EXP 	window1: mouseVisible = False
24.4028 	EXP 	demo_fixation: opacity = 1
24.4028 	EXP 	demo_fixation: pos = [0, 0]
24.4041 	EXP 	window1: mouseVisible = False
24.4195 	EXP 	demo_fixation: opacity = 1
24.4195 	EXP 	demo_fixation: pos = [0, 0]
24.4208 	EXP 	window1: mouseVisible = False
24.4363 	EXP 	demo_fixation: opacity = 1
24.4363 	EXP 	demo_fixation: pos = [0, 0]
24.4375 	EXP 	window1: mouseVisible = False
24.4528 	EXP 	demo_fixation: opacity = 1
24.4528 	EXP 	demo_fixation: pos = [0, 0]
24.4540 	EXP 	window1: mouseVisible = False
24.4694 	EXP 	demo_fixation: opacity = 1
24.4694 	EXP 	demo_fixation: pos = [0, 0]
24.4707 	EXP 	window1: mouseVisible = False
24.4863 	EXP 	demo_fixation: opacity = 1
24.4863 	EXP 	demo_fixation: pos = [0, 0]
24.4875 	EXP 	window1: mouseVisible = False
24.5027 	EXP 	demo_fixation: opacity = 1
24.5027 	EXP 	demo_fixation: pos = [0, 0]
24.5039 	EXP 	window1: mouseVisible = False
24.5195 	EXP 	demo_fixation: opacity = 1
24.5195 	EXP 	demo_fixation: pos = [0, 0]
24.5207 	EXP 	window1: mouseVisible = False
24.5362 	EXP 	demo_fixation: opacity = 1
24.5362 	EXP 	demo_fixation: pos = [0, 0]
24.5375 	EXP 	window1: mouseVisible = False
24.5528 	EXP 	demo_fixation: opacity = 1
24.5528 	EXP 	demo_fixation: pos = [0, 0]
24.5540 	EXP 	window1: mouseVisible = False
24.5695 	EXP 	demo_fixation: opacity = 1
24.5695 	EXP 	demo_fixation: pos = [0, 0]
24.5707 	EXP 	window1: mouseVisible = False
24.5862 	EXP 	demo_fixation: opacity = 1
24.5862 	EXP 	demo_fixation: pos = [0, 0]
24.5876 	EXP 	window1: mouseVisible = False
24.6027 	EXP 	demo_fixation: opacity = 1
24.6027 	EXP 	demo_fixation: pos = [0, 0]
24.6039 	EXP 	window1: mouseVisible = False
24.6194 	EXP 	demo_fixation: opacity = 1
24.6194 	EXP 	demo_fixation: pos = [0, 0]
24.6206 	EXP 	window1: mouseVisible = False
24.6359 	EXP 	demo_fixation: opacity = 1
24.6359 	EXP 	demo_fixation: pos = [0, 0]
24.6371 	EXP 	window1: mouseVisible = False
24.6529 	EXP 	demo_fixation: opacity = 1
24.6529 	EXP 	demo_fixation: pos = [0, 0]
24.6541 	EXP 	window1: mouseVisible = False
24.6692 	EXP 	demo_fixation: opacity = 1
24.6692 	EXP 	demo_fixation: pos = [0, 0]
24.6705 	EXP 	window1: mouseVisible = False
24.6861 	EXP 	demo_fixation: opacity = 1
24.6861 	EXP 	demo_fixation: pos = [0, 0]
24.6873 	EXP 	window1: mouseVisible = False
24.7027 	EXP 	demo_fixation: opacity = 1
24.7027 	EXP 	demo_fixation: pos = [0, 0]
24.7039 	EXP 	window1: mouseVisible = False
24.7194 	EXP 	demo_fixation: opacity = 1
24.7194 	EXP 	demo_fixation: pos = [0, 0]
24.7207 	EXP 	window1: mouseVisible = False
24.7358 	EXP 	demo_fixation: opacity = 1
24.7358 	EXP 	demo_fixation: pos = [0, 0]
24.7371 	EXP 	window1: mouseVisible = False
24.7526 	EXP 	demo_fixation: opacity = 1
24.7526 	EXP 	demo_fixation: pos = [0, 0]
24.7538 	EXP 	window1: mouseVisible = False
24.7692 	EXP 	demo_fixation: opacity = 1
24.7692 	EXP 	demo_fixation: pos = [0, 0]
24.7705 	EXP 	window1: mouseVisible = False
24.7860 	EXP 	demo_fixation: opacity = 1
24.7860 	EXP 	demo_fixation: pos = [0, 0]
24.7872 	EXP 	window1: mouseVisible = False
24.8025 	EXP 	demo_fixation: opacity = 1
24.8025 	EXP 	demo_fixation: pos = [0, 0]
24.8038 	EXP 	window1: mouseVisible = False
24.8193 	EXP 	demo_fixation: opacity = 1
24.8193 	EXP 	demo_fixation: pos = [0, 0]
24.8205 	EXP 	window1: mouseVisible = False
24.8359 	EXP 	demo_fixation: opacity = 1
24.8359 	EXP 	demo_fixation: pos = [0, 0]
24.8374 	EXP 	window1: mouseVisible = False
24.8524 	EXP 	demo_fixation: opacity = 1
24.8524 	EXP 	demo_fixation: pos = [0, 0]
24.8536 	EXP 	window1: mouseVisible = False
24.8692 	EXP 	demo_fixation: opacity = 1
24.8692 	EXP 	demo_fixation: pos = [0, 0]
24.8705 	EXP 	window1: mouseVisible = False
24.8857 	EXP 	demo_fixation: opacity = 1
24.8857 	EXP 	demo_fixation: pos = [0, 0]
24.8869 	EXP 	window1: mouseVisible = False
24.9024 	EXP 	demo_fixation: opacity = 1
24.9024 	EXP 	demo_fixation: pos = [0, 0]
24.9036 	EXP 	window1: mouseVisible = False
24.9193 	EXP 	demo_fixation: opacity = 1
24.9193 	EXP 	demo_fixation: pos = [0, 0]
24.9205 	EXP 	window1: mouseVisible = False
24.9357 	EXP 	demo_fixation: opacity = 1
24.9357 	EXP 	demo_fixation: pos = [0, 0]
24.9369 	EXP 	window1: mouseVisible = False
24.9524 	EXP 	demo_fixation: opacity = 1
24.9524 	EXP 	demo_fixation: pos = [0, 0]
24.9537 	EXP 	window1: mouseVisible = False
24.9690 	EXP 	demo_fixation: opacity = 1
24.9690 	EXP 	demo_fixation: pos = [0, 0]
24.9704 	EXP 	window1: mouseVisible = False
24.9858 	EXP 	demo_fixation: opacity = 1
24.9858 	EXP 	demo_fixation: pos = [0, 0]
24.9870 	EXP 	window1: mouseVisible = False
25.0022 	EXP 	demo_fixation: opacity = 1
25.0022 	EXP 	demo_fixation: pos = [0, 0]
25.0034 	EXP 	window1: mouseVisible = False
25.0190 	EXP 	demo_fixation: opacity = 1
25.0190 	EXP 	demo_fixation: pos = [0, 0]
25.0204 	EXP 	window1: mouseVisible = False
25.0356 	EXP 	demo_fixation: opacity = 1
25.0356 	EXP 	demo_fixation: pos = [0, 0]
25.0368 	EXP 	window1: mouseVisible = False
25.0523 	EXP 	demo_fixation: opacity = 1
25.0523 	EXP 	demo_fixation: pos = [0, 0]
25.0538 	EXP 	window1: mouseVisible = False
25.0691 	EXP 	demo_fixation: opacity = 1
25.0691 	EXP 	demo_fixation: pos = [0, 0]
25.0704 	EXP 	window1: mouseVisible = False
25.0857 	EXP 	demo_fixation: opacity = 1
25.0857 	EXP 	demo_fixation: pos = [0, 0]
25.0869 	EXP 	window1: mouseVisible = False
25.1021 	EXP 	demo_fixation: opacity = 1
25.1021 	EXP 	demo_fixation: pos = [0, 0]
25.1033 	EXP 	window1: mouseVisible = False
25.1190 	EXP 	demo_fixation: opacity = 1
25.1190 	EXP 	demo_fixation: pos = [0, 0]
25.1202 	EXP 	window1: mouseVisible = False
25.1356 	EXP 	demo_fixation: opacity = 1
25.1356 	EXP 	demo_fixation: pos = [0, 0]
25.1369 	EXP 	window1: mouseVisible = False
25.1523 	EXP 	demo_fixation: opacity = 1
25.1523 	EXP 	demo_fixation: pos = [0, 0]
25.1536 	EXP 	window1: mouseVisible = False
25.1687 	EXP 	demo_fixation: opacity = 1
25.1687 	EXP 	demo_fixation: pos = [0, 0]
25.1700 	EXP 	window1: mouseVisible = False
25.1856 	EXP 	demo_fixation: opacity = 1
25.1856 	EXP 	demo_fixation: pos = [0, 0]
25.1868 	EXP 	window1: mouseVisible = False
25.2022 	EXP 	demo_fixation: opacity = 1
25.2022 	EXP 	demo_fixation: pos = [0, 0]
25.2034 	EXP 	window1: mouseVisible = False
25.2077 	DATA 	Keypress: escape
25.2189 	EXP 	demo_fixation: opacity = 1
25.2189 	EXP 	demo_fixation: pos = [0, 0]
25.2202 	EXP 	window1: mouseVisible = False
25.2355 	EXP 	demo_fixation: opacity = 1
25.2355 	EXP 	demo_fixation: pos = [0, 0]
25.2367 	EXP 	window1: mouseVisible = False
25.2522 	EXP 	demo_fixation: opacity = 1
25.2522 	EXP 	demo_fixation: pos = [0, 0]
25.2534 	EXP 	window1: mouseVisible = False
25.2689 	EXP 	demo_fixation: opacity = 1
25.2689 	EXP 	demo_fixation: pos = [0, 0]
25.2704 	EXP 	window1: mouseVisible = False
25.2854 	EXP 	demo_fixation: opacity = 1
25.2854 	EXP 	demo_fixation: pos = [0, 0]
25.2866 	EXP 	window1: mouseVisible = False
25.3022 	EXP 	demo_fixation: opacity = 1
25.3022 	EXP 	demo_fixation: pos = [0, 0]
25.3035 	EXP 	window1: mouseVisible = False
25.3187 	EXP 	demo_fixation: opacity = 1
25.3187 	EXP 	demo_fixation: pos = [0, 0]
25.3199 	EXP 	window1: mouseVisible = False
25.3355 	EXP 	demo_fixation: opacity = 1
25.3355 	EXP 	demo_fixation: pos = [0, 0]
25.3367 	EXP 	window1: mouseVisible = False
25.3520 	EXP 	demo_fixation: opacity = 1
25.3520 	EXP 	demo_fixation: pos = [0, 0]
25.3533 	EXP 	window1: mouseVisible = False
25.3686 	EXP 	demo_fixation: opacity = 1
25.3686 	EXP 	demo_fixation: pos = [0, 0]
25.3707 	EXP 	window1: mouseVisible = False
25.5204 	EXP 	window1: mouseVisible = True
