1.0645 	WARNING 	We strongly recommend you activate the PTB sound engine in PsychoPy prefs as the preferred audio engine. Its timing is vastly superior. Your prefs are currently set to use ['sounddevice', 'PTB', 'pyo', 'pygame'] (in that order).
8.3032 	EXP 	Created window1 = Window(allowGUI=False, allowStencil=False, args=UNKNOWN, autoLog=True, bitsMode=UNKNOWN, blendMode='avg', bpc=(8, 8, 8), color=array([0., 0., 0.]), colorSpace='rgb', depthBits=8, fullscr=<method-wrapper '__getattribute__' of attributeSetter object at 0x00000130981874A8>, gamma=None, gammaErrorPolicy='raise', kwargs=UNKNOWN, lms=UNKNOWN, monitor=<psychopy.monitors.calibTools.Monitor object at 0x00000130980974E0>, multiSample=False, name='window1', numSamples=2, pos=[0.0, 0.0], screen=0, size=array([1920, 1080]), stencilBits=0, stereo=False, units='height', useFBO=True, useRetina=False, viewOri=0.0, viewPos=None, viewScale=None, waitBlanking=True, winType='pyglet')
8.3035 	EXP 	window1: mouseVisible = True
8.3036 	EXP 	window1: recordFrameIntervals = False
8.4696 	EXP 	window1: recordFrameIntervals = True
8.6534 	EXP 	window1: recordFrameIntervals = False
8.9250 	EXP 	Created Welcome = TextStim(__class__=<class 'psychopy.visual.text.TextStim'>, alignHoriz=method-wrapper(...), alignText='center', alignVert=method-wrapper(...), anchorHoriz='center', anchorVert='center', antialias=True, autoLog=True, bold=False, color='white', colorSpace='named', contrast=1.0, depth=0.0, flipHoriz=False, flipVert=False, font='Arial', fontFiles=[], height=0.04, italic=False, languageStyle='LTR', name='Welcome', opacity=1.0, ori=0, pos=array([0., 0.]), rgb=array([255., 255., 255.]), text=str(...), units='height', win=Window(...), wrapWidth=1)
8.9251 	EXP 	window1: mouseVisible = True
8.9336 	EXP 	Created text = TextStim(__class__=<class 'psychopy.visual.text.TextStim'>, alignHoriz=method-wrapper(...), alignText='center', alignVert=method-wrapper(...), anchorHoriz='center', anchorVert='center', antialias=True, autoLog=True, bold=False, color='white', colorSpace='named', contrast=1.0, depth=0.0, flipHoriz=False, flipVert=False, font='Arial', fontFiles=[], height=0.04, italic=False, languageStyle='LTR', name='text', opacity=1.0, ori=0, pos=array([0., 0.]), rgb=array([255., 255., 255.]), text=str(...), units='height', win=Window(...), wrapWidth=1)
8.9336 	EXP 	window1: mouseVisible = True
8.9376 	EXP 	Created demo_enclosing_1 = Polygon(__class__=<class 'psychopy.visual.polygon.Polygon'>, autoDraw=False, autoLog=True, closeShape=True, color=method-wrapper(...), colorSpace=None, contrast=1.0, depth=-1.0, fillColor=array([0., 0., 0.]), fillColorSpace='rgb', fillRGB=array([0., 0., 0.]), interpolate=True, lineColor=array([-1., -1., -1.]), lineColorSpace='rgb', lineRGB=array([-1., -1., -1.]), lineWidth=1, name='demo_enclosing_1', opacity=1.0, ori=array(0.), pos=array([0., 0.]), size=array([0.9, 0.9]), units='height', vertices=ndarray(...), win=Window(...))
8.9400 	EXP 	Created demo_enclosing = Polygon(__class__=<class 'psychopy.visual.polygon.Polygon'>, autoDraw=False, autoLog=True, closeShape=True, color=method-wrapper(...), colorSpace=None, contrast=1.0, depth=-2.0, fillColor=array([0., 0., 0.]), fillColorSpace='rgb', fillRGB=array([0., 0., 0.]), interpolate=True, lineColor=array([-1., -1., -1.]), lineColorSpace='rgb', lineRGB=array([-1., -1., -1.]), lineWidth=1, name='demo_enclosing', opacity=1.0, ori=array(0.), pos=array([0., 0.]), size=array([0.8, 0.8]), units='height', vertices=ndarray(...), win=Window(...))
8.9412 	EXP 	Created demo_target = ShapeStim(__class__=<class 'psychopy.visual.shape.ShapeStim'>, autoDraw=False, autoLog=True, closeShape=True, contrast=1.0, depth=-3.0, fillColor=array([1., 1., 1.]), fillColorSpace='rgb', interpolate=True, lineColor=array([1., 1., 1.]), lineColorSpace='rgb', lineWidth=1, name='demo_target', opacity=1.0, ori=array(45.), pos=array([0., 0.]), size=array([0.05, 0.05]), units='height', vertices=ndarray(...), win=Window(...), windingRule=None)
8.9429 	EXP 	Created demo_fixation = Polygon(__class__=<class 'psychopy.visual.polygon.Polygon'>, autoDraw=False, autoLog=True, closeShape=True, color=method-wrapper(...), colorSpace=None, contrast=1.0, depth=-4.0, fillColor=array([1., 0., 0.]), fillColorSpace='rgb', fillRGB=array([1., 0., 0.]), interpolate=True, lineColor=array([1., 0., 0.]), lineColorSpace='rgb', lineRGB=array([1., 0., 0.]), lineWidth=1, name='demo_fixation', opacity=1.0, ori=array(0.), pos=array([0., 0.]), size=array([0.025, 0.025]), units='height', vertices=ndarray(...), win=Window(...))
8.9430 	EXP 	window1: mouseVisible = True
8.9468 	EXP 	Created demo_enclosing_feedback_1 = Polygon(__class__=<class 'psychopy.visual.polygon.Polygon'>, autoDraw=False, autoLog=True, closeShape=True, color=method-wrapper(...), colorSpace=None, contrast=1.0, depth=0.0, fillColor=array([0., 0., 0.]), fillColorSpace='rgb', fillRGB=array([0., 0., 0.]), interpolate=True, lineColor=array([-1., -1., -1.]), lineColorSpace='rgb', lineRGB=array([-1., -1., -1.]), lineWidth=1, name='demo_enclosing_feedback_1', opacity=1.0, ori=array(0.), pos=array([0., 0.]), size=array([0.9, 0.9]), units='height', vertices=ndarray(...), win=Window(...))
8.9492 	EXP 	Created demo_enclosing_feedback = Polygon(__class__=<class 'psychopy.visual.polygon.Polygon'>, autoDraw=False, autoLog=True, closeShape=True, color=method-wrapper(...), colorSpace=None, contrast=1.0, depth=-1.0, fillColor=array([0., 0., 0.]), fillColorSpace='rgb', fillRGB=array([0., 0., 0.]), interpolate=True, lineColor=array([-1., -1., -1.]), lineColorSpace='rgb', lineRGB=array([-1., -1., -1.]), lineWidth=1, name='demo_enclosing_feedback', opacity=1.0, ori=array(0.), pos=array([0., 0.]), size=array([0.8, 0.8]), units='height', vertices=ndarray(...), win=Window(...))
8.9503 	EXP 	Created demo_target_feedback = ShapeStim(__class__=<class 'psychopy.visual.shape.ShapeStim'>, autoDraw=False, autoLog=True, closeShape=True, contrast=1.0, depth=-2.0, fillColor=array([1., 1., 1.]), fillColorSpace='rgb', interpolate=True, lineColor=array([1., 1., 1.]), lineColorSpace='rgb', lineWidth=1, name='demo_target_feedback', opacity=1.0, ori=array(45.), pos=array([0., 0.]), size=array([0.05, 0.05]), units='height', vertices=ndarray(...), win=Window(...), windingRule=None)
8.9519 	EXP 	Created demo_fixation_feedback = Polygon(__class__=<class 'psychopy.visual.polygon.Polygon'>, autoDraw=False, autoLog=True, closeShape=True, color=method-wrapper(...), colorSpace=None, contrast=1.0, depth=-3.0, fillColor=array([1., 0., 0.]), fillColorSpace='rgb', fillRGB=array([1., 0., 0.]), interpolate=True, lineColor=array([1., 0., 0.]), lineColorSpace='rgb', lineRGB=array([1., 0., 0.]), lineWidth=1, name='demo_fixation_feedback', opacity=1.0, ori=array(0.), pos=array([0., 0.]), size=array([0.025, 0.025]), units='height', vertices=ndarray(...), win=Window(...))
8.9548 	EXP 	Created demo_score_text = TextStim(__class__=<class 'psychopy.visual.text.TextStim'>, alignHoriz=method-wrapper(...), alignText='center', alignVert=method-wrapper(...), anchorHoriz='center', anchorVert='center', antialias=True, autoLog=True, bold=False, color='green', colorSpace='named', contrast=1.0, depth=-5.0, flipHoriz=False, flipVert=False, font='Arial', fontFiles=[], height=0.04, italic=False, languageStyle='LTR', name='demo_score_text', opacity=1.0, ori=0, pos=array([0., 0.]), rgb=array([  0., 128.,   0.]), text='default text', units='height', win=Window(...), wrapWidth=1)
8.9653 	EXP 	Created text_3 = TextStim(__class__=<class 'psychopy.visual.text.TextStim'>, alignHoriz=method-wrapper(...), alignText='center', alignVert=method-wrapper(...), anchorHoriz='center', anchorVert='center', antialias=True, autoLog=True, bold=False, color='white', colorSpace='named', contrast=1.0, depth=0.0, flipHoriz=False, flipVert=False, font='Arial', fontFiles=[], height=0.04, italic=False, languageStyle='LTR', name='text_3', opacity=1.0, ori=0, pos=array([0., 0.]), rgb=array([255., 255., 255.]), text=str(...), units='height', win=Window(...), wrapWidth=1)
8.9654 	EXP 	window1: mouseVisible = True
8.9692 	EXP 	Created baseline_enclosing_1 = Polygon(__class__=<class 'psychopy.visual.polygon.Polygon'>, autoDraw=False, autoLog=True, closeShape=True, color=method-wrapper(...), colorSpace=None, contrast=1.0, depth=0.0, fillColor=array([0., 0., 0.]), fillColorSpace='rgb', fillRGB=array([0., 0., 0.]), interpolate=True, lineColor=array([-1., -1., -1.]), lineColorSpace='rgb', lineRGB=array([-1., -1., -1.]), lineWidth=1, name='baseline_enclosing_1', opacity=1.0, ori=array(0.), pos=array([0., 0.]), size=array([0.9, 0.9]), units='height', vertices=ndarray(...), win=Window(...))
8.9729 	EXP 	Created baseline_enclosing = Polygon(__class__=<class 'psychopy.visual.polygon.Polygon'>, autoDraw=False, autoLog=True, closeShape=True, color=method-wrapper(...), colorSpace=None, contrast=1.0, depth=-1.0, fillColor=array([0., 0., 0.]), fillColorSpace='rgb', fillRGB=array([0., 0., 0.]), interpolate=True, lineColor=array([-1., -1., -1.]), lineColorSpace='rgb', lineRGB=array([-1., -1., -1.]), lineWidth=1, name='baseline_enclosing', opacity=1.0, ori=array(0.), pos=array([0., 0.]), size=array([0.8, 0.8]), units='height', vertices=ndarray(...), win=Window(...))
8.9741 	EXP 	Created baseline_target = ShapeStim(__class__=<class 'psychopy.visual.shape.ShapeStim'>, autoDraw=False, autoLog=True, closeShape=True, contrast=1.0, depth=-2.0, fillColor=array([1., 1., 1.]), fillColorSpace='rgb', interpolate=True, lineColor=array([1., 1., 1.]), lineColorSpace='rgb', lineWidth=1, name='baseline_target', opacity=1.0, ori=array(45.), pos=array([0., 0.]), size=array([0.05, 0.05]), units='height', vertices=ndarray(...), win=Window(...), windingRule=None)
8.9757 	EXP 	Created baseline_fixation = Polygon(__class__=<class 'psychopy.visual.polygon.Polygon'>, autoDraw=False, autoLog=True, closeShape=True, color=method-wrapper(...), colorSpace=None, contrast=1.0, depth=-3.0, fillColor=array([1., 0., 0.]), fillColorSpace='rgb', fillRGB=array([1., 0., 0.]), interpolate=True, lineColor=array([1., 0., 0.]), lineColorSpace='rgb', lineRGB=array([1., 0., 0.]), lineWidth=1, name='baseline_fixation', opacity=1.0, ori=array(0.), pos=array([0., 0.]), size=array([0.025, 0.025]), units='height', vertices=ndarray(...), win=Window(...))
8.9758 	EXP 	window1: mouseVisible = True
8.9794 	EXP 	Created baseline_enclosing_feedback_1 = Polygon(__class__=<class 'psychopy.visual.polygon.Polygon'>, autoDraw=False, autoLog=True, closeShape=True, color=method-wrapper(...), colorSpace=None, contrast=1.0, depth=0.0, fillColor=array([0., 0., 0.]), fillColorSpace='rgb', fillRGB=array([0., 0., 0.]), interpolate=True, lineColor=array([-1., -1., -1.]), lineColorSpace='rgb', lineRGB=array([-1., -1., -1.]), lineWidth=1, name='baseline_enclosing_feedback_1', opacity=1.0, ori=array(0.), pos=array([0., 0.]), size=array([0.9, 0.9]), units='height', vertices=ndarray(...), win=Window(...))
8.9832 	EXP 	Created baseline_enclosing_feedback = Polygon(__class__=<class 'psychopy.visual.polygon.Polygon'>, autoDraw=False, autoLog=True, closeShape=True, color=method-wrapper(...), colorSpace=None, contrast=1.0, depth=-1.0, fillColor=array([0., 0., 0.]), fillColorSpace='rgb', fillRGB=array([0., 0., 0.]), interpolate=True, lineColor=array([-1., -1., -1.]), lineColorSpace='rgb', lineRGB=array([-1., -1., -1.]), lineWidth=1, name='baseline_enclosing_feedback', opacity=1.0, ori=array(0.), pos=array([0., 0.]), size=array([0.8, 0.8]), units='height', vertices=ndarray(...), win=Window(...))
8.9843 	EXP 	Created baseline_target_feedback = ShapeStim(__class__=<class 'psychopy.visual.shape.ShapeStim'>, autoDraw=False, autoLog=True, closeShape=True, contrast=1.0, depth=-2.0, fillColor=array([1., 1., 1.]), fillColorSpace='rgb', interpolate=True, lineColor=array([1., 1., 1.]), lineColorSpace='rgb', lineWidth=1, name='baseline_target_feedback', opacity=1.0, ori=array(45.), pos=array([0., 0.]), size=array([0.05, 0.05]), units='height', vertices=ndarray(...), win=Window(...), windingRule=None)
8.9859 	EXP 	Created baseline_fixation_feedback = Polygon(__class__=<class 'psychopy.visual.polygon.Polygon'>, autoDraw=False, autoLog=True, closeShape=True, color=method-wrapper(...), colorSpace=None, contrast=1.0, depth=-3.0, fillColor=array([1., 0., 0.]), fillColorSpace='rgb', fillRGB=array([1., 0., 0.]), interpolate=True, lineColor=array([1., 0., 0.]), lineColorSpace='rgb', lineRGB=array([1., 0., 0.]), lineWidth=1, name='baseline_fixation_feedback', opacity=1.0, ori=array(0.), pos=array([0., 0.]), size=array([0.025, 0.025]), units='height', vertices=ndarray(...), win=Window(...))
8.9886 	EXP 	Created baseline_score_text = TextStim(__class__=<class 'psychopy.visual.text.TextStim'>, alignHoriz=method-wrapper(...), alignText='center', alignVert=method-wrapper(...), anchorHoriz='center', anchorVert='center', antialias=True, autoLog=True, bold=False, color='green', colorSpace='named', contrast=1.0, depth=-5.0, flipHoriz=False, flipVert=False, font='Arial', fontFiles=[], height=0.04, italic=False, languageStyle='LTR', name='baseline_score_text', opacity=1.0, ori=0, pos=array([0., 0.]), rgb=array([  0., 128.,   0.]), text='default text', units='height', win=Window(...), wrapWidth=1)
8.9970 	EXP 	Created text_2 = TextStim(__class__=<class 'psychopy.visual.text.TextStim'>, alignHoriz=method-wrapper(...), alignText='center', alignVert=method-wrapper(...), anchorHoriz='center', anchorVert='center', antialias=True, autoLog=True, bold=False, color='white', colorSpace='named', contrast=1.0, depth=0.0, flipHoriz=False, flipVert=False, font='Arial', fontFiles=[], height=0.04, italic=False, languageStyle='LTR', name='text_2', opacity=1.0, ori=0, pos=array([0., 0.]), rgb=array([255., 255., 255.]), text=str(...), units='height', win=Window(...), wrapWidth=1)
8.9971 	EXP 	window1: mouseVisible = True
9.0009 	EXP 	Created rotated_enclosing_1 = Polygon(__class__=<class 'psychopy.visual.polygon.Polygon'>, autoDraw=False, autoLog=True, closeShape=True, color=method-wrapper(...), colorSpace=None, contrast=1.0, depth=0.0, fillColor=array([0., 0., 0.]), fillColorSpace='rgb', fillRGB=array([0., 0., 0.]), interpolate=True, lineColor=array([-1., -1., -1.]), lineColorSpace='rgb', lineRGB=array([-1., -1., -1.]), lineWidth=1, name='rotated_enclosing_1', opacity=1.0, ori=array(0.), pos=array([0., 0.]), size=array([0.9, 0.9]), units='height', vertices=ndarray(...), win=Window(...))
9.0058 	EXP 	Created rotated_enclosing = Polygon(__class__=<class 'psychopy.visual.polygon.Polygon'>, autoDraw=False, autoLog=True, closeShape=True, color=method-wrapper(...), colorSpace=None, contrast=1.0, depth=-1.0, fillColor=array([0., 0., 0.]), fillColorSpace='rgb', fillRGB=array([0., 0., 0.]), interpolate=True, lineColor=array([-1., -1., -1.]), lineColorSpace='rgb', lineRGB=array([-1., -1., -1.]), lineWidth=1, name='rotated_enclosing', opacity=1.0, ori=array(0.), pos=array([0., 0.]), size=array([0.8, 0.8]), units='height', vertices=ndarray(...), win=Window(...))
9.0075 	EXP 	Created rotated_target = ShapeStim(__class__=<class 'psychopy.visual.shape.ShapeStim'>, autoDraw=False, autoLog=True, closeShape=True, contrast=1.0, depth=-2.0, fillColor=array([1., 1., 1.]), fillColorSpace='rgb', interpolate=True, lineColor=array([1., 1., 1.]), lineColorSpace='rgb', lineWidth=1, name='rotated_target', opacity=1.0, ori=array(45.), pos=array([0., 0.]), size=array([0.05, 0.05]), units='height', vertices=ndarray(...), win=Window(...), windingRule=None)
9.0100 	EXP 	Created rotated_fixation = Polygon(__class__=<class 'psychopy.visual.polygon.Polygon'>, autoDraw=False, autoLog=True, closeShape=True, color=method-wrapper(...), colorSpace=None, contrast=1.0, depth=-3.0, fillColor=array([1., 0., 0.]), fillColorSpace='rgb', fillRGB=array([1., 0., 0.]), interpolate=True, lineColor=array([1., 0., 0.]), lineColorSpace='rgb', lineRGB=array([1., 0., 0.]), lineWidth=1, name='rotated_fixation', opacity=1.0, ori=array(0.), pos=array([0., 0.]), size=array([0.025, 0.025]), units='height', vertices=ndarray(...), win=Window(...))
9.0101 	EXP 	window1: mouseVisible = True
9.0142 	EXP 	Created rotated_enclosing_feedback_1 = Polygon(__class__=<class 'psychopy.visual.polygon.Polygon'>, autoDraw=False, autoLog=True, closeShape=True, color=method-wrapper(...), colorSpace=None, contrast=1.0, depth=0.0, fillColor=array([0., 0., 0.]), fillColorSpace='rgb', fillRGB=array([0., 0., 0.]), interpolate=True, lineColor=array([-1., -1., -1.]), lineColorSpace='rgb', lineRGB=array([-1., -1., -1.]), lineWidth=1, name='rotated_enclosing_feedback_1', opacity=1.0, ori=array(0.), pos=array([0., 0.]), size=array([0.9, 0.9]), units='height', vertices=ndarray(...), win=Window(...))
9.0178 	EXP 	Created rotated_enclosing_feedback = Polygon(__class__=<class 'psychopy.visual.polygon.Polygon'>, autoDraw=False, autoLog=True, closeShape=True, color=method-wrapper(...), colorSpace=None, contrast=1.0, depth=-1.0, fillColor=array([0., 0., 0.]), fillColorSpace='rgb', fillRGB=array([0., 0., 0.]), interpolate=True, lineColor=array([-1., -1., -1.]), lineColorSpace='rgb', lineRGB=array([-1., -1., -1.]), lineWidth=1, name='rotated_enclosing_feedback', opacity=1.0, ori=array(0.), pos=array([0., 0.]), size=array([0.8, 0.8]), units='height', vertices=ndarray(...), win=Window(...))
9.0190 	EXP 	Created rotated_target_feedback = ShapeStim(__class__=<class 'psychopy.visual.shape.ShapeStim'>, autoDraw=False, autoLog=True, closeShape=True, contrast=1.0, depth=-2.0, fillColor=array([1., 1., 1.]), fillColorSpace='rgb', interpolate=True, lineColor=array([1., 1., 1.]), lineColorSpace='rgb', lineWidth=1, name='rotated_target_feedback', opacity=1.0, ori=array(45.), pos=array([0., 0.]), size=array([0.05, 0.05]), units='height', vertices=ndarray(...), win=Window(...), windingRule=None)
9.0207 	EXP 	Created rotated_fixation_feedback = Polygon(__class__=<class 'psychopy.visual.polygon.Polygon'>, autoDraw=False, autoLog=True, closeShape=True, color=method-wrapper(...), colorSpace=None, contrast=1.0, depth=-3.0, fillColor=array([1., 0., 0.]), fillColorSpace='rgb', fillRGB=array([1., 0., 0.]), interpolate=True, lineColor=array([1., 0., 0.]), lineColorSpace='rgb', lineRGB=array([1., 0., 0.]), lineWidth=1, name='rotated_fixation_feedback', opacity=1.0, ori=array(0.), pos=array([0., 0.]), size=array([0.025, 0.025]), units='height', vertices=ndarray(...), win=Window(...))
9.0233 	EXP 	Created rotated_score_text = TextStim(__class__=<class 'psychopy.visual.text.TextStim'>, alignHoriz=method-wrapper(...), alignText='center', alignVert=method-wrapper(...), anchorHoriz='center', anchorVert='center', antialias=True, autoLog=True, bold=False, color='green', colorSpace='named', contrast=1.0, depth=-5.0, flipHoriz=False, flipVert=False, font='Arial', fontFiles=[], height=0.04, italic=False, languageStyle='LTR', name='rotated_score_text', opacity=1.0, ori=0, pos=array([0., 0.]), rgb=array([  0., 128.,   0.]), text='default text', units='height', win=Window(...), wrapWidth=1)
9.0318 	EXP 	Created rotated_breaks = TextStim(__class__=<class 'psychopy.visual.text.TextStim'>, alignHoriz=method-wrapper(...), alignText='center', alignVert=method-wrapper(...), anchorHoriz='center', anchorVert='center', antialias=True, autoLog=True, bold=False, color='white', colorSpace='named', contrast=1.0, depth=0.0, flipHoriz=False, flipVert=False, font='Arial', fontFiles=[], height=0.04, italic=False, languageStyle='LTR', name='rotated_breaks', opacity=1.0, ori=0, pos=array([0., 0.]), rgb=array([255., 255., 255.]), text=str(...), units='height', win=Window(...), wrapWidth=1)
9.0319 	EXP 	window1: mouseVisible = True
9.0368 	EXP 	Created transfer_enclosing_1 = Polygon(__class__=<class 'psychopy.visual.polygon.Polygon'>, autoDraw=False, autoLog=True, closeShape=True, color=method-wrapper(...), colorSpace=None, contrast=1.0, depth=-1.0, fillColor=array([0., 0., 0.]), fillColorSpace='rgb', fillRGB=array([0., 0., 0.]), interpolate=True, lineColor=array([-1., -1., -1.]), lineColorSpace='rgb', lineRGB=array([-1., -1., -1.]), lineWidth=1, name='transfer_enclosing_1', opacity=1.0, ori=array(0.), pos=array([0., 0.]), size=array([0.9, 0.9]), units='height', vertices=ndarray(...), win=Window(...))
9.0405 	EXP 	Created transfer_enclosing = Polygon(__class__=<class 'psychopy.visual.polygon.Polygon'>, autoDraw=False, autoLog=True, closeShape=True, color=method-wrapper(...), colorSpace=None, contrast=1.0, depth=-2.0, fillColor=array([0., 0., 0.]), fillColorSpace='rgb', fillRGB=array([0., 0., 0.]), interpolate=True, lineColor=array([-1., -1., -1.]), lineColorSpace='rgb', lineRGB=array([-1., -1., -1.]), lineWidth=1, name='transfer_enclosing', opacity=1.0, ori=array(0.), pos=array([0., 0.]), size=array([0.8, 0.8]), units='height', vertices=ndarray(...), win=Window(...))
9.0417 	EXP 	Created transfer_target = ShapeStim(__class__=<class 'psychopy.visual.shape.ShapeStim'>, autoDraw=False, autoLog=True, closeShape=True, contrast=1.0, depth=-3.0, fillColor=array([1., 1., 1.]), fillColorSpace='rgb', interpolate=True, lineColor=array([1., 1., 1.]), lineColorSpace='rgb', lineWidth=1, name='transfer_target', opacity=1.0, ori=array(45.), pos=array([0., 0.]), size=array([0.05, 0.05]), units='height', vertices=ndarray(...), win=Window(...), windingRule=None)
9.0433 	EXP 	Created transfer_fixation = Polygon(__class__=<class 'psychopy.visual.polygon.Polygon'>, autoDraw=False, autoLog=True, closeShape=True, color=method-wrapper(...), colorSpace=None, contrast=1.0, depth=-4.0, fillColor=array([1., 0., 0.]), fillColorSpace='rgb', fillRGB=array([1., 0., 0.]), interpolate=True, lineColor=array([1., 0., 0.]), lineColorSpace='rgb', lineRGB=array([1., 0., 0.]), lineWidth=1, name='transfer_fixation', opacity=1.0, ori=array(0.), pos=array([0., 0.]), size=array([0.025, 0.025]), units='height', vertices=ndarray(...), win=Window(...))
9.0434 	EXP 	window1: mouseVisible = True
9.0474 	EXP 	Created transfer_enclosing_feedback_1 = Polygon(__class__=<class 'psychopy.visual.polygon.Polygon'>, autoDraw=False, autoLog=True, closeShape=True, color=method-wrapper(...), colorSpace=None, contrast=1.0, depth=0.0, fillColor=array([0., 0., 0.]), fillColorSpace='rgb', fillRGB=array([0., 0., 0.]), interpolate=True, lineColor=array([-1., -1., -1.]), lineColorSpace='rgb', lineRGB=array([-1., -1., -1.]), lineWidth=1, name='transfer_enclosing_feedback_1', opacity=1.0, ori=array(0.), pos=array([0., 0.]), size=array([0.9, 0.9]), units='height', vertices=ndarray(...), win=Window(...))
9.0511 	EXP 	Created transfer_enclosing_feedback = Polygon(__class__=<class 'psychopy.visual.polygon.Polygon'>, autoDraw=False, autoLog=True, closeShape=True, color=method-wrapper(...), colorSpace=None, contrast=1.0, depth=-1.0, fillColor=array([0., 0., 0.]), fillColorSpace='rgb', fillRGB=array([0., 0., 0.]), interpolate=True, lineColor=array([-1., -1., -1.]), lineColorSpace='rgb', lineRGB=array([-1., -1., -1.]), lineWidth=1, name='transfer_enclosing_feedback', opacity=1.0, ori=array(0.), pos=array([0., 0.]), size=array([0.8, 0.8]), units='height', vertices=ndarray(...), win=Window(...))
9.0523 	EXP 	Created transfer_target_feedback = ShapeStim(__class__=<class 'psychopy.visual.shape.ShapeStim'>, autoDraw=False, autoLog=True, closeShape=True, contrast=1.0, depth=-2.0, fillColor=array([1., 1., 1.]), fillColorSpace='rgb', interpolate=True, lineColor=array([1., 1., 1.]), lineColorSpace='rgb', lineWidth=1, name='transfer_target_feedback', opacity=1.0, ori=array(45.), pos=array([0., 0.]), size=array([0.05, 0.05]), units='height', vertices=ndarray(...), win=Window(...), windingRule=None)
9.0539 	EXP 	Created transfer_fixation_feedback = Polygon(__class__=<class 'psychopy.visual.polygon.Polygon'>, autoDraw=False, autoLog=True, closeShape=True, color=method-wrapper(...), colorSpace=None, contrast=1.0, depth=-3.0, fillColor=array([1., 0., 0.]), fillColorSpace='rgb', fillRGB=array([1., 0., 0.]), interpolate=True, lineColor=array([1., 0., 0.]), lineColorSpace='rgb', lineRGB=array([1., 0., 0.]), lineWidth=1, name='transfer_fixation_feedback', opacity=1.0, ori=array(0.), pos=array([0., 0.]), size=array([0.025, 0.025]), units='height', vertices=ndarray(...), win=Window(...))
9.0565 	EXP 	Created text_4 = TextStim(__class__=<class 'psychopy.visual.text.TextStim'>, alignHoriz=method-wrapper(...), alignText='center', alignVert=method-wrapper(...), anchorHoriz='center', anchorVert='center', antialias=True, autoLog=True, bold=False, color='green', colorSpace='named', contrast=1.0, depth=-5.0, flipHoriz=False, flipVert=False, font='Arial', fontFiles=[], height=0.04, italic=False, languageStyle='LTR', name='text_4', opacity=1.0, ori=0, pos=array([0., 0.]), rgb=array([  0., 128.,   0.]), text='default text', units='height', win=Window(...), wrapWidth=1)
9.0639 	EXP 	Created done_text = TextStim(__class__=<class 'psychopy.visual.text.TextStim'>, alignHoriz=method-wrapper(...), alignText='center', alignVert=method-wrapper(...), anchorHoriz='center', anchorVert='center', antialias=True, autoLog=True, bold=False, color='white', colorSpace='named', contrast=1.0, depth=0.0, flipHoriz=False, flipVert=False, font='Arial', fontFiles=[], height=0.04, italic=False, languageStyle='LTR', name='done_text', opacity=1.0, ori=0, pos=array([0., 0.]), rgb=array([255., 255., 255.]), text=str(...), units='height', win=Window(...), wrapWidth=1)
9.0640 	EXP 	window1: mouseVisible = True
9.0996 	EXP 	Welcome: autoDraw = True
10.2197 	DATA 	Mouse: Left button down, pos=(1374,478)
10.2199 	DATA 	Mouse:  Left button up, pos=(1374,478)
11.0374 	DATA 	Mouse: Left button down, pos=(1490,491)
11.0377 	DATA 	Mouse:  Left button up, pos=(1490,491)
11.7892 	DATA 	Mouse: Left button down, pos=(1499,487)
11.7894 	DATA 	Mouse:  Left button up, pos=(1499,487)
12.2509 	DATA 	Mouse: Left button down, pos=(1326,362)
12.2533 	EXP 	Created sequence: random, trialTypes=1, nReps=2, seed=None
12.2535 	EXP 	New trial (rep=0, index=0): None
12.2654 	EXP 	Welcome: autoDraw = False
12.2654 	EXP 	text: autoDraw = True
12.4018 	DATA 	Mouse:  Left button up, pos=(1442,451)
12.9849 	DATA 	Mouse: Left button down, pos=(1305,352)
13.0368 	EXP 	Imported conditions_demo.xlsx as conditions, 4 conditions, 3 params
13.0370 	EXP 	Created sequence: random, trialTypes=4, nReps=1, seed=None
13.0372 	EXP 	New trial (rep=0, index=0): OrderedDict([('target_x', -0.3), ('target_y', 0.3), ('rotation', 0)])
13.0377 	EXP 	window1: mouseVisible = False
13.0493 	EXP 	text: autoDraw = False
13.0493 	EXP 	demo_fixation: opacity = 1
13.0493 	EXP 	demo_fixation: pos = [0, 0]
13.0493 	EXP 	demo_target: pos = array([-0.3,  0.3])
13.0493 	EXP 	demo_fixation: pos = array([0., 0.])
13.0493 	EXP 	demo_fixation: opacity = 0
13.0493 	EXP 	demo_fixation: pos = array([0., 0.])
13.0493 	EXP 	demo_enclosing_1: autoDraw = True
13.0493 	EXP 	demo_enclosing: autoDraw = True
13.0493 	EXP 	demo_fixation: autoDraw = True
13.0494 	EXP 	window1: mouseVisible = False
13.0641 	EXP 	demo_fixation: opacity = 0
13.0641 	EXP 	demo_fixation: pos = array([0.00277778, 0.00277778])
13.0642 	EXP 	window1: mouseVisible = False
13.0804 	EXP 	demo_fixation: opacity = 0
13.0804 	EXP 	demo_fixation: pos = array([0.00555556, 0.00648148])
13.0805 	EXP 	window1: mouseVisible = False
13.0970 	EXP 	demo_fixation: opacity = 0
13.0970 	EXP 	demo_fixation: pos = array([0.00555556, 0.00740741])
13.0972 	EXP 	window1: mouseVisible = False
13.0985 	DATA 	Mouse:  Left button up, pos=(1371,411)
13.1136 	EXP 	demo_fixation: opacity = 1
13.1136 	EXP 	demo_fixation: pos = [0, 0]
13.1137 	EXP 	window1: mouseVisible = False
13.1304 	EXP 	demo_fixation: opacity = 1
13.1304 	EXP 	demo_fixation: pos = [0, 0]
13.1305 	EXP 	window1: mouseVisible = False
13.1472 	EXP 	demo_fixation: opacity = 1
13.1472 	EXP 	demo_fixation: pos = [0, 0]
13.1474 	EXP 	window1: mouseVisible = False
13.1640 	EXP 	demo_fixation: opacity = 1
13.1640 	EXP 	demo_fixation: pos = [0, 0]
13.1643 	EXP 	window1: mouseVisible = False
13.1807 	EXP 	demo_fixation: opacity = 1
13.1807 	EXP 	demo_fixation: pos = [0, 0]
13.1809 	EXP 	window1: mouseVisible = False
13.1979 	EXP 	demo_fixation: opacity = 1
13.1979 	EXP 	demo_fixation: pos = [0, 0]
13.1981 	EXP 	window1: mouseVisible = False
13.2139 	EXP 	demo_fixation: opacity = 1
13.2139 	EXP 	demo_fixation: pos = [0, 0]
13.2141 	EXP 	window1: mouseVisible = False
13.2307 	EXP 	demo_fixation: opacity = 1
13.2307 	EXP 	demo_fixation: pos = [0, 0]
13.2309 	EXP 	window1: mouseVisible = False
13.2479 	EXP 	demo_fixation: opacity = 1
13.2479 	EXP 	demo_fixation: pos = [0, 0]
13.2481 	EXP 	window1: mouseVisible = False
13.2639 	EXP 	demo_fixation: opacity = 1
13.2639 	EXP 	demo_fixation: pos = [0, 0]
13.2641 	EXP 	window1: mouseVisible = False
13.2804 	EXP 	demo_fixation: opacity = 1
13.2804 	EXP 	demo_fixation: pos = [0, 0]
13.2807 	EXP 	window1: mouseVisible = False
13.2971 	EXP 	demo_fixation: opacity = 1
13.2971 	EXP 	demo_fixation: pos = [0, 0]
13.2974 	EXP 	window1: mouseVisible = False
13.3138 	EXP 	demo_fixation: opacity = 1
13.3138 	EXP 	demo_fixation: pos = [0, 0]
13.3140 	EXP 	window1: mouseVisible = False
13.3305 	EXP 	demo_fixation: opacity = 1
13.3305 	EXP 	demo_fixation: pos = [0, 0]
13.3307 	EXP 	window1: mouseVisible = False
13.3471 	EXP 	demo_fixation: opacity = 1
13.3471 	EXP 	demo_fixation: pos = [0, 0]
13.3474 	EXP 	window1: mouseVisible = False
13.3638 	EXP 	demo_fixation: opacity = 1
13.3638 	EXP 	demo_fixation: pos = [0, 0]
13.3641 	EXP 	window1: mouseVisible = False
13.3804 	EXP 	demo_fixation: opacity = 1
13.3804 	EXP 	demo_fixation: pos = [0, 0]
13.3807 	EXP 	window1: mouseVisible = False
13.3971 	EXP 	demo_fixation: opacity = 1
13.3971 	EXP 	demo_fixation: pos = [0, 0]
13.3974 	EXP 	window1: mouseVisible = False
13.4138 	EXP 	demo_fixation: opacity = 1
13.4138 	EXP 	demo_fixation: pos = [0, 0]
13.4141 	EXP 	window1: mouseVisible = False
13.4305 	EXP 	demo_fixation: opacity = 1
13.4305 	EXP 	demo_fixation: pos = [0, 0]
13.4308 	EXP 	window1: mouseVisible = False
13.4476 	EXP 	demo_fixation: opacity = 1
13.4476 	EXP 	demo_fixation: pos = [0, 0]
13.4479 	EXP 	window1: mouseVisible = False
13.4644 	EXP 	demo_fixation: opacity = 1
13.4644 	EXP 	demo_fixation: pos = [0, 0]
13.4646 	EXP 	window1: mouseVisible = False
13.4804 	EXP 	demo_fixation: opacity = 1
13.4804 	EXP 	demo_fixation: pos = [0, 0]
13.4806 	EXP 	window1: mouseVisible = False
13.4971 	EXP 	demo_fixation: opacity = 1
13.4971 	EXP 	demo_fixation: pos = [0, 0]
13.4974 	EXP 	window1: mouseVisible = False
13.5138 	EXP 	demo_fixation: opacity = 1
13.5138 	EXP 	demo_fixation: pos = [0, 0]
13.5140 	EXP 	window1: mouseVisible = False
13.5302 	EXP 	demo_fixation: opacity = 1
13.5302 	EXP 	demo_fixation: pos = [0, 0]
13.5304 	EXP 	window1: mouseVisible = False
13.5467 	EXP 	demo_fixation: opacity = 1
13.5467 	EXP 	demo_fixation: pos = [0, 0]
13.5470 	EXP 	window1: mouseVisible = False
13.5636 	EXP 	demo_fixation: opacity = 1
13.5636 	EXP 	demo_fixation: pos = [0, 0]
13.5639 	EXP 	window1: mouseVisible = False
13.5802 	EXP 	demo_fixation: opacity = 1
13.5802 	EXP 	demo_fixation: pos = [0, 0]
13.5805 	EXP 	window1: mouseVisible = False
13.5969 	EXP 	demo_fixation: opacity = 1
13.5969 	EXP 	demo_fixation: pos = [0, 0]
13.5971 	EXP 	window1: mouseVisible = False
13.6136 	EXP 	demo_fixation: opacity = 1
13.6136 	EXP 	demo_fixation: pos = [0, 0]
13.6138 	EXP 	window1: mouseVisible = False
13.6303 	EXP 	demo_fixation: opacity = 1
13.6303 	EXP 	demo_fixation: pos = [0, 0]
13.6305 	EXP 	window1: mouseVisible = False
13.6470 	EXP 	demo_fixation: opacity = 1
13.6470 	EXP 	demo_fixation: pos = [0, 0]
13.6472 	EXP 	window1: mouseVisible = False
13.6636 	EXP 	demo_fixation: opacity = 1
13.6636 	EXP 	demo_fixation: pos = [0, 0]
13.6638 	EXP 	window1: mouseVisible = False
13.6802 	EXP 	demo_fixation: opacity = 1
13.6802 	EXP 	demo_fixation: pos = [0, 0]
13.6805 	EXP 	window1: mouseVisible = False
13.6968 	EXP 	demo_fixation: opacity = 1
13.6968 	EXP 	demo_fixation: pos = [0, 0]
13.6971 	EXP 	window1: mouseVisible = False
13.7136 	EXP 	demo_fixation: opacity = 1
13.7136 	EXP 	demo_fixation: pos = [0, 0]
13.7138 	EXP 	window1: mouseVisible = False
13.7306 	EXP 	demo_fixation: opacity = 1
13.7306 	EXP 	demo_fixation: pos = [0, 0]
13.7308 	EXP 	window1: mouseVisible = False
13.7468 	EXP 	demo_fixation: opacity = 1
13.7468 	EXP 	demo_fixation: pos = [0, 0]
13.7471 	EXP 	window1: mouseVisible = False
13.7635 	EXP 	demo_fixation: opacity = 1
13.7635 	EXP 	demo_fixation: pos = [0, 0]
13.7637 	EXP 	window1: mouseVisible = False
13.7799 	EXP 	demo_fixation: opacity = 1
13.7799 	EXP 	demo_fixation: pos = [0, 0]
13.7802 	EXP 	window1: mouseVisible = False
13.7967 	EXP 	demo_fixation: opacity = 1
13.7967 	EXP 	demo_fixation: pos = [0, 0]
13.7969 	EXP 	window1: mouseVisible = False
13.8139 	EXP 	demo_fixation: opacity = 1
13.8139 	EXP 	demo_fixation: pos = [0, 0]
13.8142 	EXP 	window1: mouseVisible = False
13.8300 	EXP 	demo_fixation: opacity = 1
13.8300 	EXP 	demo_fixation: pos = [0, 0]
13.8303 	EXP 	window1: mouseVisible = False
13.8466 	EXP 	demo_fixation: opacity = 1
13.8466 	EXP 	demo_fixation: pos = [0, 0]
13.8469 	EXP 	window1: mouseVisible = False
13.8632 	EXP 	demo_fixation: opacity = 1
13.8632 	EXP 	demo_fixation: pos = [0, 0]
13.8635 	EXP 	window1: mouseVisible = False
13.8800 	EXP 	demo_fixation: opacity = 1
13.8800 	EXP 	demo_fixation: pos = [0, 0]
13.8803 	EXP 	window1: mouseVisible = False
13.8967 	EXP 	demo_fixation: opacity = 1
13.8967 	EXP 	demo_fixation: pos = [0, 0]
13.8970 	EXP 	window1: mouseVisible = False
13.9133 	EXP 	demo_fixation: opacity = 1
13.9133 	EXP 	demo_fixation: pos = [0, 0]
13.9136 	EXP 	window1: mouseVisible = False
13.9300 	EXP 	demo_fixation: opacity = 1
13.9300 	EXP 	demo_fixation: pos = [0, 0]
13.9300 	EXP 	demo_target: autoDraw = True
13.9302 	EXP 	window1: mouseVisible = False
13.9466 	EXP 	demo_fixation: opacity = 1
13.9466 	EXP 	demo_fixation: pos = [0, 0]
13.9469 	EXP 	window1: mouseVisible = False
13.9636 	EXP 	demo_fixation: opacity = 1
13.9636 	EXP 	demo_fixation: pos = [0, 0]
13.9639 	EXP 	window1: mouseVisible = False
13.9800 	EXP 	demo_fixation: opacity = 1
13.9800 	EXP 	demo_fixation: pos = [0, 0]
13.9803 	EXP 	window1: mouseVisible = False
13.9966 	EXP 	demo_fixation: opacity = 1
13.9966 	EXP 	demo_fixation: pos = [0, 0]
13.9968 	EXP 	window1: mouseVisible = False
14.0131 	EXP 	demo_fixation: opacity = 1
14.0131 	EXP 	demo_fixation: pos = [0, 0]
14.0134 	EXP 	window1: mouseVisible = False
14.0296 	EXP 	demo_fixation: opacity = 1
14.0296 	EXP 	demo_fixation: pos = [0, 0]
14.0299 	EXP 	window1: mouseVisible = False
14.0460 	EXP 	demo_fixation: opacity = 1
14.0460 	EXP 	demo_fixation: pos = [0, 0]
14.0462 	EXP 	window1: mouseVisible = False
14.0629 	EXP 	demo_fixation: opacity = 1
14.0629 	EXP 	demo_fixation: pos = [0, 0]
14.0631 	EXP 	window1: mouseVisible = False
14.0796 	EXP 	demo_fixation: opacity = 1
14.0796 	EXP 	demo_fixation: pos = [0, 0]
14.0798 	EXP 	window1: mouseVisible = False
14.0962 	EXP 	demo_fixation: opacity = 1
14.0962 	EXP 	demo_fixation: pos = [0, 0]
14.0964 	EXP 	window1: mouseVisible = False
14.1127 	EXP 	demo_fixation: opacity = 1
14.1127 	EXP 	demo_fixation: pos = [0, 0]
14.1129 	EXP 	window1: mouseVisible = False
14.1295 	EXP 	demo_fixation: opacity = 1
14.1295 	EXP 	demo_fixation: pos = [0, 0]
14.1297 	EXP 	window1: mouseVisible = False
14.1463 	EXP 	demo_fixation: opacity = 1
14.1463 	EXP 	demo_fixation: pos = [0, 0]
14.1465 	EXP 	window1: mouseVisible = False
14.1631 	EXP 	demo_fixation: opacity = 1
14.1631 	EXP 	demo_fixation: pos = [0, 0]
14.1633 	EXP 	window1: mouseVisible = False
14.1797 	EXP 	demo_fixation: opacity = 1
14.1797 	EXP 	demo_fixation: pos = [0, 0]
14.1799 	EXP 	window1: mouseVisible = False
14.1964 	EXP 	demo_fixation: opacity = 1
14.1964 	EXP 	demo_fixation: pos = [0, 0]
14.1966 	EXP 	window1: mouseVisible = False
14.2129 	EXP 	demo_fixation: opacity = 1
14.2129 	EXP 	demo_fixation: pos = [0, 0]
14.2132 	EXP 	window1: mouseVisible = False
14.2295 	EXP 	demo_fixation: opacity = 1
14.2295 	EXP 	demo_fixation: pos = [0, 0]
14.2298 	EXP 	window1: mouseVisible = False
14.2465 	EXP 	demo_fixation: opacity = 1
14.2465 	EXP 	demo_fixation: pos = [0, 0]
14.2468 	EXP 	window1: mouseVisible = False
14.2630 	EXP 	demo_fixation: opacity = 1
14.2630 	EXP 	demo_fixation: pos = [0, 0]
14.2632 	EXP 	window1: mouseVisible = False
14.2794 	EXP 	demo_fixation: opacity = 1
14.2794 	EXP 	demo_fixation: pos = [0, 0]
14.2797 	EXP 	window1: mouseVisible = False
14.2961 	EXP 	demo_fixation: opacity = 1
14.2961 	EXP 	demo_fixation: pos = [0, 0]
14.2963 	EXP 	window1: mouseVisible = False
14.3128 	EXP 	demo_fixation: opacity = 1
14.3128 	EXP 	demo_fixation: pos = [0, 0]
14.3131 	EXP 	window1: mouseVisible = False
14.3295 	EXP 	demo_fixation: opacity = 1
14.3295 	EXP 	demo_fixation: pos = [0, 0]
14.3297 	EXP 	window1: mouseVisible = False
14.3461 	EXP 	demo_fixation: opacity = 1
14.3461 	EXP 	demo_fixation: pos = [0, 0]
14.3464 	EXP 	window1: mouseVisible = False
14.3626 	EXP 	demo_fixation: opacity = 1
14.3626 	EXP 	demo_fixation: pos = [0, 0]
14.3629 	EXP 	window1: mouseVisible = False
14.3800 	EXP 	demo_fixation: opacity = 1
14.3800 	EXP 	demo_fixation: pos = [0, 0]
14.3803 	EXP 	window1: mouseVisible = False
14.3961 	EXP 	demo_fixation: opacity = 1
14.3961 	EXP 	demo_fixation: pos = [0, 0]
14.3963 	EXP 	window1: mouseVisible = False
14.4123 	EXP 	demo_fixation: opacity = 1
14.4123 	EXP 	demo_fixation: pos = [0, 0]
14.4125 	EXP 	window1: mouseVisible = False
14.4291 	EXP 	demo_fixation: opacity = 1
14.4291 	EXP 	demo_fixation: pos = [0, 0]
14.4293 	EXP 	window1: mouseVisible = False
14.4458 	EXP 	demo_fixation: opacity = 1
14.4458 	EXP 	demo_fixation: pos = [0, 0]
14.4460 	EXP 	window1: mouseVisible = False
14.4626 	EXP 	demo_fixation: opacity = 1
14.4626 	EXP 	demo_fixation: pos = [0, 0]
14.4628 	EXP 	window1: mouseVisible = False
14.4794 	EXP 	demo_fixation: opacity = 1
14.4794 	EXP 	demo_fixation: pos = [0, 0]
14.4797 	EXP 	window1: mouseVisible = False
14.4961 	EXP 	demo_fixation: opacity = 1
14.4961 	EXP 	demo_fixation: pos = [0, 0]
14.4964 	EXP 	window1: mouseVisible = False
14.5131 	EXP 	demo_fixation: opacity = 1
14.5131 	EXP 	demo_fixation: pos = [0, 0]
14.5134 	EXP 	window1: mouseVisible = False
14.5295 	EXP 	demo_fixation: opacity = 1
14.5295 	EXP 	demo_fixation: pos = [0, 0]
14.5299 	EXP 	window1: mouseVisible = False
14.5462 	EXP 	demo_fixation: opacity = 1
14.5462 	EXP 	demo_fixation: pos = [0, 0]
14.5465 	EXP 	window1: mouseVisible = False
14.5633 	EXP 	demo_fixation: opacity = 1
14.5633 	EXP 	demo_fixation: pos = [0, 0]
14.5636 	EXP 	window1: mouseVisible = False
14.5796 	EXP 	demo_fixation: opacity = 1
14.5796 	EXP 	demo_fixation: pos = [0, 0]
14.5799 	EXP 	window1: mouseVisible = False
14.5962 	EXP 	demo_fixation: opacity = 1
14.5962 	EXP 	demo_fixation: pos = [0, 0]
14.5965 	EXP 	window1: mouseVisible = False
14.6138 	EXP 	demo_fixation: opacity = 1
14.6138 	EXP 	demo_fixation: pos = [0, 0]
14.6141 	EXP 	window1: mouseVisible = False
14.6301 	EXP 	demo_fixation: opacity = 1
14.6301 	EXP 	demo_fixation: pos = [0, 0]
14.6304 	EXP 	window1: mouseVisible = False
14.6469 	EXP 	demo_fixation: opacity = 1
14.6469 	EXP 	demo_fixation: pos = [0, 0]
14.6472 	EXP 	window1: mouseVisible = False
14.6634 	EXP 	demo_fixation: opacity = 1
14.6634 	EXP 	demo_fixation: pos = [0, 0]
14.6637 	EXP 	window1: mouseVisible = False
14.6796 	EXP 	demo_fixation: opacity = 1
14.6796 	EXP 	demo_fixation: pos = [0, 0]
14.6799 	EXP 	window1: mouseVisible = False
14.6961 	EXP 	demo_fixation: opacity = 1
14.6961 	EXP 	demo_fixation: pos = [0, 0]
14.6964 	EXP 	window1: mouseVisible = False
14.7127 	EXP 	demo_fixation: opacity = 1
14.7127 	EXP 	demo_fixation: pos = [0, 0]
14.7130 	EXP 	window1: mouseVisible = False
14.7295 	EXP 	demo_fixation: opacity = 1
14.7295 	EXP 	demo_fixation: pos = [0, 0]
14.7298 	EXP 	window1: mouseVisible = False
14.7460 	EXP 	demo_fixation: opacity = 1
14.7460 	EXP 	demo_fixation: pos = [0, 0]
14.7463 	EXP 	window1: mouseVisible = False
14.7629 	EXP 	demo_fixation: opacity = 1
14.7629 	EXP 	demo_fixation: pos = [0, 0]
14.7632 	EXP 	window1: mouseVisible = False
14.7792 	EXP 	demo_fixation: opacity = 1
14.7792 	EXP 	demo_fixation: pos = [0, 0]
14.7795 	EXP 	window1: mouseVisible = False
14.7958 	EXP 	demo_fixation: opacity = 1
14.7958 	EXP 	demo_fixation: pos = [0, 0]
14.7961 	EXP 	window1: mouseVisible = False
14.8126 	EXP 	demo_fixation: opacity = 1
14.8126 	EXP 	demo_fixation: pos = [0, 0]
14.8129 	EXP 	window1: mouseVisible = False
14.8293 	EXP 	demo_fixation: opacity = 1
14.8293 	EXP 	demo_fixation: pos = [0, 0]
14.8297 	EXP 	window1: mouseVisible = False
14.8460 	EXP 	demo_fixation: opacity = 1
14.8460 	EXP 	demo_fixation: pos = [0, 0]
14.8463 	EXP 	window1: mouseVisible = False
14.8623 	EXP 	demo_fixation: opacity = 1
14.8623 	EXP 	demo_fixation: pos = [0, 0]
14.8625 	EXP 	window1: mouseVisible = False
14.8786 	EXP 	demo_fixation: opacity = 1
14.8786 	EXP 	demo_fixation: pos = [0, 0]
14.8787 	EXP 	window1: mouseVisible = False
14.8954 	EXP 	demo_fixation: opacity = 1
14.8954 	EXP 	demo_fixation: pos = [0, 0]
14.8955 	EXP 	window1: mouseVisible = False
14.9121 	EXP 	demo_fixation: opacity = 1
14.9121 	EXP 	demo_fixation: pos = [0, 0]
14.9123 	EXP 	window1: mouseVisible = False
14.9286 	EXP 	demo_fixation: opacity = 1
14.9286 	EXP 	demo_fixation: pos = [0, 0]
14.9288 	EXP 	window1: mouseVisible = False
14.9453 	EXP 	demo_fixation: opacity = 1
14.9453 	EXP 	demo_fixation: pos = [0, 0]
14.9455 	EXP 	window1: mouseVisible = False
14.9499 	DATA 	Mouse: Left button down, pos=(985,530)
14.9640 	EXP 	demo_fixation: opacity = 0
14.9640 	EXP 	demo_fixation: pos = array([0., 0.])
14.9643 	EXP 	window1: mouseVisible = False
14.9811 	EXP 	demo_fixation: opacity = 0
14.9811 	EXP 	demo_fixation: pos = array([-0.00555556, -0.0037037 ])
14.9814 	EXP 	window1: mouseVisible = False
14.9966 	EXP 	demo_fixation: opacity = 0
14.9966 	EXP 	demo_fixation: pos = array([-0.02222222, -0.01759259])
14.9968 	EXP 	window1: mouseVisible = False
15.0127 	EXP 	demo_fixation: opacity = 0
15.0127 	EXP 	demo_fixation: pos = array([-0.04351852, -0.03888889])
15.0129 	EXP 	window1: mouseVisible = False
15.0286 	EXP 	demo_fixation: opacity = 0
15.0286 	EXP 	demo_fixation: pos = array([-0.05555556, -0.05092593])
15.0288 	EXP 	window1: mouseVisible = False
15.0453 	EXP 	demo_fixation: opacity = 0
15.0453 	EXP 	demo_fixation: pos = array([-0.08055556, -0.08055556])
15.0454 	EXP 	window1: mouseVisible = False
15.0618 	EXP 	demo_fixation: opacity = 0
15.0618 	EXP 	demo_fixation: pos = array([-0.10925926, -0.11481481])
15.0621 	EXP 	window1: mouseVisible = False
15.0787 	EXP 	demo_fixation: opacity = 0
15.0787 	EXP 	demo_fixation: pos = array([-0.14074074, -0.15648148])
15.0788 	EXP 	window1: mouseVisible = False
15.0953 	EXP 	demo_fixation: opacity = 0
15.0953 	EXP 	demo_fixation: pos = array([-0.15277778, -0.17777778])
15.0954 	EXP 	window1: mouseVisible = False
15.1120 	EXP 	demo_fixation: opacity = 0
15.1120 	EXP 	demo_fixation: pos = array([-0.175     , -0.21481481])
15.1122 	EXP 	window1: mouseVisible = False
15.1286 	EXP 	demo_fixation: opacity = 0
15.1286 	EXP 	demo_fixation: pos = array([-0.19074074, -0.24259259])
15.1288 	EXP 	window1: mouseVisible = False
15.1452 	EXP 	demo_fixation: opacity = 0
15.1452 	EXP 	demo_fixation: pos = array([-0.20277778, -0.26851852])
15.1454 	EXP 	window1: mouseVisible = False
15.1620 	EXP 	demo_fixation: opacity = 0
15.1620 	EXP 	demo_fixation: pos = array([-0.20833333, -0.2787037 ])
15.1622 	EXP 	window1: mouseVisible = False
15.1785 	EXP 	demo_fixation: opacity = 0
15.1785 	EXP 	demo_fixation: pos = array([-0.22037037, -0.3037037 ])
15.1787 	EXP 	window1: mouseVisible = False
15.2014 	EXP 	demo_fixation: opacity = 0
15.2014 	EXP 	demo_fixation: pos = array([-0.23055556, -0.32777778])
15.2014 	EXP 	demo_fixation: pos = array([-0.23055556, -0.32777778])
15.2014 	EXP 	demo_fixation: opacity = 1
15.2014 	EXP 	demo_enclosing_1: autoDraw = False
15.2014 	EXP 	demo_enclosing: autoDraw = False
15.2014 	EXP 	demo_target: autoDraw = False
15.2014 	EXP 	demo_fixation: autoDraw = False
15.2014 	EXP 	demo_fixation: opacity = 1
15.2014 	EXP 	demo_target_feedback: pos = array([-0.3,  0.3])
15.2014 	EXP 	demo_fixation_feedback: pos = array([-0.23055556, -0.32777778])
15.2014 	EXP 	demo_score_text: text = 'Your score: 0'
15.2014 	EXP 	demo_enclosing_feedback_1: autoDraw = True
15.2014 	EXP 	demo_enclosing_feedback: autoDraw = True
15.2014 	EXP 	demo_target_feedback: autoDraw = True
15.2014 	EXP 	demo_fixation_feedback: autoDraw = True
15.2014 	EXP 	demo_score_text: autoDraw = True
15.7114 	EXP 	demo_fixation_feedback: autoDraw = False
15.7327 	DATA 	Mouse:  Left button up, pos=(663,75)
16.1982 	EXP 	New trial (rep=0, index=1): OrderedDict([('target_x', -0.3), ('target_y', -0.3), ('rotation', 0)])
16.1995 	EXP 	window1: mouseVisible = False
16.2115 	EXP 	demo_enclosing_feedback_1: autoDraw = False
16.2115 	EXP 	demo_enclosing_feedback: autoDraw = False
16.2115 	EXP 	demo_target_feedback: autoDraw = False
16.2115 	EXP 	demo_fixation_feedback: autoDraw = False
16.2115 	EXP 	demo_score_text: autoDraw = False
16.2115 	EXP 	demo_fixation: opacity = 1
16.2115 	EXP 	demo_fixation: pos = [0, 0]
16.2115 	EXP 	demo_target: pos = array([-0.3, -0.3])
16.2115 	EXP 	demo_fixation: pos = array([0., 0.])
16.2115 	EXP 	demo_fixation: opacity = 1
16.2115 	EXP 	demo_fixation: pos = [0, 0]
16.2115 	EXP 	demo_enclosing_1: autoDraw = True
16.2115 	EXP 	demo_enclosing: autoDraw = True
16.2115 	EXP 	demo_fixation: autoDraw = True
16.2117 	EXP 	window1: mouseVisible = False
16.2274 	EXP 	demo_fixation: opacity = 1
16.2274 	EXP 	demo_fixation: pos = [0, 0]
16.2275 	EXP 	window1: mouseVisible = False
16.2445 	EXP 	demo_fixation: opacity = 1
16.2445 	EXP 	demo_fixation: pos = [0, 0]
16.2447 	EXP 	window1: mouseVisible = False
16.2606 	EXP 	demo_fixation: opacity = 1
16.2606 	EXP 	demo_fixation: pos = [0, 0]
16.2609 	EXP 	window1: mouseVisible = False
16.2775 	EXP 	demo_fixation: opacity = 1
16.2775 	EXP 	demo_fixation: pos = [0, 0]
16.2777 	EXP 	window1: mouseVisible = False
16.2941 	EXP 	demo_fixation: opacity = 1
16.2941 	EXP 	demo_fixation: pos = [0, 0]
16.2944 	EXP 	window1: mouseVisible = False
16.3109 	EXP 	demo_fixation: opacity = 1
16.3109 	EXP 	demo_fixation: pos = [0, 0]
16.3111 	EXP 	window1: mouseVisible = False
16.3283 	EXP 	demo_fixation: opacity = 1
16.3283 	EXP 	demo_fixation: pos = [0, 0]
16.3286 	EXP 	window1: mouseVisible = False
16.3443 	EXP 	demo_fixation: opacity = 1
16.3443 	EXP 	demo_fixation: pos = [0, 0]
16.3446 	EXP 	window1: mouseVisible = False
16.3611 	EXP 	demo_fixation: opacity = 1
16.3611 	EXP 	demo_fixation: pos = [0, 0]
16.3614 	EXP 	window1: mouseVisible = False
16.3780 	EXP 	demo_fixation: opacity = 1
16.3780 	EXP 	demo_fixation: pos = [0, 0]
16.3783 	EXP 	window1: mouseVisible = False
16.3947 	EXP 	demo_fixation: opacity = 1
16.3947 	EXP 	demo_fixation: pos = [0, 0]
16.3951 	EXP 	window1: mouseVisible = False
16.4107 	EXP 	demo_fixation: opacity = 1
16.4107 	EXP 	demo_fixation: pos = [0, 0]
16.4109 	EXP 	window1: mouseVisible = False
16.4271 	EXP 	demo_fixation: opacity = 1
16.4271 	EXP 	demo_fixation: pos = [0, 0]
16.4272 	EXP 	window1: mouseVisible = False
16.4435 	EXP 	demo_fixation: opacity = 1
16.4435 	EXP 	demo_fixation: pos = [0, 0]
16.4437 	EXP 	window1: mouseVisible = False
16.4605 	EXP 	demo_fixation: opacity = 1
16.4605 	EXP 	demo_fixation: pos = [0, 0]
16.4607 	EXP 	window1: mouseVisible = False
16.4773 	EXP 	demo_fixation: opacity = 1
16.4773 	EXP 	demo_fixation: pos = [0, 0]
16.4775 	EXP 	window1: mouseVisible = False
16.4942 	EXP 	demo_fixation: opacity = 1
16.4942 	EXP 	demo_fixation: pos = [0, 0]
16.4945 	EXP 	window1: mouseVisible = False
16.5107 	EXP 	demo_fixation: opacity = 1
16.5107 	EXP 	demo_fixation: pos = [0, 0]
16.5110 	EXP 	window1: mouseVisible = False
16.5276 	EXP 	demo_fixation: opacity = 1
16.5276 	EXP 	demo_fixation: pos = [0, 0]
16.5278 	EXP 	window1: mouseVisible = False
16.5445 	EXP 	demo_fixation: opacity = 1
16.5445 	EXP 	demo_fixation: pos = [0, 0]
16.5448 	EXP 	window1: mouseVisible = False
16.5613 	EXP 	demo_fixation: opacity = 1
16.5613 	EXP 	demo_fixation: pos = [0, 0]
16.5616 	EXP 	window1: mouseVisible = False
16.5775 	EXP 	demo_fixation: opacity = 1
16.5775 	EXP 	demo_fixation: pos = [0, 0]
16.5777 	EXP 	window1: mouseVisible = False
16.5942 	EXP 	demo_fixation: opacity = 1
16.5942 	EXP 	demo_fixation: pos = [0, 0]
16.5945 	EXP 	window1: mouseVisible = False
16.6108 	EXP 	demo_fixation: opacity = 1
16.6108 	EXP 	demo_fixation: pos = [0, 0]
16.6111 	EXP 	window1: mouseVisible = False
16.6276 	EXP 	demo_fixation: opacity = 1
16.6276 	EXP 	demo_fixation: pos = [0, 0]
16.6278 	EXP 	window1: mouseVisible = False
16.6441 	EXP 	demo_fixation: opacity = 1
16.6441 	EXP 	demo_fixation: pos = [0, 0]
16.6444 	EXP 	window1: mouseVisible = False
16.6606 	EXP 	demo_fixation: opacity = 1
16.6606 	EXP 	demo_fixation: pos = [0, 0]
16.6609 	EXP 	window1: mouseVisible = False
16.6778 	EXP 	demo_fixation: opacity = 1
16.6778 	EXP 	demo_fixation: pos = [0, 0]
16.6780 	EXP 	window1: mouseVisible = False
16.6945 	EXP 	demo_fixation: opacity = 1
16.6945 	EXP 	demo_fixation: pos = [0, 0]
16.6947 	EXP 	window1: mouseVisible = False
16.7105 	EXP 	demo_fixation: opacity = 1
16.7105 	EXP 	demo_fixation: pos = [0, 0]
16.7108 	EXP 	window1: mouseVisible = False
16.7273 	EXP 	demo_fixation: opacity = 1
16.7273 	EXP 	demo_fixation: pos = [0, 0]
16.7275 	EXP 	window1: mouseVisible = False
16.7440 	EXP 	demo_fixation: opacity = 1
16.7440 	EXP 	demo_fixation: pos = [0, 0]
16.7442 	EXP 	window1: mouseVisible = False
16.7606 	EXP 	demo_fixation: opacity = 1
16.7606 	EXP 	demo_fixation: pos = [0, 0]
16.7608 	EXP 	window1: mouseVisible = False
16.7774 	EXP 	demo_fixation: opacity = 1
16.7774 	EXP 	demo_fixation: pos = [0, 0]
16.7777 	EXP 	window1: mouseVisible = False
16.7939 	EXP 	demo_fixation: opacity = 1
16.7939 	EXP 	demo_fixation: pos = [0, 0]
16.7941 	EXP 	window1: mouseVisible = False
16.8105 	EXP 	demo_fixation: opacity = 1
16.8105 	EXP 	demo_fixation: pos = [0, 0]
16.8108 	EXP 	window1: mouseVisible = False
16.8276 	EXP 	demo_fixation: opacity = 1
16.8276 	EXP 	demo_fixation: pos = [0, 0]
16.8278 	EXP 	window1: mouseVisible = False
16.8444 	EXP 	demo_fixation: opacity = 1
16.8444 	EXP 	demo_fixation: pos = [0, 0]
16.8449 	EXP 	window1: mouseVisible = False
16.8611 	EXP 	demo_fixation: opacity = 1
16.8611 	EXP 	demo_fixation: pos = [0, 0]
16.8614 	EXP 	window1: mouseVisible = False
16.8777 	EXP 	demo_fixation: opacity = 1
16.8777 	EXP 	demo_fixation: pos = [0, 0]
16.8780 	EXP 	window1: mouseVisible = False
16.8938 	EXP 	demo_fixation: opacity = 1
16.8938 	EXP 	demo_fixation: pos = [0, 0]
16.8940 	EXP 	window1: mouseVisible = False
16.9105 	EXP 	demo_fixation: opacity = 1
16.9105 	EXP 	demo_fixation: pos = [0, 0]
16.9108 	EXP 	window1: mouseVisible = False
16.9271 	EXP 	demo_fixation: opacity = 1
16.9271 	EXP 	demo_fixation: pos = [0, 0]
16.9274 	EXP 	window1: mouseVisible = False
16.9438 	EXP 	demo_fixation: opacity = 1
16.9438 	EXP 	demo_fixation: pos = [0, 0]
16.9441 	EXP 	window1: mouseVisible = False
16.9603 	EXP 	demo_fixation: opacity = 1
16.9603 	EXP 	demo_fixation: pos = [0, 0]
16.9606 	EXP 	window1: mouseVisible = False
16.9771 	EXP 	demo_fixation: opacity = 1
16.9771 	EXP 	demo_fixation: pos = [0, 0]
16.9773 	EXP 	window1: mouseVisible = False
16.9943 	EXP 	demo_fixation: opacity = 1
16.9943 	EXP 	demo_fixation: pos = [0, 0]
16.9943 	EXP 	demo_target: autoDraw = True
16.9946 	EXP 	window1: mouseVisible = False
17.0104 	EXP 	demo_fixation: opacity = 1
17.0104 	EXP 	demo_fixation: pos = [0, 0]
17.0107 	EXP 	window1: mouseVisible = False
17.0269 	EXP 	demo_fixation: opacity = 1
17.0269 	EXP 	demo_fixation: pos = [0, 0]
17.0272 	EXP 	window1: mouseVisible = False
17.0437 	EXP 	demo_fixation: opacity = 1
17.0437 	EXP 	demo_fixation: pos = [0, 0]
17.0440 	EXP 	window1: mouseVisible = False
17.0603 	EXP 	demo_fixation: opacity = 1
17.0603 	EXP 	demo_fixation: pos = [0, 0]
17.0605 	EXP 	window1: mouseVisible = False
17.0770 	EXP 	demo_fixation: opacity = 1
17.0770 	EXP 	demo_fixation: pos = [0, 0]
17.0773 	EXP 	window1: mouseVisible = False
17.0937 	EXP 	demo_fixation: opacity = 1
17.0937 	EXP 	demo_fixation: pos = [0, 0]
17.0940 	EXP 	window1: mouseVisible = False
17.1103 	EXP 	demo_fixation: opacity = 1
17.1103 	EXP 	demo_fixation: pos = [0, 0]
17.1106 	EXP 	window1: mouseVisible = False
17.1270 	EXP 	demo_fixation: opacity = 1
17.1270 	EXP 	demo_fixation: pos = [0, 0]
17.1273 	EXP 	window1: mouseVisible = False
17.1436 	EXP 	demo_fixation: opacity = 1
17.1436 	EXP 	demo_fixation: pos = [0, 0]
17.1438 	EXP 	window1: mouseVisible = False
17.1602 	EXP 	demo_fixation: opacity = 1
17.1602 	EXP 	demo_fixation: pos = [0, 0]
17.1604 	EXP 	window1: mouseVisible = False
17.1769 	EXP 	demo_fixation: opacity = 1
17.1769 	EXP 	demo_fixation: pos = [0, 0]
17.1771 	EXP 	window1: mouseVisible = False
17.1935 	EXP 	demo_fixation: opacity = 1
17.1935 	EXP 	demo_fixation: pos = [0, 0]
17.1938 	EXP 	window1: mouseVisible = False
17.2106 	EXP 	demo_fixation: opacity = 1
17.2106 	EXP 	demo_fixation: pos = [0, 0]
17.2108 	EXP 	window1: mouseVisible = False
17.2269 	EXP 	demo_fixation: opacity = 1
17.2269 	EXP 	demo_fixation: pos = [0, 0]
17.2271 	EXP 	window1: mouseVisible = False
17.2435 	EXP 	demo_fixation: opacity = 1
17.2435 	EXP 	demo_fixation: pos = [0, 0]
17.2438 	EXP 	window1: mouseVisible = False
17.2601 	EXP 	demo_fixation: opacity = 1
17.2601 	EXP 	demo_fixation: pos = [0, 0]
17.2603 	EXP 	window1: mouseVisible = False
17.2766 	EXP 	demo_fixation: opacity = 1
17.2766 	EXP 	demo_fixation: pos = [0, 0]
17.2770 	EXP 	window1: mouseVisible = False
17.2932 	EXP 	demo_fixation: opacity = 1
17.2932 	EXP 	demo_fixation: pos = [0, 0]
17.2934 	EXP 	window1: mouseVisible = False
17.3098 	EXP 	demo_fixation: opacity = 1
17.3098 	EXP 	demo_fixation: pos = [0, 0]
17.3100 	EXP 	window1: mouseVisible = False
17.3271 	EXP 	demo_fixation: opacity = 1
17.3271 	EXP 	demo_fixation: pos = [0, 0]
17.3273 	EXP 	window1: mouseVisible = False
17.3432 	EXP 	demo_fixation: opacity = 1
17.3432 	EXP 	demo_fixation: pos = [0, 0]
17.3434 	EXP 	window1: mouseVisible = False
17.3598 	EXP 	demo_fixation: opacity = 1
17.3598 	EXP 	demo_fixation: pos = [0, 0]
17.3600 	EXP 	window1: mouseVisible = False
17.3767 	EXP 	demo_fixation: opacity = 1
17.3767 	EXP 	demo_fixation: pos = [0, 0]
17.3769 	EXP 	window1: mouseVisible = False
17.3932 	EXP 	demo_fixation: opacity = 1
17.3932 	EXP 	demo_fixation: pos = [0, 0]
17.3935 	EXP 	window1: mouseVisible = False
17.4099 	EXP 	demo_fixation: opacity = 1
17.4099 	EXP 	demo_fixation: pos = [0, 0]
17.4101 	EXP 	window1: mouseVisible = False
17.4266 	EXP 	demo_fixation: opacity = 1
17.4266 	EXP 	demo_fixation: pos = [0, 0]
17.4268 	EXP 	window1: mouseVisible = False
17.4432 	EXP 	demo_fixation: opacity = 1
17.4432 	EXP 	demo_fixation: pos = [0, 0]
17.4434 	EXP 	window1: mouseVisible = False
17.4599 	EXP 	demo_fixation: opacity = 1
17.4599 	EXP 	demo_fixation: pos = [0, 0]
17.4602 	EXP 	window1: mouseVisible = False
17.4766 	EXP 	demo_fixation: opacity = 1
17.4766 	EXP 	demo_fixation: pos = [0, 0]
17.4768 	EXP 	window1: mouseVisible = False
17.4932 	EXP 	demo_fixation: opacity = 1
17.4932 	EXP 	demo_fixation: pos = [0, 0]
17.4934 	EXP 	window1: mouseVisible = False
17.5098 	EXP 	demo_fixation: opacity = 1
17.5098 	EXP 	demo_fixation: pos = [0, 0]
17.5100 	EXP 	window1: mouseVisible = False
17.5263 	EXP 	demo_fixation: opacity = 1
17.5263 	EXP 	demo_fixation: pos = [0, 0]
17.5270 	EXP 	window1: mouseVisible = False
17.5430 	EXP 	demo_fixation: opacity = 1
17.5430 	EXP 	demo_fixation: pos = [0, 0]
17.5432 	EXP 	window1: mouseVisible = False
17.5597 	EXP 	demo_fixation: opacity = 1
17.5597 	EXP 	demo_fixation: pos = [0, 0]
17.5598 	EXP 	window1: mouseVisible = False
17.5763 	EXP 	demo_fixation: opacity = 1
17.5763 	EXP 	demo_fixation: pos = [0, 0]
17.5765 	EXP 	window1: mouseVisible = False
17.5796 	DATA 	Mouse: Left button down, pos=(991,514)
17.5932 	EXP 	demo_fixation: opacity = 0
17.5932 	EXP 	demo_fixation: pos = array([0., 0.])
17.5935 	EXP 	window1: mouseVisible = False
17.6097 	EXP 	demo_fixation: opacity = 0
17.6097 	EXP 	demo_fixation: pos = array([-0.02962963, -0.0212963 ])
17.6099 	EXP 	window1: mouseVisible = False
17.6259 	EXP 	demo_fixation: opacity = 0
17.6259 	EXP 	demo_fixation: pos = array([-0.04722222, -0.03796296])
17.6260 	EXP 	window1: mouseVisible = False
17.6430 	EXP 	demo_fixation: opacity = 0
17.6430 	EXP 	demo_fixation: pos = array([-0.08703704, -0.07685185])
17.6431 	EXP 	window1: mouseVisible = False
17.6596 	EXP 	demo_fixation: opacity = 0
17.6596 	EXP 	demo_fixation: pos = array([-0.1287037 , -0.11944444])
17.6598 	EXP 	window1: mouseVisible = False
17.6762 	EXP 	demo_fixation: opacity = 0
17.6762 	EXP 	demo_fixation: pos = array([-0.1712963 , -0.16666667])
17.6764 	EXP 	window1: mouseVisible = False
17.6929 	EXP 	demo_fixation: opacity = 0
17.6929 	EXP 	demo_fixation: pos = array([-0.19074074, -0.18703704])
17.6931 	EXP 	window1: mouseVisible = False
17.7095 	EXP 	demo_fixation: opacity = 0
17.7095 	EXP 	demo_fixation: pos = array([-0.2287037 , -0.22592593])
17.7097 	EXP 	window1: mouseVisible = False
17.7261 	EXP 	demo_fixation: opacity = 0
17.7261 	EXP 	demo_fixation: pos = array([-0.25925926, -0.25648148])
17.7263 	EXP 	window1: mouseVisible = False
17.7442 	EXP 	demo_fixation: opacity = 0
17.7442 	EXP 	demo_fixation: pos = array([-0.28518519, -0.28055556])
17.7442 	EXP 	demo_fixation: pos = array([-0.28518519, -0.28055556])
17.7442 	EXP 	demo_fixation: opacity = 1
17.7442 	EXP 	demo_enclosing_1: autoDraw = False
17.7442 	EXP 	demo_enclosing: autoDraw = False
17.7442 	EXP 	demo_target: autoDraw = False
17.7442 	EXP 	demo_fixation: autoDraw = False
17.7442 	EXP 	demo_fixation: opacity = 1
17.7442 	EXP 	demo_target_feedback: pos = array([-0.3, -0.3])
17.7442 	EXP 	demo_fixation_feedback: pos = array([-0.28518519, -0.28055556])
17.7442 	EXP 	demo_score_text: text = 'Your score: 0'
17.7442 	EXP 	demo_enclosing_feedback_1: autoDraw = True
17.7442 	EXP 	demo_enclosing_feedback: autoDraw = True
17.7442 	EXP 	demo_target_feedback: autoDraw = True
17.7442 	EXP 	demo_fixation_feedback: autoDraw = True
17.7442 	EXP 	demo_score_text: autoDraw = True
18.0804 	DATA 	Mouse:  Left button up, pos=(571,123)
18.2432 	EXP 	demo_fixation_feedback: autoDraw = False
18.7442 	EXP 	New trial (rep=0, index=2): OrderedDict([('target_x', 0.3), ('target_y', 0.3), ('rotation', 0)])
18.7454 	EXP 	window1: mouseVisible = False
18.7593 	EXP 	demo_enclosing_feedback_1: autoDraw = False
18.7593 	EXP 	demo_enclosing_feedback: autoDraw = False
18.7593 	EXP 	demo_target_feedback: autoDraw = False
18.7593 	EXP 	demo_fixation_feedback: autoDraw = False
18.7593 	EXP 	demo_score_text: autoDraw = False
18.7593 	EXP 	demo_fixation: opacity = 1
18.7593 	EXP 	demo_fixation: pos = [0, 0]
18.7593 	EXP 	demo_target: pos = array([0.3, 0.3])
18.7593 	EXP 	demo_fixation: pos = array([0., 0.])
18.7593 	EXP 	demo_fixation: opacity = 1
18.7593 	EXP 	demo_fixation: pos = [0, 0]
18.7593 	EXP 	demo_enclosing_1: autoDraw = True
18.7593 	EXP 	demo_enclosing: autoDraw = True
18.7593 	EXP 	demo_fixation: autoDraw = True
18.7597 	EXP 	window1: mouseVisible = False
18.7752 	EXP 	demo_fixation: opacity = 1
18.7752 	EXP 	demo_fixation: pos = [0, 0]
18.7755 	EXP 	window1: mouseVisible = False
18.7919 	EXP 	demo_fixation: opacity = 1
18.7919 	EXP 	demo_fixation: pos = [0, 0]
18.7921 	EXP 	window1: mouseVisible = False
18.8086 	EXP 	demo_fixation: opacity = 1
18.8086 	EXP 	demo_fixation: pos = [0, 0]
18.8088 	EXP 	window1: mouseVisible = False
18.8251 	EXP 	demo_fixation: opacity = 1
18.8251 	EXP 	demo_fixation: pos = [0, 0]
18.8254 	EXP 	window1: mouseVisible = False
18.8419 	EXP 	demo_fixation: opacity = 1
18.8419 	EXP 	demo_fixation: pos = [0, 0]
18.8421 	EXP 	window1: mouseVisible = False
18.8586 	EXP 	demo_fixation: opacity = 1
18.8586 	EXP 	demo_fixation: pos = [0, 0]
18.8589 	EXP 	window1: mouseVisible = False
18.8752 	EXP 	demo_fixation: opacity = 1
18.8752 	EXP 	demo_fixation: pos = [0, 0]
18.8755 	EXP 	window1: mouseVisible = False
18.8919 	EXP 	demo_fixation: opacity = 1
18.8919 	EXP 	demo_fixation: pos = [0, 0]
18.8921 	EXP 	window1: mouseVisible = False
18.9085 	EXP 	demo_fixation: opacity = 1
18.9085 	EXP 	demo_fixation: pos = [0, 0]
18.9087 	EXP 	window1: mouseVisible = False
18.9251 	EXP 	demo_fixation: opacity = 1
18.9251 	EXP 	demo_fixation: pos = [0, 0]
18.9254 	EXP 	window1: mouseVisible = False
18.9417 	EXP 	demo_fixation: opacity = 1
18.9417 	EXP 	demo_fixation: pos = [0, 0]
18.9420 	EXP 	window1: mouseVisible = False
18.9584 	EXP 	demo_fixation: opacity = 1
18.9584 	EXP 	demo_fixation: pos = [0, 0]
18.9586 	EXP 	window1: mouseVisible = False
18.9752 	EXP 	demo_fixation: opacity = 1
18.9752 	EXP 	demo_fixation: pos = [0, 0]
18.9754 	EXP 	window1: mouseVisible = False
18.9918 	EXP 	demo_fixation: opacity = 1
18.9918 	EXP 	demo_fixation: pos = [0, 0]
18.9920 	EXP 	window1: mouseVisible = False
19.0085 	EXP 	demo_fixation: opacity = 1
19.0085 	EXP 	demo_fixation: pos = [0, 0]
19.0087 	EXP 	window1: mouseVisible = False
19.0249 	EXP 	demo_fixation: opacity = 1
19.0249 	EXP 	demo_fixation: pos = [0, 0]
19.0253 	EXP 	window1: mouseVisible = False
19.0420 	EXP 	demo_fixation: opacity = 1
19.0420 	EXP 	demo_fixation: pos = [0, 0]
19.0423 	EXP 	window1: mouseVisible = False
19.0583 	EXP 	demo_fixation: opacity = 1
19.0583 	EXP 	demo_fixation: pos = [0, 0]
19.0585 	EXP 	window1: mouseVisible = False
19.0750 	EXP 	demo_fixation: opacity = 1
19.0750 	EXP 	demo_fixation: pos = [0, 0]
19.0753 	EXP 	window1: mouseVisible = False
19.0917 	EXP 	demo_fixation: opacity = 1
19.0917 	EXP 	demo_fixation: pos = [0, 0]
19.0920 	EXP 	window1: mouseVisible = False
19.1088 	EXP 	demo_fixation: opacity = 1
19.1088 	EXP 	demo_fixation: pos = [0, 0]
19.1090 	EXP 	window1: mouseVisible = False
19.1255 	EXP 	demo_fixation: opacity = 1
19.1255 	EXP 	demo_fixation: pos = [0, 0]
19.1257 	EXP 	window1: mouseVisible = False
19.1417 	EXP 	demo_fixation: opacity = 1
19.1417 	EXP 	demo_fixation: pos = [0, 0]
19.1420 	EXP 	window1: mouseVisible = False
19.1583 	EXP 	demo_fixation: opacity = 1
19.1583 	EXP 	demo_fixation: pos = [0, 0]
19.1586 	EXP 	window1: mouseVisible = False
19.1751 	EXP 	demo_fixation: opacity = 1
19.1751 	EXP 	demo_fixation: pos = [0, 0]
19.1754 	EXP 	window1: mouseVisible = False
19.1919 	EXP 	demo_fixation: opacity = 1
19.1919 	EXP 	demo_fixation: pos = [0, 0]
19.1921 	EXP 	window1: mouseVisible = False
19.2083 	EXP 	demo_fixation: opacity = 1
19.2083 	EXP 	demo_fixation: pos = [0, 0]
19.2086 	EXP 	window1: mouseVisible = False
19.2250 	EXP 	demo_fixation: opacity = 1
19.2250 	EXP 	demo_fixation: pos = [0, 0]
19.2253 	EXP 	window1: mouseVisible = False
19.2418 	EXP 	demo_fixation: opacity = 1
19.2418 	EXP 	demo_fixation: pos = [0, 0]
19.2421 	EXP 	window1: mouseVisible = False
19.2586 	EXP 	demo_fixation: opacity = 1
19.2586 	EXP 	demo_fixation: pos = [0, 0]
19.2588 	EXP 	window1: mouseVisible = False
19.2749 	EXP 	demo_fixation: opacity = 1
19.2749 	EXP 	demo_fixation: pos = [0, 0]
19.2752 	EXP 	window1: mouseVisible = False
19.2918 	EXP 	demo_fixation: opacity = 1
19.2918 	EXP 	demo_fixation: pos = [0, 0]
19.2921 	EXP 	window1: mouseVisible = False
19.3087 	EXP 	demo_fixation: opacity = 1
19.3087 	EXP 	demo_fixation: pos = [0, 0]
19.3089 	EXP 	window1: mouseVisible = False
19.3258 	EXP 	demo_fixation: opacity = 1
19.3258 	EXP 	demo_fixation: pos = [0, 0]
19.3261 	EXP 	window1: mouseVisible = False
19.3418 	EXP 	demo_fixation: opacity = 1
19.3418 	EXP 	demo_fixation: pos = [0, 0]
19.3421 	EXP 	window1: mouseVisible = False
19.3584 	EXP 	demo_fixation: opacity = 1
19.3584 	EXP 	demo_fixation: pos = [0, 0]
19.3584 	EXP 	demo_target: autoDraw = True
19.3587 	EXP 	window1: mouseVisible = False
19.3750 	EXP 	demo_fixation: opacity = 1
19.3750 	EXP 	demo_fixation: pos = [0, 0]
19.3753 	EXP 	window1: mouseVisible = False
19.3916 	EXP 	demo_fixation: opacity = 1
19.3916 	EXP 	demo_fixation: pos = [0, 0]
19.3918 	EXP 	window1: mouseVisible = False
19.4083 	EXP 	demo_fixation: opacity = 1
19.4083 	EXP 	demo_fixation: pos = [0, 0]
19.4086 	EXP 	window1: mouseVisible = False
19.4249 	EXP 	demo_fixation: opacity = 1
19.4249 	EXP 	demo_fixation: pos = [0, 0]
19.4251 	EXP 	window1: mouseVisible = False
19.4417 	EXP 	demo_fixation: opacity = 1
19.4417 	EXP 	demo_fixation: pos = [0, 0]
19.4419 	EXP 	window1: mouseVisible = False
19.4581 	EXP 	demo_fixation: opacity = 1
19.4581 	EXP 	demo_fixation: pos = [0, 0]
19.4583 	EXP 	window1: mouseVisible = False
19.4749 	EXP 	demo_fixation: opacity = 1
19.4749 	EXP 	demo_fixation: pos = [0, 0]
19.4752 	EXP 	window1: mouseVisible = False
19.4916 	EXP 	demo_fixation: opacity = 1
19.4916 	EXP 	demo_fixation: pos = [0, 0]
19.4919 	EXP 	window1: mouseVisible = False
19.5081 	EXP 	demo_fixation: opacity = 1
19.5081 	EXP 	demo_fixation: pos = [0, 0]
19.5084 	EXP 	window1: mouseVisible = False
19.5247 	EXP 	demo_fixation: opacity = 1
19.5247 	EXP 	demo_fixation: pos = [0, 0]
19.5250 	EXP 	window1: mouseVisible = False
19.5420 	EXP 	demo_fixation: opacity = 1
19.5420 	EXP 	demo_fixation: pos = [0, 0]
19.5423 	EXP 	window1: mouseVisible = False
19.5586 	EXP 	demo_fixation: opacity = 1
19.5586 	EXP 	demo_fixation: pos = [0, 0]
19.5589 	EXP 	window1: mouseVisible = False
19.5748 	EXP 	demo_fixation: opacity = 1
19.5748 	EXP 	demo_fixation: pos = [0, 0]
19.5751 	EXP 	window1: mouseVisible = False
19.5915 	EXP 	demo_fixation: opacity = 1
19.5915 	EXP 	demo_fixation: pos = [0, 0]
19.5918 	EXP 	window1: mouseVisible = False
19.6081 	EXP 	demo_fixation: opacity = 1
19.6081 	EXP 	demo_fixation: pos = [0, 0]
19.6084 	EXP 	window1: mouseVisible = False
19.6247 	EXP 	demo_fixation: opacity = 1
19.6247 	EXP 	demo_fixation: pos = [0, 0]
19.6249 	EXP 	window1: mouseVisible = False
19.6414 	EXP 	demo_fixation: opacity = 1
19.6414 	EXP 	demo_fixation: pos = [0, 0]
19.6417 	EXP 	window1: mouseVisible = False
19.6580 	EXP 	demo_fixation: opacity = 1
19.6580 	EXP 	demo_fixation: pos = [0, 0]
19.6583 	EXP 	window1: mouseVisible = False
19.6747 	EXP 	demo_fixation: opacity = 1
19.6747 	EXP 	demo_fixation: pos = [0, 0]
19.6750 	EXP 	window1: mouseVisible = False
19.6914 	EXP 	demo_fixation: opacity = 1
19.6914 	EXP 	demo_fixation: pos = [0, 0]
19.6917 	EXP 	window1: mouseVisible = False
19.7080 	EXP 	demo_fixation: opacity = 1
19.7080 	EXP 	demo_fixation: pos = [0, 0]
19.7083 	EXP 	window1: mouseVisible = False
19.7247 	EXP 	demo_fixation: opacity = 1
19.7247 	EXP 	demo_fixation: pos = [0, 0]
19.7252 	EXP 	window1: mouseVisible = False
19.7414 	EXP 	demo_fixation: opacity = 1
19.7414 	EXP 	demo_fixation: pos = [0, 0]
19.7417 	EXP 	window1: mouseVisible = False
19.7584 	EXP 	demo_fixation: opacity = 1
19.7584 	EXP 	demo_fixation: pos = [0, 0]
19.7587 	EXP 	window1: mouseVisible = False
19.7747 	EXP 	demo_fixation: opacity = 1
19.7747 	EXP 	demo_fixation: pos = [0, 0]
19.7750 	EXP 	window1: mouseVisible = False
19.7913 	EXP 	demo_fixation: opacity = 1
19.7913 	EXP 	demo_fixation: pos = [0, 0]
19.7915 	EXP 	window1: mouseVisible = False
19.8073 	EXP 	demo_fixation: opacity = 1
19.8073 	EXP 	demo_fixation: pos = [0, 0]
19.8075 	EXP 	window1: mouseVisible = False
19.8241 	EXP 	demo_fixation: opacity = 1
19.8241 	EXP 	demo_fixation: pos = [0, 0]
19.8244 	EXP 	window1: mouseVisible = False
19.8406 	EXP 	demo_fixation: opacity = 1
19.8406 	EXP 	demo_fixation: pos = [0, 0]
19.8408 	EXP 	window1: mouseVisible = False
19.8573 	EXP 	demo_fixation: opacity = 1
19.8573 	EXP 	demo_fixation: pos = [0, 0]
19.8575 	EXP 	window1: mouseVisible = False
19.8623 	DATA 	Mouse: Left button down, pos=(984,520)
19.8741 	EXP 	demo_fixation: opacity = 0
19.8741 	EXP 	demo_fixation: pos = array([0., 0.])
19.8742 	EXP 	window1: mouseVisible = False
19.8906 	EXP 	demo_fixation: opacity = 0
19.8906 	EXP 	demo_fixation: pos = array([0.00740741, 0.01018519])
19.8907 	EXP 	window1: mouseVisible = False
19.9073 	EXP 	demo_fixation: opacity = 0
19.9073 	EXP 	demo_fixation: pos = array([0.0287037 , 0.03703704])
19.9074 	EXP 	window1: mouseVisible = False
19.9240 	EXP 	demo_fixation: opacity = 0
19.9240 	EXP 	demo_fixation: pos = array([0.0537037 , 0.06944444])
19.9241 	EXP 	window1: mouseVisible = False
19.9414 	EXP 	demo_fixation: opacity = 0
19.9414 	EXP 	demo_fixation: pos = array([0.06666667, 0.08703704])
19.9416 	EXP 	window1: mouseVisible = False
19.9576 	EXP 	demo_fixation: opacity = 0
19.9576 	EXP 	demo_fixation: pos = array([0.09722222, 0.12314815])
19.9577 	EXP 	window1: mouseVisible = False
19.9744 	EXP 	demo_fixation: opacity = 0
19.9744 	EXP 	demo_fixation: pos = array([0.1287037 , 0.16203704])
19.9746 	EXP 	window1: mouseVisible = False
19.9909 	EXP 	demo_fixation: opacity = 0
19.9909 	EXP 	demo_fixation: pos = array([0.15925926, 0.2       ])
19.9911 	EXP 	window1: mouseVisible = False
20.0077 	EXP 	demo_fixation: opacity = 0
20.0077 	EXP 	demo_fixation: pos = array([0.18796296, 0.23796296])
20.0079 	EXP 	window1: mouseVisible = False
20.0243 	EXP 	demo_fixation: opacity = 0
20.0243 	EXP 	demo_fixation: pos = array([0.2037037, 0.2537037])
20.0246 	EXP 	window1: mouseVisible = False
20.0410 	EXP 	demo_fixation: opacity = 0
20.0410 	EXP 	demo_fixation: pos = array([0.23148148, 0.28703704])
20.0412 	EXP 	window1: mouseVisible = False
20.0603 	EXP 	demo_fixation: opacity = 0
20.0603 	EXP 	demo_fixation: pos = array([0.25648148, 0.31388889])
20.0603 	EXP 	demo_fixation: pos = array([0.25648148, 0.31388889])
20.0603 	EXP 	demo_fixation: opacity = 1
20.0603 	EXP 	demo_enclosing_1: autoDraw = False
20.0603 	EXP 	demo_enclosing: autoDraw = False
20.0603 	EXP 	demo_target: autoDraw = False
20.0603 	EXP 	demo_fixation: autoDraw = False
20.0603 	EXP 	demo_fixation: opacity = 1
20.0603 	EXP 	demo_target_feedback: pos = array([0.3, 0.3])
20.0603 	EXP 	demo_fixation_feedback: pos = array([0.25648148, 0.31388889])
20.0603 	EXP 	demo_score_text: text = 'Your score: 0'
20.0603 	EXP 	demo_enclosing_feedback_1: autoDraw = True
20.0603 	EXP 	demo_enclosing_feedback: autoDraw = True
20.0603 	EXP 	demo_target_feedback: autoDraw = True
20.0603 	EXP 	demo_fixation_feedback: autoDraw = True
20.0603 	EXP 	demo_score_text: autoDraw = True
20.2797 	DATA 	Mouse:  Left button up, pos=(1391,980)
20.5736 	EXP 	demo_fixation_feedback: autoDraw = False
21.0588 	EXP 	New trial (rep=0, index=3): OrderedDict([('target_x', 0.3), ('target_y', -0.3), ('rotation', 0)])
21.0599 	EXP 	window1: mouseVisible = False
21.0736 	EXP 	demo_enclosing_feedback_1: autoDraw = False
21.0736 	EXP 	demo_enclosing_feedback: autoDraw = False
21.0736 	EXP 	demo_target_feedback: autoDraw = False
21.0736 	EXP 	demo_fixation_feedback: autoDraw = False
21.0736 	EXP 	demo_score_text: autoDraw = False
21.0736 	EXP 	demo_fixation: opacity = 1
21.0736 	EXP 	demo_fixation: pos = [0, 0]
21.0736 	EXP 	demo_target: pos = array([ 0.3, -0.3])
21.0736 	EXP 	demo_fixation: pos = array([0., 0.])
21.0736 	EXP 	demo_fixation: opacity = 1
21.0736 	EXP 	demo_fixation: pos = [0, 0]
21.0736 	EXP 	demo_enclosing_1: autoDraw = True
21.0736 	EXP 	demo_enclosing: autoDraw = True
21.0736 	EXP 	demo_fixation: autoDraw = True
21.0739 	EXP 	window1: mouseVisible = False
21.0899 	EXP 	demo_fixation: opacity = 1
21.0899 	EXP 	demo_fixation: pos = [0, 0]
21.0901 	EXP 	window1: mouseVisible = False
21.1069 	EXP 	demo_fixation: opacity = 1
21.1069 	EXP 	demo_fixation: pos = [0, 0]
21.1071 	EXP 	window1: mouseVisible = False
21.1232 	EXP 	demo_fixation: opacity = 1
21.1232 	EXP 	demo_fixation: pos = [0, 0]
21.1234 	EXP 	window1: mouseVisible = False
21.1399 	EXP 	demo_fixation: opacity = 1
21.1399 	EXP 	demo_fixation: pos = [0, 0]
21.1401 	EXP 	window1: mouseVisible = False
21.1568 	EXP 	demo_fixation: opacity = 1
21.1568 	EXP 	demo_fixation: pos = [0, 0]
21.1571 	EXP 	window1: mouseVisible = False
21.1733 	EXP 	demo_fixation: opacity = 1
21.1733 	EXP 	demo_fixation: pos = [0, 0]
21.1736 	EXP 	window1: mouseVisible = False
21.1899 	EXP 	demo_fixation: opacity = 1
21.1899 	EXP 	demo_fixation: pos = [0, 0]
21.1902 	EXP 	window1: mouseVisible = False
21.2066 	EXP 	demo_fixation: opacity = 1
21.2066 	EXP 	demo_fixation: pos = [0, 0]
21.2069 	EXP 	window1: mouseVisible = False
21.2233 	EXP 	demo_fixation: opacity = 1
21.2233 	EXP 	demo_fixation: pos = [0, 0]
21.2235 	EXP 	window1: mouseVisible = False
21.2398 	EXP 	demo_fixation: opacity = 1
21.2398 	EXP 	demo_fixation: pos = [0, 0]
21.2401 	EXP 	window1: mouseVisible = False
21.2565 	EXP 	demo_fixation: opacity = 1
21.2565 	EXP 	demo_fixation: pos = [0, 0]
21.2568 	EXP 	window1: mouseVisible = False
21.2732 	EXP 	demo_fixation: opacity = 1
21.2732 	EXP 	demo_fixation: pos = [0, 0]
21.2736 	EXP 	window1: mouseVisible = False
21.2898 	EXP 	demo_fixation: opacity = 1
21.2898 	EXP 	demo_fixation: pos = [0, 0]
21.2901 	EXP 	window1: mouseVisible = False
21.3064 	EXP 	demo_fixation: opacity = 1
21.3064 	EXP 	demo_fixation: pos = [0, 0]
21.3067 	EXP 	window1: mouseVisible = False
21.3235 	EXP 	demo_fixation: opacity = 1
21.3235 	EXP 	demo_fixation: pos = [0, 0]
21.3238 	EXP 	window1: mouseVisible = False
21.3398 	EXP 	demo_fixation: opacity = 1
21.3398 	EXP 	demo_fixation: pos = [0, 0]
21.3401 	EXP 	window1: mouseVisible = False
21.3571 	EXP 	demo_fixation: opacity = 1
21.3571 	EXP 	demo_fixation: pos = [0, 0]
21.3574 	EXP 	window1: mouseVisible = False
21.3731 	EXP 	demo_fixation: opacity = 1
21.3731 	EXP 	demo_fixation: pos = [0, 0]
21.3734 	EXP 	window1: mouseVisible = False
21.3897 	EXP 	demo_fixation: opacity = 1
21.3897 	EXP 	demo_fixation: pos = [0, 0]
21.3900 	EXP 	window1: mouseVisible = False
21.4064 	EXP 	demo_fixation: opacity = 1
21.4064 	EXP 	demo_fixation: pos = [0, 0]
21.4067 	EXP 	window1: mouseVisible = False
21.4231 	EXP 	demo_fixation: opacity = 1
21.4231 	EXP 	demo_fixation: pos = [0, 0]
21.4233 	EXP 	window1: mouseVisible = False
21.4396 	EXP 	demo_fixation: opacity = 1
21.4396 	EXP 	demo_fixation: pos = [0, 0]
21.4399 	EXP 	window1: mouseVisible = False
21.4563 	EXP 	demo_fixation: opacity = 1
21.4563 	EXP 	demo_fixation: pos = [0, 0]
21.4566 	EXP 	window1: mouseVisible = False
21.4728 	EXP 	demo_fixation: opacity = 1
21.4728 	EXP 	demo_fixation: pos = [0, 0]
21.4731 	EXP 	window1: mouseVisible = False
21.4896 	EXP 	demo_fixation: opacity = 1
21.4896 	EXP 	demo_fixation: pos = [0, 0]
21.4899 	EXP 	window1: mouseVisible = False
21.5064 	EXP 	demo_fixation: opacity = 1
21.5064 	EXP 	demo_fixation: pos = [0, 0]
21.5067 	EXP 	window1: mouseVisible = False
21.5229 	EXP 	demo_fixation: opacity = 1
21.5229 	EXP 	demo_fixation: pos = [0, 0]
21.5232 	EXP 	window1: mouseVisible = False
21.5396 	EXP 	demo_fixation: opacity = 1
21.5396 	EXP 	demo_fixation: pos = [0, 0]
21.5399 	EXP 	window1: mouseVisible = False
21.5561 	EXP 	demo_fixation: opacity = 1
21.5561 	EXP 	demo_fixation: pos = [0, 0]
21.5564 	EXP 	window1: mouseVisible = False
21.5728 	EXP 	demo_fixation: opacity = 1
21.5728 	EXP 	demo_fixation: pos = [0, 0]
21.5731 	EXP 	window1: mouseVisible = False
21.5896 	EXP 	demo_fixation: opacity = 1
21.5896 	EXP 	demo_fixation: pos = [0, 0]
21.5899 	EXP 	window1: mouseVisible = False
21.6063 	EXP 	demo_fixation: opacity = 1
21.6063 	EXP 	demo_fixation: pos = [0, 0]
21.6066 	EXP 	window1: mouseVisible = False
21.6228 	EXP 	demo_fixation: opacity = 1
21.6228 	EXP 	demo_fixation: pos = [0, 0]
21.6231 	EXP 	window1: mouseVisible = False
21.6395 	EXP 	demo_fixation: opacity = 1
21.6395 	EXP 	demo_fixation: pos = [0, 0]
21.6398 	EXP 	window1: mouseVisible = False
21.6562 	EXP 	demo_fixation: opacity = 1
21.6562 	EXP 	demo_fixation: pos = [0, 0]
21.6565 	EXP 	window1: mouseVisible = False
21.6728 	EXP 	demo_fixation: opacity = 1
21.6728 	EXP 	demo_fixation: pos = [0, 0]
21.6731 	EXP 	window1: mouseVisible = False
21.6895 	EXP 	demo_fixation: opacity = 1
21.6895 	EXP 	demo_fixation: pos = [0, 0]
21.6898 	EXP 	window1: mouseVisible = False
21.7061 	EXP 	demo_fixation: opacity = 1
21.7061 	EXP 	demo_fixation: pos = [0, 0]
21.7063 	EXP 	window1: mouseVisible = False
21.7228 	EXP 	demo_fixation: opacity = 1
21.7228 	EXP 	demo_fixation: pos = [0, 0]
21.7231 	EXP 	window1: mouseVisible = False
21.7394 	EXP 	demo_fixation: opacity = 1
21.7394 	EXP 	demo_fixation: pos = [0, 0]
21.7397 	EXP 	window1: mouseVisible = False
21.7561 	EXP 	demo_fixation: opacity = 1
21.7561 	EXP 	demo_fixation: pos = [0, 0]
21.7564 	EXP 	window1: mouseVisible = False
21.7728 	EXP 	demo_fixation: opacity = 1
21.7728 	EXP 	demo_fixation: pos = [0, 0]
21.7731 	EXP 	window1: mouseVisible = False
21.7893 	EXP 	demo_fixation: opacity = 1
21.7893 	EXP 	demo_fixation: pos = [0, 0]
21.7896 	EXP 	window1: mouseVisible = False
21.8059 	EXP 	demo_fixation: opacity = 1
21.8059 	EXP 	demo_fixation: pos = [0, 0]
21.8062 	EXP 	window1: mouseVisible = False
21.8226 	EXP 	demo_fixation: opacity = 1
21.8226 	EXP 	demo_fixation: pos = [0, 0]
21.8229 	EXP 	window1: mouseVisible = False
21.8395 	EXP 	demo_fixation: opacity = 1
21.8395 	EXP 	demo_fixation: pos = [0, 0]
21.8398 	EXP 	window1: mouseVisible = False
21.8560 	EXP 	demo_fixation: opacity = 1
21.8560 	EXP 	demo_fixation: pos = [0, 0]
21.8563 	EXP 	window1: mouseVisible = False
21.8727 	EXP 	demo_fixation: opacity = 1
21.8727 	EXP 	demo_fixation: pos = [0, 0]
21.8730 	EXP 	window1: mouseVisible = False
21.8891 	EXP 	demo_fixation: opacity = 1
21.8891 	EXP 	demo_fixation: pos = [0, 0]
21.8894 	EXP 	window1: mouseVisible = False
21.9059 	EXP 	demo_fixation: opacity = 1
21.9059 	EXP 	demo_fixation: pos = [0, 0]
21.9062 	EXP 	window1: mouseVisible = False
21.9226 	EXP 	demo_fixation: opacity = 1
21.9226 	EXP 	demo_fixation: pos = [0, 0]
21.9229 	EXP 	window1: mouseVisible = False
21.9392 	EXP 	demo_fixation: opacity = 1
21.9392 	EXP 	demo_fixation: pos = [0, 0]
21.9395 	EXP 	window1: mouseVisible = False
21.9558 	EXP 	demo_fixation: opacity = 1
21.9558 	EXP 	demo_fixation: pos = [0, 0]
21.9561 	EXP 	window1: mouseVisible = False
21.9725 	EXP 	demo_fixation: opacity = 1
21.9725 	EXP 	demo_fixation: pos = [0, 0]
21.9728 	EXP 	window1: mouseVisible = False
21.9893 	EXP 	demo_fixation: opacity = 1
21.9893 	EXP 	demo_fixation: pos = [0, 0]
21.9896 	EXP 	window1: mouseVisible = False
22.0059 	EXP 	demo_fixation: opacity = 1
22.0059 	EXP 	demo_fixation: pos = [0, 0]
22.0061 	EXP 	window1: mouseVisible = False
22.0226 	EXP 	demo_fixation: opacity = 1
22.0226 	EXP 	demo_fixation: pos = [0, 0]
22.0229 	EXP 	window1: mouseVisible = False
22.0390 	EXP 	demo_fixation: opacity = 1
22.0390 	EXP 	demo_fixation: pos = [0, 0]
22.0393 	EXP 	window1: mouseVisible = False
22.0560 	EXP 	demo_fixation: opacity = 1
22.0560 	EXP 	demo_fixation: pos = [0, 0]
22.0563 	EXP 	window1: mouseVisible = False
22.0724 	EXP 	demo_fixation: opacity = 1
22.0724 	EXP 	demo_fixation: pos = [0, 0]
22.0727 	EXP 	window1: mouseVisible = False
22.0896 	EXP 	demo_fixation: opacity = 1
22.0896 	EXP 	demo_fixation: pos = [0, 0]
22.0899 	EXP 	window1: mouseVisible = False
22.1063 	EXP 	demo_fixation: opacity = 1
22.1063 	EXP 	demo_fixation: pos = [0, 0]
22.1066 	EXP 	window1: mouseVisible = False
22.1225 	EXP 	demo_fixation: opacity = 1
22.1225 	EXP 	demo_fixation: pos = [0, 0]
22.1227 	EXP 	window1: mouseVisible = False
22.1391 	EXP 	demo_fixation: opacity = 1
22.1391 	EXP 	demo_fixation: pos = [0, 0]
22.1394 	EXP 	window1: mouseVisible = False
22.1553 	EXP 	demo_fixation: opacity = 1
22.1553 	EXP 	demo_fixation: pos = [0, 0]
22.1555 	EXP 	window1: mouseVisible = False
22.1720 	EXP 	demo_fixation: opacity = 1
22.1720 	EXP 	demo_fixation: pos = [0, 0]
22.1722 	EXP 	window1: mouseVisible = False
22.1887 	EXP 	demo_fixation: opacity = 1
22.1887 	EXP 	demo_fixation: pos = [0, 0]
22.1889 	EXP 	window1: mouseVisible = False
22.2053 	EXP 	demo_fixation: opacity = 1
22.2053 	EXP 	demo_fixation: pos = [0, 0]
22.2056 	EXP 	window1: mouseVisible = False
22.2217 	EXP 	demo_fixation: opacity = 1
22.2217 	EXP 	demo_fixation: pos = [0, 0]
22.2219 	EXP 	window1: mouseVisible = False
22.2392 	EXP 	demo_fixation: opacity = 1
22.2392 	EXP 	demo_fixation: pos = [0, 0]
22.2394 	EXP 	window1: mouseVisible = False
22.2554 	EXP 	demo_fixation: opacity = 1
22.2554 	EXP 	demo_fixation: pos = [0, 0]
22.2556 	EXP 	window1: mouseVisible = False
22.2721 	EXP 	demo_fixation: opacity = 1
22.2721 	EXP 	demo_fixation: pos = [0, 0]
22.2723 	EXP 	window1: mouseVisible = False
22.2886 	EXP 	demo_fixation: opacity = 1
22.2886 	EXP 	demo_fixation: pos = [0, 0]
22.2888 	EXP 	window1: mouseVisible = False
22.3052 	EXP 	demo_fixation: opacity = 1
22.3052 	EXP 	demo_fixation: pos = [0, 0]
22.3055 	EXP 	window1: mouseVisible = False
22.3224 	EXP 	demo_fixation: opacity = 1
22.3224 	EXP 	demo_fixation: pos = [0, 0]
22.3227 	EXP 	window1: mouseVisible = False
22.3386 	EXP 	demo_fixation: opacity = 1
22.3386 	EXP 	demo_fixation: pos = [0, 0]
22.3388 	EXP 	window1: mouseVisible = False
22.3553 	EXP 	demo_fixation: opacity = 1
22.3553 	EXP 	demo_fixation: pos = [0, 0]
22.3555 	EXP 	window1: mouseVisible = False
22.3718 	EXP 	demo_fixation: opacity = 1
22.3718 	EXP 	demo_fixation: pos = [0, 0]
22.3721 	EXP 	window1: mouseVisible = False
22.3887 	EXP 	demo_fixation: opacity = 1
22.3887 	EXP 	demo_fixation: pos = [0, 0]
22.3889 	EXP 	window1: mouseVisible = False
22.4056 	EXP 	demo_fixation: opacity = 1
22.4056 	EXP 	demo_fixation: pos = [0, 0]
22.4058 	EXP 	window1: mouseVisible = False
22.4218 	EXP 	demo_fixation: opacity = 1
22.4218 	EXP 	demo_fixation: pos = [0, 0]
22.4218 	EXP 	demo_target: autoDraw = True
22.4221 	EXP 	window1: mouseVisible = False
22.4384 	EXP 	demo_fixation: opacity = 1
22.4384 	EXP 	demo_fixation: pos = [0, 0]
22.4386 	EXP 	window1: mouseVisible = False
22.4551 	EXP 	demo_fixation: opacity = 1
22.4551 	EXP 	demo_fixation: pos = [0, 0]
22.4553 	EXP 	window1: mouseVisible = False
22.4715 	EXP 	demo_fixation: opacity = 1
22.4715 	EXP 	demo_fixation: pos = [0, 0]
22.4717 	EXP 	window1: mouseVisible = False
22.4883 	EXP 	demo_fixation: opacity = 1
22.4883 	EXP 	demo_fixation: pos = [0, 0]
22.4885 	EXP 	window1: mouseVisible = False
22.5047 	EXP 	demo_fixation: opacity = 1
22.5047 	EXP 	demo_fixation: pos = [0, 0]
22.5049 	EXP 	window1: mouseVisible = False
22.5213 	EXP 	demo_fixation: opacity = 1
22.5213 	EXP 	demo_fixation: pos = [0, 0]
22.5214 	EXP 	window1: mouseVisible = False
22.5374 	EXP 	demo_fixation: opacity = 1
22.5374 	EXP 	demo_fixation: pos = [0, 0]
22.5375 	EXP 	window1: mouseVisible = False
22.5552 	EXP 	demo_fixation: opacity = 1
22.5552 	EXP 	demo_fixation: pos = [0, 0]
22.5553 	EXP 	window1: mouseVisible = False
22.5714 	EXP 	demo_fixation: opacity = 1
22.5714 	EXP 	demo_fixation: pos = [0, 0]
22.5716 	EXP 	window1: mouseVisible = False
22.5883 	EXP 	demo_fixation: opacity = 1
22.5883 	EXP 	demo_fixation: pos = [0, 0]
22.5885 	EXP 	window1: mouseVisible = False
22.6048 	EXP 	demo_fixation: opacity = 1
22.6048 	EXP 	demo_fixation: pos = [0, 0]
22.6049 	EXP 	window1: mouseVisible = False
22.6214 	EXP 	demo_fixation: opacity = 1
22.6214 	EXP 	demo_fixation: pos = [0, 0]
22.6216 	EXP 	window1: mouseVisible = False
22.6387 	EXP 	demo_fixation: opacity = 1
22.6387 	EXP 	demo_fixation: pos = [0, 0]
22.6391 	EXP 	window1: mouseVisible = False
22.6556 	EXP 	demo_fixation: opacity = 1
22.6556 	EXP 	demo_fixation: pos = [0, 0]
22.6560 	EXP 	window1: mouseVisible = False
22.6722 	EXP 	demo_fixation: opacity = 1
22.6722 	EXP 	demo_fixation: pos = [0, 0]
22.6726 	EXP 	window1: mouseVisible = False
22.6889 	EXP 	demo_fixation: opacity = 1
22.6889 	EXP 	demo_fixation: pos = [0, 0]
22.6893 	EXP 	window1: mouseVisible = False
22.7058 	EXP 	demo_fixation: opacity = 1
22.7058 	EXP 	demo_fixation: pos = [0, 0]
22.7062 	EXP 	window1: mouseVisible = False
22.7225 	EXP 	demo_fixation: opacity = 1
22.7225 	EXP 	demo_fixation: pos = [0, 0]
22.7228 	EXP 	window1: mouseVisible = False
22.7388 	EXP 	demo_fixation: opacity = 1
22.7388 	EXP 	demo_fixation: pos = [0, 0]
22.7392 	EXP 	window1: mouseVisible = False
22.7562 	EXP 	demo_fixation: opacity = 1
22.7562 	EXP 	demo_fixation: pos = [0, 0]
22.7566 	EXP 	window1: mouseVisible = False
22.7726 	EXP 	demo_fixation: opacity = 1
22.7726 	EXP 	demo_fixation: pos = [0, 0]
22.7730 	EXP 	window1: mouseVisible = False
22.7884 	EXP 	demo_fixation: opacity = 1
22.7884 	EXP 	demo_fixation: pos = [0, 0]
22.7887 	EXP 	window1: mouseVisible = False
22.8048 	EXP 	demo_fixation: opacity = 1
22.8048 	EXP 	demo_fixation: pos = [0, 0]
22.8051 	EXP 	window1: mouseVisible = False
22.8217 	EXP 	demo_fixation: opacity = 1
22.8217 	EXP 	demo_fixation: pos = [0, 0]
22.8219 	EXP 	window1: mouseVisible = False
22.8384 	EXP 	demo_fixation: opacity = 1
22.8384 	EXP 	demo_fixation: pos = [0, 0]
22.8387 	EXP 	window1: mouseVisible = False
22.8555 	EXP 	demo_fixation: opacity = 1
22.8555 	EXP 	demo_fixation: pos = [0, 0]
22.8557 	EXP 	window1: mouseVisible = False
22.8718 	EXP 	demo_fixation: opacity = 1
22.8718 	EXP 	demo_fixation: pos = [0, 0]
22.8721 	EXP 	window1: mouseVisible = False
22.8883 	EXP 	demo_fixation: opacity = 1
22.8883 	EXP 	demo_fixation: pos = [0, 0]
22.8886 	EXP 	window1: mouseVisible = False
22.9050 	EXP 	demo_fixation: opacity = 1
22.9050 	EXP 	demo_fixation: pos = [0, 0]
22.9053 	EXP 	window1: mouseVisible = False
22.9215 	EXP 	demo_fixation: opacity = 1
22.9215 	EXP 	demo_fixation: pos = [0, 0]
22.9218 	EXP 	window1: mouseVisible = False
22.9390 	EXP 	demo_fixation: opacity = 1
22.9390 	EXP 	demo_fixation: pos = [0, 0]
22.9392 	EXP 	window1: mouseVisible = False
22.9550 	EXP 	demo_fixation: opacity = 1
22.9550 	EXP 	demo_fixation: pos = [0, 0]
22.9552 	EXP 	window1: mouseVisible = False
22.9716 	EXP 	demo_fixation: opacity = 1
22.9716 	EXP 	demo_fixation: pos = [0, 0]
22.9719 	EXP 	window1: mouseVisible = False
22.9883 	EXP 	demo_fixation: opacity = 1
22.9883 	EXP 	demo_fixation: pos = [0, 0]
22.9885 	EXP 	window1: mouseVisible = False
23.0048 	EXP 	demo_fixation: opacity = 1
23.0048 	EXP 	demo_fixation: pos = [0, 0]
23.0051 	EXP 	window1: mouseVisible = False
23.0216 	EXP 	demo_fixation: opacity = 1
23.0216 	EXP 	demo_fixation: pos = [0, 0]
23.0218 	EXP 	window1: mouseVisible = False
23.0384 	EXP 	demo_fixation: opacity = 1
23.0384 	EXP 	demo_fixation: pos = [0, 0]
23.0386 	EXP 	window1: mouseVisible = False
23.0551 	EXP 	demo_fixation: opacity = 1
23.0551 	EXP 	demo_fixation: pos = [0, 0]
23.0555 	EXP 	window1: mouseVisible = False
23.0713 	EXP 	demo_fixation: opacity = 1
23.0713 	EXP 	demo_fixation: pos = [0, 0]
23.0715 	EXP 	window1: mouseVisible = False
23.0877 	EXP 	demo_fixation: opacity = 1
23.0877 	EXP 	demo_fixation: pos = [0, 0]
23.0879 	EXP 	window1: mouseVisible = False
23.1043 	EXP 	demo_fixation: opacity = 1
23.1043 	EXP 	demo_fixation: pos = [0, 0]
23.1045 	EXP 	window1: mouseVisible = False
23.1209 	EXP 	demo_fixation: opacity = 1
23.1209 	EXP 	demo_fixation: pos = [0, 0]
23.1211 	EXP 	window1: mouseVisible = False
23.1378 	EXP 	demo_fixation: opacity = 1
23.1378 	EXP 	demo_fixation: pos = [0, 0]
23.1381 	EXP 	window1: mouseVisible = False
23.1545 	EXP 	demo_fixation: opacity = 1
23.1545 	EXP 	demo_fixation: pos = [0, 0]
23.1547 	EXP 	window1: mouseVisible = False
23.1710 	EXP 	demo_fixation: opacity = 1
23.1710 	EXP 	demo_fixation: pos = [0, 0]
23.1713 	EXP 	window1: mouseVisible = False
23.1879 	EXP 	demo_fixation: opacity = 1
23.1879 	EXP 	demo_fixation: pos = [0, 0]
23.1881 	EXP 	window1: mouseVisible = False
23.2046 	EXP 	demo_fixation: opacity = 1
23.2046 	EXP 	demo_fixation: pos = [0, 0]
23.2048 	EXP 	window1: mouseVisible = False
23.2211 	EXP 	demo_fixation: opacity = 1
23.2211 	EXP 	demo_fixation: pos = [0, 0]
23.2214 	EXP 	window1: mouseVisible = False
23.2374 	EXP 	demo_fixation: opacity = 1
23.2374 	EXP 	demo_fixation: pos = [0, 0]
23.2376 	EXP 	window1: mouseVisible = False
23.2541 	EXP 	demo_fixation: opacity = 1
23.2541 	EXP 	demo_fixation: pos = [0, 0]
23.2544 	EXP 	window1: mouseVisible = False
23.2707 	EXP 	demo_fixation: opacity = 1
23.2707 	EXP 	demo_fixation: pos = [0, 0]
23.2709 	EXP 	window1: mouseVisible = False
23.2792 	DATA 	Mouse: Left button down, pos=(983,533)
23.2894 	EXP 	demo_fixation: opacity = 1
23.2894 	EXP 	demo_fixation: pos = [0, 0]
23.2897 	EXP 	window1: mouseVisible = False
23.3069 	EXP 	demo_fixation: opacity = 0
23.3069 	EXP 	demo_fixation: pos = array([0., 0.])
23.3073 	EXP 	window1: mouseVisible = False
23.3225 	EXP 	demo_fixation: opacity = 0
23.3225 	EXP 	demo_fixation: pos = array([ 0.02037037, -0.00185185])
23.3230 	EXP 	window1: mouseVisible = False
23.3383 	EXP 	demo_fixation: opacity = 0
23.3383 	EXP 	demo_fixation: pos = array([0.04537037, 0.00092593])
23.3386 	EXP 	window1: mouseVisible = False
23.3551 	EXP 	demo_fixation: opacity = 0
23.3551 	EXP 	demo_fixation: pos = array([0.06018519, 0.00462963])
23.3554 	EXP 	window1: mouseVisible = False
23.3718 	EXP 	demo_fixation: opacity = 0
23.3718 	EXP 	demo_fixation: pos = array([0.08981481, 0.01203704])
23.3721 	EXP 	window1: mouseVisible = False
23.3885 	EXP 	demo_fixation: opacity = 0
23.3885 	EXP 	demo_fixation: pos = array([0.12037037, 0.01666667])
23.3888 	EXP 	window1: mouseVisible = False
23.4050 	EXP 	demo_fixation: opacity = 0
23.4050 	EXP 	demo_fixation: pos = array([0.15277778, 0.01944444])
23.4052 	EXP 	window1: mouseVisible = False
23.4219 	EXP 	demo_fixation: opacity = 0
23.4219 	EXP 	demo_fixation: pos = array([0.16759259, 0.02037037])
23.4222 	EXP 	window1: mouseVisible = False
23.4385 	EXP 	demo_fixation: opacity = 0
23.4385 	EXP 	demo_fixation: pos = array([0.20462963, 0.01944444])
23.4387 	EXP 	window1: mouseVisible = False
23.4548 	EXP 	demo_fixation: opacity = 0
23.4548 	EXP 	demo_fixation: pos = array([0.24074074, 0.01851852])
23.4551 	EXP 	window1: mouseVisible = False
23.4716 	EXP 	demo_fixation: opacity = 0
23.4716 	EXP 	demo_fixation: pos = array([0.28518519, 0.01759259])
23.4719 	EXP 	window1: mouseVisible = False
23.4880 	EXP 	demo_fixation: opacity = 0
23.4880 	EXP 	demo_fixation: pos = array([0.30740741, 0.01759259])
23.4883 	EXP 	window1: mouseVisible = False
23.5051 	EXP 	demo_fixation: opacity = 0
23.5051 	EXP 	demo_fixation: pos = array([0.34722222, 0.01759259])
23.5054 	EXP 	window1: mouseVisible = False
23.5214 	EXP 	demo_fixation: opacity = 0
23.5214 	EXP 	demo_fixation: pos = array([0.38796296, 0.01944444])
23.5217 	EXP 	window1: mouseVisible = False
23.5531 	EXP 	demo_fixation: opacity = 0
23.5531 	EXP 	demo_fixation: pos = array([0.43055556, 0.0212963 ])
23.5531 	EXP 	demo_fixation: pos = array([0.43055556, 0.0212963 ])
23.5531 	EXP 	demo_fixation: opacity = 1
23.5531 	EXP 	demo_enclosing_1: autoDraw = False
23.5531 	EXP 	demo_enclosing: autoDraw = False
23.5531 	EXP 	demo_target: autoDraw = False
23.5531 	EXP 	demo_fixation: autoDraw = False
23.5531 	EXP 	demo_fixation: opacity = 1
23.5531 	EXP 	demo_target_feedback: pos = array([ 0.3, -0.3])
23.5531 	EXP 	demo_fixation_feedback: pos = array([0.43055556, 0.0212963 ])
23.5531 	EXP 	demo_score_text: text = 'Your score: 0'
23.5531 	EXP 	demo_enclosing_feedback_1: autoDraw = True
23.5531 	EXP 	demo_enclosing_feedback: autoDraw = True
23.5531 	EXP 	demo_target_feedback: autoDraw = True
23.5531 	EXP 	demo_fixation_feedback: autoDraw = True
23.5531 	EXP 	demo_score_text: autoDraw = True
23.9433 	DATA 	Mouse:  Left button up, pos=(1628,556)
24.0535 	EXP 	demo_fixation_feedback: autoDraw = False
24.5396 	EXP 	New trial (rep=1, index=0): None
24.5540 	EXP 	demo_enclosing_feedback_1: autoDraw = False
24.5540 	EXP 	demo_enclosing_feedback: autoDraw = False
24.5540 	EXP 	demo_target_feedback: autoDraw = False
24.5540 	EXP 	demo_fixation_feedback: autoDraw = False
24.5540 	EXP 	demo_score_text: autoDraw = False
24.5540 	EXP 	text: autoDraw = True
24.7570 	DATA 	Keypress: escape
25.0224 	EXP 	window1: mouseVisible = True
