1.5833 	WARNING 	We strongly recommend you activate the PTB sound engine in PsychoPy prefs as the preferred audio engine. Its timing is vastly superior. Your prefs are currently set to use ['sounddevice', 'PTB', 'pyo', 'pygame'] (in that order).
11.6676 	EXP 	Created window1 = Window(allowGUI=False, allowStencil=False, args=UNKNOWN, autoLog=True, bitsMode=UNKNOWN, blendMode='avg', bpc=(8, 8, 8), color=array([0., 0., 0.]), colorSpace='rgb', depthBits=8, fullscr=<method-wrapper '__getattribute__' of attributeSetter object at 0x000001FB49B88860>, gamma=None, gammaErrorPolicy='raise', kwargs=UNKNOWN, lms=UNKNOWN, monitor=<psychopy.monitors.calibTools.Monitor object at 0x000001FB49761898>, multiSample=False, name='window1', numSamples=2, pos=[0.0, 0.0], screen=0, size=array([1920, 1080]), stencilBits=0, stereo=False, units='height', useFBO=True, useRetina=False, viewOri=0.0, viewPos=None, viewScale=None, waitBlanking=True, winType='pyglet')
11.6684 	EXP 	window1: mouseVisible = True
11.6685 	EXP 	window1: recordFrameIntervals = False
11.8327 	EXP 	window1: recordFrameIntervals = True
12.0163 	EXP 	window1: recordFrameIntervals = False
12.3694 	EXP 	Created Welcome = TextStim(__class__=<class 'psychopy.visual.text.TextStim'>, alignHoriz=method-wrapper(...), alignText='center', alignVert=method-wrapper(...), anchorHoriz='center', anchorVert='center', antialias=True, autoLog=True, bold=False, color='white', colorSpace='named', contrast=1.0, depth=0.0, flipHoriz=False, flipVert=False, font='Arial', fontFiles=[], height=0.04, italic=False, languageStyle='LTR', name='Welcome', opacity=1.0, ori=0, pos=array([0., 0.]), rgb=array([255., 255., 255.]), text=str(...), units='height', win=Window(...), wrapWidth=1)
12.3695 	EXP 	window1: mouseVisible = True
12.3791 	EXP 	Created text = TextStim(__class__=<class 'psychopy.visual.text.TextStim'>, alignHoriz=method-wrapper(...), alignText='center', alignVert=method-wrapper(...), anchorHoriz='center', anchorVert='center', antialias=True, autoLog=True, bold=False, color='white', colorSpace='named', contrast=1.0, depth=0.0, flipHoriz=False, flipVert=False, font='Arial', fontFiles=[], height=0.04, italic=False, languageStyle='LTR', name='text', opacity=1.0, ori=0, pos=array([0., 0.]), rgb=array([255., 255., 255.]), text=str(...), units='height', win=Window(...), wrapWidth=1)
12.3792 	EXP 	window1: mouseVisible = True
12.3858 	EXP 	Created demo_enclosing = Polygon(__class__=<class 'psychopy.visual.polygon.Polygon'>, autoDraw=False, autoLog=True, closeShape=True, color=method-wrapper(...), colorSpace=None, contrast=1.0, depth=0.0, fillColor=array([0., 0., 0.]), fillColorSpace='rgb', fillRGB=array([0., 0., 0.]), interpolate=True, lineColor=array([-1., -1., -1.]), lineColorSpace='rgb', lineRGB=array([-1., -1., -1.]), lineWidth=40, name='demo_enclosing', opacity=1.0, ori=array(0.), pos=array([0., 0.]), size=array([0.84, 0.84]), units='height', vertices=ndarray(...), win=Window(...))
12.3879 	EXP 	Created demo_target = ShapeStim(__class__=<class 'psychopy.visual.shape.ShapeStim'>, autoDraw=False, autoLog=True, closeShape=True, contrast=1.0, depth=-1.0, fillColor=array([1., 1., 1.]), fillColorSpace='rgb', interpolate=True, lineColor=array([1., 1., 1.]), lineColorSpace='rgb', lineWidth=1, name='demo_target', opacity=1.0, ori=array(45.), pos=array([0., 0.]), size=array([0.05, 0.05]), units='height', vertices=ndarray(...), win=Window(...), windingRule=None)
12.3908 	EXP 	Created demo_fixation = Polygon(__class__=<class 'psychopy.visual.polygon.Polygon'>, autoDraw=False, autoLog=True, closeShape=True, color=method-wrapper(...), colorSpace=None, contrast=1.0, depth=-2.0, fillColor=array([1., 0., 0.]), fillColorSpace='rgb', fillRGB=array([1., 0., 0.]), interpolate=True, lineColor=array([1., 0., 0.]), lineColorSpace='rgb', lineRGB=array([1., 0., 0.]), lineWidth=1, name='demo_fixation', opacity=1.0, ori=array(0.), pos=array([0., 0.]), size=array([0.025, 0.025]), units='height', vertices=ndarray(...), win=Window(...))
12.3909 	EXP 	window1: mouseVisible = True
12.3928 	EXP 	Created demo_target_feedback = ShapeStim(__class__=<class 'psychopy.visual.shape.ShapeStim'>, autoDraw=False, autoLog=True, closeShape=True, contrast=1.0, depth=0.0, fillColor=array([1., 1., 1.]), fillColorSpace='rgb', interpolate=True, lineColor=array([1., 1., 1.]), lineColorSpace='rgb', lineWidth=1, name='demo_target_feedback', opacity=1.0, ori=array(45.), pos=array([0., 0.]), size=array([0.05, 0.05]), units='height', vertices=ndarray(...), win=Window(...), windingRule=None)
12.3956 	EXP 	Created demo_fixation_feedback = Polygon(__class__=<class 'psychopy.visual.polygon.Polygon'>, autoDraw=False, autoLog=True, closeShape=True, color=method-wrapper(...), colorSpace=None, contrast=1.0, depth=-1.0, fillColor=array([1., 0., 0.]), fillColorSpace='rgb', fillRGB=array([1., 0., 0.]), interpolate=True, lineColor=array([1., 0., 0.]), lineColorSpace='rgb', lineRGB=array([1., 0., 0.]), lineWidth=1, name='demo_fixation_feedback', opacity=1.0, ori=array(0.), pos=array([0., 0.]), size=array([0.025, 0.025]), units='height', vertices=ndarray(...), win=Window(...))
12.4075 	EXP 	Created text_3 = TextStim(__class__=<class 'psychopy.visual.text.TextStim'>, alignHoriz=method-wrapper(...), alignText='center', alignVert=method-wrapper(...), anchorHoriz='center', anchorVert='center', antialias=True, autoLog=True, bold=False, color='white', colorSpace='named', contrast=1.0, depth=0.0, flipHoriz=False, flipVert=False, font='Arial', fontFiles=[], height=0.04, italic=False, languageStyle='LTR', name='text_3', opacity=1.0, ori=0, pos=array([0., 0.]), rgb=array([255., 255., 255.]), text=str(...), units='height', win=Window(...), wrapWidth=1)
12.4076 	EXP 	window1: mouseVisible = True
12.4099 	EXP 	Created baseline_target = ShapeStim(__class__=<class 'psychopy.visual.shape.ShapeStim'>, autoDraw=False, autoLog=True, closeShape=True, contrast=1.0, depth=0.0, fillColor=array([1., 1., 1.]), fillColorSpace='rgb', interpolate=True, lineColor=array([1., 1., 1.]), lineColorSpace='rgb', lineWidth=1, name='baseline_target', opacity=1.0, ori=array(45.), pos=array([0., 0.]), size=array([0.05, 0.05]), units='height', vertices=ndarray(...), win=Window(...), windingRule=None)
12.4137 	EXP 	Created baseline_fixation = Polygon(__class__=<class 'psychopy.visual.polygon.Polygon'>, autoDraw=False, autoLog=True, closeShape=True, color=method-wrapper(...), colorSpace=None, contrast=1.0, depth=-1.0, fillColor=array([1., 0., 0.]), fillColorSpace='rgb', fillRGB=array([1., 0., 0.]), interpolate=True, lineColor=array([1., 0., 0.]), lineColorSpace='rgb', lineRGB=array([1., 0., 0.]), lineWidth=1, name='baseline_fixation', opacity=1.0, ori=array(0.), pos=array([0., 0.]), size=array([0.025, 0.025]), units='height', vertices=ndarray(...), win=Window(...))
12.4137 	EXP 	window1: mouseVisible = True
12.4160 	EXP 	Created baseline_target_feedback = ShapeStim(__class__=<class 'psychopy.visual.shape.ShapeStim'>, autoDraw=False, autoLog=True, closeShape=True, contrast=1.0, depth=0.0, fillColor=array([1., 1., 1.]), fillColorSpace='rgb', interpolate=True, lineColor=array([1., 1., 1.]), lineColorSpace='rgb', lineWidth=1, name='baseline_target_feedback', opacity=1.0, ori=array(45.), pos=array([0., 0.]), size=array([0.05, 0.05]), units='height', vertices=ndarray(...), win=Window(...), windingRule=None)
12.4193 	EXP 	Created baseline_fixation_feedback = Polygon(__class__=<class 'psychopy.visual.polygon.Polygon'>, autoDraw=False, autoLog=True, closeShape=True, color=method-wrapper(...), colorSpace=None, contrast=1.0, depth=-1.0, fillColor=array([1., 0., 0.]), fillColorSpace='rgb', fillRGB=array([1., 0., 0.]), interpolate=True, lineColor=array([1., 0., 0.]), lineColorSpace='rgb', lineRGB=array([1., 0., 0.]), lineWidth=1, name='baseline_fixation_feedback', opacity=1.0, ori=array(0.), pos=array([0., 0.]), size=array([0.025, 0.025]), units='height', vertices=ndarray(...), win=Window(...))
12.4407 	EXP 	Created text_2 = TextStim(__class__=<class 'psychopy.visual.text.TextStim'>, alignHoriz=method-wrapper(...), alignText='center', alignVert=method-wrapper(...), anchorHoriz='center', anchorVert='center', antialias=True, autoLog=True, bold=False, color='white', colorSpace='named', contrast=1.0, depth=0.0, flipHoriz=False, flipVert=False, font='Arial', fontFiles=[], height=0.04, italic=False, languageStyle='LTR', name='text_2', opacity=1.0, ori=0, pos=array([0., 0.]), rgb=array([255., 255., 255.]), text=str(...), units='height', win=Window(...), wrapWidth=1)
12.4408 	EXP 	window1: mouseVisible = True
12.4427 	EXP 	Created rotated_target = ShapeStim(__class__=<class 'psychopy.visual.shape.ShapeStim'>, autoDraw=False, autoLog=True, closeShape=True, contrast=1.0, depth=0.0, fillColor=array([1., 1., 1.]), fillColorSpace='rgb', interpolate=True, lineColor=array([1., 1., 1.]), lineColorSpace='rgb', lineWidth=1, name='rotated_target', opacity=1.0, ori=array(45.), pos=array([0., 0.]), size=array([0.05, 0.05]), units='height', vertices=ndarray(...), win=Window(...), windingRule=None)
12.4456 	EXP 	Created rotated_fixation = Polygon(__class__=<class 'psychopy.visual.polygon.Polygon'>, autoDraw=False, autoLog=True, closeShape=True, color=method-wrapper(...), colorSpace=None, contrast=1.0, depth=-1.0, fillColor=array([1., 0., 0.]), fillColorSpace='rgb', fillRGB=array([1., 0., 0.]), interpolate=True, lineColor=array([1., 0., 0.]), lineColorSpace='rgb', lineRGB=array([1., 0., 0.]), lineWidth=1, name='rotated_fixation', opacity=1.0, ori=array(0.), pos=array([0., 0.]), size=array([0.025, 0.025]), units='height', vertices=ndarray(...), win=Window(...))
12.4456 	EXP 	window1: mouseVisible = True
12.4475 	EXP 	Created rotated_target_feedback = ShapeStim(__class__=<class 'psychopy.visual.shape.ShapeStim'>, autoDraw=False, autoLog=True, closeShape=True, contrast=1.0, depth=0.0, fillColor=array([1., 1., 1.]), fillColorSpace='rgb', interpolate=True, lineColor=array([1., 1., 1.]), lineColorSpace='rgb', lineWidth=1, name='rotated_target_feedback', opacity=1.0, ori=array(45.), pos=array([0., 0.]), size=array([0.05, 0.05]), units='height', vertices=ndarray(...), win=Window(...), windingRule=None)
12.4502 	EXP 	Created rotated_fixation_feedback = Polygon(__class__=<class 'psychopy.visual.polygon.Polygon'>, autoDraw=False, autoLog=True, closeShape=True, color=method-wrapper(...), colorSpace=None, contrast=1.0, depth=-1.0, fillColor=array([1., 0., 0.]), fillColorSpace='rgb', fillRGB=array([1., 0., 0.]), interpolate=True, lineColor=array([1., 0., 0.]), lineColorSpace='rgb', lineRGB=array([1., 0., 0.]), lineWidth=1, name='rotated_fixation_feedback', opacity=1.0, ori=array(0.), pos=array([0., 0.]), size=array([0.025, 0.025]), units='height', vertices=ndarray(...), win=Window(...))
12.4640 	EXP 	Created rotated_breaks = TextStim(__class__=<class 'psychopy.visual.text.TextStim'>, alignHoriz=method-wrapper(...), alignText='center', alignVert=method-wrapper(...), anchorHoriz='center', anchorVert='center', antialias=True, autoLog=True, bold=False, color='white', colorSpace='named', contrast=1.0, depth=0.0, flipHoriz=False, flipVert=False, font='Arial', fontFiles=[], height=0.04, italic=False, languageStyle='LTR', name='rotated_breaks', opacity=1.0, ori=0, pos=array([0., 0.]), rgb=array([255., 255., 255.]), text=str(...), units='height', win=Window(...), wrapWidth=1)
12.4641 	EXP 	window1: mouseVisible = True
12.4660 	EXP 	Created transfer_target = ShapeStim(__class__=<class 'psychopy.visual.shape.ShapeStim'>, autoDraw=False, autoLog=True, closeShape=True, contrast=1.0, depth=0.0, fillColor=array([1., 1., 1.]), fillColorSpace='rgb', interpolate=True, lineColor=array([1., 1., 1.]), lineColorSpace='rgb', lineWidth=1, name='transfer_target', opacity=1.0, ori=array(45.), pos=array([0., 0.]), size=array([0.05, 0.05]), units='height', vertices=ndarray(...), win=Window(...), windingRule=None)
12.4688 	EXP 	Created transfer_fixation = Polygon(__class__=<class 'psychopy.visual.polygon.Polygon'>, autoDraw=False, autoLog=True, closeShape=True, color=method-wrapper(...), colorSpace=None, contrast=1.0, depth=-1.0, fillColor=array([1., 0., 0.]), fillColorSpace='rgb', fillRGB=array([1., 0., 0.]), interpolate=True, lineColor=array([1., 0., 0.]), lineColorSpace='rgb', lineRGB=array([1., 0., 0.]), lineWidth=1, name='transfer_fixation', opacity=1.0, ori=array(0.), pos=array([0., 0.]), size=array([0.025, 0.025]), units='height', vertices=ndarray(...), win=Window(...))
12.4689 	EXP 	window1: mouseVisible = True
12.4707 	EXP 	Created transfer_target_feedback = ShapeStim(__class__=<class 'psychopy.visual.shape.ShapeStim'>, autoDraw=False, autoLog=True, closeShape=True, contrast=1.0, depth=0.0, fillColor=array([1., 1., 1.]), fillColorSpace='rgb', interpolate=True, lineColor=array([1., 1., 1.]), lineColorSpace='rgb', lineWidth=1, name='transfer_target_feedback', opacity=1.0, ori=array(45.), pos=array([0., 0.]), size=array([0.05, 0.05]), units='height', vertices=ndarray(...), win=Window(...), windingRule=None)
12.4735 	EXP 	Created transfer_fixation_feedback = Polygon(__class__=<class 'psychopy.visual.polygon.Polygon'>, autoDraw=False, autoLog=True, closeShape=True, color=method-wrapper(...), colorSpace=None, contrast=1.0, depth=-1.0, fillColor=array([1., 0., 0.]), fillColorSpace='rgb', fillRGB=array([1., 0., 0.]), interpolate=True, lineColor=array([1., 0., 0.]), lineColorSpace='rgb', lineRGB=array([1., 0., 0.]), lineWidth=1, name='transfer_fixation_feedback', opacity=1.0, ori=array(0.), pos=array([0., 0.]), size=array([0.025, 0.025]), units='height', vertices=ndarray(...), win=Window(...))
12.4834 	EXP 	Created done_text = TextStim(__class__=<class 'psychopy.visual.text.TextStim'>, alignHoriz=method-wrapper(...), alignText='center', alignVert=method-wrapper(...), anchorHoriz='center', anchorVert='center', antialias=True, autoLog=True, bold=False, color='white', colorSpace='named', contrast=1.0, depth=0.0, flipHoriz=False, flipVert=False, font='Arial', fontFiles=[], height=0.04, italic=False, languageStyle='LTR', name='done_text', opacity=1.0, ori=0, pos=array([0., 0.]), rgb=array([255., 255., 255.]), text=str(...), units='height', win=Window(...), wrapWidth=1)
12.4835 	EXP 	window1: mouseVisible = True
12.5175 	EXP 	Welcome: autoDraw = True
14.1161 	DATA 	Mouse: Left button down, pos=(809,629)
14.1202 	EXP 	Created sequence: random, trialTypes=1, nReps=2, seed=None
14.1210 	EXP 	New trial (rep=0, index=0): None
14.1318 	EXP 	Welcome: autoDraw = False
14.1318 	EXP 	text: autoDraw = True
14.2860 	DATA 	Mouse:  Left button up, pos=(809,629)
15.7973 	DATA 	Mouse: Left button down, pos=(809,629)
15.9055 	EXP 	Imported conditions_demo.xlsx as conditions, 4 conditions, 3 params
15.9060 	EXP 	Created sequence: random, trialTypes=4, nReps=1, seed=None
15.9065 	EXP 	New trial (rep=0, index=0): OrderedDict([('target_x', -0.3), ('target_y', 0.3), ('rotation', 0)])
15.9079 	EXP 	window1: mouseVisible = False
15.9168 	EXP 	text: autoDraw = False
15.9168 	EXP 	demo_target: pos = array([-0.3,  0.3])
15.9168 	EXP 	demo_fixation: pos = array([0., 0.])
15.9168 	EXP 	demo_fixation: opacity = 1
15.9168 	EXP 	demo_fixation: pos = [0, 0]
15.9168 	EXP 	demo_enclosing: autoDraw = True
15.9168 	EXP 	demo_target: autoDraw = True
15.9168 	EXP 	demo_fixation: autoDraw = True
15.9168 	EXP 	demo_fixation: opacity = 0
15.9172 	EXP 	window1: mouseVisible = False
15.9277 	EXP 	demo_fixation: opacity = 0
15.9281 	EXP 	window1: mouseVisible = False
15.9443 	EXP 	demo_fixation: opacity = 0
15.9447 	EXP 	window1: mouseVisible = False
15.9479 	DATA 	Mouse:  Left button up, pos=(809,629)
15.9609 	EXP 	demo_fixation: opacity = 0
15.9622 	EXP 	window1: mouseVisible = False
15.9784 	EXP 	demo_fixation: opacity = 1
15.9784 	EXP 	demo_fixation: pos = [0, 0]
15.9796 	EXP 	window1: mouseVisible = False
15.9951 	EXP 	demo_fixation: opacity = 1
15.9951 	EXP 	demo_fixation: pos = [0, 0]
15.9967 	EXP 	window1: mouseVisible = False
16.0120 	EXP 	demo_fixation: opacity = 1
16.0120 	EXP 	demo_fixation: pos = [0, 0]
16.0137 	EXP 	window1: mouseVisible = False
16.0285 	EXP 	demo_fixation: opacity = 1
16.0285 	EXP 	demo_fixation: pos = [0, 0]
16.0298 	EXP 	window1: mouseVisible = False
16.0453 	EXP 	demo_fixation: opacity = 1
16.0453 	EXP 	demo_fixation: pos = [0, 0]
16.0465 	EXP 	window1: mouseVisible = False
16.0618 	EXP 	demo_fixation: opacity = 1
16.0618 	EXP 	demo_fixation: pos = [0, 0]
16.0633 	EXP 	window1: mouseVisible = False
16.0783 	EXP 	demo_fixation: opacity = 1
16.0783 	EXP 	demo_fixation: pos = [0, 0]
16.0796 	EXP 	window1: mouseVisible = False
16.0952 	EXP 	demo_fixation: opacity = 1
16.0952 	EXP 	demo_fixation: pos = [0, 0]
16.0964 	EXP 	window1: mouseVisible = False
16.1119 	EXP 	demo_fixation: opacity = 1
16.1119 	EXP 	demo_fixation: pos = [0, 0]
16.1133 	EXP 	window1: mouseVisible = False
16.1283 	EXP 	demo_fixation: opacity = 1
16.1283 	EXP 	demo_fixation: pos = [0, 0]
16.1296 	EXP 	window1: mouseVisible = False
16.1451 	EXP 	demo_fixation: opacity = 1
16.1451 	EXP 	demo_fixation: pos = [0, 0]
16.1463 	EXP 	window1: mouseVisible = False
16.1618 	EXP 	demo_fixation: opacity = 1
16.1618 	EXP 	demo_fixation: pos = [0, 0]
16.1631 	EXP 	window1: mouseVisible = False
16.1784 	EXP 	demo_fixation: opacity = 1
16.1784 	EXP 	demo_fixation: pos = [0, 0]
16.1797 	EXP 	window1: mouseVisible = False
16.1949 	EXP 	demo_fixation: opacity = 1
16.1949 	EXP 	demo_fixation: pos = [0, 0]
16.1961 	EXP 	window1: mouseVisible = False
16.2117 	EXP 	demo_fixation: opacity = 1
16.2117 	EXP 	demo_fixation: pos = [0, 0]
16.2130 	EXP 	window1: mouseVisible = False
16.2283 	EXP 	demo_fixation: opacity = 1
16.2283 	EXP 	demo_fixation: pos = [0, 0]
16.2295 	EXP 	window1: mouseVisible = False
16.2449 	EXP 	demo_fixation: opacity = 1
16.2449 	EXP 	demo_fixation: pos = [0, 0]
16.2461 	EXP 	window1: mouseVisible = False
16.2617 	EXP 	demo_fixation: opacity = 1
16.2617 	EXP 	demo_fixation: pos = [0, 0]
16.2630 	EXP 	window1: mouseVisible = False
16.2782 	EXP 	demo_fixation: opacity = 1
16.2782 	EXP 	demo_fixation: pos = [0, 0]
16.2794 	EXP 	window1: mouseVisible = False
16.2950 	EXP 	demo_fixation: opacity = 1
16.2950 	EXP 	demo_fixation: pos = [0, 0]
16.2962 	EXP 	window1: mouseVisible = False
16.3117 	EXP 	demo_fixation: opacity = 1
16.3117 	EXP 	demo_fixation: pos = [0, 0]
16.3129 	EXP 	window1: mouseVisible = False
16.3283 	EXP 	demo_fixation: opacity = 1
16.3283 	EXP 	demo_fixation: pos = [0, 0]
16.3295 	EXP 	window1: mouseVisible = False
16.3449 	EXP 	demo_fixation: opacity = 1
16.3449 	EXP 	demo_fixation: pos = [0, 0]
16.3465 	EXP 	window1: mouseVisible = False
16.3614 	EXP 	demo_fixation: opacity = 1
16.3614 	EXP 	demo_fixation: pos = [0, 0]
16.3627 	EXP 	window1: mouseVisible = False
16.3782 	EXP 	demo_fixation: opacity = 1
16.3782 	EXP 	demo_fixation: pos = [0, 0]
16.3795 	EXP 	window1: mouseVisible = False
16.3947 	EXP 	demo_fixation: opacity = 1
16.3947 	EXP 	demo_fixation: pos = [0, 0]
16.3960 	EXP 	window1: mouseVisible = False
16.4114 	EXP 	demo_fixation: opacity = 1
16.4114 	EXP 	demo_fixation: pos = [0, 0]
16.4127 	EXP 	window1: mouseVisible = False
16.4282 	EXP 	demo_fixation: opacity = 1
16.4282 	EXP 	demo_fixation: pos = [0, 0]
16.4294 	EXP 	window1: mouseVisible = False
16.4447 	EXP 	demo_fixation: opacity = 1
16.4447 	EXP 	demo_fixation: pos = [0, 0]
16.4459 	EXP 	window1: mouseVisible = False
16.4616 	EXP 	demo_fixation: opacity = 1
16.4616 	EXP 	demo_fixation: pos = [0, 0]
16.4628 	EXP 	window1: mouseVisible = False
16.4781 	EXP 	demo_fixation: opacity = 1
16.4781 	EXP 	demo_fixation: pos = [0, 0]
16.4793 	EXP 	window1: mouseVisible = False
16.4947 	EXP 	demo_fixation: opacity = 1
16.4947 	EXP 	demo_fixation: pos = [0, 0]
16.4960 	EXP 	window1: mouseVisible = False
16.5114 	EXP 	demo_fixation: opacity = 1
16.5114 	EXP 	demo_fixation: pos = [0, 0]
16.5126 	EXP 	window1: mouseVisible = False
16.5280 	EXP 	demo_fixation: opacity = 1
16.5280 	EXP 	demo_fixation: pos = [0, 0]
16.5293 	EXP 	window1: mouseVisible = False
16.5446 	EXP 	demo_fixation: opacity = 1
16.5446 	EXP 	demo_fixation: pos = [0, 0]
16.5458 	EXP 	window1: mouseVisible = False
16.5613 	EXP 	demo_fixation: opacity = 1
16.5613 	EXP 	demo_fixation: pos = [0, 0]
16.5626 	EXP 	window1: mouseVisible = False
16.5779 	EXP 	demo_fixation: opacity = 1
16.5779 	EXP 	demo_fixation: pos = [0, 0]
16.5792 	EXP 	window1: mouseVisible = False
16.5947 	EXP 	demo_fixation: opacity = 1
16.5947 	EXP 	demo_fixation: pos = [0, 0]
16.5959 	EXP 	window1: mouseVisible = False
16.6115 	EXP 	demo_fixation: opacity = 1
16.6115 	EXP 	demo_fixation: pos = [0, 0]
16.6128 	EXP 	window1: mouseVisible = False
16.6279 	EXP 	demo_fixation: opacity = 1
16.6279 	EXP 	demo_fixation: pos = [0, 0]
16.6291 	EXP 	window1: mouseVisible = False
16.6445 	EXP 	demo_fixation: opacity = 1
16.6445 	EXP 	demo_fixation: pos = [0, 0]
16.6457 	EXP 	window1: mouseVisible = False
16.6613 	EXP 	demo_fixation: opacity = 1
16.6613 	EXP 	demo_fixation: pos = [0, 0]
16.6626 	EXP 	window1: mouseVisible = False
16.6780 	EXP 	demo_fixation: opacity = 1
16.6780 	EXP 	demo_fixation: pos = [0, 0]
16.6792 	EXP 	window1: mouseVisible = False
16.6946 	EXP 	demo_fixation: opacity = 1
16.6946 	EXP 	demo_fixation: pos = [0, 0]
16.6959 	EXP 	window1: mouseVisible = False
16.7113 	EXP 	demo_fixation: opacity = 1
16.7113 	EXP 	demo_fixation: pos = [0, 0]
16.7125 	EXP 	window1: mouseVisible = False
16.7279 	EXP 	demo_fixation: opacity = 1
16.7279 	EXP 	demo_fixation: pos = [0, 0]
16.7292 	EXP 	window1: mouseVisible = False
16.7445 	EXP 	demo_fixation: opacity = 1
16.7445 	EXP 	demo_fixation: pos = [0, 0]
16.7457 	EXP 	window1: mouseVisible = False
16.7612 	EXP 	demo_fixation: opacity = 1
16.7612 	EXP 	demo_fixation: pos = [0, 0]
16.7625 	EXP 	window1: mouseVisible = False
16.7779 	EXP 	demo_fixation: opacity = 1
16.7779 	EXP 	demo_fixation: pos = [0, 0]
16.7791 	EXP 	window1: mouseVisible = False
16.7944 	EXP 	demo_fixation: opacity = 1
16.7944 	EXP 	demo_fixation: pos = [0, 0]
16.7956 	EXP 	window1: mouseVisible = False
16.8112 	EXP 	demo_fixation: opacity = 1
16.8112 	EXP 	demo_fixation: pos = [0, 0]
16.8129 	EXP 	window1: mouseVisible = False
16.8278 	EXP 	demo_fixation: opacity = 1
16.8278 	EXP 	demo_fixation: pos = [0, 0]
16.8291 	EXP 	window1: mouseVisible = False
16.8444 	EXP 	demo_fixation: opacity = 1
16.8444 	EXP 	demo_fixation: pos = [0, 0]
16.8456 	EXP 	window1: mouseVisible = False
16.8611 	EXP 	demo_fixation: opacity = 1
16.8611 	EXP 	demo_fixation: pos = [0, 0]
16.8625 	EXP 	window1: mouseVisible = False
16.8776 	EXP 	demo_fixation: opacity = 1
16.8776 	EXP 	demo_fixation: pos = [0, 0]
16.8788 	EXP 	window1: mouseVisible = False
16.8944 	EXP 	demo_fixation: opacity = 1
16.8944 	EXP 	demo_fixation: pos = [0, 0]
16.8964 	EXP 	window1: mouseVisible = False
16.9109 	EXP 	demo_fixation: opacity = 1
16.9109 	EXP 	demo_fixation: pos = [0, 0]
16.9124 	EXP 	window1: mouseVisible = False
16.9277 	EXP 	demo_fixation: opacity = 1
16.9277 	EXP 	demo_fixation: pos = [0, 0]
16.9290 	EXP 	window1: mouseVisible = False
16.9445 	EXP 	demo_fixation: opacity = 1
16.9445 	EXP 	demo_fixation: pos = [0, 0]
16.9462 	EXP 	window1: mouseVisible = False
16.9615 	EXP 	demo_fixation: opacity = 1
16.9615 	EXP 	demo_fixation: pos = [0, 0]
16.9628 	EXP 	window1: mouseVisible = False
16.9775 	EXP 	demo_fixation: opacity = 1
16.9775 	EXP 	demo_fixation: pos = [0, 0]
16.9787 	EXP 	window1: mouseVisible = False
16.9943 	EXP 	demo_fixation: opacity = 1
16.9943 	EXP 	demo_fixation: pos = [0, 0]
16.9967 	DATA 	Mouse: Left button down, pos=(960,540)
16.9971 	EXP 	window1: mouseVisible = False
17.0108 	EXP 	demo_fixation: opacity = 0
17.0115 	EXP 	window1: mouseVisible = False
17.0276 	EXP 	demo_fixation: opacity = 0
17.0283 	EXP 	window1: mouseVisible = False
17.0443 	EXP 	demo_fixation: opacity = 0
17.0450 	EXP 	window1: mouseVisible = False
17.0610 	EXP 	demo_fixation: opacity = 0
17.0617 	EXP 	window1: mouseVisible = False
17.0779 	EXP 	demo_fixation: opacity = 0
17.0787 	EXP 	window1: mouseVisible = False
17.0942 	EXP 	demo_fixation: opacity = 0
17.0949 	EXP 	window1: mouseVisible = False
17.1110 	EXP 	demo_fixation: opacity = 0
17.1117 	EXP 	window1: mouseVisible = False
17.1276 	EXP 	demo_fixation: opacity = 0
17.1283 	EXP 	window1: mouseVisible = False
17.1442 	EXP 	demo_fixation: opacity = 0
17.1449 	EXP 	window1: mouseVisible = False
17.1608 	EXP 	demo_fixation: opacity = 0
17.1615 	EXP 	window1: mouseVisible = False
17.1774 	EXP 	demo_fixation: opacity = 0
17.1781 	EXP 	window1: mouseVisible = False
17.1940 	EXP 	demo_fixation: opacity = 0
17.1948 	EXP 	window1: mouseVisible = False
17.2108 	EXP 	demo_fixation: opacity = 0
17.2118 	EXP 	window1: mouseVisible = False
17.2275 	EXP 	demo_fixation: opacity = 0
17.2282 	EXP 	window1: mouseVisible = False
17.2439 	EXP 	demo_fixation: opacity = 0
17.2446 	EXP 	window1: mouseVisible = False
17.2608 	EXP 	demo_fixation: opacity = 0
17.2616 	EXP 	window1: mouseVisible = False
17.2775 	EXP 	demo_fixation: opacity = 0
17.2784 	EXP 	window1: mouseVisible = False
17.2941 	EXP 	demo_fixation: opacity = 0
17.2948 	EXP 	window1: mouseVisible = False
17.3105 	EXP 	demo_fixation: opacity = 0
17.3112 	EXP 	window1: mouseVisible = False
17.3272 	EXP 	demo_fixation: opacity = 0
17.3287 	EXP 	window1: mouseVisible = False
17.3440 	EXP 	demo_fixation: opacity = 0
17.3453 	EXP 	window1: mouseVisible = False
17.3607 	EXP 	demo_fixation: opacity = 0
17.3622 	EXP 	window1: mouseVisible = False
17.3771 	EXP 	demo_fixation: opacity = 0
17.3789 	EXP 	window1: mouseVisible = False
17.3939 	EXP 	demo_fixation: opacity = 0
17.3953 	EXP 	window1: mouseVisible = False
17.4106 	EXP 	demo_fixation: opacity = 0
17.4118 	EXP 	window1: mouseVisible = False
17.4275 	EXP 	demo_fixation: opacity = 0
17.4287 	EXP 	window1: mouseVisible = False
17.4439 	EXP 	demo_fixation: opacity = 0
17.4451 	EXP 	window1: mouseVisible = False
17.4605 	EXP 	demo_fixation: opacity = 0
17.4623 	EXP 	window1: mouseVisible = False
17.4774 	EXP 	demo_fixation: opacity = 0
17.4785 	EXP 	window1: mouseVisible = False
17.4941 	EXP 	demo_fixation: opacity = 0
17.4953 	EXP 	window1: mouseVisible = False
17.5107 	EXP 	demo_fixation: opacity = 0
17.5121 	EXP 	window1: mouseVisible = False
17.5272 	EXP 	demo_fixation: opacity = 0
17.5289 	EXP 	window1: mouseVisible = False
17.5439 	EXP 	demo_fixation: opacity = 0
17.5453 	EXP 	window1: mouseVisible = False
17.5605 	EXP 	demo_fixation: opacity = 0
17.5617 	EXP 	window1: mouseVisible = False
17.5770 	EXP 	demo_fixation: opacity = 0
17.5781 	EXP 	window1: mouseVisible = False
17.5940 	EXP 	demo_fixation: opacity = 0
17.5954 	EXP 	window1: mouseVisible = False
17.6103 	EXP 	demo_fixation: opacity = 0
17.6115 	EXP 	window1: mouseVisible = False
17.6272 	EXP 	demo_fixation: opacity = 0
17.6283 	EXP 	window1: mouseVisible = False
17.6436 	EXP 	demo_fixation: opacity = 0
17.6450 	EXP 	window1: mouseVisible = False
17.6605 	EXP 	demo_fixation: opacity = 0
17.6621 	EXP 	window1: mouseVisible = False
17.6773 	EXP 	demo_fixation: opacity = 0
17.6785 	EXP 	window1: mouseVisible = False
17.6936 	EXP 	demo_fixation: opacity = 0
17.6949 	EXP 	window1: mouseVisible = False
17.7102 	EXP 	demo_fixation: opacity = 0
17.7118 	EXP 	window1: mouseVisible = False
17.7270 	EXP 	demo_fixation: opacity = 0
17.7283 	EXP 	window1: mouseVisible = False
17.7437 	EXP 	demo_fixation: opacity = 0
17.7449 	EXP 	window1: mouseVisible = False
17.7688 	EXP 	demo_fixation: opacity = 0
17.7688 	EXP 	demo_fixation: pos = array([-0.325     ,  0.29722222])
17.7688 	EXP 	demo_fixation: opacity = 1
17.7688 	EXP 	demo_enclosing: autoDraw = False
17.7688 	EXP 	demo_target: autoDraw = False
17.7688 	EXP 	demo_fixation: autoDraw = False
17.7688 	EXP 	demo_fixation: opacity = 1
17.7688 	EXP 	demo_target_feedback: pos = array([-0.3,  0.3])
17.7688 	EXP 	demo_fixation_feedback: pos = array([-0.325     ,  0.29722222])
17.7688 	EXP 	demo_target_feedback: autoDraw = True
17.7688 	EXP 	demo_fixation_feedback: autoDraw = True
18.2629 	EXP 	New trial (rep=0, index=1): OrderedDict([('target_x', 0.3), ('target_y', 0.3), ('rotation', 0)])
18.2655 	EXP 	window1: mouseVisible = False
18.2780 	EXP 	demo_target_feedback: autoDraw = False
18.2780 	EXP 	demo_fixation_feedback: autoDraw = False
18.2780 	EXP 	demo_target: pos = array([0.3, 0.3])
18.2780 	EXP 	demo_fixation: pos = array([0., 0.])
18.2780 	EXP 	demo_fixation: opacity = 1
18.2780 	EXP 	demo_fixation: pos = [0, 0]
18.2780 	EXP 	demo_enclosing: autoDraw = True
18.2780 	EXP 	demo_target: autoDraw = True
18.2780 	EXP 	demo_fixation: autoDraw = True
18.2780 	EXP 	demo_fixation: opacity = 0
18.2789 	EXP 	window1: mouseVisible = False
18.2931 	EXP 	demo_fixation: opacity = 0
18.2939 	EXP 	window1: mouseVisible = False
18.3099 	EXP 	demo_fixation: opacity = 0
18.3113 	EXP 	window1: mouseVisible = False
18.3160 	DATA 	Mouse:  Left button up, pos=(541,918)
18.3263 	EXP 	demo_fixation: opacity = 0
18.3275 	EXP 	window1: mouseVisible = False
18.3430 	EXP 	demo_fixation: opacity = 1
18.3430 	EXP 	demo_fixation: pos = [0, 0]
18.3443 	EXP 	window1: mouseVisible = False
18.3597 	EXP 	demo_fixation: opacity = 1
18.3597 	EXP 	demo_fixation: pos = [0, 0]
18.3612 	EXP 	window1: mouseVisible = False
18.3762 	EXP 	demo_fixation: opacity = 1
18.3762 	EXP 	demo_fixation: pos = [0, 0]
18.3775 	EXP 	window1: mouseVisible = False
18.3928 	EXP 	demo_fixation: opacity = 1
18.3928 	EXP 	demo_fixation: pos = [0, 0]
18.3943 	EXP 	window1: mouseVisible = False
18.4097 	EXP 	demo_fixation: opacity = 1
18.4097 	EXP 	demo_fixation: pos = [0, 0]
18.4110 	EXP 	window1: mouseVisible = False
18.4263 	EXP 	demo_fixation: opacity = 1
18.4263 	EXP 	demo_fixation: pos = [0, 0]
18.4275 	EXP 	window1: mouseVisible = False
18.4429 	EXP 	demo_fixation: opacity = 1
18.4429 	EXP 	demo_fixation: pos = [0, 0]
18.4441 	EXP 	window1: mouseVisible = False
18.4597 	EXP 	demo_fixation: opacity = 1
18.4597 	EXP 	demo_fixation: pos = [0, 0]
18.4609 	EXP 	window1: mouseVisible = False
18.4763 	EXP 	demo_fixation: opacity = 1
18.4763 	EXP 	demo_fixation: pos = [0, 0]
18.4775 	EXP 	window1: mouseVisible = False
18.4930 	EXP 	demo_fixation: opacity = 1
18.4930 	EXP 	demo_fixation: pos = [0, 0]
18.4943 	EXP 	window1: mouseVisible = False
18.5095 	EXP 	demo_fixation: opacity = 1
18.5095 	EXP 	demo_fixation: pos = [0, 0]
18.5108 	EXP 	window1: mouseVisible = False
18.5261 	EXP 	demo_fixation: opacity = 1
18.5261 	EXP 	demo_fixation: pos = [0, 0]
18.5273 	EXP 	window1: mouseVisible = False
18.5429 	EXP 	demo_fixation: opacity = 1
18.5429 	EXP 	demo_fixation: pos = [0, 0]
18.5445 	EXP 	window1: mouseVisible = False
18.5596 	EXP 	demo_fixation: opacity = 1
18.5596 	EXP 	demo_fixation: pos = [0, 0]
18.5608 	EXP 	window1: mouseVisible = False
18.5762 	EXP 	demo_fixation: opacity = 1
18.5762 	EXP 	demo_fixation: pos = [0, 0]
18.5774 	EXP 	window1: mouseVisible = False
18.5927 	EXP 	demo_fixation: opacity = 1
18.5927 	EXP 	demo_fixation: pos = [0, 0]
18.5940 	EXP 	window1: mouseVisible = False
18.6098 	EXP 	demo_fixation: opacity = 1
18.6098 	EXP 	demo_fixation: pos = [0, 0]
18.6112 	EXP 	window1: mouseVisible = False
18.6261 	EXP 	demo_fixation: opacity = 1
18.6261 	EXP 	demo_fixation: pos = [0, 0]
18.6279 	EXP 	window1: mouseVisible = False
18.6428 	EXP 	demo_fixation: opacity = 1
18.6428 	EXP 	demo_fixation: pos = [0, 0]
18.6449 	EXP 	window1: mouseVisible = False
18.6594 	EXP 	demo_fixation: opacity = 1
18.6594 	EXP 	demo_fixation: pos = [0, 0]
18.6607 	EXP 	window1: mouseVisible = False
18.6761 	EXP 	demo_fixation: opacity = 1
18.6761 	EXP 	demo_fixation: pos = [0, 0]
18.6773 	EXP 	window1: mouseVisible = False
18.6927 	EXP 	demo_fixation: opacity = 1
18.6927 	EXP 	demo_fixation: pos = [0, 0]
18.6939 	EXP 	window1: mouseVisible = False
18.7094 	EXP 	demo_fixation: opacity = 1
18.7094 	EXP 	demo_fixation: pos = [0, 0]
18.7107 	EXP 	window1: mouseVisible = False
18.7260 	EXP 	demo_fixation: opacity = 1
18.7260 	EXP 	demo_fixation: pos = [0, 0]
18.7273 	EXP 	window1: mouseVisible = False
18.7428 	EXP 	demo_fixation: opacity = 1
18.7428 	EXP 	demo_fixation: pos = [0, 0]
18.7442 	EXP 	window1: mouseVisible = False
18.7592 	EXP 	demo_fixation: opacity = 1
18.7592 	EXP 	demo_fixation: pos = [0, 0]
18.7605 	EXP 	window1: mouseVisible = False
18.7759 	EXP 	demo_fixation: opacity = 1
18.7759 	EXP 	demo_fixation: pos = [0, 0]
18.7771 	EXP 	window1: mouseVisible = False
18.7928 	EXP 	demo_fixation: opacity = 1
18.7928 	EXP 	demo_fixation: pos = [0, 0]
18.7940 	EXP 	window1: mouseVisible = False
18.8092 	EXP 	demo_fixation: opacity = 1
18.8092 	EXP 	demo_fixation: pos = [0, 0]
18.8104 	EXP 	window1: mouseVisible = False
18.8259 	EXP 	demo_fixation: opacity = 1
18.8259 	EXP 	demo_fixation: pos = [0, 0]
18.8272 	EXP 	window1: mouseVisible = False
18.8426 	EXP 	demo_fixation: opacity = 1
18.8426 	EXP 	demo_fixation: pos = [0, 0]
18.8438 	EXP 	window1: mouseVisible = False
18.8591 	EXP 	demo_fixation: opacity = 1
18.8591 	EXP 	demo_fixation: pos = [0, 0]
18.8606 	EXP 	window1: mouseVisible = False
18.8758 	EXP 	demo_fixation: opacity = 1
18.8758 	EXP 	demo_fixation: pos = [0, 0]
18.8773 	EXP 	window1: mouseVisible = False
18.8925 	EXP 	demo_fixation: opacity = 1
18.8925 	EXP 	demo_fixation: pos = [0, 0]
18.8937 	EXP 	window1: mouseVisible = False
18.9092 	EXP 	demo_fixation: opacity = 1
18.9092 	EXP 	demo_fixation: pos = [0, 0]
18.9105 	EXP 	window1: mouseVisible = False
18.9259 	EXP 	demo_fixation: opacity = 1
18.9259 	EXP 	demo_fixation: pos = [0, 0]
18.9273 	EXP 	window1: mouseVisible = False
18.9423 	EXP 	demo_fixation: opacity = 1
18.9423 	EXP 	demo_fixation: pos = [0, 0]
18.9436 	EXP 	window1: mouseVisible = False
18.9591 	EXP 	demo_fixation: opacity = 1
18.9591 	EXP 	demo_fixation: pos = [0, 0]
18.9605 	EXP 	window1: mouseVisible = False
18.9759 	EXP 	demo_fixation: opacity = 1
18.9759 	EXP 	demo_fixation: pos = [0, 0]
18.9771 	EXP 	window1: mouseVisible = False
18.9923 	EXP 	demo_fixation: opacity = 1
18.9923 	EXP 	demo_fixation: pos = [0, 0]
18.9936 	EXP 	window1: mouseVisible = False
19.0091 	EXP 	demo_fixation: opacity = 1
19.0091 	EXP 	demo_fixation: pos = [0, 0]
19.0104 	EXP 	window1: mouseVisible = False
19.0258 	EXP 	demo_fixation: opacity = 1
19.0258 	EXP 	demo_fixation: pos = [0, 0]
19.0270 	EXP 	window1: mouseVisible = False
19.0425 	EXP 	demo_fixation: opacity = 1
19.0425 	EXP 	demo_fixation: pos = [0, 0]
19.0437 	EXP 	window1: mouseVisible = False
19.0589 	EXP 	demo_fixation: opacity = 1
19.0589 	EXP 	demo_fixation: pos = [0, 0]
19.0601 	EXP 	window1: mouseVisible = False
19.0757 	EXP 	demo_fixation: opacity = 1
19.0757 	EXP 	demo_fixation: pos = [0, 0]
19.0770 	EXP 	window1: mouseVisible = False
19.0924 	EXP 	demo_fixation: opacity = 1
19.0924 	EXP 	demo_fixation: pos = [0, 0]
19.0936 	EXP 	window1: mouseVisible = False
19.1090 	EXP 	demo_fixation: opacity = 1
19.1090 	EXP 	demo_fixation: pos = [0, 0]
19.1103 	EXP 	window1: mouseVisible = False
19.1256 	EXP 	demo_fixation: opacity = 1
19.1256 	EXP 	demo_fixation: pos = [0, 0]
19.1271 	EXP 	window1: mouseVisible = False
19.1424 	EXP 	demo_fixation: opacity = 1
19.1424 	EXP 	demo_fixation: pos = [0, 0]
19.1436 	EXP 	window1: mouseVisible = False
19.1590 	EXP 	demo_fixation: opacity = 1
19.1590 	EXP 	demo_fixation: pos = [0, 0]
19.1602 	EXP 	window1: mouseVisible = False
19.1756 	EXP 	demo_fixation: opacity = 1
19.1756 	EXP 	demo_fixation: pos = [0, 0]
19.1768 	EXP 	window1: mouseVisible = False
19.1923 	EXP 	demo_fixation: opacity = 1
19.1923 	EXP 	demo_fixation: pos = [0, 0]
19.1936 	EXP 	window1: mouseVisible = False
19.2092 	EXP 	demo_fixation: opacity = 1
19.2092 	EXP 	demo_fixation: pos = [0, 0]
19.2105 	EXP 	window1: mouseVisible = False
19.2256 	EXP 	demo_fixation: opacity = 1
19.2256 	EXP 	demo_fixation: pos = [0, 0]
19.2268 	EXP 	window1: mouseVisible = False
19.2423 	EXP 	demo_fixation: opacity = 1
19.2423 	EXP 	demo_fixation: pos = [0, 0]
19.2435 	EXP 	window1: mouseVisible = False
19.2588 	EXP 	demo_fixation: opacity = 1
19.2588 	EXP 	demo_fixation: pos = [0, 0]
19.2600 	EXP 	window1: mouseVisible = False
19.2763 	EXP 	demo_fixation: opacity = 1
19.2763 	EXP 	demo_fixation: pos = [0, 0]
19.2787 	EXP 	window1: mouseVisible = False
19.2920 	EXP 	demo_fixation: opacity = 1
19.2920 	EXP 	demo_fixation: pos = [0, 0]
19.2933 	EXP 	window1: mouseVisible = False
19.3088 	EXP 	demo_fixation: opacity = 1
19.3088 	EXP 	demo_fixation: pos = [0, 0]
19.3101 	EXP 	window1: mouseVisible = False
19.3255 	EXP 	demo_fixation: opacity = 1
19.3255 	EXP 	demo_fixation: pos = [0, 0]
19.3268 	EXP 	window1: mouseVisible = False
19.3419 	EXP 	demo_fixation: opacity = 1
19.3419 	EXP 	demo_fixation: pos = [0, 0]
19.3432 	EXP 	window1: mouseVisible = False
19.3588 	EXP 	demo_fixation: opacity = 1
19.3588 	EXP 	demo_fixation: pos = [0, 0]
19.3600 	EXP 	window1: mouseVisible = False
19.3753 	EXP 	demo_fixation: opacity = 1
19.3753 	EXP 	demo_fixation: pos = [0, 0]
19.3766 	EXP 	window1: mouseVisible = False
19.3921 	EXP 	demo_fixation: opacity = 1
19.3921 	EXP 	demo_fixation: pos = [0, 0]
19.3934 	EXP 	window1: mouseVisible = False
19.4087 	EXP 	demo_fixation: opacity = 1
19.4087 	EXP 	demo_fixation: pos = [0, 0]
19.4108 	EXP 	window1: mouseVisible = False
19.4253 	EXP 	demo_fixation: opacity = 1
19.4253 	EXP 	demo_fixation: pos = [0, 0]
19.4265 	EXP 	window1: mouseVisible = False
19.4421 	EXP 	demo_fixation: opacity = 1
19.4421 	EXP 	demo_fixation: pos = [0, 0]
19.4434 	EXP 	window1: mouseVisible = False
19.4586 	EXP 	demo_fixation: opacity = 1
19.4586 	EXP 	demo_fixation: pos = [0, 0]
19.4606 	EXP 	window1: mouseVisible = False
19.4622 	DATA 	Mouse: Left button down, pos=(960,540)
19.4757 	EXP 	demo_fixation: opacity = 0
19.4764 	EXP 	window1: mouseVisible = False
19.4920 	EXP 	demo_fixation: opacity = 0
19.4928 	EXP 	window1: mouseVisible = False
19.5084 	EXP 	demo_fixation: opacity = 0
19.5092 	EXP 	window1: mouseVisible = False
19.5252 	EXP 	demo_fixation: opacity = 0
19.5260 	EXP 	window1: mouseVisible = False
19.5419 	EXP 	demo_fixation: opacity = 0
19.5426 	EXP 	window1: mouseVisible = False
19.5587 	EXP 	demo_fixation: opacity = 0
19.5594 	EXP 	window1: mouseVisible = False
19.5752 	EXP 	demo_fixation: opacity = 0
19.5760 	EXP 	window1: mouseVisible = False
19.5919 	EXP 	demo_fixation: opacity = 0
19.5926 	EXP 	window1: mouseVisible = False
19.6084 	EXP 	demo_fixation: opacity = 0
19.6092 	EXP 	window1: mouseVisible = False
19.6255 	EXP 	demo_fixation: opacity = 0
19.6262 	EXP 	window1: mouseVisible = False
19.6418 	EXP 	demo_fixation: opacity = 0
19.6426 	EXP 	window1: mouseVisible = False
19.6583 	EXP 	demo_fixation: opacity = 0
19.6590 	EXP 	window1: mouseVisible = False
19.6750 	EXP 	demo_fixation: opacity = 0
19.6758 	EXP 	window1: mouseVisible = False
19.6920 	EXP 	demo_fixation: opacity = 0
19.6928 	EXP 	window1: mouseVisible = False
19.7085 	EXP 	demo_fixation: opacity = 0
19.7092 	EXP 	window1: mouseVisible = False
19.7252 	EXP 	demo_fixation: opacity = 0
19.7276 	EXP 	window1: mouseVisible = False
19.7417 	EXP 	demo_fixation: opacity = 0
19.7428 	EXP 	window1: mouseVisible = False
19.7584 	EXP 	demo_fixation: opacity = 0
19.7597 	EXP 	window1: mouseVisible = False
19.7752 	EXP 	demo_fixation: opacity = 0
19.7770 	EXP 	window1: mouseVisible = False
19.7917 	EXP 	demo_fixation: opacity = 0
19.7939 	EXP 	window1: mouseVisible = False
19.8084 	EXP 	demo_fixation: opacity = 0
19.8096 	EXP 	window1: mouseVisible = False
19.8249 	EXP 	demo_fixation: opacity = 0
19.8264 	EXP 	window1: mouseVisible = False
19.8417 	EXP 	demo_fixation: opacity = 0
19.8432 	EXP 	window1: mouseVisible = False
19.8582 	EXP 	demo_fixation: opacity = 0
19.8596 	EXP 	window1: mouseVisible = False
19.8756 	EXP 	demo_fixation: opacity = 0
19.8774 	EXP 	window1: mouseVisible = False
19.8914 	EXP 	demo_fixation: opacity = 0
19.8927 	EXP 	window1: mouseVisible = False
19.9081 	EXP 	demo_fixation: opacity = 0
19.9094 	EXP 	window1: mouseVisible = False
19.9249 	EXP 	demo_fixation: opacity = 0
19.9262 	EXP 	window1: mouseVisible = False
19.9416 	EXP 	demo_fixation: opacity = 0
19.9429 	EXP 	window1: mouseVisible = False
19.9583 	EXP 	demo_fixation: opacity = 0
19.9596 	EXP 	window1: mouseVisible = False
19.9747 	EXP 	demo_fixation: opacity = 0
19.9771 	EXP 	window1: mouseVisible = False
19.9915 	EXP 	demo_fixation: opacity = 0
19.9929 	EXP 	window1: mouseVisible = False
20.0083 	EXP 	demo_fixation: opacity = 0
20.0097 	EXP 	window1: mouseVisible = False
20.0249 	EXP 	demo_fixation: opacity = 0
20.0264 	EXP 	window1: mouseVisible = False
20.0414 	EXP 	demo_fixation: opacity = 0
20.0435 	EXP 	window1: mouseVisible = False
20.0581 	EXP 	demo_fixation: opacity = 0
20.0593 	EXP 	window1: mouseVisible = False
20.0747 	EXP 	demo_fixation: opacity = 0
20.0761 	EXP 	window1: mouseVisible = False
20.0915 	EXP 	demo_fixation: opacity = 0
20.0929 	EXP 	window1: mouseVisible = False
20.1082 	EXP 	demo_fixation: opacity = 0
20.1096 	EXP 	window1: mouseVisible = False
20.1246 	EXP 	demo_fixation: opacity = 0
20.1262 	EXP 	window1: mouseVisible = False
20.1414 	EXP 	demo_fixation: opacity = 0
20.1427 	EXP 	window1: mouseVisible = False
20.1578 	EXP 	demo_fixation: opacity = 0
20.1592 	EXP 	window1: mouseVisible = False
20.1747 	EXP 	demo_fixation: opacity = 0
20.1760 	EXP 	window1: mouseVisible = False
20.1954 	EXP 	demo_fixation: opacity = 0
20.1954 	EXP 	demo_fixation: pos = array([0.34166667, 0.28240741])
20.1954 	EXP 	demo_fixation: opacity = 1
20.1954 	EXP 	demo_enclosing: autoDraw = False
20.1954 	EXP 	demo_target: autoDraw = False
20.1954 	EXP 	demo_fixation: autoDraw = False
20.1954 	EXP 	demo_fixation: opacity = 1
20.1954 	EXP 	demo_target_feedback: pos = array([0.3, 0.3])
20.1954 	EXP 	demo_fixation_feedback: pos = array([0.34166667, 0.28240741])
20.1954 	EXP 	demo_target_feedback: autoDraw = True
20.1954 	EXP 	demo_fixation_feedback: autoDraw = True
20.5954 	DATA 	Mouse:  Left button up, pos=(1396,904)
20.6932 	EXP 	New trial (rep=0, index=2): OrderedDict([('target_x', 0.3), ('target_y', -0.3), ('rotation', 0)])
20.6961 	EXP 	window1: mouseVisible = False
20.7078 	EXP 	demo_target_feedback: autoDraw = False
20.7078 	EXP 	demo_fixation_feedback: autoDraw = False
20.7078 	EXP 	demo_target: pos = array([ 0.3, -0.3])
20.7078 	EXP 	demo_fixation: pos = array([0., 0.])
20.7078 	EXP 	demo_fixation: opacity = 1
20.7078 	EXP 	demo_fixation: pos = [0, 0]
20.7078 	EXP 	demo_enclosing: autoDraw = True
20.7078 	EXP 	demo_target: autoDraw = True
20.7078 	EXP 	demo_fixation: autoDraw = True
20.7078 	EXP 	demo_fixation: opacity = 1
20.7078 	EXP 	demo_fixation: pos = [0, 0]
20.7092 	EXP 	window1: mouseVisible = False
20.7241 	EXP 	demo_fixation: opacity = 1
20.7241 	EXP 	demo_fixation: pos = [0, 0]
20.7256 	EXP 	window1: mouseVisible = False
20.7407 	EXP 	demo_fixation: opacity = 1
20.7407 	EXP 	demo_fixation: pos = [0, 0]
20.7431 	EXP 	window1: mouseVisible = False
20.7574 	EXP 	demo_fixation: opacity = 1
20.7574 	EXP 	demo_fixation: pos = [0, 0]
20.7586 	EXP 	window1: mouseVisible = False
20.7741 	EXP 	demo_fixation: opacity = 1
20.7741 	EXP 	demo_fixation: pos = [0, 0]
20.7753 	EXP 	window1: mouseVisible = False
20.7907 	EXP 	demo_fixation: opacity = 1
20.7907 	EXP 	demo_fixation: pos = [0, 0]
20.7919 	EXP 	window1: mouseVisible = False
20.8073 	EXP 	demo_fixation: opacity = 1
20.8073 	EXP 	demo_fixation: pos = [0, 0]
20.8086 	EXP 	window1: mouseVisible = False
20.8239 	EXP 	demo_fixation: opacity = 1
20.8239 	EXP 	demo_fixation: pos = [0, 0]
20.8251 	EXP 	window1: mouseVisible = False
20.8407 	EXP 	demo_fixation: opacity = 1
20.8407 	EXP 	demo_fixation: pos = [0, 0]
20.8420 	EXP 	window1: mouseVisible = False
20.8573 	EXP 	demo_fixation: opacity = 1
20.8573 	EXP 	demo_fixation: pos = [0, 0]
20.8585 	EXP 	window1: mouseVisible = False
20.8740 	EXP 	demo_fixation: opacity = 1
20.8740 	EXP 	demo_fixation: pos = [0, 0]
20.8753 	EXP 	window1: mouseVisible = False
20.8908 	EXP 	demo_fixation: opacity = 1
20.8908 	EXP 	demo_fixation: pos = [0, 0]
20.8920 	EXP 	window1: mouseVisible = False
20.9073 	EXP 	demo_fixation: opacity = 1
20.9073 	EXP 	demo_fixation: pos = [0, 0]
20.9085 	EXP 	window1: mouseVisible = False
20.9238 	EXP 	demo_fixation: opacity = 1
20.9238 	EXP 	demo_fixation: pos = [0, 0]
20.9251 	EXP 	window1: mouseVisible = False
20.9412 	EXP 	demo_fixation: opacity = 1
20.9412 	EXP 	demo_fixation: pos = [0, 0]
20.9424 	EXP 	window1: mouseVisible = False
20.9573 	EXP 	demo_fixation: opacity = 1
20.9573 	EXP 	demo_fixation: pos = [0, 0]
20.9585 	EXP 	window1: mouseVisible = False
20.9737 	EXP 	demo_fixation: opacity = 1
20.9737 	EXP 	demo_fixation: pos = [0, 0]
20.9750 	EXP 	window1: mouseVisible = False
20.9906 	EXP 	demo_fixation: opacity = 1
20.9906 	EXP 	demo_fixation: pos = [0, 0]
20.9919 	EXP 	window1: mouseVisible = False
21.0072 	EXP 	demo_fixation: opacity = 1
21.0072 	EXP 	demo_fixation: pos = [0, 0]
21.0085 	EXP 	window1: mouseVisible = False
21.0239 	EXP 	demo_fixation: opacity = 1
21.0239 	EXP 	demo_fixation: pos = [0, 0]
21.0251 	EXP 	window1: mouseVisible = False
21.0405 	EXP 	demo_fixation: opacity = 1
21.0405 	EXP 	demo_fixation: pos = [0, 0]
21.0418 	EXP 	window1: mouseVisible = False
21.0573 	EXP 	demo_fixation: opacity = 1
21.0573 	EXP 	demo_fixation: pos = [0, 0]
21.0585 	EXP 	window1: mouseVisible = False
21.0738 	EXP 	demo_fixation: opacity = 1
21.0738 	EXP 	demo_fixation: pos = [0, 0]
21.0751 	EXP 	window1: mouseVisible = False
21.0904 	EXP 	demo_fixation: opacity = 1
21.0904 	EXP 	demo_fixation: pos = [0, 0]
21.0916 	EXP 	window1: mouseVisible = False
21.1069 	EXP 	demo_fixation: opacity = 1
21.1069 	EXP 	demo_fixation: pos = [0, 0]
21.1082 	EXP 	window1: mouseVisible = False
21.1237 	EXP 	demo_fixation: opacity = 1
21.1237 	EXP 	demo_fixation: pos = [0, 0]
21.1250 	EXP 	window1: mouseVisible = False
21.1404 	EXP 	demo_fixation: opacity = 1
21.1404 	EXP 	demo_fixation: pos = [0, 0]
21.1421 	EXP 	window1: mouseVisible = False
21.1571 	EXP 	demo_fixation: opacity = 1
21.1571 	EXP 	demo_fixation: pos = [0, 0]
21.1589 	EXP 	window1: mouseVisible = False
21.1737 	EXP 	demo_fixation: opacity = 1
21.1737 	EXP 	demo_fixation: pos = [0, 0]
21.1749 	EXP 	window1: mouseVisible = False
21.1905 	EXP 	demo_fixation: opacity = 1
21.1905 	EXP 	demo_fixation: pos = [0, 0]
21.1917 	EXP 	window1: mouseVisible = False
21.2071 	EXP 	demo_fixation: opacity = 1
21.2071 	EXP 	demo_fixation: pos = [0, 0]
21.2086 	EXP 	window1: mouseVisible = False
21.2235 	EXP 	demo_fixation: opacity = 1
21.2235 	EXP 	demo_fixation: pos = [0, 0]
21.2247 	EXP 	window1: mouseVisible = False
21.2403 	EXP 	demo_fixation: opacity = 1
21.2403 	EXP 	demo_fixation: pos = [0, 0]
21.2416 	EXP 	window1: mouseVisible = False
21.2569 	EXP 	demo_fixation: opacity = 1
21.2569 	EXP 	demo_fixation: pos = [0, 0]
21.2582 	EXP 	window1: mouseVisible = False
21.2737 	EXP 	demo_fixation: opacity = 1
21.2737 	EXP 	demo_fixation: pos = [0, 0]
21.2749 	EXP 	window1: mouseVisible = False
21.2902 	EXP 	demo_fixation: opacity = 1
21.2902 	EXP 	demo_fixation: pos = [0, 0]
21.2914 	EXP 	window1: mouseVisible = False
21.3070 	EXP 	demo_fixation: opacity = 1
21.3070 	EXP 	demo_fixation: pos = [0, 0]
21.3082 	EXP 	window1: mouseVisible = False
21.3234 	EXP 	demo_fixation: opacity = 1
21.3234 	EXP 	demo_fixation: pos = [0, 0]
21.3246 	EXP 	window1: mouseVisible = False
21.3403 	EXP 	demo_fixation: opacity = 1
21.3403 	EXP 	demo_fixation: pos = [0, 0]
21.3415 	EXP 	window1: mouseVisible = False
21.3569 	EXP 	demo_fixation: opacity = 1
21.3569 	EXP 	demo_fixation: pos = [0, 0]
21.3582 	EXP 	window1: mouseVisible = False
21.3736 	EXP 	demo_fixation: opacity = 1
21.3736 	EXP 	demo_fixation: pos = [0, 0]
21.3748 	EXP 	window1: mouseVisible = False
21.3903 	EXP 	demo_fixation: opacity = 1
21.3903 	EXP 	demo_fixation: pos = [0, 0]
21.3915 	EXP 	window1: mouseVisible = False
21.4068 	EXP 	demo_fixation: opacity = 1
21.4068 	EXP 	demo_fixation: pos = [0, 0]
21.4080 	EXP 	window1: mouseVisible = False
21.4235 	EXP 	demo_fixation: opacity = 1
21.4235 	EXP 	demo_fixation: pos = [0, 0]
21.4247 	EXP 	window1: mouseVisible = False
21.4401 	EXP 	demo_fixation: opacity = 1
21.4401 	EXP 	demo_fixation: pos = [0, 0]
21.4417 	EXP 	window1: mouseVisible = False
21.4568 	EXP 	demo_fixation: opacity = 1
21.4568 	EXP 	demo_fixation: pos = [0, 0]
21.4580 	EXP 	window1: mouseVisible = False
21.4733 	EXP 	demo_fixation: opacity = 1
21.4733 	EXP 	demo_fixation: pos = [0, 0]
21.4745 	EXP 	window1: mouseVisible = False
21.4901 	EXP 	demo_fixation: opacity = 1
21.4901 	EXP 	demo_fixation: pos = [0, 0]
21.4913 	EXP 	window1: mouseVisible = False
21.5068 	EXP 	demo_fixation: opacity = 1
21.5068 	EXP 	demo_fixation: pos = [0, 0]
21.5081 	EXP 	window1: mouseVisible = False
21.5233 	EXP 	demo_fixation: opacity = 1
21.5233 	EXP 	demo_fixation: pos = [0, 0]
21.5246 	EXP 	window1: mouseVisible = False
21.5401 	EXP 	demo_fixation: opacity = 1
21.5401 	EXP 	demo_fixation: pos = [0, 0]
21.5414 	EXP 	window1: mouseVisible = False
21.5566 	EXP 	demo_fixation: opacity = 1
21.5566 	EXP 	demo_fixation: pos = [0, 0]
21.5579 	EXP 	window1: mouseVisible = False
21.5734 	EXP 	demo_fixation: opacity = 1
21.5734 	EXP 	demo_fixation: pos = [0, 0]
21.5746 	EXP 	window1: mouseVisible = False
21.5900 	EXP 	demo_fixation: opacity = 1
21.5900 	EXP 	demo_fixation: pos = [0, 0]
21.5915 	EXP 	window1: mouseVisible = False
21.6066 	EXP 	demo_fixation: opacity = 1
21.6066 	EXP 	demo_fixation: pos = [0, 0]
21.6078 	EXP 	window1: mouseVisible = False
21.6236 	EXP 	demo_fixation: opacity = 1
21.6236 	EXP 	demo_fixation: pos = [0, 0]
21.6248 	EXP 	window1: mouseVisible = False
21.6399 	EXP 	demo_fixation: opacity = 1
21.6399 	EXP 	demo_fixation: pos = [0, 0]
21.6412 	EXP 	window1: mouseVisible = False
21.6565 	EXP 	demo_fixation: opacity = 1
21.6565 	EXP 	demo_fixation: pos = [0, 0]
21.6577 	EXP 	window1: mouseVisible = False
21.6733 	EXP 	demo_fixation: opacity = 1
21.6733 	EXP 	demo_fixation: pos = [0, 0]
21.6745 	EXP 	window1: mouseVisible = False
21.6899 	EXP 	demo_fixation: opacity = 1
21.6899 	EXP 	demo_fixation: pos = [0, 0]
21.6912 	EXP 	window1: mouseVisible = False
21.7066 	EXP 	demo_fixation: opacity = 1
21.7066 	EXP 	demo_fixation: pos = [0, 0]
21.7078 	EXP 	window1: mouseVisible = False
21.7233 	EXP 	demo_fixation: opacity = 1
21.7233 	EXP 	demo_fixation: pos = [0, 0]
21.7245 	EXP 	window1: mouseVisible = False
21.7399 	EXP 	demo_fixation: opacity = 1
21.7399 	EXP 	demo_fixation: pos = [0, 0]
21.7411 	EXP 	window1: mouseVisible = False
21.7564 	EXP 	demo_fixation: opacity = 1
21.7564 	EXP 	demo_fixation: pos = [0, 0]
21.7576 	EXP 	window1: mouseVisible = False
21.7732 	EXP 	demo_fixation: opacity = 1
21.7732 	EXP 	demo_fixation: pos = [0, 0]
21.7745 	EXP 	window1: mouseVisible = False
21.7898 	EXP 	demo_fixation: opacity = 1
21.7898 	EXP 	demo_fixation: pos = [0, 0]
21.7910 	EXP 	window1: mouseVisible = False
21.8066 	EXP 	demo_fixation: opacity = 1
21.8066 	EXP 	demo_fixation: pos = [0, 0]
21.8079 	EXP 	window1: mouseVisible = False
21.8230 	EXP 	demo_fixation: opacity = 1
21.8230 	EXP 	demo_fixation: pos = [0, 0]
21.8242 	EXP 	window1: mouseVisible = False
21.8396 	EXP 	demo_fixation: opacity = 1
21.8396 	EXP 	demo_fixation: pos = [0, 0]
21.8408 	EXP 	window1: mouseVisible = False
21.8565 	EXP 	demo_fixation: opacity = 1
21.8565 	EXP 	demo_fixation: pos = [0, 0]
21.8577 	EXP 	window1: mouseVisible = False
21.8730 	EXP 	demo_fixation: opacity = 1
21.8730 	EXP 	demo_fixation: pos = [0, 0]
21.8743 	EXP 	window1: mouseVisible = False
21.8897 	EXP 	demo_fixation: opacity = 1
21.8897 	EXP 	demo_fixation: pos = [0, 0]
21.8910 	EXP 	window1: mouseVisible = False
21.9064 	EXP 	demo_fixation: opacity = 1
21.9064 	EXP 	demo_fixation: pos = [0, 0]
21.9076 	EXP 	window1: mouseVisible = False
21.9229 	EXP 	demo_fixation: opacity = 1
21.9229 	EXP 	demo_fixation: pos = [0, 0]
21.9241 	EXP 	window1: mouseVisible = False
21.9395 	EXP 	demo_fixation: opacity = 1
21.9395 	EXP 	demo_fixation: pos = [0, 0]
21.9407 	EXP 	window1: mouseVisible = False
21.9564 	EXP 	demo_fixation: opacity = 1
21.9564 	EXP 	demo_fixation: pos = [0, 0]
21.9576 	EXP 	window1: mouseVisible = False
21.9728 	EXP 	demo_fixation: opacity = 1
21.9728 	EXP 	demo_fixation: pos = [0, 0]
21.9741 	EXP 	window1: mouseVisible = False
21.9895 	EXP 	demo_fixation: opacity = 1
21.9895 	EXP 	demo_fixation: pos = [0, 0]
21.9910 	EXP 	window1: mouseVisible = False
22.0061 	EXP 	demo_fixation: opacity = 1
22.0061 	EXP 	demo_fixation: pos = [0, 0]
22.0073 	EXP 	window1: mouseVisible = False
22.0230 	EXP 	demo_fixation: opacity = 1
22.0230 	EXP 	demo_fixation: pos = [0, 0]
22.0242 	EXP 	window1: mouseVisible = False
22.0394 	EXP 	demo_fixation: opacity = 1
22.0394 	EXP 	demo_fixation: pos = [0, 0]
22.0406 	EXP 	window1: mouseVisible = False
22.0561 	EXP 	demo_fixation: opacity = 1
22.0561 	EXP 	demo_fixation: pos = [0, 0]
22.0574 	EXP 	window1: mouseVisible = False
22.0729 	EXP 	demo_fixation: opacity = 1
22.0729 	EXP 	demo_fixation: pos = [0, 0]
22.0742 	EXP 	window1: mouseVisible = False
22.0894 	EXP 	demo_fixation: opacity = 1
22.0894 	EXP 	demo_fixation: pos = [0, 0]
22.0906 	EXP 	window1: mouseVisible = False
22.1059 	EXP 	demo_fixation: opacity = 1
22.1059 	EXP 	demo_fixation: pos = [0, 0]
22.1072 	EXP 	window1: mouseVisible = False
22.1229 	EXP 	demo_fixation: opacity = 1
22.1229 	EXP 	demo_fixation: pos = [0, 0]
22.1241 	EXP 	window1: mouseVisible = False
22.1394 	EXP 	demo_fixation: opacity = 1
22.1394 	EXP 	demo_fixation: pos = [0, 0]
22.1416 	EXP 	window1: mouseVisible = False
22.1561 	EXP 	demo_fixation: opacity = 1
22.1561 	EXP 	demo_fixation: pos = [0, 0]
22.1574 	EXP 	window1: mouseVisible = False
22.1727 	EXP 	demo_fixation: opacity = 1
22.1727 	EXP 	demo_fixation: pos = [0, 0]
22.1739 	EXP 	window1: mouseVisible = False
22.1892 	EXP 	demo_fixation: opacity = 1
22.1892 	EXP 	demo_fixation: pos = [0, 0]
22.1904 	EXP 	window1: mouseVisible = False
22.2060 	EXP 	demo_fixation: opacity = 1
22.2060 	EXP 	demo_fixation: pos = [0, 0]
22.2072 	EXP 	window1: mouseVisible = False
22.2227 	EXP 	demo_fixation: opacity = 1
22.2227 	EXP 	demo_fixation: pos = [0, 0]
22.2240 	EXP 	window1: mouseVisible = False
22.2395 	EXP 	demo_fixation: opacity = 1
22.2395 	EXP 	demo_fixation: pos = [0, 0]
22.2407 	EXP 	window1: mouseVisible = False
22.2561 	EXP 	demo_fixation: opacity = 1
22.2561 	EXP 	demo_fixation: pos = [0, 0]
22.2573 	EXP 	window1: mouseVisible = False
22.2727 	EXP 	demo_fixation: opacity = 1
22.2727 	EXP 	demo_fixation: pos = [0, 0]
22.2740 	EXP 	window1: mouseVisible = False
22.2894 	EXP 	demo_fixation: opacity = 1
22.2894 	EXP 	demo_fixation: pos = [0, 0]
22.2907 	EXP 	window1: mouseVisible = False
22.3059 	EXP 	demo_fixation: opacity = 1
22.3059 	EXP 	demo_fixation: pos = [0, 0]
22.3072 	EXP 	window1: mouseVisible = False
22.3224 	EXP 	demo_fixation: opacity = 1
22.3224 	EXP 	demo_fixation: pos = [0, 0]
22.3237 	EXP 	window1: mouseVisible = False
22.3393 	EXP 	demo_fixation: opacity = 1
22.3393 	EXP 	demo_fixation: pos = [0, 0]
22.3406 	EXP 	window1: mouseVisible = False
22.3558 	EXP 	demo_fixation: opacity = 1
22.3558 	EXP 	demo_fixation: pos = [0, 0]
22.3571 	EXP 	window1: mouseVisible = False
22.3726 	EXP 	demo_fixation: opacity = 1
22.3726 	EXP 	demo_fixation: pos = [0, 0]
22.3741 	EXP 	window1: mouseVisible = False
22.3892 	EXP 	demo_fixation: opacity = 1
22.3892 	EXP 	demo_fixation: pos = [0, 0]
22.3905 	EXP 	window1: mouseVisible = False
22.4059 	EXP 	demo_fixation: opacity = 1
22.4059 	EXP 	demo_fixation: pos = [0, 0]
22.4072 	EXP 	window1: mouseVisible = False
22.4224 	EXP 	demo_fixation: opacity = 1
22.4224 	EXP 	demo_fixation: pos = [0, 0]
22.4237 	EXP 	window1: mouseVisible = False
22.4392 	EXP 	demo_fixation: opacity = 1
22.4392 	EXP 	demo_fixation: pos = [0, 0]
22.4407 	EXP 	window1: mouseVisible = False
22.4559 	EXP 	demo_fixation: opacity = 1
22.4559 	EXP 	demo_fixation: pos = [0, 0]
22.4572 	EXP 	window1: mouseVisible = False
22.4723 	EXP 	demo_fixation: opacity = 1
22.4723 	EXP 	demo_fixation: pos = [0, 0]
22.4735 	EXP 	window1: mouseVisible = False
22.4891 	EXP 	demo_fixation: opacity = 1
22.4891 	EXP 	demo_fixation: pos = [0, 0]
22.4904 	EXP 	window1: mouseVisible = False
22.5058 	EXP 	demo_fixation: opacity = 1
22.5058 	EXP 	demo_fixation: pos = [0, 0]
22.5070 	EXP 	window1: mouseVisible = False
22.5225 	EXP 	demo_fixation: opacity = 1
22.5225 	EXP 	demo_fixation: pos = [0, 0]
22.5237 	EXP 	window1: mouseVisible = False
22.5391 	EXP 	demo_fixation: opacity = 1
22.5391 	EXP 	demo_fixation: pos = [0, 0]
22.5404 	EXP 	window1: mouseVisible = False
22.5557 	EXP 	demo_fixation: opacity = 1
22.5557 	EXP 	demo_fixation: pos = [0, 0]
22.5570 	EXP 	window1: mouseVisible = False
22.5723 	EXP 	demo_fixation: opacity = 1
22.5723 	EXP 	demo_fixation: pos = [0, 0]
22.5735 	EXP 	window1: mouseVisible = False
22.5889 	EXP 	demo_fixation: opacity = 1
22.5889 	EXP 	demo_fixation: pos = [0, 0]
22.5902 	EXP 	window1: mouseVisible = False
22.6057 	EXP 	demo_fixation: opacity = 1
22.6057 	EXP 	demo_fixation: pos = [0, 0]
22.6070 	EXP 	window1: mouseVisible = False
22.6224 	EXP 	demo_fixation: opacity = 1
22.6224 	EXP 	demo_fixation: pos = [0, 0]
22.6236 	EXP 	window1: mouseVisible = False
22.6388 	EXP 	demo_fixation: opacity = 1
22.6388 	EXP 	demo_fixation: pos = [0, 0]
22.6406 	EXP 	window1: mouseVisible = False
22.6557 	EXP 	demo_fixation: opacity = 1
22.6557 	EXP 	demo_fixation: pos = [0, 0]
22.6569 	EXP 	window1: mouseVisible = False
22.6723 	EXP 	demo_fixation: opacity = 1
22.6723 	EXP 	demo_fixation: pos = [0, 0]
22.6736 	EXP 	window1: mouseVisible = False
22.6889 	EXP 	demo_fixation: opacity = 1
22.6889 	EXP 	demo_fixation: pos = [0, 0]
22.6902 	EXP 	window1: mouseVisible = False
22.7056 	EXP 	demo_fixation: opacity = 1
22.7056 	EXP 	demo_fixation: pos = [0, 0]
22.7068 	EXP 	window1: mouseVisible = False
22.7223 	EXP 	demo_fixation: opacity = 1
22.7223 	EXP 	demo_fixation: pos = [0, 0]
22.7236 	EXP 	window1: mouseVisible = False
22.7388 	EXP 	demo_fixation: opacity = 1
22.7388 	EXP 	demo_fixation: pos = [0, 0]
22.7400 	EXP 	window1: mouseVisible = False
22.7556 	EXP 	demo_fixation: opacity = 1
22.7556 	EXP 	demo_fixation: pos = [0, 0]
22.7568 	EXP 	window1: mouseVisible = False
22.7721 	EXP 	demo_fixation: opacity = 1
22.7721 	EXP 	demo_fixation: pos = [0, 0]
22.7734 	EXP 	window1: mouseVisible = False
22.7888 	EXP 	demo_fixation: opacity = 1
22.7888 	EXP 	demo_fixation: pos = [0, 0]
22.7901 	EXP 	window1: mouseVisible = False
22.8055 	EXP 	demo_fixation: opacity = 1
22.8055 	EXP 	demo_fixation: pos = [0, 0]
22.8067 	EXP 	window1: mouseVisible = False
22.8220 	EXP 	demo_fixation: opacity = 1
22.8220 	EXP 	demo_fixation: pos = [0, 0]
22.8233 	EXP 	window1: mouseVisible = False
22.8387 	EXP 	demo_fixation: opacity = 1
22.8387 	EXP 	demo_fixation: pos = [0, 0]
22.8400 	EXP 	window1: mouseVisible = False
22.8555 	EXP 	demo_fixation: opacity = 1
22.8555 	EXP 	demo_fixation: pos = [0, 0]
22.8567 	EXP 	window1: mouseVisible = False
22.8721 	EXP 	demo_fixation: opacity = 1
22.8721 	EXP 	demo_fixation: pos = [0, 0]
22.8735 	EXP 	window1: mouseVisible = False
22.8888 	EXP 	demo_fixation: opacity = 1
22.8888 	EXP 	demo_fixation: pos = [0, 0]
22.8901 	EXP 	window1: mouseVisible = False
22.9055 	EXP 	demo_fixation: opacity = 1
22.9055 	EXP 	demo_fixation: pos = [0, 0]
22.9069 	EXP 	window1: mouseVisible = False
22.9221 	EXP 	demo_fixation: opacity = 1
22.9221 	EXP 	demo_fixation: pos = [0, 0]
22.9235 	EXP 	window1: mouseVisible = False
22.9386 	EXP 	demo_fixation: opacity = 1
22.9386 	EXP 	demo_fixation: pos = [0, 0]
22.9403 	EXP 	window1: mouseVisible = False
22.9554 	EXP 	demo_fixation: opacity = 1
22.9554 	EXP 	demo_fixation: pos = [0, 0]
22.9566 	EXP 	window1: mouseVisible = False
22.9718 	EXP 	demo_fixation: opacity = 1
22.9718 	EXP 	demo_fixation: pos = [0, 0]
22.9731 	EXP 	window1: mouseVisible = False
22.9887 	EXP 	demo_fixation: opacity = 1
22.9887 	EXP 	demo_fixation: pos = [0, 0]
22.9899 	EXP 	window1: mouseVisible = False
23.0053 	EXP 	demo_fixation: opacity = 1
23.0053 	EXP 	demo_fixation: pos = [0, 0]
23.0066 	EXP 	window1: mouseVisible = False
23.0220 	EXP 	demo_fixation: opacity = 1
23.0220 	EXP 	demo_fixation: pos = [0, 0]
23.0233 	EXP 	window1: mouseVisible = False
23.0387 	EXP 	demo_fixation: opacity = 1
23.0387 	EXP 	demo_fixation: pos = [0, 0]
23.0400 	EXP 	window1: mouseVisible = False
23.0553 	EXP 	demo_fixation: opacity = 1
23.0553 	EXP 	demo_fixation: pos = [0, 0]
23.0566 	EXP 	window1: mouseVisible = False
23.0719 	EXP 	demo_fixation: opacity = 1
23.0719 	EXP 	demo_fixation: pos = [0, 0]
23.0732 	EXP 	window1: mouseVisible = False
23.0886 	EXP 	demo_fixation: opacity = 1
23.0886 	EXP 	demo_fixation: pos = [0, 0]
23.0899 	EXP 	window1: mouseVisible = False
23.1053 	EXP 	demo_fixation: opacity = 1
23.1053 	EXP 	demo_fixation: pos = [0, 0]
23.1065 	EXP 	window1: mouseVisible = False
23.1219 	EXP 	demo_fixation: opacity = 1
23.1219 	EXP 	demo_fixation: pos = [0, 0]
23.1233 	EXP 	window1: mouseVisible = False
23.1383 	EXP 	demo_fixation: opacity = 1
23.1383 	EXP 	demo_fixation: pos = [0, 0]
23.1395 	EXP 	window1: mouseVisible = False
23.1552 	EXP 	demo_fixation: opacity = 1
23.1552 	EXP 	demo_fixation: pos = [0, 0]
23.1565 	EXP 	window1: mouseVisible = False
23.1716 	EXP 	demo_fixation: opacity = 1
23.1716 	EXP 	demo_fixation: pos = [0, 0]
23.1729 	EXP 	window1: mouseVisible = False
23.1883 	EXP 	demo_fixation: opacity = 1
23.1883 	EXP 	demo_fixation: pos = [0, 0]
23.1898 	EXP 	window1: mouseVisible = False
23.2052 	EXP 	demo_fixation: opacity = 1
23.2052 	EXP 	demo_fixation: pos = [0, 0]
23.2064 	EXP 	window1: mouseVisible = False
23.2216 	EXP 	demo_fixation: opacity = 1
23.2216 	EXP 	demo_fixation: pos = [0, 0]
23.2228 	EXP 	window1: mouseVisible = False
23.2384 	EXP 	demo_fixation: opacity = 1
23.2384 	EXP 	demo_fixation: pos = [0, 0]
23.2397 	EXP 	window1: mouseVisible = False
23.2551 	EXP 	demo_fixation: opacity = 1
23.2551 	EXP 	demo_fixation: pos = [0, 0]
23.2564 	EXP 	window1: mouseVisible = False
23.2613 	DATA 	Keypress: escape
23.2716 	EXP 	demo_fixation: opacity = 1
23.2716 	EXP 	demo_fixation: pos = [0, 0]
23.2729 	EXP 	window1: mouseVisible = False
23.2884 	EXP 	demo_fixation: opacity = 1
23.2884 	EXP 	demo_fixation: pos = [0, 0]
23.2896 	EXP 	window1: mouseVisible = False
23.3050 	EXP 	demo_fixation: opacity = 1
23.3050 	EXP 	demo_fixation: pos = [0, 0]
23.3063 	EXP 	window1: mouseVisible = False
23.3217 	EXP 	demo_fixation: opacity = 1
23.3217 	EXP 	demo_fixation: pos = [0, 0]
23.3229 	EXP 	window1: mouseVisible = False
23.3384 	EXP 	demo_fixation: opacity = 1
23.3384 	EXP 	demo_fixation: pos = [0, 0]
23.3397 	EXP 	window1: mouseVisible = False
23.3550 	EXP 	demo_fixation: opacity = 1
23.3550 	EXP 	demo_fixation: pos = [0, 0]
23.3562 	EXP 	window1: mouseVisible = False
23.3716 	EXP 	demo_fixation: opacity = 1
23.3716 	EXP 	demo_fixation: pos = [0, 0]
23.3729 	EXP 	window1: mouseVisible = False
23.3883 	EXP 	demo_fixation: opacity = 1
23.3883 	EXP 	demo_fixation: pos = [0, 0]
23.3896 	EXP 	window1: mouseVisible = False
23.4050 	EXP 	demo_fixation: opacity = 1
23.4050 	EXP 	demo_fixation: pos = [0, 0]
23.4062 	EXP 	window1: mouseVisible = False
23.4216 	EXP 	demo_fixation: opacity = 1
23.4216 	EXP 	demo_fixation: pos = [0, 0]
23.4228 	EXP 	window1: mouseVisible = False
23.4381 	EXP 	demo_fixation: opacity = 1
23.4381 	EXP 	demo_fixation: pos = [0, 0]
23.4393 	EXP 	window1: mouseVisible = False
23.4550 	EXP 	demo_fixation: opacity = 1
23.4550 	EXP 	demo_fixation: pos = [0, 0]
23.4567 	EXP 	window1: mouseVisible = False
23.4715 	EXP 	demo_fixation: opacity = 1
23.4715 	EXP 	demo_fixation: pos = [0, 0]
23.4740 	EXP 	window1: mouseVisible = False
23.6218 	EXP 	window1: mouseVisible = True
